000 (19534015.000.000) 2026-06-02 15:51:37 Job submitted from host: <10.128.10.103:9618?addrs=10.128.10.103-9618&alias=npx-submitter.icecube.wisc.edu&noUDP&sock=schedd_2449_6386>
    DAG Node: Drootprod_20200310_17789
...
001 (19534015.000.000) 2026-06-02 16:25:43 Job executing on host: <10.128.10.206:37305?addrs=10.128.10.206-37305&alias=sm-storage-1.icecube.wisc.edu>
	SlotName: slot1_14@sm-storage-1.icecube.wisc.edu
	admin_mutex_1 = 0
	admin_mutex_2 = 0
	admin_mutex_3 = 0
	CondorScratchDir = "/scratch/condor/dir_3786138"
	Cpus = 1
	Disk = 3072
	GPUs = 0
	machine_token = 0
	Memory = 6016
...
006 (19534015.000.000) 2026-06-02 16:25:56 Image size of job updated: 118852
	117  -  MemoryUsage of job (MB)
	118852  -  ResidentSetSize of job (KB)
...
006 (19534015.000.000) 2026-06-02 16:30:56 Image size of job updated: 143008
	140  -  MemoryUsage of job (MB)
	143008  -  ResidentSetSize of job (KB)
...
006 (19534015.000.000) 2026-06-02 16:35:56 Image size of job updated: 164568
	161  -  MemoryUsage of job (MB)
	164568  -  ResidentSetSize of job (KB)
...
006 (19534015.000.000) 2026-06-02 16:40:57 Image size of job updated: 297644
	291  -  MemoryUsage of job (MB)
	297644  -  ResidentSetSize of job (KB)
...
006 (19534015.000.000) 2026-06-02 16:42:49 Image size of job updated: 304808
	291  -  MemoryUsage of job (MB)
	297644  -  ResidentSetSize of job (KB)
...
005 (19534015.000.000) 2026-06-02 16:42:49 Job terminated.
	(1) Normal termination (return value 0)
		Usr 0 00:16:08, Sys 0 00:00:06  -  Run Remote Usage
		Usr 0 00:00:00, Sys 0 00:00:00  -  Run Local Usage
		Usr 0 00:16:08, Sys 0 00:00:06  -  Total Remote Usage
		Usr 0 00:00:00, Sys 0 00:00:00  -  Total Local Usage
	0  -  Run Bytes Sent By Job
	0  -  Run Bytes Received By Job
	0  -  Total Bytes Sent By Job
	0  -  Total Bytes Received By Job
	Partitionable Resources :    Usage  Request Allocated 
	   admin_mutex_1         :                           0 
	   admin_mutex_2         :                           0 
	   admin_mutex_3         :                           0 
	   Cpus                  :     0.93        1         1 
	   Disk (KB)             :    12        2048      3072 
	   GPUs                  :                           0 
	   machine_token         :                           0 
	   Memory (MB)           :   291        6000      6016 
	   TimeExecute (s)       :  1026                       
	   TimeSlotBusy (s)      :  1027                       

	Job terminated of its own accord at 2026-06-02T21:42:49Z with exit-code 0.
...
