000 (19537412.000.000) 2026-06-02 15:58:46 Job submitted from host: <10.128.10.103:9618?addrs=10.128.10.103-9618&alias=npx-submitter.icecube.wisc.edu&noUDP&sock=schedd_2449_6386>
    DAG Node: Drootprod_20201023_92585
...
001 (19537412.000.000) 2026-06-02 17:37:31 Job executing on host: <10.128.10.192:35633?addrs=10.128.10.192-35633&alias=n-smepyc-05.icecube.wisc.edu>
	SlotName: slot1_72@n-smepyc-05.icecube.wisc.edu
	admin_mutex_1 = 0
	admin_mutex_2 = 0
	admin_mutex_3 = 0
	CondorScratchDir = "/scratch/condor/dir_435181"
	Cpus = 1
	Disk = 3072
	GPUs = 0
	machine_token = 0
	Memory = 6016
...
006 (19537412.000.000) 2026-06-02 17:37:44 Image size of job updated: 122544
	120  -  MemoryUsage of job (MB)
	122544  -  ResidentSetSize of job (KB)
...
006 (19537412.000.000) 2026-06-02 17:42:44 Image size of job updated: 171840
	168  -  MemoryUsage of job (MB)
	171840  -  ResidentSetSize of job (KB)
...
006 (19537412.000.000) 2026-06-02 17:45:40 Image size of job updated: 306400
	168  -  MemoryUsage of job (MB)
	171840  -  ResidentSetSize of job (KB)
...
005 (19537412.000.000) 2026-06-02 17:45:40 Job terminated.
	(1) Normal termination (return value 0)
		Usr 0 00:07:39, Sys 0 00:00:07  -  Run Remote Usage
		Usr 0 00:00:00, Sys 0 00:00:00  -  Run Local Usage
		Usr 0 00:07:39, Sys 0 00:00:07  -  Total Remote Usage
		Usr 0 00:00:00, Sys 0 00:00:00  -  Total Local Usage
	0  -  Run Bytes Sent By Job
	0  -  Run Bytes Received By Job
	0  -  Total Bytes Sent By Job
	0  -  Total Bytes Received By Job
	Partitionable Resources :    Usage  Request Allocated 
	   admin_mutex_1         :                           0 
	   admin_mutex_2         :                           0 
	   admin_mutex_3         :                           0 
	   Cpus                  :     0.94        1         1 
	   Disk (KB)             :    12        2048      3072 
	   GPUs                  :                           0 
	   machine_token         :                           0 
	   Memory (MB)           :   168        6000      6016 
	   TimeExecute (s)       :   489                       
	   TimeSlotBusy (s)      :   489                       

	Job terminated of its own accord at 2026-06-02T22:45:40Z with exit-code 0.
...
