000 (19535087.000.000) 2026-06-02 15:53:36 Job submitted from host: <10.128.10.103:9618?addrs=10.128.10.103-9618&alias=npx-submitter.icecube.wisc.edu&noUDP&sock=schedd_2449_6386>
    DAG Node: Drootprod_20200510_89378
...
001 (19535087.000.000) 2026-06-02 16:46:18 Job executing on host: <10.128.10.189:44027?addrs=10.128.10.189-44027&alias=n-smepyc-02.icecube.wisc.edu>
	SlotName: slot1_70@n-smepyc-02.icecube.wisc.edu
	admin_mutex_1 = 0
	admin_mutex_2 = 0
	admin_mutex_3 = 0
	CondorScratchDir = "/scratch/condor/dir_440593"
	Cpus = 1
	Disk = 3072
	GPUs = 0
	machine_token = 0
	Memory = 6016
...
006 (19535087.000.000) 2026-06-02 16:46:32 Image size of job updated: 122440
	120  -  MemoryUsage of job (MB)
	122440  -  ResidentSetSize of job (KB)
...
006 (19535087.000.000) 2026-06-02 16:51:33 Image size of job updated: 178928
	175  -  MemoryUsage of job (MB)
	178928  -  ResidentSetSize of job (KB)
...
006 (19535087.000.000) 2026-06-02 16:53:16 Image size of job updated: 309196
	175  -  MemoryUsage of job (MB)
	178928  -  ResidentSetSize of job (KB)
...
005 (19535087.000.000) 2026-06-02 16:53:16 Job terminated.
	(1) Normal termination (return value 0)
		Usr 0 00:06:28, Sys 0 00:00:07  -  Run Remote Usage
		Usr 0 00:00:00, Sys 0 00:00:00  -  Run Local Usage
		Usr 0 00:06:28, Sys 0 00:00:07  -  Total Remote Usage
		Usr 0 00:00:00, Sys 0 00:00:00  -  Total Local Usage
	0  -  Run Bytes Sent By Job
	0  -  Run Bytes Received By Job
	0  -  Total Bytes Sent By Job
	0  -  Total Bytes Received By Job
	Partitionable Resources :    Usage  Request Allocated 
	   admin_mutex_1         :                           0 
	   admin_mutex_2         :                           0 
	   admin_mutex_3         :                           0 
	   Cpus                  :     0.94        1         1 
	   Disk (KB)             :    15        2048      3072 
	   GPUs                  :                           0 
	   machine_token         :                           0 
	   Memory (MB)           :   175        6000      6016 
	   TimeExecute (s)       :   418                       
	   TimeSlotBusy (s)      :   418                       

	Job terminated of its own accord at 2026-06-02T21:53:16Z with exit-code 0.
...
