000 (19537879.000.000) 2026-06-02 16:00:23 Job submitted from host: <10.128.10.103:9618?addrs=10.128.10.103-9618&alias=npx-submitter.icecube.wisc.edu&noUDP&sock=schedd_2449_6386>
    DAG Node: Drootprod_20201213_62887
...
001 (19537879.000.000) 2026-06-02 17:42:39 Job executing on host: <10.128.10.115:33587?addrs=10.128.10.115-33587&alias=n-gibyte-00.icecube.wisc.edu>
	SlotName: slot1_488@n-gibyte-00.icecube.wisc.edu
	admin_mutex_1 = 0
	admin_mutex_2 = 0
	admin_mutex_3 = 0
	CondorScratchDir = "/scratch/condor/dir_2463287"
	Cpus = 1
	Disk = 5480
	GPUs = 0
	machine_token = 0
	Memory = 6016
...
006 (19537879.000.000) 2026-06-02 17:42:52 Image size of job updated: 119592
	117  -  MemoryUsage of job (MB)
	119592  -  ResidentSetSize of job (KB)
...
006 (19537879.000.000) 2026-06-02 17:47:52 Image size of job updated: 145720
	143  -  MemoryUsage of job (MB)
	145720  -  ResidentSetSize of job (KB)
...
006 (19537879.000.000) 2026-06-02 17:52:53 Image size of job updated: 158980
	156  -  MemoryUsage of job (MB)
	158980  -  ResidentSetSize of job (KB)
...
006 (19537879.000.000) 2026-06-02 17:57:54 Image size of job updated: 175348
	172  -  MemoryUsage of job (MB)
	175348  -  ResidentSetSize of job (KB)
...
006 (19537879.000.000) 2026-06-02 18:01:45 Image size of job updated: 297268
	172  -  MemoryUsage of job (MB)
	175348  -  ResidentSetSize of job (KB)
...
005 (19537879.000.000) 2026-06-02 18:01:45 Job terminated.
	(1) Normal termination (return value 0)
		Usr 0 00:18:12, Sys 0 00:00:11  -  Run Remote Usage
		Usr 0 00:00:00, Sys 0 00:00:00  -  Run Local Usage
		Usr 0 00:18:12, Sys 0 00:00:11  -  Total Remote Usage
		Usr 0 00:00:00, Sys 0 00:00:00  -  Total Local Usage
	0  -  Run Bytes Sent By Job
	0  -  Run Bytes Received By Job
	0  -  Total Bytes Sent By Job
	0  -  Total Bytes Received By Job
	Partitionable Resources :    Usage  Request Allocated 
	   admin_mutex_1         :                           0 
	   admin_mutex_2         :                           0 
	   admin_mutex_3         :                           0 
	   Cpus                  :     0.93        1         1 
	   Disk (KB)             :    15        2048      5480 
	   GPUs                  :                           0 
	   machine_token         :                           0 
	   Memory (MB)           :   172        6000      6016 
	   TimeExecute (s)       :  1146                       
	   TimeSlotBusy (s)      :  1147                       

	Job terminated of its own accord at 2026-06-02T23:01:45Z with exit-code 0.
...
