000 (19537059.000.000) 2026-06-02 15:57:50 Job submitted from host: <10.128.10.103:9618?addrs=10.128.10.103-9618&alias=npx-submitter.icecube.wisc.edu&noUDP&sock=schedd_2449_6386>
    DAG Node: Drootprod_20200923_2127
...
001 (19537059.000.000) 2026-06-02 17:31:26 Job executing on host: <10.128.11.104:41225?addrs=10.128.11.104-41225&alias=n-r720-45.icecube.wisc.edu>
	SlotName: slot1_31@n-r720-45.icecube.wisc.edu
	admin_mutex_1 = 0
	admin_mutex_2 = 0
	admin_mutex_3 = 0
	CondorScratchDir = "/scratch/condor/dir_1290622"
	Cpus = 1
	Disk = 3717
	GPUs = 0
	machine_token = 0
	Memory = 6016
...
006 (19537059.000.000) 2026-06-02 17:31:40 Image size of job updated: 119964
	118  -  MemoryUsage of job (MB)
	119964  -  ResidentSetSize of job (KB)
...
006 (19537059.000.000) 2026-06-02 17:36:41 Image size of job updated: 149644
	147  -  MemoryUsage of job (MB)
	149644  -  ResidentSetSize of job (KB)
...
006 (19537059.000.000) 2026-06-02 17:41:42 Image size of job updated: 172756
	169  -  MemoryUsage of job (MB)
	172756  -  ResidentSetSize of job (KB)
...
006 (19537059.000.000) 2026-06-02 17:44:49 Image size of job updated: 297532
	169  -  MemoryUsage of job (MB)
	172756  -  ResidentSetSize of job (KB)
...
005 (19537059.000.000) 2026-06-02 17:44:49 Job terminated.
	(1) Normal termination (return value 0)
		Usr 0 00:12:32, Sys 0 00:00:11  -  Run Remote Usage
		Usr 0 00:00:00, Sys 0 00:00:00  -  Run Local Usage
		Usr 0 00:12:32, Sys 0 00:00:11  -  Total Remote Usage
		Usr 0 00:00:00, Sys 0 00:00:00  -  Total Local Usage
	0  -  Run Bytes Sent By Job
	0  -  Run Bytes Received By Job
	0  -  Total Bytes Sent By Job
	0  -  Total Bytes Received By Job
	Partitionable Resources :    Usage  Request Allocated 
	   admin_mutex_1         :                           0 
	   admin_mutex_2         :                           0 
	   admin_mutex_3         :                           0 
	   Cpus                  :     1.00        1         1 
	   Disk (KB)             :    12        2048      3717 
	   GPUs                  :                           0 
	   machine_token         :                           0 
	   Memory (MB)           :   169        6000      6016 
	   TimeExecute (s)       :   803                       
	   TimeSlotBusy (s)      :   803                       

	Job terminated of its own accord at 2026-06-02T22:44:49Z with exit-code 0.
...
