000 (19533762.000.000) 2026-06-02 15:51:04 Job submitted from host: <10.128.10.103:9618?addrs=10.128.10.103-9618&alias=npx-submitter.icecube.wisc.edu&noUDP&sock=schedd_2449_6386>
    DAG Node: Drootprod_20200222_39591
...
001 (19533762.000.000) 2026-06-02 16:20:14 Job executing on host: <10.128.10.238:43797?addrs=10.128.10.238-43797&alias=n-gpu-42.icecube.wisc.edu>
	SlotName: slot1_31@n-gpu-42.icecube.wisc.edu
	admin_mutex_1 = 0
	admin_mutex_2 = 0
	admin_mutex_3 = 0
	AvailableGPUs = {  }
	CondorScratchDir = "/scratch/condor/dir_1992517"
	Cpus = 1
	Disk = 3072
	GPUs = 0
	machine_token = 0
	Memory = 6016
...
006 (19533762.000.000) 2026-06-02 16:20:27 Image size of job updated: 120704
	118  -  MemoryUsage of job (MB)
	120704  -  ResidentSetSize of job (KB)
...
006 (19533762.000.000) 2026-06-02 16:25:27 Image size of job updated: 154636
	152  -  MemoryUsage of job (MB)
	154636  -  ResidentSetSize of job (KB)
...
006 (19533762.000.000) 2026-06-02 16:30:28 Image size of job updated: 298480
	292  -  MemoryUsage of job (MB)
	298480  -  ResidentSetSize of job (KB)
...
006 (19533762.000.000) 2026-06-02 16:31:11 Image size of job updated: 304728
	292  -  MemoryUsage of job (MB)
	298480  -  ResidentSetSize of job (KB)
...
005 (19533762.000.000) 2026-06-02 16:31:11 Job terminated.
	(1) Normal termination (return value 0)
		Usr 0 00:09:37, Sys 0 00:00:10  -  Run Remote Usage
		Usr 0 00:00:00, Sys 0 00:00:00  -  Run Local Usage
		Usr 0 00:09:37, Sys 0 00:00:10  -  Total Remote Usage
		Usr 0 00:00:00, Sys 0 00:00:00  -  Total Local Usage
	0  -  Run Bytes Sent By Job
	0  -  Run Bytes Received By Job
	0  -  Total Bytes Sent By Job
	0  -  Total Bytes Received By Job
	Partitionable Resources :    Usage  Request Allocated 
	   admin_mutex_1         :                           0 
	   admin_mutex_2         :                           0 
	   admin_mutex_3         :                           0 
	   Cpus                  :     0.97        1         1 
	   Disk (KB)             :    12        2048      3072 
	   GPUs                  :                           0 
	   machine_token         :                           0 
	   Memory (MB)           :   292        6000      6016 
	   TimeExecute (s)       :   657                       
	   TimeSlotBusy (s)      :   657                       

	Job terminated of its own accord at 2026-06-02T21:31:11Z with exit-code 0.
...
