000 (19535288.000.000) 2026-06-02 15:54:00 Job submitted from host: <10.128.10.103:9618?addrs=10.128.10.103-9618&alias=npx-submitter.icecube.wisc.edu&noUDP&sock=schedd_2449_6386>
    DAG Node: Drootprod_20200523_96431
...
001 (19535288.000.000) 2026-06-02 16:50:08 Job executing on host: <10.128.10.115:33587?addrs=10.128.10.115-33587&alias=n-gibyte-00.icecube.wisc.edu>
	SlotName: slot1_185@n-gibyte-00.icecube.wisc.edu
	admin_mutex_1 = 0
	admin_mutex_2 = 0
	admin_mutex_3 = 0
	CondorScratchDir = "/scratch/condor/dir_2244887"
	Cpus = 1
	Disk = 5480
	GPUs = 0
	machine_token = 0
	Memory = 6016
...
006 (19535288.000.000) 2026-06-02 16:50:21 Image size of job updated: 118416
	116  -  MemoryUsage of job (MB)
	118416  -  ResidentSetSize of job (KB)
...
006 (19535288.000.000) 2026-06-02 16:55:21 Image size of job updated: 145632
	143  -  MemoryUsage of job (MB)
	145632  -  ResidentSetSize of job (KB)
...
006 (19535288.000.000) 2026-06-02 17:00:22 Image size of job updated: 166460
	163  -  MemoryUsage of job (MB)
	166460  -  ResidentSetSize of job (KB)
...
006 (19535288.000.000) 2026-06-02 17:05:22 Image size of job updated: 299204
	293  -  MemoryUsage of job (MB)
	299204  -  ResidentSetSize of job (KB)
...
006 (19535288.000.000) 2026-06-02 17:07:53 Image size of job updated: 308936
	293  -  MemoryUsage of job (MB)
	299204  -  ResidentSetSize of job (KB)
...
005 (19535288.000.000) 2026-06-02 17:07:53 Job terminated.
	(1) Normal termination (return value 0)
		Usr 0 00:16:49, Sys 0 00:00:11  -  Run Remote Usage
		Usr 0 00:00:00, Sys 0 00:00:00  -  Run Local Usage
		Usr 0 00:16:49, Sys 0 00:00:11  -  Total Remote Usage
		Usr 0 00:00:00, Sys 0 00:00:00  -  Total Local Usage
	0  -  Run Bytes Sent By Job
	0  -  Run Bytes Received By Job
	0  -  Total Bytes Sent By Job
	0  -  Total Bytes Received By Job
	Partitionable Resources :    Usage  Request Allocated 
	   admin_mutex_1         :                           0 
	   admin_mutex_2         :                           0 
	   admin_mutex_3         :                           0 
	   Cpus                  :     0.94        1         1 
	   Disk (KB)             :    10        2048      5480 
	   GPUs                  :                           0 
	   machine_token         :                           0 
	   Memory (MB)           :   293        6000      6016 
	   TimeExecute (s)       :  1066                       
	   TimeSlotBusy (s)      :  1066                       

	Job terminated of its own accord at 2026-06-02T22:07:53Z with exit-code 0.
...
