000 (19537985.000.000) 2026-06-02 16:00:53 Job submitted from host: <10.128.10.103:9618?addrs=10.128.10.103-9618&alias=npx-submitter.icecube.wisc.edu&noUDP&sock=schedd_2449_6386>
    DAG Node: Drootprod_20201228_36835
...
001 (19537985.000.000) 2026-06-02 17:43:43 Job executing on host: <10.128.10.117:43719?addrs=10.128.10.117-43719&alias=n-gibyte-02.icecube.wisc.edu>
	SlotName: slot1_278@n-gibyte-02.icecube.wisc.edu
	admin_mutex_1 = 0
	admin_mutex_2 = 0
	admin_mutex_3 = 0
	CondorScratchDir = "/scratch/condor/dir_3763588"
	Cpus = 1
	Disk = 5480
	GPUs = 0
	machine_token = 0
	Memory = 6016
...
006 (19537985.000.000) 2026-06-02 17:43:56 Image size of job updated: 118572
	116  -  MemoryUsage of job (MB)
	118572  -  ResidentSetSize of job (KB)
...
006 (19537985.000.000) 2026-06-02 17:48:56 Image size of job updated: 141804
	139  -  MemoryUsage of job (MB)
	141804  -  ResidentSetSize of job (KB)
...
006 (19537985.000.000) 2026-06-02 17:53:56 Image size of job updated: 155296
	152  -  MemoryUsage of job (MB)
	155296  -  ResidentSetSize of job (KB)
...
006 (19537985.000.000) 2026-06-02 17:58:57 Image size of job updated: 168696
	165  -  MemoryUsage of job (MB)
	168696  -  ResidentSetSize of job (KB)
...
006 (19537985.000.000) 2026-06-02 18:03:57 Image size of job updated: 183628
	180  -  MemoryUsage of job (MB)
	183628  -  ResidentSetSize of job (KB)
...
006 (19537985.000.000) 2026-06-02 18:08:57 Image size of job updated: 307228
	301  -  MemoryUsage of job (MB)
	307228  -  ResidentSetSize of job (KB)
...
006 (19537985.000.000) 2026-06-02 18:10:27 Image size of job updated: 313888
	301  -  MemoryUsage of job (MB)
	307228  -  ResidentSetSize of job (KB)
...
005 (19537985.000.000) 2026-06-02 18:10:28 Job terminated.
	(1) Normal termination (return value 0)
		Usr 0 00:25:24, Sys 0 00:00:13  -  Run Remote Usage
		Usr 0 00:00:00, Sys 0 00:00:00  -  Run Local Usage
		Usr 0 00:25:24, Sys 0 00:00:13  -  Total Remote Usage
		Usr 0 00:00:00, Sys 0 00:00:00  -  Total Local Usage
	0  -  Run Bytes Sent By Job
	0  -  Run Bytes Received By Job
	0  -  Total Bytes Sent By Job
	0  -  Total Bytes Received By Job
	Partitionable Resources :    Usage  Request Allocated 
	   admin_mutex_1         :                           0 
	   admin_mutex_2         :                           0 
	   admin_mutex_3         :                           0 
	   Cpus                  :     0.99        1         1 
	   Disk (KB)             :    17        2048      5480 
	   GPUs                  :                           0 
	   machine_token         :                           0 
	   Memory (MB)           :   301        6000      6016 
	   TimeExecute (s)       :  1604                       
	   TimeSlotBusy (s)      :  1605                       

	Job terminated of its own accord at 2026-06-02T23:10:27Z with exit-code 0.
...
