000 (19537639.000.000) 2026-06-02 15:59:27 Job submitted from host: <10.128.10.103:9618?addrs=10.128.10.103-9618&alias=npx-submitter.icecube.wisc.edu&noUDP&sock=schedd_2449_6386>
    DAG Node: Drootprod_20201113_88869
...
001 (19537639.000.000) 2026-06-02 17:40:26 Job executing on host: <10.128.10.117:43719?addrs=10.128.10.117-43719&alias=n-gibyte-02.icecube.wisc.edu>
	SlotName: slot1_101@n-gibyte-02.icecube.wisc.edu
	admin_mutex_1 = 0
	admin_mutex_2 = 0
	admin_mutex_3 = 0
	CondorScratchDir = "/scratch/condor/dir_3748852"
	Cpus = 1
	Disk = 5480
	GPUs = 0
	machine_token = 0
	Memory = 6016
...
006 (19537639.000.000) 2026-06-02 17:40:40 Image size of job updated: 119372
	117  -  MemoryUsage of job (MB)
	119372  -  ResidentSetSize of job (KB)
...
006 (19537639.000.000) 2026-06-02 17:45:41 Image size of job updated: 144148
	141  -  MemoryUsage of job (MB)
	144148  -  ResidentSetSize of job (KB)
...
006 (19537639.000.000) 2026-06-02 17:50:42 Image size of job updated: 160148
	157  -  MemoryUsage of job (MB)
	160148  -  ResidentSetSize of job (KB)
...
006 (19537639.000.000) 2026-06-02 17:55:42 Image size of job updated: 174580
	171  -  MemoryUsage of job (MB)
	174580  -  ResidentSetSize of job (KB)
...
006 (19537639.000.000) 2026-06-02 18:00:25 Image size of job updated: 297224
	171  -  MemoryUsage of job (MB)
	174580  -  ResidentSetSize of job (KB)
...
005 (19537639.000.000) 2026-06-02 18:00:25 Job terminated.
	(1) Normal termination (return value 0)
		Usr 0 00:19:09, Sys 0 00:00:10  -  Run Remote Usage
		Usr 0 00:00:00, Sys 0 00:00:00  -  Run Local Usage
		Usr 0 00:19:09, Sys 0 00:00:10  -  Total Remote Usage
		Usr 0 00:00:00, Sys 0 00:00:00  -  Total Local Usage
	0  -  Run Bytes Sent By Job
	0  -  Run Bytes Received By Job
	0  -  Total Bytes Sent By Job
	0  -  Total Bytes Received By Job
	Partitionable Resources :    Usage  Request Allocated 
	   admin_mutex_1         :                           0 
	   admin_mutex_2         :                           0 
	   admin_mutex_3         :                           0 
	   Cpus                  :     0.99        1         1 
	   Disk (KB)             :    12        2048      5480 
	   GPUs                  :                           0 
	   machine_token         :                           0 
	   Memory (MB)           :   171        6000      6016 
	   TimeExecute (s)       :  1199                       
	   TimeSlotBusy (s)      :  1200                       

	Job terminated of its own accord at 2026-06-02T23:00:25Z with exit-code 0.
...
