000 (19537921.000.000) 2026-06-02 16:00:34 Job submitted from host: <10.128.10.103:9618?addrs=10.128.10.103-9618&alias=npx-submitter.icecube.wisc.edu&noUDP&sock=schedd_2449_6386>
    DAG Node: Drootprod_20201219_35744
...
001 (19537921.000.000) 2026-06-02 17:43:13 Job executing on host: <10.128.10.64:34449?addrs=10.128.10.64-34449&alias=n-m620-54.icecube.wisc.edu>
	SlotName: slot1_18@n-m620-54.icecube.wisc.edu
	admin_mutex_1 = 0
	admin_mutex_2 = 0
	admin_mutex_3 = 0
	CondorScratchDir = "/scratch/condor/dir_503256"
	Cpus = 1
	Disk = 3072
	GPUs = 0
	machine_token = 0
	Memory = 6016
...
006 (19537921.000.000) 2026-06-02 17:43:27 Image size of job updated: 120544
	118  -  MemoryUsage of job (MB)
	120544  -  ResidentSetSize of job (KB)
...
006 (19537921.000.000) 2026-06-02 17:48:28 Image size of job updated: 145028
	142  -  MemoryUsage of job (MB)
	145028  -  ResidentSetSize of job (KB)
...
006 (19537921.000.000) 2026-06-02 17:53:28 Image size of job updated: 165568
	162  -  MemoryUsage of job (MB)
	165568  -  ResidentSetSize of job (KB)
...
006 (19537921.000.000) 2026-06-02 17:58:19 Image size of job updated: 296340
	162  -  MemoryUsage of job (MB)
	165568  -  ResidentSetSize of job (KB)
...
005 (19537921.000.000) 2026-06-02 17:58:19 Job terminated.
	(1) Normal termination (return value 0)
		Usr 0 00:14:21, Sys 0 00:00:10  -  Run Remote Usage
		Usr 0 00:00:00, Sys 0 00:00:00  -  Run Local Usage
		Usr 0 00:14:21, Sys 0 00:00:10  -  Total Remote Usage
		Usr 0 00:00:00, Sys 0 00:00:00  -  Total Local Usage
	0  -  Run Bytes Sent By Job
	0  -  Run Bytes Received By Job
	0  -  Total Bytes Sent By Job
	0  -  Total Bytes Received By Job
	Partitionable Resources :    Usage  Request Allocated 
	   admin_mutex_1         :                           0 
	   admin_mutex_2         :                           0 
	   admin_mutex_3         :                           0 
	   Cpus                  :     0.93        1         1 
	   Disk (KB)             :    15        2048      3072 
	   GPUs                  :                           0 
	   machine_token         :                           0 
	   Memory (MB)           :   162        6000      6016 
	   TimeExecute (s)       :   906                       
	   TimeSlotBusy (s)      :   906                       

	Job terminated of its own accord at 2026-06-02T22:58:19Z with exit-code 0.
...
