000 (19537875.000.000) 2026-06-02 16:00:22 Job submitted from host: <10.128.10.103:9618?addrs=10.128.10.103-9618&alias=npx-submitter.icecube.wisc.edu&noUDP&sock=schedd_2449_6386>
    DAG Node: Drootprod_20201212_15593
...
001 (19537875.000.000) 2026-06-02 17:42:37 Job executing on host: <10.128.10.190:46289?addrs=10.128.10.190-46289&alias=n-smepyc-03.icecube.wisc.edu>
	SlotName: slot1_4@n-smepyc-03.icecube.wisc.edu
	admin_mutex_1 = 0
	admin_mutex_2 = 0
	admin_mutex_3 = 0
	CondorScratchDir = "/scratch/condor/dir_3899758"
	Cpus = 1
	Disk = 3072
	GPUs = 0
	machine_token = 0
	Memory = 6016
...
006 (19537875.000.000) 2026-06-02 17:42:51 Image size of job updated: 121316
	119  -  MemoryUsage of job (MB)
	121316  -  ResidentSetSize of job (KB)
...
006 (19537875.000.000) 2026-06-02 17:47:52 Image size of job updated: 176772
	173  -  MemoryUsage of job (MB)
	176772  -  ResidentSetSize of job (KB)
...
006 (19537875.000.000) 2026-06-02 17:49:11 Image size of job updated: 297648
	173  -  MemoryUsage of job (MB)
	176772  -  ResidentSetSize of job (KB)
...
005 (19537875.000.000) 2026-06-02 17:49:11 Job terminated.
	(1) Normal termination (return value 0)
		Usr 0 00:06:05, Sys 0 00:00:06  -  Run Remote Usage
		Usr 0 00:00:00, Sys 0 00:00:00  -  Run Local Usage
		Usr 0 00:06:05, Sys 0 00:00:06  -  Total Remote Usage
		Usr 0 00:00:00, Sys 0 00:00:00  -  Total Local Usage
	0  -  Run Bytes Sent By Job
	0  -  Run Bytes Received By Job
	0  -  Total Bytes Sent By Job
	0  -  Total Bytes Received By Job
	Partitionable Resources :    Usage  Request Allocated 
	   admin_mutex_1         :                           0 
	   admin_mutex_2         :                           0 
	   admin_mutex_3         :                           0 
	   Cpus                  :     0.99        1         1 
	   Disk (KB)             :    15        2048      3072 
	   GPUs                  :                           0 
	   machine_token         :                           0 
	   Memory (MB)           :   173        6000      6016 
	   TimeExecute (s)       :   394                       
	   TimeSlotBusy (s)      :   394                       

	Job terminated of its own accord at 2026-06-02T22:49:11Z with exit-code 0.
...
