000 (19537122.000.000) 2026-06-02 15:57:59 Job submitted from host: <10.128.10.103:9618?addrs=10.128.10.103-9618&alias=npx-submitter.icecube.wisc.edu&noUDP&sock=schedd_2449_6386>
    DAG Node: Drootprod_20200927_49084
...
001 (19537122.000.000) 2026-06-02 17:31:57 Job executing on host: <10.128.10.189:44027?addrs=10.128.10.189-44027&alias=n-smepyc-02.icecube.wisc.edu>
	SlotName: slot1_43@n-smepyc-02.icecube.wisc.edu
	admin_mutex_1 = 0
	admin_mutex_2 = 0
	admin_mutex_3 = 0
	CondorScratchDir = "/scratch/condor/dir_615843"
	Cpus = 1
	Disk = 3072
	GPUs = 0
	machine_token = 0
	Memory = 6016
...
006 (19537122.000.000) 2026-06-02 17:32:10 Image size of job updated: 122576
	120  -  MemoryUsage of job (MB)
	122576  -  ResidentSetSize of job (KB)
...
006 (19537122.000.000) 2026-06-02 17:37:11 Image size of job updated: 178916
	175  -  MemoryUsage of job (MB)
	178916  -  ResidentSetSize of job (KB)
...
006 (19537122.000.000) 2026-06-02 17:38:07 Image size of job updated: 298856
	175  -  MemoryUsage of job (MB)
	178916  -  ResidentSetSize of job (KB)
...
005 (19537122.000.000) 2026-06-02 17:38:07 Job terminated.
	(1) Normal termination (return value 0)
		Usr 0 00:05:44, Sys 0 00:00:06  -  Run Remote Usage
		Usr 0 00:00:00, Sys 0 00:00:00  -  Run Local Usage
		Usr 0 00:05:44, Sys 0 00:00:06  -  Total Remote Usage
		Usr 0 00:00:00, Sys 0 00:00:00  -  Total Local Usage
	0  -  Run Bytes Sent By Job
	0  -  Run Bytes Received By Job
	0  -  Total Bytes Sent By Job
	0  -  Total Bytes Received By Job
	Partitionable Resources :    Usage  Request Allocated 
	   admin_mutex_1         :                           0 
	   admin_mutex_2         :                           0 
	   admin_mutex_3         :                           0 
	   Cpus                  :     0.97        1         1 
	   Disk (KB)             :    12        2048      3072 
	   GPUs                  :                           0 
	   machine_token         :                           0 
	   Memory (MB)           :   175        6000      6016 
	   TimeExecute (s)       :   370                       
	   TimeSlotBusy (s)      :   370                       

	Job terminated of its own accord at 2026-06-02T22:38:07Z with exit-code 0.
...
