000 (19536879.000.000) 2026-06-02 15:57:25 Job submitted from host: <10.128.10.103:9618?addrs=10.128.10.103-9618&alias=npx-submitter.icecube.wisc.edu&noUDP&sock=schedd_2449_6386>
    DAG Node: Drootprod_20200908_62212
...
001 (19536879.000.000) 2026-06-02 17:28:20 Job executing on host: <10.128.10.115:33587?addrs=10.128.10.115-33587&alias=n-gibyte-00.icecube.wisc.edu>
	SlotName: slot1_301@n-gibyte-00.icecube.wisc.edu
	admin_mutex_1 = 0
	admin_mutex_2 = 0
	admin_mutex_3 = 0
	CondorScratchDir = "/scratch/condor/dir_2399274"
	Cpus = 1
	Disk = 5480
	GPUs = 0
	machine_token = 0
	Memory = 6016
...
006 (19536879.000.000) 2026-06-02 17:28:34 Image size of job updated: 119488
	117  -  MemoryUsage of job (MB)
	119488  -  ResidentSetSize of job (KB)
...
006 (19536879.000.000) 2026-06-02 17:33:35 Image size of job updated: 144240
	141  -  MemoryUsage of job (MB)
	144240  -  ResidentSetSize of job (KB)
...
006 (19536879.000.000) 2026-06-02 17:38:35 Image size of job updated: 164412
	161  -  MemoryUsage of job (MB)
	164412  -  ResidentSetSize of job (KB)
...
006 (19536879.000.000) 2026-06-02 17:40:11 Image size of job updated: 171104
	161  -  MemoryUsage of job (MB)
	164416  -  ResidentSetSize of job (KB)
...
005 (19536879.000.000) 2026-06-02 17:40:11 Job terminated.
	(1) Normal termination (return value 0)
		Usr 0 00:11:16, Sys 0 00:00:07  -  Run Remote Usage
		Usr 0 00:00:00, Sys 0 00:00:00  -  Run Local Usage
		Usr 0 00:11:16, Sys 0 00:00:07  -  Total Remote Usage
		Usr 0 00:00:00, Sys 0 00:00:00  -  Total Local Usage
	0  -  Run Bytes Sent By Job
	0  -  Run Bytes Received By Job
	0  -  Total Bytes Sent By Job
	0  -  Total Bytes Received By Job
	Partitionable Resources :    Usage  Request Allocated 
	   admin_mutex_1         :                           0 
	   admin_mutex_2         :                           0 
	   admin_mutex_3         :                           0 
	   Cpus                  :     0.96        1         1 
	   Disk (KB)             :     7        2048      5480 
	   GPUs                  :                           0 
	   machine_token         :                           0 
	   Memory (MB)           :   161        6000      6016 
	   TimeExecute (s)       :   711                       
	   TimeSlotBusy (s)      :   712                       

	Job terminated of its own accord at 2026-06-02T22:40:11Z with exit-code 0.
...
