000 (19535970.000.000) 2026-06-02 15:55:28 Job submitted from host: <10.128.10.103:9618?addrs=10.128.10.103-9618&alias=npx-submitter.icecube.wisc.edu&noUDP&sock=schedd_2449_6386>
    DAG Node: Drootprod_20200709_53172
...
001 (19535970.000.000) 2026-06-02 17:03:20 Job executing on host: <10.128.10.238:43797?addrs=10.128.10.238-43797&alias=n-gpu-42.icecube.wisc.edu>
	SlotName: slot1_87@n-gpu-42.icecube.wisc.edu
	admin_mutex_1 = 0
	admin_mutex_2 = 0
	admin_mutex_3 = 0
	AvailableGPUs = {  }
	CondorScratchDir = "/scratch/condor/dir_2189734"
	Cpus = 1
	Disk = 3072
	GPUs = 0
	machine_token = 0
	Memory = 6016
...
006 (19535970.000.000) 2026-06-02 17:03:34 Image size of job updated: 120924
	119  -  MemoryUsage of job (MB)
	120924  -  ResidentSetSize of job (KB)
...
006 (19535970.000.000) 2026-06-02 17:08:35 Image size of job updated: 159064
	156  -  MemoryUsage of job (MB)
	159064  -  ResidentSetSize of job (KB)
...
006 (19535970.000.000) 2026-06-02 17:12:43 Image size of job updated: 299048
	156  -  MemoryUsage of job (MB)
	159064  -  ResidentSetSize of job (KB)
...
005 (19535970.000.000) 2026-06-02 17:12:43 Job terminated.
	(1) Normal termination (return value 0)
		Usr 0 00:08:29, Sys 0 00:00:09  -  Run Remote Usage
		Usr 0 00:00:00, Sys 0 00:00:00  -  Run Local Usage
		Usr 0 00:08:29, Sys 0 00:00:09  -  Total Remote Usage
		Usr 0 00:00:00, Sys 0 00:00:00  -  Total Local Usage
	0  -  Run Bytes Sent By Job
	0  -  Run Bytes Received By Job
	0  -  Total Bytes Sent By Job
	0  -  Total Bytes Received By Job
	Partitionable Resources :    Usage  Request Allocated 
	   admin_mutex_1         :                           0 
	   admin_mutex_2         :                           0 
	   admin_mutex_3         :                           0 
	   Cpus                  :     0.97        1         1 
	   Disk (KB)             :    10        2048      3072 
	   GPUs                  :                           0 
	   machine_token         :                           0 
	   Memory (MB)           :   156        6000      6016 
	   TimeExecute (s)       :   563                       
	   TimeSlotBusy (s)      :   563                       

	Job terminated of its own accord at 2026-06-02T22:12:43Z with exit-code 0.
...
