000 (19537731.000.000) 2026-06-02 15:59:47 Job submitted from host: <10.128.10.103:9618?addrs=10.128.10.103-9618&alias=npx-submitter.icecube.wisc.edu&noUDP&sock=schedd_2449_6386>
    DAG Node: Drootprod_20201123_55188
...
001 (19537731.000.000) 2026-06-02 17:41:09 Job executing on host: <10.128.10.115:33587?addrs=10.128.10.115-33587&alias=n-gibyte-00.icecube.wisc.edu>
	SlotName: slot1_320@n-gibyte-00.icecube.wisc.edu
	admin_mutex_1 = 0
	admin_mutex_2 = 0
	admin_mutex_3 = 0
	CondorScratchDir = "/scratch/condor/dir_2455395"
	Cpus = 1
	Disk = 5480
	GPUs = 0
	machine_token = 0
	Memory = 6016
...
006 (19537731.000.000) 2026-06-02 17:41:22 Image size of job updated: 119332
	117  -  MemoryUsage of job (MB)
	119332  -  ResidentSetSize of job (KB)
...
006 (19537731.000.000) 2026-06-02 17:46:22 Image size of job updated: 145272
	142  -  MemoryUsage of job (MB)
	145272  -  ResidentSetSize of job (KB)
...
006 (19537731.000.000) 2026-06-02 17:51:23 Image size of job updated: 160596
	157  -  MemoryUsage of job (MB)
	160596  -  ResidentSetSize of job (KB)
...
006 (19537731.000.000) 2026-06-02 17:56:24 Image size of job updated: 176296
	173  -  MemoryUsage of job (MB)
	176296  -  ResidentSetSize of job (KB)
...
006 (19537731.000.000) 2026-06-02 17:59:37 Image size of job updated: 294868
	173  -  MemoryUsage of job (MB)
	176296  -  ResidentSetSize of job (KB)
...
005 (19537731.000.000) 2026-06-02 17:59:37 Job terminated.
	(1) Normal termination (return value 0)
		Usr 0 00:17:39, Sys 0 00:00:10  -  Run Remote Usage
		Usr 0 00:00:00, Sys 0 00:00:00  -  Run Local Usage
		Usr 0 00:17:39, Sys 0 00:00:10  -  Total Remote Usage
		Usr 0 00:00:00, Sys 0 00:00:00  -  Total Local Usage
	0  -  Run Bytes Sent By Job
	0  -  Run Bytes Received By Job
	0  -  Total Bytes Sent By Job
	0  -  Total Bytes Received By Job
	Partitionable Resources :    Usage  Request Allocated 
	   admin_mutex_1         :                           0 
	   admin_mutex_2         :                           0 
	   admin_mutex_3         :                           0 
	   Cpus                  :     0.99        1         1 
	   Disk (KB)             :    12        2048      5480 
	   GPUs                  :                           0 
	   machine_token         :                           0 
	   Memory (MB)           :   173        6000      6016 
	   TimeExecute (s)       :  1108                       
	   TimeSlotBusy (s)      :  1109                       

	Job terminated of its own accord at 2026-06-02T22:59:37Z with exit-code 0.
...
