000 (19534876.000.000) 2026-06-02 15:53:13 Job submitted from host: <10.128.10.103:9618?addrs=10.128.10.103-9618&alias=npx-submitter.icecube.wisc.edu&noUDP&sock=schedd_2449_6386>
    DAG Node: Drootprod_20200427_7278
...
001 (19534876.000.000) 2026-06-02 16:42:45 Job executing on host: <10.128.10.190:46289?addrs=10.128.10.190-46289&alias=n-smepyc-03.icecube.wisc.edu>
	SlotName: slot1_44@n-smepyc-03.icecube.wisc.edu
	admin_mutex_1 = 0
	admin_mutex_2 = 0
	admin_mutex_3 = 0
	CondorScratchDir = "/scratch/condor/dir_3667476"
	Cpus = 1
	Disk = 3072
	GPUs = 0
	machine_token = 0
	Memory = 6016
...
006 (19534876.000.000) 2026-06-02 16:42:58 Image size of job updated: 122908
	121  -  MemoryUsage of job (MB)
	122908  -  ResidentSetSize of job (KB)
...
006 (19534876.000.000) 2026-06-02 16:47:58 Image size of job updated: 175636
	172  -  MemoryUsage of job (MB)
	175636  -  ResidentSetSize of job (KB)
...
006 (19534876.000.000) 2026-06-02 16:49:22 Image size of job updated: 300256
	172  -  MemoryUsage of job (MB)
	175636  -  ResidentSetSize of job (KB)
...
005 (19534876.000.000) 2026-06-02 16:49:22 Job terminated.
	(1) Normal termination (return value 0)
		Usr 0 00:06:07, Sys 0 00:00:06  -  Run Remote Usage
		Usr 0 00:00:00, Sys 0 00:00:00  -  Run Local Usage
		Usr 0 00:06:07, Sys 0 00:00:06  -  Total Remote Usage
		Usr 0 00:00:00, Sys 0 00:00:00  -  Total Local Usage
	0  -  Run Bytes Sent By Job
	0  -  Run Bytes Received By Job
	0  -  Total Bytes Sent By Job
	0  -  Total Bytes Received By Job
	Partitionable Resources :    Usage  Request Allocated 
	   admin_mutex_1         :                           0 
	   admin_mutex_2         :                           0 
	   admin_mutex_3         :                           0 
	   Cpus                  :     1.00        1         1 
	   Disk (KB)             :    10        2048      3072 
	   GPUs                  :                           0 
	   machine_token         :                           0 
	   Memory (MB)           :   172        6000      6016 
	   TimeExecute (s)       :   397                       
	   TimeSlotBusy (s)      :   397                       

	Job terminated of its own accord at 2026-06-02T21:49:22Z with exit-code 0.
...
