000 (19534894.000.000) 2026-06-02 15:53:16 Job submitted from host: <10.128.10.103:9618?addrs=10.128.10.103-9618&alias=npx-submitter.icecube.wisc.edu&noUDP&sock=schedd_2449_6386>
    DAG Node: Drootprod_20200429_28780
...
001 (19534894.000.000) 2026-06-02 16:43:01 Job executing on host: <10.128.10.115:33587?addrs=10.128.10.115-33587&alias=n-gibyte-00.icecube.wisc.edu>
	SlotName: slot1_293@n-gibyte-00.icecube.wisc.edu
	admin_mutex_1 = 0
	admin_mutex_2 = 0
	admin_mutex_3 = 0
	CondorScratchDir = "/scratch/condor/dir_2216242"
	Cpus = 1
	Disk = 5480
	GPUs = 0
	machine_token = 0
	Memory = 6016
...
006 (19534894.000.000) 2026-06-02 16:43:14 Image size of job updated: 119072
	117  -  MemoryUsage of job (MB)
	119072  -  ResidentSetSize of job (KB)
...
006 (19534894.000.000) 2026-06-02 16:48:14 Image size of job updated: 150064
	147  -  MemoryUsage of job (MB)
	150064  -  ResidentSetSize of job (KB)
...
006 (19534894.000.000) 2026-06-02 16:53:15 Image size of job updated: 171896
	168  -  MemoryUsage of job (MB)
	171896  -  ResidentSetSize of job (KB)
...
006 (19534894.000.000) 2026-06-02 16:56:54 Image size of job updated: 299452
	168  -  MemoryUsage of job (MB)
	171896  -  ResidentSetSize of job (KB)
...
005 (19534894.000.000) 2026-06-02 16:56:54 Job terminated.
	(1) Normal termination (return value 0)
		Usr 0 00:13:11, Sys 0 00:00:10  -  Run Remote Usage
		Usr 0 00:00:00, Sys 0 00:00:00  -  Run Local Usage
		Usr 0 00:13:11, Sys 0 00:00:10  -  Total Remote Usage
		Usr 0 00:00:00, Sys 0 00:00:00  -  Total Local Usage
	0  -  Run Bytes Sent By Job
	0  -  Run Bytes Received By Job
	0  -  Total Bytes Sent By Job
	0  -  Total Bytes Received By Job
	Partitionable Resources :    Usage  Request Allocated 
	   admin_mutex_1         :                           0 
	   admin_mutex_2         :                           0 
	   admin_mutex_3         :                           0 
	   Cpus                  :     0.88        1         1 
	   Disk (KB)             :    10        2048      5480 
	   GPUs                  :                           0 
	   machine_token         :                           0 
	   Memory (MB)           :   168        6000      6016 
	   TimeExecute (s)       :   833                       
	   TimeSlotBusy (s)      :   834                       

	Job terminated of its own accord at 2026-06-02T21:56:54Z with exit-code 0.
...
