000 (19534305.000.000) 2026-06-02 15:52:10 Job submitted from host: <10.128.10.103:9618?addrs=10.128.10.103-9618&alias=npx-submitter.icecube.wisc.edu&noUDP&sock=schedd_2449_6386>
    DAG Node: Drootprod_20200328_90
...
001 (19534305.000.000) 2026-06-02 16:31:35 Job executing on host: <10.128.10.115:33587?addrs=10.128.10.115-33587&alias=n-gibyte-00.icecube.wisc.edu>
	SlotName: slot1_385@n-gibyte-00.icecube.wisc.edu
	admin_mutex_1 = 0
	admin_mutex_2 = 0
	admin_mutex_3 = 0
	CondorScratchDir = "/scratch/condor/dir_2172508"
	Cpus = 1
	Disk = 5480
	GPUs = 0
	machine_token = 0
	Memory = 6016
...
006 (19534305.000.000) 2026-06-02 16:31:48 Image size of job updated: 118880
	117  -  MemoryUsage of job (MB)
	118880  -  ResidentSetSize of job (KB)
...
006 (19534305.000.000) 2026-06-02 16:36:48 Image size of job updated: 149560
	147  -  MemoryUsage of job (MB)
	149560  -  ResidentSetSize of job (KB)
...
006 (19534305.000.000) 2026-06-02 16:41:49 Image size of job updated: 171456
	168  -  MemoryUsage of job (MB)
	171456  -  ResidentSetSize of job (KB)
...
006 (19534305.000.000) 2026-06-02 16:46:49 Image size of job updated: 306864
	300  -  MemoryUsage of job (MB)
	306864  -  ResidentSetSize of job (KB)
...
006 (19534305.000.000) 2026-06-02 16:46:54 Image size of job updated: 307108
	300  -  MemoryUsage of job (MB)
	306864  -  ResidentSetSize of job (KB)
...
005 (19534305.000.000) 2026-06-02 16:46:54 Job terminated.
	(1) Normal termination (return value 0)
		Usr 0 00:14:08, Sys 0 00:00:11  -  Run Remote Usage
		Usr 0 00:00:00, Sys 0 00:00:00  -  Run Local Usage
		Usr 0 00:14:08, Sys 0 00:00:11  -  Total Remote Usage
		Usr 0 00:00:00, Sys 0 00:00:00  -  Total Local Usage
	0  -  Run Bytes Sent By Job
	0  -  Run Bytes Received By Job
	0  -  Total Bytes Sent By Job
	0  -  Total Bytes Received By Job
	Partitionable Resources :    Usage  Request Allocated 
	   admin_mutex_1         :                           0 
	   admin_mutex_2         :                           0 
	   admin_mutex_3         :                           0 
	   Cpus                  :     0.98        1         1 
	   Disk (KB)             :    10        2048      5480 
	   GPUs                  :                           0 
	   machine_token         :                           0 
	   Memory (MB)           :   300        6000      6016 
	   TimeExecute (s)       :   919                       
	   TimeSlotBusy (s)      :   920                       

	Job terminated of its own accord at 2026-06-02T21:46:54Z with exit-code 0.
...
