000 (19536457.000.000) 2026-06-02 15:56:30 Job submitted from host: <10.128.10.103:9618?addrs=10.128.10.103-9618&alias=npx-submitter.icecube.wisc.edu&noUDP&sock=schedd_2449_6386>
    DAG Node: Drootprod_20200810_57242
...
001 (19536457.000.000) 2026-06-02 17:20:36 Job executing on host: <10.128.10.117:43719?addrs=10.128.10.117-43719&alias=n-gibyte-02.icecube.wisc.edu>
	SlotName: slot1_491@n-gibyte-02.icecube.wisc.edu
	admin_mutex_1 = 0
	admin_mutex_2 = 0
	admin_mutex_3 = 0
	CondorScratchDir = "/scratch/condor/dir_3666245"
	Cpus = 1
	Disk = 5480
	GPUs = 0
	machine_token = 0
	Memory = 6016
...
006 (19536457.000.000) 2026-06-02 17:20:49 Image size of job updated: 117308
	115  -  MemoryUsage of job (MB)
	117308  -  ResidentSetSize of job (KB)
...
006 (19536457.000.000) 2026-06-02 17:25:49 Image size of job updated: 142396
	140  -  MemoryUsage of job (MB)
	142396  -  ResidentSetSize of job (KB)
...
006 (19536457.000.000) 2026-06-02 17:30:50 Image size of job updated: 161508
	158  -  MemoryUsage of job (MB)
	161508  -  ResidentSetSize of job (KB)
...
006 (19536457.000.000) 2026-06-02 17:35:50 Image size of job updated: 183692
	180  -  MemoryUsage of job (MB)
	183692  -  ResidentSetSize of job (KB)
...
006 (19536457.000.000) 2026-06-02 17:37:19 Image size of job updated: 299392
	180  -  MemoryUsage of job (MB)
	183692  -  ResidentSetSize of job (KB)
...
005 (19536457.000.000) 2026-06-02 17:37:19 Job terminated.
	(1) Normal termination (return value 0)
		Usr 0 00:15:56, Sys 0 00:00:10  -  Run Remote Usage
		Usr 0 00:00:00, Sys 0 00:00:00  -  Run Local Usage
		Usr 0 00:15:56, Sys 0 00:00:10  -  Total Remote Usage
		Usr 0 00:00:00, Sys 0 00:00:00  -  Total Local Usage
	0  -  Run Bytes Sent By Job
	0  -  Run Bytes Received By Job
	0  -  Total Bytes Sent By Job
	0  -  Total Bytes Received By Job
	Partitionable Resources :    Usage  Request Allocated 
	   admin_mutex_1         :                           0 
	   admin_mutex_2         :                           0 
	   admin_mutex_3         :                           0 
	   Cpus                  :     0.99        1         1 
	   Disk (KB)             :    10        2048      5480 
	   GPUs                  :                           0 
	   machine_token         :                           0 
	   Memory (MB)           :   180        6000      6016 
	   TimeExecute (s)       :  1003                       
	   TimeSlotBusy (s)      :  1004                       

	Job terminated of its own accord at 2026-06-02T22:37:19Z with exit-code 0.
...
