000 (19533884.000.000) 2026-06-02 15:51:21 Job submitted from host: <10.128.10.103:9618?addrs=10.128.10.103-9618&alias=npx-submitter.icecube.wisc.edu&noUDP&sock=schedd_2449_6386>
    DAG Node: Drootprod_20200228_82250
...
001 (19533884.000.000) 2026-06-02 16:22:04 Job executing on host: <10.128.10.116:38163?addrs=10.128.10.116-38163&alias=n-gibyte-01.icecube.wisc.edu>
	SlotName: slot1_69@n-gibyte-01.icecube.wisc.edu
	admin_mutex_1 = 0
	admin_mutex_2 = 0
	admin_mutex_3 = 0
	CondorScratchDir = "/scratch/condor/dir_2514373"
	Cpus = 1
	Disk = 5480
	GPUs = 0
	machine_token = 0
	Memory = 6016
...
006 (19533884.000.000) 2026-06-02 16:22:17 Image size of job updated: 118436
	116  -  MemoryUsage of job (MB)
	118436  -  ResidentSetSize of job (KB)
...
022 (19533884.000.000) 2026-06-02 16:23:27 Job disconnected, attempting to reconnect
    Socket between submit and execute hosts closed unexpectedly
    Trying to reconnect to slot1_69@n-gibyte-01.icecube.wisc.edu <10.128.10.116:38163?addrs=10.128.10.116-38163&alias=n-gibyte-01.icecube.wisc.edu>
...
024 (19533884.000.000) 2026-06-02 17:03:28 Job reconnection failed
    Job disconnected too long: JobLeaseDuration (2400 seconds) expired
    Can not reconnect to slot1_69@n-gibyte-01.icecube.wisc.edu, rescheduling job
...
004 (19533884.000.000) 2026-06-02 17:03:38 Job was evicted.
	(0) CPU times
		Usr 0 00:00:06, Sys 0 00:00:00  -  Run Remote Usage
		Usr 0 00:00:00, Sys 0 00:00:00  -  Run Local Usage
	0  -  Run Bytes Sent By Job
	0  -  Run Bytes Received By Job
	Job disconnected too long: JobLeaseDuration (2400 seconds) expired
	Partitionable Resources :    Usage  Request Allocated 
	   admin_mutex_1         :                           0 
	   admin_mutex_2         :                           0 
	   admin_mutex_3         :                           0 
	   Cpus                  :                 1         1 
	   Disk (KB)             :       12     2048      5480 
	   GPUs                  :                           0 
	   machine_token         :                           0 
	   Memory (MB)           :      116     6000      6016 
...
001 (19533884.000.000) 2026-06-02 17:10:50 Job executing on host: <10.128.10.115:33587?addrs=10.128.10.115-33587&alias=n-gibyte-00.icecube.wisc.edu>
	SlotName: slot1_39@n-gibyte-00.icecube.wisc.edu
	admin_mutex_1 = 0
	admin_mutex_2 = 0
	admin_mutex_3 = 0
	CondorScratchDir = "/scratch/condor/dir_2326601"
	Cpus = 1
	Disk = 5480
	GPUs = 0
	machine_token = 0
	Memory = 6016
...
006 (19533884.000.000) 2026-06-02 17:16:03 Image size of job updated: 145684
	143  -  MemoryUsage of job (MB)
	145684  -  ResidentSetSize of job (KB)
...
006 (19533884.000.000) 2026-06-02 17:21:04 Image size of job updated: 170824
	167  -  MemoryUsage of job (MB)
	170824  -  ResidentSetSize of job (KB)
...
006 (19533884.000.000) 2026-06-02 17:26:04 Image size of job updated: 305592
	299  -  MemoryUsage of job (MB)
	305592  -  ResidentSetSize of job (KB)
...
006 (19533884.000.000) 2026-06-02 17:26:24 Image size of job updated: 307152
	299  -  MemoryUsage of job (MB)
	305592  -  ResidentSetSize of job (KB)
...
005 (19533884.000.000) 2026-06-02 17:26:24 Job terminated.
	(1) Normal termination (return value 0)
		Usr 0 00:14:43, Sys 0 00:00:11  -  Run Remote Usage
		Usr 0 00:00:00, Sys 0 00:00:00  -  Run Local Usage
		Usr 0 00:14:49, Sys 0 00:00:11  -  Total Remote Usage
		Usr 0 00:00:00, Sys 0 00:00:00  -  Total Local Usage
	0  -  Run Bytes Sent By Job
	0  -  Run Bytes Received By Job
	0  -  Total Bytes Sent By Job
	0  -  Total Bytes Received By Job
	Partitionable Resources :    Usage  Request Allocated 
	   admin_mutex_1         :                           0 
	   admin_mutex_2         :                           0 
	   admin_mutex_3         :                           0 
	   Cpus                  :     0.96        1         1 
	   Disk (KB)             :    12        2048      5480 
	   GPUs                  :                           0 
	   machine_token         :                           0 
	   Memory (MB)           :   299        6000      6016 
	   TimeExecute (s)       :   934                       
	   TimeSlotBusy (s)      :   935                       

	Job terminated of its own accord at 2026-06-02T22:26:24Z with exit-code 0.
...
