000 (19533158.000.000) 2026-06-02 15:49:45 Job submitted from host: <10.128.10.103:9618?addrs=10.128.10.103-9618&alias=npx-submitter.icecube.wisc.edu&noUDP&sock=schedd_2449_6386>
    DAG Node: Drootprod_20200110_84781
...
001 (19533158.000.000) 2026-06-02 16:06:19 Job executing on host: <10.128.10.192:35633?addrs=10.128.10.192-35633&alias=n-smepyc-05.icecube.wisc.edu>
	SlotName: slot1_1@n-smepyc-05.icecube.wisc.edu
	admin_mutex_1 = 0
	admin_mutex_2 = 0
	admin_mutex_3 = 0
	CondorScratchDir = "/scratch/condor/dir_87441"
	Cpus = 1
	Disk = 3072
	GPUs = 0
	machine_token = 0
	Memory = 6016
...
006 (19533158.000.000) 2026-06-02 16:06:32 Image size of job updated: 121812
	119  -  MemoryUsage of job (MB)
	121812  -  ResidentSetSize of job (KB)
...
006 (19533158.000.000) 2026-06-02 16:11:32 Image size of job updated: 165016
	162  -  MemoryUsage of job (MB)
	165016  -  ResidentSetSize of job (KB)
...
006 (19533158.000.000) 2026-06-02 16:15:27 Image size of job updated: 300348
	162  -  MemoryUsage of job (MB)
	165016  -  ResidentSetSize of job (KB)
...
005 (19533158.000.000) 2026-06-02 16:15:27 Job terminated.
	(1) Normal termination (return value 0)
		Usr 0 00:08:02, Sys 0 00:00:07  -  Run Remote Usage
		Usr 0 00:00:00, Sys 0 00:00:00  -  Run Local Usage
		Usr 0 00:08:02, Sys 0 00:00:07  -  Total Remote Usage
		Usr 0 00:00:00, Sys 0 00:00:00  -  Total Local Usage
	0  -  Run Bytes Sent By Job
	0  -  Run Bytes Received By Job
	0  -  Total Bytes Sent By Job
	0  -  Total Bytes Received By Job
	Partitionable Resources :    Usage  Request Allocated 
	   admin_mutex_1         :                           0 
	   admin_mutex_2         :                           0 
	   admin_mutex_3         :                           0 
	   Cpus                  :     0.98        1         1 
	   Disk (KB)             :    15        2048      3072 
	   GPUs                  :                           0 
	   machine_token         :                           0 
	   Memory (MB)           :   162        6000      6016 
	   TimeExecute (s)       :   548                       
	   TimeSlotBusy (s)      :   548                       

	Job terminated of its own accord at 2026-06-02T21:15:27Z with exit-code 0.
...
