000 (19533997.000.000) 2026-06-02 15:51:35 Job submitted from host: <10.128.10.103:9618?addrs=10.128.10.103-9618&alias=npx-submitter.icecube.wisc.edu&noUDP&sock=schedd_2449_6386>
    DAG Node: Drootprod_20200308_64496
...
001 (19533997.000.000) 2026-06-02 16:25:00 Job executing on host: <10.128.10.115:33587?addrs=10.128.10.115-33587&alias=n-gibyte-00.icecube.wisc.edu>
	SlotName: slot1_464@n-gibyte-00.icecube.wisc.edu
	admin_mutex_1 = 0
	admin_mutex_2 = 0
	admin_mutex_3 = 0
	CondorScratchDir = "/scratch/condor/dir_2147782"
	Cpus = 1
	Disk = 5480
	GPUs = 0
	machine_token = 0
	Memory = 6016
...
006 (19533997.000.000) 2026-06-02 16:25:13 Image size of job updated: 118984
	117  -  MemoryUsage of job (MB)
	118984  -  ResidentSetSize of job (KB)
...
006 (19533997.000.000) 2026-06-02 16:30:13 Image size of job updated: 145256
	142  -  MemoryUsage of job (MB)
	145256  -  ResidentSetSize of job (KB)
...
006 (19533997.000.000) 2026-06-02 16:35:14 Image size of job updated: 165320
	162  -  MemoryUsage of job (MB)
	165320  -  ResidentSetSize of job (KB)
...
006 (19533997.000.000) 2026-06-02 16:40:14 Image size of job updated: 301236
	295  -  MemoryUsage of job (MB)
	301236  -  ResidentSetSize of job (KB)
...
006 (19533997.000.000) 2026-06-02 16:41:43 Image size of job updated: 307836
	295  -  MemoryUsage of job (MB)
	301236  -  ResidentSetSize of job (KB)
...
005 (19533997.000.000) 2026-06-02 16:41:43 Job terminated.
	(1) Normal termination (return value 0)
		Usr 0 00:15:32, Sys 0 00:00:11  -  Run Remote Usage
		Usr 0 00:00:00, Sys 0 00:00:00  -  Run Local Usage
		Usr 0 00:15:32, Sys 0 00:00:11  -  Total Remote Usage
		Usr 0 00:00:00, Sys 0 00:00:00  -  Total Local Usage
	0  -  Run Bytes Sent By Job
	0  -  Run Bytes Received By Job
	0  -  Total Bytes Sent By Job
	0  -  Total Bytes Received By Job
	Partitionable Resources :    Usage  Request Allocated 
	   admin_mutex_1         :                           0 
	   admin_mutex_2         :                           0 
	   admin_mutex_3         :                           0 
	   Cpus                  :     0.98        1         1 
	   Disk (KB)             :    12        2048      5480 
	   GPUs                  :                           0 
	   machine_token         :                           0 
	   Memory (MB)           :   295        6000      6016 
	   TimeExecute (s)       :  1003                       
	   TimeSlotBusy (s)      :  1004                       

	Job terminated of its own accord at 2026-06-02T21:41:43Z with exit-code 0.
...
