000 (19533549.000.000) 2026-06-02 15:50:38 Job submitted from host: <10.128.10.103:9618?addrs=10.128.10.103-9618&alias=npx-submitter.icecube.wisc.edu&noUDP&sock=schedd_2449_6386>
    DAG Node: Drootprod_20200206_73407
...
001 (19533549.000.000) 2026-06-02 16:16:33 Job executing on host: <10.128.10.116:38163?addrs=10.128.10.116-38163&alias=n-gibyte-01.icecube.wisc.edu>
	SlotName: slot1_215@n-gibyte-01.icecube.wisc.edu
	admin_mutex_1 = 0
	admin_mutex_2 = 0
	admin_mutex_3 = 0
	CondorScratchDir = "/scratch/condor/dir_2485242"
	Cpus = 1
	Disk = 5480
	GPUs = 0
	machine_token = 0
	Memory = 6016
...
006 (19533549.000.000) 2026-06-02 16:16:47 Image size of job updated: 118792
	117  -  MemoryUsage of job (MB)
	118792  -  ResidentSetSize of job (KB)
...
006 (19533549.000.000) 2026-06-02 16:21:48 Image size of job updated: 144304
	141  -  MemoryUsage of job (MB)
	144304  -  ResidentSetSize of job (KB)
...
022 (19533549.000.000) 2026-06-02 16:23:27 Job disconnected, attempting to reconnect
    Socket between submit and execute hosts closed unexpectedly
    Trying to reconnect to slot1_215@n-gibyte-01.icecube.wisc.edu <10.128.10.116:38163?addrs=10.128.10.116-38163&alias=n-gibyte-01.icecube.wisc.edu>
...
024 (19533549.000.000) 2026-06-02 17:03:27 Job reconnection failed
    Job disconnected too long: JobLeaseDuration (2400 seconds) expired
    Can not reconnect to slot1_215@n-gibyte-01.icecube.wisc.edu, rescheduling job
...
004 (19533549.000.000) 2026-06-02 17:03:37 Job was evicted.
	(0) CPU times
		Usr 0 00:04:48, Sys 0 00:00:03  -  Run Remote Usage
		Usr 0 00:00:00, Sys 0 00:00:00  -  Run Local Usage
	0  -  Run Bytes Sent By Job
	0  -  Run Bytes Received By Job
	Job disconnected too long: JobLeaseDuration (2400 seconds) expired
	Partitionable Resources :    Usage  Request Allocated 
	   admin_mutex_1         :                           0 
	   admin_mutex_2         :                           0 
	   admin_mutex_3         :                           0 
	   Cpus                  :     0.99        1         1 
	   Disk (KB)             :    12        2048      5480 
	   GPUs                  :                           0 
	   machine_token         :                           0 
	   Memory (MB)           :   141        6000      6016 
...
001 (19533549.000.000) 2026-06-02 17:09:11 Job executing on host: <10.128.10.117:43719?addrs=10.128.10.117-43719&alias=n-gibyte-02.icecube.wisc.edu>
	SlotName: slot1_420@n-gibyte-02.icecube.wisc.edu
	admin_mutex_1 = 0
	admin_mutex_2 = 0
	admin_mutex_3 = 0
	CondorScratchDir = "/scratch/condor/dir_3613111"
	Cpus = 1
	Disk = 5480
	GPUs = 0
	machine_token = 0
	Memory = 6016
...
006 (19533549.000.000) 2026-06-02 17:19:26 Image size of job updated: 165900
	163  -  MemoryUsage of job (MB)
	165900  -  ResidentSetSize of job (KB)
...
006 (19533549.000.000) 2026-06-02 17:24:27 Image size of job updated: 297984
	291  -  MemoryUsage of job (MB)
	297984  -  ResidentSetSize of job (KB)
...
006 (19533549.000.000) 2026-06-02 17:25:51 Image size of job updated: 303340
	291  -  MemoryUsage of job (MB)
	297984  -  ResidentSetSize of job (KB)
...
005 (19533549.000.000) 2026-06-02 17:25:51 Job terminated.
	(1) Normal termination (return value 0)
		Usr 0 00:15:50, Sys 0 00:00:11  -  Run Remote Usage
		Usr 0 00:00:00, Sys 0 00:00:00  -  Run Local Usage
		Usr 0 00:20:38, Sys 0 00:00:14  -  Total Remote Usage
		Usr 0 00:00:00, Sys 0 00:00:00  -  Total Local Usage
	0  -  Run Bytes Sent By Job
	0  -  Run Bytes Received By Job
	0  -  Total Bytes Sent By Job
	0  -  Total Bytes Received By Job
	Partitionable Resources :    Usage  Request Allocated 
	   admin_mutex_1         :                           0 
	   admin_mutex_2         :                           0 
	   admin_mutex_3         :                           0 
	   Cpus                  :     0.96        1         1 
	   Disk (KB)             :    12        2048      5480 
	   GPUs                  :                           0 
	   machine_token         :                           0 
	   Memory (MB)           :   291        6000      6016 
	   TimeExecute (s)       :  1000                       
	   TimeSlotBusy (s)      :  1001                       

	Job terminated of its own accord at 2026-06-02T22:25:51Z with exit-code 0.
...
