000 (19537781.000.000) 2026-06-02 15:59:59 Job submitted from host: <10.128.10.103:9618?addrs=10.128.10.103-9618&alias=npx-submitter.icecube.wisc.edu&noUDP&sock=schedd_2449_6386>
    DAG Node: Drootprod_20201129_893
...
001 (19537781.000.000) 2026-06-02 17:41:42 Job executing on host: <10.128.10.54:45483?addrs=10.128.10.54-45483&alias=n-m610-44.icecube.wisc.edu>
	SlotName: slot1_6@n-m610-44.icecube.wisc.edu
	admin_mutex_1 = 0
	admin_mutex_2 = 0
	admin_mutex_3 = 0
	CondorScratchDir = "/scratch/condor/dir_1148647"
	Cpus = 1
	Disk = 3072
	GPUs = 0
	machine_token = 0
	Memory = 6016
...
006 (19537781.000.000) 2026-06-02 17:41:55 Image size of job updated: 119684
	117  -  MemoryUsage of job (MB)
	119684  -  ResidentSetSize of job (KB)
...
006 (19537781.000.000) 2026-06-02 17:46:55 Image size of job updated: 163848
	161  -  MemoryUsage of job (MB)
	163848  -  ResidentSetSize of job (KB)
...
006 (19537781.000.000) 2026-06-02 17:50:15 Image size of job updated: 299508
	161  -  MemoryUsage of job (MB)
	163848  -  ResidentSetSize of job (KB)
...
005 (19537781.000.000) 2026-06-02 17:50:15 Job terminated.
	(1) Normal termination (return value 0)
		Usr 0 00:08:01, Sys 0 00:00:07  -  Run Remote Usage
		Usr 0 00:00:00, Sys 0 00:00:00  -  Run Local Usage
		Usr 0 00:08:01, Sys 0 00:00:07  -  Total Remote Usage
		Usr 0 00:00:00, Sys 0 00:00:00  -  Total Local Usage
	0  -  Run Bytes Sent By Job
	0  -  Run Bytes Received By Job
	0  -  Total Bytes Sent By Job
	0  -  Total Bytes Received By Job
	Partitionable Resources :    Usage  Request Allocated 
	   admin_mutex_1         :                           0 
	   admin_mutex_2         :                           0 
	   admin_mutex_3         :                           0 
	   Cpus                  :     0.96        1         1 
	   Disk (KB)             :    15        2048      3072 
	   GPUs                  :                           0 
	   machine_token         :                           0 
	   Memory (MB)           :   161        6000      6016 
	   TimeExecute (s)       :   513                       
	   TimeSlotBusy (s)      :   513                       

	Job terminated of its own accord at 2026-06-02T22:50:15Z with exit-code 0.
...
