000 (19536387.000.000) 2026-06-02 15:56:21 Job submitted from host: <10.128.10.103:9618?addrs=10.128.10.103-9618&alias=npx-submitter.icecube.wisc.edu&noUDP&sock=schedd_2449_6386>
    DAG Node: Drootprod_20200806_28541
...
001 (19536387.000.000) 2026-06-02 17:19:43 Job executing on host: <10.128.10.188:45333?addrs=10.128.10.188-45333&alias=n-smepyc-01.icecube.wisc.edu>
	SlotName: slot1_77@n-smepyc-01.icecube.wisc.edu
	admin_mutex_1 = 0
	admin_mutex_2 = 0
	admin_mutex_3 = 0
	CondorScratchDir = "/scratch/condor/dir_4163402"
	Cpus = 1
	Disk = 3072
	GPUs = 0
	machine_token = 0
	Memory = 6016
...
006 (19536387.000.000) 2026-06-02 17:19:56 Image size of job updated: 121512
	119  -  MemoryUsage of job (MB)
	121512  -  ResidentSetSize of job (KB)
...
006 (19536387.000.000) 2026-06-02 17:24:56 Image size of job updated: 171120
	168  -  MemoryUsage of job (MB)
	171120  -  ResidentSetSize of job (KB)
...
006 (19536387.000.000) 2026-06-02 17:27:02 Image size of job updated: 301632
	168  -  MemoryUsage of job (MB)
	171120  -  ResidentSetSize of job (KB)
...
005 (19536387.000.000) 2026-06-02 17:27:02 Job terminated.
	(1) Normal termination (return value 0)
		Usr 0 00:06:53, Sys 0 00:00:07  -  Run Remote Usage
		Usr 0 00:00:00, Sys 0 00:00:00  -  Run Local Usage
		Usr 0 00:06:53, Sys 0 00:00:07  -  Total Remote Usage
		Usr 0 00:00:00, Sys 0 00:00:00  -  Total Local Usage
	0  -  Run Bytes Sent By Job
	0  -  Run Bytes Received By Job
	0  -  Total Bytes Sent By Job
	0  -  Total Bytes Received By Job
	Partitionable Resources :    Usage  Request Allocated 
	   admin_mutex_1         :                           0 
	   admin_mutex_2         :                           0 
	   admin_mutex_3         :                           0 
	   Cpus                  :     0.98        1         1 
	   Disk (KB)             :    10        2048      3072 
	   GPUs                  :                           0 
	   machine_token         :                           0 
	   Memory (MB)           :   168        6000      6016 
	   TimeExecute (s)       :   439                       
	   TimeSlotBusy (s)      :   439                       

	Job terminated of its own accord at 2026-06-02T22:27:02Z with exit-code 0.
...
