000 (19535335.000.000) 2026-06-02 15:54:07 Job submitted from host: <10.128.10.103:9618?addrs=10.128.10.103-9618&alias=npx-submitter.icecube.wisc.edu&noUDP&sock=schedd_2449_6386>
    DAG Node: Drootprod_20200525_15893
...
001 (19535335.000.000) 2026-06-02 16:51:20 Job executing on host: <10.128.10.44:44273?addrs=10.128.10.44-44273&alias=n-m610-34.icecube.wisc.edu>
	SlotName: slot1_5@n-m610-34.icecube.wisc.edu
	admin_mutex_1 = 0
	admin_mutex_2 = 0
	admin_mutex_3 = 0
	CondorScratchDir = "/scratch/condor/dir_2111806"
	Cpus = 1
	Disk = 3072
	GPUs = 0
	machine_token = 0
	Memory = 6016
...
006 (19535335.000.000) 2026-06-02 16:51:33 Image size of job updated: 121120
	119  -  MemoryUsage of job (MB)
	121120  -  ResidentSetSize of job (KB)
...
006 (19535335.000.000) 2026-06-02 16:56:33 Image size of job updated: 163164
	160  -  MemoryUsage of job (MB)
	163164  -  ResidentSetSize of job (KB)
...
006 (19535335.000.000) 2026-06-02 17:00:35 Image size of job updated: 305720
	160  -  MemoryUsage of job (MB)
	163164  -  ResidentSetSize of job (KB)
...
005 (19535335.000.000) 2026-06-02 17:00:35 Job terminated.
	(1) Normal termination (return value 0)
		Usr 0 00:08:39, Sys 0 00:00:07  -  Run Remote Usage
		Usr 0 00:00:00, Sys 0 00:00:00  -  Run Local Usage
		Usr 0 00:08:39, Sys 0 00:00:07  -  Total Remote Usage
		Usr 0 00:00:00, Sys 0 00:00:00  -  Total Local Usage
	0  -  Run Bytes Sent By Job
	0  -  Run Bytes Received By Job
	0  -  Total Bytes Sent By Job
	0  -  Total Bytes Received By Job
	Partitionable Resources :    Usage  Request Allocated 
	   admin_mutex_1         :                           0 
	   admin_mutex_2         :                           0 
	   admin_mutex_3         :                           0 
	   Cpus                  :     0.96        1         1 
	   Disk (KB)             :    10        2048      3072 
	   GPUs                  :                           0 
	   machine_token         :                           0 
	   Memory (MB)           :   160        6000      6016 
	   TimeExecute (s)       :   555                       
	   TimeSlotBusy (s)      :   555                       

	Job terminated of its own accord at 2026-06-02T22:00:35Z with exit-code 0.
...
