000 (19533237.000.000) 2026-06-02 15:49:56 Job submitted from host: <10.128.10.103:9618?addrs=10.128.10.103-9618&alias=npx-submitter.icecube.wisc.edu&noUDP&sock=schedd_2449_6386>
    DAG Node: Drootprod_20200116_87668
...
001 (19533237.000.000) 2026-06-02 16:09:36 Job executing on host: <10.128.11.118:40551?addrs=10.128.11.118-40551&alias=n-r720-58.icecube.wisc.edu>
	SlotName: slot1_1@n-r720-58.icecube.wisc.edu
	admin_mutex_1 = 0
	admin_mutex_2 = 0
	admin_mutex_3 = 0
	CondorScratchDir = "/scratch/condor/dir_2968581"
	Cpus = 1
	Disk = 3072
	GPUs = 0
	machine_token = 0
	Memory = 6016
...
006 (19533237.000.000) 2026-06-02 16:09:50 Image size of job updated: 119036
	117  -  MemoryUsage of job (MB)
	119036  -  ResidentSetSize of job (KB)
...
006 (19533237.000.000) 2026-06-02 16:14:51 Image size of job updated: 142236
	139  -  MemoryUsage of job (MB)
	142236  -  ResidentSetSize of job (KB)
...
006 (19533237.000.000) 2026-06-02 16:19:52 Image size of job updated: 161192
	158  -  MemoryUsage of job (MB)
	161192  -  ResidentSetSize of job (KB)
...
006 (19533237.000.000) 2026-06-02 16:24:52 Image size of job updated: 180420
	177  -  MemoryUsage of job (MB)
	180420  -  ResidentSetSize of job (KB)
...
006 (19533237.000.000) 2026-06-02 16:28:03 Image size of job updated: 304108
	177  -  MemoryUsage of job (MB)
	180420  -  ResidentSetSize of job (KB)
...
005 (19533237.000.000) 2026-06-02 16:28:03 Job terminated.
	(1) Normal termination (return value 0)
		Usr 0 00:17:07, Sys 0 00:00:11  -  Run Remote Usage
		Usr 0 00:00:00, Sys 0 00:00:00  -  Run Local Usage
		Usr 0 00:17:07, Sys 0 00:00:11  -  Total Remote Usage
		Usr 0 00:00:00, Sys 0 00:00:00  -  Total Local Usage
	0  -  Run Bytes Sent By Job
	0  -  Run Bytes Received By Job
	0  -  Total Bytes Sent By Job
	0  -  Total Bytes Received By Job
	Partitionable Resources :    Usage  Request Allocated 
	   admin_mutex_1         :                           0 
	   admin_mutex_2         :                           0 
	   admin_mutex_3         :                           0 
	   Cpus                  :     0.99        1         1 
	   Disk (KB)             :    15        2048      3072 
	   GPUs                  :                           0 
	   machine_token         :                           0 
	   Memory (MB)           :   177        6000      6016 
	   TimeExecute (s)       :  1107                       
	   TimeSlotBusy (s)      :  1107                       

	Job terminated of its own accord at 2026-06-02T21:28:03Z with exit-code 0.
...
