000 (19536110.000.000) 2026-06-02 15:55:46 Job submitted from host: <10.128.10.103:9618?addrs=10.128.10.103-9618&alias=npx-submitter.icecube.wisc.edu&noUDP&sock=schedd_2449_6386>
    DAG Node: Drootprod_20200717_25006
...
001 (19536110.000.000) 2026-06-02 17:14:28 Job executing on host: <10.128.10.117:43719?addrs=10.128.10.117-43719&alias=n-gibyte-02.icecube.wisc.edu>
	SlotName: slot1_150@n-gibyte-02.icecube.wisc.edu
	admin_mutex_1 = 0
	admin_mutex_2 = 0
	admin_mutex_3 = 0
	CondorScratchDir = "/scratch/condor/dir_3635352"
	Cpus = 1
	Disk = 5480
	GPUs = 0
	machine_token = 0
	Memory = 6016
...
006 (19536110.000.000) 2026-06-02 17:14:41 Image size of job updated: 119808
	117  -  MemoryUsage of job (MB)
	119808  -  ResidentSetSize of job (KB)
...
006 (19536110.000.000) 2026-06-02 17:19:41 Image size of job updated: 145804
	143  -  MemoryUsage of job (MB)
	145804  -  ResidentSetSize of job (KB)
...
006 (19536110.000.000) 2026-06-02 17:24:42 Image size of job updated: 167380
	164  -  MemoryUsage of job (MB)
	167380  -  ResidentSetSize of job (KB)
...
006 (19536110.000.000) 2026-06-02 17:29:42 Image size of job updated: 301272
	295  -  MemoryUsage of job (MB)
	301272  -  ResidentSetSize of job (KB)
...
006 (19536110.000.000) 2026-06-02 17:30:21 Image size of job updated: 304028
	295  -  MemoryUsage of job (MB)
	301272  -  ResidentSetSize of job (KB)
...
005 (19536110.000.000) 2026-06-02 17:30:21 Job terminated.
	(1) Normal termination (return value 0)
		Usr 0 00:15:08, Sys 0 00:00:10  -  Run Remote Usage
		Usr 0 00:00:00, Sys 0 00:00:00  -  Run Local Usage
		Usr 0 00:15:08, Sys 0 00:00:10  -  Total Remote Usage
		Usr 0 00:00:00, Sys 0 00:00:00  -  Total Local Usage
	0  -  Run Bytes Sent By Job
	0  -  Run Bytes Received By Job
	0  -  Total Bytes Sent By Job
	0  -  Total Bytes Received By Job
	Partitionable Resources :    Usage  Request Allocated 
	   admin_mutex_1         :                           0 
	   admin_mutex_2         :                           0 
	   admin_mutex_3         :                           0 
	   Cpus                  :     0.98        1         1 
	   Disk (KB)             :    10        2048      5480 
	   GPUs                  :                           0 
	   machine_token         :                           0 
	   Memory (MB)           :   295        6000      6016 
	   TimeExecute (s)       :   953                       
	   TimeSlotBusy (s)      :   954                       

	Job terminated of its own accord at 2026-06-02T22:30:21Z with exit-code 0.
...
