000 (19536314.000.000) 2026-06-02 15:56:11 Job submitted from host: <10.128.10.103:9618?addrs=10.128.10.103-9618&alias=npx-submitter.icecube.wisc.edu&noUDP&sock=schedd_2449_6386>
    DAG Node: Drootprod_20200801_59089
...
001 (19536314.000.000) 2026-06-02 17:18:08 Job executing on host: <10.128.10.117:43719?addrs=10.128.10.117-43719&alias=n-gibyte-02.icecube.wisc.edu>
	SlotName: slot1_384@n-gibyte-02.icecube.wisc.edu
	admin_mutex_1 = 0
	admin_mutex_2 = 0
	admin_mutex_3 = 0
	CondorScratchDir = "/scratch/condor/dir_3653652"
	Cpus = 1
	Disk = 5480
	GPUs = 0
	machine_token = 0
	Memory = 6016
...
006 (19536314.000.000) 2026-06-02 17:18:22 Image size of job updated: 118772
	116  -  MemoryUsage of job (MB)
	118772  -  ResidentSetSize of job (KB)
...
006 (19536314.000.000) 2026-06-02 17:23:23 Image size of job updated: 144604
	142  -  MemoryUsage of job (MB)
	144604  -  ResidentSetSize of job (KB)
...
006 (19536314.000.000) 2026-06-02 17:28:23 Image size of job updated: 166660
	163  -  MemoryUsage of job (MB)
	166660  -  ResidentSetSize of job (KB)
...
006 (19536314.000.000) 2026-06-02 17:33:24 Image size of job updated: 301404
	295  -  MemoryUsage of job (MB)
	301404  -  ResidentSetSize of job (KB)
...
006 (19536314.000.000) 2026-06-02 17:34:48 Image size of job updated: 307164
	295  -  MemoryUsage of job (MB)
	301404  -  ResidentSetSize of job (KB)
...
005 (19536314.000.000) 2026-06-02 17:34:48 Job terminated.
	(1) Normal termination (return value 0)
		Usr 0 00:15:50, Sys 0 00:00:10  -  Run Remote Usage
		Usr 0 00:00:00, Sys 0 00:00:00  -  Run Local Usage
		Usr 0 00:15:50, Sys 0 00:00:10  -  Total Remote Usage
		Usr 0 00:00:00, Sys 0 00:00:00  -  Total Local Usage
	0  -  Run Bytes Sent By Job
	0  -  Run Bytes Received By Job
	0  -  Total Bytes Sent By Job
	0  -  Total Bytes Received By Job
	Partitionable Resources :    Usage  Request Allocated 
	   admin_mutex_1         :                           0 
	   admin_mutex_2         :                           0 
	   admin_mutex_3         :                           0 
	   Cpus                  :     0.97        1         1 
	   Disk (KB)             :    12        2048      5480 
	   GPUs                  :                           0 
	   machine_token         :                           0 
	   Memory (MB)           :   295        6000      6016 
	   TimeExecute (s)       :  1000                       
	   TimeSlotBusy (s)      :  1001                       

	Job terminated of its own accord at 2026-06-02T22:34:48Z with exit-code 0.
...
