000 (19534510.000.000) 2026-06-02 15:52:32 Job submitted from host: <10.128.10.103:9618?addrs=10.128.10.103-9618&alias=npx-submitter.icecube.wisc.edu&noUDP&sock=schedd_2449_6386>
    DAG Node: Drootprod_20200408_13258
...
001 (19534510.000.000) 2026-06-02 16:35:35 Job executing on host: <10.128.10.206:37305?addrs=10.128.10.206-37305&alias=sm-storage-1.icecube.wisc.edu>
	SlotName: slot1_47@sm-storage-1.icecube.wisc.edu
	admin_mutex_1 = 0
	admin_mutex_2 = 0
	admin_mutex_3 = 0
	CondorScratchDir = "/scratch/condor/dir_3819265"
	Cpus = 1
	Disk = 3072
	GPUs = 0
	machine_token = 0
	Memory = 6016
...
006 (19534510.000.000) 2026-06-02 16:35:49 Image size of job updated: 119280
	117  -  MemoryUsage of job (MB)
	119280  -  ResidentSetSize of job (KB)
...
006 (19534510.000.000) 2026-06-02 16:40:50 Image size of job updated: 144068
	141  -  MemoryUsage of job (MB)
	144068  -  ResidentSetSize of job (KB)
...
006 (19534510.000.000) 2026-06-02 16:45:50 Image size of job updated: 165688
	162  -  MemoryUsage of job (MB)
	165688  -  ResidentSetSize of job (KB)
...
006 (19534510.000.000) 2026-06-02 16:50:50 Image size of job updated: 299060
	293  -  MemoryUsage of job (MB)
	299060  -  ResidentSetSize of job (KB)
...
006 (19534510.000.000) 2026-06-02 16:51:46 Image size of job updated: 302420
	293  -  MemoryUsage of job (MB)
	299060  -  ResidentSetSize of job (KB)
...
005 (19534510.000.000) 2026-06-02 16:51:46 Job terminated.
	(1) Normal termination (return value 0)
		Usr 0 00:15:24, Sys 0 00:00:06  -  Run Remote Usage
		Usr 0 00:00:00, Sys 0 00:00:00  -  Run Local Usage
		Usr 0 00:15:24, Sys 0 00:00:06  -  Total Remote Usage
		Usr 0 00:00:00, Sys 0 00:00:00  -  Total Local Usage
	0  -  Run Bytes Sent By Job
	0  -  Run Bytes Received By Job
	0  -  Total Bytes Sent By Job
	0  -  Total Bytes Received By Job
	Partitionable Resources :    Usage  Request Allocated 
	   admin_mutex_1         :                           0 
	   admin_mutex_2         :                           0 
	   admin_mutex_3         :                           0 
	   Cpus                  :     0.99        1         1 
	   Disk (KB)             :    10        2048      3072 
	   GPUs                  :                           0 
	   machine_token         :                           0 
	   Memory (MB)           :   293        6000      6016 
	   TimeExecute (s)       :   971                       
	   TimeSlotBusy (s)      :   971                       

	Job terminated of its own accord at 2026-06-02T21:51:46Z with exit-code 0.
...
