000 (19534883.000.000) 2026-06-02 15:53:15 Job submitted from host: <10.128.10.103:9618?addrs=10.128.10.103-9618&alias=npx-submitter.icecube.wisc.edu&noUDP&sock=schedd_2449_6386>
    DAG Node: Drootprod_20200428_93750
...
001 (19534883.000.000) 2026-06-02 16:42:52 Job executing on host: <10.128.10.115:33587?addrs=10.128.10.115-33587&alias=n-gibyte-00.icecube.wisc.edu>
	SlotName: slot1_463@n-gibyte-00.icecube.wisc.edu
	admin_mutex_1 = 0
	admin_mutex_2 = 0
	admin_mutex_3 = 0
	CondorScratchDir = "/scratch/condor/dir_2214744"
	Cpus = 1
	Disk = 5480
	GPUs = 0
	machine_token = 0
	Memory = 6016
...
006 (19534883.000.000) 2026-06-02 16:43:05 Image size of job updated: 119100
	117  -  MemoryUsage of job (MB)
	119100  -  ResidentSetSize of job (KB)
...
006 (19534883.000.000) 2026-06-02 16:48:06 Image size of job updated: 145484
	143  -  MemoryUsage of job (MB)
	145484  -  ResidentSetSize of job (KB)
...
006 (19534883.000.000) 2026-06-02 16:53:06 Image size of job updated: 164744
	161  -  MemoryUsage of job (MB)
	164744  -  ResidentSetSize of job (KB)
...
006 (19534883.000.000) 2026-06-02 16:58:07 Image size of job updated: 297828
	279  -  MemoryUsage of job (MB)
	285028  -  ResidentSetSize of job (KB)
...
005 (19534883.000.000) 2026-06-02 16:58:07 Job terminated.
	(1) Normal termination (return value 0)
		Usr 0 00:14:32, Sys 0 00:00:10  -  Run Remote Usage
		Usr 0 00:00:00, Sys 0 00:00:00  -  Run Local Usage
		Usr 0 00:14:32, Sys 0 00:00:10  -  Total Remote Usage
		Usr 0 00:00:00, Sys 0 00:00:00  -  Total Local Usage
	0  -  Run Bytes Sent By Job
	0  -  Run Bytes Received By Job
	0  -  Total Bytes Sent By Job
	0  -  Total Bytes Received By Job
	Partitionable Resources :    Usage  Request Allocated 
	   admin_mutex_1         :                           0 
	   admin_mutex_2         :                           0 
	   admin_mutex_3         :                           0 
	   Cpus                  :     0.98        1         1 
	   Disk (KB)             :    10        2048      5480 
	   GPUs                  :                           0 
	   machine_token         :                           0 
	   Memory (MB)           :   279        6000      6016 
	   TimeExecute (s)       :   915                       
	   TimeSlotBusy (s)      :   915                       

	Job terminated of its own accord at 2026-06-02T21:58:07Z with exit-code 0.
...
