000 (19533716.000.000) 2026-06-02 15:50:59 Job submitted from host: <10.128.10.103:9618?addrs=10.128.10.103-9618&alias=npx-submitter.icecube.wisc.edu&noUDP&sock=schedd_2449_6386>
    DAG Node: Drootprod_20200217_29535
...
001 (19533716.000.000) 2026-06-02 16:19:51 Job executing on host: <10.128.10.189:44027?addrs=10.128.10.189-44027&alias=n-smepyc-02.icecube.wisc.edu>
	SlotName: slot1_55@n-smepyc-02.icecube.wisc.edu
	admin_mutex_1 = 0
	admin_mutex_2 = 0
	admin_mutex_3 = 0
	CondorScratchDir = "/scratch/condor/dir_338031"
	Cpus = 1
	Disk = 3072
	GPUs = 0
	machine_token = 0
	Memory = 6016
...
006 (19533716.000.000) 2026-06-02 16:20:05 Image size of job updated: 122432
	120  -  MemoryUsage of job (MB)
	122432  -  ResidentSetSize of job (KB)
...
006 (19533716.000.000) 2026-06-02 16:25:06 Image size of job updated: 171780
	168  -  MemoryUsage of job (MB)
	171780  -  ResidentSetSize of job (KB)
...
006 (19533716.000.000) 2026-06-02 16:27:27 Image size of job updated: 306628
	168  -  MemoryUsage of job (MB)
	171780  -  ResidentSetSize of job (KB)
...
005 (19533716.000.000) 2026-06-02 16:27:27 Job terminated.
	(1) Normal termination (return value 0)
		Usr 0 00:06:36, Sys 0 00:00:07  -  Run Remote Usage
		Usr 0 00:00:00, Sys 0 00:00:00  -  Run Local Usage
		Usr 0 00:06:36, Sys 0 00:00:07  -  Total Remote Usage
		Usr 0 00:00:00, Sys 0 00:00:00  -  Total Local Usage
	0  -  Run Bytes Sent By Job
	0  -  Run Bytes Received By Job
	0  -  Total Bytes Sent By Job
	0  -  Total Bytes Received By Job
	Partitionable Resources :    Usage  Request Allocated 
	   admin_mutex_1         :                           0 
	   admin_mutex_2         :                           0 
	   admin_mutex_3         :                           0 
	   Cpus                  :     0.89        1         1 
	   Disk (KB)             :    15        2048      3072 
	   GPUs                  :                           0 
	   machine_token         :                           0 
	   Memory (MB)           :   168        6000      6016 
	   TimeExecute (s)       :   456                       
	   TimeSlotBusy (s)      :   456                       

	Job terminated of its own accord at 2026-06-02T21:27:27Z with exit-code 0.
...
