000 (19537957.000.000) 2026-06-02 16:00:44 Job submitted from host: <10.128.10.103:9618?addrs=10.128.10.103-9618&alias=npx-submitter.icecube.wisc.edu&noUDP&sock=schedd_2449_6386>
    DAG Node: Drootprod_20201224_2145
...
001 (19537957.000.000) 2026-06-02 17:43:38 Job executing on host: <10.128.10.115:33587?addrs=10.128.10.115-33587&alias=n-gibyte-00.icecube.wisc.edu>
	SlotName: slot1_398@n-gibyte-00.icecube.wisc.edu
	admin_mutex_1 = 0
	admin_mutex_2 = 0
	admin_mutex_3 = 0
	CondorScratchDir = "/scratch/condor/dir_2466892"
	Cpus = 1
	Disk = 5480
	GPUs = 0
	machine_token = 0
	Memory = 6016
...
006 (19537957.000.000) 2026-06-02 17:43:52 Image size of job updated: 119972
	118  -  MemoryUsage of job (MB)
	119972  -  ResidentSetSize of job (KB)
...
006 (19537957.000.000) 2026-06-02 17:48:53 Image size of job updated: 141320
	139  -  MemoryUsage of job (MB)
	141320  -  ResidentSetSize of job (KB)
...
006 (19537957.000.000) 2026-06-02 17:53:53 Image size of job updated: 156976
	154  -  MemoryUsage of job (MB)
	156976  -  ResidentSetSize of job (KB)
...
006 (19537957.000.000) 2026-06-02 17:58:54 Image size of job updated: 173108
	170  -  MemoryUsage of job (MB)
	173108  -  ResidentSetSize of job (KB)
...
006 (19537957.000.000) 2026-06-02 18:02:13 Image size of job updated: 184060
	170  -  MemoryUsage of job (MB)
	173108  -  ResidentSetSize of job (KB)
...
005 (19537957.000.000) 2026-06-02 18:02:13 Job terminated.
	(1) Normal termination (return value 0)
		Usr 0 00:17:42, Sys 0 00:00:10  -  Run Remote Usage
		Usr 0 00:00:00, Sys 0 00:00:00  -  Run Local Usage
		Usr 0 00:17:42, Sys 0 00:00:10  -  Total Remote Usage
		Usr 0 00:00:00, Sys 0 00:00:00  -  Total Local Usage
	0  -  Run Bytes Sent By Job
	0  -  Run Bytes Received By Job
	0  -  Total Bytes Sent By Job
	0  -  Total Bytes Received By Job
	Partitionable Resources :    Usage  Request Allocated 
	   admin_mutex_1         :                           0 
	   admin_mutex_2         :                           0 
	   admin_mutex_3         :                           0 
	   Cpus                  :     0.97        1         1 
	   Disk (KB)             :    15        2048      5480 
	   GPUs                  :                           0 
	   machine_token         :                           0 
	   Memory (MB)           :   170        6000      6016 
	   TimeExecute (s)       :  1115                       
	   TimeSlotBusy (s)      :  1116                       

	Job terminated of its own accord at 2026-06-02T23:02:13Z with exit-code 0.
...
