000 (19535343.000.000) 2026-06-02 15:54:08 Job submitted from host: <10.128.10.103:9618?addrs=10.128.10.103-9618&alias=npx-submitter.icecube.wisc.edu&noUDP&sock=schedd_2449_6386>
    DAG Node: Drootprod_20200526_7600
...
001 (19535343.000.000) 2026-06-02 16:51:57 Job executing on host: <10.128.10.115:33587?addrs=10.128.10.115-33587&alias=n-gibyte-00.icecube.wisc.edu>
	SlotName: slot1_24@n-gibyte-00.icecube.wisc.edu
	admin_mutex_1 = 0
	admin_mutex_2 = 0
	admin_mutex_3 = 0
	CondorScratchDir = "/scratch/condor/dir_2251556"
	Cpus = 1
	Disk = 5480
	GPUs = 0
	machine_token = 0
	Memory = 6016
...
006 (19535343.000.000) 2026-06-02 16:52:11 Image size of job updated: 121156
	119  -  MemoryUsage of job (MB)
	121156  -  ResidentSetSize of job (KB)
...
006 (19535343.000.000) 2026-06-02 16:57:12 Image size of job updated: 149828
	147  -  MemoryUsage of job (MB)
	149828  -  ResidentSetSize of job (KB)
...
006 (19535343.000.000) 2026-06-02 17:02:12 Image size of job updated: 172684
	169  -  MemoryUsage of job (MB)
	172684  -  ResidentSetSize of job (KB)
...
006 (19535343.000.000) 2026-06-02 17:06:54 Image size of job updated: 306440
	169  -  MemoryUsage of job (MB)
	172684  -  ResidentSetSize of job (KB)
...
005 (19535343.000.000) 2026-06-02 17:06:54 Job terminated.
	(1) Normal termination (return value 0)
		Usr 0 00:13:43, Sys 0 00:00:10  -  Run Remote Usage
		Usr 0 00:00:00, Sys 0 00:00:00  -  Run Local Usage
		Usr 0 00:13:43, Sys 0 00:00:10  -  Total Remote Usage
		Usr 0 00:00:00, Sys 0 00:00:00  -  Total Local Usage
	0  -  Run Bytes Sent By Job
	0  -  Run Bytes Received By Job
	0  -  Total Bytes Sent By Job
	0  -  Total Bytes Received By Job
	Partitionable Resources :    Usage  Request Allocated 
	   admin_mutex_1         :                           0 
	   admin_mutex_2         :                           0 
	   admin_mutex_3         :                           0 
	   Cpus                  :     0.98        1         1 
	   Disk (KB)             :    10        2048      5480 
	   GPUs                  :                           0 
	   machine_token         :                           0 
	   Memory (MB)           :   169        6000      6016 
	   TimeExecute (s)       :   897                       
	   TimeSlotBusy (s)      :   898                       

	Job terminated of its own accord at 2026-06-02T22:06:54Z with exit-code 0.
...
