000 (19537337.000.000) 2026-06-02 15:58:34 Job submitted from host: <10.128.10.103:9618?addrs=10.128.10.103-9618&alias=npx-submitter.icecube.wisc.edu&noUDP&sock=schedd_2449_6386>
    DAG Node: Drootprod_20201016_16318
...
001 (19537337.000.000) 2026-06-02 17:36:31 Job executing on host: <10.128.10.117:43719?addrs=10.128.10.117-43719&alias=n-gibyte-02.icecube.wisc.edu>
	SlotName: slot1_132@n-gibyte-02.icecube.wisc.edu
	admin_mutex_1 = 0
	admin_mutex_2 = 0
	admin_mutex_3 = 0
	CondorScratchDir = "/scratch/condor/dir_3731810"
	Cpus = 1
	Disk = 5480
	GPUs = 0
	machine_token = 0
	Memory = 6016
...
006 (19537337.000.000) 2026-06-02 17:36:45 Image size of job updated: 119040
	117  -  MemoryUsage of job (MB)
	119040  -  ResidentSetSize of job (KB)
...
006 (19537337.000.000) 2026-06-02 17:41:46 Image size of job updated: 143876
	141  -  MemoryUsage of job (MB)
	143876  -  ResidentSetSize of job (KB)
...
006 (19537337.000.000) 2026-06-02 17:46:46 Image size of job updated: 164872
	162  -  MemoryUsage of job (MB)
	164872  -  ResidentSetSize of job (KB)
...
006 (19537337.000.000) 2026-06-02 17:51:47 Image size of job updated: 178772
	175  -  MemoryUsage of job (MB)
	178772  -  ResidentSetSize of job (KB)
...
006 (19537337.000.000) 2026-06-02 17:56:48 Image size of job updated: 303584
	297  -  MemoryUsage of job (MB)
	303584  -  ResidentSetSize of job (KB)
...
006 (19537337.000.000) 2026-06-02 17:58:34 Image size of job updated: 308588
	297  -  MemoryUsage of job (MB)
	303584  -  ResidentSetSize of job (KB)
...
005 (19537337.000.000) 2026-06-02 17:58:34 Job terminated.
	(1) Normal termination (return value 0)
		Usr 0 00:21:08, Sys 0 00:00:11  -  Run Remote Usage
		Usr 0 00:00:00, Sys 0 00:00:00  -  Run Local Usage
		Usr 0 00:21:08, Sys 0 00:00:11  -  Total Remote Usage
		Usr 0 00:00:00, Sys 0 00:00:00  -  Total Local Usage
	0  -  Run Bytes Sent By Job
	0  -  Run Bytes Received By Job
	0  -  Total Bytes Sent By Job
	0  -  Total Bytes Received By Job
	Partitionable Resources :    Usage  Request Allocated 
	   admin_mutex_1         :                           0 
	   admin_mutex_2         :                           0 
	   admin_mutex_3         :                           0 
	   Cpus                  :     0.99        1         1 
	   Disk (KB)             :    10        2048      5480 
	   GPUs                  :                           0 
	   machine_token         :                           0 
	   Memory (MB)           :   297        6000      6016 
	   TimeExecute (s)       :  1323                       
	   TimeSlotBusy (s)      :  1324                       

	Job terminated of its own accord at 2026-06-02T22:58:34Z with exit-code 0.
...
