000 (19536797.000.000) 2026-06-02 15:57:14 Job submitted from host: <10.128.10.103:9618?addrs=10.128.10.103-9618&alias=npx-submitter.icecube.wisc.edu&noUDP&sock=schedd_2449_6386>
    DAG Node: Drootprod_20200902_65579
...
001 (19536797.000.000) 2026-06-02 17:26:57 Job executing on host: <10.128.10.117:43719?addrs=10.128.10.117-43719&alias=n-gibyte-02.icecube.wisc.edu>
	SlotName: slot1_176@n-gibyte-02.icecube.wisc.edu
	admin_mutex_1 = 0
	admin_mutex_2 = 0
	admin_mutex_3 = 0
	CondorScratchDir = "/scratch/condor/dir_3693202"
	Cpus = 1
	Disk = 5480
	GPUs = 0
	machine_token = 0
	Memory = 6016
...
006 (19536797.000.000) 2026-06-02 17:27:11 Image size of job updated: 119500
	117  -  MemoryUsage of job (MB)
	119500  -  ResidentSetSize of job (KB)
...
006 (19536797.000.000) 2026-06-02 17:32:12 Image size of job updated: 142540
	140  -  MemoryUsage of job (MB)
	142540  -  ResidentSetSize of job (KB)
...
006 (19536797.000.000) 2026-06-02 17:37:12 Image size of job updated: 162316
	159  -  MemoryUsage of job (MB)
	162316  -  ResidentSetSize of job (KB)
...
006 (19536797.000.000) 2026-06-02 17:42:12 Image size of job updated: 184104
	180  -  MemoryUsage of job (MB)
	184104  -  ResidentSetSize of job (KB)
...
006 (19536797.000.000) 2026-06-02 17:42:33 Image size of job updated: 294292
	180  -  MemoryUsage of job (MB)
	184104  -  ResidentSetSize of job (KB)
...
005 (19536797.000.000) 2026-06-02 17:42:33 Job terminated.
	(1) Normal termination (return value 0)
		Usr 0 00:14:53, Sys 0 00:00:09  -  Run Remote Usage
		Usr 0 00:00:00, Sys 0 00:00:00  -  Run Local Usage
		Usr 0 00:14:53, Sys 0 00:00:09  -  Total Remote Usage
		Usr 0 00:00:00, Sys 0 00:00:00  -  Total Local Usage
	0  -  Run Bytes Sent By Job
	0  -  Run Bytes Received By Job
	0  -  Total Bytes Sent By Job
	0  -  Total Bytes Received By Job
	Partitionable Resources :    Usage  Request Allocated 
	   admin_mutex_1         :                           0 
	   admin_mutex_2         :                           0 
	   admin_mutex_3         :                           0 
	   Cpus                  :     0.97        1         1 
	   Disk (KB)             :    10        2048      5480 
	   GPUs                  :                           0 
	   machine_token         :                           0 
	   Memory (MB)           :   180        6000      6016 
	   TimeExecute (s)       :   936                       
	   TimeSlotBusy (s)      :   937                       

	Job terminated of its own accord at 2026-06-02T22:42:33Z with exit-code 0.
...
