000 (19537797.000.000) 2026-06-02 16:00:02 Job submitted from host: <10.128.10.103:9618?addrs=10.128.10.103-9618&alias=npx-submitter.icecube.wisc.edu&noUDP&sock=schedd_2449_6386>
    DAG Node: Drootprod_20201202_44877
...
001 (19537797.000.000) 2026-06-02 17:41:45 Job executing on host: <10.128.10.187:34023?addrs=10.128.10.187-34023&alias=n-smepyc-00.icecube.wisc.edu>
	SlotName: slot1_55@n-smepyc-00.icecube.wisc.edu
	admin_mutex_1 = 0
	admin_mutex_2 = 0
	admin_mutex_3 = 0
	CondorScratchDir = "/scratch/condor/dir_2049979"
	Cpus = 1
	Disk = 3072
	GPUs = 0
	machine_token = 0
	Memory = 6016
...
006 (19537797.000.000) 2026-06-02 17:41:58 Image size of job updated: 121732
	119  -  MemoryUsage of job (MB)
	121732  -  ResidentSetSize of job (KB)
...
006 (19537797.000.000) 2026-06-02 17:46:58 Image size of job updated: 161536
	158  -  MemoryUsage of job (MB)
	161536  -  ResidentSetSize of job (KB)
...
006 (19537797.000.000) 2026-06-02 17:50:51 Image size of job updated: 299716
	158  -  MemoryUsage of job (MB)
	161536  -  ResidentSetSize of job (KB)
...
005 (19537797.000.000) 2026-06-02 17:50:51 Job terminated.
	(1) Normal termination (return value 0)
		Usr 0 00:08:34, Sys 0 00:00:07  -  Run Remote Usage
		Usr 0 00:00:00, Sys 0 00:00:00  -  Run Local Usage
		Usr 0 00:08:34, Sys 0 00:00:07  -  Total Remote Usage
		Usr 0 00:00:00, Sys 0 00:00:00  -  Total Local Usage
	0  -  Run Bytes Sent By Job
	0  -  Run Bytes Received By Job
	0  -  Total Bytes Sent By Job
	0  -  Total Bytes Received By Job
	Partitionable Resources :    Usage  Request Allocated 
	   admin_mutex_1         :                           0 
	   admin_mutex_2         :                           0 
	   admin_mutex_3         :                           0 
	   Cpus                  :     0.99        1         1 
	   Disk (KB)             :    15        2048      3072 
	   GPUs                  :                           0 
	   machine_token         :                           0 
	   Memory (MB)           :   158        6000      6016 
	   TimeExecute (s)       :   546                       
	   TimeSlotBusy (s)      :   547                       

	Job terminated of its own accord at 2026-06-02T22:50:51Z with exit-code 0.
...
