000 (19536137.000.000) 2026-06-02 15:55:49 Job submitted from host: <10.128.10.103:9618?addrs=10.128.10.103-9618&alias=npx-submitter.icecube.wisc.edu&noUDP&sock=schedd_2449_6386>
    DAG Node: Drootprod_20200720_76662
...
001 (19536137.000.000) 2026-06-02 17:14:38 Job executing on host: <10.128.10.117:43719?addrs=10.128.10.117-43719&alias=n-gibyte-02.icecube.wisc.edu>
	SlotName: slot1_505@n-gibyte-02.icecube.wisc.edu
	admin_mutex_1 = 0
	admin_mutex_2 = 0
	admin_mutex_3 = 0
	CondorScratchDir = "/scratch/condor/dir_3637862"
	Cpus = 1
	Disk = 5480
	GPUs = 0
	machine_token = 0
	Memory = 6016
...
006 (19536137.000.000) 2026-06-02 17:14:51 Image size of job updated: 119364
	117  -  MemoryUsage of job (MB)
	119364  -  ResidentSetSize of job (KB)
...
006 (19536137.000.000) 2026-06-02 17:19:51 Image size of job updated: 145128
	142  -  MemoryUsage of job (MB)
	145128  -  ResidentSetSize of job (KB)
...
006 (19536137.000.000) 2026-06-02 17:24:51 Image size of job updated: 166988
	164  -  MemoryUsage of job (MB)
	166988  -  ResidentSetSize of job (KB)
...
006 (19536137.000.000) 2026-06-02 17:29:52 Image size of job updated: 300964
	294  -  MemoryUsage of job (MB)
	300964  -  ResidentSetSize of job (KB)
...
006 (19536137.000.000) 2026-06-02 17:31:19 Image size of job updated: 307112
	294  -  MemoryUsage of job (MB)
	300964  -  ResidentSetSize of job (KB)
...
005 (19536137.000.000) 2026-06-02 17:31:19 Job terminated.
	(1) Normal termination (return value 0)
		Usr 0 00:15:54, Sys 0 00:00:10  -  Run Remote Usage
		Usr 0 00:00:00, Sys 0 00:00:00  -  Run Local Usage
		Usr 0 00:15:54, Sys 0 00:00:10  -  Total Remote Usage
		Usr 0 00:00:00, Sys 0 00:00:00  -  Total Local Usage
	0  -  Run Bytes Sent By Job
	0  -  Run Bytes Received By Job
	0  -  Total Bytes Sent By Job
	0  -  Total Bytes Received By Job
	Partitionable Resources :    Usage  Request Allocated 
	   admin_mutex_1         :                           0 
	   admin_mutex_2         :                           0 
	   admin_mutex_3         :                           0 
	   Cpus                  :     0.99        1         1 
	   Disk (KB)             :    10        2048      5480 
	   GPUs                  :                           0 
	   machine_token         :                           0 
	   Memory (MB)           :   294        6000      6016 
	   TimeExecute (s)       :  1001                       
	   TimeSlotBusy (s)      :  1002                       

	Job terminated of its own accord at 2026-06-02T22:31:19Z with exit-code 0.
...
