000 (19534688.000.000) 2026-06-02 15:52:51 Job submitted from host: <10.128.10.103:9618?addrs=10.128.10.103-9618&alias=npx-submitter.icecube.wisc.edu&noUDP&sock=schedd_2449_6386>
    DAG Node: Drootprod_20200416_33355
...
001 (19534688.000.000) 2026-06-02 16:39:15 Job executing on host: <10.128.10.117:43719?addrs=10.128.10.117-43719&alias=n-gibyte-02.icecube.wisc.edu>
	SlotName: slot1_101@n-gibyte-02.icecube.wisc.edu
	admin_mutex_1 = 0
	admin_mutex_2 = 0
	admin_mutex_3 = 0
	CondorScratchDir = "/scratch/condor/dir_3488848"
	Cpus = 1
	Disk = 5480
	GPUs = 0
	machine_token = 0
	Memory = 6016
...
006 (19534688.000.000) 2026-06-02 16:39:29 Image size of job updated: 119712
	117  -  MemoryUsage of job (MB)
	119712  -  ResidentSetSize of job (KB)
...
006 (19534688.000.000) 2026-06-02 16:44:30 Image size of job updated: 145648
	143  -  MemoryUsage of job (MB)
	145648  -  ResidentSetSize of job (KB)
...
006 (19534688.000.000) 2026-06-02 16:49:30 Image size of job updated: 167932
	164  -  MemoryUsage of job (MB)
	167932  -  ResidentSetSize of job (KB)
...
006 (19534688.000.000) 2026-06-02 16:54:31 Image size of job updated: 300736
	294  -  MemoryUsage of job (MB)
	300736  -  ResidentSetSize of job (KB)
...
006 (19534688.000.000) 2026-06-02 16:55:49 Image size of job updated: 306556
	294  -  MemoryUsage of job (MB)
	300736  -  ResidentSetSize of job (KB)
...
005 (19534688.000.000) 2026-06-02 16:55:49 Job terminated.
	(1) Normal termination (return value 0)
		Usr 0 00:15:44, Sys 0 00:00:11  -  Run Remote Usage
		Usr 0 00:00:00, Sys 0 00:00:00  -  Run Local Usage
		Usr 0 00:15:44, Sys 0 00:00:11  -  Total Remote Usage
		Usr 0 00:00:00, Sys 0 00:00:00  -  Total Local Usage
	0  -  Run Bytes Sent By Job
	0  -  Run Bytes Received By Job
	0  -  Total Bytes Sent By Job
	0  -  Total Bytes Received By Job
	Partitionable Resources :    Usage  Request Allocated 
	   admin_mutex_1         :                           0 
	   admin_mutex_2         :                           0 
	   admin_mutex_3         :                           0 
	   Cpus                  :     0.99        1         1 
	   Disk (KB)             :    12        2048      5480 
	   GPUs                  :                           0 
	   machine_token         :                           0 
	   Memory (MB)           :   294        6000      6016 
	   TimeExecute (s)       :   994                       
	   TimeSlotBusy (s)      :   995                       

	Job terminated of its own accord at 2026-06-02T21:55:49Z with exit-code 0.
...
