000 (19535747.000.000) 2026-06-02 15:55:01 Job submitted from host: <10.128.10.103:9618?addrs=10.128.10.103-9618&alias=npx-submitter.icecube.wisc.edu&noUDP&sock=schedd_2449_6386>
    DAG Node: Drootprod_20200622_17930
...
001 (19535747.000.000) 2026-06-02 16:59:12 Job executing on host: <10.128.10.117:43719?addrs=10.128.10.117-43719&alias=n-gibyte-02.icecube.wisc.edu>
	SlotName: slot1_335@n-gibyte-02.icecube.wisc.edu
	admin_mutex_1 = 0
	admin_mutex_2 = 0
	admin_mutex_3 = 0
	CondorScratchDir = "/scratch/condor/dir_3573567"
	Cpus = 1
	Disk = 5480
	GPUs = 0
	machine_token = 0
	Memory = 6016
...
006 (19535747.000.000) 2026-06-02 16:59:26 Image size of job updated: 119412
	117  -  MemoryUsage of job (MB)
	119412  -  ResidentSetSize of job (KB)
...
006 (19535747.000.000) 2026-06-02 17:04:27 Image size of job updated: 142348
	140  -  MemoryUsage of job (MB)
	142348  -  ResidentSetSize of job (KB)
...
006 (19535747.000.000) 2026-06-02 17:09:27 Image size of job updated: 163124
	160  -  MemoryUsage of job (MB)
	163124  -  ResidentSetSize of job (KB)
...
006 (19535747.000.000) 2026-06-02 17:14:28 Image size of job updated: 295704
	289  -  MemoryUsage of job (MB)
	295704  -  ResidentSetSize of job (KB)
...
006 (19535747.000.000) 2026-06-02 17:15:54 Image size of job updated: 300596
	289  -  MemoryUsage of job (MB)
	295704  -  ResidentSetSize of job (KB)
...
005 (19535747.000.000) 2026-06-02 17:15:54 Job terminated.
	(1) Normal termination (return value 0)
		Usr 0 00:15:41, Sys 0 00:00:10  -  Run Remote Usage
		Usr 0 00:00:00, Sys 0 00:00:00  -  Run Local Usage
		Usr 0 00:15:41, Sys 0 00:00:10  -  Total Remote Usage
		Usr 0 00:00:00, Sys 0 00:00:00  -  Total Local Usage
	0  -  Run Bytes Sent By Job
	0  -  Run Bytes Received By Job
	0  -  Total Bytes Sent By Job
	0  -  Total Bytes Received By Job
	Partitionable Resources :    Usage  Request Allocated 
	   admin_mutex_1         :                           0 
	   admin_mutex_2         :                           0 
	   admin_mutex_3         :                           0 
	   Cpus                  :     0.90        1         1 
	   Disk (KB)             :    10        2048      5480 
	   GPUs                  :                           0 
	   machine_token         :                           0 
	   Memory (MB)           :   289        6000      6016 
	   TimeExecute (s)       :  1002                       
	   TimeSlotBusy (s)      :  1003                       

	Job terminated of its own accord at 2026-06-02T22:15:54Z with exit-code 0.
...
