000 (19534082.000.000) 2026-06-02 15:51:45 Job submitted from host: <10.128.10.103:9618?addrs=10.128.10.103-9618&alias=npx-submitter.icecube.wisc.edu&noUDP&sock=schedd_2449_6386>
    DAG Node: Drootprod_20200313_71751
...
001 (19534082.000.000) 2026-06-02 16:27:11 Job executing on host: <10.128.10.191:42321?addrs=10.128.10.191-42321&alias=n-smepyc-04.icecube.wisc.edu>
	SlotName: slot1_36@n-smepyc-04.icecube.wisc.edu
	admin_mutex_1 = 0
	admin_mutex_2 = 0
	admin_mutex_3 = 0
	CondorScratchDir = "/scratch/condor/dir_136235"
	Cpus = 1
	Disk = 3072
	GPUs = 0
	machine_token = 0
	Memory = 6016
...
006 (19534082.000.000) 2026-06-02 16:27:25 Image size of job updated: 123008
	121  -  MemoryUsage of job (MB)
	123008  -  ResidentSetSize of job (KB)
...
006 (19534082.000.000) 2026-06-02 16:32:26 Image size of job updated: 170836
	167  -  MemoryUsage of job (MB)
	170836  -  ResidentSetSize of job (KB)
...
006 (19534082.000.000) 2026-06-02 16:35:21 Image size of job updated: 307284
	167  -  MemoryUsage of job (MB)
	170836  -  ResidentSetSize of job (KB)
...
005 (19534082.000.000) 2026-06-02 16:35:21 Job terminated.
	(1) Normal termination (return value 0)
		Usr 0 00:07:14, Sys 0 00:00:07  -  Run Remote Usage
		Usr 0 00:00:00, Sys 0 00:00:00  -  Run Local Usage
		Usr 0 00:07:14, Sys 0 00:00:07  -  Total Remote Usage
		Usr 0 00:00:00, Sys 0 00:00:00  -  Total Local Usage
	0  -  Run Bytes Sent By Job
	0  -  Run Bytes Received By Job
	0  -  Total Bytes Sent By Job
	0  -  Total Bytes Received By Job
	Partitionable Resources :    Usage  Request Allocated 
	   admin_mutex_1         :                           0 
	   admin_mutex_2         :                           0 
	   admin_mutex_3         :                           0 
	   Cpus                  :     0.99        1         1 
	   Disk (KB)             :    12        2048      3072 
	   GPUs                  :                           0 
	   machine_token         :                           0 
	   Memory (MB)           :   167        6000      6016 
	   TimeExecute (s)       :   490                       
	   TimeSlotBusy (s)      :   490                       

	Job terminated of its own accord at 2026-06-02T21:35:21Z with exit-code 0.
...
