000 (19535960.000.000) 2026-06-02 15:55:27 Job submitted from host: <10.128.10.103:9618?addrs=10.128.10.103-9618&alias=npx-submitter.icecube.wisc.edu&noUDP&sock=schedd_2449_6386>
    DAG Node: Drootprod_20200708_52275
...
001 (19535960.000.000) 2026-06-02 17:03:20 Job executing on host: <10.128.10.115:33587?addrs=10.128.10.115-33587&alias=n-gibyte-00.icecube.wisc.edu>
	SlotName: slot1_450@n-gibyte-00.icecube.wisc.edu
	admin_mutex_1 = 0
	admin_mutex_2 = 0
	admin_mutex_3 = 0
	CondorScratchDir = "/scratch/condor/dir_2297144"
	Cpus = 1
	Disk = 5480
	GPUs = 0
	machine_token = 0
	Memory = 6016
...
006 (19535960.000.000) 2026-06-02 17:03:34 Image size of job updated: 119156
	117  -  MemoryUsage of job (MB)
	119156  -  ResidentSetSize of job (KB)
...
006 (19535960.000.000) 2026-06-02 17:08:35 Image size of job updated: 150096
	147  -  MemoryUsage of job (MB)
	150096  -  ResidentSetSize of job (KB)
...
006 (19535960.000.000) 2026-06-02 17:13:35 Image size of job updated: 173816
	170  -  MemoryUsage of job (MB)
	173816  -  ResidentSetSize of job (KB)
...
006 (19535960.000.000) 2026-06-02 17:16:52 Image size of job updated: 301168
	170  -  MemoryUsage of job (MB)
	173816  -  ResidentSetSize of job (KB)
...
005 (19535960.000.000) 2026-06-02 17:16:52 Job terminated.
	(1) Normal termination (return value 0)
		Usr 0 00:12:39, Sys 0 00:00:10  -  Run Remote Usage
		Usr 0 00:00:00, Sys 0 00:00:00  -  Run Local Usage
		Usr 0 00:12:39, Sys 0 00:00:10  -  Total Remote Usage
		Usr 0 00:00:00, Sys 0 00:00:00  -  Total Local Usage
	0  -  Run Bytes Sent By Job
	0  -  Run Bytes Received By Job
	0  -  Total Bytes Sent By Job
	0  -  Total Bytes Received By Job
	Partitionable Resources :    Usage  Request Allocated 
	   admin_mutex_1         :                           0 
	   admin_mutex_2         :                           0 
	   admin_mutex_3         :                           0 
	   Cpus                  :     0.98        1         1 
	   Disk (KB)             :    10        2048      5480 
	   GPUs                  :                           0 
	   machine_token         :                           0 
	   Memory (MB)           :   170        6000      6016 
	   TimeExecute (s)       :   812                       
	   TimeSlotBusy (s)      :   813                       

	Job terminated of its own accord at 2026-06-02T22:16:52Z with exit-code 0.
...
