000 (19537653.000.000) 2026-06-02 15:59:30 Job submitted from host: <10.128.10.103:9618?addrs=10.128.10.103-9618&alias=npx-submitter.icecube.wisc.edu&noUDP&sock=schedd_2449_6386>
    DAG Node: Drootprod_20201116_79491
...
001 (19537653.000.000) 2026-06-02 17:40:28 Job executing on host: <10.128.10.117:43719?addrs=10.128.10.117-43719&alias=n-gibyte-02.icecube.wisc.edu>
	SlotName: slot1_391@n-gibyte-02.icecube.wisc.edu
	admin_mutex_1 = 0
	admin_mutex_2 = 0
	admin_mutex_3 = 0
	CondorScratchDir = "/scratch/condor/dir_3749179"
	Cpus = 1
	Disk = 5480
	GPUs = 0
	machine_token = 0
	Memory = 6016
...
006 (19537653.000.000) 2026-06-02 17:40:42 Image size of job updated: 119256
	117  -  MemoryUsage of job (MB)
	119256  -  ResidentSetSize of job (KB)
...
006 (19537653.000.000) 2026-06-02 17:45:43 Image size of job updated: 144176
	141  -  MemoryUsage of job (MB)
	144176  -  ResidentSetSize of job (KB)
...
006 (19537653.000.000) 2026-06-02 17:50:43 Image size of job updated: 159512
	156  -  MemoryUsage of job (MB)
	159512  -  ResidentSetSize of job (KB)
...
006 (19537653.000.000) 2026-06-02 17:55:44 Image size of job updated: 172832
	169  -  MemoryUsage of job (MB)
	172832  -  ResidentSetSize of job (KB)
...
006 (19537653.000.000) 2026-06-02 18:00:45 Image size of job updated: 295352
	289  -  MemoryUsage of job (MB)
	295352  -  ResidentSetSize of job (KB)
...
006 (19537653.000.000) 2026-06-02 18:01:26 Image size of job updated: 296664
	289  -  MemoryUsage of job (MB)
	295352  -  ResidentSetSize of job (KB)
...
005 (19537653.000.000) 2026-06-02 18:01:26 Job terminated.
	(1) Normal termination (return value 0)
		Usr 0 00:19:57, Sys 0 00:00:10  -  Run Remote Usage
		Usr 0 00:00:00, Sys 0 00:00:00  -  Run Local Usage
		Usr 0 00:19:57, Sys 0 00:00:10  -  Total Remote Usage
		Usr 0 00:00:00, Sys 0 00:00:00  -  Total Local Usage
	0  -  Run Bytes Sent By Job
	0  -  Run Bytes Received By Job
	0  -  Total Bytes Sent By Job
	0  -  Total Bytes Received By Job
	Partitionable Resources :    Usage  Request Allocated 
	   admin_mutex_1         :                           0 
	   admin_mutex_2         :                           0 
	   admin_mutex_3         :                           0 
	   Cpus                  :     0.84        1         1 
	   Disk (KB)             :    12        2048      5480 
	   GPUs                  :                           0 
	   machine_token         :                           0 
	   Memory (MB)           :   289        6000      6016 
	   TimeExecute (s)       :  1258                       
	   TimeSlotBusy (s)      :  1259                       

	Job terminated of its own accord at 2026-06-02T23:01:26Z with exit-code 0.
...
