000 (19534580.000.000) 2026-06-02 15:52:40 Job submitted from host: <10.128.10.103:9618?addrs=10.128.10.103-9618&alias=npx-submitter.icecube.wisc.edu&noUDP&sock=schedd_2449_6386>
    DAG Node: Drootprod_20200410_65299
...
001 (19534580.000.000) 2026-06-02 16:37:03 Job executing on host: <10.128.10.206:37305?addrs=10.128.10.206-37305&alias=sm-storage-1.icecube.wisc.edu>
	SlotName: slot1_62@sm-storage-1.icecube.wisc.edu
	admin_mutex_1 = 0
	admin_mutex_2 = 0
	admin_mutex_3 = 0
	CondorScratchDir = "/scratch/condor/dir_3824960"
	Cpus = 1
	Disk = 3072
	GPUs = 0
	machine_token = 0
	Memory = 6016
...
006 (19534580.000.000) 2026-06-02 16:37:17 Image size of job updated: 119620
	117  -  MemoryUsage of job (MB)
	119620  -  ResidentSetSize of job (KB)
...
006 (19534580.000.000) 2026-06-02 16:42:18 Image size of job updated: 143124
	140  -  MemoryUsage of job (MB)
	143124  -  ResidentSetSize of job (KB)
...
006 (19534580.000.000) 2026-06-02 16:47:19 Image size of job updated: 163780
	160  -  MemoryUsage of job (MB)
	163780  -  ResidentSetSize of job (KB)
...
006 (19534580.000.000) 2026-06-02 16:52:19 Image size of job updated: 294360
	288  -  MemoryUsage of job (MB)
	294360  -  ResidentSetSize of job (KB)
...
006 (19534580.000.000) 2026-06-02 16:54:57 Image size of job updated: 306160
	288  -  MemoryUsage of job (MB)
	294360  -  ResidentSetSize of job (KB)
...
005 (19534580.000.000) 2026-06-02 16:54:57 Job terminated.
	(1) Normal termination (return value 0)
		Usr 0 00:17:15, Sys 0 00:00:06  -  Run Remote Usage
		Usr 0 00:00:00, Sys 0 00:00:00  -  Run Local Usage
		Usr 0 00:17:15, Sys 0 00:00:06  -  Total Remote Usage
		Usr 0 00:00:00, Sys 0 00:00:00  -  Total Local Usage
	0  -  Run Bytes Sent By Job
	0  -  Run Bytes Received By Job
	0  -  Total Bytes Sent By Job
	0  -  Total Bytes Received By Job
	Partitionable Resources :    Usage  Request Allocated 
	   admin_mutex_1         :                           0 
	   admin_mutex_2         :                           0 
	   admin_mutex_3         :                           0 
	   Cpus                  :     0.99        1         1 
	   Disk (KB)             :    12        2048      3072 
	   GPUs                  :                           0 
	   machine_token         :                           0 
	   Memory (MB)           :   288        6000      6016 
	   TimeExecute (s)       :  1074                       
	   TimeSlotBusy (s)      :  1074                       

	Job terminated of its own accord at 2026-06-02T21:54:57Z with exit-code 0.
...
