000 (19534387.000.000) 2026-06-02 15:52:19 Job submitted from host: <10.128.10.103:9618?addrs=10.128.10.103-9618&alias=npx-submitter.icecube.wisc.edu&noUDP&sock=schedd_2449_6386>
    DAG Node: Drootprod_20200331_26154
...
001 (19534387.000.000) 2026-06-02 16:33:37 Job executing on host: <10.128.11.36:45179?addrs=10.128.11.36-45179&alias=n-smbc-17.icecube.wisc.edu>
	SlotName: slot1_3@n-smbc-17.icecube.wisc.edu
	admin_mutex_1 = 0
	admin_mutex_2 = 0
	admin_mutex_3 = 0
	CondorScratchDir = "/scratch/condor/dir_82066"
	Cpus = 1
	Disk = 3072
	GPUs = 0
	machine_token = 0
	Memory = 6016
...
006 (19534387.000.000) 2026-06-02 16:33:51 Image size of job updated: 121668
	119  -  MemoryUsage of job (MB)
	121668  -  ResidentSetSize of job (KB)
...
006 (19534387.000.000) 2026-06-02 16:38:52 Image size of job updated: 163572
	160  -  MemoryUsage of job (MB)
	163572  -  ResidentSetSize of job (KB)
...
006 (19534387.000.000) 2026-06-02 16:42:00 Image size of job updated: 300948
	160  -  MemoryUsage of job (MB)
	163572  -  ResidentSetSize of job (KB)
...
005 (19534387.000.000) 2026-06-02 16:42:00 Job terminated.
	(1) Normal termination (return value 0)
		Usr 0 00:07:41, Sys 0 00:00:05  -  Run Remote Usage
		Usr 0 00:00:00, Sys 0 00:00:00  -  Run Local Usage
		Usr 0 00:07:41, Sys 0 00:00:05  -  Total Remote Usage
		Usr 0 00:00:00, Sys 0 00:00:00  -  Total Local Usage
	0  -  Run Bytes Sent By Job
	0  -  Run Bytes Received By Job
	0  -  Total Bytes Sent By Job
	0  -  Total Bytes Received By Job
	Partitionable Resources :    Usage  Request Allocated 
	   admin_mutex_1         :                           0 
	   admin_mutex_2         :                           0 
	   admin_mutex_3         :                           0 
	   Cpus                  :     0.99        1         1 
	   Disk (KB)             :    10        2048      3072 
	   GPUs                  :                           0 
	   machine_token         :                           0 
	   Memory (MB)           :   160        6000      6016 
	   TimeExecute (s)       :   503                       
	   TimeSlotBusy (s)      :   503                       

	Job terminated of its own accord at 2026-06-02T21:42:00Z with exit-code 0.
...
