000 (19536448.000.000) 2026-06-02 15:56:29 Job submitted from host: <10.128.10.103:9618?addrs=10.128.10.103-9618&alias=npx-submitter.icecube.wisc.edu&noUDP&sock=schedd_2449_6386>
    DAG Node: Drootprod_20200809_42271
...
001 (19536448.000.000) 2026-06-02 17:20:33 Job executing on host: <10.128.10.117:43719?addrs=10.128.10.117-43719&alias=n-gibyte-02.icecube.wisc.edu>
	SlotName: slot1_323@n-gibyte-02.icecube.wisc.edu
	admin_mutex_1 = 0
	admin_mutex_2 = 0
	admin_mutex_3 = 0
	CondorScratchDir = "/scratch/condor/dir_3665391"
	Cpus = 1
	Disk = 5480
	GPUs = 0
	machine_token = 0
	Memory = 6016
...
006 (19536448.000.000) 2026-06-02 17:20:46 Image size of job updated: 118968
	117  -  MemoryUsage of job (MB)
	118968  -  ResidentSetSize of job (KB)
...
006 (19536448.000.000) 2026-06-02 17:25:46 Image size of job updated: 145812
	143  -  MemoryUsage of job (MB)
	145812  -  ResidentSetSize of job (KB)
...
006 (19536448.000.000) 2026-06-02 17:30:47 Image size of job updated: 170732
	167  -  MemoryUsage of job (MB)
	170732  -  ResidentSetSize of job (KB)
...
006 (19536448.000.000) 2026-06-02 17:34:59 Image size of job updated: 300104
	167  -  MemoryUsage of job (MB)
	170732  -  ResidentSetSize of job (KB)
...
005 (19536448.000.000) 2026-06-02 17:34:59 Job terminated.
	(1) Normal termination (return value 0)
		Usr 0 00:13:41, Sys 0 00:00:09  -  Run Remote Usage
		Usr 0 00:00:00, Sys 0 00:00:00  -  Run Local Usage
		Usr 0 00:13:41, Sys 0 00:00:09  -  Total Remote Usage
		Usr 0 00:00:00, Sys 0 00:00:00  -  Total Local Usage
	0  -  Run Bytes Sent By Job
	0  -  Run Bytes Received By Job
	0  -  Total Bytes Sent By Job
	0  -  Total Bytes Received By Job
	Partitionable Resources :    Usage  Request Allocated 
	   admin_mutex_1         :                           0 
	   admin_mutex_2         :                           0 
	   admin_mutex_3         :                           0 
	   Cpus                  :     0.97        1         1 
	   Disk (KB)             :    10        2048      5480 
	   GPUs                  :                           0 
	   machine_token         :                           0 
	   Memory (MB)           :   167        6000      6016 
	   TimeExecute (s)       :   866                       
	   TimeSlotBusy (s)      :   867                       

	Job terminated of its own accord at 2026-06-02T22:34:59Z with exit-code 0.
...
