000 (19536488.000.000) 2026-06-02 15:56:34 Job submitted from host: <10.128.10.103:9618?addrs=10.128.10.103-9618&alias=npx-submitter.icecube.wisc.edu&noUDP&sock=schedd_2449_6386>
    DAG Node: Drootprod_20200814_63505
...
001 (19536488.000.000) 2026-06-02 17:21:31 Job executing on host: <10.128.11.45:36567?addrs=10.128.11.45-36567&alias=n-smbc-26.icecube.wisc.edu>
	SlotName: slot1_14@n-smbc-26.icecube.wisc.edu
	admin_mutex_1 = 0
	admin_mutex_2 = 0
	admin_mutex_3 = 0
	CondorScratchDir = "/scratch/condor/dir_2805074"
	Cpus = 1
	Disk = 3072
	GPUs = 0
	machine_token = 0
	Memory = 6016
...
006 (19536488.000.000) 2026-06-02 17:21:45 Image size of job updated: 58928
	58  -  MemoryUsage of job (MB)
	58928  -  ResidentSetSize of job (KB)
...
006 (19536488.000.000) 2026-06-02 17:26:46 Image size of job updated: 129060
	127  -  MemoryUsage of job (MB)
	129060  -  ResidentSetSize of job (KB)
...
006 (19536488.000.000) 2026-06-02 17:31:46 Image size of job updated: 135548
	133  -  MemoryUsage of job (MB)
	135548  -  ResidentSetSize of job (KB)
...
006 (19536488.000.000) 2026-06-02 17:36:46 Image size of job updated: 143312
	140  -  MemoryUsage of job (MB)
	143312  -  ResidentSetSize of job (KB)
...
006 (19536488.000.000) 2026-06-02 17:41:47 Image size of job updated: 151912
	149  -  MemoryUsage of job (MB)
	151912  -  ResidentSetSize of job (KB)
...
006 (19536488.000.000) 2026-06-02 17:46:47 Image size of job updated: 157768
	155  -  MemoryUsage of job (MB)
	157768  -  ResidentSetSize of job (KB)
...
006 (19536488.000.000) 2026-06-02 17:51:48 Image size of job updated: 162896
	160  -  MemoryUsage of job (MB)
	162896  -  ResidentSetSize of job (KB)
...
006 (19536488.000.000) 2026-06-02 17:56:48 Image size of job updated: 167768
	164  -  MemoryUsage of job (MB)
	167768  -  ResidentSetSize of job (KB)
...
006 (19536488.000.000) 2026-06-02 18:01:49 Image size of job updated: 174428
	171  -  MemoryUsage of job (MB)
	174428  -  ResidentSetSize of job (KB)
...
006 (19536488.000.000) 2026-06-02 18:06:50 Image size of job updated: 179164
	175  -  MemoryUsage of job (MB)
	179164  -  ResidentSetSize of job (KB)
...
006 (19536488.000.000) 2026-06-02 18:11:50 Image size of job updated: 296168
	290  -  MemoryUsage of job (MB)
	296168  -  ResidentSetSize of job (KB)
...
006 (19536488.000.000) 2026-06-02 18:12:48 Image size of job updated: 298424
	290  -  MemoryUsage of job (MB)
	296168  -  ResidentSetSize of job (KB)
...
005 (19536488.000.000) 2026-06-02 18:12:48 Job terminated.
	(1) Normal termination (return value 0)
		Usr 0 00:49:38, Sys 0 00:00:27  -  Run Remote Usage
		Usr 0 00:00:00, Sys 0 00:00:00  -  Run Local Usage
		Usr 0 00:49:38, Sys 0 00:00:27  -  Total Remote Usage
		Usr 0 00:00:00, Sys 0 00:00:00  -  Total Local Usage
	0  -  Run Bytes Sent By Job
	0  -  Run Bytes Received By Job
	0  -  Total Bytes Sent By Job
	0  -  Total Bytes Received By Job
	Partitionable Resources :    Usage  Request Allocated 
	   admin_mutex_1         :                           0 
	   admin_mutex_2         :                           0 
	   admin_mutex_3         :                           0 
	   Cpus                  :     0.99        1         1 
	   Disk (KB)             :    10        2048      3072 
	   GPUs                  :                           0 
	   machine_token         :                           0 
	   Memory (MB)           :   290        6000      6016 
	   TimeExecute (s)       :  3077                       
	   TimeSlotBusy (s)      :  3077                       

	Job terminated of its own accord at 2026-06-02T23:12:48Z with exit-code 0.
...
