000 (19537838.000.000) 2026-06-02 16:00:12 Job submitted from host: <10.128.10.103:9618?addrs=10.128.10.103-9618&alias=npx-submitter.icecube.wisc.edu&noUDP&sock=schedd_2449_6386>
    DAG Node: Drootprod_20201207_24227
...
001 (19537838.000.000) 2026-06-02 17:42:09 Job executing on host: <10.128.10.206:37305?addrs=10.128.10.206-37305&alias=sm-storage-1.icecube.wisc.edu>
	SlotName: slot1_14@sm-storage-1.icecube.wisc.edu
	admin_mutex_1 = 0
	admin_mutex_2 = 0
	admin_mutex_3 = 0
	CondorScratchDir = "/scratch/condor/dir_4043839"
	Cpus = 1
	Disk = 3072
	GPUs = 0
	machine_token = 0
	Memory = 6016
...
006 (19537838.000.000) 2026-06-02 17:42:23 Image size of job updated: 119580
	117  -  MemoryUsage of job (MB)
	119580  -  ResidentSetSize of job (KB)
...
006 (19537838.000.000) 2026-06-02 17:47:24 Image size of job updated: 143656
	141  -  MemoryUsage of job (MB)
	143656  -  ResidentSetSize of job (KB)
...
006 (19537838.000.000) 2026-06-02 17:52:24 Image size of job updated: 162932
	160  -  MemoryUsage of job (MB)
	162932  -  ResidentSetSize of job (KB)
...
006 (19537838.000.000) 2026-06-02 17:57:24 Image size of job updated: 183648
	180  -  MemoryUsage of job (MB)
	183648  -  ResidentSetSize of job (KB)
...
006 (19537838.000.000) 2026-06-02 17:59:01 Image size of job updated: 297724
	180  -  MemoryUsage of job (MB)
	183648  -  ResidentSetSize of job (KB)
...
005 (19537838.000.000) 2026-06-02 17:59:01 Job terminated.
	(1) Normal termination (return value 0)
		Usr 0 00:16:12, Sys 0 00:00:06  -  Run Remote Usage
		Usr 0 00:00:00, Sys 0 00:00:00  -  Run Local Usage
		Usr 0 00:16:12, Sys 0 00:00:06  -  Total Remote Usage
		Usr 0 00:00:00, Sys 0 00:00:00  -  Total Local Usage
	0  -  Run Bytes Sent By Job
	0  -  Run Bytes Received By Job
	0  -  Total Bytes Sent By Job
	0  -  Total Bytes Received By Job
	Partitionable Resources :    Usage  Request Allocated 
	   admin_mutex_1         :                           0 
	   admin_mutex_2         :                           0 
	   admin_mutex_3         :                           0 
	   Cpus                  :     0.98        1         1 
	   Disk (KB)             :    15        2048      3072 
	   GPUs                  :                           0 
	   machine_token         :                           0 
	   Memory (MB)           :   180        6000      6016 
	   TimeExecute (s)       :  1012                       
	   TimeSlotBusy (s)      :  1012                       

	Job terminated of its own accord at 2026-06-02T22:59:01Z with exit-code 0.
...
