000 (19533754.000.000) 2026-06-02 15:51:03 Job submitted from host: <10.128.10.103:9618?addrs=10.128.10.103-9618&alias=npx-submitter.icecube.wisc.edu&noUDP&sock=schedd_2449_6386>
    DAG Node: Drootprod_20200221_1415
...
001 (19533754.000.000) 2026-06-02 16:20:13 Job executing on host: <10.128.10.238:43797?addrs=10.128.10.238-43797&alias=n-gpu-42.icecube.wisc.edu>
	SlotName: slot1_16@n-gpu-42.icecube.wisc.edu
	admin_mutex_1 = 0
	admin_mutex_2 = 0
	admin_mutex_3 = 0
	AvailableGPUs = {  }
	CondorScratchDir = "/scratch/condor/dir_1992503"
	Cpus = 1
	Disk = 3072
	GPUs = 0
	machine_token = 0
	Memory = 6016
...
006 (19533754.000.000) 2026-06-02 16:20:27 Image size of job updated: 121500
	119  -  MemoryUsage of job (MB)
	121500  -  ResidentSetSize of job (KB)
...
006 (19533754.000.000) 2026-06-02 16:25:28 Image size of job updated: 154352
	151  -  MemoryUsage of job (MB)
	154352  -  ResidentSetSize of job (KB)
...
006 (19533754.000.000) 2026-06-02 16:30:28 Image size of job updated: 295032
	289  -  MemoryUsage of job (MB)
	295032  -  ResidentSetSize of job (KB)
...
006 (19533754.000.000) 2026-06-02 16:31:27 Image size of job updated: 300416
	289  -  MemoryUsage of job (MB)
	295032  -  ResidentSetSize of job (KB)
...
005 (19533754.000.000) 2026-06-02 16:31:27 Job terminated.
	(1) Normal termination (return value 0)
		Usr 0 00:09:58, Sys 0 00:00:10  -  Run Remote Usage
		Usr 0 00:00:00, Sys 0 00:00:00  -  Run Local Usage
		Usr 0 00:09:58, Sys 0 00:00:10  -  Total Remote Usage
		Usr 0 00:00:00, Sys 0 00:00:00  -  Total Local Usage
	0  -  Run Bytes Sent By Job
	0  -  Run Bytes Received By Job
	0  -  Total Bytes Sent By Job
	0  -  Total Bytes Received By Job
	Partitionable Resources :    Usage  Request Allocated 
	   admin_mutex_1         :                           0 
	   admin_mutex_2         :                           0 
	   admin_mutex_3         :                           0 
	   Cpus                  :     0.86        1         1 
	   Disk (KB)             :    15        2048      3072 
	   GPUs                  :                           0 
	   machine_token         :                           0 
	   Memory (MB)           :   289        6000      6016 
	   TimeExecute (s)       :   674                       
	   TimeSlotBusy (s)      :   674                       

	Job terminated of its own accord at 2026-06-02T21:31:27Z with exit-code 0.
...
