000 (19537260.000.000) 2026-06-02 15:58:20 Job submitted from host: <10.128.10.103:9618?addrs=10.128.10.103-9618&alias=npx-submitter.icecube.wisc.edu&noUDP&sock=schedd_2449_6386>
    DAG Node: Drootprod_20201008_11855
...
001 (19537260.000.000) 2026-06-02 17:35:03 Job executing on host: <10.128.10.188:45333?addrs=10.128.10.188-45333&alias=n-smepyc-01.icecube.wisc.edu>
	SlotName: slot1_29@n-smepyc-01.icecube.wisc.edu
	admin_mutex_1 = 0
	admin_mutex_2 = 0
	admin_mutex_3 = 0
	CondorScratchDir = "/scratch/condor/dir_29316"
	Cpus = 1
	Disk = 3072
	GPUs = 0
	machine_token = 0
	Memory = 6016
...
006 (19537260.000.000) 2026-06-02 17:35:17 Image size of job updated: 122724
	120  -  MemoryUsage of job (MB)
	122724  -  ResidentSetSize of job (KB)
...
006 (19537260.000.000) 2026-06-02 17:40:17 Image size of job updated: 172264
	169  -  MemoryUsage of job (MB)
	172264  -  ResidentSetSize of job (KB)
...
006 (19537260.000.000) 2026-06-02 17:41:36 Image size of job updated: 295548
	169  -  MemoryUsage of job (MB)
	172264  -  ResidentSetSize of job (KB)
...
005 (19537260.000.000) 2026-06-02 17:41:37 Job terminated.
	(1) Normal termination (return value 0)
		Usr 0 00:06:07, Sys 0 00:00:06  -  Run Remote Usage
		Usr 0 00:00:00, Sys 0 00:00:00  -  Run Local Usage
		Usr 0 00:06:07, Sys 0 00:00:06  -  Total Remote Usage
		Usr 0 00:00:00, Sys 0 00:00:00  -  Total Local Usage
	0  -  Run Bytes Sent By Job
	0  -  Run Bytes Received By Job
	0  -  Total Bytes Sent By Job
	0  -  Total Bytes Received By Job
	Partitionable Resources :    Usage  Request Allocated 
	   admin_mutex_1         :                           0 
	   admin_mutex_2         :                           0 
	   admin_mutex_3         :                           0 
	   Cpus                  :     0.99        1         1 
	   Disk (KB)             :    10        2048      3072 
	   GPUs                  :                           0 
	   machine_token         :                           0 
	   Memory (MB)           :   169        6000      6016 
	   TimeExecute (s)       :   393                       
	   TimeSlotBusy (s)      :   393                       

	Job terminated of its own accord at 2026-06-02T22:41:36Z with exit-code 0.
...
