000 (19536868.000.000) 2026-06-02 15:57:24 Job submitted from host: <10.128.10.103:9618?addrs=10.128.10.103-9618&alias=npx-submitter.icecube.wisc.edu&noUDP&sock=schedd_2449_6386>
    DAG Node: Drootprod_20200907_27334
...
001 (19536868.000.000) 2026-06-02 17:28:19 Job executing on host: <10.128.10.44:44273?addrs=10.128.10.44-44273&alias=n-m610-34.icecube.wisc.edu>
	SlotName: slot1_5@n-m610-34.icecube.wisc.edu
	admin_mutex_1 = 0
	admin_mutex_2 = 0
	admin_mutex_3 = 0
	CondorScratchDir = "/scratch/condor/dir_2241372"
	Cpus = 1
	Disk = 3072
	GPUs = 0
	machine_token = 0
	Memory = 6016
...
006 (19536868.000.000) 2026-06-02 17:28:32 Image size of job updated: 121924
	120  -  MemoryUsage of job (MB)
	121924  -  ResidentSetSize of job (KB)
...
006 (19536868.000.000) 2026-06-02 17:33:32 Image size of job updated: 162292
	159  -  MemoryUsage of job (MB)
	162292  -  ResidentSetSize of job (KB)
...
006 (19536868.000.000) 2026-06-02 17:37:24 Image size of job updated: 302648
	159  -  MemoryUsage of job (MB)
	162292  -  ResidentSetSize of job (KB)
...
005 (19536868.000.000) 2026-06-02 17:37:24 Job terminated.
	(1) Normal termination (return value 0)
		Usr 0 00:08:34, Sys 0 00:00:07  -  Run Remote Usage
		Usr 0 00:00:00, Sys 0 00:00:00  -  Run Local Usage
		Usr 0 00:08:34, Sys 0 00:00:07  -  Total Remote Usage
		Usr 0 00:00:00, Sys 0 00:00:00  -  Total Local Usage
	0  -  Run Bytes Sent By Job
	0  -  Run Bytes Received By Job
	0  -  Total Bytes Sent By Job
	0  -  Total Bytes Received By Job
	Partitionable Resources :    Usage  Request Allocated 
	   admin_mutex_1         :                           0 
	   admin_mutex_2         :                           0 
	   admin_mutex_3         :                           0 
	   Cpus                  :     0.97        1         1 
	   Disk (KB)             :    10        2048      3072 
	   GPUs                  :                           0 
	   machine_token         :                           0 
	   Memory (MB)           :   159        6000      6016 
	   TimeExecute (s)       :   545                       
	   TimeSlotBusy (s)      :   546                       

	Job terminated of its own accord at 2026-06-02T22:37:24Z with exit-code 0.
...
