000 (19535073.000.000) 2026-06-02 15:53:35 Job submitted from host: <10.128.10.103:9618?addrs=10.128.10.103-9618&alias=npx-submitter.icecube.wisc.edu&noUDP&sock=schedd_2449_6386>
    DAG Node: Drootprod_20200509_74431
...
001 (19535073.000.000) 2026-06-02 16:46:08 Job executing on host: <10.128.11.29:39259?addrs=10.128.11.29-39259&alias=n-smbc-10.icecube.wisc.edu>
	SlotName: slot1_18@n-smbc-10.icecube.wisc.edu
	admin_mutex_1 = 0
	admin_mutex_2 = 0
	admin_mutex_3 = 0
	CondorScratchDir = "/scratch/condor/dir_4037793"
	Cpus = 1
	Disk = 3072
	GPUs = 0
	machine_token = 0
	Memory = 6016
...
006 (19535073.000.000) 2026-06-02 16:46:22 Image size of job updated: 119464
	117  -  MemoryUsage of job (MB)
	119464  -  ResidentSetSize of job (KB)
...
006 (19535073.000.000) 2026-06-02 16:51:23 Image size of job updated: 145764
	143  -  MemoryUsage of job (MB)
	145764  -  ResidentSetSize of job (KB)
...
006 (19535073.000.000) 2026-06-02 16:56:23 Image size of job updated: 168756
	165  -  MemoryUsage of job (MB)
	168756  -  ResidentSetSize of job (KB)
...
006 (19535073.000.000) 2026-06-02 16:56:48 Image size of job updated: 171412
	165  -  MemoryUsage of job (MB)
	168756  -  ResidentSetSize of job (KB)
...
005 (19535073.000.000) 2026-06-02 16:56:48 Job terminated.
	(1) Normal termination (return value 0)
		Usr 0 00:10:09, Sys 0 00:00:05  -  Run Remote Usage
		Usr 0 00:00:00, Sys 0 00:00:00  -  Run Local Usage
		Usr 0 00:10:09, Sys 0 00:00:05  -  Total Remote Usage
		Usr 0 00:00:00, Sys 0 00:00:00  -  Total Local Usage
	0  -  Run Bytes Sent By Job
	0  -  Run Bytes Received By Job
	0  -  Total Bytes Sent By Job
	0  -  Total Bytes Received By Job
	Partitionable Resources :    Usage  Request Allocated 
	   admin_mutex_1         :                           0 
	   admin_mutex_2         :                           0 
	   admin_mutex_3         :                           0 
	   Cpus                  :     0.99        1         1 
	   Disk (KB)             :    10        2048      3072 
	   GPUs                  :                           0 
	   machine_token         :                           0 
	   Memory (MB)           :   165        6000      6016 
	   TimeExecute (s)       :   640                       
	   TimeSlotBusy (s)      :   640                       

	Job terminated of its own accord at 2026-06-02T21:56:48Z with exit-code 0.
...
