000 (19537842.000.000) 2026-06-02 16:00:13 Job submitted from host: <10.128.10.103:9618?addrs=10.128.10.103-9618&alias=npx-submitter.icecube.wisc.edu&noUDP&sock=schedd_2449_6386>
    DAG Node: Drootprod_20201208_6479
...
001 (19537842.000.000) 2026-06-02 17:42:10 Job executing on host: <10.128.10.115:33587?addrs=10.128.10.115-33587&alias=n-gibyte-00.icecube.wisc.edu>
	SlotName: slot1_130@n-gibyte-00.icecube.wisc.edu
	admin_mutex_1 = 0
	admin_mutex_2 = 0
	admin_mutex_3 = 0
	CondorScratchDir = "/scratch/condor/dir_2460748"
	Cpus = 1
	Disk = 5480
	GPUs = 0
	machine_token = 0
	Memory = 6016
...
006 (19537842.000.000) 2026-06-02 17:42:24 Image size of job updated: 119820
	118  -  MemoryUsage of job (MB)
	119820  -  ResidentSetSize of job (KB)
...
006 (19537842.000.000) 2026-06-02 17:47:25 Image size of job updated: 144372
	141  -  MemoryUsage of job (MB)
	144372  -  ResidentSetSize of job (KB)
...
006 (19537842.000.000) 2026-06-02 17:52:25 Image size of job updated: 159224
	156  -  MemoryUsage of job (MB)
	159224  -  ResidentSetSize of job (KB)
...
006 (19537842.000.000) 2026-06-02 17:57:26 Image size of job updated: 175148
	172  -  MemoryUsage of job (MB)
	175148  -  ResidentSetSize of job (KB)
...
006 (19537842.000.000) 2026-06-02 18:02:27 Image size of job updated: 298124
	292  -  MemoryUsage of job (MB)
	298124  -  ResidentSetSize of job (KB)
...
006 (19537842.000.000) 2026-06-02 18:03:23 Image size of job updated: 301368
	292  -  MemoryUsage of job (MB)
	298124  -  ResidentSetSize of job (KB)
...
005 (19537842.000.000) 2026-06-02 18:03:23 Job terminated.
	(1) Normal termination (return value 0)
		Usr 0 00:20:06, Sys 0 00:00:11  -  Run Remote Usage
		Usr 0 00:00:00, Sys 0 00:00:00  -  Run Local Usage
		Usr 0 00:20:06, Sys 0 00:00:11  -  Total Remote Usage
		Usr 0 00:00:00, Sys 0 00:00:00  -  Total Local Usage
	0  -  Run Bytes Sent By Job
	0  -  Run Bytes Received By Job
	0  -  Total Bytes Sent By Job
	0  -  Total Bytes Received By Job
	Partitionable Resources :    Usage  Request Allocated 
	   admin_mutex_1         :                           0 
	   admin_mutex_2         :                           0 
	   admin_mutex_3         :                           0 
	   Cpus                  :     0.99        1         1 
	   Disk (KB)             :    15        2048      5480 
	   GPUs                  :                           0 
	   machine_token         :                           0 
	   Memory (MB)           :   292        6000      6016 
	   TimeExecute (s)       :  1273                       
	   TimeSlotBusy (s)      :  1274                       

	Job terminated of its own accord at 2026-06-02T23:03:23Z with exit-code 0.
...
