000 (19535757.000.000) 2026-06-02 15:55:02 Job submitted from host: <10.128.10.103:9618?addrs=10.128.10.103-9618&alias=npx-submitter.icecube.wisc.edu&noUDP&sock=schedd_2449_6386>
    DAG Node: Drootprod_20200623_97236
...
001 (19535757.000.000) 2026-06-02 16:59:14 Job executing on host: <10.128.10.117:43719?addrs=10.128.10.117-43719&alias=n-gibyte-02.icecube.wisc.edu>
	SlotName: slot1_468@n-gibyte-02.icecube.wisc.edu
	admin_mutex_1 = 0
	admin_mutex_2 = 0
	admin_mutex_3 = 0
	CondorScratchDir = "/scratch/condor/dir_3574168"
	Cpus = 1
	Disk = 5480
	GPUs = 0
	machine_token = 0
	Memory = 6016
...
006 (19535757.000.000) 2026-06-02 16:59:27 Image size of job updated: 118240
	116  -  MemoryUsage of job (MB)
	118240  -  ResidentSetSize of job (KB)
...
006 (19535757.000.000) 2026-06-02 17:04:27 Image size of job updated: 140812
	138  -  MemoryUsage of job (MB)
	140812  -  ResidentSetSize of job (KB)
...
006 (19535757.000.000) 2026-06-02 17:09:28 Image size of job updated: 159372
	156  -  MemoryUsage of job (MB)
	159372  -  ResidentSetSize of job (KB)
...
006 (19535757.000.000) 2026-06-02 17:14:28 Image size of job updated: 184184
	180  -  MemoryUsage of job (MB)
	184184  -  ResidentSetSize of job (KB)
...
006 (19535757.000.000) 2026-06-02 17:16:28 Image size of job updated: 300976
	180  -  MemoryUsage of job (MB)
	184184  -  ResidentSetSize of job (KB)
...
005 (19535757.000.000) 2026-06-02 17:16:28 Job terminated.
	(1) Normal termination (return value 0)
		Usr 0 00:16:20, Sys 0 00:00:10  -  Run Remote Usage
		Usr 0 00:00:00, Sys 0 00:00:00  -  Run Local Usage
		Usr 0 00:16:20, Sys 0 00:00:10  -  Total Remote Usage
		Usr 0 00:00:00, Sys 0 00:00:00  -  Total Local Usage
	0  -  Run Bytes Sent By Job
	0  -  Run Bytes Received By Job
	0  -  Total Bytes Sent By Job
	0  -  Total Bytes Received By Job
	Partitionable Resources :    Usage  Request Allocated 
	   admin_mutex_1         :                           0 
	   admin_mutex_2         :                           0 
	   admin_mutex_3         :                           0 
	   Cpus                  :     0.92        1         1 
	   Disk (KB)             :    10        2048      5480 
	   GPUs                  :                           0 
	   machine_token         :                           0 
	   Memory (MB)           :   180        6000      6016 
	   TimeExecute (s)       :  1034                       
	   TimeSlotBusy (s)      :  1035                       

	Job terminated of its own accord at 2026-06-02T22:16:28Z with exit-code 0.
...
