000 (19537265.000.000) 2026-06-02 15:58:21 Job submitted from host: <10.128.10.103:9618?addrs=10.128.10.103-9618&alias=npx-submitter.icecube.wisc.edu&noUDP&sock=schedd_2449_6386>
    DAG Node: Drootprod_20201009_92100
...
001 (19537265.000.000) 2026-06-02 17:35:04 Job executing on host: <10.128.10.206:37305?addrs=10.128.10.206-37305&alias=sm-storage-1.icecube.wisc.edu>
	SlotName: slot1_43@sm-storage-1.icecube.wisc.edu
	admin_mutex_1 = 0
	admin_mutex_2 = 0
	admin_mutex_3 = 0
	CondorScratchDir = "/scratch/condor/dir_4019602"
	Cpus = 1
	Disk = 3072
	GPUs = 0
	machine_token = 0
	Memory = 6016
...
006 (19537265.000.000) 2026-06-02 17:35:17 Image size of job updated: 119236
	117  -  MemoryUsage of job (MB)
	119236  -  ResidentSetSize of job (KB)
...
006 (19537265.000.000) 2026-06-02 17:40:17 Image size of job updated: 144164
	141  -  MemoryUsage of job (MB)
	144164  -  ResidentSetSize of job (KB)
...
006 (19537265.000.000) 2026-06-02 17:45:17 Image size of job updated: 165028
	162  -  MemoryUsage of job (MB)
	165028  -  ResidentSetSize of job (KB)
...
006 (19537265.000.000) 2026-06-02 17:50:18 Image size of job updated: 297836
	291  -  MemoryUsage of job (MB)
	297836  -  ResidentSetSize of job (KB)
...
006 (19537265.000.000) 2026-06-02 17:52:37 Image size of job updated: 306080
	291  -  MemoryUsage of job (MB)
	297836  -  ResidentSetSize of job (KB)
...
005 (19537265.000.000) 2026-06-02 17:52:37 Job terminated.
	(1) Normal termination (return value 0)
		Usr 0 00:16:56, Sys 0 00:00:06  -  Run Remote Usage
		Usr 0 00:00:00, Sys 0 00:00:00  -  Run Local Usage
		Usr 0 00:16:56, Sys 0 00:00:06  -  Total Remote Usage
		Usr 0 00:00:00, Sys 0 00:00:00  -  Total Local Usage
	0  -  Run Bytes Sent By Job
	0  -  Run Bytes Received By Job
	0  -  Total Bytes Sent By Job
	0  -  Total Bytes Received By Job
	Partitionable Resources :    Usage  Request Allocated 
	   admin_mutex_1         :                           0 
	   admin_mutex_2         :                           0 
	   admin_mutex_3         :                           0 
	   Cpus                  :     0.96        1         1 
	   Disk (KB)             :    10        2048      3072 
	   GPUs                  :                           0 
	   machine_token         :                           0 
	   Memory (MB)           :   291        6000      6016 
	   TimeExecute (s)       :  1053                       
	   TimeSlotBusy (s)      :  1054                       

	Job terminated of its own accord at 2026-06-02T22:52:37Z with exit-code 0.
...
