000 (19535099.000.000) 2026-06-02 15:53:37 Job submitted from host: <10.128.10.103:9618?addrs=10.128.10.103-9618&alias=npx-submitter.icecube.wisc.edu&noUDP&sock=schedd_2449_6386>
    DAG Node: Drootprod_20200511_13178
...
001 (19535099.000.000) 2026-06-02 16:46:30 Job executing on host: <10.128.10.192:35633?addrs=10.128.10.192-35633&alias=n-smepyc-05.icecube.wisc.edu>
	SlotName: slot1_37@n-smepyc-05.icecube.wisc.edu
	admin_mutex_1 = 0
	admin_mutex_2 = 0
	admin_mutex_3 = 0
	CondorScratchDir = "/scratch/condor/dir_239912"
	Cpus = 1
	Disk = 3072
	GPUs = 0
	machine_token = 0
	Memory = 6016
...
006 (19535099.000.000) 2026-06-02 16:46:43 Image size of job updated: 122476
	120  -  MemoryUsage of job (MB)
	122476  -  ResidentSetSize of job (KB)
...
006 (19535099.000.000) 2026-06-02 16:51:43 Image size of job updated: 176704
	173  -  MemoryUsage of job (MB)
	176704  -  ResidentSetSize of job (KB)
...
006 (19535099.000.000) 2026-06-02 16:53:42 Image size of job updated: 308052
	173  -  MemoryUsage of job (MB)
	176704  -  ResidentSetSize of job (KB)
...
005 (19535099.000.000) 2026-06-02 16:53:42 Job terminated.
	(1) Normal termination (return value 0)
		Usr 0 00:06:38, Sys 0 00:00:07  -  Run Remote Usage
		Usr 0 00:00:00, Sys 0 00:00:00  -  Run Local Usage
		Usr 0 00:06:38, Sys 0 00:00:07  -  Total Remote Usage
		Usr 0 00:00:00, Sys 0 00:00:00  -  Total Local Usage
	0  -  Run Bytes Sent By Job
	0  -  Run Bytes Received By Job
	0  -  Total Bytes Sent By Job
	0  -  Total Bytes Received By Job
	Partitionable Resources :    Usage  Request Allocated 
	   admin_mutex_1         :                           0 
	   admin_mutex_2         :                           0 
	   admin_mutex_3         :                           0 
	   Cpus                  :     0.97        1         1 
	   Disk (KB)             :    15        2048      3072 
	   GPUs                  :                           0 
	   machine_token         :                           0 
	   Memory (MB)           :   173        6000      6016 
	   TimeExecute (s)       :   432                       
	   TimeSlotBusy (s)      :   433                       

	Job terminated of its own accord at 2026-06-02T21:53:42Z with exit-code 0.
...
