000 (19537998.000.000) 2026-06-02 16:00:56 Job submitted from host: <10.128.10.103:9618?addrs=10.128.10.103-9618&alias=npx-submitter.icecube.wisc.edu&noUDP&sock=schedd_2449_6386>
    DAG Node: Drootprod_20201231_83747
...
001 (19537998.000.000) 2026-06-02 17:43:45 Job executing on host: <10.128.10.117:43719?addrs=10.128.10.117-43719&alias=n-gibyte-02.icecube.wisc.edu>
	SlotName: slot1_327@n-gibyte-02.icecube.wisc.edu
	admin_mutex_1 = 0
	admin_mutex_2 = 0
	admin_mutex_3 = 0
	CondorScratchDir = "/scratch/condor/dir_3764217"
	Cpus = 1
	Disk = 5480
	GPUs = 0
	machine_token = 0
	Memory = 6016
...
006 (19537998.000.000) 2026-06-02 17:43:59 Image size of job updated: 119212
	117  -  MemoryUsage of job (MB)
	119212  -  ResidentSetSize of job (KB)
...
006 (19537998.000.000) 2026-06-02 17:49:00 Image size of job updated: 139740
	137  -  MemoryUsage of job (MB)
	139740  -  ResidentSetSize of job (KB)
...
006 (19537998.000.000) 2026-06-02 17:54:01 Image size of job updated: 154708
	152  -  MemoryUsage of job (MB)
	154708  -  ResidentSetSize of job (KB)
...
006 (19537998.000.000) 2026-06-02 17:58:30 Image size of job updated: 167260
	152  -  MemoryUsage of job (MB)
	154708  -  ResidentSetSize of job (KB)
...
005 (19537998.000.000) 2026-06-02 17:58:30 Job terminated.
	(1) Normal termination (return value 0)
		Usr 0 00:14:04, Sys 0 00:00:08  -  Run Remote Usage
		Usr 0 00:00:00, Sys 0 00:00:00  -  Run Local Usage
		Usr 0 00:14:04, Sys 0 00:00:08  -  Total Remote Usage
		Usr 0 00:00:00, Sys 0 00:00:00  -  Total Local Usage
	0  -  Run Bytes Sent By Job
	0  -  Run Bytes Received By Job
	0  -  Total Bytes Sent By Job
	0  -  Total Bytes Received By Job
	Partitionable Resources :    Usage  Request Allocated 
	   admin_mutex_1         :                           0 
	   admin_mutex_2         :                           0 
	   admin_mutex_3         :                           0 
	   Cpus                  :     0.95        1         1 
	   Disk (KB)             :    10        2048      5480 
	   GPUs                  :                           0 
	   machine_token         :                           0 
	   Memory (MB)           :   152        6000      6016 
	   TimeExecute (s)       :   885                       
	   TimeSlotBusy (s)      :   886                       

	Job terminated of its own accord at 2026-06-02T22:58:30Z with exit-code 0.
...
