000 (19534678.000.000) 2026-06-02 15:52:50 Job submitted from host: <10.128.10.103:9618?addrs=10.128.10.103-9618&alias=npx-submitter.icecube.wisc.edu&noUDP&sock=schedd_2449_6386>
    DAG Node: Drootprod_20200415_72185
...
001 (19534678.000.000) 2026-06-02 16:39:12 Job executing on host: <10.128.10.192:35633?addrs=10.128.10.192-35633&alias=n-smepyc-05.icecube.wisc.edu>
	SlotName: slot1_67@n-smepyc-05.icecube.wisc.edu
	admin_mutex_1 = 0
	admin_mutex_2 = 0
	admin_mutex_3 = 0
	CondorScratchDir = "/scratch/condor/dir_212886"
	Cpus = 1
	Disk = 3072
	GPUs = 0
	machine_token = 0
	Memory = 6016
...
006 (19534678.000.000) 2026-06-02 16:39:26 Image size of job updated: 122596
	120  -  MemoryUsage of job (MB)
	122596  -  ResidentSetSize of job (KB)
...
006 (19534678.000.000) 2026-06-02 16:44:27 Image size of job updated: 177696
	174  -  MemoryUsage of job (MB)
	177696  -  ResidentSetSize of job (KB)
...
006 (19534678.000.000) 2026-06-02 16:46:32 Image size of job updated: 310280
	174  -  MemoryUsage of job (MB)
	177696  -  ResidentSetSize of job (KB)
...
005 (19534678.000.000) 2026-06-02 16:46:32 Job terminated.
	(1) Normal termination (return value 0)
		Usr 0 00:06:47, Sys 0 00:00:08  -  Run Remote Usage
		Usr 0 00:00:00, Sys 0 00:00:00  -  Run Local Usage
		Usr 0 00:06:47, Sys 0 00:00:08  -  Total Remote Usage
		Usr 0 00:00:00, Sys 0 00:00:00  -  Total Local Usage
	0  -  Run Bytes Sent By Job
	0  -  Run Bytes Received By Job
	0  -  Total Bytes Sent By Job
	0  -  Total Bytes Received By Job
	Partitionable Resources :    Usage  Request Allocated 
	   admin_mutex_1         :                           0 
	   admin_mutex_2         :                           0 
	   admin_mutex_3         :                           0 
	   Cpus                  :     0.88        1         1 
	   Disk (KB)             :    12        2048      3072 
	   GPUs                  :                           0 
	   machine_token         :                           0 
	   Memory (MB)           :   174        6000      6016 
	   TimeExecute (s)       :   440                       
	   TimeSlotBusy (s)      :   440                       

	Job terminated of its own accord at 2026-06-02T21:46:32Z with exit-code 0.
...
