000 (19536719.000.000) 2026-06-02 15:57:04 Job submitted from host: <10.128.10.103:9618?addrs=10.128.10.103-9618&alias=npx-submitter.icecube.wisc.edu&noUDP&sock=schedd_2449_6386>
    DAG Node: Drootprod_20200828_18885
...
001 (19536719.000.000) 2026-06-02 17:25:27 Job executing on host: <10.128.10.238:43797?addrs=10.128.10.238-43797&alias=n-gpu-42.icecube.wisc.edu>
	SlotName: slot1_35@n-gpu-42.icecube.wisc.edu
	admin_mutex_1 = 0
	admin_mutex_2 = 0
	admin_mutex_3 = 0
	AvailableGPUs = {  }
	CondorScratchDir = "/scratch/condor/dir_2271250"
	Cpus = 1
	Disk = 3072
	GPUs = 0
	machine_token = 0
	Memory = 6016
...
006 (19536719.000.000) 2026-06-02 17:25:40 Image size of job updated: 119780
	117  -  MemoryUsage of job (MB)
	119780  -  ResidentSetSize of job (KB)
...
006 (19536719.000.000) 2026-06-02 17:30:40 Image size of job updated: 155660
	153  -  MemoryUsage of job (MB)
	155660  -  ResidentSetSize of job (KB)
...
006 (19536719.000.000) 2026-06-02 17:35:41 Image size of job updated: 300016
	293  -  MemoryUsage of job (MB)
	300016  -  ResidentSetSize of job (KB)
...
006 (19536719.000.000) 2026-06-02 17:36:03 Image size of job updated: 302520
	293  -  MemoryUsage of job (MB)
	300016  -  ResidentSetSize of job (KB)
...
005 (19536719.000.000) 2026-06-02 17:36:03 Job terminated.
	(1) Normal termination (return value 0)
		Usr 0 00:09:54, Sys 0 00:00:09  -  Run Remote Usage
		Usr 0 00:00:00, Sys 0 00:00:00  -  Run Local Usage
		Usr 0 00:09:54, Sys 0 00:00:09  -  Total Remote Usage
		Usr 0 00:00:00, Sys 0 00:00:00  -  Total Local Usage
	0  -  Run Bytes Sent By Job
	0  -  Run Bytes Received By Job
	0  -  Total Bytes Sent By Job
	0  -  Total Bytes Received By Job
	Partitionable Resources :    Usage  Request Allocated 
	   admin_mutex_1         :                           0 
	   admin_mutex_2         :                           0 
	   admin_mutex_3         :                           0 
	   Cpus                  :     0.96        1         1 
	   Disk (KB)             :    12        2048      3072 
	   GPUs                  :                           0 
	   machine_token         :                           0 
	   Memory (MB)           :   293        6000      6016 
	   TimeExecute (s)       :   636                       
	   TimeSlotBusy (s)      :   637                       

	Job terminated of its own accord at 2026-06-02T22:36:03Z with exit-code 0.
...
