000 (19537649.000.000) 2026-06-02 15:59:29 Job submitted from host: <10.128.10.103:9618?addrs=10.128.10.103-9618&alias=npx-submitter.icecube.wisc.edu&noUDP&sock=schedd_2449_6386>
    DAG Node: Drootprod_20201115_4915
...
001 (19537649.000.000) 2026-06-02 17:40:28 Job executing on host: <10.128.10.117:43719?addrs=10.128.10.117-43719&alias=n-gibyte-02.icecube.wisc.edu>
	SlotName: slot1_342@n-gibyte-02.icecube.wisc.edu
	admin_mutex_1 = 0
	admin_mutex_2 = 0
	admin_mutex_3 = 0
	CondorScratchDir = "/scratch/condor/dir_3749088"
	Cpus = 1
	Disk = 5480
	GPUs = 0
	machine_token = 0
	Memory = 6016
...
006 (19537649.000.000) 2026-06-02 17:40:41 Image size of job updated: 118524
	116  -  MemoryUsage of job (MB)
	118524  -  ResidentSetSize of job (KB)
...
006 (19537649.000.000) 2026-06-02 17:45:41 Image size of job updated: 143324
	140  -  MemoryUsage of job (MB)
	143324  -  ResidentSetSize of job (KB)
...
006 (19537649.000.000) 2026-06-02 17:50:42 Image size of job updated: 161236
	158  -  MemoryUsage of job (MB)
	161236  -  ResidentSetSize of job (KB)
...
006 (19537649.000.000) 2026-06-02 17:55:42 Image size of job updated: 178212
	175  -  MemoryUsage of job (MB)
	178212  -  ResidentSetSize of job (KB)
...
006 (19537649.000.000) 2026-06-02 17:58:34 Image size of job updated: 297484
	175  -  MemoryUsage of job (MB)
	178212  -  ResidentSetSize of job (KB)
...
005 (19537649.000.000) 2026-06-02 17:58:34 Job terminated.
	(1) Normal termination (return value 0)
		Usr 0 00:17:19, Sys 0 00:00:10  -  Run Remote Usage
		Usr 0 00:00:00, Sys 0 00:00:00  -  Run Local Usage
		Usr 0 00:17:19, Sys 0 00:00:10  -  Total Remote Usage
		Usr 0 00:00:00, Sys 0 00:00:00  -  Total Local Usage
	0  -  Run Bytes Sent By Job
	0  -  Run Bytes Received By Job
	0  -  Total Bytes Sent By Job
	0  -  Total Bytes Received By Job
	Partitionable Resources :    Usage  Request Allocated 
	   admin_mutex_1         :                           0 
	   admin_mutex_2         :                           0 
	   admin_mutex_3         :                           0 
	   Cpus                  :     0.99        1         1 
	   Disk (KB)             :    12        2048      5480 
	   GPUs                  :                           0 
	   machine_token         :                           0 
	   Memory (MB)           :   175        6000      6016 
	   TimeExecute (s)       :  1086                       
	   TimeSlotBusy (s)      :  1087                       

	Job terminated of its own accord at 2026-06-02T22:58:34Z with exit-code 0.
...
