000 (19534097.000.000) 2026-06-02 15:51:47 Job submitted from host: <10.128.10.103:9618?addrs=10.128.10.103-9618&alias=npx-submitter.icecube.wisc.edu&noUDP&sock=schedd_2449_6386>
    DAG Node: Drootprod_20200315_3017
...
001 (19534097.000.000) 2026-06-02 16:27:40 Job executing on host: <10.128.10.115:33587?addrs=10.128.10.115-33587&alias=n-gibyte-00.icecube.wisc.edu>
	SlotName: slot1_97@n-gibyte-00.icecube.wisc.edu
	admin_mutex_1 = 0
	admin_mutex_2 = 0
	admin_mutex_3 = 0
	CondorScratchDir = "/scratch/condor/dir_2158001"
	Cpus = 1
	Disk = 5480
	GPUs = 0
	machine_token = 0
	Memory = 6016
...
006 (19534097.000.000) 2026-06-02 16:27:53 Image size of job updated: 119104
	117  -  MemoryUsage of job (MB)
	119104  -  ResidentSetSize of job (KB)
...
006 (19534097.000.000) 2026-06-02 16:32:53 Image size of job updated: 149668
	147  -  MemoryUsage of job (MB)
	149668  -  ResidentSetSize of job (KB)
...
006 (19534097.000.000) 2026-06-02 16:37:54 Image size of job updated: 171256
	168  -  MemoryUsage of job (MB)
	171256  -  ResidentSetSize of job (KB)
...
006 (19534097.000.000) 2026-06-02 16:42:54 Image size of job updated: 301432
	295  -  MemoryUsage of job (MB)
	301432  -  ResidentSetSize of job (KB)
...
006 (19534097.000.000) 2026-06-02 16:44:32 Image size of job updated: 308732
	295  -  MemoryUsage of job (MB)
	301432  -  ResidentSetSize of job (KB)
...
005 (19534097.000.000) 2026-06-02 16:44:32 Job terminated.
	(1) Normal termination (return value 0)
		Usr 0 00:15:40, Sys 0 00:00:11  -  Run Remote Usage
		Usr 0 00:00:00, Sys 0 00:00:00  -  Run Local Usage
		Usr 0 00:15:40, Sys 0 00:00:11  -  Total Remote Usage
		Usr 0 00:00:00, Sys 0 00:00:00  -  Total Local Usage
	0  -  Run Bytes Sent By Job
	0  -  Run Bytes Received By Job
	0  -  Total Bytes Sent By Job
	0  -  Total Bytes Received By Job
	Partitionable Resources :    Usage  Request Allocated 
	   admin_mutex_1         :                           0 
	   admin_mutex_2         :                           0 
	   admin_mutex_3         :                           0 
	   Cpus                  :     0.97        1         1 
	   Disk (KB)             :    15        2048      5480 
	   GPUs                  :                           0 
	   machine_token         :                           0 
	   Memory (MB)           :   295        6000      6016 
	   TimeExecute (s)       :  1012                       
	   TimeSlotBusy (s)      :  1013                       

	Job terminated of its own accord at 2026-06-02T21:44:32Z with exit-code 0.
...
