000 (19534178.000.000) 2026-06-02 15:51:56 Job submitted from host: <10.128.10.103:9618?addrs=10.128.10.103-9618&alias=npx-submitter.icecube.wisc.edu&noUDP&sock=schedd_2449_6386>
    DAG Node: Drootprod_20200319_69347
...
001 (19534178.000.000) 2026-06-02 16:29:10 Job executing on host: <10.128.10.238:43797?addrs=10.128.10.238-43797&alias=n-gpu-42.icecube.wisc.edu>
	SlotName: slot1_51@n-gpu-42.icecube.wisc.edu
	admin_mutex_1 = 0
	admin_mutex_2 = 0
	admin_mutex_3 = 0
	AvailableGPUs = {  }
	CondorScratchDir = "/scratch/condor/dir_2063503"
	Cpus = 1
	Disk = 3072
	GPUs = 0
	machine_token = 0
	Memory = 6016
...
006 (19534178.000.000) 2026-06-02 16:29:24 Image size of job updated: 121228
	119  -  MemoryUsage of job (MB)
	121228  -  ResidentSetSize of job (KB)
...
006 (19534178.000.000) 2026-06-02 16:34:25 Image size of job updated: 157552
	154  -  MemoryUsage of job (MB)
	157552  -  ResidentSetSize of job (KB)
...
006 (19534178.000.000) 2026-06-02 16:39:25 Image size of job updated: 301864
	295  -  MemoryUsage of job (MB)
	301864  -  ResidentSetSize of job (KB)
...
006 (19534178.000.000) 2026-06-02 16:39:56 Image size of job updated: 305528
	295  -  MemoryUsage of job (MB)
	301864  -  ResidentSetSize of job (KB)
...
005 (19534178.000.000) 2026-06-02 16:39:56 Job terminated.
	(1) Normal termination (return value 0)
		Usr 0 00:09:34, Sys 0 00:00:10  -  Run Remote Usage
		Usr 0 00:00:00, Sys 0 00:00:00  -  Run Local Usage
		Usr 0 00:09:34, Sys 0 00:00:10  -  Total Remote Usage
		Usr 0 00:00:00, Sys 0 00:00:00  -  Total Local Usage
	0  -  Run Bytes Sent By Job
	0  -  Run Bytes Received By Job
	0  -  Total Bytes Sent By Job
	0  -  Total Bytes Received By Job
	Partitionable Resources :    Usage  Request Allocated 
	   admin_mutex_1         :                           0 
	   admin_mutex_2         :                           0 
	   admin_mutex_3         :                           0 
	   Cpus                  :     0.89        1         1 
	   Disk (KB)             :    15        2048      3072 
	   GPUs                  :                           0 
	   machine_token         :                           0 
	   Memory (MB)           :   295        6000      6016 
	   TimeExecute (s)       :   646                       
	   TimeSlotBusy (s)      :   646                       

	Job terminated of its own accord at 2026-06-02T21:39:56Z with exit-code 0.
...
