000 (19535405.000.000) 2026-06-02 15:54:17 Job submitted from host: <10.128.10.103:9618?addrs=10.128.10.103-9618&alias=npx-submitter.icecube.wisc.edu&noUDP&sock=schedd_2449_6386>
    DAG Node: Drootprod_20200530_10381
...
001 (19535405.000.000) 2026-06-02 16:52:39 Job executing on host: <10.128.11.30:45417?addrs=10.128.11.30-45417&alias=n-smbc-11.icecube.wisc.edu>
	SlotName: slot1_14@n-smbc-11.icecube.wisc.edu
	admin_mutex_1 = 0
	admin_mutex_2 = 0
	admin_mutex_3 = 0
	CondorScratchDir = "/scratch/condor/dir_95660"
	Cpus = 1
	Disk = 3072
	GPUs = 0
	machine_token = 0
	Memory = 6016
...
006 (19535405.000.000) 2026-06-02 16:52:53 Image size of job updated: 120996
	119  -  MemoryUsage of job (MB)
	120996  -  ResidentSetSize of job (KB)
...
006 (19535405.000.000) 2026-06-02 16:57:54 Image size of job updated: 160352
	157  -  MemoryUsage of job (MB)
	160352  -  ResidentSetSize of job (KB)
...
006 (19535405.000.000) 2026-06-02 17:01:53 Image size of job updated: 300420
	157  -  MemoryUsage of job (MB)
	160352  -  ResidentSetSize of job (KB)
...
005 (19535405.000.000) 2026-06-02 17:01:53 Job terminated.
	(1) Normal termination (return value 0)
		Usr 0 00:08:37, Sys 0 00:00:06  -  Run Remote Usage
		Usr 0 00:00:00, Sys 0 00:00:00  -  Run Local Usage
		Usr 0 00:08:37, Sys 0 00:00:06  -  Total Remote Usage
		Usr 0 00:00:00, Sys 0 00:00:00  -  Total Local Usage
	0  -  Run Bytes Sent By Job
	0  -  Run Bytes Received By Job
	0  -  Total Bytes Sent By Job
	0  -  Total Bytes Received By Job
	Partitionable Resources :    Usage  Request Allocated 
	   admin_mutex_1         :                           0 
	   admin_mutex_2         :                           0 
	   admin_mutex_3         :                           0 
	   Cpus                  :     0.96        1         1 
	   Disk (KB)             :    10        2048      3072 
	   GPUs                  :                           0 
	   machine_token         :                           0 
	   Memory (MB)           :   157        6000      6016 
	   TimeExecute (s)       :   554                       
	   TimeSlotBusy (s)      :   554                       

	Job terminated of its own accord at 2026-06-02T22:01:53Z with exit-code 0.
...
