000 (19537106.000.000) 2026-06-02 15:57:57 Job submitted from host: <10.128.10.103:9618?addrs=10.128.10.103-9618&alias=npx-submitter.icecube.wisc.edu&noUDP&sock=schedd_2449_6386>
    DAG Node: Drootprod_20200925_12520
...
001 (19537106.000.000) 2026-06-02 17:31:48 Job executing on host: <10.128.10.117:43719?addrs=10.128.10.117-43719&alias=n-gibyte-02.icecube.wisc.edu>
	SlotName: slot1_501@n-gibyte-02.icecube.wisc.edu
	admin_mutex_1 = 0
	admin_mutex_2 = 0
	admin_mutex_3 = 0
	CondorScratchDir = "/scratch/condor/dir_3714539"
	Cpus = 1
	Disk = 5480
	GPUs = 0
	machine_token = 0
	Memory = 6016
...
006 (19537106.000.000) 2026-06-02 17:32:02 Image size of job updated: 119160
	117  -  MemoryUsage of job (MB)
	119160  -  ResidentSetSize of job (KB)
...
006 (19537106.000.000) 2026-06-02 17:37:03 Image size of job updated: 142660
	140  -  MemoryUsage of job (MB)
	142660  -  ResidentSetSize of job (KB)
...
006 (19537106.000.000) 2026-06-02 17:42:03 Image size of job updated: 162948
	160  -  MemoryUsage of job (MB)
	162948  -  ResidentSetSize of job (KB)
...
006 (19537106.000.000) 2026-06-02 17:47:04 Image size of job updated: 184460
	181  -  MemoryUsage of job (MB)
	184460  -  ResidentSetSize of job (KB)
...
006 (19537106.000.000) 2026-06-02 17:49:36 Image size of job updated: 304380
	181  -  MemoryUsage of job (MB)
	184460  -  ResidentSetSize of job (KB)
...
005 (19537106.000.000) 2026-06-02 17:49:36 Job terminated.
	(1) Normal termination (return value 0)
		Usr 0 00:16:59, Sys 0 00:00:10  -  Run Remote Usage
		Usr 0 00:00:00, Sys 0 00:00:00  -  Run Local Usage
		Usr 0 00:16:59, Sys 0 00:00:10  -  Total Remote Usage
		Usr 0 00:00:00, Sys 0 00:00:00  -  Total Local Usage
	0  -  Run Bytes Sent By Job
	0  -  Run Bytes Received By Job
	0  -  Total Bytes Sent By Job
	0  -  Total Bytes Received By Job
	Partitionable Resources :    Usage  Request Allocated 
	   admin_mutex_1         :                           0 
	   admin_mutex_2         :                           0 
	   admin_mutex_3         :                           0 
	   Cpus                  :     0.98        1         1 
	   Disk (KB)             :    12        2048      5480 
	   GPUs                  :                           0 
	   machine_token         :                           0 
	   Memory (MB)           :   181        6000      6016 
	   TimeExecute (s)       :  1068                       
	   TimeSlotBusy (s)      :  1068                       

	Job terminated of its own accord at 2026-06-02T22:49:36Z with exit-code 0.
...
