000 (19534867.000.000) 2026-06-02 15:53:12 Job submitted from host: <10.128.10.103:9618?addrs=10.128.10.103-9618&alias=npx-submitter.icecube.wisc.edu&noUDP&sock=schedd_2449_6386>
    DAG Node: Drootprod_20140719_49957
...
001 (19534867.000.000) 2026-06-02 16:42:28 Job executing on host: <10.128.10.192:35633?addrs=10.128.10.192-35633&alias=n-smepyc-05.icecube.wisc.edu>
	SlotName: slot1_34@n-smepyc-05.icecube.wisc.edu
	admin_mutex_1 = 0
	admin_mutex_2 = 0
	admin_mutex_3 = 0
	CondorScratchDir = "/scratch/condor/dir_225293"
	Cpus = 1
	Disk = 3072
	GPUs = 0
	machine_token = 0
	Memory = 6016
...
006 (19534867.000.000) 2026-06-02 16:42:42 Image size of job updated: 123128
	121  -  MemoryUsage of job (MB)
	123128  -  ResidentSetSize of job (KB)
...
006 (19534867.000.000) 2026-06-02 16:47:43 Image size of job updated: 160644
	157  -  MemoryUsage of job (MB)
	160644  -  ResidentSetSize of job (KB)
...
006 (19534867.000.000) 2026-06-02 16:52:44 Image size of job updated: 409072
	400  -  MemoryUsage of job (MB)
	409072  -  ResidentSetSize of job (KB)
...
006 (19534867.000.000) 2026-06-02 16:56:44 Image size of job updated: 720916
	400  -  MemoryUsage of job (MB)
	409072  -  ResidentSetSize of job (KB)
...
005 (19534867.000.000) 2026-06-02 16:56:44 Job terminated.
	(1) Normal termination (return value 0)
		Usr 0 00:13:34, Sys 0 00:00:12  -  Run Remote Usage
		Usr 0 00:00:00, Sys 0 00:00:00  -  Run Local Usage
		Usr 0 00:13:34, Sys 0 00:00:12  -  Total Remote Usage
		Usr 0 00:00:00, Sys 0 00:00:00  -  Total Local Usage
	0  -  Run Bytes Sent By Job
	0  -  Run Bytes Received By Job
	0  -  Total Bytes Sent By Job
	0  -  Total Bytes Received By Job
	Partitionable Resources :    Usage  Request Allocated 
	   admin_mutex_1         :                           0 
	   admin_mutex_2         :                           0 
	   admin_mutex_3         :                           0 
	   Cpus                  :     0.96        1         1 
	   Disk (KB)             :    15        2048      3072 
	   GPUs                  :                           0 
	   machine_token         :                           0 
	   Memory (MB)           :   400        6000      6016 
	   TimeExecute (s)       :   856                       
	   TimeSlotBusy (s)      :   856                       

	Job terminated of its own accord at 2026-06-02T21:56:44Z with exit-code 0.
...
