000 (19533381.000.000) 2026-06-02 15:50:16 Job submitted from host: <10.128.10.103:9618?addrs=10.128.10.103-9618&alias=npx-submitter.icecube.wisc.edu&noUDP&sock=schedd_2449_6386>
    DAG Node: Drootprod_20140417_67868
...
001 (19533381.000.000) 2026-06-02 16:13:15 Job executing on host: <10.128.10.189:44027?addrs=10.128.10.189-44027&alias=n-smepyc-02.icecube.wisc.edu>
	SlotName: slot1_26@n-smepyc-02.icecube.wisc.edu
	admin_mutex_1 = 0
	admin_mutex_2 = 0
	admin_mutex_3 = 0
	CondorScratchDir = "/scratch/condor/dir_312878"
	Cpus = 1
	Disk = 3072
	GPUs = 0
	machine_token = 0
	Memory = 6016
...
006 (19533381.000.000) 2026-06-02 16:13:28 Image size of job updated: 122864
	120  -  MemoryUsage of job (MB)
	122864  -  ResidentSetSize of job (KB)
...
006 (19533381.000.000) 2026-06-02 16:18:28 Image size of job updated: 163200
	160  -  MemoryUsage of job (MB)
	163200  -  ResidentSetSize of job (KB)
...
006 (19533381.000.000) 2026-06-02 16:23:29 Image size of job updated: 409984
	401  -  MemoryUsage of job (MB)
	409984  -  ResidentSetSize of job (KB)
...
006 (19533381.000.000) 2026-06-02 16:25:58 Image size of job updated: 716972
	401  -  MemoryUsage of job (MB)
	409984  -  ResidentSetSize of job (KB)
...
005 (19533381.000.000) 2026-06-02 16:25:58 Job terminated.
	(1) Normal termination (return value 0)
		Usr 0 00:11:51, Sys 0 00:00:10  -  Run Remote Usage
		Usr 0 00:00:00, Sys 0 00:00:00  -  Run Local Usage
		Usr 0 00:11:51, Sys 0 00:00:10  -  Total Remote Usage
		Usr 0 00:00:00, Sys 0 00:00:00  -  Total Local Usage
	0  -  Run Bytes Sent By Job
	0  -  Run Bytes Received By Job
	0  -  Total Bytes Sent By Job
	0  -  Total Bytes Received By Job
	Partitionable Resources :    Usage  Request Allocated 
	   admin_mutex_1         :                           0 
	   admin_mutex_2         :                           0 
	   admin_mutex_3         :                           0 
	   Cpus                  :     0.91        1         1 
	   Disk (KB)             :    10        2048      3072 
	   GPUs                  :                           0 
	   machine_token         :                           0 
	   Memory (MB)           :   401        6000      6016 
	   TimeExecute (s)       :   763                       
	   TimeSlotBusy (s)      :   763                       

	Job terminated of its own accord at 2026-06-02T21:25:58Z with exit-code 0.
...
