000 (19534043.000.000) 2026-06-02 15:51:41 Job submitted from host: <10.128.10.103:9618?addrs=10.128.10.103-9618&alias=npx-submitter.icecube.wisc.edu&noUDP&sock=schedd_2449_6386>
    DAG Node: Drootprod_20140531_18995
...
001 (19534043.000.000) 2026-06-02 16:26:15 Job executing on host: <10.128.10.192:35633?addrs=10.128.10.192-35633&alias=n-smepyc-05.icecube.wisc.edu>
	SlotName: slot1_42@n-smepyc-05.icecube.wisc.edu
	admin_mutex_1 = 0
	admin_mutex_2 = 0
	admin_mutex_3 = 0
	CondorScratchDir = "/scratch/condor/dir_163792"
	Cpus = 1
	Disk = 3072
	GPUs = 0
	machine_token = 0
	Memory = 6016
...
006 (19534043.000.000) 2026-06-02 16:26:28 Image size of job updated: 123244
	121  -  MemoryUsage of job (MB)
	123244  -  ResidentSetSize of job (KB)
...
006 (19534043.000.000) 2026-06-02 16:31:28 Image size of job updated: 165064
	162  -  MemoryUsage of job (MB)
	165064  -  ResidentSetSize of job (KB)
...
006 (19534043.000.000) 2026-06-02 16:36:28 Image size of job updated: 414816
	406  -  MemoryUsage of job (MB)
	414816  -  ResidentSetSize of job (KB)
...
006 (19534043.000.000) 2026-06-02 16:40:55 Image size of job updated: 738120
	406  -  MemoryUsage of job (MB)
	414816  -  ResidentSetSize of job (KB)
...
005 (19534043.000.000) 2026-06-02 16:40:55 Job terminated.
	(1) Normal termination (return value 0)
		Usr 0 00:13:17, Sys 0 00:00:13  -  Run Remote Usage
		Usr 0 00:00:00, Sys 0 00:00:00  -  Run Local Usage
		Usr 0 00:13:17, Sys 0 00:00:13  -  Total Remote Usage
		Usr 0 00:00:00, Sys 0 00:00:00  -  Total Local Usage
	0  -  Run Bytes Sent By Job
	0  -  Run Bytes Received By Job
	0  -  Total Bytes Sent By Job
	0  -  Total Bytes Received By Job
	Partitionable Resources :    Usage  Request Allocated 
	   admin_mutex_1         :                           0 
	   admin_mutex_2         :                           0 
	   admin_mutex_3         :                           0 
	   Cpus                  :     0.99        1         1 
	   Disk (KB)             :    17        2048      3072 
	   GPUs                  :                           0 
	   machine_token         :                           0 
	   Memory (MB)           :   406        6000      6016 
	   TimeExecute (s)       :   880                       
	   TimeSlotBusy (s)      :   881                       

	Job terminated of its own accord at 2026-06-02T21:40:55Z with exit-code 0.
...
