000 (19534471.000.000) 2026-06-02 15:52:28 Job submitted from host: <10.128.10.103:9618?addrs=10.128.10.103-9618&alias=npx-submitter.icecube.wisc.edu&noUDP&sock=schedd_2449_6386>
    DAG Node: Drootprod_20140626_25076
...
001 (19534471.000.000) 2026-06-02 16:34:39 Job executing on host: <10.128.10.117:43719?addrs=10.128.10.117-43719&alias=n-gibyte-02.icecube.wisc.edu>
	SlotName: slot1_412@n-gibyte-02.icecube.wisc.edu
	admin_mutex_1 = 0
	admin_mutex_2 = 0
	admin_mutex_3 = 0
	CondorScratchDir = "/scratch/condor/dir_3473072"
	Cpus = 1
	Disk = 5480
	GPUs = 0
	machine_token = 0
	Memory = 6016
...
006 (19534471.000.000) 2026-06-02 16:34:52 Image size of job updated: 118256
	116  -  MemoryUsage of job (MB)
	118256  -  ResidentSetSize of job (KB)
...
006 (19534471.000.000) 2026-06-02 16:39:52 Image size of job updated: 139396
	137  -  MemoryUsage of job (MB)
	139396  -  ResidentSetSize of job (KB)
...
006 (19534471.000.000) 2026-06-02 16:44:53 Image size of job updated: 155740
	153  -  MemoryUsage of job (MB)
	155740  -  ResidentSetSize of job (KB)
...
006 (19534471.000.000) 2026-06-02 16:49:53 Image size of job updated: 172756
	169  -  MemoryUsage of job (MB)
	172756  -  ResidentSetSize of job (KB)
...
006 (19534471.000.000) 2026-06-02 16:54:54 Image size of job updated: 287888
	282  -  MemoryUsage of job (MB)
	287888  -  ResidentSetSize of job (KB)
...
006 (19534471.000.000) 2026-06-02 16:59:54 Image size of job updated: 415436
	406  -  MemoryUsage of job (MB)
	415436  -  ResidentSetSize of job (KB)
...
006 (19534471.000.000) 2026-06-02 17:04:55 Image size of job updated: 707408
	691  -  MemoryUsage of job (MB)
	707408  -  ResidentSetSize of job (KB)
...
006 (19534471.000.000) 2026-06-02 17:09:55 Image size of job updated: 735340
	719  -  MemoryUsage of job (MB)
	735340  -  ResidentSetSize of job (KB)
...
006 (19534471.000.000) 2026-06-02 17:14:56 Image size of job updated: 755548
	738  -  MemoryUsage of job (MB)
	755548  -  ResidentSetSize of job (KB)
...
006 (19534471.000.000) 2026-06-02 17:16:38 Image size of job updated: 770332
	738  -  MemoryUsage of job (MB)
	755548  -  ResidentSetSize of job (KB)
...
005 (19534471.000.000) 2026-06-02 17:16:39 Job terminated.
	(1) Normal termination (return value 0)
		Usr 0 00:40:05, Sys 0 00:00:23  -  Run Remote Usage
		Usr 0 00:00:00, Sys 0 00:00:00  -  Run Local Usage
		Usr 0 00:40:05, Sys 0 00:00:23  -  Total Remote Usage
		Usr 0 00:00:00, Sys 0 00:00:00  -  Total Local Usage
	0  -  Run Bytes Sent By Job
	0  -  Run Bytes Received By Job
	0  -  Total Bytes Sent By Job
	0  -  Total Bytes Received By Job
	Partitionable Resources :    Usage  Request Allocated 
	   admin_mutex_1         :                           0 
	   admin_mutex_2         :                           0 
	   admin_mutex_3         :                           0 
	   Cpus                  :     0.96        1         1 
	   Disk (KB)             :    20        2048      5480 
	   GPUs                  :                           0 
	   machine_token         :                           0 
	   Memory (MB)           :   738        6000      6016 
	   TimeExecute (s)       :  2519                       
	   TimeSlotBusy (s)      :  2521                       

	Job terminated of its own accord at 2026-06-02T22:16:38Z with exit-code 0.
...
