000 (19534669.000.000) 2026-06-02 15:52:50 Job submitted from host: <10.128.10.103:9618?addrs=10.128.10.103-9618&alias=npx-submitter.icecube.wisc.edu&noUDP&sock=schedd_2449_6386>
    DAG Node: Drootprod_20140707_1033
...
001 (19534669.000.000) 2026-06-02 16:39:09 Job executing on host: <10.128.10.192:35633?addrs=10.128.10.192-35633&alias=n-smepyc-05.icecube.wisc.edu>
	SlotName: slot1_78@n-smepyc-05.icecube.wisc.edu
	admin_mutex_1 = 0
	admin_mutex_2 = 0
	admin_mutex_3 = 0
	CondorScratchDir = "/scratch/condor/dir_212712"
	Cpus = 1
	Disk = 3072
	GPUs = 0
	machine_token = 0
	Memory = 6016
...
006 (19534669.000.000) 2026-06-02 16:39:23 Image size of job updated: 123336
	121  -  MemoryUsage of job (MB)
	123336  -  ResidentSetSize of job (KB)
...
006 (19534669.000.000) 2026-06-02 16:44:24 Image size of job updated: 163420
	160  -  MemoryUsage of job (MB)
	163420  -  ResidentSetSize of job (KB)
...
006 (19534669.000.000) 2026-06-02 16:49:24 Image size of job updated: 409200
	400  -  MemoryUsage of job (MB)
	409200  -  ResidentSetSize of job (KB)
...
006 (19534669.000.000) 2026-06-02 16:54:25 Image size of job updated: 735512
	719  -  MemoryUsage of job (MB)
	735512  -  ResidentSetSize of job (KB)
...
006 (19534669.000.000) 2026-06-02 16:59:26 Image size of job updated: 797828
	780  -  MemoryUsage of job (MB)
	797828  -  ResidentSetSize of job (KB)
...
006 (19534669.000.000) 2026-06-02 16:59:53 Image size of job updated: 818972
	780  -  MemoryUsage of job (MB)
	797828  -  ResidentSetSize of job (KB)
...
005 (19534669.000.000) 2026-06-02 16:59:53 Job terminated.
	(1) Normal termination (return value 0)
		Usr 0 00:19:47, Sys 0 00:00:17  -  Run Remote Usage
		Usr 0 00:00:00, Sys 0 00:00:00  -  Run Local Usage
		Usr 0 00:19:47, Sys 0 00:00:17  -  Total Remote Usage
		Usr 0 00:00:00, Sys 0 00:00:00  -  Total Local Usage
	0  -  Run Bytes Sent By Job
	0  -  Run Bytes Received By Job
	0  -  Total Bytes Sent By Job
	0  -  Total Bytes Received By Job
	Partitionable Resources :    Usage  Request Allocated 
	   admin_mutex_1         :                           0 
	   admin_mutex_2         :                           0 
	   admin_mutex_3         :                           0 
	   Cpus                  :     0.93        1         1 
	   Disk (KB)             :    20        2048      3072 
	   GPUs                  :                           0 
	   machine_token         :                           0 
	   Memory (MB)           :   780        6000      6016 
	   TimeExecute (s)       :  1244                       
	   TimeSlotBusy (s)      :  1244                       

	Job terminated of its own accord at 2026-06-02T21:59:53Z with exit-code 0.
...
