000 (19536635.000.000) 2026-06-02 15:56:53 Job submitted from host: <10.128.10.103:9618?addrs=10.128.10.103-9618&alias=npx-submitter.icecube.wisc.edu&noUDP&sock=schedd_2449_6386>
    DAG Node: Drootprod_20141114_12511
...
001 (19536635.000.000) 2026-06-02 17:24:22 Job executing on host: <10.128.10.189:44027?addrs=10.128.10.189-44027&alias=n-smepyc-02.icecube.wisc.edu>
	SlotName: slot1_41@n-smepyc-02.icecube.wisc.edu
	admin_mutex_1 = 0
	admin_mutex_2 = 0
	admin_mutex_3 = 0
	CondorScratchDir = "/scratch/condor/dir_586222"
	Cpus = 1
	Disk = 3072
	GPUs = 0
	machine_token = 0
	Memory = 6016
...
006 (19536635.000.000) 2026-06-02 17:24:35 Image size of job updated: 123244
	121  -  MemoryUsage of job (MB)
	123244  -  ResidentSetSize of job (KB)
...
006 (19536635.000.000) 2026-06-02 17:29:35 Image size of job updated: 165992
	163  -  MemoryUsage of job (MB)
	165992  -  ResidentSetSize of job (KB)
...
006 (19536635.000.000) 2026-06-02 17:34:36 Image size of job updated: 419564
	410  -  MemoryUsage of job (MB)
	419564  -  ResidentSetSize of job (KB)
...
006 (19536635.000.000) 2026-06-02 17:35:17 Image size of job updated: 424504
	410  -  MemoryUsage of job (MB)
	419564  -  ResidentSetSize of job (KB)
...
005 (19536635.000.000) 2026-06-02 17:35:17 Job terminated.
	(1) Normal termination (return value 0)
		Usr 0 00:10:19, Sys 0 00:00:10  -  Run Remote Usage
		Usr 0 00:00:00, Sys 0 00:00:00  -  Run Local Usage
		Usr 0 00:10:19, Sys 0 00:00:10  -  Total Remote Usage
		Usr 0 00:00:00, Sys 0 00:00:00  -  Total Local Usage
	0  -  Run Bytes Sent By Job
	0  -  Run Bytes Received By Job
	0  -  Total Bytes Sent By Job
	0  -  Total Bytes Received By Job
	Partitionable Resources :    Usage  Request Allocated 
	   admin_mutex_1         :                           0 
	   admin_mutex_2         :                           0 
	   admin_mutex_3         :                           0 
	   Cpus                  :     0.98        1         1 
	   Disk (KB)             :    15        2048      3072 
	   GPUs                  :                           0 
	   machine_token         :                           0 
	   Memory (MB)           :   410        6000      6016 
	   TimeExecute (s)       :   655                       
	   TimeSlotBusy (s)      :   655                       

	Job terminated of its own accord at 2026-06-02T22:35:17Z with exit-code 0.
...
