000 (19534681.000.000) 2026-06-02 15:52:51 Job submitted from host: <10.128.10.103:9618?addrs=10.128.10.103-9618&alias=npx-submitter.icecube.wisc.edu&noUDP&sock=schedd_2449_6386>
    DAG Node: Drootprod_20140708_84326
...
001 (19534681.000.000) 2026-06-02 16:39:13 Job executing on host: <10.128.10.117:43719?addrs=10.128.10.117-43719&alias=n-gibyte-02.icecube.wisc.edu>
	SlotName: slot1_6@n-gibyte-02.icecube.wisc.edu
	admin_mutex_1 = 0
	admin_mutex_2 = 0
	admin_mutex_3 = 0
	CondorScratchDir = "/scratch/condor/dir_3488712"
	Cpus = 1
	Disk = 5480
	GPUs = 0
	machine_token = 0
	Memory = 6016
...
006 (19534681.000.000) 2026-06-02 16:39:27 Image size of job updated: 119856
	118  -  MemoryUsage of job (MB)
	119856  -  ResidentSetSize of job (KB)
...
006 (19534681.000.000) 2026-06-02 16:44:28 Image size of job updated: 140156
	137  -  MemoryUsage of job (MB)
	140156  -  ResidentSetSize of job (KB)
...
006 (19534681.000.000) 2026-06-02 16:49:28 Image size of job updated: 158124
	155  -  MemoryUsage of job (MB)
	158124  -  ResidentSetSize of job (KB)
...
006 (19534681.000.000) 2026-06-02 16:54:29 Image size of job updated: 174664
	171  -  MemoryUsage of job (MB)
	174664  -  ResidentSetSize of job (KB)
...
006 (19534681.000.000) 2026-06-02 16:59:29 Image size of job updated: 287448
	281  -  MemoryUsage of job (MB)
	287448  -  ResidentSetSize of job (KB)
...
006 (19534681.000.000) 2026-06-02 17:04:30 Image size of job updated: 431104
	421  -  MemoryUsage of job (MB)
	431104  -  ResidentSetSize of job (KB)
...
006 (19534681.000.000) 2026-06-02 17:09:30 Image size of job updated: 725108
	709  -  MemoryUsage of job (MB)
	725108  -  ResidentSetSize of job (KB)
...
006 (19534681.000.000) 2026-06-02 17:14:31 Image size of job updated: 750816
	734  -  MemoryUsage of job (MB)
	750816  -  ResidentSetSize of job (KB)
...
006 (19534681.000.000) 2026-06-02 17:18:23 Image size of job updated: 787532
	734  -  MemoryUsage of job (MB)
	750816  -  ResidentSetSize of job (KB)
...
005 (19534681.000.000) 2026-06-02 17:18:23 Job terminated.
	(1) Normal termination (return value 0)
		Usr 0 00:37:18, Sys 0 00:00:21  -  Run Remote Usage
		Usr 0 00:00:00, Sys 0 00:00:00  -  Run Local Usage
		Usr 0 00:37:18, Sys 0 00:00:21  -  Total Remote Usage
		Usr 0 00:00:00, Sys 0 00:00:00  -  Total Local Usage
	0  -  Run Bytes Sent By Job
	0  -  Run Bytes Received By Job
	0  -  Total Bytes Sent By Job
	0  -  Total Bytes Received By Job
	Partitionable Resources :    Usage  Request Allocated 
	   admin_mutex_1         :                           0 
	   admin_mutex_2         :                           0 
	   admin_mutex_3         :                           0 
	   Cpus                  :     0.97        1         1 
	   Disk (KB)             :    15        2048      5480 
	   GPUs                  :                           0 
	   machine_token         :                           0 
	   Memory (MB)           :   734        6000      6016 
	   TimeExecute (s)       :  2350                       
	   TimeSlotBusy (s)      :  2351                       

	Job terminated of its own accord at 2026-06-02T22:18:23Z with exit-code 0.
...
