000 (19532372.000.000) 2026-06-02 15:47:18 Job submitted from host: <10.128.10.103:9618?addrs=10.128.10.103-9618&alias=npx-submitter.icecube.wisc.edu&noUDP&sock=schedd_2449_6386>
    DAG Node: Drootprod_20140109_36189
...
001 (19532372.000.000) 2026-06-02 15:47:21 Job executing on host: <10.128.10.116:38163?addrs=10.128.10.116-38163&alias=n-gibyte-01.icecube.wisc.edu>
	SlotName: slot1_281@n-gibyte-01.icecube.wisc.edu
	admin_mutex_1 = 0
	admin_mutex_2 = 0
	admin_mutex_3 = 0
	CondorScratchDir = "/scratch/condor/dir_2335162"
	Cpus = 1
	Disk = 5480
	GPUs = 0
	machine_token = 0
	Memory = 6016
...
006 (19532372.000.000) 2026-06-02 15:47:30 Image size of job updated: 120348
	118  -  MemoryUsage of job (MB)
	120348  -  ResidentSetSize of job (KB)
...
006 (19532372.000.000) 2026-06-02 15:52:31 Image size of job updated: 142256
	139  -  MemoryUsage of job (MB)
	142256  -  ResidentSetSize of job (KB)
...
006 (19532372.000.000) 2026-06-02 15:57:31 Image size of job updated: 160180
	157  -  MemoryUsage of job (MB)
	160180  -  ResidentSetSize of job (KB)
...
006 (19532372.000.000) 2026-06-02 16:02:32 Image size of job updated: 272320
	266  -  MemoryUsage of job (MB)
	272320  -  ResidentSetSize of job (KB)
...
006 (19532372.000.000) 2026-06-02 16:07:32 Image size of job updated: 290680
	284  -  MemoryUsage of job (MB)
	290680  -  ResidentSetSize of job (KB)
...
006 (19532372.000.000) 2026-06-02 16:12:07 Image size of job updated: 417792
	284  -  MemoryUsage of job (MB)
	290680  -  ResidentSetSize of job (KB)
...
005 (19532372.000.000) 2026-06-02 16:12:07 Job terminated.
	(1) Normal termination (return value 0)
		Usr 0 00:23:38, Sys 0 00:00:14  -  Run Remote Usage
		Usr 0 00:00:00, Sys 0 00:00:00  -  Run Local Usage
		Usr 0 00:23:38, Sys 0 00:00:14  -  Total Remote Usage
		Usr 0 00:00:00, Sys 0 00:00:00  -  Total Local Usage
	0  -  Run Bytes Sent By Job
	0  -  Run Bytes Received By Job
	0  -  Total Bytes Sent By Job
	0  -  Total Bytes Received By Job
	Partitionable Resources :    Usage  Request Allocated 
	   admin_mutex_1         :                           0 
	   admin_mutex_2         :                           0 
	   admin_mutex_3         :                           0 
	   Cpus                  :     0.98        1         1 
	   Disk (KB)             :    10        2048      5480 
	   GPUs                  :                           0 
	   machine_token         :                           0 
	   Memory (MB)           :   284        6000      6016 
	   TimeExecute (s)       :  1486                       
	   TimeSlotBusy (s)      :  1487                       

	Job terminated of its own accord at 2026-06-02T21:12:07Z with exit-code 0.
...
