000 (19534272.000.000) 2026-06-02 15:52:06 Job submitted from host: <10.128.10.103:9618?addrs=10.128.10.103-9618&alias=npx-submitter.icecube.wisc.edu&noUDP&sock=schedd_2449_6386>
    DAG Node: Drootprod_20140615_94040
...
001 (19534272.000.000) 2026-06-02 16:30:50 Job executing on host: <10.128.11.112:41791?addrs=10.128.11.112-41791&alias=n-r720-53.icecube.wisc.edu>
	SlotName: slot1_13@n-r720-53.icecube.wisc.edu
	admin_mutex_1 = 0
	admin_mutex_2 = 0
	admin_mutex_3 = 0
	CondorScratchDir = "/scratch/condor/dir_1067266"
	Cpus = 1
	Disk = 3717
	GPUs = 0
	machine_token = 0
	Memory = 6016
...
006 (19534272.000.000) 2026-06-02 16:31:03 Image size of job updated: 118932
	117  -  MemoryUsage of job (MB)
	118932  -  ResidentSetSize of job (KB)
...
006 (19534272.000.000) 2026-06-02 16:36:03 Image size of job updated: 137724
	135  -  MemoryUsage of job (MB)
	137724  -  ResidentSetSize of job (KB)
...
006 (19534272.000.000) 2026-06-02 16:41:03 Image size of job updated: 153980
	151  -  MemoryUsage of job (MB)
	153980  -  ResidentSetSize of job (KB)
...
006 (19534272.000.000) 2026-06-02 16:46:04 Image size of job updated: 169364
	166  -  MemoryUsage of job (MB)
	169364  -  ResidentSetSize of job (KB)
...
006 (19534272.000.000) 2026-06-02 16:51:04 Image size of job updated: 283696
	278  -  MemoryUsage of job (MB)
	283696  -  ResidentSetSize of job (KB)
...
006 (19534272.000.000) 2026-06-02 16:56:04 Image size of job updated: 412628
	403  -  MemoryUsage of job (MB)
	412628  -  ResidentSetSize of job (KB)
...
006 (19534272.000.000) 2026-06-02 17:01:05 Image size of job updated: 708836
	693  -  MemoryUsage of job (MB)
	708836  -  ResidentSetSize of job (KB)
...
006 (19534272.000.000) 2026-06-02 17:03:38 Image size of job updated: 736476
	693  -  MemoryUsage of job (MB)
	708836  -  ResidentSetSize of job (KB)
...
005 (19534272.000.000) 2026-06-02 17:03:38 Job terminated.
	(1) Normal termination (return value 0)
		Usr 0 00:31:24, Sys 0 00:00:23  -  Run Remote Usage
		Usr 0 00:00:00, Sys 0 00:00:00  -  Run Local Usage
		Usr 0 00:31:24, Sys 0 00:00:23  -  Total Remote Usage
		Usr 0 00:00:00, Sys 0 00:00:00  -  Total Local Usage
	0  -  Run Bytes Sent By Job
	0  -  Run Bytes Received By Job
	0  -  Total Bytes Sent By Job
	0  -  Total Bytes Received By Job
	Partitionable Resources :    Usage  Request Allocated 
	   admin_mutex_1         :                           0 
	   admin_mutex_2         :                           0 
	   admin_mutex_3         :                           0 
	   Cpus                  :     0.97        1         1 
	   Disk (KB)             :    15        2048      3717 
	   GPUs                  :                           0 
	   machine_token         :                           0 
	   Memory (MB)           :   693        6000      6016 
	   TimeExecute (s)       :  1968                       
	   TimeSlotBusy (s)      :  1968                       

	Job terminated of its own accord at 2026-06-02T22:03:38Z with exit-code 0.
...
