000 (19532613.000.000) 2026-06-02 15:48:14 Job submitted from host: <10.128.10.103:9618?addrs=10.128.10.103-9618&alias=npx-submitter.icecube.wisc.edu&noUDP&sock=schedd_2449_6386>
    DAG Node: Drootprod_20140208_47072
...
001 (19532613.000.000) 2026-06-02 15:48:22 Job executing on host: <10.128.10.116:38163?addrs=10.128.10.116-38163&alias=n-gibyte-01.icecube.wisc.edu>
	SlotName: slot1_428@n-gibyte-01.icecube.wisc.edu
	admin_mutex_1 = 0
	admin_mutex_2 = 0
	admin_mutex_3 = 0
	CondorScratchDir = "/scratch/condor/dir_2359744"
	Cpus = 1
	Disk = 5480
	GPUs = 0
	machine_token = 0
	Memory = 6016
...
006 (19532613.000.000) 2026-06-02 15:48:30 Image size of job updated: 120044
	118  -  MemoryUsage of job (MB)
	120044  -  ResidentSetSize of job (KB)
...
006 (19532613.000.000) 2026-06-02 15:53:30 Image size of job updated: 143180
	140  -  MemoryUsage of job (MB)
	143180  -  ResidentSetSize of job (KB)
...
006 (19532613.000.000) 2026-06-02 15:58:31 Image size of job updated: 161876
	159  -  MemoryUsage of job (MB)
	161876  -  ResidentSetSize of job (KB)
...
006 (19532613.000.000) 2026-06-02 16:03:31 Image size of job updated: 275956
	270  -  MemoryUsage of job (MB)
	275956  -  ResidentSetSize of job (KB)
...
006 (19532613.000.000) 2026-06-02 16:08:32 Image size of job updated: 408220
	399  -  MemoryUsage of job (MB)
	408220  -  ResidentSetSize of job (KB)
...
006 (19532613.000.000) 2026-06-02 16:13:32 Image size of job updated: 424780
	415  -  MemoryUsage of job (MB)
	424780  -  ResidentSetSize of job (KB)
...
006 (19532613.000.000) 2026-06-02 16:18:33 Image size of job updated: 729472
	713  -  MemoryUsage of job (MB)
	729472  -  ResidentSetSize of job (KB)
...
006 (19532613.000.000) 2026-06-02 16:19:23 Image size of job updated: 734520
	713  -  MemoryUsage of job (MB)
	729472  -  ResidentSetSize of job (KB)
...
005 (19532613.000.000) 2026-06-02 16:19:23 Job terminated.
	(1) Normal termination (return value 0)
		Usr 0 00:29:34, Sys 0 00:00:18  -  Run Remote Usage
		Usr 0 00:00:00, Sys 0 00:00:00  -  Run Local Usage
		Usr 0 00:29:34, Sys 0 00:00:18  -  Total Remote Usage
		Usr 0 00:00:00, Sys 0 00:00:00  -  Total Local Usage
	0  -  Run Bytes Sent By Job
	0  -  Run Bytes Received By Job
	0  -  Total Bytes Sent By Job
	0  -  Total Bytes Received By Job
	Partitionable Resources :    Usage  Request Allocated 
	   admin_mutex_1         :                           0 
	   admin_mutex_2         :                           0 
	   admin_mutex_3         :                           0 
	   Cpus                  :     0.97        1         1 
	   Disk (KB)             :    10        2048      5480 
	   GPUs                  :                           0 
	   machine_token         :                           0 
	   Memory (MB)           :   713        6000      6016 
	   TimeExecute (s)       :  1861                       
	   TimeSlotBusy (s)      :  1862                       

	Job terminated of its own accord at 2026-06-02T21:19:23Z with exit-code 0.
...
