000 (19535936.000.000) 2026-06-02 15:55:24 Job submitted from host: <10.128.10.103:9618?addrs=10.128.10.103-9618&alias=npx-submitter.icecube.wisc.edu&noUDP&sock=schedd_2449_6386>
    DAG Node: Drootprod_20140927_74257
...
001 (19535936.000.000) 2026-06-02 17:03:19 Job executing on host: <10.128.10.87:33505?addrs=10.128.10.87-33505&alias=n-r710-6.icecube.wisc.edu>
	SlotName: slot1_9@n-r710-6.icecube.wisc.edu
	admin_mutex_1 = 0
	admin_mutex_2 = 0
	admin_mutex_3 = 0
	CondorScratchDir = "/scratch/condor/dir_1875913"
	Cpus = 1
	Disk = 3072
	GPUs = 0
	machine_token = 0
	Memory = 6016
...
006 (19535936.000.000) 2026-06-02 17:03:32 Image size of job updated: 120316
	118  -  MemoryUsage of job (MB)
	120316  -  ResidentSetSize of job (KB)
...
006 (19535936.000.000) 2026-06-02 17:08:32 Image size of job updated: 145044
	142  -  MemoryUsage of job (MB)
	145044  -  ResidentSetSize of job (KB)
...
006 (19535936.000.000) 2026-06-02 17:13:32 Image size of job updated: 166520
	163  -  MemoryUsage of job (MB)
	166520  -  ResidentSetSize of job (KB)
...
006 (19535936.000.000) 2026-06-02 17:18:33 Image size of job updated: 285068
	279  -  MemoryUsage of job (MB)
	285068  -  ResidentSetSize of job (KB)
...
006 (19535936.000.000) 2026-06-02 17:23:34 Image size of job updated: 566448
	554  -  MemoryUsage of job (MB)
	566448  -  ResidentSetSize of job (KB)
...
006 (19535936.000.000) 2026-06-02 17:26:12 Image size of job updated: 726776
	554  -  MemoryUsage of job (MB)
	566448  -  ResidentSetSize of job (KB)
...
005 (19535936.000.000) 2026-06-02 17:26:12 Job terminated.
	(1) Normal termination (return value 0)
		Usr 0 00:21:08, Sys 0 00:00:17  -  Run Remote Usage
		Usr 0 00:00:00, Sys 0 00:00:00  -  Run Local Usage
		Usr 0 00:21:08, Sys 0 00:00:17  -  Total Remote Usage
		Usr 0 00:00:00, Sys 0 00:00:00  -  Total Local Usage
	0  -  Run Bytes Sent By Job
	0  -  Run Bytes Received By Job
	0  -  Total Bytes Sent By Job
	0  -  Total Bytes Received By Job
	Partitionable Resources :    Usage  Request Allocated 
	   admin_mutex_1         :                           0 
	   admin_mutex_2         :                           0 
	   admin_mutex_3         :                           0 
	   Cpus                  :     0.99        1         1 
	   Disk (KB)             :    17        2048      3072 
	   GPUs                  :                           0 
	   machine_token         :                           0 
	   Memory (MB)           :   554        6000      6016 
	   TimeExecute (s)       :  1373                       
	   TimeSlotBusy (s)      :  1374                       

	Job terminated of its own accord at 2026-06-02T22:26:12Z with exit-code 0.
...
