000 (19535060.000.000) 2026-06-02 15:53:34 Job submitted from host: <10.128.10.103:9618?addrs=10.128.10.103-9618&alias=npx-submitter.icecube.wisc.edu&noUDP&sock=schedd_2449_6386>
    DAG Node: Drootprod_20140730_3668
...
001 (19535060.000.000) 2026-06-02 16:45:54 Job executing on host: <10.128.10.16:46491?addrs=10.128.10.16-46491&alias=n-m610-06.icecube.wisc.edu>
	SlotName: slot1_5@n-m610-06.icecube.wisc.edu
	admin_mutex_1 = 0
	admin_mutex_2 = 0
	admin_mutex_3 = 0
	CondorScratchDir = "/scratch/condor/dir_4073037"
	Cpus = 1
	Disk = 3072
	GPUs = 0
	machine_token = 0
	Memory = 6016
...
006 (19535060.000.000) 2026-06-02 16:46:08 Image size of job updated: 122304
	120  -  MemoryUsage of job (MB)
	122304  -  ResidentSetSize of job (KB)
...
006 (19535060.000.000) 2026-06-02 16:51:09 Image size of job updated: 156180
	153  -  MemoryUsage of job (MB)
	156180  -  ResidentSetSize of job (KB)
...
006 (19535060.000.000) 2026-06-02 16:56:09 Image size of job updated: 281820
	276  -  MemoryUsage of job (MB)
	281820  -  ResidentSetSize of job (KB)
...
006 (19535060.000.000) 2026-06-02 17:01:10 Image size of job updated: 441604
	432  -  MemoryUsage of job (MB)
	441604  -  ResidentSetSize of job (KB)
...
006 (19535060.000.000) 2026-06-02 17:03:30 Image size of job updated: 739492
	432  -  MemoryUsage of job (MB)
	441604  -  ResidentSetSize of job (KB)
...
005 (19535060.000.000) 2026-06-02 17:03:30 Job terminated.
	(1) Normal termination (return value 0)
		Usr 0 00:16:27, Sys 0 00:00:13  -  Run Remote Usage
		Usr 0 00:00:00, Sys 0 00:00:00  -  Run Local Usage
		Usr 0 00:16:27, Sys 0 00:00:13  -  Total Remote Usage
		Usr 0 00:00:00, Sys 0 00:00:00  -  Total Local Usage
	0  -  Run Bytes Sent By Job
	0  -  Run Bytes Received By Job
	0  -  Total Bytes Sent By Job
	0  -  Total Bytes Received By Job
	Partitionable Resources :    Usage  Request Allocated 
	   admin_mutex_1         :                           0 
	   admin_mutex_2         :                           0 
	   admin_mutex_3         :                           0 
	   Cpus                  :     0.98        1         1 
	   Disk (KB)             :    15        2048      3072 
	   GPUs                  :                           0 
	   machine_token         :                           0 
	   Memory (MB)           :   432        6000      6016 
	   TimeExecute (s)       :  1056                       
	   TimeSlotBusy (s)      :  1056                       

	Job terminated of its own accord at 2026-06-02T22:03:30Z with exit-code 0.
...
