000 (19534780.000.000) 2026-06-02 15:53:02 Job submitted from host: <10.128.10.103:9618?addrs=10.128.10.103-9618&alias=npx-submitter.icecube.wisc.edu&noUDP&sock=schedd_2449_6386>
    DAG Node: Drootprod_20140714_38176
...
001 (19534780.000.000) 2026-06-02 16:40:40 Job executing on host: <10.128.10.188:45333?addrs=10.128.10.188-45333&alias=n-smepyc-01.icecube.wisc.edu>
	SlotName: slot1_54@n-smepyc-01.icecube.wisc.edu
	admin_mutex_1 = 0
	admin_mutex_2 = 0
	admin_mutex_3 = 0
	CondorScratchDir = "/scratch/condor/dir_4016708"
	Cpus = 1
	Disk = 3072
	GPUs = 0
	machine_token = 0
	Memory = 6016
...
006 (19534780.000.000) 2026-06-02 16:40:53 Image size of job updated: 122328
	120  -  MemoryUsage of job (MB)
	122328  -  ResidentSetSize of job (KB)
...
006 (19534780.000.000) 2026-06-02 16:45:53 Image size of job updated: 166408
	163  -  MemoryUsage of job (MB)
	166408  -  ResidentSetSize of job (KB)
...
006 (19534780.000.000) 2026-06-02 16:50:54 Image size of job updated: 419912
	411  -  MemoryUsage of job (MB)
	419912  -  ResidentSetSize of job (KB)
...
006 (19534780.000.000) 2026-06-02 16:54:10 Image size of job updated: 741196
	411  -  MemoryUsage of job (MB)
	419912  -  ResidentSetSize of job (KB)
...
005 (19534780.000.000) 2026-06-02 16:54:10 Job terminated.
	(1) Normal termination (return value 0)
		Usr 0 00:12:45, Sys 0 00:00:13  -  Run Remote Usage
		Usr 0 00:00:00, Sys 0 00:00:00  -  Run Local Usage
		Usr 0 00:12:45, Sys 0 00:00:13  -  Total Remote Usage
		Usr 0 00:00:00, Sys 0 00:00:00  -  Total Local Usage
	0  -  Run Bytes Sent By Job
	0  -  Run Bytes Received By Job
	0  -  Total Bytes Sent By Job
	0  -  Total Bytes Received By Job
	Partitionable Resources :    Usage  Request Allocated 
	   admin_mutex_1         :                           0 
	   admin_mutex_2         :                           0 
	   admin_mutex_3         :                           0 
	   Cpus                  :     0.98        1         1 
	   Disk (KB)             :    15        2048      3072 
	   GPUs                  :                           0 
	   machine_token         :                           0 
	   Memory (MB)           :   411        6000      6016 
	   TimeExecute (s)       :   810                       
	   TimeSlotBusy (s)      :   811                       

	Job terminated of its own accord at 2026-06-02T21:54:10Z with exit-code 0.
...
