000 (19537205.000.000) 2026-06-02 15:58:12 Job submitted from host: <10.128.10.103:9618?addrs=10.128.10.103-9618&alias=npx-submitter.icecube.wisc.edu&noUDP&sock=schedd_2449_6386>
    DAG Node: Drootprod_20141228_39456
...
001 (19537205.000.000) 2026-06-02 17:33:39 Job executing on host: <10.128.10.188:45333?addrs=10.128.10.188-45333&alias=n-smepyc-01.icecube.wisc.edu>
	SlotName: slot1_68@n-smepyc-01.icecube.wisc.edu
	admin_mutex_1 = 0
	admin_mutex_2 = 0
	admin_mutex_3 = 0
	CondorScratchDir = "/scratch/condor/dir_23851"
	Cpus = 1
	Disk = 3072
	GPUs = 0
	machine_token = 0
	Memory = 6016
...
006 (19537205.000.000) 2026-06-02 17:33:53 Image size of job updated: 122476
	120  -  MemoryUsage of job (MB)
	122476  -  ResidentSetSize of job (KB)
...
006 (19537205.000.000) 2026-06-02 17:38:53 Image size of job updated: 165716
	162  -  MemoryUsage of job (MB)
	165716  -  ResidentSetSize of job (KB)
...
006 (19537205.000.000) 2026-06-02 17:43:53 Image size of job updated: 412324
	403  -  MemoryUsage of job (MB)
	412324  -  ResidentSetSize of job (KB)
...
006 (19537205.000.000) 2026-06-02 17:46:36 Image size of job updated: 716576
	403  -  MemoryUsage of job (MB)
	412324  -  ResidentSetSize of job (KB)
...
005 (19537205.000.000) 2026-06-02 17:46:36 Job terminated.
	(1) Normal termination (return value 0)
		Usr 0 00:12:17, Sys 0 00:00:11  -  Run Remote Usage
		Usr 0 00:00:00, Sys 0 00:00:00  -  Run Local Usage
		Usr 0 00:12:17, Sys 0 00:00:11  -  Total Remote Usage
		Usr 0 00:00:00, Sys 0 00:00:00  -  Total Local Usage
	0  -  Run Bytes Sent By Job
	0  -  Run Bytes Received By Job
	0  -  Total Bytes Sent By Job
	0  -  Total Bytes Received By Job
	Partitionable Resources :    Usage  Request Allocated 
	   admin_mutex_1         :                           0 
	   admin_mutex_2         :                           0 
	   admin_mutex_3         :                           0 
	   Cpus                  :     0.99        1         1 
	   Disk (KB)             :    17        2048      3072 
	   GPUs                  :                           0 
	   machine_token         :                           0 
	   Memory (MB)           :   403        6000      6016 
	   TimeExecute (s)       :   777                       
	   TimeSlotBusy (s)      :   777                       

	Job terminated of its own accord at 2026-06-02T22:46:36Z with exit-code 0.
...
