000 (19534579.000.000) 2026-06-02 15:52:40 Job submitted from host: <10.128.10.103:9618?addrs=10.128.10.103-9618&alias=npx-submitter.icecube.wisc.edu&noUDP&sock=schedd_2449_6386>
    DAG Node: Drootprod_20140702_63676
...
001 (19534579.000.000) 2026-06-02 16:37:03 Job executing on host: <10.128.11.112:41791?addrs=10.128.11.112-41791&alias=n-r720-53.icecube.wisc.edu>
	SlotName: slot1_19@n-r720-53.icecube.wisc.edu
	admin_mutex_1 = 0
	admin_mutex_2 = 0
	admin_mutex_3 = 0
	CondorScratchDir = "/scratch/condor/dir_1088972"
	Cpus = 1
	Disk = 3717
	GPUs = 0
	machine_token = 0
	Memory = 6016
...
006 (19534579.000.000) 2026-06-02 16:37:17 Image size of job updated: 119892
	118  -  MemoryUsage of job (MB)
	119892  -  ResidentSetSize of job (KB)
...
006 (19534579.000.000) 2026-06-02 16:42:18 Image size of job updated: 139696
	137  -  MemoryUsage of job (MB)
	139696  -  ResidentSetSize of job (KB)
...
006 (19534579.000.000) 2026-06-02 16:47:19 Image size of job updated: 156396
	153  -  MemoryUsage of job (MB)
	156396  -  ResidentSetSize of job (KB)
...
006 (19534579.000.000) 2026-06-02 16:52:19 Image size of job updated: 172228
	169  -  MemoryUsage of job (MB)
	172228  -  ResidentSetSize of job (KB)
...
006 (19534579.000.000) 2026-06-02 16:57:19 Image size of job updated: 283788
	278  -  MemoryUsage of job (MB)
	283788  -  ResidentSetSize of job (KB)
...
006 (19534579.000.000) 2026-06-02 17:02:20 Image size of job updated: 410236
	401  -  MemoryUsage of job (MB)
	410236  -  ResidentSetSize of job (KB)
...
006 (19534579.000.000) 2026-06-02 17:07:20 Image size of job updated: 424460
	415  -  MemoryUsage of job (MB)
	424460  -  ResidentSetSize of job (KB)
...
006 (19534579.000.000) 2026-06-02 17:12:20 Image size of job updated: 727468
	711  -  MemoryUsage of job (MB)
	727468  -  ResidentSetSize of job (KB)
...
006 (19534579.000.000) 2026-06-02 17:13:51 Image size of job updated: 746572
	711  -  MemoryUsage of job (MB)
	727468  -  ResidentSetSize of job (KB)
...
005 (19534579.000.000) 2026-06-02 17:13:51 Job terminated.
	(1) Normal termination (return value 0)
		Usr 0 00:35:14, Sys 0 00:00:21  -  Run Remote Usage
		Usr 0 00:00:00, Sys 0 00:00:00  -  Run Local Usage
		Usr 0 00:35:14, Sys 0 00:00:21  -  Total Remote Usage
		Usr 0 00:00:00, Sys 0 00:00:00  -  Total Local Usage
	0  -  Run Bytes Sent By Job
	0  -  Run Bytes Received By Job
	0  -  Total Bytes Sent By Job
	0  -  Total Bytes Received By Job
	Partitionable Resources :    Usage  Request Allocated 
	   admin_mutex_1         :                           0 
	   admin_mutex_2         :                           0 
	   admin_mutex_3         :                           0 
	   Cpus                  :     0.99        1         1 
	   Disk (KB)             :    15        2048      3717 
	   GPUs                  :                           0 
	   machine_token         :                           0 
	   Memory (MB)           :   711        6000      6016 
	   TimeExecute (s)       :  2208                       
	   TimeSlotBusy (s)      :  2208                       

	Job terminated of its own accord at 2026-06-02T22:13:51Z with exit-code 0.
...
