000 (19536644.000.000) 2026-06-02 15:56:54 Job submitted from host: <10.128.10.103:9618?addrs=10.128.10.103-9618&alias=npx-submitter.icecube.wisc.edu&noUDP&sock=schedd_2449_6386>
    DAG Node: Drootprod_20141115_73608
...
001 (19536644.000.000) 2026-06-02 17:24:24 Job executing on host: <10.128.10.117:43719?addrs=10.128.10.117-43719&alias=n-gibyte-02.icecube.wisc.edu>
	SlotName: slot1_118@n-gibyte-02.icecube.wisc.edu
	admin_mutex_1 = 0
	admin_mutex_2 = 0
	admin_mutex_3 = 0
	CondorScratchDir = "/scratch/condor/dir_3682488"
	Cpus = 1
	Disk = 5480
	GPUs = 0
	machine_token = 0
	Memory = 6016
...
006 (19536644.000.000) 2026-06-02 17:24:38 Image size of job updated: 120256
	118  -  MemoryUsage of job (MB)
	120256  -  ResidentSetSize of job (KB)
...
006 (19536644.000.000) 2026-06-02 17:29:39 Image size of job updated: 141720
	139  -  MemoryUsage of job (MB)
	141720  -  ResidentSetSize of job (KB)
...
006 (19536644.000.000) 2026-06-02 17:34:39 Image size of job updated: 159420
	156  -  MemoryUsage of job (MB)
	159420  -  ResidentSetSize of job (KB)
...
006 (19536644.000.000) 2026-06-02 17:39:40 Image size of job updated: 272588
	267  -  MemoryUsage of job (MB)
	272588  -  ResidentSetSize of job (KB)
...
006 (19536644.000.000) 2026-06-02 17:44:40 Image size of job updated: 291112
	285  -  MemoryUsage of job (MB)
	291112  -  ResidentSetSize of job (KB)
...
006 (19536644.000.000) 2026-06-02 17:49:41 Image size of job updated: 417824
	409  -  MemoryUsage of job (MB)
	417824  -  ResidentSetSize of job (KB)
...
006 (19536644.000.000) 2026-06-02 17:54:42 Image size of job updated: 570116
	557  -  MemoryUsage of job (MB)
	570116  -  ResidentSetSize of job (KB)
...
006 (19536644.000.000) 2026-06-02 17:59:42 Image size of job updated: 728324
	712  -  MemoryUsage of job (MB)
	728324  -  ResidentSetSize of job (KB)
...
006 (19536644.000.000) 2026-06-02 18:02:24 Image size of job updated: 735292
	712  -  MemoryUsage of job (MB)
	728324  -  ResidentSetSize of job (KB)
...
005 (19536644.000.000) 2026-06-02 18:02:24 Job terminated.
	(1) Normal termination (return value 0)
		Usr 0 00:36:33, Sys 0 00:00:20  -  Run Remote Usage
		Usr 0 00:00:00, Sys 0 00:00:00  -  Run Local Usage
		Usr 0 00:36:33, Sys 0 00:00:20  -  Total Remote Usage
		Usr 0 00:00:00, Sys 0 00:00:00  -  Total Local Usage
	0  -  Run Bytes Sent By Job
	0  -  Run Bytes Received By Job
	0  -  Total Bytes Sent By Job
	0  -  Total Bytes Received By Job
	Partitionable Resources :    Usage  Request Allocated 
	   admin_mutex_1         :                           0 
	   admin_mutex_2         :                           0 
	   admin_mutex_3         :                           0 
	   Cpus                  :     0.99        1         1 
	   Disk (KB)             :    17        2048      5480 
	   GPUs                  :                           0 
	   machine_token         :                           0 
	   Memory (MB)           :   712        6000      6016 
	   TimeExecute (s)       :  2280                       
	   TimeSlotBusy (s)      :  2281                       

	Job terminated of its own accord at 2026-06-02T23:02:24Z with exit-code 0.
...
