000 (19534388.000.000) 2026-06-02 15:52:19 Job submitted from host: <10.128.10.103:9618?addrs=10.128.10.103-9618&alias=npx-submitter.icecube.wisc.edu&noUDP&sock=schedd_2449_6386>
    DAG Node: Drootprod_20140622_12244
...
001 (19534388.000.000) 2026-06-02 16:33:49 Job executing on host: <10.128.10.192:35633?addrs=10.128.10.192-35633&alias=n-smepyc-05.icecube.wisc.edu>
	SlotName: slot1_82@n-smepyc-05.icecube.wisc.edu
	admin_mutex_1 = 0
	admin_mutex_2 = 0
	admin_mutex_3 = 0
	CondorScratchDir = "/scratch/condor/dir_192019"
	Cpus = 1
	Disk = 3072
	GPUs = 0
	machine_token = 0
	Memory = 6016
...
006 (19534388.000.000) 2026-06-02 16:34:02 Image size of job updated: 123280
	121  -  MemoryUsage of job (MB)
	123280  -  ResidentSetSize of job (KB)
...
006 (19534388.000.000) 2026-06-02 16:39:02 Image size of job updated: 159724
	156  -  MemoryUsage of job (MB)
	159724  -  ResidentSetSize of job (KB)
...
006 (19534388.000.000) 2026-06-02 16:44:03 Image size of job updated: 292620
	286  -  MemoryUsage of job (MB)
	292620  -  ResidentSetSize of job (KB)
...
006 (19534388.000.000) 2026-06-02 16:49:04 Image size of job updated: 725976
	709  -  MemoryUsage of job (MB)
	725976  -  ResidentSetSize of job (KB)
...
006 (19534388.000.000) 2026-06-02 16:49:47 Image size of job updated: 732168
	709  -  MemoryUsage of job (MB)
	725976  -  ResidentSetSize of job (KB)
...
005 (19534388.000.000) 2026-06-02 16:49:47 Job terminated.
	(1) Normal termination (return value 0)
		Usr 0 00:15:03, Sys 0 00:00:13  -  Run Remote Usage
		Usr 0 00:00:00, Sys 0 00:00:00  -  Run Local Usage
		Usr 0 00:15:03, Sys 0 00:00:13  -  Total Remote Usage
		Usr 0 00:00:00, Sys 0 00:00:00  -  Total Local Usage
	0  -  Run Bytes Sent By Job
	0  -  Run Bytes Received By Job
	0  -  Total Bytes Sent By Job
	0  -  Total Bytes Received By Job
	Partitionable Resources :    Usage  Request Allocated 
	   admin_mutex_1         :                           0 
	   admin_mutex_2         :                           0 
	   admin_mutex_3         :                           0 
	   Cpus                  :     0.99        1         1 
	   Disk (KB)             :    15        2048      3072 
	   GPUs                  :                           0 
	   machine_token         :                           0 
	   Memory (MB)           :   709        6000      6016 
	   TimeExecute (s)       :   958                       
	   TimeSlotBusy (s)      :   958                       

	Job terminated of its own accord at 2026-06-02T21:49:47Z with exit-code 0.
...
