000 (19536978.000.000) 2026-06-02 15:57:39 Job submitted from host: <10.128.10.103:9618?addrs=10.128.10.103-9618&alias=npx-submitter.icecube.wisc.edu&noUDP&sock=schedd_2449_6386>
    DAG Node: Drootprod_20141210_68467
...
001 (19536978.000.000) 2026-06-02 17:30:06 Job executing on host: <10.128.10.187:34023?addrs=10.128.10.187-34023&alias=n-smepyc-00.icecube.wisc.edu>
	SlotName: slot1_76@n-smepyc-00.icecube.wisc.edu
	admin_mutex_1 = 0
	admin_mutex_2 = 0
	admin_mutex_3 = 0
	CondorScratchDir = "/scratch/condor/dir_2005725"
	Cpus = 1
	Disk = 3072
	GPUs = 0
	machine_token = 0
	Memory = 6016
...
006 (19536978.000.000) 2026-06-02 17:30:19 Image size of job updated: 121508
	119  -  MemoryUsage of job (MB)
	121508  -  ResidentSetSize of job (KB)
...
006 (19536978.000.000) 2026-06-02 17:35:19 Image size of job updated: 159928
	157  -  MemoryUsage of job (MB)
	159928  -  ResidentSetSize of job (KB)
...
006 (19536978.000.000) 2026-06-02 17:39:51 Image size of job updated: 290004
	157  -  MemoryUsage of job (MB)
	159928  -  ResidentSetSize of job (KB)
...
005 (19536978.000.000) 2026-06-02 17:39:51 Job terminated.
	(1) Normal termination (return value 0)
		Usr 0 00:09:14, Sys 0 00:00:09  -  Run Remote Usage
		Usr 0 00:00:00, Sys 0 00:00:00  -  Run Local Usage
		Usr 0 00:09:14, Sys 0 00:00:09  -  Total Remote Usage
		Usr 0 00:00:00, Sys 0 00:00:00  -  Total Local Usage
	0  -  Run Bytes Sent By Job
	0  -  Run Bytes Received By Job
	0  -  Total Bytes Sent By Job
	0  -  Total Bytes Received By Job
	Partitionable Resources :    Usage  Request Allocated 
	   admin_mutex_1         :                           0 
	   admin_mutex_2         :                           0 
	   admin_mutex_3         :                           0 
	   Cpus                  :     0.99        1         1 
	   Disk (KB)             :    12        2048      3072 
	   GPUs                  :                           0 
	   machine_token         :                           0 
	   Memory (MB)           :   157        6000      6016 
	   TimeExecute (s)       :   585                       
	   TimeSlotBusy (s)      :   585                       

	Job terminated of its own accord at 2026-06-02T22:39:51Z with exit-code 0.
...
