000 (19535681.000.000) 2026-06-02 15:54:52 Job submitted from host: <10.128.10.103:9618?addrs=10.128.10.103-9618&alias=npx-submitter.icecube.wisc.edu&noUDP&sock=schedd_2449_6386>
    DAG Node: Drootprod_20140910_30913
...
001 (19535681.000.000) 2026-06-02 16:57:27 Job executing on host: <10.128.10.189:44027?addrs=10.128.10.189-44027&alias=n-smepyc-02.icecube.wisc.edu>
	SlotName: slot1_33@n-smepyc-02.icecube.wisc.edu
	admin_mutex_1 = 0
	admin_mutex_2 = 0
	admin_mutex_3 = 0
	CondorScratchDir = "/scratch/condor/dir_482120"
	Cpus = 1
	Disk = 3072
	GPUs = 0
	machine_token = 0
	Memory = 6016
...
006 (19535681.000.000) 2026-06-02 16:57:40 Image size of job updated: 123232
	121  -  MemoryUsage of job (MB)
	123232  -  ResidentSetSize of job (KB)
...
006 (19535681.000.000) 2026-06-02 17:02:40 Image size of job updated: 166564
	163  -  MemoryUsage of job (MB)
	166564  -  ResidentSetSize of job (KB)
...
006 (19535681.000.000) 2026-06-02 17:07:40 Image size of job updated: 417228
	408  -  MemoryUsage of job (MB)
	417228  -  ResidentSetSize of job (KB)
...
006 (19535681.000.000) 2026-06-02 17:10:01 Image size of job updated: 721704
	408  -  MemoryUsage of job (MB)
	417228  -  ResidentSetSize of job (KB)
...
005 (19535681.000.000) 2026-06-02 17:10:01 Job terminated.
	(1) Normal termination (return value 0)
		Usr 0 00:11:20, Sys 0 00:00:11  -  Run Remote Usage
		Usr 0 00:00:00, Sys 0 00:00:00  -  Run Local Usage
		Usr 0 00:11:20, Sys 0 00:00:11  -  Total Remote Usage
		Usr 0 00:00:00, Sys 0 00:00:00  -  Total Local Usage
	0  -  Run Bytes Sent By Job
	0  -  Run Bytes Received By Job
	0  -  Total Bytes Sent By Job
	0  -  Total Bytes Received By Job
	Partitionable Resources :    Usage  Request Allocated 
	   admin_mutex_1         :                           0 
	   admin_mutex_2         :                           0 
	   admin_mutex_3         :                           0 
	   Cpus                  :     0.97        1         1 
	   Disk (KB)             :    15        2048      3072 
	   GPUs                  :                           0 
	   machine_token         :                           0 
	   Memory (MB)           :   408        6000      6016 
	   TimeExecute (s)       :   754                       
	   TimeSlotBusy (s)      :   754                       

	Job terminated of its own accord at 2026-06-02T22:10:01Z with exit-code 0.
...
