000 (19535423.000.000) 2026-06-02 15:54:19 Job submitted from host: <10.128.10.103:9618?addrs=10.128.10.103-9618&alias=npx-submitter.icecube.wisc.edu&noUDP&sock=schedd_2449_6386>
    DAG Node: Drootprod_20140823_90662
...
001 (19535423.000.000) 2026-06-02 16:53:01 Job executing on host: <10.128.11.108:42175?addrs=10.128.11.108-42175&alias=n-r720-49.icecube.wisc.edu>
	SlotName: slot1_14@n-r720-49.icecube.wisc.edu
	admin_mutex_1 = 0
	admin_mutex_2 = 0
	admin_mutex_3 = 0
	CondorScratchDir = "/scratch/condor/dir_683795"
	Cpus = 1
	Disk = 3717
	GPUs = 0
	machine_token = 0
	Memory = 6016
...
006 (19535423.000.000) 2026-06-02 16:53:14 Image size of job updated: 120172
	118  -  MemoryUsage of job (MB)
	120172  -  ResidentSetSize of job (KB)
...
006 (19535423.000.000) 2026-06-02 16:58:14 Image size of job updated: 146428
	143  -  MemoryUsage of job (MB)
	146428  -  ResidentSetSize of job (KB)
...
006 (19535423.000.000) 2026-06-02 17:03:14 Image size of job updated: 167580
	164  -  MemoryUsage of job (MB)
	167580  -  ResidentSetSize of job (KB)
...
006 (19535423.000.000) 2026-06-02 17:08:15 Image size of job updated: 284808
	279  -  MemoryUsage of job (MB)
	284808  -  ResidentSetSize of job (KB)
...
006 (19535423.000.000) 2026-06-02 17:13:15 Image size of job updated: 436128
	426  -  MemoryUsage of job (MB)
	436128  -  ResidentSetSize of job (KB)
...
006 (19535423.000.000) 2026-06-02 17:18:15 Image size of job updated: 745368
	728  -  MemoryUsage of job (MB)
	745368  -  ResidentSetSize of job (KB)
...
006 (19535423.000.000) 2026-06-02 17:20:29 Image size of job updated: 771252
	728  -  MemoryUsage of job (MB)
	745368  -  ResidentSetSize of job (KB)
...
005 (19535423.000.000) 2026-06-02 17:20:29 Job terminated.
	(1) Normal termination (return value 0)
		Usr 0 00:26:01, Sys 0 00:00:20  -  Run Remote Usage
		Usr 0 00:00:00, Sys 0 00:00:00  -  Run Local Usage
		Usr 0 00:26:01, Sys 0 00:00:20  -  Total Remote Usage
		Usr 0 00:00:00, Sys 0 00:00:00  -  Total Local Usage
	0  -  Run Bytes Sent By Job
	0  -  Run Bytes Received By Job
	0  -  Total Bytes Sent By Job
	0  -  Total Bytes Received By Job
	Partitionable Resources :    Usage  Request Allocated 
	   admin_mutex_1         :                           0 
	   admin_mutex_2         :                           0 
	   admin_mutex_3         :                           0 
	   Cpus                  :     0.99        1         1 
	   Disk (KB)             :    15        2048      3717 
	   GPUs                  :                           0 
	   machine_token         :                           0 
	   Memory (MB)           :   728        6000      6016 
	   TimeExecute (s)       :  1648                       
	   TimeSlotBusy (s)      :  1648                       

	Job terminated of its own accord at 2026-06-02T22:20:29Z with exit-code 0.
...
