000 (19536776.000.000) 2026-06-02 15:57:12 Job submitted from host: <10.128.10.103:9618?addrs=10.128.10.103-9618&alias=npx-submitter.icecube.wisc.edu&noUDP&sock=schedd_2449_6386>
    DAG Node: Drootprod_20141123_66479
...
001 (19536776.000.000) 2026-06-02 17:27:01 Job executing on host: <10.128.10.117:43719?addrs=10.128.10.117-43719&alias=n-gibyte-02.icecube.wisc.edu>
	SlotName: slot1_459@n-gibyte-02.icecube.wisc.edu
	admin_mutex_1 = 0
	admin_mutex_2 = 0
	admin_mutex_3 = 0
	CondorScratchDir = "/scratch/condor/dir_3693954"
	Cpus = 1
	Disk = 5480
	GPUs = 0
	machine_token = 0
	Memory = 6016
...
006 (19536776.000.000) 2026-06-02 17:27:15 Image size of job updated: 119416
	117  -  MemoryUsage of job (MB)
	119416  -  ResidentSetSize of job (KB)
...
006 (19536776.000.000) 2026-06-02 17:32:16 Image size of job updated: 140856
	138  -  MemoryUsage of job (MB)
	140856  -  ResidentSetSize of job (KB)
...
006 (19536776.000.000) 2026-06-02 17:37:16 Image size of job updated: 159140
	156  -  MemoryUsage of job (MB)
	159140  -  ResidentSetSize of job (KB)
...
006 (19536776.000.000) 2026-06-02 17:42:17 Image size of job updated: 270736
	265  -  MemoryUsage of job (MB)
	270736  -  ResidentSetSize of job (KB)
...
006 (19536776.000.000) 2026-06-02 17:47:17 Image size of job updated: 288720
	282  -  MemoryUsage of job (MB)
	288720  -  ResidentSetSize of job (KB)
...
006 (19536776.000.000) 2026-06-02 17:52:18 Image size of job updated: 410384
	401  -  MemoryUsage of job (MB)
	410384  -  ResidentSetSize of job (KB)
...
006 (19536776.000.000) 2026-06-02 17:56:24 Image size of job updated: 421036
	401  -  MemoryUsage of job (MB)
	410384  -  ResidentSetSize of job (KB)
...
005 (19536776.000.000) 2026-06-02 17:56:25 Job terminated.
	(1) Normal termination (return value 0)
		Usr 0 00:28:12, Sys 0 00:00:16  -  Run Remote Usage
		Usr 0 00:00:00, Sys 0 00:00:00  -  Run Local Usage
		Usr 0 00:28:12, Sys 0 00:00:16  -  Total Remote Usage
		Usr 0 00:00:00, Sys 0 00:00:00  -  Total Local Usage
	0  -  Run Bytes Sent By Job
	0  -  Run Bytes Received By Job
	0  -  Total Bytes Sent By Job
	0  -  Total Bytes Received By Job
	Partitionable Resources :    Usage  Request Allocated 
	   admin_mutex_1         :                           0 
	   admin_mutex_2         :                           0 
	   admin_mutex_3         :                           0 
	   Cpus                  :     0.98        1         1 
	   Disk (KB)             :    15        2048      5480 
	   GPUs                  :                           0 
	   machine_token         :                           0 
	   Memory (MB)           :   401        6000      6016 
	   TimeExecute (s)       :  1763                       
	   TimeSlotBusy (s)      :  1763                       

	Job terminated of its own accord at 2026-06-02T22:56:24Z with exit-code 0.
...
