000 (19533976.000.000) 2026-06-02 15:51:32 Job submitted from host: <10.128.10.103:9618?addrs=10.128.10.103-9618&alias=npx-submitter.icecube.wisc.edu&noUDP&sock=schedd_2449_6386>
    DAG Node: Drootprod_20140527_79928
...
001 (19533976.000.000) 2026-06-02 16:24:24 Job executing on host: <10.128.10.189:44027?addrs=10.128.10.189-44027&alias=n-smepyc-02.icecube.wisc.edu>
	SlotName: slot1_58@n-smepyc-02.icecube.wisc.edu
	admin_mutex_1 = 0
	admin_mutex_2 = 0
	admin_mutex_3 = 0
	CondorScratchDir = "/scratch/condor/dir_354378"
	Cpus = 1
	Disk = 3072
	GPUs = 0
	machine_token = 0
	Memory = 6016
...
006 (19533976.000.000) 2026-06-02 16:24:37 Image size of job updated: 123264
	121  -  MemoryUsage of job (MB)
	123264  -  ResidentSetSize of job (KB)
...
006 (19533976.000.000) 2026-06-02 16:29:37 Image size of job updated: 167896
	164  -  MemoryUsage of job (MB)
	167896  -  ResidentSetSize of job (KB)
...
006 (19533976.000.000) 2026-06-02 16:34:38 Image size of job updated: 421848
	412  -  MemoryUsage of job (MB)
	421848  -  ResidentSetSize of job (KB)
...
006 (19533976.000.000) 2026-06-02 16:37:50 Image size of job updated: 735084
	412  -  MemoryUsage of job (MB)
	421848  -  ResidentSetSize of job (KB)
...
005 (19533976.000.000) 2026-06-02 16:37:50 Job terminated.
	(1) Normal termination (return value 0)
		Usr 0 00:12:05, Sys 0 00:00:12  -  Run Remote Usage
		Usr 0 00:00:00, Sys 0 00:00:00  -  Run Local Usage
		Usr 0 00:12:05, Sys 0 00:00:12  -  Total Remote Usage
		Usr 0 00:00:00, Sys 0 00:00:00  -  Total Local Usage
	0  -  Run Bytes Sent By Job
	0  -  Run Bytes Received By Job
	0  -  Total Bytes Sent By Job
	0  -  Total Bytes Received By Job
	Partitionable Resources :    Usage  Request Allocated 
	   admin_mutex_1         :                           0 
	   admin_mutex_2         :                           0 
	   admin_mutex_3         :                           0 
	   Cpus                  :     0.96        1         1 
	   Disk (KB)             :    17        2048      3072 
	   GPUs                  :                           0 
	   machine_token         :                           0 
	   Memory (MB)           :   412        6000      6016 
	   TimeExecute (s)       :   806                       
	   TimeSlotBusy (s)      :   806                       

	Job terminated of its own accord at 2026-06-02T21:37:50Z with exit-code 0.
...
