000 (19536713.000.000) 2026-06-02 15:57:03 Job submitted from host: <10.128.10.103:9618?addrs=10.128.10.103-9618&alias=npx-submitter.icecube.wisc.edu&noUDP&sock=schedd_2449_6386>
    DAG Node: Drootprod_20141119_30948
...
001 (19536713.000.000) 2026-06-02 17:25:27 Job executing on host: <10.128.10.115:33587?addrs=10.128.10.115-33587&alias=n-gibyte-00.icecube.wisc.edu>
	SlotName: slot1_30@n-gibyte-00.icecube.wisc.edu
	admin_mutex_1 = 0
	admin_mutex_2 = 0
	admin_mutex_3 = 0
	CondorScratchDir = "/scratch/condor/dir_2386932"
	Cpus = 1
	Disk = 5480
	GPUs = 0
	machine_token = 0
	Memory = 6016
...
006 (19536713.000.000) 2026-06-02 17:25:41 Image size of job updated: 119976
	118  -  MemoryUsage of job (MB)
	119976  -  ResidentSetSize of job (KB)
...
006 (19536713.000.000) 2026-06-02 17:30:42 Image size of job updated: 140560
	138  -  MemoryUsage of job (MB)
	140560  -  ResidentSetSize of job (KB)
...
006 (19536713.000.000) 2026-06-02 17:35:42 Image size of job updated: 156860
	154  -  MemoryUsage of job (MB)
	156860  -  ResidentSetSize of job (KB)
...
006 (19536713.000.000) 2026-06-02 17:40:43 Image size of job updated: 173940
	170  -  MemoryUsage of job (MB)
	173940  -  ResidentSetSize of job (KB)
...
006 (19536713.000.000) 2026-06-02 17:45:43 Image size of job updated: 286480
	280  -  MemoryUsage of job (MB)
	286480  -  ResidentSetSize of job (KB)
...
006 (19536713.000.000) 2026-06-02 17:50:44 Image size of job updated: 411496
	402  -  MemoryUsage of job (MB)
	411496  -  ResidentSetSize of job (KB)
...
006 (19536713.000.000) 2026-06-02 17:55:45 Image size of job updated: 423896
	414  -  MemoryUsage of job (MB)
	423896  -  ResidentSetSize of job (KB)
...
006 (19536713.000.000) 2026-06-02 18:00:45 Image size of job updated: 719584
	703  -  MemoryUsage of job (MB)
	719584  -  ResidentSetSize of job (KB)
...
006 (19536713.000.000) 2026-06-02 18:02:31 Image size of job updated: 722208
	703  -  MemoryUsage of job (MB)
	719584  -  ResidentSetSize of job (KB)
...
005 (19536713.000.000) 2026-06-02 18:02:31 Job terminated.
	(1) Normal termination (return value 0)
		Usr 0 00:35:31, Sys 0 00:00:20  -  Run Remote Usage
		Usr 0 00:00:00, Sys 0 00:00:00  -  Run Local Usage
		Usr 0 00:35:31, Sys 0 00:00:20  -  Total Remote Usage
		Usr 0 00:00:00, Sys 0 00:00:00  -  Total Local Usage
	0  -  Run Bytes Sent By Job
	0  -  Run Bytes Received By Job
	0  -  Total Bytes Sent By Job
	0  -  Total Bytes Received By Job
	Partitionable Resources :    Usage  Request Allocated 
	   admin_mutex_1         :                           0 
	   admin_mutex_2         :                           0 
	   admin_mutex_3         :                           0 
	   Cpus                  :     0.99        1         1 
	   Disk (KB)             :    17        2048      5480 
	   GPUs                  :                           0 
	   machine_token         :                           0 
	   Memory (MB)           :   703        6000      6016 
	   TimeExecute (s)       :  2224                       
	   TimeSlotBusy (s)      :  2225                       

	Job terminated of its own accord at 2026-06-02T23:02:31Z with exit-code 0.
...
