000 (19537047.000.000) 2026-06-02 15:57:49 Job submitted from host: <10.128.10.103:9618?addrs=10.128.10.103-9618&alias=npx-submitter.icecube.wisc.edu&noUDP&sock=schedd_2449_6386>
    DAG Node: Drootprod_20141215_3420
...
001 (19537047.000.000) 2026-06-02 17:31:10 Job executing on host: <10.128.10.238:43797?addrs=10.128.10.238-43797&alias=n-gpu-42.icecube.wisc.edu>
	SlotName: slot1_56@n-gpu-42.icecube.wisc.edu
	admin_mutex_1 = 0
	admin_mutex_2 = 0
	admin_mutex_3 = 0
	AvailableGPUs = {  }
	CondorScratchDir = "/scratch/condor/dir_2293506"
	Cpus = 1
	Disk = 3072
	GPUs = 0
	machine_token = 0
	Memory = 6016
...
006 (19537047.000.000) 2026-06-02 17:31:24 Image size of job updated: 120564
	118  -  MemoryUsage of job (MB)
	120564  -  ResidentSetSize of job (KB)
...
006 (19537047.000.000) 2026-06-02 17:36:25 Image size of job updated: 151768
	149  -  MemoryUsage of job (MB)
	151768  -  ResidentSetSize of job (KB)
...
006 (19537047.000.000) 2026-06-02 17:41:25 Image size of job updated: 272936
	267  -  MemoryUsage of job (MB)
	272936  -  ResidentSetSize of job (KB)
...
006 (19537047.000.000) 2026-06-02 17:46:26 Image size of job updated: 412976
	404  -  MemoryUsage of job (MB)
	412976  -  ResidentSetSize of job (KB)
...
006 (19537047.000.000) 2026-06-02 17:51:27 Image size of job updated: 719084
	703  -  MemoryUsage of job (MB)
	719084  -  ResidentSetSize of job (KB)
...
006 (19537047.000.000) 2026-06-02 17:52:06 Image size of job updated: 721580
	703  -  MemoryUsage of job (MB)
	719084  -  ResidentSetSize of job (KB)
...
005 (19537047.000.000) 2026-06-02 17:52:06 Job terminated.
	(1) Normal termination (return value 0)
		Usr 0 00:19:37, Sys 0 00:00:18  -  Run Remote Usage
		Usr 0 00:00:00, Sys 0 00:00:00  -  Run Local Usage
		Usr 0 00:19:37, Sys 0 00:00:18  -  Total Remote Usage
		Usr 0 00:00:00, Sys 0 00:00:00  -  Total Local Usage
	0  -  Run Bytes Sent By Job
	0  -  Run Bytes Received By Job
	0  -  Total Bytes Sent By Job
	0  -  Total Bytes Received By Job
	Partitionable Resources :    Usage  Request Allocated 
	   admin_mutex_1         :                           0 
	   admin_mutex_2         :                           0 
	   admin_mutex_3         :                           0 
	   Cpus                  :     0.97        1         1 
	   Disk (KB)             :    17        2048      3072 
	   GPUs                  :                           0 
	   machine_token         :                           0 
	   Memory (MB)           :   703        6000      6016 
	   TimeExecute (s)       :  1256                       
	   TimeSlotBusy (s)      :  1256                       

	Job terminated of its own accord at 2026-06-02T22:52:06Z with exit-code 0.
...
