000 (19535661.000.000) 2026-06-02 15:54:50 Job submitted from host: <10.128.10.103:9618?addrs=10.128.10.103-9618&alias=npx-submitter.icecube.wisc.edu&noUDP&sock=schedd_2449_6386>
    DAG Node: Drootprod_20140908_12752
...
001 (19535661.000.000) 2026-06-02 16:56:57 Job executing on host: <10.128.10.238:43797?addrs=10.128.10.238-43797&alias=n-gpu-42.icecube.wisc.edu>
	SlotName: slot1_77@n-gpu-42.icecube.wisc.edu
	admin_mutex_1 = 0
	admin_mutex_2 = 0
	admin_mutex_3 = 0
	AvailableGPUs = {  }
	CondorScratchDir = "/scratch/condor/dir_2164736"
	Cpus = 1
	Disk = 3072
	GPUs = 0
	machine_token = 0
	Memory = 6016
...
006 (19535661.000.000) 2026-06-02 16:57:11 Image size of job updated: 121080
	119  -  MemoryUsage of job (MB)
	121080  -  ResidentSetSize of job (KB)
...
006 (19535661.000.000) 2026-06-02 17:02:12 Image size of job updated: 154012
	151  -  MemoryUsage of job (MB)
	154012  -  ResidentSetSize of job (KB)
...
006 (19535661.000.000) 2026-06-02 17:07:12 Image size of job updated: 279084
	273  -  MemoryUsage of job (MB)
	279084  -  ResidentSetSize of job (KB)
...
006 (19535661.000.000) 2026-06-02 17:12:13 Image size of job updated: 438844
	429  -  MemoryUsage of job (MB)
	438844  -  ResidentSetSize of job (KB)
...
006 (19535661.000.000) 2026-06-02 17:15:03 Image size of job updated: 740864
	429  -  MemoryUsage of job (MB)
	438844  -  ResidentSetSize of job (KB)
...
005 (19535661.000.000) 2026-06-02 17:15:03 Job terminated.
	(1) Normal termination (return value 0)
		Usr 0 00:16:42, Sys 0 00:00:17  -  Run Remote Usage
		Usr 0 00:00:00, Sys 0 00:00:00  -  Run Local Usage
		Usr 0 00:16:42, Sys 0 00:00:17  -  Total Remote Usage
		Usr 0 00:00:00, Sys 0 00:00:00  -  Total Local Usage
	0  -  Run Bytes Sent By Job
	0  -  Run Bytes Received By Job
	0  -  Total Bytes Sent By Job
	0  -  Total Bytes Received By Job
	Partitionable Resources :    Usage  Request Allocated 
	   admin_mutex_1         :                           0 
	   admin_mutex_2         :                           0 
	   admin_mutex_3         :                           0 
	   Cpus                  :     0.99        1         1 
	   Disk (KB)             :    15        2048      3072 
	   GPUs                  :                           0 
	   machine_token         :                           0 
	   Memory (MB)           :   429        6000      6016 
	   TimeExecute (s)       :  1086                       
	   TimeSlotBusy (s)      :  1086                       

	Job terminated of its own accord at 2026-06-02T22:15:03Z with exit-code 0.
...
