000 (19532710.000.000) 2026-06-02 15:48:34 Job submitted from host: <10.128.10.103:9618?addrs=10.128.10.103-9618&alias=npx-submitter.icecube.wisc.edu&noUDP&sock=schedd_2449_6386>
    DAG Node: Drootprod_20140218_44498
...
001 (19532710.000.000) 2026-06-02 15:48:49 Job executing on host: <10.128.10.116:38163?addrs=10.128.10.116-38163&alias=n-gibyte-01.icecube.wisc.edu>
	SlotName: slot1_494@n-gibyte-01.icecube.wisc.edu
	admin_mutex_1 = 0
	admin_mutex_2 = 0
	admin_mutex_3 = 0
	CondorScratchDir = "/scratch/condor/dir_2371429"
	Cpus = 1
	Disk = 5480
	GPUs = 0
	machine_token = 0
	Memory = 6016
...
006 (19532710.000.000) 2026-06-02 15:48:58 Image size of job updated: 120060
	118  -  MemoryUsage of job (MB)
	120060  -  ResidentSetSize of job (KB)
...
006 (19532710.000.000) 2026-06-02 15:53:59 Image size of job updated: 142480
	140  -  MemoryUsage of job (MB)
	142480  -  ResidentSetSize of job (KB)
...
006 (19532710.000.000) 2026-06-02 15:59:00 Image size of job updated: 160540
	157  -  MemoryUsage of job (MB)
	160540  -  ResidentSetSize of job (KB)
...
006 (19532710.000.000) 2026-06-02 16:04:00 Image size of job updated: 273764
	268  -  MemoryUsage of job (MB)
	273764  -  ResidentSetSize of job (KB)
...
006 (19532710.000.000) 2026-06-02 16:06:23 Image size of job updated: 284272
	268  -  MemoryUsage of job (MB)
	273764  -  ResidentSetSize of job (KB)
...
005 (19532710.000.000) 2026-06-02 16:06:23 Job terminated.
	(1) Normal termination (return value 0)
		Usr 0 00:16:32, Sys 0 00:00:10  -  Run Remote Usage
		Usr 0 00:00:00, Sys 0 00:00:00  -  Run Local Usage
		Usr 0 00:16:32, Sys 0 00:00:10  -  Total Remote Usage
		Usr 0 00:00:00, Sys 0 00:00:00  -  Total Local Usage
	0  -  Run Bytes Sent By Job
	0  -  Run Bytes Received By Job
	0  -  Total Bytes Sent By Job
	0  -  Total Bytes Received By Job
	Partitionable Resources :    Usage  Request Allocated 
	   admin_mutex_1         :                           0 
	   admin_mutex_2         :                           0 
	   admin_mutex_3         :                           0 
	   Cpus                  :     0.95        1         1 
	   Disk (KB)             :    12        2048      5480 
	   GPUs                  :                           0 
	   machine_token         :                           0 
	   Memory (MB)           :   268        6000      6016 
	   TimeExecute (s)       :  1054                       
	   TimeSlotBusy (s)      :  1054                       

	Job terminated of its own accord at 2026-06-02T21:06:23Z with exit-code 0.
...
