000 (19535100.000.000) 2026-06-02 15:53:37 Job submitted from host: <10.128.10.103:9618?addrs=10.128.10.103-9618&alias=npx-submitter.icecube.wisc.edu&noUDP&sock=schedd_2449_6386>
    DAG Node: Drootprod_20140802_3753
...
001 (19535100.000.000) 2026-06-02 16:46:30 Job executing on host: <10.128.10.190:46289?addrs=10.128.10.190-46289&alias=n-smepyc-03.icecube.wisc.edu>
	SlotName: slot1_38@n-smepyc-03.icecube.wisc.edu
	admin_mutex_1 = 0
	admin_mutex_2 = 0
	admin_mutex_3 = 0
	CondorScratchDir = "/scratch/condor/dir_3682616"
	Cpus = 1
	Disk = 3072
	GPUs = 0
	machine_token = 0
	Memory = 6016
...
006 (19535100.000.000) 2026-06-02 16:46:43 Image size of job updated: 122496
	120  -  MemoryUsage of job (MB)
	122496  -  ResidentSetSize of job (KB)
...
006 (19535100.000.000) 2026-06-02 16:51:43 Image size of job updated: 172192
	169  -  MemoryUsage of job (MB)
	172192  -  ResidentSetSize of job (KB)
...
006 (19535100.000.000) 2026-06-02 16:56:44 Image size of job updated: 440108
	430  -  MemoryUsage of job (MB)
	440108  -  ResidentSetSize of job (KB)
...
006 (19535100.000.000) 2026-06-02 16:59:57 Image size of job updated: 779216
	430  -  MemoryUsage of job (MB)
	440108  -  ResidentSetSize of job (KB)
...
005 (19535100.000.000) 2026-06-02 16:59:57 Job terminated.
	(1) Normal termination (return value 0)
		Usr 0 00:12:43, Sys 0 00:00:14  -  Run Remote Usage
		Usr 0 00:00:00, Sys 0 00:00:00  -  Run Local Usage
		Usr 0 00:12:43, Sys 0 00:00:14  -  Total Remote Usage
		Usr 0 00:00:00, Sys 0 00:00:00  -  Total Local Usage
	0  -  Run Bytes Sent By Job
	0  -  Run Bytes Received By Job
	0  -  Total Bytes Sent By Job
	0  -  Total Bytes Received By Job
	Partitionable Resources :    Usage  Request Allocated 
	   admin_mutex_1         :                           0 
	   admin_mutex_2         :                           0 
	   admin_mutex_3         :                           0 
	   Cpus                  :     0.98        1         1 
	   Disk (KB)             :    15        2048      3072 
	   GPUs                  :                           0 
	   machine_token         :                           0 
	   Memory (MB)           :   430        6000      6016 
	   TimeExecute (s)       :   807                       
	   TimeSlotBusy (s)      :   807                       

	Job terminated of its own accord at 2026-06-02T21:59:57Z with exit-code 0.
...
