000 (19534083.000.000) 2026-06-02 15:51:45 Job submitted from host: <10.128.10.103:9618?addrs=10.128.10.103-9618&alias=npx-submitter.icecube.wisc.edu&noUDP&sock=schedd_2449_6386>
    DAG Node: Drootprod_20140604_22022
...
001 (19534083.000.000) 2026-06-02 16:27:27 Job executing on host: <10.128.11.104:41225?addrs=10.128.11.104-41225&alias=n-r720-45.icecube.wisc.edu>
	SlotName: slot1_28@n-r720-45.icecube.wisc.edu
	admin_mutex_1 = 0
	admin_mutex_2 = 0
	admin_mutex_3 = 0
	CondorScratchDir = "/scratch/condor/dir_1067344"
	Cpus = 1
	Disk = 3717
	GPUs = 0
	machine_token = 0
	Memory = 6016
...
006 (19534083.000.000) 2026-06-02 16:27:41 Image size of job updated: 120488
	118  -  MemoryUsage of job (MB)
	120488  -  ResidentSetSize of job (KB)
...
006 (19534083.000.000) 2026-06-02 16:32:43 Image size of job updated: 142880
	140  -  MemoryUsage of job (MB)
	142880  -  ResidentSetSize of job (KB)
...
006 (19534083.000.000) 2026-06-02 16:37:43 Image size of job updated: 162516
	159  -  MemoryUsage of job (MB)
	162516  -  ResidentSetSize of job (KB)
...
006 (19534083.000.000) 2026-06-02 16:42:43 Image size of job updated: 279296
	273  -  MemoryUsage of job (MB)
	279296  -  ResidentSetSize of job (KB)
...
006 (19534083.000.000) 2026-06-02 16:47:44 Image size of job updated: 411972
	403  -  MemoryUsage of job (MB)
	411972  -  ResidentSetSize of job (KB)
...
006 (19534083.000.000) 2026-06-02 16:50:40 Image size of job updated: 431656
	403  -  MemoryUsage of job (MB)
	411972  -  ResidentSetSize of job (KB)
...
005 (19534083.000.000) 2026-06-02 16:50:40 Job terminated.
	(1) Normal termination (return value 0)
		Usr 0 00:22:00, Sys 0 00:00:14  -  Run Remote Usage
		Usr 0 00:00:00, Sys 0 00:00:00  -  Run Local Usage
		Usr 0 00:22:00, Sys 0 00:00:14  -  Total Remote Usage
		Usr 0 00:00:00, Sys 0 00:00:00  -  Total Local Usage
	0  -  Run Bytes Sent By Job
	0  -  Run Bytes Received By Job
	0  -  Total Bytes Sent By Job
	0  -  Total Bytes Received By Job
	Partitionable Resources :    Usage  Request Allocated 
	   admin_mutex_1         :                           0 
	   admin_mutex_2         :                           0 
	   admin_mutex_3         :                           0 
	   Cpus                  :     0.98        1         1 
	   Disk (KB)             :    15        2048      3717 
	   GPUs                  :                           0 
	   machine_token         :                           0 
	   Memory (MB)           :   403        6000      6016 
	   TimeExecute (s)       :  1393                       
	   TimeSlotBusy (s)      :  1393                       

	Job terminated of its own accord at 2026-06-02T21:50:40Z with exit-code 0.
...
