000 (19537117.000.000) 2026-06-02 15:57:59 Job submitted from host: <10.128.10.103:9618?addrs=10.128.10.103-9618&alias=npx-submitter.icecube.wisc.edu&noUDP&sock=schedd_2449_6386>
    DAG Node: Drootprod_20141220_19277
...
001 (19537117.000.000) 2026-06-02 17:31:53 Job executing on host: <10.128.10.191:42321?addrs=10.128.10.191-42321&alias=n-smepyc-04.icecube.wisc.edu>
	SlotName: slot1_24@n-smepyc-04.icecube.wisc.edu
	admin_mutex_1 = 0
	admin_mutex_2 = 0
	admin_mutex_3 = 0
	CondorScratchDir = "/scratch/condor/dir_385533"
	Cpus = 1
	Disk = 3072
	GPUs = 0
	machine_token = 0
	Memory = 6016
...
006 (19537117.000.000) 2026-06-02 17:32:07 Image size of job updated: 123356
	121  -  MemoryUsage of job (MB)
	123356  -  ResidentSetSize of job (KB)
...
006 (19537117.000.000) 2026-06-02 17:37:07 Image size of job updated: 161840
	159  -  MemoryUsage of job (MB)
	161840  -  ResidentSetSize of job (KB)
...
006 (19537117.000.000) 2026-06-02 17:42:07 Image size of job updated: 412352
	403  -  MemoryUsage of job (MB)
	412352  -  ResidentSetSize of job (KB)
...
006 (19537117.000.000) 2026-06-02 17:44:59 Image size of job updated: 719192
	403  -  MemoryUsage of job (MB)
	412352  -  ResidentSetSize of job (KB)
...
005 (19537117.000.000) 2026-06-02 17:44:59 Job terminated.
	(1) Normal termination (return value 0)
		Usr 0 00:12:19, Sys 0 00:00:13  -  Run Remote Usage
		Usr 0 00:00:00, Sys 0 00:00:00  -  Run Local Usage
		Usr 0 00:12:19, Sys 0 00:00:13  -  Total Remote Usage
		Usr 0 00:00:00, Sys 0 00:00:00  -  Total Local Usage
	0  -  Run Bytes Sent By Job
	0  -  Run Bytes Received By Job
	0  -  Total Bytes Sent By Job
	0  -  Total Bytes Received By Job
	Partitionable Resources :    Usage  Request Allocated 
	   admin_mutex_1         :                           0 
	   admin_mutex_2         :                           0 
	   admin_mutex_3         :                           0 
	   Cpus                  :     0.99        1         1 
	   Disk (KB)             :    17        2048      3072 
	   GPUs                  :                           0 
	   machine_token         :                           0 
	   Memory (MB)           :   403        6000      6016 
	   TimeExecute (s)       :   786                       
	   TimeSlotBusy (s)      :   786                       

	Job terminated of its own accord at 2026-06-02T22:44:59Z with exit-code 0.
...
