000 (19534365.000.000) 2026-06-02 15:52:17 Job submitted from host: <10.128.10.103:9618?addrs=10.128.10.103-9618&alias=npx-submitter.icecube.wisc.edu&noUDP&sock=schedd_2449_6386>
    DAG Node: Drootprod_20140620_86256
...
001 (19534365.000.000) 2026-06-02 16:33:02 Job executing on host: <10.128.10.189:44027?addrs=10.128.10.189-44027&alias=n-smepyc-02.icecube.wisc.edu>
	SlotName: slot1_37@n-smepyc-02.icecube.wisc.edu
	admin_mutex_1 = 0
	admin_mutex_2 = 0
	admin_mutex_3 = 0
	CondorScratchDir = "/scratch/condor/dir_387622"
	Cpus = 1
	Disk = 3072
	GPUs = 0
	machine_token = 0
	Memory = 6016
...
006 (19534365.000.000) 2026-06-02 16:33:16 Image size of job updated: 123036
	121  -  MemoryUsage of job (MB)
	123036  -  ResidentSetSize of job (KB)
...
006 (19534365.000.000) 2026-06-02 16:38:17 Image size of job updated: 166184
	163  -  MemoryUsage of job (MB)
	166184  -  ResidentSetSize of job (KB)
...
006 (19534365.000.000) 2026-06-02 16:43:18 Image size of job updated: 427172
	418  -  MemoryUsage of job (MB)
	427172  -  ResidentSetSize of job (KB)
...
006 (19534365.000.000) 2026-06-02 16:43:59 Image size of job updated: 438396
	418  -  MemoryUsage of job (MB)
	427172  -  ResidentSetSize of job (KB)
...
005 (19534365.000.000) 2026-06-02 16:43:59 Job terminated.
	(1) Normal termination (return value 0)
		Usr 0 00:10:14, Sys 0 00:00:09  -  Run Remote Usage
		Usr 0 00:00:00, Sys 0 00:00:00  -  Run Local Usage
		Usr 0 00:10:14, Sys 0 00:00:09  -  Total Remote Usage
		Usr 0 00:00:00, Sys 0 00:00:00  -  Total Local Usage
	0  -  Run Bytes Sent By Job
	0  -  Run Bytes Received By Job
	0  -  Total Bytes Sent By Job
	0  -  Total Bytes Received By Job
	Partitionable Resources :    Usage  Request Allocated 
	   admin_mutex_1         :                           0 
	   admin_mutex_2         :                           0 
	   admin_mutex_3         :                           0 
	   Cpus                  :     1.00        1         1 
	   Disk (KB)             :    12        2048      3072 
	   GPUs                  :                           0 
	   machine_token         :                           0 
	   Memory (MB)           :   418        6000      6016 
	   TimeExecute (s)       :   657                       
	   TimeSlotBusy (s)      :   657                       

	Job terminated of its own accord at 2026-06-02T21:43:59Z with exit-code 0.
...
