000 (19535860.000.000) 2026-06-02 15:55:14 Job submitted from host: <10.128.10.103:9618?addrs=10.128.10.103-9618&alias=npx-submitter.icecube.wisc.edu&noUDP&sock=schedd_2449_6386>
    DAG Node: Drootprod_20140922_89342
...
001 (19535860.000.000) 2026-06-02 17:01:11 Job executing on host: <10.128.11.112:41791?addrs=10.128.11.112-41791&alias=n-r720-53.icecube.wisc.edu>
	SlotName: slot1_1@n-r720-53.icecube.wisc.edu
	admin_mutex_1 = 0
	admin_mutex_2 = 0
	admin_mutex_3 = 0
	CondorScratchDir = "/scratch/condor/dir_1172609"
	Cpus = 1
	Disk = 3717
	GPUs = 0
	machine_token = 0
	Memory = 6016
...
006 (19535860.000.000) 2026-06-02 17:01:24 Image size of job updated: 118352
	116  -  MemoryUsage of job (MB)
	118352  -  ResidentSetSize of job (KB)
...
006 (19535860.000.000) 2026-06-02 17:06:24 Image size of job updated: 138168
	135  -  MemoryUsage of job (MB)
	138168  -  ResidentSetSize of job (KB)
...
006 (19535860.000.000) 2026-06-02 17:11:24 Image size of job updated: 154520
	151  -  MemoryUsage of job (MB)
	154520  -  ResidentSetSize of job (KB)
...
006 (19535860.000.000) 2026-06-02 17:16:25 Image size of job updated: 171584
	168  -  MemoryUsage of job (MB)
	171584  -  ResidentSetSize of job (KB)
...
006 (19535860.000.000) 2026-06-02 17:21:25 Image size of job updated: 284316
	278  -  MemoryUsage of job (MB)
	284316  -  ResidentSetSize of job (KB)
...
006 (19535860.000.000) 2026-06-02 17:23:22 Image size of job updated: 292320
	278  -  MemoryUsage of job (MB)
	284316  -  ResidentSetSize of job (KB)
...
005 (19535860.000.000) 2026-06-02 17:23:23 Job terminated.
	(1) Normal termination (return value 0)
		Usr 0 00:21:18, Sys 0 00:00:14  -  Run Remote Usage
		Usr 0 00:00:00, Sys 0 00:00:00  -  Run Local Usage
		Usr 0 00:21:18, Sys 0 00:00:14  -  Total Remote Usage
		Usr 0 00:00:00, Sys 0 00:00:00  -  Total Local Usage
	0  -  Run Bytes Sent By Job
	0  -  Run Bytes Received By Job
	0  -  Total Bytes Sent By Job
	0  -  Total Bytes Received By Job
	Partitionable Resources :    Usage  Request Allocated 
	   admin_mutex_1         :                           0 
	   admin_mutex_2         :                           0 
	   admin_mutex_3         :                           0 
	   Cpus                  :     0.98        1         1 
	   Disk (KB)             :    12        2048      3717 
	   GPUs                  :                           0 
	   machine_token         :                           0 
	   Memory (MB)           :   278        6000      6016 
	   TimeExecute (s)       :  1331                       
	   TimeSlotBusy (s)      :  1332                       

	Job terminated of its own accord at 2026-06-02T22:23:22Z with exit-code 0.
...
