000 (19535363.000.000) 2026-06-02 15:54:10 Job submitted from host: <10.128.10.103:9618?addrs=10.128.10.103-9618&alias=npx-submitter.icecube.wisc.edu&noUDP&sock=schedd_2449_6386>
    DAG Node: Drootprod_20140819_31451
...
001 (19535363.000.000) 2026-06-02 16:51:59 Job executing on host: <10.128.10.117:43719?addrs=10.128.10.117-43719&alias=n-gibyte-02.icecube.wisc.edu>
	SlotName: slot1_139@n-gibyte-02.icecube.wisc.edu
	admin_mutex_1 = 0
	admin_mutex_2 = 0
	admin_mutex_3 = 0
	CondorScratchDir = "/scratch/condor/dir_3543947"
	Cpus = 1
	Disk = 5480
	GPUs = 0
	machine_token = 0
	Memory = 6016
...
006 (19535363.000.000) 2026-06-02 16:52:13 Image size of job updated: 119536
	117  -  MemoryUsage of job (MB)
	119536  -  ResidentSetSize of job (KB)
...
006 (19535363.000.000) 2026-06-02 16:57:14 Image size of job updated: 137892
	135  -  MemoryUsage of job (MB)
	137892  -  ResidentSetSize of job (KB)
...
006 (19535363.000.000) 2026-06-02 17:02:14 Image size of job updated: 153180
	150  -  MemoryUsage of job (MB)
	153180  -  ResidentSetSize of job (KB)
...
006 (19535363.000.000) 2026-06-02 17:07:15 Image size of job updated: 168464
	165  -  MemoryUsage of job (MB)
	168464  -  ResidentSetSize of job (KB)
...
006 (19535363.000.000) 2026-06-02 17:12:15 Image size of job updated: 280944
	275  -  MemoryUsage of job (MB)
	280944  -  ResidentSetSize of job (KB)
...
006 (19535363.000.000) 2026-06-02 17:17:16 Image size of job updated: 295108
	289  -  MemoryUsage of job (MB)
	295108  -  ResidentSetSize of job (KB)
...
006 (19535363.000.000) 2026-06-02 17:22:16 Image size of job updated: 439716
	430  -  MemoryUsage of job (MB)
	439716  -  ResidentSetSize of job (KB)
...
006 (19535363.000.000) 2026-06-02 17:27:16 Image size of job updated: 738568
	722  -  MemoryUsage of job (MB)
	738568  -  ResidentSetSize of job (KB)
...
006 (19535363.000.000) 2026-06-02 17:31:40 Image size of job updated: 774400
	722  -  MemoryUsage of job (MB)
	738568  -  ResidentSetSize of job (KB)
...
005 (19535363.000.000) 2026-06-02 17:31:40 Job terminated.
	(1) Normal termination (return value 0)
		Usr 0 00:38:07, Sys 0 00:00:20  -  Run Remote Usage
		Usr 0 00:00:00, Sys 0 00:00:00  -  Run Local Usage
		Usr 0 00:38:07, Sys 0 00:00:20  -  Total Remote Usage
		Usr 0 00:00:00, Sys 0 00:00:00  -  Total Local Usage
	0  -  Run Bytes Sent By Job
	0  -  Run Bytes Received By Job
	0  -  Total Bytes Sent By Job
	0  -  Total Bytes Received By Job
	Partitionable Resources :    Usage  Request Allocated 
	   admin_mutex_1         :                           0 
	   admin_mutex_2         :                           0 
	   admin_mutex_3         :                           0 
	   Cpus                  :     0.98        1         1 
	   Disk (KB)             :    15        2048      5480 
	   GPUs                  :                           0 
	   machine_token         :                           0 
	   Memory (MB)           :   722        6000      6016 
	   TimeExecute (s)       :  2381                       
	   TimeSlotBusy (s)      :  2382                       

	Job terminated of its own accord at 2026-06-02T22:31:40Z with exit-code 0.
...
