000 (19532470.000.000) 2026-06-02 15:47:42 Job submitted from host: <10.128.10.103:9618?addrs=10.128.10.103-9618&alias=npx-submitter.icecube.wisc.edu&noUDP&sock=schedd_2449_6386>
    DAG Node: Drootprod_20140123_15917
...
001 (19532470.000.000) 2026-06-02 15:47:48 Job executing on host: <10.128.10.116:38163?addrs=10.128.10.116-38163&alias=n-gibyte-01.icecube.wisc.edu>
	SlotName: slot1_333@n-gibyte-01.icecube.wisc.edu
	admin_mutex_1 = 0
	admin_mutex_2 = 0
	admin_mutex_3 = 0
	CondorScratchDir = "/scratch/condor/dir_2345291"
	Cpus = 1
	Disk = 5480
	GPUs = 0
	machine_token = 0
	Memory = 6016
...
006 (19532470.000.000) 2026-06-02 15:47:56 Image size of job updated: 120056
	118  -  MemoryUsage of job (MB)
	120056  -  ResidentSetSize of job (KB)
...
006 (19532470.000.000) 2026-06-02 15:52:57 Image size of job updated: 142336
	139  -  MemoryUsage of job (MB)
	142336  -  ResidentSetSize of job (KB)
...
006 (19532470.000.000) 2026-06-02 15:57:57 Image size of job updated: 161864
	159  -  MemoryUsage of job (MB)
	161864  -  ResidentSetSize of job (KB)
...
006 (19532470.000.000) 2026-06-02 16:02:58 Image size of job updated: 275872
	270  -  MemoryUsage of job (MB)
	275872  -  ResidentSetSize of job (KB)
...
006 (19532470.000.000) 2026-06-02 16:07:58 Image size of job updated: 408620
	400  -  MemoryUsage of job (MB)
	408620  -  ResidentSetSize of job (KB)
...
006 (19532470.000.000) 2026-06-02 16:12:59 Image size of job updated: 425312
	416  -  MemoryUsage of job (MB)
	425312  -  ResidentSetSize of job (KB)
...
006 (19532470.000.000) 2026-06-02 16:15:00 Image size of job updated: 708500
	416  -  MemoryUsage of job (MB)
	425312  -  ResidentSetSize of job (KB)
...
005 (19532470.000.000) 2026-06-02 16:15:00 Job terminated.
	(1) Normal termination (return value 0)
		Usr 0 00:26:00, Sys 0 00:00:15  -  Run Remote Usage
		Usr 0 00:00:00, Sys 0 00:00:00  -  Run Local Usage
		Usr 0 00:26:00, Sys 0 00:00:15  -  Total Remote Usage
		Usr 0 00:00:00, Sys 0 00:00:00  -  Total Local Usage
	0  -  Run Bytes Sent By Job
	0  -  Run Bytes Received By Job
	0  -  Total Bytes Sent By Job
	0  -  Total Bytes Received By Job
	Partitionable Resources :    Usage  Request Allocated 
	   admin_mutex_1         :                           0 
	   admin_mutex_2         :                           0 
	   admin_mutex_3         :                           0 
	   Cpus                  :     0.99        1         1 
	   Disk (KB)             :    10        2048      5480 
	   GPUs                  :                           0 
	   machine_token         :                           0 
	   Memory (MB)           :   416        6000      6016 
	   TimeExecute (s)       :  1632                       
	   TimeSlotBusy (s)      :  1633                       

	Job terminated of its own accord at 2026-06-02T21:15:00Z with exit-code 0.
...
