000 (19533398.000.000) 2026-06-02 15:50:18 Job submitted from host: <10.128.10.103:9618?addrs=10.128.10.103-9618&alias=npx-submitter.icecube.wisc.edu&noUDP&sock=schedd_2449_6386>
    DAG Node: Drootprod_20140419_81597
...
001 (19533398.000.000) 2026-06-02 16:13:38 Job executing on host: <10.128.10.117:43719?addrs=10.128.10.117-43719&alias=n-gibyte-02.icecube.wisc.edu>
	SlotName: slot1_5@n-gibyte-02.icecube.wisc.edu
	admin_mutex_1 = 0
	admin_mutex_2 = 0
	admin_mutex_3 = 0
	CondorScratchDir = "/scratch/condor/dir_3388572"
	Cpus = 1
	Disk = 5480
	GPUs = 0
	machine_token = 0
	Memory = 6016
...
006 (19533398.000.000) 2026-06-02 16:13:52 Image size of job updated: 119372
	117  -  MemoryUsage of job (MB)
	119372  -  ResidentSetSize of job (KB)
...
006 (19533398.000.000) 2026-06-02 16:18:53 Image size of job updated: 141852
	139  -  MemoryUsage of job (MB)
	141852  -  ResidentSetSize of job (KB)
...
006 (19533398.000.000) 2026-06-02 16:23:53 Image size of job updated: 159944
	157  -  MemoryUsage of job (MB)
	159944  -  ResidentSetSize of job (KB)
...
006 (19533398.000.000) 2026-06-02 16:28:53 Image size of job updated: 273628
	268  -  MemoryUsage of job (MB)
	273628  -  ResidentSetSize of job (KB)
...
006 (19533398.000.000) 2026-06-02 16:33:54 Image size of job updated: 291568
	285  -  MemoryUsage of job (MB)
	291568  -  ResidentSetSize of job (KB)
...
006 (19533398.000.000) 2026-06-02 16:38:54 Image size of job updated: 437608
	428  -  MemoryUsage of job (MB)
	437608  -  ResidentSetSize of job (KB)
...
006 (19533398.000.000) 2026-06-02 16:43:55 Image size of job updated: 738952
	722  -  MemoryUsage of job (MB)
	738952  -  ResidentSetSize of job (KB)
...
006 (19533398.000.000) 2026-06-02 16:47:47 Image size of job updated: 761884
	722  -  MemoryUsage of job (MB)
	738952  -  ResidentSetSize of job (KB)
...
005 (19533398.000.000) 2026-06-02 16:47:47 Job terminated.
	(1) Normal termination (return value 0)
		Usr 0 00:32:36, Sys 0 00:00:21  -  Run Remote Usage
		Usr 0 00:00:00, Sys 0 00:00:00  -  Run Local Usage
		Usr 0 00:32:36, Sys 0 00:00:21  -  Total Remote Usage
		Usr 0 00:00:00, Sys 0 00:00:00  -  Total Local Usage
	0  -  Run Bytes Sent By Job
	0  -  Run Bytes Received By Job
	0  -  Total Bytes Sent By Job
	0  -  Total Bytes Received By Job
	Partitionable Resources :    Usage  Request Allocated 
	   admin_mutex_1         :                           0 
	   admin_mutex_2         :                           0 
	   admin_mutex_3         :                           0 
	   Cpus                  :     0.98        1         1 
	   Disk (KB)             :    10        2048      5480 
	   GPUs                  :                           0 
	   machine_token         :                           0 
	   Memory (MB)           :   722        6000      6016 
	   TimeExecute (s)       :  2049                       
	   TimeSlotBusy (s)      :  2049                       

	Job terminated of its own accord at 2026-06-02T21:47:47Z with exit-code 0.
...
