000 (19533069.000.000) 2026-06-02 15:49:32 Job submitted from host: <10.128.10.103:9618?addrs=10.128.10.103-9618&alias=npx-submitter.icecube.wisc.edu&noUDP&sock=schedd_2449_6386>
    DAG Node: Drootprod_20140325_55922
...
001 (19533069.000.000) 2026-06-02 16:02:20 Job executing on host: <10.128.10.187:34023?addrs=10.128.10.187-34023&alias=n-smepyc-00.icecube.wisc.edu>
	SlotName: slot1_34@n-smepyc-00.icecube.wisc.edu
	admin_mutex_1 = 0
	admin_mutex_2 = 0
	admin_mutex_3 = 0
	CondorScratchDir = "/scratch/condor/dir_1665236"
	Cpus = 1
	Disk = 3072
	GPUs = 0
	machine_token = 0
	Memory = 6016
...
006 (19533069.000.000) 2026-06-02 16:02:33 Image size of job updated: 122020
	120  -  MemoryUsage of job (MB)
	122020  -  ResidentSetSize of job (KB)
...
006 (19533069.000.000) 2026-06-02 16:07:33 Image size of job updated: 165956
	163  -  MemoryUsage of job (MB)
	165956  -  ResidentSetSize of job (KB)
...
006 (19533069.000.000) 2026-06-02 16:12:33 Image size of job updated: 413116
	404  -  MemoryUsage of job (MB)
	413116  -  ResidentSetSize of job (KB)
...
006 (19533069.000.000) 2026-06-02 16:17:34 Image size of job updated: 741028
	724  -  MemoryUsage of job (MB)
	741028  -  ResidentSetSize of job (KB)
...
006 (19533069.000.000) 2026-06-02 16:19:24 Image size of job updated: 772596
	724  -  MemoryUsage of job (MB)
	741028  -  ResidentSetSize of job (KB)
...
005 (19533069.000.000) 2026-06-02 16:19:24 Job terminated.
	(1) Normal termination (return value 0)
		Usr 0 00:15:56, Sys 0 00:00:15  -  Run Remote Usage
		Usr 0 00:00:00, Sys 0 00:00:00  -  Run Local Usage
		Usr 0 00:15:56, Sys 0 00:00:15  -  Total Remote Usage
		Usr 0 00:00:00, Sys 0 00:00:00  -  Total Local Usage
	0  -  Run Bytes Sent By Job
	0  -  Run Bytes Received By Job
	0  -  Total Bytes Sent By Job
	0  -  Total Bytes Received By Job
	Partitionable Resources :    Usage  Request Allocated 
	   admin_mutex_1         :                           0 
	   admin_mutex_2         :                           0 
	   admin_mutex_3         :                           0 
	   Cpus                  :     0.98        1         1 
	   Disk (KB)             :    10        2048      3072 
	   GPUs                  :                           0 
	   machine_token         :                           0 
	   Memory (MB)           :   724        6000      6016 
	   TimeExecute (s)       :  1025                       
	   TimeSlotBusy (s)      :  1025                       

	Job terminated of its own accord at 2026-06-02T21:19:24Z with exit-code 0.
...
