000 (19532413.000.000) 2026-06-02 15:47:29 Job submitted from host: <10.128.10.103:9618?addrs=10.128.10.103-9618&alias=npx-submitter.icecube.wisc.edu&noUDP&sock=schedd_2449_6386>
    DAG Node: Drootprod_20140115_83784
...
001 (19532413.000.000) 2026-06-02 15:47:35 Job executing on host: <10.128.10.116:38163?addrs=10.128.10.116-38163&alias=n-gibyte-01.icecube.wisc.edu>
	SlotName: slot1_296@n-gibyte-01.icecube.wisc.edu
	admin_mutex_1 = 0
	admin_mutex_2 = 0
	admin_mutex_3 = 0
	CondorScratchDir = "/scratch/condor/dir_2338135"
	Cpus = 1
	Disk = 5480
	GPUs = 0
	machine_token = 0
	Memory = 6016
...
006 (19532413.000.000) 2026-06-02 15:47:43 Image size of job updated: 120436
	118  -  MemoryUsage of job (MB)
	120436  -  ResidentSetSize of job (KB)
...
006 (19532413.000.000) 2026-06-02 15:52:43 Image size of job updated: 143304
	140  -  MemoryUsage of job (MB)
	143304  -  ResidentSetSize of job (KB)
...
006 (19532413.000.000) 2026-06-02 15:57:44 Image size of job updated: 162984
	160  -  MemoryUsage of job (MB)
	162984  -  ResidentSetSize of job (KB)
...
006 (19532413.000.000) 2026-06-02 16:02:44 Image size of job updated: 278616
	273  -  MemoryUsage of job (MB)
	278616  -  ResidentSetSize of job (KB)
...
006 (19532413.000.000) 2026-06-02 16:06:57 Image size of job updated: 292592
	273  -  MemoryUsage of job (MB)
	278616  -  ResidentSetSize of job (KB)
...
005 (19532413.000.000) 2026-06-02 16:06:57 Job terminated.
	(1) Normal termination (return value 0)
		Usr 0 00:18:22, Sys 0 00:00:12  -  Run Remote Usage
		Usr 0 00:00:00, Sys 0 00:00:00  -  Run Local Usage
		Usr 0 00:18:22, Sys 0 00:00:12  -  Total Remote Usage
		Usr 0 00:00:00, Sys 0 00:00:00  -  Total Local Usage
	0  -  Run Bytes Sent By Job
	0  -  Run Bytes Received By Job
	0  -  Total Bytes Sent By Job
	0  -  Total Bytes Received By Job
	Partitionable Resources :    Usage  Request Allocated 
	   admin_mutex_1         :                           0 
	   admin_mutex_2         :                           0 
	   admin_mutex_3         :                           0 
	   Cpus                  :     0.97        1         1 
	   Disk (KB)             :     7        2048      5480 
	   GPUs                  :                           0 
	   machine_token         :                           0 
	   Memory (MB)           :   273        6000      6016 
	   TimeExecute (s)       :  1162                       
	   TimeSlotBusy (s)      :  1163                       

	Job terminated of its own accord at 2026-06-02T21:06:57Z with exit-code 0.
...
