000 (19532383.000.000) 2026-06-02 15:47:20 Job submitted from host: <10.128.10.103:9618?addrs=10.128.10.103-9618&alias=npx-submitter.icecube.wisc.edu&noUDP&sock=schedd_2449_6386>
    DAG Node: Drootprod_20140111_53979
...
001 (19532383.000.000) 2026-06-02 15:47:23 Job executing on host: <10.128.10.116:38163?addrs=10.128.10.116-38163&alias=n-gibyte-01.icecube.wisc.edu>
	SlotName: slot1_287@n-gibyte-01.icecube.wisc.edu
	admin_mutex_1 = 0
	admin_mutex_2 = 0
	admin_mutex_3 = 0
	CondorScratchDir = "/scratch/condor/dir_2335963"
	Cpus = 1
	Disk = 5480
	GPUs = 0
	machine_token = 0
	Memory = 6016
...
006 (19532383.000.000) 2026-06-02 15:47:31 Image size of job updated: 119988
	118  -  MemoryUsage of job (MB)
	119988  -  ResidentSetSize of job (KB)
...
006 (19532383.000.000) 2026-06-02 15:52:32 Image size of job updated: 142416
	140  -  MemoryUsage of job (MB)
	142416  -  ResidentSetSize of job (KB)
...
006 (19532383.000.000) 2026-06-02 15:57:32 Image size of job updated: 160212
	157  -  MemoryUsage of job (MB)
	160212  -  ResidentSetSize of job (KB)
...
006 (19532383.000.000) 2026-06-02 16:02:32 Image size of job updated: 271624
	266  -  MemoryUsage of job (MB)
	271624  -  ResidentSetSize of job (KB)
...
006 (19532383.000.000) 2026-06-02 16:07:33 Image size of job updated: 290112
	284  -  MemoryUsage of job (MB)
	290112  -  ResidentSetSize of job (KB)
...
006 (19532383.000.000) 2026-06-02 16:12:35 Image size of job updated: 418560
	409  -  MemoryUsage of job (MB)
	418560  -  ResidentSetSize of job (KB)
...
006 (19532383.000.000) 2026-06-02 16:17:35 Image size of job updated: 720848
	704  -  MemoryUsage of job (MB)
	720848  -  ResidentSetSize of job (KB)
...
006 (19532383.000.000) 2026-06-02 16:22:36 Image size of job updated: 745704
	729  -  MemoryUsage of job (MB)
	745704  -  ResidentSetSize of job (KB)
...
006 (19532383.000.000) 2026-06-02 16:23:25 Image size of job updated: 763308
	729  -  MemoryUsage of job (MB)
	745704  -  ResidentSetSize of job (KB)
...
005 (19532383.000.000) 2026-06-02 16:23:25 Job terminated.
	(1) Normal termination (return value 0)
		Usr 0 00:34:28, Sys 0 00:00:19  -  Run Remote Usage
		Usr 0 00:00:00, Sys 0 00:00:00  -  Run Local Usage
		Usr 0 00:34:28, Sys 0 00:00:19  -  Total Remote Usage
		Usr 0 00:00:00, Sys 0 00:00:00  -  Total Local Usage
	0  -  Run Bytes Sent By Job
	0  -  Run Bytes Received By Job
	0  -  Total Bytes Sent By Job
	0  -  Total Bytes Received By Job
	Partitionable Resources :    Usage  Request Allocated 
	   admin_mutex_1         :                           0 
	   admin_mutex_2         :                           0 
	   admin_mutex_3         :                           0 
	   Cpus                  :     0.99        1         1 
	   Disk (KB)             :    12        2048      5480 
	   GPUs                  :                           0 
	   machine_token         :                           0 
	   Memory (MB)           :   729        6000      6016 
	   TimeExecute (s)       :  2162                       
	   TimeSlotBusy (s)      :  2163                       

	Job terminated of its own accord at 2026-06-02T21:23:25Z with exit-code 0.
...
