000 (19534435.000.000) 2026-06-02 15:52:25 Job submitted from host: <10.128.10.103:9618?addrs=10.128.10.103-9618&alias=npx-submitter.icecube.wisc.edu&noUDP&sock=schedd_2449_6386>
    DAG Node: Drootprod_20140623_26376
...
001 (19534435.000.000) 2026-06-02 16:34:26 Job executing on host: <10.128.10.192:35633?addrs=10.128.10.192-35633&alias=n-smepyc-05.icecube.wisc.edu>
	SlotName: slot1_29@n-smepyc-05.icecube.wisc.edu
	admin_mutex_1 = 0
	admin_mutex_2 = 0
	admin_mutex_3 = 0
	CondorScratchDir = "/scratch/condor/dir_194974"
	Cpus = 1
	Disk = 3072
	GPUs = 0
	machine_token = 0
	Memory = 6016
...
006 (19534435.000.000) 2026-06-02 16:34:39 Image size of job updated: 122632
	120  -  MemoryUsage of job (MB)
	122632  -  ResidentSetSize of job (KB)
...
006 (19534435.000.000) 2026-06-02 16:39:39 Image size of job updated: 157248
	154  -  MemoryUsage of job (MB)
	157248  -  ResidentSetSize of job (KB)
...
006 (19534435.000.000) 2026-06-02 16:44:39 Image size of job updated: 410000
	401  -  MemoryUsage of job (MB)
	410000  -  ResidentSetSize of job (KB)
...
006 (19534435.000.000) 2026-06-02 16:49:40 Image size of job updated: 745948
	729  -  MemoryUsage of job (MB)
	745948  -  ResidentSetSize of job (KB)
...
006 (19534435.000.000) 2026-06-02 16:50:52 Image size of job updated: 756328
	729  -  MemoryUsage of job (MB)
	745948  -  ResidentSetSize of job (KB)
...
005 (19534435.000.000) 2026-06-02 16:50:53 Job terminated.
	(1) Normal termination (return value 0)
		Usr 0 00:15:31, Sys 0 00:00:14  -  Run Remote Usage
		Usr 0 00:00:00, Sys 0 00:00:00  -  Run Local Usage
		Usr 0 00:15:31, Sys 0 00:00:14  -  Total Remote Usage
		Usr 0 00:00:00, Sys 0 00:00:00  -  Total Local Usage
	0  -  Run Bytes Sent By Job
	0  -  Run Bytes Received By Job
	0  -  Total Bytes Sent By Job
	0  -  Total Bytes Received By Job
	Partitionable Resources :    Usage  Request Allocated 
	   admin_mutex_1         :                           0 
	   admin_mutex_2         :                           0 
	   admin_mutex_3         :                           0 
	   Cpus                  :     0.98        1         1 
	   Disk (KB)             :    20        2048      3072 
	   GPUs                  :                           0 
	   machine_token         :                           0 
	   Memory (MB)           :   729        6000      6016 
	   TimeExecute (s)       :   987                       
	   TimeSlotBusy (s)      :   987                       

	Job terminated of its own accord at 2026-06-02T21:50:52Z with exit-code 0.
...
