000 (19534146.000.000) 2026-06-02 15:51:53 Job submitted from host: <10.128.10.103:9618?addrs=10.128.10.103-9618&alias=npx-submitter.icecube.wisc.edu&noUDP&sock=schedd_2449_6386>
    DAG Node: Drootprod_20140607_23673
...
001 (19534146.000.000) 2026-06-02 16:28:46 Job executing on host: <10.128.10.117:43719?addrs=10.128.10.117-43719&alias=n-gibyte-02.icecube.wisc.edu>
	SlotName: slot1_91@n-gibyte-02.icecube.wisc.edu
	admin_mutex_1 = 0
	admin_mutex_2 = 0
	admin_mutex_3 = 0
	CondorScratchDir = "/scratch/condor/dir_3448762"
	Cpus = 1
	Disk = 5480
	GPUs = 0
	machine_token = 0
	Memory = 6016
...
006 (19534146.000.000) 2026-06-02 16:28:59 Image size of job updated: 119328
	117  -  MemoryUsage of job (MB)
	119328  -  ResidentSetSize of job (KB)
...
006 (19534146.000.000) 2026-06-02 16:33:59 Image size of job updated: 140564
	138  -  MemoryUsage of job (MB)
	140564  -  ResidentSetSize of job (KB)
...
006 (19534146.000.000) 2026-06-02 16:39:00 Image size of job updated: 157240
	154  -  MemoryUsage of job (MB)
	157240  -  ResidentSetSize of job (KB)
...
006 (19534146.000.000) 2026-06-02 16:44:00 Image size of job updated: 173536
	170  -  MemoryUsage of job (MB)
	173536  -  ResidentSetSize of job (KB)
...
006 (19534146.000.000) 2026-06-02 16:49:01 Image size of job updated: 286908
	281  -  MemoryUsage of job (MB)
	286908  -  ResidentSetSize of job (KB)
...
006 (19534146.000.000) 2026-06-02 16:54:01 Image size of job updated: 416884
	408  -  MemoryUsage of job (MB)
	416884  -  ResidentSetSize of job (KB)
...
006 (19534146.000.000) 2026-06-02 16:59:02 Image size of job updated: 719528
	703  -  MemoryUsage of job (MB)
	719528  -  ResidentSetSize of job (KB)
...
006 (19534146.000.000) 2026-06-02 17:02:08 Image size of job updated: 743152
	703  -  MemoryUsage of job (MB)
	719528  -  ResidentSetSize of job (KB)
...
005 (19534146.000.000) 2026-06-02 17:02:08 Job terminated.
	(1) Normal termination (return value 0)
		Usr 0 00:31:38, Sys 0 00:00:19  -  Run Remote Usage
		Usr 0 00:00:00, Sys 0 00:00:00  -  Run Local Usage
		Usr 0 00:31:38, Sys 0 00:00:19  -  Total Remote Usage
		Usr 0 00:00:00, Sys 0 00:00:00  -  Total Local Usage
	0  -  Run Bytes Sent By Job
	0  -  Run Bytes Received By Job
	0  -  Total Bytes Sent By Job
	0  -  Total Bytes Received By Job
	Partitionable Resources :    Usage  Request Allocated 
	   admin_mutex_1         :                           0 
	   admin_mutex_2         :                           0 
	   admin_mutex_3         :                           0 
	   Cpus                  :     0.99        1         1 
	   Disk (KB)             :    15        2048      5480 
	   GPUs                  :                           0 
	   machine_token         :                           0 
	   Memory (MB)           :   703        6000      6016 
	   TimeExecute (s)       :  2002                       
	   TimeSlotBusy (s)      :  2003                       

	Job terminated of its own accord at 2026-06-02T22:02:08Z with exit-code 0.
...
