000 (19534187.000.000) 2026-06-02 15:51:57 Job submitted from host: <10.128.10.103:9618?addrs=10.128.10.103-9618&alias=npx-submitter.icecube.wisc.edu&noUDP&sock=schedd_2449_6386>
    DAG Node: Drootprod_20140611_49937
...
001 (19534187.000.000) 2026-06-02 16:29:22 Job executing on host: <10.128.11.30:45417?addrs=10.128.11.30-45417&alias=n-smbc-11.icecube.wisc.edu>
	SlotName: slot1_14@n-smbc-11.icecube.wisc.edu
	admin_mutex_1 = 0
	admin_mutex_2 = 0
	admin_mutex_3 = 0
	CondorScratchDir = "/scratch/condor/dir_14649"
	Cpus = 1
	Disk = 3072
	GPUs = 0
	machine_token = 0
	Memory = 6016
...
006 (19534187.000.000) 2026-06-02 16:29:35 Image size of job updated: 122264
	120  -  MemoryUsage of job (MB)
	122264  -  ResidentSetSize of job (KB)
...
006 (19534187.000.000) 2026-06-02 16:34:35 Image size of job updated: 155216
	152  -  MemoryUsage of job (MB)
	155216  -  ResidentSetSize of job (KB)
...
006 (19534187.000.000) 2026-06-02 16:39:36 Image size of job updated: 282040
	276  -  MemoryUsage of job (MB)
	282040  -  ResidentSetSize of job (KB)
...
006 (19534187.000.000) 2026-06-02 16:44:37 Image size of job updated: 440304
	430  -  MemoryUsage of job (MB)
	440304  -  ResidentSetSize of job (KB)
...
006 (19534187.000.000) 2026-06-02 16:49:37 Image size of job updated: 764280
	747  -  MemoryUsage of job (MB)
	764280  -  ResidentSetSize of job (KB)
...
006 (19534187.000.000) 2026-06-02 16:52:35 Image size of job updated: 826824
	747  -  MemoryUsage of job (MB)
	764280  -  ResidentSetSize of job (KB)
...
005 (19534187.000.000) 2026-06-02 16:52:35 Job terminated.
	(1) Normal termination (return value 0)
		Usr 0 00:21:57, Sys 0 00:00:14  -  Run Remote Usage
		Usr 0 00:00:00, Sys 0 00:00:00  -  Run Local Usage
		Usr 0 00:21:57, Sys 0 00:00:14  -  Total Remote Usage
		Usr 0 00:00:00, Sys 0 00:00:00  -  Total Local Usage
	0  -  Run Bytes Sent By Job
	0  -  Run Bytes Received By Job
	0  -  Total Bytes Sent By Job
	0  -  Total Bytes Received By Job
	Partitionable Resources :    Usage  Request Allocated 
	   admin_mutex_1         :                           0 
	   admin_mutex_2         :                           0 
	   admin_mutex_3         :                           0 
	   Cpus                  :     0.99        1         1 
	   Disk (KB)             :    20        2048      3072 
	   GPUs                  :                           0 
	   machine_token         :                           0 
	   Memory (MB)           :   747        6000      6016 
	   TimeExecute (s)       :  1393                       
	   TimeSlotBusy (s)      :  1393                       

	Job terminated of its own accord at 2026-06-02T21:52:35Z with exit-code 0.
...
