000 (19537088.000.000) 2026-06-02 15:57:56 Job submitted from host: <10.128.10.103:9618?addrs=10.128.10.103-9618&alias=npx-submitter.icecube.wisc.edu&noUDP&sock=schedd_2449_6386>
    DAG Node: Drootprod_20141217_69875
...
001 (19537088.000.000) 2026-06-02 17:31:43 Job executing on host: <10.128.10.117:43719?addrs=10.128.10.117-43719&alias=n-gibyte-02.icecube.wisc.edu>
	SlotName: slot1_357@n-gibyte-02.icecube.wisc.edu
	admin_mutex_1 = 0
	admin_mutex_2 = 0
	admin_mutex_3 = 0
	CondorScratchDir = "/scratch/condor/dir_3713268"
	Cpus = 1
	Disk = 5480
	GPUs = 0
	machine_token = 0
	Memory = 6016
...
006 (19537088.000.000) 2026-06-02 17:31:56 Image size of job updated: 119212
	117  -  MemoryUsage of job (MB)
	119212  -  ResidentSetSize of job (KB)
...
006 (19537088.000.000) 2026-06-02 17:36:56 Image size of job updated: 137748
	135  -  MemoryUsage of job (MB)
	137748  -  ResidentSetSize of job (KB)
...
006 (19537088.000.000) 2026-06-02 17:41:57 Image size of job updated: 154344
	151  -  MemoryUsage of job (MB)
	154344  -  ResidentSetSize of job (KB)
...
006 (19537088.000.000) 2026-06-02 17:46:57 Image size of job updated: 167700
	164  -  MemoryUsage of job (MB)
	167700  -  ResidentSetSize of job (KB)
...
006 (19537088.000.000) 2026-06-02 17:51:58 Image size of job updated: 276836
	271  -  MemoryUsage of job (MB)
	276836  -  ResidentSetSize of job (KB)
...
006 (19537088.000.000) 2026-06-02 17:56:59 Image size of job updated: 290392
	284  -  MemoryUsage of job (MB)
	290392  -  ResidentSetSize of job (KB)
...
006 (19537088.000.000) 2026-06-02 18:01:59 Image size of job updated: 414996
	406  -  MemoryUsage of job (MB)
	414996  -  ResidentSetSize of job (KB)
...
006 (19537088.000.000) 2026-06-02 18:07:00 Image size of job updated: 565468
	553  -  MemoryUsage of job (MB)
	565468  -  ResidentSetSize of job (KB)
...
006 (19537088.000.000) 2026-06-02 18:12:01 Image size of job updated: 724132
	708  -  MemoryUsage of job (MB)
	724132  -  ResidentSetSize of job (KB)
...
006 (19537088.000.000) 2026-06-02 18:14:53 Image size of job updated: 731296
	708  -  MemoryUsage of job (MB)
	724132  -  ResidentSetSize of job (KB)
...
005 (19537088.000.000) 2026-06-02 18:14:53 Job terminated.
	(1) Normal termination (return value 0)
		Usr 0 00:41:22, Sys 0 00:00:22  -  Run Remote Usage
		Usr 0 00:00:00, Sys 0 00:00:00  -  Run Local Usage
		Usr 0 00:41:22, Sys 0 00:00:22  -  Total Remote Usage
		Usr 0 00:00:00, Sys 0 00:00:00  -  Total Local Usage
	0  -  Run Bytes Sent By Job
	0  -  Run Bytes Received By Job
	0  -  Total Bytes Sent By Job
	0  -  Total Bytes Received By Job
	Partitionable Resources :    Usage  Request Allocated 
	   admin_mutex_1         :                           0 
	   admin_mutex_2         :                           0 
	   admin_mutex_3         :                           0 
	   Cpus                  :     0.97        1         1 
	   Disk (KB)             :    20        2048      5480 
	   GPUs                  :                           0 
	   machine_token         :                           0 
	   Memory (MB)           :   708        6000      6016 
	   TimeExecute (s)       :  2590                       
	   TimeSlotBusy (s)      :  2591                       

	Job terminated of its own accord at 2026-06-02T23:14:53Z with exit-code 0.
...
