000 (19536547.000.000) 2026-06-02 15:56:42 Job submitted from host: <10.128.10.103:9618?addrs=10.128.10.103-9618&alias=npx-submitter.icecube.wisc.edu&noUDP&sock=schedd_2449_6386>
    DAG Node: Drootprod_20141108_35247
...
001 (19536547.000.000) 2026-06-02 17:22:37 Job executing on host: <10.128.10.238:43797?addrs=10.128.10.238-43797&alias=n-gpu-42.icecube.wisc.edu>
	SlotName: slot1_57@n-gpu-42.icecube.wisc.edu
	admin_mutex_1 = 0
	admin_mutex_2 = 0
	admin_mutex_3 = 0
	AvailableGPUs = {  }
	CondorScratchDir = "/scratch/condor/dir_2261165"
	Cpus = 1
	Disk = 3072
	GPUs = 0
	machine_token = 0
	Memory = 6016
...
006 (19536547.000.000) 2026-06-02 17:22:51 Image size of job updated: 120324
	118  -  MemoryUsage of job (MB)
	120324  -  ResidentSetSize of job (KB)
...
006 (19536547.000.000) 2026-06-02 17:27:52 Image size of job updated: 150420
	147  -  MemoryUsage of job (MB)
	150420  -  ResidentSetSize of job (KB)
...
006 (19536547.000.000) 2026-06-02 17:32:53 Image size of job updated: 272552
	267  -  MemoryUsage of job (MB)
	272552  -  ResidentSetSize of job (KB)
...
006 (19536547.000.000) 2026-06-02 17:37:53 Image size of job updated: 411796
	403  -  MemoryUsage of job (MB)
	411796  -  ResidentSetSize of job (KB)
...
006 (19536547.000.000) 2026-06-02 17:39:26 Image size of job updated: 418400
	403  -  MemoryUsage of job (MB)
	411796  -  ResidentSetSize of job (KB)
...
005 (19536547.000.000) 2026-06-02 17:39:26 Job terminated.
	(1) Normal termination (return value 0)
		Usr 0 00:15:53, Sys 0 00:00:13  -  Run Remote Usage
		Usr 0 00:00:00, Sys 0 00:00:00  -  Run Local Usage
		Usr 0 00:15:53, Sys 0 00:00:13  -  Total Remote Usage
		Usr 0 00:00:00, Sys 0 00:00:00  -  Total Local Usage
	0  -  Run Bytes Sent By Job
	0  -  Run Bytes Received By Job
	0  -  Total Bytes Sent By Job
	0  -  Total Bytes Received By Job
	Partitionable Resources :    Usage  Request Allocated 
	   admin_mutex_1         :                           0 
	   admin_mutex_2         :                           0 
	   admin_mutex_3         :                           0 
	   Cpus                  :     0.98        1         1 
	   Disk (KB)             :    15        2048      3072 
	   GPUs                  :                           0 
	   machine_token         :                           0 
	   Memory (MB)           :   403        6000      6016 
	   TimeExecute (s)       :  1009                       
	   TimeSlotBusy (s)      :  1009                       

	Job terminated of its own accord at 2026-06-02T22:39:26Z with exit-code 0.
...
