000 (19532529.000.000) 2026-06-02 15:47:54 Job submitted from host: <10.128.10.103:9618?addrs=10.128.10.103-9618&alias=npx-submitter.icecube.wisc.edu&noUDP&sock=schedd_2449_6386>
    DAG Node: Drootprod_20140130_71498
...
001 (19532529.000.000) 2026-06-02 15:48:00 Job executing on host: <10.128.10.116:38163?addrs=10.128.10.116-38163&alias=n-gibyte-01.icecube.wisc.edu>
	SlotName: slot1_370@n-gibyte-01.icecube.wisc.edu
	admin_mutex_1 = 0
	admin_mutex_2 = 0
	admin_mutex_3 = 0
	CondorScratchDir = "/scratch/condor/dir_2350865"
	Cpus = 1
	Disk = 5480
	GPUs = 0
	machine_token = 0
	Memory = 6016
...
006 (19532529.000.000) 2026-06-02 15:48:09 Image size of job updated: 120152
	118  -  MemoryUsage of job (MB)
	120152  -  ResidentSetSize of job (KB)
...
006 (19532529.000.000) 2026-06-02 15:53:10 Image size of job updated: 140692
	138  -  MemoryUsage of job (MB)
	140692  -  ResidentSetSize of job (KB)
...
006 (19532529.000.000) 2026-06-02 15:58:10 Image size of job updated: 159376
	156  -  MemoryUsage of job (MB)
	159376  -  ResidentSetSize of job (KB)
...
006 (19532529.000.000) 2026-06-02 16:03:11 Image size of job updated: 270848
	265  -  MemoryUsage of job (MB)
	270848  -  ResidentSetSize of job (KB)
...
006 (19532529.000.000) 2026-06-02 16:08:11 Image size of job updated: 289284
	283  -  MemoryUsage of job (MB)
	289284  -  ResidentSetSize of job (KB)
...
006 (19532529.000.000) 2026-06-02 16:13:12 Image size of job updated: 419428
	410  -  MemoryUsage of job (MB)
	419428  -  ResidentSetSize of job (KB)
...
006 (19532529.000.000) 2026-06-02 16:18:12 Image size of job updated: 721552
	705  -  MemoryUsage of job (MB)
	721552  -  ResidentSetSize of job (KB)
...
006 (19532529.000.000) 2026-06-02 16:22:02 Image size of job updated: 737928
	705  -  MemoryUsage of job (MB)
	721552  -  ResidentSetSize of job (KB)
...
005 (19532529.000.000) 2026-06-02 16:22:02 Job terminated.
	(1) Normal termination (return value 0)
		Usr 0 00:32:24, Sys 0 00:00:19  -  Run Remote Usage
		Usr 0 00:00:00, Sys 0 00:00:00  -  Run Local Usage
		Usr 0 00:32:24, Sys 0 00:00:19  -  Total Remote Usage
		Usr 0 00:00:00, Sys 0 00:00:00  -  Total Local Usage
	0  -  Run Bytes Sent By Job
	0  -  Run Bytes Received By Job
	0  -  Total Bytes Sent By Job
	0  -  Total Bytes Received By Job
	Partitionable Resources :    Usage  Request Allocated 
	   admin_mutex_1         :                           0 
	   admin_mutex_2         :                           0 
	   admin_mutex_3         :                           0 
	   Cpus                  :     0.99        1         1 
	   Disk (KB)             :    12        2048      5480 
	   GPUs                  :                           0 
	   machine_token         :                           0 
	   Memory (MB)           :   705        6000      6016 
	   TimeExecute (s)       :  2042                       
	   TimeSlotBusy (s)      :  2043                       

	Job terminated of its own accord at 2026-06-02T21:22:02Z with exit-code 0.
...
