000 (19535326.000.000) 2026-06-02 15:54:06 Job submitted from host: <10.128.10.103:9618?addrs=10.128.10.103-9618&alias=npx-submitter.icecube.wisc.edu&noUDP&sock=schedd_2449_6386>
    DAG Node: Drootprod_20140815_33163
...
001 (19535326.000.000) 2026-06-02 16:51:13 Job executing on host: <10.128.10.115:33587?addrs=10.128.10.115-33587&alias=n-gibyte-00.icecube.wisc.edu>
	SlotName: slot1_411@n-gibyte-00.icecube.wisc.edu
	admin_mutex_1 = 0
	admin_mutex_2 = 0
	admin_mutex_3 = 0
	CondorScratchDir = "/scratch/condor/dir_2249582"
	Cpus = 1
	Disk = 5480
	GPUs = 0
	machine_token = 0
	Memory = 6016
...
006 (19535326.000.000) 2026-06-02 16:51:27 Image size of job updated: 120056
	118  -  MemoryUsage of job (MB)
	120056  -  ResidentSetSize of job (KB)
...
006 (19535326.000.000) 2026-06-02 16:56:28 Image size of job updated: 144588
	142  -  MemoryUsage of job (MB)
	144588  -  ResidentSetSize of job (KB)
...
006 (19535326.000.000) 2026-06-02 17:01:28 Image size of job updated: 163992
	161  -  MemoryUsage of job (MB)
	163992  -  ResidentSetSize of job (KB)
...
006 (19535326.000.000) 2026-06-02 17:06:29 Image size of job updated: 276336
	270  -  MemoryUsage of job (MB)
	276336  -  ResidentSetSize of job (KB)
...
006 (19535326.000.000) 2026-06-02 17:11:29 Image size of job updated: 424748
	415  -  MemoryUsage of job (MB)
	424748  -  ResidentSetSize of job (KB)
...
006 (19535326.000.000) 2026-06-02 17:16:30 Image size of job updated: 581928
	569  -  MemoryUsage of job (MB)
	581928  -  ResidentSetSize of job (KB)
...
006 (19535326.000.000) 2026-06-02 17:21:30 Image size of job updated: 749384
	732  -  MemoryUsage of job (MB)
	749384  -  ResidentSetSize of job (KB)
...
006 (19535326.000.000) 2026-06-02 17:22:55 Image size of job updated: 756720
	732  -  MemoryUsage of job (MB)
	749384  -  ResidentSetSize of job (KB)
...
005 (19535326.000.000) 2026-06-02 17:22:55 Job terminated.
	(1) Normal termination (return value 0)
		Usr 0 00:30:05, Sys 0 00:00:19  -  Run Remote Usage
		Usr 0 00:00:00, Sys 0 00:00:00  -  Run Local Usage
		Usr 0 00:30:05, Sys 0 00:00:19  -  Total Remote Usage
		Usr 0 00:00:00, Sys 0 00:00:00  -  Total Local Usage
	0  -  Run Bytes Sent By Job
	0  -  Run Bytes Received By Job
	0  -  Total Bytes Sent By Job
	0  -  Total Bytes Received By Job
	Partitionable Resources :    Usage  Request Allocated 
	   admin_mutex_1         :                           0 
	   admin_mutex_2         :                           0 
	   admin_mutex_3         :                           0 
	   Cpus                  :     0.96        1         1 
	   Disk (KB)             :    15        2048      5480 
	   GPUs                  :                           0 
	   machine_token         :                           0 
	   Memory (MB)           :   732        6000      6016 
	   TimeExecute (s)       :  1902                       
	   TimeSlotBusy (s)      :  1902                       

	Job terminated of its own accord at 2026-06-02T22:22:55Z with exit-code 0.
...
