000 (19533536.000.000) 2026-06-02 15:50:37 Job submitted from host: <10.128.10.103:9618?addrs=10.128.10.103-9618&alias=npx-submitter.icecube.wisc.edu&noUDP&sock=schedd_2449_6386>
    DAG Node: Drootprod_20140427_72687
...
001 (19533536.000.000) 2026-06-02 16:16:12 Job executing on host: <10.128.10.116:38163?addrs=10.128.10.116-38163&alias=n-gibyte-01.icecube.wisc.edu>
	SlotName: slot1_204@n-gibyte-01.icecube.wisc.edu
	admin_mutex_1 = 0
	admin_mutex_2 = 0
	admin_mutex_3 = 0
	CondorScratchDir = "/scratch/condor/dir_2483394"
	Cpus = 1
	Disk = 5480
	GPUs = 0
	machine_token = 0
	Memory = 6016
...
006 (19533536.000.000) 2026-06-02 16:16:26 Image size of job updated: 119364
	117  -  MemoryUsage of job (MB)
	119364  -  ResidentSetSize of job (KB)
...
006 (19533536.000.000) 2026-06-02 16:21:27 Image size of job updated: 140968
	138  -  MemoryUsage of job (MB)
	140968  -  ResidentSetSize of job (KB)
...
022 (19533536.000.000) 2026-06-02 16:23:27 Job disconnected, attempting to reconnect
    Socket between submit and execute hosts closed unexpectedly
    Trying to reconnect to slot1_204@n-gibyte-01.icecube.wisc.edu <10.128.10.116:38163?addrs=10.128.10.116-38163&alias=n-gibyte-01.icecube.wisc.edu>
...
024 (19533536.000.000) 2026-06-02 17:03:27 Job reconnection failed
    Job disconnected too long: JobLeaseDuration (2400 seconds) expired
    Can not reconnect to slot1_204@n-gibyte-01.icecube.wisc.edu, rescheduling job
...
004 (19533536.000.000) 2026-06-02 17:03:37 Job was evicted.
	(0) CPU times
		Usr 0 00:04:55, Sys 0 00:00:03  -  Run Remote Usage
		Usr 0 00:00:00, Sys 0 00:00:00  -  Run Local Usage
	0  -  Run Bytes Sent By Job
	0  -  Run Bytes Received By Job
	Job disconnected too long: JobLeaseDuration (2400 seconds) expired
	Partitionable Resources :    Usage  Request Allocated 
	   admin_mutex_1         :                           0 
	   admin_mutex_2         :                           0 
	   admin_mutex_3         :                           0 
	   Cpus                  :     0.98        1         1 
	   Disk (KB)             :    10        2048      5480 
	   GPUs                  :                           0 
	   machine_token         :                           0 
	   Memory (MB)           :   138        6000      6016 
...
001 (19533536.000.000) 2026-06-02 17:09:07 Job executing on host: <10.128.10.117:43719?addrs=10.128.10.117-43719&alias=n-gibyte-02.icecube.wisc.edu>
	SlotName: slot1_359@n-gibyte-02.icecube.wisc.edu
	admin_mutex_1 = 0
	admin_mutex_2 = 0
	admin_mutex_3 = 0
	CondorScratchDir = "/scratch/condor/dir_3612149"
	Cpus = 1
	Disk = 5480
	GPUs = 0
	machine_token = 0
	Memory = 6016
...
006 (19533536.000.000) 2026-06-02 17:19:22 Image size of job updated: 154928
	152  -  MemoryUsage of job (MB)
	154928  -  ResidentSetSize of job (KB)
...
006 (19533536.000.000) 2026-06-02 17:24:22 Image size of job updated: 169880
	166  -  MemoryUsage of job (MB)
	169880  -  ResidentSetSize of job (KB)
...
006 (19533536.000.000) 2026-06-02 17:29:23 Image size of job updated: 283496
	277  -  MemoryUsage of job (MB)
	283496  -  ResidentSetSize of job (KB)
...
006 (19533536.000.000) 2026-06-02 17:34:23 Image size of job updated: 411628
	402  -  MemoryUsage of job (MB)
	411628  -  ResidentSetSize of job (KB)
...
006 (19533536.000.000) 2026-06-02 17:39:24 Image size of job updated: 569748
	557  -  MemoryUsage of job (MB)
	569748  -  ResidentSetSize of job (KB)
...
006 (19533536.000.000) 2026-06-02 17:44:24 Image size of job updated: 733264
	717  -  MemoryUsage of job (MB)
	733264  -  ResidentSetSize of job (KB)
...
006 (19533536.000.000) 2026-06-02 17:47:50 Image size of job updated: 766944
	717  -  MemoryUsage of job (MB)
	733264  -  ResidentSetSize of job (KB)
...
005 (19533536.000.000) 2026-06-02 17:47:50 Job terminated.
	(1) Normal termination (return value 0)
		Usr 0 00:37:16, Sys 0 00:00:22  -  Run Remote Usage
		Usr 0 00:00:00, Sys 0 00:00:00  -  Run Local Usage
		Usr 0 00:42:11, Sys 0 00:00:25  -  Total Remote Usage
		Usr 0 00:00:00, Sys 0 00:00:00  -  Total Local Usage
	0  -  Run Bytes Sent By Job
	0  -  Run Bytes Received By Job
	0  -  Total Bytes Sent By Job
	0  -  Total Bytes Received By Job
	Partitionable Resources :    Usage  Request Allocated 
	   admin_mutex_1         :                           0 
	   admin_mutex_2         :                           0 
	   admin_mutex_3         :                           0 
	   Cpus                  :     0.99        1         1 
	   Disk (KB)             :    10        2048      5480 
	   GPUs                  :                           0 
	   machine_token         :                           0 
	   Memory (MB)           :   717        6000      6016 
	   TimeExecute (s)       :  2323                       
	   TimeSlotBusy (s)      :  2323                       

	Job terminated of its own accord at 2026-06-02T22:47:50Z with exit-code 0.
...
