000 (19532920.000.000) 2026-06-02 15:49:09 Job submitted from host: <10.128.10.103:9618?addrs=10.128.10.103-9618&alias=npx-submitter.icecube.wisc.edu&noUDP&sock=schedd_2449_6386>
    DAG Node: Drootprod_20140312_52446
...
001 (19532920.000.000) 2026-06-02 15:58:23 Job executing on host: <10.128.11.39:40283?addrs=10.128.11.39-40283&alias=n-smbc-20.icecube.wisc.edu>
	SlotName: slot1_7@n-smbc-20.icecube.wisc.edu
	admin_mutex_1 = 0
	admin_mutex_2 = 0
	admin_mutex_3 = 0
	CondorScratchDir = "/scratch/condor/dir_3009397"
	Cpus = 1
	Disk = 3072
	GPUs = 0
	machine_token = 0
	Memory = 6016
...
006 (19532920.000.000) 2026-06-02 15:58:36 Image size of job updated: 71696
	71  -  MemoryUsage of job (MB)
	71696  -  ResidentSetSize of job (KB)
...
006 (19532920.000.000) 2026-06-02 16:03:36 Image size of job updated: 143364
	141  -  MemoryUsage of job (MB)
	143364  -  ResidentSetSize of job (KB)
...
006 (19532920.000.000) 2026-06-02 16:08:37 Image size of job updated: 165080
	162  -  MemoryUsage of job (MB)
	165080  -  ResidentSetSize of job (KB)
...
006 (19532920.000.000) 2026-06-02 16:13:37 Image size of job updated: 282116
	276  -  MemoryUsage of job (MB)
	282116  -  ResidentSetSize of job (KB)
...
006 (19532920.000.000) 2026-06-02 16:18:37 Image size of job updated: 413904
	405  -  MemoryUsage of job (MB)
	413904  -  ResidentSetSize of job (KB)
...
006 (19532920.000.000) 2026-06-02 16:23:38 Image size of job updated: 719516
	703  -  MemoryUsage of job (MB)
	719516  -  ResidentSetSize of job (KB)
...
005 (19532920.000.000) 2026-06-02 16:24:09 Job terminated.
	(1) Normal termination (return value 0)
		Usr 0 00:24:31, Sys 0 00:00:14  -  Run Remote Usage
		Usr 0 00:00:00, Sys 0 00:00:00  -  Run Local Usage
		Usr 0 00:24:31, Sys 0 00:00:14  -  Total Remote Usage
		Usr 0 00:00:00, Sys 0 00:00:00  -  Total Local Usage
	0  -  Run Bytes Sent By Job
	0  -  Run Bytes Received By Job
	0  -  Total Bytes Sent By Job
	0  -  Total Bytes Received By Job
	Partitionable Resources :    Usage  Request Allocated 
	   admin_mutex_1         :                           0 
	   admin_mutex_2         :                           0 
	   admin_mutex_3         :                           0 
	   Cpus                  :     0.99        1         1 
	   Disk (KB)             :    10        2048      3072 
	   GPUs                  :                           0 
	   machine_token         :                           0 
	   Memory (MB)           :   703        6000      6016 
	   TimeExecute (s)       :  1546                       
	   TimeSlotBusy (s)      :  1546                       

	Job terminated of its own accord at 2026-06-02T21:24:09Z with exit-code 0.
...
