000 (19534646.000.000) 2026-06-02 15:52:48 Job submitted from host: <10.128.10.103:9618?addrs=10.128.10.103-9618&alias=npx-submitter.icecube.wisc.edu&noUDP&sock=schedd_2449_6386>
    DAG Node: Drootprod_20140705_49878
...
001 (19534646.000.000) 2026-06-02 16:38:50 Job executing on host: <10.128.11.55:33595?addrs=10.128.11.55-33595&alias=n-smbc-36.icecube.wisc.edu>
	SlotName: slot1_13@n-smbc-36.icecube.wisc.edu
	admin_mutex_1 = 0
	admin_mutex_2 = 0
	admin_mutex_3 = 0
	CondorScratchDir = "/scratch/condor/dir_1512186"
	Cpus = 1
	Disk = 3072
	GPUs = 0
	machine_token = 0
	Memory = 6016
...
006 (19534646.000.000) 2026-06-02 16:39:04 Image size of job updated: 24976
	25  -  MemoryUsage of job (MB)
	24976  -  ResidentSetSize of job (KB)
...
006 (19534646.000.000) 2026-06-02 16:44:05 Image size of job updated: 130332
	128  -  MemoryUsage of job (MB)
	130332  -  ResidentSetSize of job (KB)
...
006 (19534646.000.000) 2026-06-02 16:49:06 Image size of job updated: 137084
	134  -  MemoryUsage of job (MB)
	137084  -  ResidentSetSize of job (KB)
...
006 (19534646.000.000) 2026-06-02 16:54:06 Image size of job updated: 142604
	140  -  MemoryUsage of job (MB)
	142604  -  ResidentSetSize of job (KB)
...
006 (19534646.000.000) 2026-06-02 16:59:07 Image size of job updated: 149056
	146  -  MemoryUsage of job (MB)
	149056  -  ResidentSetSize of job (KB)
...
006 (19534646.000.000) 2026-06-02 17:04:07 Image size of job updated: 154776
	152  -  MemoryUsage of job (MB)
	154776  -  ResidentSetSize of job (KB)
...
006 (19534646.000.000) 2026-06-02 17:09:08 Image size of job updated: 159372
	156  -  MemoryUsage of job (MB)
	159372  -  ResidentSetSize of job (KB)
...
006 (19534646.000.000) 2026-06-02 17:14:08 Image size of job updated: 165960
	163  -  MemoryUsage of job (MB)
	165960  -  ResidentSetSize of job (KB)
...
006 (19534646.000.000) 2026-06-02 17:19:09 Image size of job updated: 171896
	168  -  MemoryUsage of job (MB)
	171896  -  ResidentSetSize of job (KB)
...
006 (19534646.000.000) 2026-06-02 17:24:10 Image size of job updated: 271772
	266  -  MemoryUsage of job (MB)
	271772  -  ResidentSetSize of job (KB)
...
006 (19534646.000.000) 2026-06-02 17:29:10 Image size of job updated: 280332
	274  -  MemoryUsage of job (MB)
	280332  -  ResidentSetSize of job (KB)
...
006 (19534646.000.000) 2026-06-02 17:34:10 Image size of job updated: 283132
	277  -  MemoryUsage of job (MB)
	283132  -  ResidentSetSize of job (KB)
...
006 (19534646.000.000) 2026-06-02 17:39:10 Image size of job updated: 287920
	282  -  MemoryUsage of job (MB)
	287920  -  ResidentSetSize of job (KB)
...
006 (19534646.000.000) 2026-06-02 17:44:11 Image size of job updated: 294136
	288  -  MemoryUsage of job (MB)
	294136  -  ResidentSetSize of job (KB)
...
006 (19534646.000.000) 2026-06-02 17:49:11 Image size of job updated: 427968
	418  -  MemoryUsage of job (MB)
	427968  -  ResidentSetSize of job (KB)
...
006 (19534646.000.000) 2026-06-02 17:54:12 Image size of job updated: 431204
	422  -  MemoryUsage of job (MB)
	431204  -  ResidentSetSize of job (KB)
...
006 (19534646.000.000) 2026-06-02 17:59:12 Image size of job updated: 434092
	424  -  MemoryUsage of job (MB)
	434092  -  ResidentSetSize of job (KB)
...
006 (19534646.000.000) 2026-06-02 18:04:13 Image size of job updated: 437844
	428  -  MemoryUsage of job (MB)
	437844  -  ResidentSetSize of job (KB)
...
006 (19534646.000.000) 2026-06-02 18:08:30 Image size of job updated: 450880
	428  -  MemoryUsage of job (MB)
	437844  -  ResidentSetSize of job (KB)
...
005 (19534646.000.000) 2026-06-02 18:08:30 Job terminated.
	(1) Normal termination (return value 0)
		Usr 0 01:27:14, Sys 0 00:00:45  -  Run Remote Usage
		Usr 0 00:00:00, Sys 0 00:00:00  -  Run Local Usage
		Usr 0 01:27:14, Sys 0 00:00:45  -  Total Remote Usage
		Usr 0 00:00:00, Sys 0 00:00:00  -  Total Local Usage
	0  -  Run Bytes Sent By Job
	0  -  Run Bytes Received By Job
	0  -  Total Bytes Sent By Job
	0  -  Total Bytes Received By Job
	Partitionable Resources :    Usage  Request Allocated 
	   admin_mutex_1         :                           0 
	   admin_mutex_2         :                           0 
	   admin_mutex_3         :                           0 
	   Cpus                  :     0.99        1         1 
	   Disk (KB)             :    12        2048      3072 
	   GPUs                  :                           0 
	   machine_token         :                           0 
	   Memory (MB)           :   428        6000      6016 
	   TimeExecute (s)       :  5380                       
	   TimeSlotBusy (s)      :  5380                       

	Job terminated of its own accord at 2026-06-02T23:08:30Z with exit-code 0.
...
