000 (19534842.000.000) 2026-06-02 15:53:10 Job submitted from host: <10.128.10.103:9618?addrs=10.128.10.103-9618&alias=npx-submitter.icecube.wisc.edu&noUDP&sock=schedd_2449_6386>
    DAG Node: Drootprod_20140717_41499
...
001 (19534842.000.000) 2026-06-02 16:42:07 Job executing on host: <10.128.10.115:33587?addrs=10.128.10.115-33587&alias=n-gibyte-00.icecube.wisc.edu>
	SlotName: slot1_40@n-gibyte-00.icecube.wisc.edu
	admin_mutex_1 = 0
	admin_mutex_2 = 0
	admin_mutex_3 = 0
	CondorScratchDir = "/scratch/condor/dir_2212499"
	Cpus = 1
	Disk = 5480
	GPUs = 0
	machine_token = 0
	Memory = 6016
...
006 (19534842.000.000) 2026-06-02 16:42:21 Image size of job updated: 120300
	118  -  MemoryUsage of job (MB)
	120300  -  ResidentSetSize of job (KB)
...
006 (19534842.000.000) 2026-06-02 16:47:22 Image size of job updated: 141412
	139  -  MemoryUsage of job (MB)
	141412  -  ResidentSetSize of job (KB)
...
006 (19534842.000.000) 2026-06-02 16:52:22 Image size of job updated: 159208
	156  -  MemoryUsage of job (MB)
	159208  -  ResidentSetSize of job (KB)
...
006 (19534842.000.000) 2026-06-02 16:57:23 Image size of job updated: 272576
	267  -  MemoryUsage of job (MB)
	272576  -  ResidentSetSize of job (KB)
...
006 (19534842.000.000) 2026-06-02 17:02:23 Image size of job updated: 291908
	286  -  MemoryUsage of job (MB)
	291908  -  ResidentSetSize of job (KB)
...
006 (19534842.000.000) 2026-06-02 17:07:24 Image size of job updated: 437652
	428  -  MemoryUsage of job (MB)
	437652  -  ResidentSetSize of job (KB)
...
006 (19534842.000.000) 2026-06-02 17:12:24 Image size of job updated: 743476
	727  -  MemoryUsage of job (MB)
	743476  -  ResidentSetSize of job (KB)
...
006 (19534842.000.000) 2026-06-02 17:15:03 Image size of job updated: 765968
	727  -  MemoryUsage of job (MB)
	743476  -  ResidentSetSize of job (KB)
...
005 (19534842.000.000) 2026-06-02 17:15:03 Job terminated.
	(1) Normal termination (return value 0)
		Usr 0 00:31:03, Sys 0 00:00:20  -  Run Remote Usage
		Usr 0 00:00:00, Sys 0 00:00:00  -  Run Local Usage
		Usr 0 00:31:03, Sys 0 00:00:20  -  Total Remote Usage
		Usr 0 00:00:00, Sys 0 00:00:00  -  Total Local Usage
	0  -  Run Bytes Sent By Job
	0  -  Run Bytes Received By Job
	0  -  Total Bytes Sent By Job
	0  -  Total Bytes Received By Job
	Partitionable Resources :    Usage  Request Allocated 
	   admin_mutex_1         :                           0 
	   admin_mutex_2         :                           0 
	   admin_mutex_3         :                           0 
	   Cpus                  :     0.98        1         1 
	   Disk (KB)             :    15        2048      5480 
	   GPUs                  :                           0 
	   machine_token         :                           0 
	   Memory (MB)           :   727        6000      6016 
	   TimeExecute (s)       :  1976                       
	   TimeSlotBusy (s)      :  1976                       

	Job terminated of its own accord at 2026-06-02T22:15:03Z with exit-code 0.
...
