000 (19536299.000.000) 2026-06-02 15:56:10 Job submitted from host: <10.128.10.103:9618?addrs=10.128.10.103-9618&alias=npx-submitter.icecube.wisc.edu&noUDP&sock=schedd_2449_6386>
    DAG Node: Drootprod_20141022_77891
...
001 (19536299.000.000) 2026-06-02 17:18:02 Job executing on host: <10.128.10.117:43719?addrs=10.128.10.117-43719&alias=n-gibyte-02.icecube.wisc.edu>
	SlotName: slot1_188@n-gibyte-02.icecube.wisc.edu
	admin_mutex_1 = 0
	admin_mutex_2 = 0
	admin_mutex_3 = 0
	CondorScratchDir = "/scratch/condor/dir_3652150"
	Cpus = 1
	Disk = 5480
	GPUs = 0
	machine_token = 0
	Memory = 6016
...
006 (19536299.000.000) 2026-06-02 17:18:16 Image size of job updated: 119320
	117  -  MemoryUsage of job (MB)
	119320  -  ResidentSetSize of job (KB)
...
006 (19536299.000.000) 2026-06-02 17:23:17 Image size of job updated: 138632
	136  -  MemoryUsage of job (MB)
	138632  -  ResidentSetSize of job (KB)
...
006 (19536299.000.000) 2026-06-02 17:28:17 Image size of job updated: 154368
	151  -  MemoryUsage of job (MB)
	154368  -  ResidentSetSize of job (KB)
...
006 (19536299.000.000) 2026-06-02 17:33:18 Image size of job updated: 168292
	165  -  MemoryUsage of job (MB)
	168292  -  ResidentSetSize of job (KB)
...
006 (19536299.000.000) 2026-06-02 17:38:18 Image size of job updated: 280288
	274  -  MemoryUsage of job (MB)
	280288  -  ResidentSetSize of job (KB)
...
006 (19536299.000.000) 2026-06-02 17:43:19 Image size of job updated: 408624
	400  -  MemoryUsage of job (MB)
	408624  -  ResidentSetSize of job (KB)
...
006 (19536299.000.000) 2026-06-02 17:48:19 Image size of job updated: 421956
	413  -  MemoryUsage of job (MB)
	421956  -  ResidentSetSize of job (KB)
...
006 (19536299.000.000) 2026-06-02 17:53:20 Image size of job updated: 719324
	703  -  MemoryUsage of job (MB)
	719324  -  ResidentSetSize of job (KB)
...
006 (19536299.000.000) 2026-06-02 17:54:36 Image size of job updated: 730148
	703  -  MemoryUsage of job (MB)
	719324  -  ResidentSetSize of job (KB)
...
005 (19536299.000.000) 2026-06-02 17:54:37 Job terminated.
	(1) Normal termination (return value 0)
		Usr 0 00:35:10, Sys 0 00:00:19  -  Run Remote Usage
		Usr 0 00:00:00, Sys 0 00:00:00  -  Run Local Usage
		Usr 0 00:35:10, Sys 0 00:00:19  -  Total Remote Usage
		Usr 0 00:00:00, Sys 0 00:00:00  -  Total Local Usage
	0  -  Run Bytes Sent By Job
	0  -  Run Bytes Received By Job
	0  -  Total Bytes Sent By Job
	0  -  Total Bytes Received By Job
	Partitionable Resources :    Usage  Request Allocated 
	   admin_mutex_1         :                           0 
	   admin_mutex_2         :                           0 
	   admin_mutex_3         :                           0 
	   Cpus                  :     0.99        1         1 
	   Disk (KB)             :    17        2048      5480 
	   GPUs                  :                           0 
	   machine_token         :                           0 
	   Memory (MB)           :   703        6000      6016 
	   TimeExecute (s)       :  2194                       
	   TimeSlotBusy (s)      :  2195                       

	Job terminated of its own accord at 2026-06-02T22:54:36Z with exit-code 0.
...
