000 (19533279.000.000) 2026-06-02 15:50:03 Job submitted from host: <10.128.10.103:9618?addrs=10.128.10.103-9618&alias=npx-submitter.icecube.wisc.edu&noUDP&sock=schedd_2449_6386>
    DAG Node: Drootprod_20140409_61577
...
001 (19533279.000.000) 2026-06-02 16:10:43 Job executing on host: <10.128.10.116:38163?addrs=10.128.10.116-38163&alias=n-gibyte-01.icecube.wisc.edu>
	SlotName: slot1_377@n-gibyte-01.icecube.wisc.edu
	admin_mutex_1 = 0
	admin_mutex_2 = 0
	admin_mutex_3 = 0
	CondorScratchDir = "/scratch/condor/dir_2454030"
	Cpus = 1
	Disk = 5480
	GPUs = 0
	machine_token = 0
	Memory = 6016
...
006 (19533279.000.000) 2026-06-02 16:10:57 Image size of job updated: 117564
	115  -  MemoryUsage of job (MB)
	117564  -  ResidentSetSize of job (KB)
...
006 (19533279.000.000) 2026-06-02 16:15:57 Image size of job updated: 139840
	137  -  MemoryUsage of job (MB)
	139840  -  ResidentSetSize of job (KB)
...
006 (19533279.000.000) 2026-06-02 16:20:58 Image size of job updated: 157040
	154  -  MemoryUsage of job (MB)
	157040  -  ResidentSetSize of job (KB)
...
022 (19533279.000.000) 2026-06-02 16:23:27 Job disconnected, attempting to reconnect
    Socket between submit and execute hosts closed unexpectedly
    Trying to reconnect to slot1_377@n-gibyte-01.icecube.wisc.edu <10.128.10.116:38163?addrs=10.128.10.116-38163&alias=n-gibyte-01.icecube.wisc.edu>
...
024 (19533279.000.000) 2026-06-02 17:03:27 Job reconnection failed
    Job disconnected too long: JobLeaseDuration (2400 seconds) expired
    Can not reconnect to slot1_377@n-gibyte-01.icecube.wisc.edu, rescheduling job
...
004 (19533279.000.000) 2026-06-02 17:03:37 Job was evicted.
	(0) CPU times
		Usr 0 00:09:40, Sys 0 00:00:06  -  Run Remote Usage
		Usr 0 00:00:00, Sys 0 00:00:00  -  Run Local Usage
	0  -  Run Bytes Sent By Job
	0  -  Run Bytes Received By Job
	Job disconnected too long: JobLeaseDuration (2400 seconds) expired
	Partitionable Resources :    Usage  Request Allocated 
	   admin_mutex_1         :                           0 
	   admin_mutex_2         :                           0 
	   admin_mutex_3         :                           0 
	   Cpus                  :     0.99        1         1 
	   Disk (KB)             :    10        2048      5480 
	   GPUs                  :                           0 
	   machine_token         :                           0 
	   Memory (MB)           :   154        6000      6016 
...
001 (19533279.000.000) 2026-06-02 17:07:38 Job executing on host: <10.128.10.238:43797?addrs=10.128.10.238-43797&alias=n-gpu-42.icecube.wisc.edu>
	SlotName: slot1_56@n-gpu-42.icecube.wisc.edu
	admin_mutex_1 = 0
	admin_mutex_2 = 0
	admin_mutex_3 = 0
	AvailableGPUs = {  }
	CondorScratchDir = "/scratch/condor/dir_2205667"
	Cpus = 1
	Disk = 3072
	GPUs = 0
	machine_token = 0
	Memory = 6016
...
006 (19533279.000.000) 2026-06-02 17:17:52 Image size of job updated: 274004
	268  -  MemoryUsage of job (MB)
	274004  -  ResidentSetSize of job (KB)
...
006 (19533279.000.000) 2026-06-02 17:22:53 Image size of job updated: 430396
	421  -  MemoryUsage of job (MB)
	430396  -  ResidentSetSize of job (KB)
...
006 (19533279.000.000) 2026-06-02 17:27:53 Image size of job updated: 746908
	730  -  MemoryUsage of job (MB)
	746908  -  ResidentSetSize of job (KB)
...
006 (19533279.000.000) 2026-06-02 17:29:47 Image size of job updated: 777936
	730  -  MemoryUsage of job (MB)
	746908  -  ResidentSetSize of job (KB)
...
005 (19533279.000.000) 2026-06-02 17:29:47 Job terminated.
	(1) Normal termination (return value 0)
		Usr 0 00:21:04, Sys 0 00:00:19  -  Run Remote Usage
		Usr 0 00:00:00, Sys 0 00:00:00  -  Run Local Usage
		Usr 0 00:30:44, Sys 0 00:00:25  -  Total Remote Usage
		Usr 0 00:00:00, Sys 0 00:00:00  -  Total Local Usage
	0  -  Run Bytes Sent By Job
	0  -  Run Bytes Received By Job
	0  -  Total Bytes Sent By Job
	0  -  Total Bytes Received By Job
	Partitionable Resources :    Usage  Request Allocated 
	   admin_mutex_1         :                           0 
	   admin_mutex_2         :                           0 
	   admin_mutex_3         :                           0 
	   Cpus                  :     0.93        1         1 
	   Disk (KB)             :    10        2048      3072 
	   GPUs                  :                           0 
	   machine_token         :                           0 
	   Memory (MB)           :   730        6000      6016 
	   TimeExecute (s)       :  1329                       
	   TimeSlotBusy (s)      :  1330                       

	Job terminated of its own accord at 2026-06-02T22:29:47Z with exit-code 0.
...
