000 (19533645.000.000) 2026-06-02 15:50:50 Job submitted from host: <10.128.10.103:9618?addrs=10.128.10.103-9618&alias=npx-submitter.icecube.wisc.edu&noUDP&sock=schedd_2449_6386>
    DAG Node: Drootprod_20140505_53388
...
001 (19533645.000.000) 2026-06-02 16:18:23 Job executing on host: <10.128.10.115:33587?addrs=10.128.10.115-33587&alias=n-gibyte-00.icecube.wisc.edu>
	SlotName: slot1_298@n-gibyte-00.icecube.wisc.edu
	admin_mutex_1 = 0
	admin_mutex_2 = 0
	admin_mutex_3 = 0
	CondorScratchDir = "/scratch/condor/dir_2123811"
	Cpus = 1
	Disk = 5480
	GPUs = 0
	machine_token = 0
	Memory = 6016
...
006 (19533645.000.000) 2026-06-02 16:18:37 Image size of job updated: 120216
	118  -  MemoryUsage of job (MB)
	120216  -  ResidentSetSize of job (KB)
...
006 (19533645.000.000) 2026-06-02 16:23:38 Image size of job updated: 142804
	140  -  MemoryUsage of job (MB)
	142804  -  ResidentSetSize of job (KB)
...
006 (19533645.000.000) 2026-06-02 16:28:38 Image size of job updated: 161896
	159  -  MemoryUsage of job (MB)
	161896  -  ResidentSetSize of job (KB)
...
006 (19533645.000.000) 2026-06-02 16:33:39 Image size of job updated: 279420
	273  -  MemoryUsage of job (MB)
	279420  -  ResidentSetSize of job (KB)
...
006 (19533645.000.000) 2026-06-02 16:38:39 Image size of job updated: 409004
	400  -  MemoryUsage of job (MB)
	409004  -  ResidentSetSize of job (KB)
...
006 (19533645.000.000) 2026-06-02 16:43:40 Image size of job updated: 566236
	553  -  MemoryUsage of job (MB)
	566236  -  ResidentSetSize of job (KB)
...
006 (19533645.000.000) 2026-06-02 16:47:12 Image size of job updated: 737584
	553  -  MemoryUsage of job (MB)
	566236  -  ResidentSetSize of job (KB)
...
005 (19533645.000.000) 2026-06-02 16:47:12 Job terminated.
	(1) Normal termination (return value 0)
		Usr 0 00:27:18, Sys 0 00:00:19  -  Run Remote Usage
		Usr 0 00:00:00, Sys 0 00:00:00  -  Run Local Usage
		Usr 0 00:27:18, Sys 0 00:00:19  -  Total Remote Usage
		Usr 0 00:00:00, Sys 0 00:00:00  -  Total Local Usage
	0  -  Run Bytes Sent By Job
	0  -  Run Bytes Received By Job
	0  -  Total Bytes Sent By Job
	0  -  Total Bytes Received By Job
	Partitionable Resources :    Usage  Request Allocated 
	   admin_mutex_1         :                           0 
	   admin_mutex_2         :                           0 
	   admin_mutex_3         :                           0 
	   Cpus                  :     0.97        1         1 
	   Disk (KB)             :    10        2048      5480 
	   GPUs                  :                           0 
	   machine_token         :                           0 
	   Memory (MB)           :   553        6000      6016 
	   TimeExecute (s)       :  1729                       
	   TimeSlotBusy (s)      :  1729                       

	Job terminated of its own accord at 2026-06-02T21:47:12Z with exit-code 0.
...
