000 (19536104.000.000) 2026-06-02 15:55:45 Job submitted from host: <10.128.10.103:9618?addrs=10.128.10.103-9618&alias=npx-submitter.icecube.wisc.edu&noUDP&sock=schedd_2449_6386>
    DAG Node: Drootprod_20141008_12579
...
001 (19536104.000.000) 2026-06-02 17:14:26 Job executing on host: <10.128.10.117:43719?addrs=10.128.10.117-43719&alias=n-gibyte-02.icecube.wisc.edu>
	SlotName: slot1_93@n-gibyte-02.icecube.wisc.edu
	admin_mutex_1 = 0
	admin_mutex_2 = 0
	admin_mutex_3 = 0
	CondorScratchDir = "/scratch/condor/dir_3635330"
	Cpus = 1
	Disk = 5480
	GPUs = 0
	machine_token = 0
	Memory = 6016
...
006 (19536104.000.000) 2026-06-02 17:14:40 Image size of job updated: 119552
	117  -  MemoryUsage of job (MB)
	119552  -  ResidentSetSize of job (KB)
...
006 (19536104.000.000) 2026-06-02 17:19:41 Image size of job updated: 139820
	137  -  MemoryUsage of job (MB)
	139820  -  ResidentSetSize of job (KB)
...
006 (19536104.000.000) 2026-06-02 17:24:41 Image size of job updated: 155404
	152  -  MemoryUsage of job (MB)
	155404  -  ResidentSetSize of job (KB)
...
006 (19536104.000.000) 2026-06-02 17:29:42 Image size of job updated: 171820
	168  -  MemoryUsage of job (MB)
	171820  -  ResidentSetSize of job (KB)
...
006 (19536104.000.000) 2026-06-02 17:34:42 Image size of job updated: 282008
	276  -  MemoryUsage of job (MB)
	282008  -  ResidentSetSize of job (KB)
...
006 (19536104.000.000) 2026-06-02 17:39:43 Image size of job updated: 425124
	416  -  MemoryUsage of job (MB)
	425124  -  ResidentSetSize of job (KB)
...
006 (19536104.000.000) 2026-06-02 17:44:44 Image size of job updated: 440260
	430  -  MemoryUsage of job (MB)
	440260  -  ResidentSetSize of job (KB)
...
006 (19536104.000.000) 2026-06-02 17:49:44 Image size of job updated: 738756
	722  -  MemoryUsage of job (MB)
	738756  -  ResidentSetSize of job (KB)
...
006 (19536104.000.000) 2026-06-02 17:54:25 Image size of job updated: 756104
	722  -  MemoryUsage of job (MB)
	738756  -  ResidentSetSize of job (KB)
...
005 (19536104.000.000) 2026-06-02 17:54:25 Job terminated.
	(1) Normal termination (return value 0)
		Usr 0 00:38:30, Sys 0 00:00:21  -  Run Remote Usage
		Usr 0 00:00:00, Sys 0 00:00:00  -  Run Local Usage
		Usr 0 00:38:30, Sys 0 00:00:21  -  Total Remote Usage
		Usr 0 00:00:00, Sys 0 00:00:00  -  Total Local Usage
	0  -  Run Bytes Sent By Job
	0  -  Run Bytes Received By Job
	0  -  Total Bytes Sent By Job
	0  -  Total Bytes Received By Job
	Partitionable Resources :    Usage  Request Allocated 
	   admin_mutex_1         :                           0 
	   admin_mutex_2         :                           0 
	   admin_mutex_3         :                           0 
	   Cpus                  :     0.99        1         1 
	   Disk (KB)             :    17        2048      5480 
	   GPUs                  :                           0 
	   machine_token         :                           0 
	   Memory (MB)           :   722        6000      6016 
	   TimeExecute (s)       :  2399                       
	   TimeSlotBusy (s)      :  2400                       

	Job terminated of its own accord at 2026-06-02T22:54:25Z with exit-code 0.
...
