000 (19533230.000.000) 2026-06-02 15:49:56 Job submitted from host: <10.128.10.103:9618?addrs=10.128.10.103-9618&alias=npx-submitter.icecube.wisc.edu&noUDP&sock=schedd_2449_6386>
    DAG Node: Drootprod_20140407_98563
...
001 (19533230.000.000) 2026-06-02 16:09:15 Job executing on host: <10.128.10.116:38163?addrs=10.128.10.116-38163&alias=n-gibyte-01.icecube.wisc.edu>
	SlotName: slot1_74@n-gibyte-01.icecube.wisc.edu
	admin_mutex_1 = 0
	admin_mutex_2 = 0
	admin_mutex_3 = 0
	CondorScratchDir = "/scratch/condor/dir_2449706"
	Cpus = 1
	Disk = 5480
	GPUs = 0
	machine_token = 0
	Memory = 6016
...
006 (19533230.000.000) 2026-06-02 16:09:29 Image size of job updated: 119668
	117  -  MemoryUsage of job (MB)
	119668  -  ResidentSetSize of job (KB)
...
006 (19533230.000.000) 2026-06-02 16:14:30 Image size of job updated: 141032
	138  -  MemoryUsage of job (MB)
	141032  -  ResidentSetSize of job (KB)
...
006 (19533230.000.000) 2026-06-02 16:19:31 Image size of job updated: 159300
	156  -  MemoryUsage of job (MB)
	159300  -  ResidentSetSize of job (KB)
...
022 (19533230.000.000) 2026-06-02 16:23:27 Job disconnected, attempting to reconnect
    Socket between submit and execute hosts closed unexpectedly
    Trying to reconnect to slot1_74@n-gibyte-01.icecube.wisc.edu <10.128.10.116:38163?addrs=10.128.10.116-38163&alias=n-gibyte-01.icecube.wisc.edu>
...
024 (19533230.000.000) 2026-06-02 17:03:27 Job reconnection failed
    Job disconnected too long: JobLeaseDuration (2400 seconds) expired
    Can not reconnect to slot1_74@n-gibyte-01.icecube.wisc.edu, rescheduling job
...
004 (19533230.000.000) 2026-06-02 17:03:37 Job was evicted.
	(0) CPU times
		Usr 0 00:09:43, Sys 0 00:00:06  -  Run Remote Usage
		Usr 0 00:00:00, Sys 0 00:00:00  -  Run Local Usage
	0  -  Run Bytes Sent By Job
	0  -  Run Bytes Received By Job
	Job disconnected too long: JobLeaseDuration (2400 seconds) expired
	Partitionable Resources :    Usage  Request Allocated 
	   admin_mutex_1         :                           0 
	   admin_mutex_2         :                           0 
	   admin_mutex_3         :                           0 
	   Cpus                  :     0.98        1         1 
	   Disk (KB)             :    10        2048      5480 
	   GPUs                  :                           0 
	   machine_token         :                           0 
	   Memory (MB)           :   156        6000      6016 
...
001 (19533230.000.000) 2026-06-02 17:07:37 Job executing on host: <10.128.10.238:43797?addrs=10.128.10.238-43797&alias=n-gpu-42.icecube.wisc.edu>
	SlotName: slot1_20@n-gpu-42.icecube.wisc.edu
	admin_mutex_1 = 0
	admin_mutex_2 = 0
	admin_mutex_3 = 0
	AvailableGPUs = {  }
	CondorScratchDir = "/scratch/condor/dir_2205661"
	Cpus = 1
	Disk = 3072
	GPUs = 0
	machine_token = 0
	Memory = 6016
...
006 (19533230.000.000) 2026-06-02 17:17:51 Image size of job updated: 278364
	272  -  MemoryUsage of job (MB)
	278364  -  ResidentSetSize of job (KB)
...
006 (19533230.000.000) 2026-06-02 17:22:51 Image size of job updated: 438440
	429  -  MemoryUsage of job (MB)
	438440  -  ResidentSetSize of job (KB)
...
006 (19533230.000.000) 2026-06-02 17:27:51 Image size of job updated: 756752
	740  -  MemoryUsage of job (MB)
	756752  -  ResidentSetSize of job (KB)
...
006 (19533230.000.000) 2026-06-02 17:28:17 Image size of job updated: 761548
	740  -  MemoryUsage of job (MB)
	756752  -  ResidentSetSize of job (KB)
...
005 (19533230.000.000) 2026-06-02 17:28:17 Job terminated.
	(1) Normal termination (return value 0)
		Usr 0 00:19:28, Sys 0 00:00:19  -  Run Remote Usage
		Usr 0 00:00:00, Sys 0 00:00:00  -  Run Local Usage
		Usr 0 00:29:11, Sys 0 00:00:25  -  Total Remote Usage
		Usr 0 00:00:00, Sys 0 00:00:00  -  Total Local Usage
	0  -  Run Bytes Sent By Job
	0  -  Run Bytes Received By Job
	0  -  Total Bytes Sent By Job
	0  -  Total Bytes Received By Job
	Partitionable Resources :    Usage  Request Allocated 
	   admin_mutex_1         :                           0 
	   admin_mutex_2         :                           0 
	   admin_mutex_3         :                           0 
	   Cpus                  :     0.97        1         1 
	   Disk (KB)             :    10        2048      3072 
	   GPUs                  :                           0 
	   machine_token         :                           0 
	   Memory (MB)           :   740        6000      6016 
	   TimeExecute (s)       :  1240                       
	   TimeSlotBusy (s)      :  1240                       

	Job terminated of its own accord at 2026-06-02T22:28:17Z with exit-code 0.
...
