000 (19535314.000.000) 2026-06-02 15:54:05 Job submitted from host: <10.128.10.103:9618?addrs=10.128.10.103-9618&alias=npx-submitter.icecube.wisc.edu&noUDP&sock=schedd_2449_6386>
    DAG Node: Drootprod_20140814_36198
...
001 (19535314.000.000) 2026-06-02 16:50:51 Job executing on host: <10.128.10.115:33587?addrs=10.128.10.115-33587&alias=n-gibyte-00.icecube.wisc.edu>
	SlotName: slot1_126@n-gibyte-00.icecube.wisc.edu
	admin_mutex_1 = 0
	admin_mutex_2 = 0
	admin_mutex_3 = 0
	CondorScratchDir = "/scratch/condor/dir_2247273"
	Cpus = 1
	Disk = 5480
	GPUs = 0
	machine_token = 0
	Memory = 6016
...
006 (19535314.000.000) 2026-06-02 16:51:05 Image size of job updated: 120260
	118  -  MemoryUsage of job (MB)
	120260  -  ResidentSetSize of job (KB)
...
006 (19535314.000.000) 2026-06-02 16:56:06 Image size of job updated: 141852
	139  -  MemoryUsage of job (MB)
	141852  -  ResidentSetSize of job (KB)
...
006 (19535314.000.000) 2026-06-02 17:01:06 Image size of job updated: 159716
	156  -  MemoryUsage of job (MB)
	159716  -  ResidentSetSize of job (KB)
...
006 (19535314.000.000) 2026-06-02 17:06:07 Image size of job updated: 273360
	267  -  MemoryUsage of job (MB)
	273360  -  ResidentSetSize of job (KB)
...
006 (19535314.000.000) 2026-06-02 17:11:07 Image size of job updated: 292868
	287  -  MemoryUsage of job (MB)
	292868  -  ResidentSetSize of job (KB)
...
006 (19535314.000.000) 2026-06-02 17:16:08 Image size of job updated: 440328
	431  -  MemoryUsage of job (MB)
	440328  -  ResidentSetSize of job (KB)
...
006 (19535314.000.000) 2026-06-02 17:21:08 Image size of job updated: 747456
	730  -  MemoryUsage of job (MB)
	747456  -  ResidentSetSize of job (KB)
...
006 (19535314.000.000) 2026-06-02 17:22:24 Image size of job updated: 751132
	730  -  MemoryUsage of job (MB)
	747456  -  ResidentSetSize of job (KB)
...
005 (19535314.000.000) 2026-06-02 17:22:24 Job terminated.
	(1) Normal termination (return value 0)
		Usr 0 00:30:00, Sys 0 00:00:20  -  Run Remote Usage
		Usr 0 00:00:00, Sys 0 00:00:00  -  Run Local Usage
		Usr 0 00:30:00, Sys 0 00:00:20  -  Total Remote Usage
		Usr 0 00:00:00, Sys 0 00:00:00  -  Total Local Usage
	0  -  Run Bytes Sent By Job
	0  -  Run Bytes Received By Job
	0  -  Total Bytes Sent By Job
	0  -  Total Bytes Received By Job
	Partitionable Resources :    Usage  Request Allocated 
	   admin_mutex_1         :                           0 
	   admin_mutex_2         :                           0 
	   admin_mutex_3         :                           0 
	   Cpus                  :     0.90        1         1 
	   Disk (KB)             :    15        2048      5480 
	   GPUs                  :                           0 
	   machine_token         :                           0 
	   Memory (MB)           :   730        6000      6016 
	   TimeExecute (s)       :  1893                       
	   TimeSlotBusy (s)      :  1894                       

	Job terminated of its own accord at 2026-06-02T22:22:24Z with exit-code 0.
...
