000 (19536970.000.000) 2026-06-02 15:57:38 Job submitted from host: <10.128.10.103:9618?addrs=10.128.10.103-9618&alias=npx-submitter.icecube.wisc.edu&noUDP&sock=schedd_2449_6386>
    DAG Node: Drootprod_20141209_7305
...
001 (19536970.000.000) 2026-06-02 17:30:06 Job executing on host: <10.128.10.188:45333?addrs=10.128.10.188-45333&alias=n-smepyc-01.icecube.wisc.edu>
	SlotName: slot1_70@n-smepyc-01.icecube.wisc.edu
	admin_mutex_1 = 0
	admin_mutex_2 = 0
	admin_mutex_3 = 0
	CondorScratchDir = "/scratch/condor/dir_10551"
	Cpus = 1
	Disk = 3072
	GPUs = 0
	machine_token = 0
	Memory = 6016
...
006 (19536970.000.000) 2026-06-02 17:30:19 Image size of job updated: 122836
	120  -  MemoryUsage of job (MB)
	122836  -  ResidentSetSize of job (KB)
...
006 (19536970.000.000) 2026-06-02 17:35:19 Image size of job updated: 165800
	162  -  MemoryUsage of job (MB)
	165800  -  ResidentSetSize of job (KB)
...
006 (19536970.000.000) 2026-06-02 17:40:20 Image size of job updated: 414484
	405  -  MemoryUsage of job (MB)
	414484  -  ResidentSetSize of job (KB)
...
006 (19536970.000.000) 2026-06-02 17:43:09 Image size of job updated: 728836
	405  -  MemoryUsage of job (MB)
	414484  -  ResidentSetSize of job (KB)
...
005 (19536970.000.000) 2026-06-02 17:43:09 Job terminated.
	(1) Normal termination (return value 0)
		Usr 0 00:12:18, Sys 0 00:00:12  -  Run Remote Usage
		Usr 0 00:00:00, Sys 0 00:00:00  -  Run Local Usage
		Usr 0 00:12:18, Sys 0 00:00:12  -  Total Remote Usage
		Usr 0 00:00:00, Sys 0 00:00:00  -  Total Local Usage
	0  -  Run Bytes Sent By Job
	0  -  Run Bytes Received By Job
	0  -  Total Bytes Sent By Job
	0  -  Total Bytes Received By Job
	Partitionable Resources :    Usage  Request Allocated 
	   admin_mutex_1         :                           0 
	   admin_mutex_2         :                           0 
	   admin_mutex_3         :                           0 
	   Cpus                  :     0.98        1         1 
	   Disk (KB)             :    17        2048      3072 
	   GPUs                  :                           0 
	   machine_token         :                           0 
	   Memory (MB)           :   405        6000      6016 
	   TimeExecute (s)       :   783                       
	   TimeSlotBusy (s)      :   784                       

	Job terminated of its own accord at 2026-06-02T22:43:09Z with exit-code 0.
...
