000 (19535518.000.000) 2026-06-02 15:54:31 Job submitted from host: <10.128.10.103:9618?addrs=10.128.10.103-9618&alias=npx-submitter.icecube.wisc.edu&noUDP&sock=schedd_2449_6386>
    DAG Node: Drootprod_20140830_26724
...
001 (19535518.000.000) 2026-06-02 16:55:10 Job executing on host: <10.128.11.112:41791?addrs=10.128.11.112-41791&alias=n-r720-53.icecube.wisc.edu>
	SlotName: slot1_2@n-r720-53.icecube.wisc.edu
	admin_mutex_1 = 0
	admin_mutex_2 = 0
	admin_mutex_3 = 0
	CondorScratchDir = "/scratch/condor/dir_1151693"
	Cpus = 1
	Disk = 3717
	GPUs = 0
	machine_token = 0
	Memory = 6016
...
006 (19535518.000.000) 2026-06-02 16:55:23 Image size of job updated: 119204
	117  -  MemoryUsage of job (MB)
	119204  -  ResidentSetSize of job (KB)
...
006 (19535518.000.000) 2026-06-02 17:00:23 Image size of job updated: 138908
	136  -  MemoryUsage of job (MB)
	138908  -  ResidentSetSize of job (KB)
...
006 (19535518.000.000) 2026-06-02 17:05:23 Image size of job updated: 155212
	152  -  MemoryUsage of job (MB)
	155212  -  ResidentSetSize of job (KB)
...
006 (19535518.000.000) 2026-06-02 17:10:24 Image size of job updated: 173108
	170  -  MemoryUsage of job (MB)
	173108  -  ResidentSetSize of job (KB)
...
006 (19535518.000.000) 2026-06-02 17:15:24 Image size of job updated: 285276
	279  -  MemoryUsage of job (MB)
	285276  -  ResidentSetSize of job (KB)
...
006 (19535518.000.000) 2026-06-02 17:20:24 Image size of job updated: 412032
	403  -  MemoryUsage of job (MB)
	412032  -  ResidentSetSize of job (KB)
...
006 (19535518.000.000) 2026-06-02 17:25:25 Image size of job updated: 566544
	554  -  MemoryUsage of job (MB)
	566544  -  ResidentSetSize of job (KB)
...
006 (19535518.000.000) 2026-06-02 17:27:52 Image size of job updated: 726164
	554  -  MemoryUsage of job (MB)
	566544  -  ResidentSetSize of job (KB)
...
005 (19535518.000.000) 2026-06-02 17:27:52 Job terminated.
	(1) Normal termination (return value 0)
		Usr 0 00:31:21, Sys 0 00:00:20  -  Run Remote Usage
		Usr 0 00:00:00, Sys 0 00:00:00  -  Run Local Usage
		Usr 0 00:31:21, Sys 0 00:00:20  -  Total Remote Usage
		Usr 0 00:00:00, Sys 0 00:00:00  -  Total Local Usage
	0  -  Run Bytes Sent By Job
	0  -  Run Bytes Received By Job
	0  -  Total Bytes Sent By Job
	0  -  Total Bytes Received By Job
	Partitionable Resources :    Usage  Request Allocated 
	   admin_mutex_1         :                           0 
	   admin_mutex_2         :                           0 
	   admin_mutex_3         :                           0 
	   Cpus                  :     0.98        1         1 
	   Disk (KB)             :    15        2048      3717 
	   GPUs                  :                           0 
	   machine_token         :                           0 
	   Memory (MB)           :   554        6000      6016 
	   TimeExecute (s)       :  1963                       
	   TimeSlotBusy (s)      :  1963                       

	Job terminated of its own accord at 2026-06-02T22:27:52Z with exit-code 0.
...
