000 (19532388.000.000) 2026-06-02 15:47:21 Job submitted from host: <10.128.10.103:9618?addrs=10.128.10.103-9618&alias=npx-submitter.icecube.wisc.edu&noUDP&sock=schedd_2449_6386>
    DAG Node: Drootprod_20140112_4888
...
001 (19532388.000.000) 2026-06-02 15:47:24 Job executing on host: <10.128.10.116:38163?addrs=10.128.10.116-38163&alias=n-gibyte-01.icecube.wisc.edu>
	SlotName: slot1_290@n-gibyte-01.icecube.wisc.edu
	admin_mutex_1 = 0
	admin_mutex_2 = 0
	admin_mutex_3 = 0
	CondorScratchDir = "/scratch/condor/dir_2336467"
	Cpus = 1
	Disk = 5480
	GPUs = 0
	machine_token = 0
	Memory = 6016
...
006 (19532388.000.000) 2026-06-02 15:47:32 Image size of job updated: 120196
	118  -  MemoryUsage of job (MB)
	120196  -  ResidentSetSize of job (KB)
...
006 (19532388.000.000) 2026-06-02 15:52:32 Image size of job updated: 141868
	139  -  MemoryUsage of job (MB)
	141868  -  ResidentSetSize of job (KB)
...
006 (19532388.000.000) 2026-06-02 15:57:33 Image size of job updated: 160096
	157  -  MemoryUsage of job (MB)
	160096  -  ResidentSetSize of job (KB)
...
006 (19532388.000.000) 2026-06-02 16:02:33 Image size of job updated: 271620
	266  -  MemoryUsage of job (MB)
	271620  -  ResidentSetSize of job (KB)
...
006 (19532388.000.000) 2026-06-02 16:06:27 Image size of job updated: 286064
	266  -  MemoryUsage of job (MB)
	271620  -  ResidentSetSize of job (KB)
...
005 (19532388.000.000) 2026-06-02 16:06:27 Job terminated.
	(1) Normal termination (return value 0)
		Usr 0 00:18:12, Sys 0 00:00:11  -  Run Remote Usage
		Usr 0 00:00:00, Sys 0 00:00:00  -  Run Local Usage
		Usr 0 00:18:12, Sys 0 00:00:11  -  Total Remote Usage
		Usr 0 00:00:00, Sys 0 00:00:00  -  Total Local Usage
	0  -  Run Bytes Sent By Job
	0  -  Run Bytes Received By Job
	0  -  Total Bytes Sent By Job
	0  -  Total Bytes Received By Job
	Partitionable Resources :    Usage  Request Allocated 
	   admin_mutex_1         :                           0 
	   admin_mutex_2         :                           0 
	   admin_mutex_3         :                           0 
	   Cpus                  :     0.98        1         1 
	   Disk (KB)             :     7        2048      5480 
	   GPUs                  :                           0 
	   machine_token         :                           0 
	   Memory (MB)           :   266        6000      6016 
	   TimeExecute (s)       :  1144                       
	   TimeSlotBusy (s)      :  1144                       

	Job terminated of its own accord at 2026-06-02T21:06:27Z with exit-code 0.
...
