000 (19534134.000.000) 2026-06-02 15:51:52 Job submitted from host: <10.128.10.103:9618?addrs=10.128.10.103-9618&alias=npx-submitter.icecube.wisc.edu&noUDP&sock=schedd_2449_6386>
    DAG Node: Drootprod_20140606_18205
...
001 (19534134.000.000) 2026-06-02 16:28:41 Job executing on host: <10.128.10.117:43719?addrs=10.128.10.117-43719&alias=n-gibyte-02.icecube.wisc.edu>
	SlotName: slot1_43@n-gibyte-02.icecube.wisc.edu
	admin_mutex_1 = 0
	admin_mutex_2 = 0
	admin_mutex_3 = 0
	CondorScratchDir = "/scratch/condor/dir_3448470"
	Cpus = 1
	Disk = 5480
	GPUs = 0
	machine_token = 0
	Memory = 6016
...
006 (19534134.000.000) 2026-06-02 16:28:55 Image size of job updated: 119816
	118  -  MemoryUsage of job (MB)
	119816  -  ResidentSetSize of job (KB)
...
006 (19534134.000.000) 2026-06-02 16:33:56 Image size of job updated: 141892
	139  -  MemoryUsage of job (MB)
	141892  -  ResidentSetSize of job (KB)
...
006 (19534134.000.000) 2026-06-02 16:38:56 Image size of job updated: 160636
	157  -  MemoryUsage of job (MB)
	160636  -  ResidentSetSize of job (KB)
...
006 (19534134.000.000) 2026-06-02 16:43:57 Image size of job updated: 273112
	267  -  MemoryUsage of job (MB)
	273112  -  ResidentSetSize of job (KB)
...
006 (19534134.000.000) 2026-06-02 16:48:57 Image size of job updated: 292004
	286  -  MemoryUsage of job (MB)
	292004  -  ResidentSetSize of job (KB)
...
006 (19534134.000.000) 2026-06-02 16:53:58 Image size of job updated: 423076
	414  -  MemoryUsage of job (MB)
	423076  -  ResidentSetSize of job (KB)
...
006 (19534134.000.000) 2026-06-02 16:58:58 Image size of job updated: 727708
	711  -  MemoryUsage of job (MB)
	727708  -  ResidentSetSize of job (KB)
...
006 (19534134.000.000) 2026-06-02 17:00:15 Image size of job updated: 732516
	711  -  MemoryUsage of job (MB)
	727708  -  ResidentSetSize of job (KB)
...
005 (19534134.000.000) 2026-06-02 17:00:15 Job terminated.
	(1) Normal termination (return value 0)
		Usr 0 00:30:03, Sys 0 00:00:19  -  Run Remote Usage
		Usr 0 00:00:00, Sys 0 00:00:00  -  Run Local Usage
		Usr 0 00:30:03, Sys 0 00:00:19  -  Total Remote Usage
		Usr 0 00:00:00, Sys 0 00:00:00  -  Total Local Usage
	0  -  Run Bytes Sent By Job
	0  -  Run Bytes Received By Job
	0  -  Total Bytes Sent By Job
	0  -  Total Bytes Received By Job
	Partitionable Resources :    Usage  Request Allocated 
	   admin_mutex_1         :                           0 
	   admin_mutex_2         :                           0 
	   admin_mutex_3         :                           0 
	   Cpus                  :     0.98        1         1 
	   Disk (KB)             :    15        2048      5480 
	   GPUs                  :                           0 
	   machine_token         :                           0 
	   Memory (MB)           :   711        6000      6016 
	   TimeExecute (s)       :  1894                       
	   TimeSlotBusy (s)      :  1895                       

	Job terminated of its own accord at 2026-06-02T22:00:15Z with exit-code 0.
...
