000 (19534884.000.000) 2026-06-02 15:53:15 Job submitted from host: <10.128.10.103:9618?addrs=10.128.10.103-9618&alias=npx-submitter.icecube.wisc.edu&noUDP&sock=schedd_2449_6386>
    DAG Node: Drootprod_20140721_85735
...
001 (19534884.000.000) 2026-06-02 16:43:09 Job executing on host: <10.128.10.189:44027?addrs=10.128.10.189-44027&alias=n-smepyc-02.icecube.wisc.edu>
	SlotName: slot1_20@n-smepyc-02.icecube.wisc.edu
	admin_mutex_1 = 0
	admin_mutex_2 = 0
	admin_mutex_3 = 0
	CondorScratchDir = "/scratch/condor/dir_427306"
	Cpus = 1
	Disk = 3072
	GPUs = 0
	machine_token = 0
	Memory = 6016
...
006 (19534884.000.000) 2026-06-02 16:43:22 Image size of job updated: 123372
	121  -  MemoryUsage of job (MB)
	123372  -  ResidentSetSize of job (KB)
...
006 (19534884.000.000) 2026-06-02 16:48:22 Image size of job updated: 170196
	167  -  MemoryUsage of job (MB)
	170196  -  ResidentSetSize of job (KB)
...
006 (19534884.000.000) 2026-06-02 16:53:22 Image size of job updated: 565572
	553  -  MemoryUsage of job (MB)
	565572  -  ResidentSetSize of job (KB)
...
006 (19534884.000.000) 2026-06-02 16:54:42 Image size of job updated: 724032
	553  -  MemoryUsage of job (MB)
	565572  -  ResidentSetSize of job (KB)
...
005 (19534884.000.000) 2026-06-02 16:54:42 Job terminated.
	(1) Normal termination (return value 0)
		Usr 0 00:10:56, Sys 0 00:00:11  -  Run Remote Usage
		Usr 0 00:00:00, Sys 0 00:00:00  -  Run Local Usage
		Usr 0 00:10:56, Sys 0 00:00:11  -  Total Remote Usage
		Usr 0 00:00:00, Sys 0 00:00:00  -  Total Local Usage
	0  -  Run Bytes Sent By Job
	0  -  Run Bytes Received By Job
	0  -  Total Bytes Sent By Job
	0  -  Total Bytes Received By Job
	Partitionable Resources :    Usage  Request Allocated 
	   admin_mutex_1         :                           0 
	   admin_mutex_2         :                           0 
	   admin_mutex_3         :                           0 
	   Cpus                  :     0.99        1         1 
	   Disk (KB)             :    15        2048      3072 
	   GPUs                  :                           0 
	   machine_token         :                           0 
	   Memory (MB)           :   553        6000      6016 
	   TimeExecute (s)       :   693                       
	   TimeSlotBusy (s)      :   694                       

	Job terminated of its own accord at 2026-06-02T21:54:42Z with exit-code 0.
...
