000 (19532765.000.000) 2026-06-02 15:48:44 Job submitted from host: <10.128.10.103:9618?addrs=10.128.10.103-9618&alias=npx-submitter.icecube.wisc.edu&noUDP&sock=schedd_2449_6386>
    DAG Node: Drootprod_20140223_96380
...
001 (19532765.000.000) 2026-06-02 15:51:09 Job executing on host: <10.128.10.116:38163?addrs=10.128.10.116-38163&alias=n-gibyte-01.icecube.wisc.edu>
	SlotName: slot1_31@n-gibyte-01.icecube.wisc.edu
	admin_mutex_1 = 0
	admin_mutex_2 = 0
	admin_mutex_3 = 0
	CondorScratchDir = "/scratch/condor/dir_2382173"
	Cpus = 1
	Disk = 5480
	GPUs = 0
	machine_token = 0
	Memory = 6016
...
006 (19532765.000.000) 2026-06-02 15:51:22 Image size of job updated: 118664
	116  -  MemoryUsage of job (MB)
	118664  -  ResidentSetSize of job (KB)
...
006 (19532765.000.000) 2026-06-02 15:56:22 Image size of job updated: 141580
	139  -  MemoryUsage of job (MB)
	141580  -  ResidentSetSize of job (KB)
...
006 (19532765.000.000) 2026-06-02 16:01:22 Image size of job updated: 160312
	157  -  MemoryUsage of job (MB)
	160312  -  ResidentSetSize of job (KB)
...
006 (19532765.000.000) 2026-06-02 16:06:23 Image size of job updated: 273672
	268  -  MemoryUsage of job (MB)
	273672  -  ResidentSetSize of job (KB)
...
006 (19532765.000.000) 2026-06-02 16:11:23 Image size of job updated: 292400
	286  -  MemoryUsage of job (MB)
	292400  -  ResidentSetSize of job (KB)
...
006 (19532765.000.000) 2026-06-02 16:16:24 Image size of job updated: 422868
	413  -  MemoryUsage of job (MB)
	422868  -  ResidentSetSize of job (KB)
...
006 (19532765.000.000) 2026-06-02 16:21:24 Image size of job updated: 727756
	711  -  MemoryUsage of job (MB)
	727756  -  ResidentSetSize of job (KB)
...
022 (19532765.000.000) 2026-06-02 16:23:27 Job disconnected, attempting to reconnect
    Socket between submit and execute hosts closed unexpectedly
    Trying to reconnect to slot1_31@n-gibyte-01.icecube.wisc.edu <10.128.10.116:38163?addrs=10.128.10.116-38163&alias=n-gibyte-01.icecube.wisc.edu>
...
024 (19532765.000.000) 2026-06-02 17:03:27 Job reconnection failed
    Job disconnected too long: JobLeaseDuration (2400 seconds) expired
    Can not reconnect to slot1_31@n-gibyte-01.icecube.wisc.edu, rescheduling job
...
004 (19532765.000.000) 2026-06-02 17:03:37 Job was evicted.
	(0) CPU times
		Usr 0 00:28:45, Sys 0 00:00:17  -  Run Remote Usage
		Usr 0 00:00:00, Sys 0 00:00:00  -  Run Local Usage
	0  -  Run Bytes Sent By Job
	0  -  Run Bytes Received By Job
	Job disconnected too long: JobLeaseDuration (2400 seconds) expired
	Partitionable Resources :    Usage  Request Allocated 
	   admin_mutex_1         :                           0 
	   admin_mutex_2         :                           0 
	   admin_mutex_3         :                           0 
	   Cpus                  :     0.98        1         1 
	   Disk (KB)             :    15        2048      5480 
	   GPUs                  :                           0 
	   machine_token         :                           0 
	   Memory (MB)           :   711        6000      6016 
...
001 (19532765.000.000) 2026-06-02 17:06:32 Job executing on host: <10.128.10.19:41249?addrs=10.128.10.19-41249&alias=n-m610-09.icecube.wisc.edu>
	SlotName: slot1_2@n-m610-09.icecube.wisc.edu
	admin_mutex_1 = 0
	admin_mutex_2 = 0
	admin_mutex_3 = 0
	CondorScratchDir = "/scratch/condor/dir_1075332"
	Cpus = 1
	Disk = 3072
	GPUs = 0
	machine_token = 0
	Memory = 6016
...
006 (19532765.000.000) 2026-06-02 17:31:49 Image size of job updated: 750252
	733  -  MemoryUsage of job (MB)
	750252  -  ResidentSetSize of job (KB)
...
006 (19532765.000.000) 2026-06-02 17:36:11 Image size of job updated: 809460
	733  -  MemoryUsage of job (MB)
	750252  -  ResidentSetSize of job (KB)
...
005 (19532765.000.000) 2026-06-02 17:36:11 Job terminated.
	(1) Normal termination (return value 0)
		Usr 0 00:28:35, Sys 0 00:00:21  -  Run Remote Usage
		Usr 0 00:00:00, Sys 0 00:00:00  -  Run Local Usage
		Usr 0 00:57:20, Sys 0 00:00:38  -  Total Remote Usage
		Usr 0 00:00:00, Sys 0 00:00:00  -  Total Local Usage
	0  -  Run Bytes Sent By Job
	0  -  Run Bytes Received By Job
	0  -  Total Bytes Sent By Job
	0  -  Total Bytes Received By Job
	Partitionable Resources :    Usage  Request Allocated 
	   admin_mutex_1         :                           0 
	   admin_mutex_2         :                           0 
	   admin_mutex_3         :                           0 
	   Cpus                  :     0.98        1         1 
	   Disk (KB)             :    15        2048      3072 
	   GPUs                  :                           0 
	   machine_token         :                           0 
	   Memory (MB)           :   733        6000      6016 
	   TimeExecute (s)       :  1779                       
	   TimeSlotBusy (s)      :  1779                       

	Job terminated of its own accord at 2026-06-02T22:36:11Z with exit-code 0.
...
