000 (19532346.000.000) 2026-06-02 15:47:10 Job submitted from host: <10.128.10.103:9618?addrs=10.128.10.103-9618&alias=npx-submitter.icecube.wisc.edu&noUDP&sock=schedd_2449_6386>
    DAG Node: Drootprod_20140106_2145
...
001 (19532346.000.000) 2026-06-02 15:47:17 Job executing on host: <10.128.10.116:38163?addrs=10.128.10.116-38163&alias=n-gibyte-01.icecube.wisc.edu>
	SlotName: slot1_266@n-gibyte-01.icecube.wisc.edu
	admin_mutex_1 = 0
	admin_mutex_2 = 0
	admin_mutex_3 = 0
	CondorScratchDir = "/scratch/condor/dir_2332198"
	Cpus = 1
	Disk = 5480
	GPUs = 0
	machine_token = 0
	Memory = 6016
...
006 (19532346.000.000) 2026-06-02 15:47:26 Image size of job updated: 121976
	120  -  MemoryUsage of job (MB)
	121976  -  ResidentSetSize of job (KB)
...
006 (19532346.000.000) 2026-06-02 15:52:27 Image size of job updated: 142200
	139  -  MemoryUsage of job (MB)
	142200  -  ResidentSetSize of job (KB)
...
006 (19532346.000.000) 2026-06-02 15:57:27 Image size of job updated: 159748
	157  -  MemoryUsage of job (MB)
	159748  -  ResidentSetSize of job (KB)
...
006 (19532346.000.000) 2026-06-02 16:02:28 Image size of job updated: 271952
	266  -  MemoryUsage of job (MB)
	271952  -  ResidentSetSize of job (KB)
...
006 (19532346.000.000) 2026-06-02 16:07:28 Image size of job updated: 290192
	284  -  MemoryUsage of job (MB)
	290192  -  ResidentSetSize of job (KB)
...
006 (19532346.000.000) 2026-06-02 16:12:29 Image size of job updated: 418136
	409  -  MemoryUsage of job (MB)
	418136  -  ResidentSetSize of job (KB)
...
006 (19532346.000.000) 2026-06-02 16:16:13 Image size of job updated: 718856
	409  -  MemoryUsage of job (MB)
	418136  -  ResidentSetSize of job (KB)
...
005 (19532346.000.000) 2026-06-02 16:16:14 Job terminated.
	(1) Normal termination (return value 0)
		Usr 0 00:27:37, Sys 0 00:00:16  -  Run Remote Usage
		Usr 0 00:00:00, Sys 0 00:00:00  -  Run Local Usage
		Usr 0 00:27:37, Sys 0 00:00:16  -  Total Remote Usage
		Usr 0 00:00:00, Sys 0 00:00:00  -  Total Local Usage
	0  -  Run Bytes Sent By Job
	0  -  Run Bytes Received By Job
	0  -  Total Bytes Sent By Job
	0  -  Total Bytes Received By Job
	Partitionable Resources :    Usage  Request Allocated 
	   admin_mutex_1         :                           0 
	   admin_mutex_2         :                           0 
	   admin_mutex_3         :                           0 
	   Cpus                  :     0.98        1         1 
	   Disk (KB)             :    10        2048      5480 
	   GPUs                  :                           0 
	   machine_token         :                           0 
	   Memory (MB)           :   409        6000      6016 
	   TimeExecute (s)       :  1736                       
	   TimeSlotBusy (s)      :  1736                       

	Job terminated of its own accord at 2026-06-02T21:16:13Z with exit-code 0.
...
