000 (19533655.000.000) 2026-06-02 15:50:51 Job submitted from host: <10.128.10.103:9618?addrs=10.128.10.103-9618&alias=npx-submitter.icecube.wisc.edu&noUDP&sock=schedd_2449_6386>
    DAG Node: Drootprod_20140506_97611
...
001 (19533655.000.000) 2026-06-02 16:18:26 Job executing on host: <10.128.10.116:38163?addrs=10.128.10.116-38163&alias=n-gibyte-01.icecube.wisc.edu>
	SlotName: slot1_360@n-gibyte-01.icecube.wisc.edu
	admin_mutex_1 = 0
	admin_mutex_2 = 0
	admin_mutex_3 = 0
	CondorScratchDir = "/scratch/condor/dir_2495011"
	Cpus = 1
	Disk = 5480
	GPUs = 0
	machine_token = 0
	Memory = 6016
...
006 (19533655.000.000) 2026-06-02 16:18:39 Image size of job updated: 118988
	117  -  MemoryUsage of job (MB)
	118988  -  ResidentSetSize of job (KB)
...
022 (19533655.000.000) 2026-06-02 16:23:27 Job disconnected, attempting to reconnect
    Socket between submit and execute hosts closed unexpectedly
    Trying to reconnect to slot1_360@n-gibyte-01.icecube.wisc.edu <10.128.10.116:38163?addrs=10.128.10.116-38163&alias=n-gibyte-01.icecube.wisc.edu>
...
024 (19533655.000.000) 2026-06-02 17:03:27 Job reconnection failed
    Job disconnected too long: JobLeaseDuration (2400 seconds) expired
    Can not reconnect to slot1_360@n-gibyte-01.icecube.wisc.edu, rescheduling job
...
004 (19533655.000.000) 2026-06-02 17:03:37 Job was evicted.
	(0) CPU times
		Usr 0 00:00:05, Sys 0 00:00:00  -  Run Remote Usage
		Usr 0 00:00:00, Sys 0 00:00:00  -  Run Local Usage
	0  -  Run Bytes Sent By Job
	0  -  Run Bytes Received By Job
	Job disconnected too long: JobLeaseDuration (2400 seconds) expired
	Partitionable Resources :    Usage  Request Allocated 
	   admin_mutex_1         :                           0 
	   admin_mutex_2         :                           0 
	   admin_mutex_3         :                           0 
	   Cpus                  :                 1         1 
	   Disk (KB)             :       10     2048      5480 
	   GPUs                  :                           0 
	   machine_token         :                           0 
	   Memory (MB)           :      117     6000      6016 
...
001 (19533655.000.000) 2026-06-02 17:09:44 Job executing on host: <10.128.11.112:41791?addrs=10.128.11.112-41791&alias=n-r720-53.icecube.wisc.edu>
	SlotName: slot1_4@n-r720-53.icecube.wisc.edu
	admin_mutex_1 = 0
	admin_mutex_2 = 0
	admin_mutex_3 = 0
	CondorScratchDir = "/scratch/condor/dir_1203295"
	Cpus = 1
	Disk = 3717
	GPUs = 0
	machine_token = 0
	Memory = 6016
...
006 (19533655.000.000) 2026-06-02 17:14:59 Image size of job updated: 139820
	137  -  MemoryUsage of job (MB)
	139820  -  ResidentSetSize of job (KB)
...
006 (19533655.000.000) 2026-06-02 17:19:59 Image size of job updated: 157316
	154  -  MemoryUsage of job (MB)
	157316  -  ResidentSetSize of job (KB)
...
006 (19533655.000.000) 2026-06-02 17:24:59 Image size of job updated: 268800
	263  -  MemoryUsage of job (MB)
	268800  -  ResidentSetSize of job (KB)
...
006 (19533655.000.000) 2026-06-02 17:30:00 Image size of job updated: 287260
	281  -  MemoryUsage of job (MB)
	287260  -  ResidentSetSize of job (KB)
...
006 (19533655.000.000) 2026-06-02 17:35:01 Image size of job updated: 417112
	408  -  MemoryUsage of job (MB)
	417112  -  ResidentSetSize of job (KB)
...
006 (19533655.000.000) 2026-06-02 17:35:11 Image size of job updated: 417456
	408  -  MemoryUsage of job (MB)
	417112  -  ResidentSetSize of job (KB)
...
005 (19533655.000.000) 2026-06-02 17:35:11 Job terminated.
	(1) Normal termination (return value 0)
		Usr 0 00:24:23, Sys 0 00:00:18  -  Run Remote Usage
		Usr 0 00:00:00, Sys 0 00:00:00  -  Run Local Usage
		Usr 0 00:24:28, Sys 0 00:00:18  -  Total Remote Usage
		Usr 0 00:00:00, Sys 0 00:00:00  -  Total Local Usage
	0  -  Run Bytes Sent By Job
	0  -  Run Bytes Received By Job
	0  -  Total Bytes Sent By Job
	0  -  Total Bytes Received By Job
	Partitionable Resources :    Usage  Request Allocated 
	   admin_mutex_1         :                           0 
	   admin_mutex_2         :                           0 
	   admin_mutex_3         :                           0 
	   Cpus                  :     0.99        1         1 
	   Disk (KB)             :    10        2048      3717 
	   GPUs                  :                           0 
	   machine_token         :                           0 
	   Memory (MB)           :   408        6000      6016 
	   TimeExecute (s)       :  1527                       
	   TimeSlotBusy (s)      :  1527                       

	Job terminated of its own accord at 2026-06-02T22:35:11Z with exit-code 0.
...
