000 (19532875.000.000) 2026-06-02 15:49:00 Job submitted from host: <10.128.10.103:9618?addrs=10.128.10.103-9618&alias=npx-submitter.icecube.wisc.edu&noUDP&sock=schedd_2449_6386>
    DAG Node: Drootprod_20140308_59225
...
001 (19532875.000.000) 2026-06-02 15:55:53 Job executing on host: <10.128.10.190:46289?addrs=10.128.10.190-46289&alias=n-smepyc-03.icecube.wisc.edu>
	SlotName: slot1_66@n-smepyc-03.icecube.wisc.edu
	admin_mutex_1 = 0
	admin_mutex_2 = 0
	admin_mutex_3 = 0
	CondorScratchDir = "/scratch/condor/dir_3483367"
	Cpus = 1
	Disk = 3072
	GPUs = 0
	machine_token = 0
	Memory = 6016
...
006 (19532875.000.000) 2026-06-02 15:56:07 Image size of job updated: 123264
	121  -  MemoryUsage of job (MB)
	123264  -  ResidentSetSize of job (KB)
...
006 (19532875.000.000) 2026-06-02 16:01:08 Image size of job updated: 166428
	163  -  MemoryUsage of job (MB)
	166428  -  ResidentSetSize of job (KB)
...
006 (19532875.000.000) 2026-06-02 16:06:09 Image size of job updated: 420208
	411  -  MemoryUsage of job (MB)
	420208  -  ResidentSetSize of job (KB)
...
006 (19532875.000.000) 2026-06-02 16:10:05 Image size of job updated: 759648
	411  -  MemoryUsage of job (MB)
	420208  -  ResidentSetSize of job (KB)
...
005 (19532875.000.000) 2026-06-02 16:10:05 Job terminated.
	(1) Normal termination (return value 0)
		Usr 0 00:13:15, Sys 0 00:00:12  -  Run Remote Usage
		Usr 0 00:00:00, Sys 0 00:00:00  -  Run Local Usage
		Usr 0 00:13:15, Sys 0 00:00:12  -  Total Remote Usage
		Usr 0 00:00:00, Sys 0 00:00:00  -  Total Local Usage
	0  -  Run Bytes Sent By Job
	0  -  Run Bytes Received By Job
	0  -  Total Bytes Sent By Job
	0  -  Total Bytes Received By Job
	Partitionable Resources :    Usage  Request Allocated 
	   admin_mutex_1         :                           0 
	   admin_mutex_2         :                           0 
	   admin_mutex_3         :                           0 
	   Cpus                  :     0.78        1         1 
	   Disk (KB)             :    10        2048      3072 
	   GPUs                  :                           0 
	   machine_token         :                           0 
	   Memory (MB)           :   411        6000      6016 
	   TimeExecute (s)       :   852                       
	   TimeSlotBusy (s)      :   852                       

	Job terminated of its own accord at 2026-06-02T21:10:05Z with exit-code 0.
...
