000 (19536258.000.000) 2026-06-02 15:56:06 Job submitted from host: <10.128.10.103:9618?addrs=10.128.10.103-9618&alias=npx-submitter.icecube.wisc.edu&noUDP&sock=schedd_2449_6386>
    DAG Node: Drootprod_20141018_55459
...
001 (19536258.000.000) 2026-06-02 17:17:19 Job executing on host: <10.128.10.86:43611?addrs=10.128.10.86-43611&alias=n-r710-5.icecube.wisc.edu>
	SlotName: slot1_8@n-r710-5.icecube.wisc.edu
	admin_mutex_1 = 0
	admin_mutex_2 = 0
	admin_mutex_3 = 0
	CondorScratchDir = "/scratch/condor/dir_3051414"
	Cpus = 1
	Disk = 3072
	GPUs = 0
	machine_token = 0
	Memory = 6016
...
006 (19536258.000.000) 2026-06-02 17:17:32 Image size of job updated: 119148
	117  -  MemoryUsage of job (MB)
	119148  -  ResidentSetSize of job (KB)
...
006 (19536258.000.000) 2026-06-02 17:22:32 Image size of job updated: 140100
	137  -  MemoryUsage of job (MB)
	140100  -  ResidentSetSize of job (KB)
...
006 (19536258.000.000) 2026-06-02 17:27:33 Image size of job updated: 157588
	154  -  MemoryUsage of job (MB)
	157588  -  ResidentSetSize of job (KB)
...
006 (19536258.000.000) 2026-06-02 17:32:34 Image size of job updated: 270784
	265  -  MemoryUsage of job (MB)
	270784  -  ResidentSetSize of job (KB)
...
006 (19536258.000.000) 2026-06-02 17:37:34 Image size of job updated: 288088
	282  -  MemoryUsage of job (MB)
	288088  -  ResidentSetSize of job (KB)
...
006 (19536258.000.000) 2026-06-02 17:42:34 Image size of job updated: 432276
	423  -  MemoryUsage of job (MB)
	432276  -  ResidentSetSize of job (KB)
...
006 (19536258.000.000) 2026-06-02 17:47:35 Image size of job updated: 728040
	711  -  MemoryUsage of job (MB)
	728040  -  ResidentSetSize of job (KB)
...
006 (19536258.000.000) 2026-06-02 17:50:21 Image size of job updated: 747468
	711  -  MemoryUsage of job (MB)
	728040  -  ResidentSetSize of job (KB)
...
005 (19536258.000.000) 2026-06-02 17:50:21 Job terminated.
	(1) Normal termination (return value 0)
		Usr 0 00:31:42, Sys 0 00:00:22  -  Run Remote Usage
		Usr 0 00:00:00, Sys 0 00:00:00  -  Run Local Usage
		Usr 0 00:31:42, Sys 0 00:00:22  -  Total Remote Usage
		Usr 0 00:00:00, Sys 0 00:00:00  -  Total Local Usage
	0  -  Run Bytes Sent By Job
	0  -  Run Bytes Received By Job
	0  -  Total Bytes Sent By Job
	0  -  Total Bytes Received By Job
	Partitionable Resources :    Usage  Request Allocated 
	   admin_mutex_1         :                           0 
	   admin_mutex_2         :                           0 
	   admin_mutex_3         :                           0 
	   Cpus                  :     0.97        1         1 
	   Disk (KB)             :    17        2048      3072 
	   GPUs                  :                           0 
	   machine_token         :                           0 
	   Memory (MB)           :   711        6000      6016 
	   TimeExecute (s)       :  1982                       
	   TimeSlotBusy (s)      :  1982                       

	Job terminated of its own accord at 2026-06-02T22:50:21Z with exit-code 0.
...
