000 (19535945.000.000) 2026-06-02 15:55:25 Job submitted from host: <10.128.10.103:9618?addrs=10.128.10.103-9618&alias=npx-submitter.icecube.wisc.edu&noUDP&sock=schedd_2449_6386>
    DAG Node: Drootprod_20140928_5435
...
001 (19535945.000.000) 2026-06-02 17:02:57 Job executing on host: <10.128.10.187:34023?addrs=10.128.10.187-34023&alias=n-smepyc-00.icecube.wisc.edu>
	SlotName: slot1_82@n-smepyc-00.icecube.wisc.edu
	admin_mutex_1 = 0
	admin_mutex_2 = 0
	admin_mutex_3 = 0
	CondorScratchDir = "/scratch/condor/dir_1900523"
	Cpus = 1
	Disk = 3072
	GPUs = 0
	machine_token = 0
	Memory = 6016
...
006 (19535945.000.000) 2026-06-02 17:03:11 Image size of job updated: 121896
	120  -  MemoryUsage of job (MB)
	121896  -  ResidentSetSize of job (KB)
...
006 (19535945.000.000) 2026-06-02 17:08:12 Image size of job updated: 157000
	154  -  MemoryUsage of job (MB)
	157000  -  ResidentSetSize of job (KB)
...
006 (19535945.000.000) 2026-06-02 17:13:12 Image size of job updated: 285396
	279  -  MemoryUsage of job (MB)
	285396  -  ResidentSetSize of job (KB)
...
006 (19535945.000.000) 2026-06-02 17:17:39 Image size of job updated: 718432
	279  -  MemoryUsage of job (MB)
	285396  -  ResidentSetSize of job (KB)
...
005 (19535945.000.000) 2026-06-02 17:17:39 Job terminated.
	(1) Normal termination (return value 0)
		Usr 0 00:13:52, Sys 0 00:00:12  -  Run Remote Usage
		Usr 0 00:00:00, Sys 0 00:00:00  -  Run Local Usage
		Usr 0 00:13:52, Sys 0 00:00:12  -  Total Remote Usage
		Usr 0 00:00:00, Sys 0 00:00:00  -  Total Local Usage
	0  -  Run Bytes Sent By Job
	0  -  Run Bytes Received By Job
	0  -  Total Bytes Sent By Job
	0  -  Total Bytes Received By Job
	Partitionable Resources :    Usage  Request Allocated 
	   admin_mutex_1         :                           0 
	   admin_mutex_2         :                           0 
	   admin_mutex_3         :                           0 
	   Cpus                  :     0.96        1         1 
	   Disk (KB)             :    17        2048      3072 
	   GPUs                  :                           0 
	   machine_token         :                           0 
	   Memory (MB)           :   279        6000      6016 
	   TimeExecute (s)       :   882                       
	   TimeSlotBusy (s)      :   882                       

	Job terminated of its own accord at 2026-06-02T22:17:39Z with exit-code 0.
...
