000 (19536282.000.000) 2026-06-02 15:56:08 Job submitted from host: <10.128.10.103:9618?addrs=10.128.10.103-9618&alias=npx-submitter.icecube.wisc.edu&noUDP&sock=schedd_2449_6386>
    DAG Node: Drootprod_20141020_48946
...
001 (19536282.000.000) 2026-06-02 17:18:01 Job executing on host: <10.128.10.117:43719?addrs=10.128.10.117-43719&alias=n-gibyte-02.icecube.wisc.edu>
	SlotName: slot1_173@n-gibyte-02.icecube.wisc.edu
	admin_mutex_1 = 0
	admin_mutex_2 = 0
	admin_mutex_3 = 0
	CondorScratchDir = "/scratch/condor/dir_3652101"
	Cpus = 1
	Disk = 5480
	GPUs = 0
	machine_token = 0
	Memory = 6016
...
006 (19536282.000.000) 2026-06-02 17:18:14 Image size of job updated: 120136
	118  -  MemoryUsage of job (MB)
	120136  -  ResidentSetSize of job (KB)
...
006 (19536282.000.000) 2026-06-02 17:23:14 Image size of job updated: 140964
	138  -  MemoryUsage of job (MB)
	140964  -  ResidentSetSize of job (KB)
...
006 (19536282.000.000) 2026-06-02 17:28:15 Image size of job updated: 157364
	154  -  MemoryUsage of job (MB)
	157364  -  ResidentSetSize of job (KB)
...
006 (19536282.000.000) 2026-06-02 17:33:15 Image size of job updated: 269064
	263  -  MemoryUsage of job (MB)
	269064  -  ResidentSetSize of job (KB)
...
006 (19536282.000.000) 2026-06-02 17:38:16 Image size of job updated: 288788
	283  -  MemoryUsage of job (MB)
	288788  -  ResidentSetSize of job (KB)
...
006 (19536282.000.000) 2026-06-02 17:43:17 Image size of job updated: 419552
	410  -  MemoryUsage of job (MB)
	419552  -  ResidentSetSize of job (KB)
...
006 (19536282.000.000) 2026-06-02 17:48:17 Image size of job updated: 720660
	704  -  MemoryUsage of job (MB)
	720660  -  ResidentSetSize of job (KB)
...
006 (19536282.000.000) 2026-06-02 17:49:30 Image size of job updated: 721736
	704  -  MemoryUsage of job (MB)
	720660  -  ResidentSetSize of job (KB)
...
005 (19536282.000.000) 2026-06-02 17:49:30 Job terminated.
	(1) Normal termination (return value 0)
		Usr 0 00:30:08, Sys 0 00:00:17  -  Run Remote Usage
		Usr 0 00:00:00, Sys 0 00:00:00  -  Run Local Usage
		Usr 0 00:30:08, Sys 0 00:00:17  -  Total Remote Usage
		Usr 0 00:00:00, Sys 0 00:00:00  -  Total Local Usage
	0  -  Run Bytes Sent By Job
	0  -  Run Bytes Received By Job
	0  -  Total Bytes Sent By Job
	0  -  Total Bytes Received By Job
	Partitionable Resources :    Usage  Request Allocated 
	   admin_mutex_1         :                           0 
	   admin_mutex_2         :                           0 
	   admin_mutex_3         :                           0 
	   Cpus                  :     0.98        1         1 
	   Disk (KB)             :    17        2048      5480 
	   GPUs                  :                           0 
	   machine_token         :                           0 
	   Memory (MB)           :   704        6000      6016 
	   TimeExecute (s)       :  1889                       
	   TimeSlotBusy (s)      :  1890                       

	Job terminated of its own accord at 2026-06-02T22:49:30Z with exit-code 0.
...
