000 (19532523.000.000) 2026-06-02 15:47:53 Job submitted from host: <10.128.10.103:9618?addrs=10.128.10.103-9618&alias=npx-submitter.icecube.wisc.edu&noUDP&sock=schedd_2449_6386>
    DAG Node: Drootprod_20140129_56892
...
001 (19532523.000.000) 2026-06-02 15:47:58 Job executing on host: <10.128.10.116:38163?addrs=10.128.10.116-38163&alias=n-gibyte-01.icecube.wisc.edu>
	SlotName: slot1_365@n-gibyte-01.icecube.wisc.edu
	admin_mutex_1 = 0
	admin_mutex_2 = 0
	admin_mutex_3 = 0
	CondorScratchDir = "/scratch/condor/dir_2350051"
	Cpus = 1
	Disk = 5480
	GPUs = 0
	machine_token = 0
	Memory = 6016
...
006 (19532523.000.000) 2026-06-02 15:48:07 Image size of job updated: 120920
	119  -  MemoryUsage of job (MB)
	120920  -  ResidentSetSize of job (KB)
...
006 (19532523.000.000) 2026-06-02 15:53:08 Image size of job updated: 142892
	140  -  MemoryUsage of job (MB)
	142892  -  ResidentSetSize of job (KB)
...
006 (19532523.000.000) 2026-06-02 15:58:08 Image size of job updated: 161696
	158  -  MemoryUsage of job (MB)
	161696  -  ResidentSetSize of job (KB)
...
006 (19532523.000.000) 2026-06-02 16:03:09 Image size of job updated: 274724
	269  -  MemoryUsage of job (MB)
	274724  -  ResidentSetSize of job (KB)
...
006 (19532523.000.000) 2026-06-02 16:08:10 Image size of job updated: 408272
	399  -  MemoryUsage of job (MB)
	408272  -  ResidentSetSize of job (KB)
...
006 (19532523.000.000) 2026-06-02 16:13:10 Image size of job updated: 425620
	416  -  MemoryUsage of job (MB)
	425620  -  ResidentSetSize of job (KB)
...
006 (19532523.000.000) 2026-06-02 16:13:23 Image size of job updated: 426112
	416  -  MemoryUsage of job (MB)
	425620  -  ResidentSetSize of job (KB)
...
005 (19532523.000.000) 2026-06-02 16:13:23 Job terminated.
	(1) Normal termination (return value 0)
		Usr 0 00:24:00, Sys 0 00:00:15  -  Run Remote Usage
		Usr 0 00:00:00, Sys 0 00:00:00  -  Run Local Usage
		Usr 0 00:24:00, Sys 0 00:00:15  -  Total Remote Usage
		Usr 0 00:00:00, Sys 0 00:00:00  -  Total Local Usage
	0  -  Run Bytes Sent By Job
	0  -  Run Bytes Received By Job
	0  -  Total Bytes Sent By Job
	0  -  Total Bytes Received By Job
	Partitionable Resources :    Usage  Request Allocated 
	   admin_mutex_1         :                           0 
	   admin_mutex_2         :                           0 
	   admin_mutex_3         :                           0 
	   Cpus                  :     0.99        1         1 
	   Disk (KB)             :    15        2048      5480 
	   GPUs                  :                           0 
	   machine_token         :                           0 
	   Memory (MB)           :   416        6000      6016 
	   TimeExecute (s)       :  1525                       
	   TimeSlotBusy (s)      :  1525                       

	Job terminated of its own accord at 2026-06-02T21:13:23Z with exit-code 0.
...
