000 (19536518.000.000) 2026-06-02 15:56:39 Job submitted from host: <10.128.10.103:9618?addrs=10.128.10.103-9618&alias=npx-submitter.icecube.wisc.edu&noUDP&sock=schedd_2449_6386>
    DAG Node: Drootprod_20141105_39837
...
001 (19536518.000.000) 2026-06-02 17:22:00 Job executing on host: <10.128.10.187:34023?addrs=10.128.10.187-34023&alias=n-smepyc-00.icecube.wisc.edu>
	SlotName: slot1_42@n-smepyc-00.icecube.wisc.edu
	admin_mutex_1 = 0
	admin_mutex_2 = 0
	admin_mutex_3 = 0
	CondorScratchDir = "/scratch/condor/dir_1973197"
	Cpus = 1
	Disk = 3072
	GPUs = 0
	machine_token = 0
	Memory = 6016
...
006 (19536518.000.000) 2026-06-02 17:22:13 Image size of job updated: 120076
	118  -  MemoryUsage of job (MB)
	120076  -  ResidentSetSize of job (KB)
...
006 (19536518.000.000) 2026-06-02 17:27:13 Image size of job updated: 160012
	157  -  MemoryUsage of job (MB)
	160012  -  ResidentSetSize of job (KB)
...
006 (19536518.000.000) 2026-06-02 17:32:13 Image size of job updated: 290104
	284  -  MemoryUsage of job (MB)
	290104  -  ResidentSetSize of job (KB)
...
006 (19536518.000.000) 2026-06-02 17:36:55 Image size of job updated: 721232
	284  -  MemoryUsage of job (MB)
	290104  -  ResidentSetSize of job (KB)
...
005 (19536518.000.000) 2026-06-02 17:36:55 Job terminated.
	(1) Normal termination (return value 0)
		Usr 0 00:14:10, Sys 0 00:00:12  -  Run Remote Usage
		Usr 0 00:00:00, Sys 0 00:00:00  -  Run Local Usage
		Usr 0 00:14:10, Sys 0 00:00:12  -  Total Remote Usage
		Usr 0 00:00:00, Sys 0 00:00:00  -  Total Local Usage
	0  -  Run Bytes Sent By Job
	0  -  Run Bytes Received By Job
	0  -  Total Bytes Sent By Job
	0  -  Total Bytes Received By Job
	Partitionable Resources :    Usage  Request Allocated 
	   admin_mutex_1         :                           0 
	   admin_mutex_2         :                           0 
	   admin_mutex_3         :                           0 
	   Cpus                  :     0.99        1         1 
	   Disk (KB)             :    17        2048      3072 
	   GPUs                  :                           0 
	   machine_token         :                           0 
	   Memory (MB)           :   284        6000      6016 
	   TimeExecute (s)       :   895                       
	   TimeSlotBusy (s)      :   895                       

	Job terminated of its own accord at 2026-06-02T22:36:55Z with exit-code 0.
...
