000 (19536962.000.000) 2026-06-02 15:57:37 Job submitted from host: <10.128.10.103:9618?addrs=10.128.10.103-9618&alias=npx-submitter.icecube.wisc.edu&noUDP&sock=schedd_2449_6386>
    DAG Node: Drootprod_20141208_59028
...
001 (19536962.000.000) 2026-06-02 17:30:00 Job executing on host: <10.128.10.187:34023?addrs=10.128.10.187-34023&alias=n-smepyc-00.icecube.wisc.edu>
	SlotName: slot1_47@n-smepyc-00.icecube.wisc.edu
	admin_mutex_1 = 0
	admin_mutex_2 = 0
	admin_mutex_3 = 0
	CondorScratchDir = "/scratch/condor/dir_2004751"
	Cpus = 1
	Disk = 3072
	GPUs = 0
	machine_token = 0
	Memory = 6016
...
006 (19536962.000.000) 2026-06-02 17:30:13 Image size of job updated: 122220
	120  -  MemoryUsage of job (MB)
	122220  -  ResidentSetSize of job (KB)
...
006 (19536962.000.000) 2026-06-02 17:35:13 Image size of job updated: 156312
	153  -  MemoryUsage of job (MB)
	156312  -  ResidentSetSize of job (KB)
...
006 (19536962.000.000) 2026-06-02 17:40:14 Image size of job updated: 289064
	283  -  MemoryUsage of job (MB)
	289064  -  ResidentSetSize of job (KB)
...
006 (19536962.000.000) 2026-06-02 17:44:43 Image size of job updated: 721236
	283  -  MemoryUsage of job (MB)
	289064  -  ResidentSetSize of job (KB)
...
005 (19536962.000.000) 2026-06-02 17:44:43 Job terminated.
	(1) Normal termination (return value 0)
		Usr 0 00:13:58, Sys 0 00:00:12  -  Run Remote Usage
		Usr 0 00:00:00, Sys 0 00:00:00  -  Run Local Usage
		Usr 0 00:13:58, Sys 0 00:00:12  -  Total Remote Usage
		Usr 0 00:00:00, Sys 0 00:00:00  -  Total Local Usage
	0  -  Run Bytes Sent By Job
	0  -  Run Bytes Received By Job
	0  -  Total Bytes Sent By Job
	0  -  Total Bytes Received By Job
	Partitionable Resources :    Usage  Request Allocated 
	   admin_mutex_1         :                           0 
	   admin_mutex_2         :                           0 
	   admin_mutex_3         :                           0 
	   Cpus                  :     0.99        1         1 
	   Disk (KB)             :    17        2048      3072 
	   GPUs                  :                           0 
	   machine_token         :                           0 
	   Memory (MB)           :   283        6000      6016 
	   TimeExecute (s)       :   883                       
	   TimeSlotBusy (s)      :   883                       

	Job terminated of its own accord at 2026-06-02T22:44:43Z with exit-code 0.
...
