000 (19536721.000.000) 2026-06-02 15:57:04 Job submitted from host: <10.128.10.103:9618?addrs=10.128.10.103-9618&alias=npx-submitter.icecube.wisc.edu&noUDP&sock=schedd_2449_6386>
    DAG Node: Drootprod_20141120_16464
...
001 (19536721.000.000) 2026-06-02 17:25:27 Job executing on host: <10.128.10.115:33587?addrs=10.128.10.115-33587&alias=n-gibyte-00.icecube.wisc.edu>
	SlotName: slot1_176@n-gibyte-00.icecube.wisc.edu
	admin_mutex_1 = 0
	admin_mutex_2 = 0
	admin_mutex_3 = 0
	CondorScratchDir = "/scratch/condor/dir_2386942"
	Cpus = 1
	Disk = 5480
	GPUs = 0
	machine_token = 0
	Memory = 6016
...
006 (19536721.000.000) 2026-06-02 17:25:41 Image size of job updated: 119920
	118  -  MemoryUsage of job (MB)
	119920  -  ResidentSetSize of job (KB)
...
006 (19536721.000.000) 2026-06-02 17:30:41 Image size of job updated: 143484
	141  -  MemoryUsage of job (MB)
	143484  -  ResidentSetSize of job (KB)
...
006 (19536721.000.000) 2026-06-02 17:35:42 Image size of job updated: 164132
	161  -  MemoryUsage of job (MB)
	164132  -  ResidentSetSize of job (KB)
...
006 (19536721.000.000) 2026-06-02 17:40:42 Image size of job updated: 280776
	275  -  MemoryUsage of job (MB)
	280776  -  ResidentSetSize of job (KB)
...
006 (19536721.000.000) 2026-06-02 17:45:43 Image size of job updated: 411844
	403  -  MemoryUsage of job (MB)
	411844  -  ResidentSetSize of job (KB)
...
006 (19536721.000.000) 2026-06-02 17:50:43 Image size of job updated: 566524
	554  -  MemoryUsage of job (MB)
	566524  -  ResidentSetSize of job (KB)
...
006 (19536721.000.000) 2026-06-02 17:55:11 Image size of job updated: 724800
	554  -  MemoryUsage of job (MB)
	566524  -  ResidentSetSize of job (KB)
...
005 (19536721.000.000) 2026-06-02 17:55:11 Job terminated.
	(1) Normal termination (return value 0)
		Usr 0 00:28:22, Sys 0 00:00:18  -  Run Remote Usage
		Usr 0 00:00:00, Sys 0 00:00:00  -  Run Local Usage
		Usr 0 00:28:22, Sys 0 00:00:18  -  Total Remote Usage
		Usr 0 00:00:00, Sys 0 00:00:00  -  Total Local Usage
	0  -  Run Bytes Sent By Job
	0  -  Run Bytes Received By Job
	0  -  Total Bytes Sent By Job
	0  -  Total Bytes Received By Job
	Partitionable Resources :    Usage  Request Allocated 
	   admin_mutex_1         :                           0 
	   admin_mutex_2         :                           0 
	   admin_mutex_3         :                           0 
	   Cpus                  :     0.99        1         1 
	   Disk (KB)             :    17        2048      5480 
	   GPUs                  :                           0 
	   machine_token         :                           0 
	   Memory (MB)           :   554        6000      6016 
	   TimeExecute (s)       :  1784                       
	   TimeSlotBusy (s)      :  1784                       

	Job terminated of its own accord at 2026-06-02T22:55:11Z with exit-code 0.
...
