000 (19532508.000.000) 2026-06-02 15:47:51 Job submitted from host: <10.128.10.103:9618?addrs=10.128.10.103-9618&alias=npx-submitter.icecube.wisc.edu&noUDP&sock=schedd_2449_6386>
    DAG Node: Drootprod_20140127_85231
...
001 (19532508.000.000) 2026-06-02 15:47:54 Job executing on host: <10.128.10.192:35633?addrs=10.128.10.192-35633&alias=n-smepyc-05.icecube.wisc.edu>
	SlotName: slot1_34@n-smepyc-05.icecube.wisc.edu
	admin_mutex_1 = 0
	admin_mutex_2 = 0
	admin_mutex_3 = 0
	CondorScratchDir = "/scratch/condor/dir_20559"
	Cpus = 1
	Disk = 3072
	GPUs = 0
	machine_token = 0
	Memory = 6016
...
006 (19532508.000.000) 2026-06-02 15:48:08 Image size of job updated: 122928
	121  -  MemoryUsage of job (MB)
	122928  -  ResidentSetSize of job (KB)
...
006 (19532508.000.000) 2026-06-02 15:53:09 Image size of job updated: 165120
	162  -  MemoryUsage of job (MB)
	165120  -  ResidentSetSize of job (KB)
...
006 (19532508.000.000) 2026-06-02 15:58:09 Image size of job updated: 414248
	405  -  MemoryUsage of job (MB)
	414248  -  ResidentSetSize of job (KB)
...
006 (19532508.000.000) 2026-06-02 16:02:33 Image size of job updated: 744908
	405  -  MemoryUsage of job (MB)
	414248  -  ResidentSetSize of job (KB)
...
005 (19532508.000.000) 2026-06-02 16:02:33 Job terminated.
	(1) Normal termination (return value 0)
		Usr 0 00:13:36, Sys 0 00:00:14  -  Run Remote Usage
		Usr 0 00:00:00, Sys 0 00:00:00  -  Run Local Usage
		Usr 0 00:13:36, Sys 0 00:00:14  -  Total Remote Usage
		Usr 0 00:00:00, Sys 0 00:00:00  -  Total Local Usage
	0  -  Run Bytes Sent By Job
	0  -  Run Bytes Received By Job
	0  -  Total Bytes Sent By Job
	0  -  Total Bytes Received By Job
	Partitionable Resources :    Usage  Request Allocated 
	   admin_mutex_1         :                           0 
	   admin_mutex_2         :                           0 
	   admin_mutex_3         :                           0 
	   Cpus                  :     0.82        1         1 
	   Disk (KB)             :    12        2048      3072 
	   GPUs                  :                           0 
	   machine_token         :                           0 
	   Memory (MB)           :   405        6000      6016 
	   TimeExecute (s)       :   879                       
	   TimeSlotBusy (s)      :   879                       

	Job terminated of its own accord at 2026-06-02T21:02:33Z with exit-code 0.
...
