000 (19533735.000.000) 2026-06-02 15:51:01 Job submitted from host: <10.128.10.103:9618?addrs=10.128.10.103-9618&alias=npx-submitter.icecube.wisc.edu&noUDP&sock=schedd_2449_6386>
    DAG Node: Drootprod_20140511_78157
...
001 (19533735.000.000) 2026-06-02 16:19:58 Job executing on host: <10.128.10.117:43719?addrs=10.128.10.117-43719&alias=n-gibyte-02.icecube.wisc.edu>
	SlotName: slot1_173@n-gibyte-02.icecube.wisc.edu
	admin_mutex_1 = 0
	admin_mutex_2 = 0
	admin_mutex_3 = 0
	CondorScratchDir = "/scratch/condor/dir_3411048"
	Cpus = 1
	Disk = 5480
	GPUs = 0
	machine_token = 0
	Memory = 6016
...
006 (19533735.000.000) 2026-06-02 16:20:11 Image size of job updated: 118708
	116  -  MemoryUsage of job (MB)
	118708  -  ResidentSetSize of job (KB)
...
006 (19533735.000.000) 2026-06-02 16:25:11 Image size of job updated: 139904
	137  -  MemoryUsage of job (MB)
	139904  -  ResidentSetSize of job (KB)
...
006 (19533735.000.000) 2026-06-02 16:30:12 Image size of job updated: 154964
	152  -  MemoryUsage of job (MB)
	154964  -  ResidentSetSize of job (KB)
...
006 (19533735.000.000) 2026-06-02 16:35:13 Image size of job updated: 168640
	165  -  MemoryUsage of job (MB)
	168640  -  ResidentSetSize of job (KB)
...
006 (19533735.000.000) 2026-06-02 16:40:13 Image size of job updated: 279676
	274  -  MemoryUsage of job (MB)
	279676  -  ResidentSetSize of job (KB)
...
006 (19533735.000.000) 2026-06-02 16:45:14 Image size of job updated: 408360
	399  -  MemoryUsage of job (MB)
	408360  -  ResidentSetSize of job (KB)
...
006 (19533735.000.000) 2026-06-02 16:50:14 Image size of job updated: 422280
	413  -  MemoryUsage of job (MB)
	422280  -  ResidentSetSize of job (KB)
...
006 (19533735.000.000) 2026-06-02 16:54:28 Image size of job updated: 721756
	413  -  MemoryUsage of job (MB)
	422280  -  ResidentSetSize of job (KB)
...
005 (19533735.000.000) 2026-06-02 16:54:28 Job terminated.
	(1) Normal termination (return value 0)
		Usr 0 00:32:43, Sys 0 00:00:19  -  Run Remote Usage
		Usr 0 00:00:00, Sys 0 00:00:00  -  Run Local Usage
		Usr 0 00:32:43, Sys 0 00:00:19  -  Total Remote Usage
		Usr 0 00:00:00, Sys 0 00:00:00  -  Total Local Usage
	0  -  Run Bytes Sent By Job
	0  -  Run Bytes Received By Job
	0  -  Total Bytes Sent By Job
	0  -  Total Bytes Received By Job
	Partitionable Resources :    Usage  Request Allocated 
	   admin_mutex_1         :                           0 
	   admin_mutex_2         :                           0 
	   admin_mutex_3         :                           0 
	   Cpus                  :     0.99        1         1 
	   Disk (KB)             :    17        2048      5480 
	   GPUs                  :                           0 
	   machine_token         :                           0 
	   Memory (MB)           :   413        6000      6016 
	   TimeExecute (s)       :  2070                       
	   TimeSlotBusy (s)      :  2071                       

	Job terminated of its own accord at 2026-06-02T21:54:28Z with exit-code 0.
...
