000 (19534790.000.000) 2026-06-02 15:53:03 Job submitted from host: <10.128.10.103:9618?addrs=10.128.10.103-9618&alias=npx-submitter.icecube.wisc.edu&noUDP&sock=schedd_2449_6386>
    DAG Node: Drootprod_20140715_36776
...
001 (19534790.000.000) 2026-06-02 16:40:48 Job executing on host: <10.128.10.21:35497?addrs=10.128.10.21-35497&alias=n-m610-11.icecube.wisc.edu>
	SlotName: slot1_6@n-m610-11.icecube.wisc.edu
	admin_mutex_1 = 0
	admin_mutex_2 = 0
	admin_mutex_3 = 0
	CondorScratchDir = "/scratch/condor/dir_2488781"
	Cpus = 1
	Disk = 3072
	GPUs = 0
	machine_token = 0
	Memory = 6016
...
006 (19534790.000.000) 2026-06-02 16:41:02 Image size of job updated: 122540
	120  -  MemoryUsage of job (MB)
	122540  -  ResidentSetSize of job (KB)
...
006 (19534790.000.000) 2026-06-02 16:46:03 Image size of job updated: 156324
	153  -  MemoryUsage of job (MB)
	156324  -  ResidentSetSize of job (KB)
...
006 (19534790.000.000) 2026-06-02 16:51:03 Image size of job updated: 280696
	275  -  MemoryUsage of job (MB)
	280696  -  ResidentSetSize of job (KB)
...
006 (19534790.000.000) 2026-06-02 16:56:04 Image size of job updated: 439112
	429  -  MemoryUsage of job (MB)
	439112  -  ResidentSetSize of job (KB)
...
006 (19534790.000.000) 2026-06-02 17:01:05 Image size of job updated: 762496
	745  -  MemoryUsage of job (MB)
	762496  -  ResidentSetSize of job (KB)
...
006 (19534790.000.000) 2026-06-02 17:01:20 Image size of job updated: 765820
	745  -  MemoryUsage of job (MB)
	762496  -  ResidentSetSize of job (KB)
...
005 (19534790.000.000) 2026-06-02 17:01:20 Job terminated.
	(1) Normal termination (return value 0)
		Usr 0 00:19:23, Sys 0 00:00:16  -  Run Remote Usage
		Usr 0 00:00:00, Sys 0 00:00:00  -  Run Local Usage
		Usr 0 00:19:23, Sys 0 00:00:16  -  Total Remote Usage
		Usr 0 00:00:00, Sys 0 00:00:00  -  Total Local Usage
	0  -  Run Bytes Sent By Job
	0  -  Run Bytes Received By Job
	0  -  Total Bytes Sent By Job
	0  -  Total Bytes Received By Job
	Partitionable Resources :    Usage  Request Allocated 
	   admin_mutex_1         :                           0 
	   admin_mutex_2         :                           0 
	   admin_mutex_3         :                           0 
	   Cpus                  :     0.99        1         1 
	   Disk (KB)             :    15        2048      3072 
	   GPUs                  :                           0 
	   machine_token         :                           0 
	   Memory (MB)           :   745        6000      6016 
	   TimeExecute (s)       :  1232                       
	   TimeSlotBusy (s)      :  1232                       

	Job terminated of its own accord at 2026-06-02T22:01:20Z with exit-code 0.
...
