000 (19536001.000.000) 2026-06-02 15:55:33 Job submitted from host: <10.128.10.103:9618?addrs=10.128.10.103-9618&alias=npx-submitter.icecube.wisc.edu&noUDP&sock=schedd_2449_6386>
    DAG Node: Drootprod_20141001_32827
...
001 (19536001.000.000) 2026-06-02 17:11:33 Job executing on host: <10.128.10.238:43797?addrs=10.128.10.238-43797&alias=n-gpu-42.icecube.wisc.edu>
	SlotName: slot1_36@n-gpu-42.icecube.wisc.edu
	admin_mutex_1 = 0
	admin_mutex_2 = 0
	admin_mutex_3 = 0
	AvailableGPUs = {  }
	CondorScratchDir = "/scratch/condor/dir_2221264"
	Cpus = 1
	Disk = 3072
	GPUs = 0
	machine_token = 0
	Memory = 6016
...
006 (19536001.000.000) 2026-06-02 17:11:46 Image size of job updated: 120680
	118  -  MemoryUsage of job (MB)
	120680  -  ResidentSetSize of job (KB)
...
006 (19536001.000.000) 2026-06-02 17:16:46 Image size of job updated: 151532
	148  -  MemoryUsage of job (MB)
	151532  -  ResidentSetSize of job (KB)
...
006 (19536001.000.000) 2026-06-02 17:21:47 Image size of job updated: 272808
	267  -  MemoryUsage of job (MB)
	272808  -  ResidentSetSize of job (KB)
...
006 (19536001.000.000) 2026-06-02 17:26:48 Image size of job updated: 414380
	405  -  MemoryUsage of job (MB)
	414380  -  ResidentSetSize of job (KB)
...
006 (19536001.000.000) 2026-06-02 17:31:46 Image size of job updated: 733480
	405  -  MemoryUsage of job (MB)
	414380  -  ResidentSetSize of job (KB)
...
005 (19536001.000.000) 2026-06-02 17:31:46 Job terminated.
	(1) Normal termination (return value 0)
		Usr 0 00:19:08, Sys 0 00:00:16  -  Run Remote Usage
		Usr 0 00:00:00, Sys 0 00:00:00  -  Run Local Usage
		Usr 0 00:19:08, Sys 0 00:00:16  -  Total Remote Usage
		Usr 0 00:00:00, Sys 0 00:00:00  -  Total Local Usage
	0  -  Run Bytes Sent By Job
	0  -  Run Bytes Received By Job
	0  -  Total Bytes Sent By Job
	0  -  Total Bytes Received By Job
	Partitionable Resources :    Usage  Request Allocated 
	   admin_mutex_1         :                           0 
	   admin_mutex_2         :                           0 
	   admin_mutex_3         :                           0 
	   Cpus                  :     0.98        1         1 
	   Disk (KB)             :    17        2048      3072 
	   GPUs                  :                           0 
	   machine_token         :                           0 
	   Memory (MB)           :   405        6000      6016 
	   TimeExecute (s)       :  1213                       
	   TimeSlotBusy (s)      :  1214                       

	Job terminated of its own accord at 2026-06-02T22:31:46Z with exit-code 0.
...
