000 (19533110.000.000) 2026-06-02 15:49:39 Job submitted from host: <10.128.10.103:9618?addrs=10.128.10.103-9618&alias=npx-submitter.icecube.wisc.edu&noUDP&sock=schedd_2449_6386>
    DAG Node: Drootprod_20140327_52103
...
001 (19533110.000.000) 2026-06-02 16:04:30 Job executing on host: <10.128.10.190:46289?addrs=10.128.10.190-46289&alias=n-smepyc-03.icecube.wisc.edu>
	SlotName: slot1_67@n-smepyc-03.icecube.wisc.edu
	admin_mutex_1 = 0
	admin_mutex_2 = 0
	admin_mutex_3 = 0
	CondorScratchDir = "/scratch/condor/dir_3515920"
	Cpus = 1
	Disk = 3072
	GPUs = 0
	machine_token = 0
	Memory = 6016
...
006 (19533110.000.000) 2026-06-02 16:04:43 Image size of job updated: 123064
	121  -  MemoryUsage of job (MB)
	123064  -  ResidentSetSize of job (KB)
...
006 (19533110.000.000) 2026-06-02 16:09:43 Image size of job updated: 165808
	162  -  MemoryUsage of job (MB)
	165808  -  ResidentSetSize of job (KB)
...
006 (19533110.000.000) 2026-06-02 16:14:43 Image size of job updated: 429464
	420  -  MemoryUsage of job (MB)
	429464  -  ResidentSetSize of job (KB)
...
006 (19533110.000.000) 2026-06-02 16:19:44 Image size of job updated: 761496
	744  -  MemoryUsage of job (MB)
	761496  -  ResidentSetSize of job (KB)
...
006 (19533110.000.000) 2026-06-02 16:19:53 Image size of job updated: 781080
	744  -  MemoryUsage of job (MB)
	761496  -  ResidentSetSize of job (KB)
...
005 (19533110.000.000) 2026-06-02 16:19:53 Job terminated.
	(1) Normal termination (return value 0)
		Usr 0 00:14:19, Sys 0 00:00:13  -  Run Remote Usage
		Usr 0 00:00:00, Sys 0 00:00:00  -  Run Local Usage
		Usr 0 00:14:19, Sys 0 00:00:13  -  Total Remote Usage
		Usr 0 00:00:00, Sys 0 00:00:00  -  Total Local Usage
	0  -  Run Bytes Sent By Job
	0  -  Run Bytes Received By Job
	0  -  Total Bytes Sent By Job
	0  -  Total Bytes Received By Job
	Partitionable Resources :    Usage  Request Allocated 
	   admin_mutex_1         :                           0 
	   admin_mutex_2         :                           0 
	   admin_mutex_3         :                           0 
	   Cpus                  :     0.99        1         1 
	   Disk (KB)             :    10        2048      3072 
	   GPUs                  :                           0 
	   machine_token         :                           0 
	   Memory (MB)           :   744        6000      6016 
	   TimeExecute (s)       :   923                       
	   TimeSlotBusy (s)      :   924                       

	Job terminated of its own accord at 2026-06-02T21:19:53Z with exit-code 0.
...
