000 (19534753.000.000) 2026-06-02 15:53:00 Job submitted from host: <10.128.10.103:9618?addrs=10.128.10.103-9618&alias=npx-submitter.icecube.wisc.edu&noUDP&sock=schedd_2449_6386>
    DAG Node: Drootprod_20140712_35213
...
001 (19534753.000.000) 2026-06-02 16:40:19 Job executing on host: <10.128.10.238:43797?addrs=10.128.10.238-43797&alias=n-gpu-42.icecube.wisc.edu>
	SlotName: slot1_36@n-gpu-42.icecube.wisc.edu
	admin_mutex_1 = 0
	admin_mutex_2 = 0
	admin_mutex_3 = 0
	AvailableGPUs = {  }
	CondorScratchDir = "/scratch/condor/dir_2105250"
	Cpus = 1
	Disk = 3072
	GPUs = 0
	machine_token = 0
	Memory = 6016
...
006 (19534753.000.000) 2026-06-02 16:40:32 Image size of job updated: 121088
	119  -  MemoryUsage of job (MB)
	121088  -  ResidentSetSize of job (KB)
...
006 (19534753.000.000) 2026-06-02 16:45:32 Image size of job updated: 152404
	149  -  MemoryUsage of job (MB)
	152404  -  ResidentSetSize of job (KB)
...
006 (19534753.000.000) 2026-06-02 16:50:33 Image size of job updated: 276888
	271  -  MemoryUsage of job (MB)
	276888  -  ResidentSetSize of job (KB)
...
006 (19534753.000.000) 2026-06-02 16:55:33 Image size of job updated: 435908
	426  -  MemoryUsage of job (MB)
	435908  -  ResidentSetSize of job (KB)
...
006 (19534753.000.000) 2026-06-02 16:59:47 Image size of job updated: 758160
	426  -  MemoryUsage of job (MB)
	435908  -  ResidentSetSize of job (KB)
...
005 (19534753.000.000) 2026-06-02 16:59:47 Job terminated.
	(1) Normal termination (return value 0)
		Usr 0 00:18:17, Sys 0 00:00:17  -  Run Remote Usage
		Usr 0 00:00:00, Sys 0 00:00:00  -  Run Local Usage
		Usr 0 00:18:17, Sys 0 00:00:17  -  Total Remote Usage
		Usr 0 00:00:00, Sys 0 00:00:00  -  Total Local Usage
	0  -  Run Bytes Sent By Job
	0  -  Run Bytes Received By Job
	0  -  Total Bytes Sent By Job
	0  -  Total Bytes Received By Job
	Partitionable Resources :    Usage  Request Allocated 
	   admin_mutex_1         :                           0 
	   admin_mutex_2         :                           0 
	   admin_mutex_3         :                           0 
	   Cpus                  :     0.92        1         1 
	   Disk (KB)             :    15        2048      3072 
	   GPUs                  :                           0 
	   machine_token         :                           0 
	   Memory (MB)           :   426        6000      6016 
	   TimeExecute (s)       :  1168                       
	   TimeSlotBusy (s)      :  1169                       

	Job terminated of its own accord at 2026-06-02T21:59:47Z with exit-code 0.
...
