000 (19533134.000.000) 2026-06-02 15:49:42 Job submitted from host: <10.128.10.103:9618?addrs=10.128.10.103-9618&alias=npx-submitter.icecube.wisc.edu&noUDP&sock=schedd_2449_6386>
    DAG Node: Drootprod_20140330_48724
...
001 (19533134.000.000) 2026-06-02 16:05:37 Job executing on host: <10.128.10.192:35633?addrs=10.128.10.192-35633&alias=n-smepyc-05.icecube.wisc.edu>
	SlotName: slot1_43@n-smepyc-05.icecube.wisc.edu
	admin_mutex_1 = 0
	admin_mutex_2 = 0
	admin_mutex_3 = 0
	CondorScratchDir = "/scratch/condor/dir_84178"
	Cpus = 1
	Disk = 3072
	GPUs = 0
	machine_token = 0
	Memory = 6016
...
006 (19533134.000.000) 2026-06-02 16:05:51 Image size of job updated: 123364
	121  -  MemoryUsage of job (MB)
	123364  -  ResidentSetSize of job (KB)
...
006 (19533134.000.000) 2026-06-02 16:10:52 Image size of job updated: 159760
	157  -  MemoryUsage of job (MB)
	159760  -  ResidentSetSize of job (KB)
...
006 (19533134.000.000) 2026-06-02 16:15:52 Image size of job updated: 283872
	278  -  MemoryUsage of job (MB)
	283872  -  ResidentSetSize of job (KB)
...
006 (19533134.000.000) 2026-06-02 16:20:53 Image size of job updated: 426312
	417  -  MemoryUsage of job (MB)
	426312  -  ResidentSetSize of job (KB)
...
006 (19533134.000.000) 2026-06-02 16:23:49 Image size of job updated: 739928
	417  -  MemoryUsage of job (MB)
	426312  -  ResidentSetSize of job (KB)
...
005 (19533134.000.000) 2026-06-02 16:23:49 Job terminated.
	(1) Normal termination (return value 0)
		Usr 0 00:17:02, Sys 0 00:00:14  -  Run Remote Usage
		Usr 0 00:00:00, Sys 0 00:00:00  -  Run Local Usage
		Usr 0 00:17:02, Sys 0 00:00:14  -  Total Remote Usage
		Usr 0 00:00:00, Sys 0 00:00:00  -  Total Local Usage
	0  -  Run Bytes Sent By Job
	0  -  Run Bytes Received By Job
	0  -  Total Bytes Sent By Job
	0  -  Total Bytes Received By Job
	Partitionable Resources :    Usage  Request Allocated 
	   admin_mutex_1         :                           0 
	   admin_mutex_2         :                           0 
	   admin_mutex_3         :                           0 
	   Cpus                  :     0.95        1         1 
	   Disk (KB)             :    10        2048      3072 
	   GPUs                  :                           0 
	   machine_token         :                           0 
	   Memory (MB)           :   417        6000      6016 
	   TimeExecute (s)       :  1092                       
	   TimeSlotBusy (s)      :  1092                       

	Job terminated of its own accord at 2026-06-02T21:23:49Z with exit-code 0.
...
