000 (19537109.000.000) 2026-06-02 15:57:58 Job submitted from host: <10.128.10.103:9618?addrs=10.128.10.103-9618&alias=npx-submitter.icecube.wisc.edu&noUDP&sock=schedd_2449_6386>
    DAG Node: Drootprod_20141219_83208
...
001 (19537109.000.000) 2026-06-02 17:31:53 Job executing on host: <10.128.10.34:38921?addrs=10.128.10.34-38921&alias=n-m610-24.icecube.wisc.edu>
	SlotName: slot1_3@n-m610-24.icecube.wisc.edu
	admin_mutex_1 = 0
	admin_mutex_2 = 0
	admin_mutex_3 = 0
	CondorScratchDir = "/scratch/condor/dir_387082"
	Cpus = 1
	Disk = 3072
	GPUs = 0
	machine_token = 0
	Memory = 6016
...
006 (19537109.000.000) 2026-06-02 17:32:06 Image size of job updated: 121488
	119  -  MemoryUsage of job (MB)
	121488  -  ResidentSetSize of job (KB)
...
006 (19537109.000.000) 2026-06-02 17:37:06 Image size of job updated: 150652
	148  -  MemoryUsage of job (MB)
	150652  -  ResidentSetSize of job (KB)
...
006 (19537109.000.000) 2026-06-02 17:42:06 Image size of job updated: 270672
	265  -  MemoryUsage of job (MB)
	270672  -  ResidentSetSize of job (KB)
...
006 (19537109.000.000) 2026-06-02 17:47:07 Image size of job updated: 414816
	406  -  MemoryUsage of job (MB)
	414816  -  ResidentSetSize of job (KB)
...
006 (19537109.000.000) 2026-06-02 17:47:58 Image size of job updated: 419576
	406  -  MemoryUsage of job (MB)
	414816  -  ResidentSetSize of job (KB)
...
005 (19537109.000.000) 2026-06-02 17:47:58 Job terminated.
	(1) Normal termination (return value 0)
		Usr 0 00:15:17, Sys 0 00:00:11  -  Run Remote Usage
		Usr 0 00:00:00, Sys 0 00:00:00  -  Run Local Usage
		Usr 0 00:15:17, Sys 0 00:00:11  -  Total Remote Usage
		Usr 0 00:00:00, Sys 0 00:00:00  -  Total Local Usage
	0  -  Run Bytes Sent By Job
	0  -  Run Bytes Received By Job
	0  -  Total Bytes Sent By Job
	0  -  Total Bytes Received By Job
	Partitionable Resources :    Usage  Request Allocated 
	   admin_mutex_1         :                           0 
	   admin_mutex_2         :                           0 
	   admin_mutex_3         :                           0 
	   Cpus                  :     0.98        1         1 
	   Disk (KB)             :    15        2048      3072 
	   GPUs                  :                           0 
	   machine_token         :                           0 
	   Memory (MB)           :   406        6000      6016 
	   TimeExecute (s)       :   965                       
	   TimeSlotBusy (s)      :   966                       

	Job terminated of its own accord at 2026-06-02T22:47:58Z with exit-code 0.
...
