000 (19535761.000.000) 2026-06-02 15:55:02 Job submitted from host: <10.128.10.103:9618?addrs=10.128.10.103-9618&alias=npx-submitter.icecube.wisc.edu&noUDP&sock=schedd_2449_6386>
    DAG Node: Drootprod_20140915_57064
...
001 (19535761.000.000) 2026-06-02 16:59:23 Job executing on host: <10.128.10.115:33587?addrs=10.128.10.115-33587&alias=n-gibyte-00.icecube.wisc.edu>
	SlotName: slot1_480@n-gibyte-00.icecube.wisc.edu
	admin_mutex_1 = 0
	admin_mutex_2 = 0
	admin_mutex_3 = 0
	CondorScratchDir = "/scratch/condor/dir_2280976"
	Cpus = 1
	Disk = 5480
	GPUs = 0
	machine_token = 0
	Memory = 6016
...
006 (19535761.000.000) 2026-06-02 16:59:37 Image size of job updated: 120652
	118  -  MemoryUsage of job (MB)
	120652  -  ResidentSetSize of job (KB)
...
006 (19535761.000.000) 2026-06-02 17:04:38 Image size of job updated: 141128
	138  -  MemoryUsage of job (MB)
	141128  -  ResidentSetSize of job (KB)
...
006 (19535761.000.000) 2026-06-02 17:09:38 Image size of job updated: 160352
	157  -  MemoryUsage of job (MB)
	160352  -  ResidentSetSize of job (KB)
...
006 (19535761.000.000) 2026-06-02 17:14:39 Image size of job updated: 273232
	267  -  MemoryUsage of job (MB)
	273232  -  ResidentSetSize of job (KB)
...
006 (19535761.000.000) 2026-06-02 17:19:39 Image size of job updated: 292664
	286  -  MemoryUsage of job (MB)
	292664  -  ResidentSetSize of job (KB)
...
006 (19535761.000.000) 2026-06-02 17:24:40 Image size of job updated: 438336
	429  -  MemoryUsage of job (MB)
	438336  -  ResidentSetSize of job (KB)
...
006 (19535761.000.000) 2026-06-02 17:29:40 Image size of job updated: 737744
	721  -  MemoryUsage of job (MB)
	737744  -  ResidentSetSize of job (KB)
...
006 (19535761.000.000) 2026-06-02 17:30:33 Image size of job updated: 753896
	721  -  MemoryUsage of job (MB)
	737744  -  ResidentSetSize of job (KB)
...
005 (19535761.000.000) 2026-06-02 17:30:33 Job terminated.
	(1) Normal termination (return value 0)
		Usr 0 00:29:38, Sys 0 00:00:18  -  Run Remote Usage
		Usr 0 00:00:00, Sys 0 00:00:00  -  Run Local Usage
		Usr 0 00:29:38, Sys 0 00:00:18  -  Total Remote Usage
		Usr 0 00:00:00, Sys 0 00:00:00  -  Total Local Usage
	0  -  Run Bytes Sent By Job
	0  -  Run Bytes Received By Job
	0  -  Total Bytes Sent By Job
	0  -  Total Bytes Received By Job
	Partitionable Resources :    Usage  Request Allocated 
	   admin_mutex_1         :                           0 
	   admin_mutex_2         :                           0 
	   admin_mutex_3         :                           0 
	   Cpus                  :     0.95        1         1 
	   Disk (KB)             :    17        2048      5480 
	   GPUs                  :                           0 
	   machine_token         :                           0 
	   Memory (MB)           :   721        6000      6016 
	   TimeExecute (s)       :  1870                       
	   TimeSlotBusy (s)      :  1870                       

	Job terminated of its own accord at 2026-06-02T22:30:33Z with exit-code 0.
...
