000 (19535441.000.000) 2026-06-02 15:54:21 Job submitted from host: <10.128.10.103:9618?addrs=10.128.10.103-9618&alias=npx-submitter.icecube.wisc.edu&noUDP&sock=schedd_2449_6386>
    DAG Node: Drootprod_20140825_41030
...
001 (19535441.000.000) 2026-06-02 16:53:23 Job executing on host: <10.128.11.40:34561?addrs=10.128.11.40-34561&alias=n-smbc-21.icecube.wisc.edu>
	SlotName: slot1_18@n-smbc-21.icecube.wisc.edu
	admin_mutex_1 = 0
	admin_mutex_2 = 0
	admin_mutex_3 = 0
	CondorScratchDir = "/scratch/condor/dir_688089"
	Cpus = 1
	Disk = 3072
	GPUs = 0
	machine_token = 0
	Memory = 6016
...
006 (19535441.000.000) 2026-06-02 16:53:36 Image size of job updated: 56240
	55  -  MemoryUsage of job (MB)
	56240  -  ResidentSetSize of job (KB)
...
006 (19535441.000.000) 2026-06-02 16:58:36 Image size of job updated: 128572
	126  -  MemoryUsage of job (MB)
	128572  -  ResidentSetSize of job (KB)
...
006 (19535441.000.000) 2026-06-02 17:03:37 Image size of job updated: 133992
	131  -  MemoryUsage of job (MB)
	133992  -  ResidentSetSize of job (KB)
...
006 (19535441.000.000) 2026-06-02 17:08:37 Image size of job updated: 140540
	138  -  MemoryUsage of job (MB)
	140540  -  ResidentSetSize of job (KB)
...
006 (19535441.000.000) 2026-06-02 17:13:38 Image size of job updated: 150624
	148  -  MemoryUsage of job (MB)
	150624  -  ResidentSetSize of job (KB)
...
006 (19535441.000.000) 2026-06-02 17:18:39 Image size of job updated: 156940
	154  -  MemoryUsage of job (MB)
	156940  -  ResidentSetSize of job (KB)
...
006 (19535441.000.000) 2026-06-02 17:23:39 Image size of job updated: 161156
	158  -  MemoryUsage of job (MB)
	161156  -  ResidentSetSize of job (KB)
...
006 (19535441.000.000) 2026-06-02 17:28:40 Image size of job updated: 165804
	162  -  MemoryUsage of job (MB)
	165804  -  ResidentSetSize of job (KB)
...
006 (19535441.000.000) 2026-06-02 17:33:40 Image size of job updated: 172108
	169  -  MemoryUsage of job (MB)
	172108  -  ResidentSetSize of job (KB)
...
006 (19535441.000.000) 2026-06-02 17:38:40 Image size of job updated: 273332
	267  -  MemoryUsage of job (MB)
	273332  -  ResidentSetSize of job (KB)
...
006 (19535441.000.000) 2026-06-02 17:43:41 Image size of job updated: 282612
	276  -  MemoryUsage of job (MB)
	282612  -  ResidentSetSize of job (KB)
...
006 (19535441.000.000) 2026-06-02 17:48:41 Image size of job updated: 287692
	281  -  MemoryUsage of job (MB)
	287692  -  ResidentSetSize of job (KB)
...
006 (19535441.000.000) 2026-06-02 17:53:42 Image size of job updated: 408384
	399  -  MemoryUsage of job (MB)
	408384  -  ResidentSetSize of job (KB)
...
006 (19535441.000.000) 2026-06-02 17:58:42 Image size of job updated: 413476
	404  -  MemoryUsage of job (MB)
	413476  -  ResidentSetSize of job (KB)
...
006 (19535441.000.000) 2026-06-02 18:03:43 Image size of job updated: 417724
	408  -  MemoryUsage of job (MB)
	417724  -  ResidentSetSize of job (KB)
...
006 (19535441.000.000) 2026-06-02 18:08:43 Image size of job updated: 422780
	413  -  MemoryUsage of job (MB)
	422780  -  ResidentSetSize of job (KB)
...
006 (19535441.000.000) 2026-06-02 18:13:43 Image size of job updated: 566632
	554  -  MemoryUsage of job (MB)
	566632  -  ResidentSetSize of job (KB)
...
006 (19535441.000.000) 2026-06-02 18:18:44 Image size of job updated: 712288
	696  -  MemoryUsage of job (MB)
	712288  -  ResidentSetSize of job (KB)
...
006 (19535441.000.000) 2026-06-02 18:23:44 Image size of job updated: 727304
	711  -  MemoryUsage of job (MB)
	727304  -  ResidentSetSize of job (KB)
...
006 (19535441.000.000) 2026-06-02 18:26:40 Image size of job updated: 741396
	711  -  MemoryUsage of job (MB)
	727304  -  ResidentSetSize of job (KB)
...
005 (19535441.000.000) 2026-06-02 18:26:40 Job terminated.
	(1) Normal termination (return value 0)
		Usr 0 01:30:41, Sys 0 00:00:45  -  Run Remote Usage
		Usr 0 00:00:00, Sys 0 00:00:00  -  Run Local Usage
		Usr 0 01:30:41, Sys 0 00:00:45  -  Total Remote Usage
		Usr 0 00:00:00, Sys 0 00:00:00  -  Total Local Usage
	0  -  Run Bytes Sent By Job
	0  -  Run Bytes Received By Job
	0  -  Total Bytes Sent By Job
	0  -  Total Bytes Received By Job
	Partitionable Resources :    Usage  Request Allocated 
	   admin_mutex_1         :                           0 
	   admin_mutex_2         :                           0 
	   admin_mutex_3         :                           0 
	   Cpus                  :     0.99        1         1 
	   Disk (KB)             :    15        2048      3072 
	   GPUs                  :                           0 
	   machine_token         :                           0 
	   Memory (MB)           :   711        6000      6016 
	   TimeExecute (s)       :  5597                       
	   TimeSlotBusy (s)      :  5598                       

	Job terminated of its own accord at 2026-06-02T23:26:40Z with exit-code 0.
...
