000 (19533891.000.000) 2026-06-02 15:51:21 Job submitted from host: <10.128.10.103:9618?addrs=10.128.10.103-9618&alias=npx-submitter.icecube.wisc.edu&noUDP&sock=schedd_2449_6386>
    DAG Node: Drootprod_20140521_11021
...
001 (19533891.000.000) 2026-06-02 16:22:05 Job executing on host: <10.128.10.116:38163?addrs=10.128.10.116-38163&alias=n-gibyte-01.icecube.wisc.edu>
	SlotName: slot1_386@n-gibyte-01.icecube.wisc.edu
	admin_mutex_1 = 0
	admin_mutex_2 = 0
	admin_mutex_3 = 0
	CondorScratchDir = "/scratch/condor/dir_2514536"
	Cpus = 1
	Disk = 5480
	GPUs = 0
	machine_token = 0
	Memory = 6016
...
006 (19533891.000.000) 2026-06-02 16:22:19 Image size of job updated: 119424
	117  -  MemoryUsage of job (MB)
	119424  -  ResidentSetSize of job (KB)
...
022 (19533891.000.000) 2026-06-02 16:23:27 Job disconnected, attempting to reconnect
    Socket between submit and execute hosts closed unexpectedly
    Trying to reconnect to slot1_386@n-gibyte-01.icecube.wisc.edu <10.128.10.116:38163?addrs=10.128.10.116-38163&alias=n-gibyte-01.icecube.wisc.edu>
...
024 (19533891.000.000) 2026-06-02 17:03:27 Job reconnection failed
    Job disconnected too long: JobLeaseDuration (2400 seconds) expired
    Can not reconnect to slot1_386@n-gibyte-01.icecube.wisc.edu, rescheduling job
...
004 (19533891.000.000) 2026-06-02 17:03:37 Job was evicted.
	(0) CPU times
		Usr 0 00:00:06, Sys 0 00:00:00  -  Run Remote Usage
		Usr 0 00:00:00, Sys 0 00:00:00  -  Run Local Usage
	0  -  Run Bytes Sent By Job
	0  -  Run Bytes Received By Job
	Job disconnected too long: JobLeaseDuration (2400 seconds) expired
	Partitionable Resources :    Usage  Request Allocated 
	   admin_mutex_1         :                           0 
	   admin_mutex_2         :                           0 
	   admin_mutex_3         :                           0 
	   Cpus                  :        0        1         1 
	   Disk (KB)             :       17     2048      5480 
	   GPUs                  :                           0 
	   machine_token         :                           0 
	   Memory (MB)           :      117     6000      6016 
...
001 (19533891.000.000) 2026-06-02 17:10:50 Job executing on host: <10.128.10.115:33587?addrs=10.128.10.115-33587&alias=n-gibyte-00.icecube.wisc.edu>
	SlotName: slot1_461@n-gibyte-00.icecube.wisc.edu
	admin_mutex_1 = 0
	admin_mutex_2 = 0
	admin_mutex_3 = 0
	CondorScratchDir = "/scratch/condor/dir_2326603"
	Cpus = 1
	Disk = 5480
	GPUs = 0
	machine_token = 0
	Memory = 6016
...
006 (19533891.000.000) 2026-06-02 17:16:05 Image size of job updated: 142772
	140  -  MemoryUsage of job (MB)
	142772  -  ResidentSetSize of job (KB)
...
006 (19533891.000.000) 2026-06-02 17:21:05 Image size of job updated: 163712
	160  -  MemoryUsage of job (MB)
	163712  -  ResidentSetSize of job (KB)
...
006 (19533891.000.000) 2026-06-02 17:26:06 Image size of job updated: 278020
	272  -  MemoryUsage of job (MB)
	278020  -  ResidentSetSize of job (KB)
...
006 (19533891.000.000) 2026-06-02 17:31:06 Image size of job updated: 425468
	416  -  MemoryUsage of job (MB)
	425468  -  ResidentSetSize of job (KB)
...
006 (19533891.000.000) 2026-06-02 17:36:07 Image size of job updated: 442172
	432  -  MemoryUsage of job (MB)
	442172  -  ResidentSetSize of job (KB)
...
006 (19533891.000.000) 2026-06-02 17:41:07 Image size of job updated: 757896
	741  -  MemoryUsage of job (MB)
	757896  -  ResidentSetSize of job (KB)
...
005 (19533891.000.000) 2026-06-02 17:41:08 Job terminated.
	(1) Normal termination (return value 0)
		Usr 0 00:29:01, Sys 0 00:00:19  -  Run Remote Usage
		Usr 0 00:00:00, Sys 0 00:00:00  -  Run Local Usage
		Usr 0 00:29:07, Sys 0 00:00:19  -  Total Remote Usage
		Usr 0 00:00:00, Sys 0 00:00:00  -  Total Local Usage
	0  -  Run Bytes Sent By Job
	0  -  Run Bytes Received By Job
	0  -  Total Bytes Sent By Job
	0  -  Total Bytes Received By Job
	Partitionable Resources :    Usage  Request Allocated 
	   admin_mutex_1         :                           0 
	   admin_mutex_2         :                           0 
	   admin_mutex_3         :                           0 
	   Cpus                  :     0.99        1         1 
	   Disk (KB)             :    17        2048      5480 
	   GPUs                  :                           0 
	   machine_token         :                           0 
	   Memory (MB)           :   741        6000      6016 
	   TimeExecute (s)       :  1818                       
	   TimeSlotBusy (s)      :  1818                       

	Job terminated of its own accord at 2026-06-02T22:41:08Z with exit-code 0.
...
