000 (19536431.000.000) 2026-06-02 15:56:28 Job submitted from host: <10.128.10.103:9618?addrs=10.128.10.103-9618&alias=npx-submitter.icecube.wisc.edu&noUDP&sock=schedd_2449_6386>
    DAG Node: Drootprod_20141030_64199
...
001 (19536431.000.000) 2026-06-02 17:20:27 Job executing on host: <10.128.10.238:43797?addrs=10.128.10.238-43797&alias=n-gpu-42.icecube.wisc.edu>
	SlotName: slot1_38@n-gpu-42.icecube.wisc.edu
	admin_mutex_1 = 0
	admin_mutex_2 = 0
	admin_mutex_3 = 0
	AvailableGPUs = {  }
	CondorScratchDir = "/scratch/condor/dir_2252346"
	Cpus = 1
	Disk = 3072
	GPUs = 0
	machine_token = 0
	Memory = 6016
...
006 (19536431.000.000) 2026-06-02 17:20:41 Image size of job updated: 121964
	120  -  MemoryUsage of job (MB)
	121964  -  ResidentSetSize of job (KB)
...
006 (19536431.000.000) 2026-06-02 17:25:42 Image size of job updated: 153432
	150  -  MemoryUsage of job (MB)
	153432  -  ResidentSetSize of job (KB)
...
006 (19536431.000.000) 2026-06-02 17:30:42 Image size of job updated: 275792
	270  -  MemoryUsage of job (MB)
	275792  -  ResidentSetSize of job (KB)
...
006 (19536431.000.000) 2026-06-02 17:35:43 Image size of job updated: 416120
	407  -  MemoryUsage of job (MB)
	416120  -  ResidentSetSize of job (KB)
...
006 (19536431.000.000) 2026-06-02 17:40:44 Image size of job updated: 725296
	709  -  MemoryUsage of job (MB)
	725296  -  ResidentSetSize of job (KB)
...
006 (19536431.000.000) 2026-06-02 17:42:26 Image size of job updated: 745172
	709  -  MemoryUsage of job (MB)
	725296  -  ResidentSetSize of job (KB)
...
005 (19536431.000.000) 2026-06-02 17:42:26 Job terminated.
	(1) Normal termination (return value 0)
		Usr 0 00:20:46, Sys 0 00:00:17  -  Run Remote Usage
		Usr 0 00:00:00, Sys 0 00:00:00  -  Run Local Usage
		Usr 0 00:20:46, Sys 0 00:00:17  -  Total Remote Usage
		Usr 0 00:00:00, Sys 0 00:00:00  -  Total Local Usage
	0  -  Run Bytes Sent By Job
	0  -  Run Bytes Received By Job
	0  -  Total Bytes Sent By Job
	0  -  Total Bytes Received By Job
	Partitionable Resources :    Usage  Request Allocated 
	   admin_mutex_1         :                           0 
	   admin_mutex_2         :                           0 
	   admin_mutex_3         :                           0 
	   Cpus                  :     0.97        1         1 
	   Disk (KB)             :    20        2048      3072 
	   GPUs                  :                           0 
	   machine_token         :                           0 
	   Memory (MB)           :   709        6000      6016 
	   TimeExecute (s)       :  1319                       
	   TimeSlotBusy (s)      :  1319                       

	Job terminated of its own accord at 2026-06-02T22:42:26Z with exit-code 0.
...
