000 (19537020.000.000) 2026-06-02 15:57:46 Job submitted from host: <10.128.10.103:9618?addrs=10.128.10.103-9618&alias=npx-submitter.icecube.wisc.edu&noUDP&sock=schedd_2449_6386>
    DAG Node: Drootprod_20141212_78368
...
001 (19537020.000.000) 2026-06-02 17:30:49 Job executing on host: <10.128.10.192:35633?addrs=10.128.10.192-35633&alias=n-smepyc-05.icecube.wisc.edu>
	SlotName: slot1_43@n-smepyc-05.icecube.wisc.edu
	admin_mutex_1 = 0
	admin_mutex_2 = 0
	admin_mutex_3 = 0
	CondorScratchDir = "/scratch/condor/dir_409989"
	Cpus = 1
	Disk = 3072
	GPUs = 0
	machine_token = 0
	Memory = 6016
...
006 (19537020.000.000) 2026-06-02 17:31:02 Image size of job updated: 122752
	120  -  MemoryUsage of job (MB)
	122752  -  ResidentSetSize of job (KB)
...
006 (19537020.000.000) 2026-06-02 17:36:02 Image size of job updated: 159776
	157  -  MemoryUsage of job (MB)
	159776  -  ResidentSetSize of job (KB)
...
006 (19537020.000.000) 2026-06-02 17:41:03 Image size of job updated: 293136
	287  -  MemoryUsage of job (MB)
	293136  -  ResidentSetSize of job (KB)
...
006 (19537020.000.000) 2026-06-02 17:43:54 Image size of job updated: 566384
	287  -  MemoryUsage of job (MB)
	293136  -  ResidentSetSize of job (KB)
...
005 (19537020.000.000) 2026-06-02 17:43:54 Job terminated.
	(1) Normal termination (return value 0)
		Usr 0 00:12:22, Sys 0 00:00:11  -  Run Remote Usage
		Usr 0 00:00:00, Sys 0 00:00:00  -  Run Local Usage
		Usr 0 00:12:22, Sys 0 00:00:11  -  Total Remote Usage
		Usr 0 00:00:00, Sys 0 00:00:00  -  Total Local Usage
	0  -  Run Bytes Sent By Job
	0  -  Run Bytes Received By Job
	0  -  Total Bytes Sent By Job
	0  -  Total Bytes Received By Job
	Partitionable Resources :    Usage  Request Allocated 
	   admin_mutex_1         :                           0 
	   admin_mutex_2         :                           0 
	   admin_mutex_3         :                           0 
	   Cpus                  :     0.95        1         1 
	   Disk (KB)             :    17        2048      3072 
	   GPUs                  :                           0 
	   machine_token         :                           0 
	   Memory (MB)           :   287        6000      6016 
	   TimeExecute (s)       :   785                       
	   TimeSlotBusy (s)      :   785                       

	Job terminated of its own accord at 2026-06-02T22:43:54Z with exit-code 0.
...
