000 (19532912.000.000) 2026-06-02 15:49:08 Job submitted from host: <10.128.10.103:9618?addrs=10.128.10.103-9618&alias=npx-submitter.icecube.wisc.edu&noUDP&sock=schedd_2449_6386>
    DAG Node: Drootprod_20140311_75007
...
001 (19532912.000.000) 2026-06-02 15:57:20 Job executing on host: <10.128.10.116:38163?addrs=10.128.10.116-38163&alias=n-gibyte-01.icecube.wisc.edu>
	SlotName: slot1_115@n-gibyte-01.icecube.wisc.edu
	admin_mutex_1 = 0
	admin_mutex_2 = 0
	admin_mutex_3 = 0
	CondorScratchDir = "/scratch/condor/dir_2404630"
	Cpus = 1
	Disk = 5480
	GPUs = 0
	machine_token = 0
	Memory = 6016
...
006 (19532912.000.000) 2026-06-02 15:57:34 Image size of job updated: 119896
	118  -  MemoryUsage of job (MB)
	119896  -  ResidentSetSize of job (KB)
...
006 (19532912.000.000) 2026-06-02 16:02:35 Image size of job updated: 142524
	140  -  MemoryUsage of job (MB)
	142524  -  ResidentSetSize of job (KB)
...
006 (19532912.000.000) 2026-06-02 16:07:36 Image size of job updated: 161124
	158  -  MemoryUsage of job (MB)
	161124  -  ResidentSetSize of job (KB)
...
006 (19532912.000.000) 2026-06-02 16:12:36 Image size of job updated: 273616
	268  -  MemoryUsage of job (MB)
	273616  -  ResidentSetSize of job (KB)
...
006 (19532912.000.000) 2026-06-02 16:17:37 Image size of job updated: 293956
	288  -  MemoryUsage of job (MB)
	293956  -  ResidentSetSize of job (KB)
...
006 (19532912.000.000) 2026-06-02 16:22:37 Image size of job updated: 426172
	417  -  MemoryUsage of job (MB)
	426172  -  ResidentSetSize of job (KB)
...
022 (19532912.000.000) 2026-06-02 16:23:27 Job disconnected, attempting to reconnect
    Socket between submit and execute hosts closed unexpectedly
    Trying to reconnect to slot1_115@n-gibyte-01.icecube.wisc.edu <10.128.10.116:38163?addrs=10.128.10.116-38163&alias=n-gibyte-01.icecube.wisc.edu>
...
024 (19532912.000.000) 2026-06-02 17:03:27 Job reconnection failed
    Job disconnected too long: JobLeaseDuration (2400 seconds) expired
    Can not reconnect to slot1_115@n-gibyte-01.icecube.wisc.edu, rescheduling job
...
004 (19532912.000.000) 2026-06-02 17:03:37 Job was evicted.
	(0) CPU times
		Usr 0 00:23:58, Sys 0 00:00:15  -  Run Remote Usage
		Usr 0 00:00:00, Sys 0 00:00:00  -  Run Local Usage
	0  -  Run Bytes Sent By Job
	0  -  Run Bytes Received By Job
	Job disconnected too long: JobLeaseDuration (2400 seconds) expired
	Partitionable Resources :    Usage  Request Allocated 
	   admin_mutex_1         :                           0 
	   admin_mutex_2         :                           0 
	   admin_mutex_3         :                           0 
	   Cpus                  :     0.98        1         1 
	   Disk (KB)             :    10        2048      5480 
	   GPUs                  :                           0 
	   machine_token         :                           0 
	   Memory (MB)           :   417        6000      6016 
...
001 (19532912.000.000) 2026-06-02 17:07:07 Job executing on host: <10.128.10.115:33587?addrs=10.128.10.115-33587&alias=n-gibyte-00.icecube.wisc.edu>
	SlotName: slot1_130@n-gibyte-00.icecube.wisc.edu
	admin_mutex_1 = 0
	admin_mutex_2 = 0
	admin_mutex_3 = 0
	CondorScratchDir = "/scratch/condor/dir_2311408"
	Cpus = 1
	Disk = 5480
	GPUs = 0
	machine_token = 0
	Memory = 6016
...
006 (19532912.000.000) 2026-06-02 17:37:24 Image size of job updated: 567536
	555  -  MemoryUsage of job (MB)
	567536  -  ResidentSetSize of job (KB)
...
006 (19532912.000.000) 2026-06-02 17:42:00 Image size of job updated: 732104
	555  -  MemoryUsage of job (MB)
	567536  -  ResidentSetSize of job (KB)
...
005 (19532912.000.000) 2026-06-02 17:42:00 Job terminated.
	(1) Normal termination (return value 0)
		Usr 0 00:33:35, Sys 0 00:00:20  -  Run Remote Usage
		Usr 0 00:00:00, Sys 0 00:00:00  -  Run Local Usage
		Usr 0 00:57:33, Sys 0 00:00:35  -  Total Remote Usage
		Usr 0 00:00:00, Sys 0 00:00:00  -  Total Local Usage
	0  -  Run Bytes Sent By Job
	0  -  Run Bytes Received By Job
	0  -  Total Bytes Sent By Job
	0  -  Total Bytes Received By Job
	Partitionable Resources :    Usage  Request Allocated 
	   admin_mutex_1         :                           0 
	   admin_mutex_2         :                           0 
	   admin_mutex_3         :                           0 
	   Cpus                  :     0.99        1         1 
	   Disk (KB)             :    10        2048      5480 
	   GPUs                  :                           0 
	   machine_token         :                           0 
	   Memory (MB)           :   555        6000      6016 
	   TimeExecute (s)       :  2093                       
	   TimeSlotBusy (s)      :  2093                       

	Job terminated of its own accord at 2026-06-02T22:42:00Z with exit-code 0.
...
