000 (19536141.000.000) 2026-06-02 15:55:49 Job submitted from host: <10.128.10.103:9618?addrs=10.128.10.103-9618&alias=npx-submitter.icecube.wisc.edu&noUDP&sock=schedd_2449_6386>
    DAG Node: Drootprod_20141012_96857
...
001 (19536141.000.000) 2026-06-02 17:14:45 Job executing on host: <10.128.10.190:46289?addrs=10.128.10.190-46289&alias=n-smepyc-03.icecube.wisc.edu>
	SlotName: slot1_22@n-smepyc-03.icecube.wisc.edu
	admin_mutex_1 = 0
	admin_mutex_2 = 0
	admin_mutex_3 = 0
	CondorScratchDir = "/scratch/condor/dir_3791699"
	Cpus = 1
	Disk = 3072
	GPUs = 0
	machine_token = 0
	Memory = 6016
...
006 (19536141.000.000) 2026-06-02 17:14:59 Image size of job updated: 123268
	121  -  MemoryUsage of job (MB)
	123268  -  ResidentSetSize of job (KB)
...
006 (19536141.000.000) 2026-06-02 17:19:59 Image size of job updated: 168332
	165  -  MemoryUsage of job (MB)
	168332  -  ResidentSetSize of job (KB)
...
006 (19536141.000.000) 2026-06-02 17:24:59 Image size of job updated: 435792
	426  -  MemoryUsage of job (MB)
	435792  -  ResidentSetSize of job (KB)
...
006 (19536141.000.000) 2026-06-02 17:26:56 Image size of job updated: 736928
	426  -  MemoryUsage of job (MB)
	435792  -  ResidentSetSize of job (KB)
...
005 (19536141.000.000) 2026-06-02 17:26:56 Job terminated.
	(1) Normal termination (return value 0)
		Usr 0 00:11:30, Sys 0 00:00:11  -  Run Remote Usage
		Usr 0 00:00:00, Sys 0 00:00:00  -  Run Local Usage
		Usr 0 00:11:30, Sys 0 00:00:11  -  Total Remote Usage
		Usr 0 00:00:00, Sys 0 00:00:00  -  Total Local Usage
	0  -  Run Bytes Sent By Job
	0  -  Run Bytes Received By Job
	0  -  Total Bytes Sent By Job
	0  -  Total Bytes Received By Job
	Partitionable Resources :    Usage  Request Allocated 
	   admin_mutex_1         :                           0 
	   admin_mutex_2         :                           0 
	   admin_mutex_3         :                           0 
	   Cpus                  :     0.98        1         1 
	   Disk (KB)             :    15        2048      3072 
	   GPUs                  :                           0 
	   machine_token         :                           0 
	   Memory (MB)           :   426        6000      6016 
	   TimeExecute (s)       :   731                       
	   TimeSlotBusy (s)      :   731                       

	Job terminated of its own accord at 2026-06-02T22:26:56Z with exit-code 0.
...
