000 (19532407.000.000) 2026-06-02 15:47:28 Job submitted from host: <10.128.10.103:9618?addrs=10.128.10.103-9618&alias=npx-submitter.icecube.wisc.edu&noUDP&sock=schedd_2449_6386>
    DAG Node: Drootprod_20140114_62669
...
001 (19532407.000.000) 2026-06-02 15:47:33 Job executing on host: <10.128.10.116:38163?addrs=10.128.10.116-38163&alias=n-gibyte-01.icecube.wisc.edu>
	SlotName: slot1_112@n-gibyte-01.icecube.wisc.edu
	admin_mutex_1 = 0
	admin_mutex_2 = 0
	admin_mutex_3 = 0
	CondorScratchDir = "/scratch/condor/dir_2337894"
	Cpus = 1
	Disk = 5480
	GPUs = 0
	machine_token = 0
	Memory = 6016
...
006 (19532407.000.000) 2026-06-02 15:47:47 Image size of job updated: 120628
	118  -  MemoryUsage of job (MB)
	120628  -  ResidentSetSize of job (KB)
...
006 (19532407.000.000) 2026-06-02 15:52:47 Image size of job updated: 143852
	141  -  MemoryUsage of job (MB)
	143852  -  ResidentSetSize of job (KB)
...
006 (19532407.000.000) 2026-06-02 15:57:48 Image size of job updated: 164512
	161  -  MemoryUsage of job (MB)
	164512  -  ResidentSetSize of job (KB)
...
006 (19532407.000.000) 2026-06-02 16:02:48 Image size of job updated: 279920
	274  -  MemoryUsage of job (MB)
	279920  -  ResidentSetSize of job (KB)
...
006 (19532407.000.000) 2026-06-02 16:07:49 Image size of job updated: 409504
	400  -  MemoryUsage of job (MB)
	409504  -  ResidentSetSize of job (KB)
...
006 (19532407.000.000) 2026-06-02 16:12:49 Image size of job updated: 565948
	553  -  MemoryUsage of job (MB)
	565948  -  ResidentSetSize of job (KB)
...
006 (19532407.000.000) 2026-06-02 16:17:50 Image size of job updated: 732176
	716  -  MemoryUsage of job (MB)
	732176  -  ResidentSetSize of job (KB)
...
006 (19532407.000.000) 2026-06-02 16:17:54 Image size of job updated: 738016
	716  -  MemoryUsage of job (MB)
	732176  -  ResidentSetSize of job (KB)
...
005 (19532407.000.000) 2026-06-02 16:17:54 Job terminated.
	(1) Normal termination (return value 0)
		Usr 0 00:28:55, Sys 0 00:00:17  -  Run Remote Usage
		Usr 0 00:00:00, Sys 0 00:00:00  -  Run Local Usage
		Usr 0 00:28:55, Sys 0 00:00:17  -  Total Remote Usage
		Usr 0 00:00:00, Sys 0 00:00:00  -  Total Local Usage
	0  -  Run Bytes Sent By Job
	0  -  Run Bytes Received By Job
	0  -  Total Bytes Sent By Job
	0  -  Total Bytes Received By Job
	Partitionable Resources :    Usage  Request Allocated 
	   admin_mutex_1         :                           0 
	   admin_mutex_2         :                           0 
	   admin_mutex_3         :                           0 
	   Cpus                  :     0.97        1         1 
	   Disk (KB)             :    12        2048      5480 
	   GPUs                  :                           0 
	   machine_token         :                           0 
	   Memory (MB)           :   716        6000      6016 
	   TimeExecute (s)       :  1821                       
	   TimeSlotBusy (s)      :  1821                       

	Job terminated of its own accord at 2026-06-02T21:17:54Z with exit-code 0.
...
