000 (19532598.000.000) 2026-06-02 15:48:11 Job submitted from host: <10.128.10.103:9618?addrs=10.128.10.103-9618&alias=npx-submitter.icecube.wisc.edu&noUDP&sock=schedd_2449_6386>
    DAG Node: Drootprod_20140206_67551
...
001 (19532598.000.000) 2026-06-02 15:48:18 Job executing on host: <10.128.10.116:38163?addrs=10.128.10.116-38163&alias=n-gibyte-01.icecube.wisc.edu>
	SlotName: slot1_419@n-gibyte-01.icecube.wisc.edu
	admin_mutex_1 = 0
	admin_mutex_2 = 0
	admin_mutex_3 = 0
	CondorScratchDir = "/scratch/condor/dir_2358364"
	Cpus = 1
	Disk = 5480
	GPUs = 0
	machine_token = 0
	Memory = 6016
...
006 (19532598.000.000) 2026-06-02 15:48:27 Image size of job updated: 120328
	118  -  MemoryUsage of job (MB)
	120328  -  ResidentSetSize of job (KB)
...
006 (19532598.000.000) 2026-06-02 15:53:28 Image size of job updated: 139976
	137  -  MemoryUsage of job (MB)
	139976  -  ResidentSetSize of job (KB)
...
006 (19532598.000.000) 2026-06-02 15:58:28 Image size of job updated: 156928
	154  -  MemoryUsage of job (MB)
	156928  -  ResidentSetSize of job (KB)
...
006 (19532598.000.000) 2026-06-02 16:03:29 Image size of job updated: 174080
	170  -  MemoryUsage of job (MB)
	174080  -  ResidentSetSize of job (KB)
...
006 (19532598.000.000) 2026-06-02 16:08:29 Image size of job updated: 285564
	279  -  MemoryUsage of job (MB)
	285564  -  ResidentSetSize of job (KB)
...
006 (19532598.000.000) 2026-06-02 16:13:30 Image size of job updated: 414648
	405  -  MemoryUsage of job (MB)
	414648  -  ResidentSetSize of job (KB)
...
006 (19532598.000.000) 2026-06-02 16:18:30 Image size of job updated: 708616
	693  -  MemoryUsage of job (MB)
	708616  -  ResidentSetSize of job (KB)
...
006 (19532598.000.000) 2026-06-02 16:23:02 Image size of job updated: 747868
	693  -  MemoryUsage of job (MB)
	708616  -  ResidentSetSize of job (KB)
...
005 (19532598.000.000) 2026-06-02 16:23:03 Job terminated.
	(1) Normal termination (return value 0)
		Usr 0 00:33:17, Sys 0 00:00:18  -  Run Remote Usage
		Usr 0 00:00:00, Sys 0 00:00:00  -  Run Local Usage
		Usr 0 00:33:17, Sys 0 00:00:18  -  Total Remote Usage
		Usr 0 00:00:00, Sys 0 00:00:00  -  Total Local Usage
	0  -  Run Bytes Sent By Job
	0  -  Run Bytes Received By Job
	0  -  Total Bytes Sent By Job
	0  -  Total Bytes Received By Job
	Partitionable Resources :    Usage  Request Allocated 
	   admin_mutex_1         :                           0 
	   admin_mutex_2         :                           0 
	   admin_mutex_3         :                           0 
	   Cpus                  :     0.99        1         1 
	   Disk (KB)             :    10        2048      5480 
	   GPUs                  :                           0 
	   machine_token         :                           0 
	   Memory (MB)           :   693        6000      6016 
	   TimeExecute (s)       :  2084                       
	   TimeSlotBusy (s)      :  2085                       

	Job terminated of its own accord at 2026-06-02T21:23:02Z with exit-code 0.
...
