000 (19536907.000.000) 2026-06-02 15:57:28 Job submitted from host: <10.128.10.103:9618?addrs=10.128.10.103-9618&alias=npx-submitter.icecube.wisc.edu&noUDP&sock=schedd_2449_6386>
    DAG Node: Drootprod_20141205_31845
...
001 (19536907.000.000) 2026-06-02 17:28:41 Job executing on host: <10.128.10.238:43797?addrs=10.128.10.238-43797&alias=n-gpu-42.icecube.wisc.edu>
	SlotName: slot1_74@n-gpu-42.icecube.wisc.edu
	admin_mutex_1 = 0
	admin_mutex_2 = 0
	admin_mutex_3 = 0
	AvailableGPUs = {  }
	CondorScratchDir = "/scratch/condor/dir_2283851"
	Cpus = 1
	Disk = 3072
	GPUs = 0
	machine_token = 0
	Memory = 6016
...
006 (19536907.000.000) 2026-06-02 17:28:55 Image size of job updated: 122160
	120  -  MemoryUsage of job (MB)
	122160  -  ResidentSetSize of job (KB)
...
006 (19536907.000.000) 2026-06-02 17:33:56 Image size of job updated: 153992
	151  -  MemoryUsage of job (MB)
	153992  -  ResidentSetSize of job (KB)
...
006 (19536907.000.000) 2026-06-02 17:38:57 Image size of job updated: 275696
	270  -  MemoryUsage of job (MB)
	275696  -  ResidentSetSize of job (KB)
...
006 (19536907.000.000) 2026-06-02 17:43:57 Image size of job updated: 415968
	407  -  MemoryUsage of job (MB)
	415968  -  ResidentSetSize of job (KB)
...
006 (19536907.000.000) 2026-06-02 17:48:58 Image size of job updated: 729428
	713  -  MemoryUsage of job (MB)
	729428  -  ResidentSetSize of job (KB)
...
006 (19536907.000.000) 2026-06-02 17:53:50 Image size of job updated: 778896
	713  -  MemoryUsage of job (MB)
	729428  -  ResidentSetSize of job (KB)
...
005 (19536907.000.000) 2026-06-02 17:53:50 Job terminated.
	(1) Normal termination (return value 0)
		Usr 0 00:23:45, Sys 0 00:00:22  -  Run Remote Usage
		Usr 0 00:00:00, Sys 0 00:00:00  -  Run Local Usage
		Usr 0 00:23:45, Sys 0 00:00:22  -  Total Remote Usage
		Usr 0 00:00:00, Sys 0 00:00:00  -  Total Local Usage
	0  -  Run Bytes Sent By Job
	0  -  Run Bytes Received By Job
	0  -  Total Bytes Sent By Job
	0  -  Total Bytes Received By Job
	Partitionable Resources :    Usage  Request Allocated 
	   admin_mutex_1         :                           0 
	   admin_mutex_2         :                           0 
	   admin_mutex_3         :                           0 
	   Cpus                  :     0.97        1         1 
	   Disk (KB)             :    22        2048      3072 
	   GPUs                  :                           0 
	   machine_token         :                           0 
	   Memory (MB)           :   713        6000      6016 
	   TimeExecute (s)       :  1509                       
	   TimeSlotBusy (s)      :  1509                       

	Job terminated of its own accord at 2026-06-02T22:53:50Z with exit-code 0.
...
