000 (19534482.000.000) 2026-06-02 15:52:29 Job submitted from host: <10.128.10.103:9618?addrs=10.128.10.103-9618&alias=npx-submitter.icecube.wisc.edu&noUDP&sock=schedd_2449_6386>
    DAG Node: Drootprod_20140627_45470
...
001 (19534482.000.000) 2026-06-02 16:34:51 Job executing on host: <10.128.10.190:46289?addrs=10.128.10.190-46289&alias=n-smepyc-03.icecube.wisc.edu>
	SlotName: slot1_33@n-smepyc-03.icecube.wisc.edu
	admin_mutex_1 = 0
	admin_mutex_2 = 0
	admin_mutex_3 = 0
	CondorScratchDir = "/scratch/condor/dir_3636624"
	Cpus = 1
	Disk = 3072
	GPUs = 0
	machine_token = 0
	Memory = 6016
...
006 (19534482.000.000) 2026-06-02 16:35:05 Image size of job updated: 122376
	120  -  MemoryUsage of job (MB)
	122376  -  ResidentSetSize of job (KB)
...
006 (19534482.000.000) 2026-06-02 16:40:06 Image size of job updated: 167784
	164  -  MemoryUsage of job (MB)
	167784  -  ResidentSetSize of job (KB)
...
006 (19534482.000.000) 2026-06-02 16:45:06 Image size of job updated: 424760
	415  -  MemoryUsage of job (MB)
	424760  -  ResidentSetSize of job (KB)
...
006 (19534482.000.000) 2026-06-02 16:47:45 Image size of job updated: 737500
	415  -  MemoryUsage of job (MB)
	424760  -  ResidentSetSize of job (KB)
...
005 (19534482.000.000) 2026-06-02 16:47:45 Job terminated.
	(1) Normal termination (return value 0)
		Usr 0 00:12:00, Sys 0 00:00:12  -  Run Remote Usage
		Usr 0 00:00:00, Sys 0 00:00:00  -  Run Local Usage
		Usr 0 00:12:00, Sys 0 00:00:12  -  Total Remote Usage
		Usr 0 00:00:00, Sys 0 00:00:00  -  Total Local Usage
	0  -  Run Bytes Sent By Job
	0  -  Run Bytes Received By Job
	0  -  Total Bytes Sent By Job
	0  -  Total Bytes Received By Job
	Partitionable Resources :    Usage  Request Allocated 
	   admin_mutex_1         :                           0 
	   admin_mutex_2         :                           0 
	   admin_mutex_3         :                           0 
	   Cpus                  :     0.98        1         1 
	   Disk (KB)             :    15        2048      3072 
	   GPUs                  :                           0 
	   machine_token         :                           0 
	   Memory (MB)           :   415        6000      6016 
	   TimeExecute (s)       :   774                       
	   TimeSlotBusy (s)      :   774                       

	Job terminated of its own accord at 2026-06-02T21:47:45Z with exit-code 0.
...
