000 (19536343.000.000) 2026-06-02 15:56:17 Job submitted from host: <10.128.10.103:9618?addrs=10.128.10.103-9618&alias=npx-submitter.icecube.wisc.edu&noUDP&sock=schedd_2449_6386>
    DAG Node: Drootprod_20141024_39176
...
001 (19536343.000.000) 2026-06-02 17:18:40 Job executing on host: <10.128.11.30:45417?addrs=10.128.11.30-45417&alias=n-smbc-11.icecube.wisc.edu>
	SlotName: slot1_14@n-smbc-11.icecube.wisc.edu
	admin_mutex_1 = 0
	admin_mutex_2 = 0
	admin_mutex_3 = 0
	CondorScratchDir = "/scratch/condor/dir_185304"
	Cpus = 1
	Disk = 3072
	GPUs = 0
	machine_token = 0
	Memory = 6016
...
006 (19536343.000.000) 2026-06-02 17:18:54 Image size of job updated: 122488
	120  -  MemoryUsage of job (MB)
	122488  -  ResidentSetSize of job (KB)
...
006 (19536343.000.000) 2026-06-02 17:23:55 Image size of job updated: 155140
	152  -  MemoryUsage of job (MB)
	155140  -  ResidentSetSize of job (KB)
...
006 (19536343.000.000) 2026-06-02 17:28:55 Image size of job updated: 281948
	276  -  MemoryUsage of job (MB)
	281948  -  ResidentSetSize of job (KB)
...
006 (19536343.000.000) 2026-06-02 17:33:56 Image size of job updated: 425768
	416  -  MemoryUsage of job (MB)
	425768  -  ResidentSetSize of job (KB)
...
006 (19536343.000.000) 2026-06-02 17:35:00 Image size of job updated: 721624
	416  -  MemoryUsage of job (MB)
	425768  -  ResidentSetSize of job (KB)
...
005 (19536343.000.000) 2026-06-02 17:35:00 Job terminated.
	(1) Normal termination (return value 0)
		Usr 0 00:15:36, Sys 0 00:00:09  -  Run Remote Usage
		Usr 0 00:00:00, Sys 0 00:00:00  -  Run Local Usage
		Usr 0 00:15:36, Sys 0 00:00:09  -  Total Remote Usage
		Usr 0 00:00:00, Sys 0 00:00:00  -  Total Local Usage
	0  -  Run Bytes Sent By Job
	0  -  Run Bytes Received By Job
	0  -  Total Bytes Sent By Job
	0  -  Total Bytes Received By Job
	Partitionable Resources :    Usage  Request Allocated 
	   admin_mutex_1         :                           0 
	   admin_mutex_2         :                           0 
	   admin_mutex_3         :                           0 
	   Cpus                  :     0.97        1         1 
	   Disk (KB)             :    17        2048      3072 
	   GPUs                  :                           0 
	   machine_token         :                           0 
	   Memory (MB)           :   416        6000      6016 
	   TimeExecute (s)       :   980                       
	   TimeSlotBusy (s)      :   980                       

	Job terminated of its own accord at 2026-06-02T22:35:00Z with exit-code 0.
...
