000 (19537247.000.000) 2026-06-02 15:58:19 Job submitted from host: <10.128.10.103:9618?addrs=10.128.10.103-9618&alias=npx-submitter.icecube.wisc.edu&noUDP&sock=schedd_2449_6386>
    DAG Node: Drootprod_20141230_20541
...
001 (19537247.000.000) 2026-06-02 17:34:47 Job executing on host: <10.128.10.187:34023?addrs=10.128.10.187-34023&alias=n-smepyc-00.icecube.wisc.edu>
	SlotName: slot1_34@n-smepyc-00.icecube.wisc.edu
	admin_mutex_1 = 0
	admin_mutex_2 = 0
	admin_mutex_3 = 0
	CondorScratchDir = "/scratch/condor/dir_2023153"
	Cpus = 1
	Disk = 3072
	GPUs = 0
	machine_token = 0
	Memory = 6016
...
006 (19537247.000.000) 2026-06-02 17:35:00 Image size of job updated: 122332
	120  -  MemoryUsage of job (MB)
	122332  -  ResidentSetSize of job (KB)
...
006 (19537247.000.000) 2026-06-02 17:40:00 Image size of job updated: 156668
	153  -  MemoryUsage of job (MB)
	156668  -  ResidentSetSize of job (KB)
...
006 (19537247.000.000) 2026-06-02 17:45:01 Image size of job updated: 284108
	278  -  MemoryUsage of job (MB)
	284108  -  ResidentSetSize of job (KB)
...
006 (19537247.000.000) 2026-06-02 17:49:42 Image size of job updated: 708200
	278  -  MemoryUsage of job (MB)
	284108  -  ResidentSetSize of job (KB)
...
005 (19537247.000.000) 2026-06-02 17:49:42 Job terminated.
	(1) Normal termination (return value 0)
		Usr 0 00:14:13, Sys 0 00:00:13  -  Run Remote Usage
		Usr 0 00:00:00, Sys 0 00:00:00  -  Run Local Usage
		Usr 0 00:14:13, Sys 0 00:00:13  -  Total Remote Usage
		Usr 0 00:00:00, Sys 0 00:00:00  -  Total Local Usage
	0  -  Run Bytes Sent By Job
	0  -  Run Bytes Received By Job
	0  -  Total Bytes Sent By Job
	0  -  Total Bytes Received By Job
	Partitionable Resources :    Usage  Request Allocated 
	   admin_mutex_1         :                           0 
	   admin_mutex_2         :                           0 
	   admin_mutex_3         :                           0 
	   Cpus                  :     0.96        1         1 
	   Disk (KB)             :    17        2048      3072 
	   GPUs                  :                           0 
	   machine_token         :                           0 
	   Memory (MB)           :   278        6000      6016 
	   TimeExecute (s)       :   895                       
	   TimeSlotBusy (s)      :   895                       

	Job terminated of its own accord at 2026-06-02T22:49:42Z with exit-code 0.
...
