000 (19533153.000.000) 2026-06-02 15:49:45 Job submitted from host: <10.128.10.103:9618?addrs=10.128.10.103-9618&alias=npx-submitter.icecube.wisc.edu&noUDP&sock=schedd_2449_6386>
    DAG Node: Drootprod_20140401_88063
...
001 (19533153.000.000) 2026-06-02 16:06:06 Job executing on host: <10.128.10.53:39595?addrs=10.128.10.53-39595&alias=n-m610-43.icecube.wisc.edu>
	SlotName: slot1_4@n-m610-43.icecube.wisc.edu
	admin_mutex_1 = 0
	admin_mutex_2 = 0
	admin_mutex_3 = 0
	CondorScratchDir = "/scratch/condor/dir_1349591"
	Cpus = 1
	Disk = 3072
	GPUs = 0
	machine_token = 0
	Memory = 6016
...
006 (19533153.000.000) 2026-06-02 16:06:20 Image size of job updated: 122068
	120  -  MemoryUsage of job (MB)
	122068  -  ResidentSetSize of job (KB)
...
006 (19533153.000.000) 2026-06-02 16:11:21 Image size of job updated: 156252
	153  -  MemoryUsage of job (MB)
	156252  -  ResidentSetSize of job (KB)
...
006 (19533153.000.000) 2026-06-02 16:16:22 Image size of job updated: 282296
	276  -  MemoryUsage of job (MB)
	282296  -  ResidentSetSize of job (KB)
...
006 (19533153.000.000) 2026-06-02 16:20:51 Image size of job updated: 424376
	276  -  MemoryUsage of job (MB)
	282296  -  ResidentSetSize of job (KB)
...
005 (19533153.000.000) 2026-06-02 16:20:51 Job terminated.
	(1) Normal termination (return value 0)
		Usr 0 00:13:48, Sys 0 00:00:11  -  Run Remote Usage
		Usr 0 00:00:00, Sys 0 00:00:00  -  Run Local Usage
		Usr 0 00:13:48, Sys 0 00:00:11  -  Total Remote Usage
		Usr 0 00:00:00, Sys 0 00:00:00  -  Total Local Usage
	0  -  Run Bytes Sent By Job
	0  -  Run Bytes Received By Job
	0  -  Total Bytes Sent By Job
	0  -  Total Bytes Received By Job
	Partitionable Resources :    Usage  Request Allocated 
	   admin_mutex_1         :                           0 
	   admin_mutex_2         :                           0 
	   admin_mutex_3         :                           0 
	   Cpus                  :     0.94        1         1 
	   Disk (KB)             :    10        2048      3072 
	   GPUs                  :                           0 
	   machine_token         :                           0 
	   Memory (MB)           :   276        6000      6016 
	   TimeExecute (s)       :   885                       
	   TimeSlotBusy (s)      :   885                       

	Job terminated of its own accord at 2026-06-02T21:20:51Z with exit-code 0.
...
