000 (19532652.000.000) 2026-06-02 15:48:22 Job submitted from host: <10.128.10.103:9618?addrs=10.128.10.103-9618&alias=npx-submitter.icecube.wisc.edu&noUDP&sock=schedd_2449_6386>
    DAG Node: Drootprod_20140211_16269
...
001 (19532652.000.000) 2026-06-02 15:48:33 Job executing on host: <10.128.10.116:38163?addrs=10.128.10.116-38163&alias=n-gibyte-01.icecube.wisc.edu>
	SlotName: slot1_456@n-gibyte-01.icecube.wisc.edu
	admin_mutex_1 = 0
	admin_mutex_2 = 0
	admin_mutex_3 = 0
	CondorScratchDir = "/scratch/condor/dir_2364240"
	Cpus = 1
	Disk = 5480
	GPUs = 0
	machine_token = 0
	Memory = 6016
...
006 (19532652.000.000) 2026-06-02 15:48:42 Image size of job updated: 119160
	117  -  MemoryUsage of job (MB)
	119160  -  ResidentSetSize of job (KB)
...
006 (19532652.000.000) 2026-06-02 15:53:43 Image size of job updated: 139324
	137  -  MemoryUsage of job (MB)
	139324  -  ResidentSetSize of job (KB)
...
006 (19532652.000.000) 2026-06-02 15:58:43 Image size of job updated: 156492
	153  -  MemoryUsage of job (MB)
	156492  -  ResidentSetSize of job (KB)
...
006 (19532652.000.000) 2026-06-02 16:03:44 Image size of job updated: 173500
	170  -  MemoryUsage of job (MB)
	173500  -  ResidentSetSize of job (KB)
...
006 (19532652.000.000) 2026-06-02 16:08:44 Image size of job updated: 286720
	280  -  MemoryUsage of job (MB)
	286720  -  ResidentSetSize of job (KB)
...
006 (19532652.000.000) 2026-06-02 16:13:45 Image size of job updated: 415992
	407  -  MemoryUsage of job (MB)
	415992  -  ResidentSetSize of job (KB)
...
006 (19532652.000.000) 2026-06-02 16:13:53 Image size of job updated: 417008
	407  -  MemoryUsage of job (MB)
	415992  -  ResidentSetSize of job (KB)
...
005 (19532652.000.000) 2026-06-02 16:13:53 Job terminated.
	(1) Normal termination (return value 0)
		Usr 0 00:24:06, Sys 0 00:00:14  -  Run Remote Usage
		Usr 0 00:00:00, Sys 0 00:00:00  -  Run Local Usage
		Usr 0 00:24:06, Sys 0 00:00:14  -  Total Remote Usage
		Usr 0 00:00:00, Sys 0 00:00:00  -  Total Local Usage
	0  -  Run Bytes Sent By Job
	0  -  Run Bytes Received By Job
	0  -  Total Bytes Sent By Job
	0  -  Total Bytes Received By Job
	Partitionable Resources :    Usage  Request Allocated 
	   admin_mutex_1         :                           0 
	   admin_mutex_2         :                           0 
	   admin_mutex_3         :                           0 
	   Cpus                  :     0.98        1         1 
	   Disk (KB)             :    10        2048      5480 
	   GPUs                  :                           0 
	   machine_token         :                           0 
	   Memory (MB)           :   407        6000      6016 
	   TimeExecute (s)       :  1520                       
	   TimeSlotBusy (s)      :  1521                       

	Job terminated of its own accord at 2026-06-02T21:13:53Z with exit-code 0.
...
