000 (19532859.000.000) 2026-06-02 15:48:58 Job submitted from host: <10.128.10.103:9618?addrs=10.128.10.103-9618&alias=npx-submitter.icecube.wisc.edu&noUDP&sock=schedd_2449_6386>
    DAG Node: Drootprod_20140306_57561
...
001 (19532859.000.000) 2026-06-02 15:55:09 Job executing on host: <10.128.10.191:42321?addrs=10.128.10.191-42321&alias=n-smepyc-04.icecube.wisc.edu>
	SlotName: slot1_32@n-smepyc-04.icecube.wisc.edu
	admin_mutex_1 = 0
	admin_mutex_2 = 0
	admin_mutex_3 = 0
	CondorScratchDir = "/scratch/condor/dir_5580"
	Cpus = 1
	Disk = 3072
	GPUs = 0
	machine_token = 0
	Memory = 6016
...
006 (19532859.000.000) 2026-06-02 15:55:22 Image size of job updated: 123024
	121  -  MemoryUsage of job (MB)
	123024  -  ResidentSetSize of job (KB)
...
006 (19532859.000.000) 2026-06-02 16:00:22 Image size of job updated: 168540
	165  -  MemoryUsage of job (MB)
	168540  -  ResidentSetSize of job (KB)
...
006 (19532859.000.000) 2026-06-02 16:05:22 Image size of job updated: 420484
	411  -  MemoryUsage of job (MB)
	420484  -  ResidentSetSize of job (KB)
...
006 (19532859.000.000) 2026-06-02 16:08:25 Image size of job updated: 750368
	411  -  MemoryUsage of job (MB)
	420484  -  ResidentSetSize of job (KB)
...
005 (19532859.000.000) 2026-06-02 16:08:25 Job terminated.
	(1) Normal termination (return value 0)
		Usr 0 00:12:19, Sys 0 00:00:12  -  Run Remote Usage
		Usr 0 00:00:00, Sys 0 00:00:00  -  Run Local Usage
		Usr 0 00:12:19, Sys 0 00:00:12  -  Total Remote Usage
		Usr 0 00:00:00, Sys 0 00:00:00  -  Total Local Usage
	0  -  Run Bytes Sent By Job
	0  -  Run Bytes Received By Job
	0  -  Total Bytes Sent By Job
	0  -  Total Bytes Received By Job
	Partitionable Resources :    Usage  Request Allocated 
	   admin_mutex_1         :                           0 
	   admin_mutex_2         :                           0 
	   admin_mutex_3         :                           0 
	   Cpus                  :     0.93        1         1 
	   Disk (KB)             :    10        2048      3072 
	   GPUs                  :                           0 
	   machine_token         :                           0 
	   Memory (MB)           :   411        6000      6016 
	   TimeExecute (s)       :   797                       
	   TimeSlotBusy (s)      :   797                       

	Job terminated of its own accord at 2026-06-02T21:08:25Z with exit-code 0.
...
