000 (19534564.000.000) 2026-06-02 15:52:38 Job submitted from host: <10.128.10.103:9618?addrs=10.128.10.103-9618&alias=npx-submitter.icecube.wisc.edu&noUDP&sock=schedd_2449_6386>
    DAG Node: Drootprod_20111206_22838
...
001 (19534564.000.000) 2026-06-02 16:36:20 Job executing on host: <10.128.10.238:43797?addrs=10.128.10.238-43797&alias=n-gpu-42.icecube.wisc.edu>
	SlotName: slot1_66@n-gpu-42.icecube.wisc.edu
	admin_mutex_1 = 0
	admin_mutex_2 = 0
	admin_mutex_3 = 0
	AvailableGPUs = {  }
	CondorScratchDir = "/scratch/condor/dir_2091386"
	Cpus = 1
	Disk = 3072
	GPUs = 0
	machine_token = 0
	Memory = 6016
...
006 (19534564.000.000) 2026-06-02 16:36:33 Image size of job updated: 119464
	117  -  MemoryUsage of job (MB)
	119464  -  ResidentSetSize of job (KB)
...
006 (19534564.000.000) 2026-06-02 16:41:33 Image size of job updated: 155792
	153  -  MemoryUsage of job (MB)
	155792  -  ResidentSetSize of job (KB)
...
006 (19534564.000.000) 2026-06-02 16:46:34 Image size of job updated: 283808
	278  -  MemoryUsage of job (MB)
	283808  -  ResidentSetSize of job (KB)
...
006 (19534564.000.000) 2026-06-02 16:51:35 Image size of job updated: 706004
	690  -  MemoryUsage of job (MB)
	706004  -  ResidentSetSize of job (KB)
...
006 (19534564.000.000) 2026-06-02 16:56:35 Image size of job updated: 755336
	738  -  MemoryUsage of job (MB)
	755336  -  ResidentSetSize of job (KB)
...
006 (19534564.000.000) 2026-06-02 16:59:38 Image size of job updated: 821392
	738  -  MemoryUsage of job (MB)
	755336  -  ResidentSetSize of job (KB)
...
005 (19534564.000.000) 2026-06-02 16:59:38 Job terminated.
	(1) Normal termination (return value 0)
		Usr 0 00:21:56, Sys 0 00:00:22  -  Run Remote Usage
		Usr 0 00:00:00, Sys 0 00:00:00  -  Run Local Usage
		Usr 0 00:21:56, Sys 0 00:00:22  -  Total Remote Usage
		Usr 0 00:00:00, Sys 0 00:00:00  -  Total Local Usage
	0  -  Run Bytes Sent By Job
	0  -  Run Bytes Received By Job
	0  -  Total Bytes Sent By Job
	0  -  Total Bytes Received By Job
	Partitionable Resources :    Usage  Request Allocated 
	   admin_mutex_1         :                           0 
	   admin_mutex_2         :                           0 
	   admin_mutex_3         :                           0 
	   Cpus                  :     0.94        1         1 
	   Disk (KB)             :    10        2048      3072 
	   GPUs                  :                           0 
	   machine_token         :                           0 
	   Memory (MB)           :   738        6000      6016 
	   TimeExecute (s)       :  1398                       
	   TimeSlotBusy (s)      :  1399                       

	Job terminated of its own accord at 2026-06-02T21:59:38Z with exit-code 0.
...
