000 (19533796.000.000) 2026-06-02 15:51:09 Job submitted from host: <10.128.10.103:9618?addrs=10.128.10.103-9618&alias=npx-submitter.icecube.wisc.edu&noUDP&sock=schedd_2449_6386>
    DAG Node: Drootprod_20111019_54823
...
001 (19533796.000.000) 2026-06-02 16:20:17 Job executing on host: <10.128.10.238:43797?addrs=10.128.10.238-43797&alias=n-gpu-42.icecube.wisc.edu>
	SlotName: slot1_81@n-gpu-42.icecube.wisc.edu
	admin_mutex_1 = 0
	admin_mutex_2 = 0
	admin_mutex_3 = 0
	AvailableGPUs = {  }
	CondorScratchDir = "/scratch/condor/dir_1992570"
	Cpus = 1
	Disk = 3072
	GPUs = 0
	machine_token = 0
	Memory = 6016
...
006 (19533796.000.000) 2026-06-02 16:20:31 Image size of job updated: 120752
	118  -  MemoryUsage of job (MB)
	120752  -  ResidentSetSize of job (KB)
...
006 (19533796.000.000) 2026-06-02 16:25:32 Image size of job updated: 155636
	152  -  MemoryUsage of job (MB)
	155636  -  ResidentSetSize of job (KB)
...
006 (19533796.000.000) 2026-06-02 16:30:32 Image size of job updated: 282144
	276  -  MemoryUsage of job (MB)
	282144  -  ResidentSetSize of job (KB)
...
006 (19533796.000.000) 2026-06-02 16:35:32 Image size of job updated: 563224
	551  -  MemoryUsage of job (MB)
	563224  -  ResidentSetSize of job (KB)
...
006 (19533796.000.000) 2026-06-02 16:40:33 Image size of job updated: 746268
	729  -  MemoryUsage of job (MB)
	746268  -  ResidentSetSize of job (KB)
...
006 (19533796.000.000) 2026-06-02 16:45:33 Image size of job updated: 791480
	773  -  MemoryUsage of job (MB)
	791480  -  ResidentSetSize of job (KB)
...
006 (19533796.000.000) 2026-06-02 16:49:58 Image size of job updated: 896000
	773  -  MemoryUsage of job (MB)
	791480  -  ResidentSetSize of job (KB)
...
005 (19533796.000.000) 2026-06-02 16:49:58 Job terminated.
	(1) Normal termination (return value 0)
		Usr 0 00:27:54, Sys 0 00:00:28  -  Run Remote Usage
		Usr 0 00:00:00, Sys 0 00:00:00  -  Run Local Usage
		Usr 0 00:27:54, Sys 0 00:00:28  -  Total Remote Usage
		Usr 0 00:00:00, Sys 0 00:00:00  -  Total Local Usage
	0  -  Run Bytes Sent By Job
	0  -  Run Bytes Received By Job
	0  -  Total Bytes Sent By Job
	0  -  Total Bytes Received By Job
	Partitionable Resources :    Usage  Request Allocated 
	   admin_mutex_1         :                           0 
	   admin_mutex_2         :                           0 
	   admin_mutex_3         :                           0 
	   Cpus                  :     0.97        1         1 
	   Disk (KB)             :    10        2048      3072 
	   GPUs                  :                           0 
	   machine_token         :                           0 
	   Memory (MB)           :   773        6000      6016 
	   TimeExecute (s)       :  1781                       
	   TimeSlotBusy (s)      :  1781                       

	Job terminated of its own accord at 2026-06-02T21:49:58Z with exit-code 0.
...
