000 (19532191.000.000) 2026-06-02 15:46:21 Job submitted from host: <10.128.10.103:9618?addrs=10.128.10.103-9618&alias=npx-submitter.icecube.wisc.edu&noUDP&sock=schedd_2449_6386>
    DAG Node: Drootprod_20110517_74819
...
001 (19532191.000.000) 2026-06-02 15:46:28 Job executing on host: <10.128.10.107:46755?addrs=10.128.10.107-46755&alias=n-gpu-25.icecube.wisc.edu>
	SlotName: slot1_9@n-gpu-25.icecube.wisc.edu
	admin_mutex_1 = 0
	admin_mutex_2 = 0
	admin_mutex_3 = 0
	AvailableGPUs = {  }
	CondorScratchDir = "/scratch/condor/dir_1202302"
	Cpus = 1
	Disk = 3072
	GPUs = 0
	machine_token = 0
	Memory = 6016
...
006 (19532191.000.000) 2026-06-02 15:46:42 Image size of job updated: 96648
	95  -  MemoryUsage of job (MB)
	96648  -  ResidentSetSize of job (KB)
...
006 (19532191.000.000) 2026-06-02 15:51:43 Image size of job updated: 153724
	151  -  MemoryUsage of job (MB)
	153724  -  ResidentSetSize of job (KB)
...
006 (19532191.000.000) 2026-06-02 15:56:44 Image size of job updated: 281624
	276  -  MemoryUsage of job (MB)
	281624  -  ResidentSetSize of job (KB)
...
006 (19532191.000.000) 2026-06-02 16:01:44 Image size of job updated: 423636
	414  -  MemoryUsage of job (MB)
	423636  -  ResidentSetSize of job (KB)
...
006 (19532191.000.000) 2026-06-02 16:06:45 Image size of job updated: 746624
	730  -  MemoryUsage of job (MB)
	746624  -  ResidentSetSize of job (KB)
...
006 (19532191.000.000) 2026-06-02 16:11:46 Image size of job updated: 794804
	777  -  MemoryUsage of job (MB)
	794804  -  ResidentSetSize of job (KB)
...
006 (19532191.000.000) 2026-06-02 16:16:46 Image size of job updated: 894092
	874  -  MemoryUsage of job (MB)
	894092  -  ResidentSetSize of job (KB)
...
006 (19532191.000.000) 2026-06-02 16:19:16 Image size of job updated: 956736
	874  -  MemoryUsage of job (MB)
	894092  -  ResidentSetSize of job (KB)
...
005 (19532191.000.000) 2026-06-02 16:19:16 Job terminated.
	(1) Normal termination (return value 0)
		Usr 0 00:31:08, Sys 0 00:00:26  -  Run Remote Usage
		Usr 0 00:00:00, Sys 0 00:00:00  -  Run Local Usage
		Usr 0 00:31:08, Sys 0 00:00:26  -  Total Remote Usage
		Usr 0 00:00:00, Sys 0 00:00:00  -  Total Local Usage
	0  -  Run Bytes Sent By Job
	0  -  Run Bytes Received By Job
	0  -  Total Bytes Sent By Job
	0  -  Total Bytes Received By Job
	Partitionable Resources :    Usage  Request Allocated 
	   admin_mutex_1         :                           0 
	   admin_mutex_2         :                           0 
	   admin_mutex_3         :                           0 
	   Cpus                  :     0.99        1         1 
	   Disk (KB)             :    10        2048      3072 
	   GPUs                  :                           0 
	   machine_token         :                           0 
	   Memory (MB)           :   874        6000      6016 
	   TimeExecute (s)       :  1968                       
	   TimeSlotBusy (s)      :  1968                       

	Job terminated of its own accord at 2026-06-02T21:19:16Z with exit-code 0.
...
