000 (19534234.000.000) 2026-06-02 15:52:03 Job submitted from host: <10.128.10.103:9618?addrs=10.128.10.103-9618&alias=npx-submitter.icecube.wisc.edu&noUDP&sock=schedd_2449_6386>
    DAG Node: Drootprod_20111117_22864
...
001 (19534234.000.000) 2026-06-02 16:30:26 Job executing on host: <10.128.11.28:42045?addrs=10.128.11.28-42045&alias=n-smbc-09.icecube.wisc.edu>
	SlotName: slot1_1@n-smbc-09.icecube.wisc.edu
	admin_mutex_1 = 0
	admin_mutex_2 = 0
	admin_mutex_3 = 0
	CondorScratchDir = "/scratch/condor/dir_3950351"
	Cpus = 1
	Disk = 3072
	GPUs = 0
	machine_token = 0
	Memory = 6016
...
006 (19534234.000.000) 2026-06-02 16:30:39 Image size of job updated: 120364
	118  -  MemoryUsage of job (MB)
	120364  -  ResidentSetSize of job (KB)
...
006 (19534234.000.000) 2026-06-02 16:35:39 Image size of job updated: 154396
	151  -  MemoryUsage of job (MB)
	154396  -  ResidentSetSize of job (KB)
...
006 (19534234.000.000) 2026-06-02 16:40:39 Image size of job updated: 281240
	275  -  MemoryUsage of job (MB)
	281240  -  ResidentSetSize of job (KB)
...
006 (19534234.000.000) 2026-06-02 16:45:40 Image size of job updated: 419364
	410  -  MemoryUsage of job (MB)
	419364  -  ResidentSetSize of job (KB)
...
006 (19534234.000.000) 2026-06-02 16:50:41 Image size of job updated: 734940
	718  -  MemoryUsage of job (MB)
	734940  -  ResidentSetSize of job (KB)
...
006 (19534234.000.000) 2026-06-02 16:55:41 Image size of job updated: 787812
	770  -  MemoryUsage of job (MB)
	787812  -  ResidentSetSize of job (KB)
...
006 (19534234.000.000) 2026-06-02 16:57:36 Image size of job updated: 801300
	770  -  MemoryUsage of job (MB)
	787812  -  ResidentSetSize of job (KB)
...
005 (19534234.000.000) 2026-06-02 16:57:36 Job terminated.
	(1) Normal termination (return value 0)
		Usr 0 00:26:10, Sys 0 00:00:16  -  Run Remote Usage
		Usr 0 00:00:00, Sys 0 00:00:00  -  Run Local Usage
		Usr 0 00:26:10, Sys 0 00:00:16  -  Total Remote Usage
		Usr 0 00:00:00, Sys 0 00:00:00  -  Total Local Usage
	0  -  Run Bytes Sent By Job
	0  -  Run Bytes Received By Job
	0  -  Total Bytes Sent By Job
	0  -  Total Bytes Received By Job
	Partitionable Resources :    Usage  Request Allocated 
	   admin_mutex_1         :                           0 
	   admin_mutex_2         :                           0 
	   admin_mutex_3         :                           0 
	   Cpus                  :     0.99        1         1 
	   Disk (KB)             :    10        2048      3072 
	   GPUs                  :                           0 
	   machine_token         :                           0 
	   Memory (MB)           :   770        6000      6016 
	   TimeExecute (s)       :  1630                       
	   TimeSlotBusy (s)      :  1631                       

	Job terminated of its own accord at 2026-06-02T21:57:36Z with exit-code 0.
...
