000 (19532832.000.000) 2026-06-02 15:48:55 Job submitted from host: <10.128.10.103:9618?addrs=10.128.10.103-9618&alias=npx-submitter.icecube.wisc.edu&noUDP&sock=schedd_2449_6386>
    DAG Node: Drootprod_20110807_22897
...
001 (19532832.000.000) 2026-06-02 15:53:41 Job executing on host: <10.128.10.187:34023?addrs=10.128.10.187-34023&alias=n-smepyc-00.icecube.wisc.edu>
	SlotName: slot1_7@n-smepyc-00.icecube.wisc.edu
	admin_mutex_1 = 0
	admin_mutex_2 = 0
	admin_mutex_3 = 0
	CondorScratchDir = "/scratch/condor/dir_1632864"
	Cpus = 1
	Disk = 3072
	GPUs = 0
	machine_token = 0
	Memory = 6016
...
006 (19532832.000.000) 2026-06-02 15:53:55 Image size of job updated: 122700
	120  -  MemoryUsage of job (MB)
	122700  -  ResidentSetSize of job (KB)
...
006 (19532832.000.000) 2026-06-02 15:58:56 Image size of job updated: 168020
	165  -  MemoryUsage of job (MB)
	168020  -  ResidentSetSize of job (KB)
...
006 (19532832.000.000) 2026-06-02 16:03:56 Image size of job updated: 418140
	409  -  MemoryUsage of job (MB)
	418140  -  ResidentSetSize of job (KB)
...
006 (19532832.000.000) 2026-06-02 16:08:57 Image size of job updated: 756784
	740  -  MemoryUsage of job (MB)
	756784  -  ResidentSetSize of job (KB)
...
006 (19532832.000.000) 2026-06-02 16:13:57 Image size of job updated: 884716
	864  -  MemoryUsage of job (MB)
	884716  -  ResidentSetSize of job (KB)
...
006 (19532832.000.000) 2026-06-02 16:15:21 Image size of job updated: 929648
	864  -  MemoryUsage of job (MB)
	884716  -  ResidentSetSize of job (KB)
...
005 (19532832.000.000) 2026-06-02 16:15:21 Job terminated.
	(1) Normal termination (return value 0)
		Usr 0 00:20:32, Sys 0 00:00:19  -  Run Remote Usage
		Usr 0 00:00:00, Sys 0 00:00:00  -  Run Local Usage
		Usr 0 00:20:32, Sys 0 00:00:19  -  Total Remote Usage
		Usr 0 00:00:00, Sys 0 00:00:00  -  Total Local Usage
	0  -  Run Bytes Sent By Job
	0  -  Run Bytes Received By Job
	0  -  Total Bytes Sent By Job
	0  -  Total Bytes Received By Job
	Partitionable Resources :    Usage  Request Allocated 
	   admin_mutex_1         :                           0 
	   admin_mutex_2         :                           0 
	   admin_mutex_3         :                           0 
	   Cpus                  :     0.96        1         1 
	   Disk (KB)             :    10        2048      3072 
	   GPUs                  :                           0 
	   machine_token         :                           0 
	   Memory (MB)           :   864        6000      6016 
	   TimeExecute (s)       :  1300                       
	   TimeSlotBusy (s)      :  1300                       

	Job terminated of its own accord at 2026-06-02T21:15:21Z with exit-code 0.
...
