000 (19533356.000.000) 2026-06-02 15:50:14 Job submitted from host: <10.128.10.103:9618?addrs=10.128.10.103-9618&alias=npx-submitter.icecube.wisc.edu&noUDP&sock=schedd_2449_6386>
    DAG Node: Drootprod_20110919_97167
...
001 (19533356.000.000) 2026-06-02 16:12:33 Job executing on host: <10.128.10.116:38163?addrs=10.128.10.116-38163&alias=n-gibyte-01.icecube.wisc.edu>
	SlotName: slot1_495@n-gibyte-01.icecube.wisc.edu
	admin_mutex_1 = 0
	admin_mutex_2 = 0
	admin_mutex_3 = 0
	CondorScratchDir = "/scratch/condor/dir_2464605"
	Cpus = 1
	Disk = 5480
	GPUs = 0
	machine_token = 0
	Memory = 6016
...
006 (19533356.000.000) 2026-06-02 16:12:46 Image size of job updated: 118228
	116  -  MemoryUsage of job (MB)
	118228  -  ResidentSetSize of job (KB)
...
006 (19533356.000.000) 2026-06-02 16:17:46 Image size of job updated: 140692
	138  -  MemoryUsage of job (MB)
	140692  -  ResidentSetSize of job (KB)
...
006 (19533356.000.000) 2026-06-02 16:22:47 Image size of job updated: 159072
	156  -  MemoryUsage of job (MB)
	159072  -  ResidentSetSize of job (KB)
...
022 (19533356.000.000) 2026-06-02 16:23:27 Job disconnected, attempting to reconnect
    Socket between submit and execute hosts closed unexpectedly
    Trying to reconnect to slot1_495@n-gibyte-01.icecube.wisc.edu <10.128.10.116:38163?addrs=10.128.10.116-38163&alias=n-gibyte-01.icecube.wisc.edu>
...
024 (19533356.000.000) 2026-06-02 17:03:27 Job reconnection failed
    Job disconnected too long: JobLeaseDuration (2400 seconds) expired
    Can not reconnect to slot1_495@n-gibyte-01.icecube.wisc.edu, rescheduling job
...
004 (19533356.000.000) 2026-06-02 17:03:37 Job was evicted.
	(0) CPU times
		Usr 0 00:09:47, Sys 0 00:00:05  -  Run Remote Usage
		Usr 0 00:00:00, Sys 0 00:00:00  -  Run Local Usage
	0  -  Run Bytes Sent By Job
	0  -  Run Bytes Received By Job
	Job disconnected too long: JobLeaseDuration (2400 seconds) expired
	Partitionable Resources :    Usage  Request Allocated 
	   admin_mutex_1         :                           0 
	   admin_mutex_2         :                           0 
	   admin_mutex_3         :                           0 
	   Cpus                  :     0.99        1         1 
	   Disk (KB)             :    10        2048      5480 
	   GPUs                  :                           0 
	   machine_token         :                           0 
	   Memory (MB)           :   156        6000      6016 
...
001 (19533356.000.000) 2026-06-02 17:08:19 Job executing on host: <10.128.11.28:42045?addrs=10.128.11.28-42045&alias=n-smbc-09.icecube.wisc.edu>
	SlotName: slot1_10@n-smbc-09.icecube.wisc.edu
	admin_mutex_1 = 0
	admin_mutex_2 = 0
	admin_mutex_3 = 0
	CondorScratchDir = "/scratch/condor/dir_4079862"
	Cpus = 1
	Disk = 3072
	GPUs = 0
	machine_token = 0
	Memory = 6016
...
006 (19533356.000.000) 2026-06-02 17:18:34 Image size of job updated: 287388
	281  -  MemoryUsage of job (MB)
	287388  -  ResidentSetSize of job (KB)
...
006 (19533356.000.000) 2026-06-02 17:23:34 Image size of job updated: 719588
	703  -  MemoryUsage of job (MB)
	719588  -  ResidentSetSize of job (KB)
...
006 (19533356.000.000) 2026-06-02 17:28:35 Image size of job updated: 761572
	744  -  MemoryUsage of job (MB)
	761572  -  ResidentSetSize of job (KB)
...
006 (19533356.000.000) 2026-06-02 17:33:36 Image size of job updated: 804904
	787  -  MemoryUsage of job (MB)
	804904  -  ResidentSetSize of job (KB)
...
006 (19533356.000.000) 2026-06-02 17:38:36 Image size of job updated: 934124
	913  -  MemoryUsage of job (MB)
	934124  -  ResidentSetSize of job (KB)
...
006 (19533356.000.000) 2026-06-02 17:39:57 Image size of job updated: 961428
	913  -  MemoryUsage of job (MB)
	934124  -  ResidentSetSize of job (KB)
...
005 (19533356.000.000) 2026-06-02 17:39:57 Job terminated.
	(1) Normal termination (return value 0)
		Usr 0 00:30:37, Sys 0 00:00:19  -  Run Remote Usage
		Usr 0 00:00:00, Sys 0 00:00:00  -  Run Local Usage
		Usr 0 00:40:24, Sys 0 00:00:24  -  Total Remote Usage
		Usr 0 00:00:00, Sys 0 00:00:00  -  Total Local Usage
	0  -  Run Bytes Sent By Job
	0  -  Run Bytes Received By Job
	0  -  Total Bytes Sent By Job
	0  -  Total Bytes Received By Job
	Partitionable Resources :    Usage  Request Allocated 
	   admin_mutex_1         :                           0 
	   admin_mutex_2         :                           0 
	   admin_mutex_3         :                           0 
	   Cpus                  :     0.99        1         1 
	   Disk (KB)             :    10        2048      3072 
	   GPUs                  :                           0 
	   machine_token         :                           0 
	   Memory (MB)           :   913        6000      6016 
	   TimeExecute (s)       :  1898                       
	   TimeSlotBusy (s)      :  1898                       

	Job terminated of its own accord at 2026-06-02T22:39:57Z with exit-code 0.
...
