000 (19532186.000.000) 2026-06-02 15:46:19 Job submitted from host: <10.128.10.103:9618?addrs=10.128.10.103-9618&alias=npx-submitter.icecube.wisc.edu&noUDP&sock=schedd_2449_6386>
    DAG Node: Drootprod_20110515_18847
...
001 (19532186.000.000) 2026-06-02 15:46:28 Job executing on host: <10.128.10.54:45483?addrs=10.128.10.54-45483&alias=n-m610-44.icecube.wisc.edu>
	SlotName: slot1_7@n-m610-44.icecube.wisc.edu
	admin_mutex_1 = 0
	admin_mutex_2 = 0
	admin_mutex_3 = 0
	CondorScratchDir = "/scratch/condor/dir_749467"
	Cpus = 1
	Disk = 3072
	GPUs = 0
	machine_token = 0
	Memory = 6016
...
006 (19532186.000.000) 2026-06-02 15:46:42 Image size of job updated: 69284
	68  -  MemoryUsage of job (MB)
	69284  -  ResidentSetSize of job (KB)
...
006 (19532186.000.000) 2026-06-02 15:51:43 Image size of job updated: 159292
	156  -  MemoryUsage of job (MB)
	159292  -  ResidentSetSize of job (KB)
...
006 (19532186.000.000) 2026-06-02 15:56:44 Image size of job updated: 290836
	285  -  MemoryUsage of job (MB)
	290836  -  ResidentSetSize of job (KB)
...
006 (19532186.000.000) 2026-06-02 15:58:02 Image size of job updated: 409828
	285  -  MemoryUsage of job (MB)
	290836  -  ResidentSetSize of job (KB)
...
005 (19532186.000.000) 2026-06-02 15:58:02 Job terminated.
	(1) Normal termination (return value 0)
		Usr 0 00:10:42, Sys 0 00:00:09  -  Run Remote Usage
		Usr 0 00:00:00, Sys 0 00:00:00  -  Run Local Usage
		Usr 0 00:10:42, Sys 0 00:00:09  -  Total Remote Usage
		Usr 0 00:00:00, Sys 0 00:00:00  -  Total Local Usage
	0  -  Run Bytes Sent By Job
	0  -  Run Bytes Received By Job
	0  -  Total Bytes Sent By Job
	0  -  Total Bytes Received By Job
	Partitionable Resources :    Usage  Request Allocated 
	   admin_mutex_1         :                           0 
	   admin_mutex_2         :                           0 
	   admin_mutex_3         :                           0 
	   Cpus                  :     0.93        1         1 
	   Disk (KB)             :     4        2048      3072 
	   GPUs                  :                           0 
	   machine_token         :                           0 
	   Memory (MB)           :   285        6000      6016 
	   TimeExecute (s)       :   694                       
	   TimeSlotBusy (s)      :   694                       

	Job terminated of its own accord at 2026-06-02T20:58:02Z with exit-code 0.
...
