000 (19532590.000.000) 2026-06-02 15:48:08 Job submitted from host: <10.128.10.103:9618?addrs=10.128.10.103-9618&alias=npx-submitter.icecube.wisc.edu&noUDP&sock=schedd_2449_6386>
    DAG Node: Drootprod_20110712_50593
...
001 (19532590.000.000) 2026-06-02 15:48:16 Job executing on host: <10.128.10.116:38163?addrs=10.128.10.116-38163&alias=n-gibyte-01.icecube.wisc.edu>
	SlotName: slot1_415@n-gibyte-01.icecube.wisc.edu
	admin_mutex_1 = 0
	admin_mutex_2 = 0
	admin_mutex_3 = 0
	CondorScratchDir = "/scratch/condor/dir_2357583"
	Cpus = 1
	Disk = 5480
	GPUs = 0
	machine_token = 0
	Memory = 6016
...
006 (19532590.000.000) 2026-06-02 15:48:25 Image size of job updated: 120936
	119  -  MemoryUsage of job (MB)
	120936  -  ResidentSetSize of job (KB)
...
006 (19532590.000.000) 2026-06-02 15:53:26 Image size of job updated: 142348
	140  -  MemoryUsage of job (MB)
	142348  -  ResidentSetSize of job (KB)
...
006 (19532590.000.000) 2026-06-02 15:58:27 Image size of job updated: 162004
	159  -  MemoryUsage of job (MB)
	162004  -  ResidentSetSize of job (KB)
...
006 (19532590.000.000) 2026-06-02 16:03:27 Image size of job updated: 275180
	269  -  MemoryUsage of job (MB)
	275180  -  ResidentSetSize of job (KB)
...
006 (19532590.000.000) 2026-06-02 16:08:28 Image size of job updated: 407620
	399  -  MemoryUsage of job (MB)
	407620  -  ResidentSetSize of job (KB)
...
006 (19532590.000.000) 2026-06-02 16:13:28 Image size of job updated: 565048
	552  -  MemoryUsage of job (MB)
	565048  -  ResidentSetSize of job (KB)
...
006 (19532590.000.000) 2026-06-02 16:18:29 Image size of job updated: 733052
	716  -  MemoryUsage of job (MB)
	733052  -  ResidentSetSize of job (KB)
...
022 (19532590.000.000) 2026-06-02 16:23:27 Job disconnected, attempting to reconnect
    Socket between submit and execute hosts closed unexpectedly
    Trying to reconnect to slot1_415@n-gibyte-01.icecube.wisc.edu <10.128.10.116:38163?addrs=10.128.10.116-38163&alias=n-gibyte-01.icecube.wisc.edu>
...
024 (19532590.000.000) 2026-06-02 17:03:27 Job reconnection failed
    Job disconnected too long: JobLeaseDuration (2400 seconds) expired
    Can not reconnect to slot1_415@n-gibyte-01.icecube.wisc.edu, rescheduling job
...
004 (19532590.000.000) 2026-06-02 17:03:37 Job was evicted.
	(0) CPU times
		Usr 0 00:29:06, Sys 0 00:00:17  -  Run Remote Usage
		Usr 0 00:00:00, Sys 0 00:00:00  -  Run Local Usage
	0  -  Run Bytes Sent By Job
	0  -  Run Bytes Received By Job
	Job disconnected too long: JobLeaseDuration (2400 seconds) expired
	Partitionable Resources :    Usage  Request Allocated 
	   admin_mutex_1         :                           0 
	   admin_mutex_2         :                           0 
	   admin_mutex_3         :                           0 
	   Cpus                  :     0.94        1         1 
	   Disk (KB)             :    10        2048      5480 
	   GPUs                  :                           0 
	   machine_token         :                           0 
	   Memory (MB)           :   716        6000      6016 
...
001 (19532590.000.000) 2026-06-02 17:05:28 Job executing on host: <10.128.10.206:37305?addrs=10.128.10.206-37305&alias=sm-storage-1.icecube.wisc.edu>
	SlotName: slot1_55@sm-storage-1.icecube.wisc.edu
	admin_mutex_1 = 0
	admin_mutex_2 = 0
	admin_mutex_3 = 0
	CondorScratchDir = "/scratch/condor/dir_3919702"
	Cpus = 1
	Disk = 3072
	GPUs = 0
	machine_token = 0
	Memory = 6016
...
006 (19532590.000.000) 2026-06-02 17:40:46 Image size of job updated: 754772
	738  -  MemoryUsage of job (MB)
	754772  -  ResidentSetSize of job (KB)
...
006 (19532590.000.000) 2026-06-02 17:45:46 Image size of job updated: 790372
	772  -  MemoryUsage of job (MB)
	790372  -  ResidentSetSize of job (KB)
...
006 (19532590.000.000) 2026-06-02 17:50:46 Image size of job updated: 864524
	845  -  MemoryUsage of job (MB)
	864524  -  ResidentSetSize of job (KB)
...
006 (19532590.000.000) 2026-06-02 17:55:47 Image size of job updated: 890904
	871  -  MemoryUsage of job (MB)
	890904  -  ResidentSetSize of job (KB)
...
006 (19532590.000.000) 2026-06-02 17:57:38 Image size of job updated: 951140
	871  -  MemoryUsage of job (MB)
	890904  -  ResidentSetSize of job (KB)
...
005 (19532590.000.000) 2026-06-02 17:57:38 Job terminated.
	(1) Normal termination (return value 0)
		Usr 0 00:50:51, Sys 0 00:00:19  -  Run Remote Usage
		Usr 0 00:00:00, Sys 0 00:00:00  -  Run Local Usage
		Usr 0 01:19:57, Sys 0 00:00:36  -  Total Remote Usage
		Usr 0 00:00:00, Sys 0 00:00:00  -  Total Local Usage
	0  -  Run Bytes Sent By Job
	0  -  Run Bytes Received By Job
	0  -  Total Bytes Sent By Job
	0  -  Total Bytes Received By Job
	Partitionable Resources :    Usage  Request Allocated 
	   admin_mutex_1         :                           0 
	   admin_mutex_2         :                           0 
	   admin_mutex_3         :                           0 
	   Cpus                  :     0.99        1         1 
	   Disk (KB)             :    10        2048      3072 
	   GPUs                  :                           0 
	   machine_token         :                           0 
	   Memory (MB)           :   871        6000      6016 
	   TimeExecute (s)       :  3130                       
	   TimeSlotBusy (s)      :  3130                       

	Job terminated of its own accord at 2026-06-02T22:57:38Z with exit-code 0.
...
