000 (19533626.000.000) 2026-06-02 15:50:48 Job submitted from host: <10.128.10.103:9618?addrs=10.128.10.103-9618&alias=npx-submitter.icecube.wisc.edu&noUDP&sock=schedd_2449_6386>
    DAG Node: Drootprod_20111008_82744
...
001 (19533626.000.000) 2026-06-02 16:18:02 Job executing on host: <10.128.10.116:38163?addrs=10.128.10.116-38163&alias=n-gibyte-01.icecube.wisc.edu>
	SlotName: slot1_1@n-gibyte-01.icecube.wisc.edu
	admin_mutex_1 = 0
	admin_mutex_2 = 0
	admin_mutex_3 = 0
	CondorScratchDir = "/scratch/condor/dir_2492744"
	Cpus = 1
	Disk = 5480
	GPUs = 0
	machine_token = 0
	Memory = 6016
...
006 (19533626.000.000) 2026-06-02 16:18:15 Image size of job updated: 119556
	117  -  MemoryUsage of job (MB)
	119556  -  ResidentSetSize of job (KB)
...
006 (19533626.000.000) 2026-06-02 16:23:15 Image size of job updated: 143676
	141  -  MemoryUsage of job (MB)
	143676  -  ResidentSetSize of job (KB)
...
006 (19533626.000.000) 2026-06-02 16:23:27 Image size of job updated: 144304
	141  -  MemoryUsage of job (MB)
	143676  -  ResidentSetSize of job (KB)
...
004 (19533626.000.000) 2026-06-02 16:23:27 Job was evicted.
	(0) CPU times
		Usr 0 00:05:04, Sys 0 00:00:04  -  Run Remote Usage
		Usr 0 00:00:00, Sys 0 00:00:00  -  Run Local Usage
	0  -  Run Bytes Sent By Job
	0  -  Run Bytes Received By Job
	Partitionable Resources :    Usage  Request Allocated 
	   admin_mutex_1         :                           0 
	   admin_mutex_2         :                           0 
	   admin_mutex_3         :                           0 
	   Cpus                  :     0.99        1         1 
	   Disk (KB)             :    10        2048      5480 
	   GPUs                  :                           0 
	   machine_token         :                           0 
	   Memory (MB)           :   141        6000      6016 
	   TimeExecute (s)       :   325                       
	   TimeSlotBusy (s)      :   326                       
...
001 (19533626.000.000) 2026-06-02 16:23:43 Job executing on host: <10.128.11.28:42045?addrs=10.128.11.28-42045&alias=n-smbc-09.icecube.wisc.edu>
	SlotName: slot1_22@n-smbc-09.icecube.wisc.edu
	admin_mutex_1 = 0
	admin_mutex_2 = 0
	admin_mutex_3 = 0
	CondorScratchDir = "/scratch/condor/dir_3927895"
	Cpus = 1
	Disk = 3072
	GPUs = 0
	machine_token = 0
	Memory = 6016
...
006 (19533626.000.000) 2026-06-02 16:28:58 Image size of job updated: 153944
	151  -  MemoryUsage of job (MB)
	153944  -  ResidentSetSize of job (KB)
...
006 (19533626.000.000) 2026-06-02 16:33:59 Image size of job updated: 280604
	275  -  MemoryUsage of job (MB)
	280604  -  ResidentSetSize of job (KB)
...
006 (19533626.000.000) 2026-06-02 16:38:59 Image size of job updated: 421516
	412  -  MemoryUsage of job (MB)
	421516  -  ResidentSetSize of job (KB)
...
006 (19533626.000.000) 2026-06-02 16:44:00 Image size of job updated: 737756
	721  -  MemoryUsage of job (MB)
	737756  -  ResidentSetSize of job (KB)
...
006 (19533626.000.000) 2026-06-02 16:49:01 Image size of job updated: 776848
	759  -  MemoryUsage of job (MB)
	776848  -  ResidentSetSize of job (KB)
...
006 (19533626.000.000) 2026-06-02 16:54:01 Image size of job updated: 868124
	848  -  MemoryUsage of job (MB)
	868124  -  ResidentSetSize of job (KB)
...
006 (19533626.000.000) 2026-06-02 16:54:36 Image size of job updated: 911396
	848  -  MemoryUsage of job (MB)
	868124  -  ResidentSetSize of job (KB)
...
005 (19533626.000.000) 2026-06-02 16:54:36 Job terminated.
	(1) Normal termination (return value 0)
		Usr 0 00:29:46, Sys 0 00:00:17  -  Run Remote Usage
		Usr 0 00:00:00, Sys 0 00:00:00  -  Run Local Usage
		Usr 0 00:34:50, Sys 0 00:00:21  -  Total Remote Usage
		Usr 0 00:00:00, Sys 0 00:00:00  -  Total Local Usage
	0  -  Run Bytes Sent By Job
	0  -  Run Bytes Received By Job
	0  -  Total Bytes Sent By Job
	0  -  Total Bytes Received By Job
	Partitionable Resources :    Usage  Request Allocated 
	   admin_mutex_1         :                           0 
	   admin_mutex_2         :                           0 
	   admin_mutex_3         :                           0 
	   Cpus                  :     0.99        1         1 
	   Disk (KB)             :    10        2048      3072 
	   GPUs                  :                           0 
	   machine_token         :                           0 
	   Memory (MB)           :   848        6000      6016 
	   TimeExecute (s)       :  1853                       
	   TimeSlotBusy (s)      :  1853                       

	Job terminated of its own accord at 2026-06-02T21:54:36Z with exit-code 0.
...
