000 (19533714.000.000) 2026-06-02 15:50:59 Job submitted from host: <10.128.10.103:9618?addrs=10.128.10.103-9618&alias=npx-submitter.icecube.wisc.edu&noUDP&sock=schedd_2449_6386>
    DAG Node: Drootprod_20111014_97356
...
001 (19533714.000.000) 2026-06-02 16:19:51 Job executing on host: <10.128.10.190:46289?addrs=10.128.10.190-46289&alias=n-smepyc-03.icecube.wisc.edu>
	SlotName: slot1_18@n-smepyc-03.icecube.wisc.edu
	admin_mutex_1 = 0
	admin_mutex_2 = 0
	admin_mutex_3 = 0
	CondorScratchDir = "/scratch/condor/dir_3581175"
	Cpus = 1
	Disk = 3072
	GPUs = 0
	machine_token = 0
	Memory = 6016
...
006 (19533714.000.000) 2026-06-02 16:20:05 Image size of job updated: 123308
	121  -  MemoryUsage of job (MB)
	123308  -  ResidentSetSize of job (KB)
...
006 (19533714.000.000) 2026-06-02 16:25:06 Image size of job updated: 269640
	264  -  MemoryUsage of job (MB)
	269640  -  ResidentSetSize of job (KB)
...
006 (19533714.000.000) 2026-06-02 16:30:07 Image size of job updated: 710784
	695  -  MemoryUsage of job (MB)
	710784  -  ResidentSetSize of job (KB)
...
006 (19533714.000.000) 2026-06-02 16:35:07 Image size of job updated: 791520
	773  -  MemoryUsage of job (MB)
	791520  -  ResidentSetSize of job (KB)
...
006 (19533714.000.000) 2026-06-02 16:38:48 Image size of job updated: 939744
	773  -  MemoryUsage of job (MB)
	791520  -  ResidentSetSize of job (KB)
...
005 (19533714.000.000) 2026-06-02 16:38:48 Job terminated.
	(1) Normal termination (return value 0)
		Usr 0 00:17:48, Sys 0 00:00:18  -  Run Remote Usage
		Usr 0 00:00:00, Sys 0 00:00:00  -  Run Local Usage
		Usr 0 00:17:48, Sys 0 00:00:18  -  Total Remote Usage
		Usr 0 00:00:00, Sys 0 00:00:00  -  Total Local Usage
	0  -  Run Bytes Sent By Job
	0  -  Run Bytes Received By Job
	0  -  Total Bytes Sent By Job
	0  -  Total Bytes Received By Job
	Partitionable Resources :    Usage  Request Allocated 
	   admin_mutex_1         :                           0 
	   admin_mutex_2         :                           0 
	   admin_mutex_3         :                           0 
	   Cpus                  :     0.99        1         1 
	   Disk (KB)             :    10        2048      3072 
	   GPUs                  :                           0 
	   machine_token         :                           0 
	   Memory (MB)           :   773        6000      6016 
	   TimeExecute (s)       :  1137                       
	   TimeSlotBusy (s)      :  1137                       

	Job terminated of its own accord at 2026-06-02T21:38:48Z with exit-code 0.
...
