000 (19532848.000.000) 2026-06-02 15:48:57 Job submitted from host: <10.128.10.103:9618?addrs=10.128.10.103-9618&alias=npx-submitter.icecube.wisc.edu&noUDP&sock=schedd_2449_6386>
    DAG Node: Drootprod_20110809_77605
...
001 (19532848.000.000) 2026-06-02 15:54:47 Job executing on host: <10.128.11.115:42327?addrs=10.128.11.115-42327&alias=n-r720-55.icecube.wisc.edu>
	SlotName: slot1_1@n-r720-55.icecube.wisc.edu
	admin_mutex_1 = 0
	admin_mutex_2 = 0
	admin_mutex_3 = 0
	CondorScratchDir = "/scratch/condor/dir_4054506"
	Cpus = 1
	Disk = 3072
	GPUs = 0
	machine_token = 0
	Memory = 6016
...
006 (19532848.000.000) 2026-06-02 15:55:01 Image size of job updated: 120492
	118  -  MemoryUsage of job (MB)
	120492  -  ResidentSetSize of job (KB)
...
006 (19532848.000.000) 2026-06-02 16:00:03 Image size of job updated: 150408
	147  -  MemoryUsage of job (MB)
	150408  -  ResidentSetSize of job (KB)
...
006 (19532848.000.000) 2026-06-02 16:05:03 Image size of job updated: 173152
	170  -  MemoryUsage of job (MB)
	173152  -  ResidentSetSize of job (KB)
...
006 (19532848.000.000) 2026-06-02 16:10:03 Image size of job updated: 403704
	395  -  MemoryUsage of job (MB)
	403704  -  ResidentSetSize of job (KB)
...
006 (19532848.000.000) 2026-06-02 16:15:04 Image size of job updated: 564096
	551  -  MemoryUsage of job (MB)
	564096  -  ResidentSetSize of job (KB)
...
006 (19532848.000.000) 2026-06-02 16:20:05 Image size of job updated: 738456
	722  -  MemoryUsage of job (MB)
	738456  -  ResidentSetSize of job (KB)
...
006 (19532848.000.000) 2026-06-02 16:25:05 Image size of job updated: 769724
	752  -  MemoryUsage of job (MB)
	769724  -  ResidentSetSize of job (KB)
...
006 (19532848.000.000) 2026-06-02 16:30:06 Image size of job updated: 862488
	843  -  MemoryUsage of job (MB)
	862488  -  ResidentSetSize of job (KB)
...
006 (19532848.000.000) 2026-06-02 16:32:32 Image size of job updated: 906836
	843  -  MemoryUsage of job (MB)
	862488  -  ResidentSetSize of job (KB)
...
005 (19532848.000.000) 2026-06-02 16:32:32 Job terminated.
	(1) Normal termination (return value 0)
		Usr 0 00:36:08, Sys 0 00:00:26  -  Run Remote Usage
		Usr 0 00:00:00, Sys 0 00:00:00  -  Run Local Usage
		Usr 0 00:36:08, Sys 0 00:00:26  -  Total Remote Usage
		Usr 0 00:00:00, Sys 0 00:00:00  -  Total Local Usage
	0  -  Run Bytes Sent By Job
	0  -  Run Bytes Received By Job
	0  -  Total Bytes Sent By Job
	0  -  Total Bytes Received By Job
	Partitionable Resources :    Usage  Request Allocated 
	   admin_mutex_1         :                           0 
	   admin_mutex_2         :                           0 
	   admin_mutex_3         :                           0 
	   Cpus                  :     1.00        1         1 
	   Disk (KB)             :    10        2048      3072 
	   GPUs                  :                           0 
	   machine_token         :                           0 
	   Memory (MB)           :   843        6000      6016 
	   TimeExecute (s)       :  2265                       
	   TimeSlotBusy (s)      :  2265                       

	Job terminated of its own accord at 2026-06-02T21:32:32Z with exit-code 0.
...
