000 (19533507.000.000) 2026-06-02 15:50:33 Job submitted from host: <10.128.10.103:9618?addrs=10.128.10.103-9618&alias=npx-submitter.icecube.wisc.edu&noUDP&sock=schedd_2449_6386>
    DAG Node: Drootprod_20110928_46170
...
001 (19533507.000.000) 2026-06-02 16:15:28 Job executing on host: <10.128.10.116:38163?addrs=10.128.10.116-38163&alias=n-gibyte-01.icecube.wisc.edu>
	SlotName: slot1_167@n-gibyte-01.icecube.wisc.edu
	admin_mutex_1 = 0
	admin_mutex_2 = 0
	admin_mutex_3 = 0
	CondorScratchDir = "/scratch/condor/dir_2479528"
	Cpus = 1
	Disk = 5480
	GPUs = 0
	machine_token = 0
	Memory = 6016
...
006 (19533507.000.000) 2026-06-02 16:15:42 Image size of job updated: 120276
	118  -  MemoryUsage of job (MB)
	120276  -  ResidentSetSize of job (KB)
...
006 (19533507.000.000) 2026-06-02 16:20:43 Image size of job updated: 144020
	141  -  MemoryUsage of job (MB)
	144020  -  ResidentSetSize of job (KB)
...
022 (19533507.000.000) 2026-06-02 16:23:27 Job disconnected, attempting to reconnect
    Socket between submit and execute hosts closed unexpectedly
    Trying to reconnect to slot1_167@n-gibyte-01.icecube.wisc.edu <10.128.10.116:38163?addrs=10.128.10.116-38163&alias=n-gibyte-01.icecube.wisc.edu>
...
024 (19533507.000.000) 2026-06-02 17:03:28 Job reconnection failed
    Job disconnected too long: JobLeaseDuration (2400 seconds) expired
    Can not reconnect to slot1_167@n-gibyte-01.icecube.wisc.edu, rescheduling job
...
004 (19533507.000.000) 2026-06-02 17:03:38 Job was evicted.
	(0) CPU times
		Usr 0 00:04:55, Sys 0 00:00:03  -  Run Remote Usage
		Usr 0 00:00:00, Sys 0 00:00:00  -  Run Local Usage
	0  -  Run Bytes Sent By Job
	0  -  Run Bytes Received By Job
	Job disconnected too long: JobLeaseDuration (2400 seconds) expired
	Partitionable Resources :    Usage  Request Allocated 
	   admin_mutex_1         :                           0 
	   admin_mutex_2         :                           0 
	   admin_mutex_3         :                           0 
	   Cpus                  :     0.99        1         1 
	   Disk (KB)             :    10        2048      5480 
	   GPUs                  :                           0 
	   machine_token         :                           0 
	   Memory (MB)           :   141        6000      6016 
...
001 (19533507.000.000) 2026-06-02 17:09:04 Job executing on host: <10.128.10.117:43719?addrs=10.128.10.117-43719&alias=n-gibyte-02.icecube.wisc.edu>
	SlotName: slot1_204@n-gibyte-02.icecube.wisc.edu
	admin_mutex_1 = 0
	admin_mutex_2 = 0
	admin_mutex_3 = 0
	CondorScratchDir = "/scratch/condor/dir_3611778"
	Cpus = 1
	Disk = 5480
	GPUs = 0
	machine_token = 0
	Memory = 6016
...
006 (19533507.000.000) 2026-06-02 17:19:19 Image size of job updated: 160552
	157  -  MemoryUsage of job (MB)
	160552  -  ResidentSetSize of job (KB)
...
006 (19533507.000.000) 2026-06-02 17:24:20 Image size of job updated: 274584
	269  -  MemoryUsage of job (MB)
	274584  -  ResidentSetSize of job (KB)
...
006 (19533507.000.000) 2026-06-02 17:29:20 Image size of job updated: 405516
	397  -  MemoryUsage of job (MB)
	405516  -  ResidentSetSize of job (KB)
...
006 (19533507.000.000) 2026-06-02 17:34:21 Image size of job updated: 425416
	416  -  MemoryUsage of job (MB)
	425416  -  ResidentSetSize of job (KB)
...
006 (19533507.000.000) 2026-06-02 17:39:21 Image size of job updated: 731436
	715  -  MemoryUsage of job (MB)
	731436  -  ResidentSetSize of job (KB)
...
006 (19533507.000.000) 2026-06-02 17:44:22 Image size of job updated: 756044
	739  -  MemoryUsage of job (MB)
	756044  -  ResidentSetSize of job (KB)
...
006 (19533507.000.000) 2026-06-02 17:49:23 Image size of job updated: 788472
	770  -  MemoryUsage of job (MB)
	788472  -  ResidentSetSize of job (KB)
...
006 (19533507.000.000) 2026-06-02 17:54:23 Image size of job updated: 798164
	780  -  MemoryUsage of job (MB)
	798164  -  ResidentSetSize of job (KB)
...
006 (19533507.000.000) 2026-06-02 17:59:24 Image size of job updated: 868612
	849  -  MemoryUsage of job (MB)
	868612  -  ResidentSetSize of job (KB)
...
006 (19533507.000.000) 2026-06-02 18:02:13 Image size of job updated: 905560
	849  -  MemoryUsage of job (MB)
	868612  -  ResidentSetSize of job (KB)
...
005 (19533507.000.000) 2026-06-02 18:02:13 Job terminated.
	(1) Normal termination (return value 0)
		Usr 0 00:51:18, Sys 0 00:00:29  -  Run Remote Usage
		Usr 0 00:00:00, Sys 0 00:00:00  -  Run Local Usage
		Usr 0 00:56:13, Sys 0 00:00:32  -  Total Remote Usage
		Usr 0 00:00:00, Sys 0 00:00:00  -  Total Local Usage
	0  -  Run Bytes Sent By Job
	0  -  Run Bytes Received By Job
	0  -  Total Bytes Sent By Job
	0  -  Total Bytes Received By Job
	Partitionable Resources :    Usage  Request Allocated 
	   admin_mutex_1         :                           0 
	   admin_mutex_2         :                           0 
	   admin_mutex_3         :                           0 
	   Cpus                  :     0.99        1         1 
	   Disk (KB)             :    10        2048      5480 
	   GPUs                  :                           0 
	   machine_token         :                           0 
	   Memory (MB)           :   849        6000      6016 
	   TimeExecute (s)       :  3189                       
	   TimeSlotBusy (s)      :  3189                       

	Job terminated of its own accord at 2026-06-02T23:02:13Z with exit-code 0.
...
