000 (19533636.000.000) 2026-06-02 15:50:49 Job submitted from host: <10.128.10.103:9618?addrs=10.128.10.103-9618&alias=npx-submitter.icecube.wisc.edu&noUDP&sock=schedd_2449_6386>
    DAG Node: Drootprod_20111009_94502
...
001 (19533636.000.000) 2026-06-02 16:18:06 Job executing on host: <10.128.10.192:35633?addrs=10.128.10.192-35633&alias=n-smepyc-05.icecube.wisc.edu>
	SlotName: slot1_73@n-smepyc-05.icecube.wisc.edu
	admin_mutex_1 = 0
	admin_mutex_2 = 0
	admin_mutex_3 = 0
	CondorScratchDir = "/scratch/condor/dir_133251"
	Cpus = 1
	Disk = 3072
	GPUs = 0
	machine_token = 0
	Memory = 6016
...
006 (19533636.000.000) 2026-06-02 16:18:19 Image size of job updated: 122372
	120  -  MemoryUsage of job (MB)
	122372  -  ResidentSetSize of job (KB)
...
006 (19533636.000.000) 2026-06-02 16:23:19 Image size of job updated: 165708
	162  -  MemoryUsage of job (MB)
	165708  -  ResidentSetSize of job (KB)
...
006 (19533636.000.000) 2026-06-02 16:28:20 Image size of job updated: 421088
	412  -  MemoryUsage of job (MB)
	421088  -  ResidentSetSize of job (KB)
...
006 (19533636.000.000) 2026-06-02 16:33:20 Image size of job updated: 749868
	733  -  MemoryUsage of job (MB)
	749868  -  ResidentSetSize of job (KB)
...
006 (19533636.000.000) 2026-06-02 16:38:20 Image size of job updated: 878560
	858  -  MemoryUsage of job (MB)
	878560  -  ResidentSetSize of job (KB)
...
006 (19533636.000.000) 2026-06-02 16:39:17 Image size of job updated: 891408
	858  -  MemoryUsage of job (MB)
	878560  -  ResidentSetSize of job (KB)
...
005 (19533636.000.000) 2026-06-02 16:39:17 Job terminated.
	(1) Normal termination (return value 0)
		Usr 0 00:20:03, Sys 0 00:00:19  -  Run Remote Usage
		Usr 0 00:00:00, Sys 0 00:00:00  -  Run Local Usage
		Usr 0 00:20:03, Sys 0 00:00:19  -  Total Remote Usage
		Usr 0 00:00:00, Sys 0 00:00:00  -  Total Local Usage
	0  -  Run Bytes Sent By Job
	0  -  Run Bytes Received By Job
	0  -  Total Bytes Sent By Job
	0  -  Total Bytes Received By Job
	Partitionable Resources :    Usage  Request Allocated 
	   admin_mutex_1         :                           0 
	   admin_mutex_2         :                           0 
	   admin_mutex_3         :                           0 
	   Cpus                  :     0.91        1         1 
	   Disk (KB)             :    10        2048      3072 
	   GPUs                  :                           0 
	   machine_token         :                           0 
	   Memory (MB)           :   858        6000      6016 
	   TimeExecute (s)       :  1271                       
	   TimeSlotBusy (s)      :  1271                       

	Job terminated of its own accord at 2026-06-02T21:39:17Z with exit-code 0.
...
