000 (19532892.000.000) 2026-06-02 15:49:05 Job submitted from host: <10.128.10.103:9618?addrs=10.128.10.103-9618&alias=npx-submitter.icecube.wisc.edu&noUDP&sock=schedd_2449_6386>
    DAG Node: Drootprod_20110812_74270
...
001 (19532892.000.000) 2026-06-02 15:56:58 Job executing on host: <10.128.10.187:34023?addrs=10.128.10.187-34023&alias=n-smepyc-00.icecube.wisc.edu>
	SlotName: slot1_64@n-smepyc-00.icecube.wisc.edu
	admin_mutex_1 = 0
	admin_mutex_2 = 0
	admin_mutex_3 = 0
	CondorScratchDir = "/scratch/condor/dir_1644804"
	Cpus = 1
	Disk = 3072
	GPUs = 0
	machine_token = 0
	Memory = 6016
...
006 (19532892.000.000) 2026-06-02 15:57:11 Image size of job updated: 122616
	120  -  MemoryUsage of job (MB)
	122616  -  ResidentSetSize of job (KB)
...
006 (19532892.000.000) 2026-06-02 16:02:11 Image size of job updated: 163440
	160  -  MemoryUsage of job (MB)
	163440  -  ResidentSetSize of job (KB)
...
006 (19532892.000.000) 2026-06-02 16:07:12 Image size of job updated: 417760
	408  -  MemoryUsage of job (MB)
	417760  -  ResidentSetSize of job (KB)
...
006 (19532892.000.000) 2026-06-02 16:12:12 Image size of job updated: 757344
	740  -  MemoryUsage of job (MB)
	757344  -  ResidentSetSize of job (KB)
...
006 (19532892.000.000) 2026-06-02 16:17:12 Image size of job updated: 878916
	859  -  MemoryUsage of job (MB)
	878916  -  ResidentSetSize of job (KB)
...
006 (19532892.000.000) 2026-06-02 16:17:34 Image size of job updated: 885056
	859  -  MemoryUsage of job (MB)
	878916  -  ResidentSetSize of job (KB)
...
005 (19532892.000.000) 2026-06-02 16:17:34 Job terminated.
	(1) Normal termination (return value 0)
		Usr 0 00:19:21, Sys 0 00:00:18  -  Run Remote Usage
		Usr 0 00:00:00, Sys 0 00:00:00  -  Run Local Usage
		Usr 0 00:19:21, Sys 0 00:00:18  -  Total Remote Usage
		Usr 0 00:00:00, Sys 0 00:00:00  -  Total Local Usage
	0  -  Run Bytes Sent By Job
	0  -  Run Bytes Received By Job
	0  -  Total Bytes Sent By Job
	0  -  Total Bytes Received By Job
	Partitionable Resources :    Usage  Request Allocated 
	   admin_mutex_1         :                           0 
	   admin_mutex_2         :                           0 
	   admin_mutex_3         :                           0 
	   Cpus                  :     0.91        1         1 
	   Disk (KB)             :    10        2048      3072 
	   GPUs                  :                           0 
	   machine_token         :                           0 
	   Memory (MB)           :   859        6000      6016 
	   TimeExecute (s)       :  1236                       
	   TimeSlotBusy (s)      :  1236                       

	Job terminated of its own accord at 2026-06-02T21:17:34Z with exit-code 0.
...
