000 (19533042.000.000) 2026-06-02 15:49:29 Job submitted from host: <10.128.10.103:9618?addrs=10.128.10.103-9618&alias=npx-submitter.icecube.wisc.edu&noUDP&sock=schedd_2449_6386>
    DAG Node: Drootprod_20110826_76089
...
001 (19533042.000.000) 2026-06-02 16:00:53 Job executing on host: <10.128.10.192:35633?addrs=10.128.10.192-35633&alias=n-smepyc-05.icecube.wisc.edu>
	SlotName: slot1_62@n-smepyc-05.icecube.wisc.edu
	admin_mutex_1 = 0
	admin_mutex_2 = 0
	admin_mutex_3 = 0
	CondorScratchDir = "/scratch/condor/dir_66920"
	Cpus = 1
	Disk = 3072
	GPUs = 0
	machine_token = 0
	Memory = 6016
...
006 (19533042.000.000) 2026-06-02 16:01:06 Image size of job updated: 121948
	120  -  MemoryUsage of job (MB)
	121948  -  ResidentSetSize of job (KB)
...
006 (19533042.000.000) 2026-06-02 16:06:06 Image size of job updated: 164188
	161  -  MemoryUsage of job (MB)
	164188  -  ResidentSetSize of job (KB)
...
006 (19533042.000.000) 2026-06-02 16:11:07 Image size of job updated: 413504
	404  -  MemoryUsage of job (MB)
	413504  -  ResidentSetSize of job (KB)
...
006 (19533042.000.000) 2026-06-02 16:16:08 Image size of job updated: 730504
	714  -  MemoryUsage of job (MB)
	730504  -  ResidentSetSize of job (KB)
...
006 (19533042.000.000) 2026-06-02 16:21:08 Image size of job updated: 763560
	746  -  MemoryUsage of job (MB)
	763560  -  ResidentSetSize of job (KB)
...
006 (19533042.000.000) 2026-06-02 16:25:51 Image size of job updated: 915092
	746  -  MemoryUsage of job (MB)
	763560  -  ResidentSetSize of job (KB)
...
005 (19533042.000.000) 2026-06-02 16:25:51 Job terminated.
	(1) Normal termination (return value 0)
		Usr 0 00:23:42, Sys 0 00:00:19  -  Run Remote Usage
		Usr 0 00:00:00, Sys 0 00:00:00  -  Run Local Usage
		Usr 0 00:23:42, Sys 0 00:00:19  -  Total Remote Usage
		Usr 0 00:00:00, Sys 0 00:00:00  -  Total Local Usage
	0  -  Run Bytes Sent By Job
	0  -  Run Bytes Received By Job
	0  -  Total Bytes Sent By Job
	0  -  Total Bytes Received By Job
	Partitionable Resources :    Usage  Request Allocated 
	   admin_mutex_1         :                           0 
	   admin_mutex_2         :                           0 
	   admin_mutex_3         :                           0 
	   Cpus                  :     0.96        1         1 
	   Disk (KB)             :    10        2048      3072 
	   GPUs                  :                           0 
	   machine_token         :                           0 
	   Memory (MB)           :   746        6000      6016 
	   TimeExecute (s)       :  1498                       
	   TimeSlotBusy (s)      :  1498                       

	Job terminated of its own accord at 2026-06-02T21:25:51Z with exit-code 0.
...
