000 (19534363.000.000) 2026-06-02 15:52:16 Job submitted from host: <10.128.10.103:9618?addrs=10.128.10.103-9618&alias=npx-submitter.icecube.wisc.edu&noUDP&sock=schedd_2449_6386>
    DAG Node: Drootprod_20111125_49115
...
001 (19534363.000.000) 2026-06-02 16:33:02 Job executing on host: <10.128.11.28:42045?addrs=10.128.11.28-42045&alias=n-smbc-09.icecube.wisc.edu>
	SlotName: slot1_19@n-smbc-09.icecube.wisc.edu
	admin_mutex_1 = 0
	admin_mutex_2 = 0
	admin_mutex_3 = 0
	CondorScratchDir = "/scratch/condor/dir_3959934"
	Cpus = 1
	Disk = 3072
	GPUs = 0
	machine_token = 0
	Memory = 6016
...
006 (19534363.000.000) 2026-06-02 16:33:15 Image size of job updated: 121084
	119  -  MemoryUsage of job (MB)
	121084  -  ResidentSetSize of job (KB)
...
006 (19534363.000.000) 2026-06-02 16:38:15 Image size of job updated: 152316
	149  -  MemoryUsage of job (MB)
	152316  -  ResidentSetSize of job (KB)
...
006 (19534363.000.000) 2026-06-02 16:43:16 Image size of job updated: 271984
	266  -  MemoryUsage of job (MB)
	271984  -  ResidentSetSize of job (KB)
...
006 (19534363.000.000) 2026-06-02 16:48:16 Image size of job updated: 413984
	405  -  MemoryUsage of job (MB)
	413984  -  ResidentSetSize of job (KB)
...
006 (19534363.000.000) 2026-06-02 16:53:16 Image size of job updated: 730912
	714  -  MemoryUsage of job (MB)
	730912  -  ResidentSetSize of job (KB)
...
006 (19534363.000.000) 2026-06-02 16:58:17 Image size of job updated: 777288
	760  -  MemoryUsage of job (MB)
	777288  -  ResidentSetSize of job (KB)
...
006 (19534363.000.000) 2026-06-02 17:03:17 Image size of job updated: 876492
	856  -  MemoryUsage of job (MB)
	876492  -  ResidentSetSize of job (KB)
...
006 (19534363.000.000) 2026-06-02 17:06:28 Image size of job updated: 937800
	856  -  MemoryUsage of job (MB)
	876492  -  ResidentSetSize of job (KB)
...
005 (19534363.000.000) 2026-06-02 17:06:28 Job terminated.
	(1) Normal termination (return value 0)
		Usr 0 00:32:05, Sys 0 00:00:18  -  Run Remote Usage
		Usr 0 00:00:00, Sys 0 00:00:00  -  Run Local Usage
		Usr 0 00:32:05, Sys 0 00:00:18  -  Total Remote Usage
		Usr 0 00:00:00, Sys 0 00:00:00  -  Total Local Usage
	0  -  Run Bytes Sent By Job
	0  -  Run Bytes Received By Job
	0  -  Total Bytes Sent By Job
	0  -  Total Bytes Received By Job
	Partitionable Resources :    Usage  Request Allocated 
	   admin_mutex_1         :                           0 
	   admin_mutex_2         :                           0 
	   admin_mutex_3         :                           0 
	   Cpus                  :     0.99        1         1 
	   Disk (KB)             :    12        2048      3072 
	   GPUs                  :                           0 
	   machine_token         :                           0 
	   Memory (MB)           :   856        6000      6016 
	   TimeExecute (s)       :  2006                       
	   TimeSlotBusy (s)      :  2006                       

	Job terminated of its own accord at 2026-06-02T22:06:28Z with exit-code 0.
...
