000 (19532786.000.000) 2026-06-02 15:48:47 Job submitted from host: <10.128.10.103:9618?addrs=10.128.10.103-9618&alias=npx-submitter.icecube.wisc.edu&noUDP&sock=schedd_2449_6386>
    DAG Node: Drootprod_20110804_78484
...
001 (19532786.000.000) 2026-06-02 15:52:14 Job executing on host: <10.128.10.116:38163?addrs=10.128.10.116-38163&alias=n-gibyte-01.icecube.wisc.edu>
	SlotName: slot1_80@n-gibyte-01.icecube.wisc.edu
	admin_mutex_1 = 0
	admin_mutex_2 = 0
	admin_mutex_3 = 0
	CondorScratchDir = "/scratch/condor/dir_2386029"
	Cpus = 1
	Disk = 5480
	GPUs = 0
	machine_token = 0
	Memory = 6016
...
006 (19532786.000.000) 2026-06-02 15:52:27 Image size of job updated: 118216
	116  -  MemoryUsage of job (MB)
	118216  -  ResidentSetSize of job (KB)
...
006 (19532786.000.000) 2026-06-02 15:57:27 Image size of job updated: 143076
	140  -  MemoryUsage of job (MB)
	143076  -  ResidentSetSize of job (KB)
...
006 (19532786.000.000) 2026-06-02 16:02:28 Image size of job updated: 160552
	157  -  MemoryUsage of job (MB)
	160552  -  ResidentSetSize of job (KB)
...
006 (19532786.000.000) 2026-06-02 16:07:28 Image size of job updated: 274148
	268  -  MemoryUsage of job (MB)
	274148  -  ResidentSetSize of job (KB)
...
006 (19532786.000.000) 2026-06-02 16:12:29 Image size of job updated: 404232
	395  -  MemoryUsage of job (MB)
	404232  -  ResidentSetSize of job (KB)
...
006 (19532786.000.000) 2026-06-02 16:17:29 Image size of job updated: 421428
	412  -  MemoryUsage of job (MB)
	421428  -  ResidentSetSize of job (KB)
...
006 (19532786.000.000) 2026-06-02 16:22:30 Image size of job updated: 726800
	710  -  MemoryUsage of job (MB)
	726800  -  ResidentSetSize of job (KB)
...
022 (19532786.000.000) 2026-06-02 16:23:27 Job disconnected, attempting to reconnect
    Socket between submit and execute hosts closed unexpectedly
    Trying to reconnect to slot1_80@n-gibyte-01.icecube.wisc.edu <10.128.10.116:38163?addrs=10.128.10.116-38163&alias=n-gibyte-01.icecube.wisc.edu>
...
024 (19532786.000.000) 2026-06-02 17:03:27 Job reconnection failed
    Job disconnected too long: JobLeaseDuration (2400 seconds) expired
    Can not reconnect to slot1_80@n-gibyte-01.icecube.wisc.edu, rescheduling job
...
004 (19532786.000.000) 2026-06-02 17:03:37 Job was evicted.
	(0) CPU times
		Usr 0 00:29:00, Sys 0 00:00:16  -  Run Remote Usage
		Usr 0 00:00:00, Sys 0 00:00:00  -  Run Local Usage
	0  -  Run Bytes Sent By Job
	0  -  Run Bytes Received By Job
	Job disconnected too long: JobLeaseDuration (2400 seconds) expired
	Partitionable Resources :    Usage  Request Allocated 
	   admin_mutex_1         :                           0 
	   admin_mutex_2         :                           0 
	   admin_mutex_3         :                           0 
	   Cpus                  :     0.98        1         1 
	   Disk (KB)             :    10        2048      5480 
	   GPUs                  :                           0 
	   machine_token         :                           0 
	   Memory (MB)           :   710        6000      6016 
...
001 (19532786.000.000) 2026-06-02 17:06:32 Job executing on host: <10.128.11.28:42045?addrs=10.128.11.28-42045&alias=n-smbc-09.icecube.wisc.edu>
	SlotName: slot1_19@n-smbc-09.icecube.wisc.edu
	admin_mutex_1 = 0
	admin_mutex_2 = 0
	admin_mutex_3 = 0
	CondorScratchDir = "/scratch/condor/dir_4073665"
	Cpus = 1
	Disk = 3072
	GPUs = 0
	machine_token = 0
	Memory = 6016
...
006 (19532786.000.000) 2026-06-02 17:31:49 Image size of job updated: 760576
	743  -  MemoryUsage of job (MB)
	760576  -  ResidentSetSize of job (KB)
...
006 (19532786.000.000) 2026-06-02 17:36:50 Image size of job updated: 862040
	842  -  MemoryUsage of job (MB)
	862040  -  ResidentSetSize of job (KB)
...
006 (19532786.000.000) 2026-06-02 17:39:04 Image size of job updated: 878232
	842  -  MemoryUsage of job (MB)
	862040  -  ResidentSetSize of job (KB)
...
005 (19532786.000.000) 2026-06-02 17:39:04 Job terminated.
	(1) Normal termination (return value 0)
		Usr 0 00:31:35, Sys 0 00:00:17  -  Run Remote Usage
		Usr 0 00:00:00, Sys 0 00:00:00  -  Run Local Usage
		Usr 0 01:00:35, Sys 0 00:00:33  -  Total Remote Usage
		Usr 0 00:00:00, Sys 0 00:00:00  -  Total Local Usage
	0  -  Run Bytes Sent By Job
	0  -  Run Bytes Received By Job
	0  -  Total Bytes Sent By Job
	0  -  Total Bytes Received By Job
	Partitionable Resources :    Usage  Request Allocated 
	   admin_mutex_1         :                           0 
	   admin_mutex_2         :                           0 
	   admin_mutex_3         :                           0 
	   Cpus                  :     0.98        1         1 
	   Disk (KB)             :    10        2048      3072 
	   GPUs                  :                           0 
	   machine_token         :                           0 
	   Memory (MB)           :   842        6000      6016 
	   TimeExecute (s)       :  1952                       
	   TimeSlotBusy (s)      :  1952                       

	Job terminated of its own accord at 2026-06-02T22:39:04Z with exit-code 0.
...
