000 (19532549.000.000) 2026-06-02 15:48:01 Job submitted from host: <10.128.10.103:9618?addrs=10.128.10.103-9618&alias=npx-submitter.icecube.wisc.edu&noUDP&sock=schedd_2449_6386>
    DAG Node: Drootprod_20110710_40734
...
001 (19532549.000.000) 2026-06-02 15:48:05 Job executing on host: <10.128.10.116:38163?addrs=10.128.10.116-38163&alias=n-gibyte-01.icecube.wisc.edu>
	SlotName: slot1_385@n-gibyte-01.icecube.wisc.edu
	admin_mutex_1 = 0
	admin_mutex_2 = 0
	admin_mutex_3 = 0
	CondorScratchDir = "/scratch/condor/dir_2353186"
	Cpus = 1
	Disk = 5480
	GPUs = 0
	machine_token = 0
	Memory = 6016
...
006 (19532549.000.000) 2026-06-02 15:48:14 Image size of job updated: 120324
	118  -  MemoryUsage of job (MB)
	120324  -  ResidentSetSize of job (KB)
...
006 (19532549.000.000) 2026-06-02 15:53:14 Image size of job updated: 144124
	141  -  MemoryUsage of job (MB)
	144124  -  ResidentSetSize of job (KB)
...
006 (19532549.000.000) 2026-06-02 15:58:15 Image size of job updated: 163296
	160  -  MemoryUsage of job (MB)
	163296  -  ResidentSetSize of job (KB)
...
006 (19532549.000.000) 2026-06-02 16:03:15 Image size of job updated: 278868
	273  -  MemoryUsage of job (MB)
	278868  -  ResidentSetSize of job (KB)
...
006 (19532549.000.000) 2026-06-02 16:08:16 Image size of job updated: 408096
	399  -  MemoryUsage of job (MB)
	408096  -  ResidentSetSize of job (KB)
...
006 (19532549.000.000) 2026-06-02 16:13:16 Image size of job updated: 564216
	551  -  MemoryUsage of job (MB)
	564216  -  ResidentSetSize of job (KB)
...
006 (19532549.000.000) 2026-06-02 16:18:17 Image size of job updated: 731764
	715  -  MemoryUsage of job (MB)
	731764  -  ResidentSetSize of job (KB)
...
006 (19532549.000.000) 2026-06-02 16:23:17 Image size of job updated: 757004
	740  -  MemoryUsage of job (MB)
	757004  -  ResidentSetSize of job (KB)
...
022 (19532549.000.000) 2026-06-02 16:23:27 Job disconnected, attempting to reconnect
    Socket between submit and execute hosts closed unexpectedly
    Trying to reconnect to slot1_385@n-gibyte-01.icecube.wisc.edu <10.128.10.116:38163?addrs=10.128.10.116-38163&alias=n-gibyte-01.icecube.wisc.edu>
...
024 (19532549.000.000) 2026-06-02 17:03:27 Job reconnection failed
    Job disconnected too long: JobLeaseDuration (2400 seconds) expired
    Can not reconnect to slot1_385@n-gibyte-01.icecube.wisc.edu, rescheduling job
...
004 (19532549.000.000) 2026-06-02 17:03:37 Job was evicted.
	(0) CPU times
		Usr 0 00:33:54, Sys 0 00:00:19  -  Run Remote Usage
		Usr 0 00:00:00, Sys 0 00:00:00  -  Run Local Usage
	0  -  Run Bytes Sent By Job
	0  -  Run Bytes Received By Job
	Job disconnected too long: JobLeaseDuration (2400 seconds) expired
	Partitionable Resources :    Usage  Request Allocated 
	   admin_mutex_1         :                           0 
	   admin_mutex_2         :                           0 
	   admin_mutex_3         :                           0 
	   Cpus                  :     0.99        1         1 
	   Disk (KB)             :    10        2048      5480 
	   GPUs                  :                           0 
	   machine_token         :                           0 
	   Memory (MB)           :   740        6000      6016 
...
001 (19532549.000.000) 2026-06-02 17:04:57 Job executing on host: <10.128.10.190:46289?addrs=10.128.10.190-46289&alias=n-smepyc-03.icecube.wisc.edu>
	SlotName: slot1_6@n-smepyc-03.icecube.wisc.edu
	admin_mutex_1 = 0
	admin_mutex_2 = 0
	admin_mutex_3 = 0
	CondorScratchDir = "/scratch/condor/dir_3754181"
	Cpus = 1
	Disk = 3072
	GPUs = 0
	machine_token = 0
	Memory = 6016
...
005 (19532549.000.000) 2026-06-02 17:22:57 Job terminated.
	(1) Normal termination (return value 0)
		Usr 0 00:17:13, Sys 0 00:00:18  -  Run Remote Usage
		Usr 0 00:00:00, Sys 0 00:00:00  -  Run Local Usage
		Usr 0 00:51:07, Sys 0 00:00:37  -  Total Remote Usage
		Usr 0 00:00:00, Sys 0 00:00:00  -  Total Local Usage
	0  -  Run Bytes Sent By Job
	0  -  Run Bytes Received By Job
	0  -  Total Bytes Sent By Job
	0  -  Total Bytes Received By Job
	Partitionable Resources :    Usage  Request Allocated 
	   admin_mutex_1         :                           0 
	   admin_mutex_2         :                           0 
	   admin_mutex_3         :                           0 
	   Cpus                  :     0.99        1         1 
	   Disk (KB)             :    10        2048      3072 
	   GPUs                  :                           0 
	   machine_token         :                           0 
	   Memory (MB)           :   977        6000      6016 
	   TimeExecute (s)       :  1080                       
	   TimeSlotBusy (s)      :  1080                       

	Job terminated of its own accord at 2026-06-02T22:22:57Z with exit-code 0.
...
