000 (19532700.000.000) 2026-06-02 15:48:31 Job submitted from host: <10.128.10.103:9618?addrs=10.128.10.103-9618&alias=npx-submitter.icecube.wisc.edu&noUDP&sock=schedd_2449_6386>
    DAG Node: Drootprod_20110724_57636
...
001 (19532700.000.000) 2026-06-02 15:48:46 Job executing on host: <10.128.10.116:38163?addrs=10.128.10.116-38163&alias=n-gibyte-01.icecube.wisc.edu>
	SlotName: slot1_487@n-gibyte-01.icecube.wisc.edu
	admin_mutex_1 = 0
	admin_mutex_2 = 0
	admin_mutex_3 = 0
	CondorScratchDir = "/scratch/condor/dir_2370236"
	Cpus = 1
	Disk = 5480
	GPUs = 0
	machine_token = 0
	Memory = 6016
...
006 (19532700.000.000) 2026-06-02 15:48:54 Image size of job updated: 118580
	116  -  MemoryUsage of job (MB)
	118580  -  ResidentSetSize of job (KB)
...
006 (19532700.000.000) 2026-06-02 15:53:54 Image size of job updated: 143060
	140  -  MemoryUsage of job (MB)
	143060  -  ResidentSetSize of job (KB)
...
006 (19532700.000.000) 2026-06-02 15:58:55 Image size of job updated: 162872
	160  -  MemoryUsage of job (MB)
	162872  -  ResidentSetSize of job (KB)
...
006 (19532700.000.000) 2026-06-02 16:03:55 Image size of job updated: 279608
	274  -  MemoryUsage of job (MB)
	279608  -  ResidentSetSize of job (KB)
...
006 (19532700.000.000) 2026-06-02 16:08:56 Image size of job updated: 410360
	401  -  MemoryUsage of job (MB)
	410360  -  ResidentSetSize of job (KB)
...
006 (19532700.000.000) 2026-06-02 16:13:56 Image size of job updated: 708324
	692  -  MemoryUsage of job (MB)
	708324  -  ResidentSetSize of job (KB)
...
006 (19532700.000.000) 2026-06-02 16:18:57 Image size of job updated: 739184
	722  -  MemoryUsage of job (MB)
	739184  -  ResidentSetSize of job (KB)
...
022 (19532700.000.000) 2026-06-02 16:23:27 Job disconnected, attempting to reconnect
    Socket between submit and execute hosts closed unexpectedly
    Trying to reconnect to slot1_487@n-gibyte-01.icecube.wisc.edu <10.128.10.116:38163?addrs=10.128.10.116-38163&alias=n-gibyte-01.icecube.wisc.edu>
...
024 (19532700.000.000) 2026-06-02 17:03:27 Job reconnection failed
    Job disconnected too long: JobLeaseDuration (2400 seconds) expired
    Can not reconnect to slot1_487@n-gibyte-01.icecube.wisc.edu, rescheduling job
...
004 (19532700.000.000) 2026-06-02 17:03:37 Job was evicted.
	(0) CPU times
		Usr 0 00:29:08, Sys 0 00:00:17  -  Run Remote Usage
		Usr 0 00:00:00, Sys 0 00:00:00  -  Run Local Usage
	0  -  Run Bytes Sent By Job
	0  -  Run Bytes Received By Job
	Job disconnected too long: JobLeaseDuration (2400 seconds) expired
	Partitionable Resources :    Usage  Request Allocated 
	   admin_mutex_1         :                           0 
	   admin_mutex_2         :                           0 
	   admin_mutex_3         :                           0 
	   Cpus                  :     0.99        1         1 
	   Disk (KB)             :    10        2048      5480 
	   GPUs                  :                           0 
	   machine_token         :                           0 
	   Memory (MB)           :   722        6000      6016 
...
001 (19532700.000.000) 2026-06-02 17:06:11 Job executing on host: <10.128.10.21:35497?addrs=10.128.10.21-35497&alias=n-m610-11.icecube.wisc.edu>
	SlotName: slot1_3@n-m610-11.icecube.wisc.edu
	admin_mutex_1 = 0
	admin_mutex_2 = 0
	admin_mutex_3 = 0
	CondorScratchDir = "/scratch/condor/dir_2568194"
	Cpus = 1
	Disk = 3072
	GPUs = 0
	machine_token = 0
	Memory = 6016
...
006 (19532700.000.000) 2026-06-02 17:26:27 Image size of job updated: 780728
	763  -  MemoryUsage of job (MB)
	780728  -  ResidentSetSize of job (KB)
...
006 (19532700.000.000) 2026-06-02 17:31:02 Image size of job updated: 888488
	763  -  MemoryUsage of job (MB)
	780728  -  ResidentSetSize of job (KB)
...
005 (19532700.000.000) 2026-06-02 17:31:02 Job terminated.
	(1) Normal termination (return value 0)
		Usr 0 00:23:54, Sys 0 00:00:21  -  Run Remote Usage
		Usr 0 00:00:00, Sys 0 00:00:00  -  Run Local Usage
		Usr 0 00:53:02, Sys 0 00:00:38  -  Total Remote Usage
		Usr 0 00:00:00, Sys 0 00:00:00  -  Total Local Usage
	0  -  Run Bytes Sent By Job
	0  -  Run Bytes Received By Job
	0  -  Total Bytes Sent By Job
	0  -  Total Bytes Received By Job
	Partitionable Resources :    Usage  Request Allocated 
	   admin_mutex_1         :                           0 
	   admin_mutex_2         :                           0 
	   admin_mutex_3         :                           0 
	   Cpus                  :     0.99        1         1 
	   Disk (KB)             :    10        2048      3072 
	   GPUs                  :                           0 
	   machine_token         :                           0 
	   Memory (MB)           :   763        6000      6016 
	   TimeExecute (s)       :  1491                       
	   TimeSlotBusy (s)      :  1491                       

	Job terminated of its own accord at 2026-06-02T22:31:02Z with exit-code 0.
...
