000 (19534759.000.000) 2026-06-02 15:53:00 Job submitted from host: <10.128.10.103:9618?addrs=10.128.10.103-9618&alias=npx-submitter.icecube.wisc.edu&noUDP&sock=schedd_2449_6386>
    DAG Node: Drootprod_20111218_34194
...
001 (19534759.000.000) 2026-06-02 16:40:19 Job executing on host: <10.128.10.189:44027?addrs=10.128.10.189-44027&alias=n-smepyc-02.icecube.wisc.edu>
	SlotName: slot1_66@n-smepyc-02.icecube.wisc.edu
	admin_mutex_1 = 0
	admin_mutex_2 = 0
	admin_mutex_3 = 0
	CondorScratchDir = "/scratch/condor/dir_416679"
	Cpus = 1
	Disk = 3072
	GPUs = 0
	machine_token = 0
	Memory = 6016
...
006 (19534759.000.000) 2026-06-02 16:40:32 Image size of job updated: 122852
	120  -  MemoryUsage of job (MB)
	122852  -  ResidentSetSize of job (KB)
...
006 (19534759.000.000) 2026-06-02 16:45:32 Image size of job updated: 270148
	264  -  MemoryUsage of job (MB)
	270148  -  ResidentSetSize of job (KB)
...
006 (19534759.000.000) 2026-06-02 16:50:33 Image size of job updated: 717648
	701  -  MemoryUsage of job (MB)
	717648  -  ResidentSetSize of job (KB)
...
006 (19534759.000.000) 2026-06-02 16:55:33 Image size of job updated: 793032
	775  -  MemoryUsage of job (MB)
	793032  -  ResidentSetSize of job (KB)
...
006 (19534759.000.000) 2026-06-02 16:56:37 Image size of job updated: 898560
	775  -  MemoryUsage of job (MB)
	793032  -  ResidentSetSize of job (KB)
...
005 (19534759.000.000) 2026-06-02 16:56:37 Job terminated.
	(1) Normal termination (return value 0)
		Usr 0 00:15:34, Sys 0 00:00:16  -  Run Remote Usage
		Usr 0 00:00:00, Sys 0 00:00:00  -  Run Local Usage
		Usr 0 00:15:34, Sys 0 00:00:16  -  Total Remote Usage
		Usr 0 00:00:00, Sys 0 00:00:00  -  Total Local Usage
	0  -  Run Bytes Sent By Job
	0  -  Run Bytes Received By Job
	0  -  Total Bytes Sent By Job
	0  -  Total Bytes Received By Job
	Partitionable Resources :    Usage  Request Allocated 
	   admin_mutex_1         :                           0 
	   admin_mutex_2         :                           0 
	   admin_mutex_3         :                           0 
	   Cpus                  :     1.00        1         1 
	   Disk (KB)             :    10        2048      3072 
	   GPUs                  :                           0 
	   machine_token         :                           0 
	   Memory (MB)           :   775        6000      6016 
	   TimeExecute (s)       :   978                       
	   TimeSlotBusy (s)      :   978                       

	Job terminated of its own accord at 2026-06-02T21:56:37Z with exit-code 0.
...
