000 (19533122.000.000) 2026-06-02 15:49:41 Job submitted from host: <10.128.10.103:9618?addrs=10.128.10.103-9618&alias=npx-submitter.icecube.wisc.edu&noUDP&sock=schedd_2449_6386>
    DAG Node: Drootprod_20110902_4629
...
001 (19533122.000.000) 2026-06-02 16:05:28 Job executing on host: <10.128.10.189:44027?addrs=10.128.10.189-44027&alias=n-smepyc-02.icecube.wisc.edu>
	SlotName: slot1_5@n-smepyc-02.icecube.wisc.edu
	admin_mutex_1 = 0
	admin_mutex_2 = 0
	admin_mutex_3 = 0
	CondorScratchDir = "/scratch/condor/dir_276510"
	Cpus = 1
	Disk = 3072
	GPUs = 0
	machine_token = 0
	Memory = 6016
...
006 (19533122.000.000) 2026-06-02 16:05:41 Image size of job updated: 122280
	120  -  MemoryUsage of job (MB)
	122280  -  ResidentSetSize of job (KB)
...
006 (19533122.000.000) 2026-06-02 16:10:41 Image size of job updated: 171552
	168  -  MemoryUsage of job (MB)
	171552  -  ResidentSetSize of job (KB)
...
006 (19533122.000.000) 2026-06-02 16:15:42 Image size of job updated: 710256
	694  -  MemoryUsage of job (MB)
	710256  -  ResidentSetSize of job (KB)
...
006 (19533122.000.000) 2026-06-02 16:17:19 Image size of job updated: 752652
	694  -  MemoryUsage of job (MB)
	710256  -  ResidentSetSize of job (KB)
...
005 (19533122.000.000) 2026-06-02 16:17:19 Job terminated.
	(1) Normal termination (return value 0)
		Usr 0 00:11:03, Sys 0 00:00:12  -  Run Remote Usage
		Usr 0 00:00:00, Sys 0 00:00:00  -  Run Local Usage
		Usr 0 00:11:03, Sys 0 00:00:12  -  Total Remote Usage
		Usr 0 00:00:00, Sys 0 00:00:00  -  Total Local Usage
	0  -  Run Bytes Sent By Job
	0  -  Run Bytes Received By Job
	0  -  Total Bytes Sent By Job
	0  -  Total Bytes Received By Job
	Partitionable Resources :    Usage  Request Allocated 
	   admin_mutex_1         :                           0 
	   admin_mutex_2         :                           0 
	   admin_mutex_3         :                           0 
	   Cpus                  :     0.97        1         1 
	   Disk (KB)             :     7        2048      3072 
	   GPUs                  :                           0 
	   machine_token         :                           0 
	   Memory (MB)           :   694        6000      6016 
	   TimeExecute (s)       :   711                       
	   TimeSlotBusy (s)      :   711                       

	Job terminated of its own accord at 2026-06-02T21:17:19Z with exit-code 0.
...
