000 (19532556.000.000) 2026-06-02 15:48:02 Job submitted from host: <10.128.10.103:9618?addrs=10.128.10.103-9618&alias=npx-submitter.icecube.wisc.edu&noUDP&sock=schedd_2449_6386>
    DAG Node: Drootprod_20110711_37194
...
001 (19532556.000.000) 2026-06-02 15:48:07 Job executing on host: <10.128.10.116:38163?addrs=10.128.10.116-38163&alias=n-gibyte-01.icecube.wisc.edu>
	SlotName: slot1_390@n-gibyte-01.icecube.wisc.edu
	admin_mutex_1 = 0
	admin_mutex_2 = 0
	admin_mutex_3 = 0
	CondorScratchDir = "/scratch/condor/dir_2353911"
	Cpus = 1
	Disk = 5480
	GPUs = 0
	machine_token = 0
	Memory = 6016
...
006 (19532556.000.000) 2026-06-02 15:48:16 Image size of job updated: 121532
	119  -  MemoryUsage of job (MB)
	121532  -  ResidentSetSize of job (KB)
...
006 (19532556.000.000) 2026-06-02 15:53:17 Image size of job updated: 144120
	141  -  MemoryUsage of job (MB)
	144120  -  ResidentSetSize of job (KB)
...
006 (19532556.000.000) 2026-06-02 15:58:18 Image size of job updated: 164156
	161  -  MemoryUsage of job (MB)
	164156  -  ResidentSetSize of job (KB)
...
006 (19532556.000.000) 2026-06-02 16:03:18 Image size of job updated: 279504
	273  -  MemoryUsage of job (MB)
	279504  -  ResidentSetSize of job (KB)
...
006 (19532556.000.000) 2026-06-02 16:08:19 Image size of job updated: 408024
	399  -  MemoryUsage of job (MB)
	408024  -  ResidentSetSize of job (KB)
...
006 (19532556.000.000) 2026-06-02 16:13:19 Image size of job updated: 565048
	552  -  MemoryUsage of job (MB)
	565048  -  ResidentSetSize of job (KB)
...
006 (19532556.000.000) 2026-06-02 16:18:20 Image size of job updated: 731884
	715  -  MemoryUsage of job (MB)
	731884  -  ResidentSetSize of job (KB)
...
006 (19532556.000.000) 2026-06-02 16:23:20 Image size of job updated: 757396
	740  -  MemoryUsage of job (MB)
	757396  -  ResidentSetSize of job (KB)
...
022 (19532556.000.000) 2026-06-02 16:23:27 Job disconnected, attempting to reconnect
    Socket between submit and execute hosts closed unexpectedly
    Trying to reconnect to slot1_390@n-gibyte-01.icecube.wisc.edu <10.128.10.116:38163?addrs=10.128.10.116-38163&alias=n-gibyte-01.icecube.wisc.edu>
...
024 (19532556.000.000) 2026-06-02 17:03:27 Job reconnection failed
    Job disconnected too long: JobLeaseDuration (2400 seconds) expired
    Can not reconnect to slot1_390@n-gibyte-01.icecube.wisc.edu, rescheduling job
...
004 (19532556.000.000) 2026-06-02 17:03:37 Job was evicted.
	(0) CPU times
		Usr 0 00:33:52, Sys 0 00:00:20  -  Run Remote Usage
		Usr 0 00:00:00, Sys 0 00:00:00  -  Run Local Usage
	0  -  Run Bytes Sent By Job
	0  -  Run Bytes Received By Job
	Job disconnected too long: JobLeaseDuration (2400 seconds) expired
	Partitionable Resources :    Usage  Request Allocated 
	   admin_mutex_1         :                           0 
	   admin_mutex_2         :                           0 
	   admin_mutex_3         :                           0 
	   Cpus                  :     0.99        1         1 
	   Disk (KB)             :    10        2048      5480 
	   GPUs                  :                           0 
	   machine_token         :                           0 
	   Memory (MB)           :   740        6000      6016 
...
001 (19532556.000.000) 2026-06-02 17:05:26 Job executing on host: <10.128.10.190:46289?addrs=10.128.10.190-46289&alias=n-smepyc-03.icecube.wisc.edu>
	SlotName: slot1_26@n-smepyc-03.icecube.wisc.edu
	admin_mutex_1 = 0
	admin_mutex_2 = 0
	admin_mutex_3 = 0
	CondorScratchDir = "/scratch/condor/dir_3756940"
	Cpus = 1
	Disk = 3072
	GPUs = 0
	machine_token = 0
	Memory = 6016
...
005 (19532556.000.000) 2026-06-02 17:28:15 Job terminated.
	(1) Normal termination (return value 0)
		Usr 0 00:21:57, Sys 0 00:00:19  -  Run Remote Usage
		Usr 0 00:00:00, Sys 0 00:00:00  -  Run Local Usage
		Usr 0 00:55:49, Sys 0 00:00:39  -  Total Remote Usage
		Usr 0 00:00:00, Sys 0 00:00:00  -  Total Local Usage
	0  -  Run Bytes Sent By Job
	0  -  Run Bytes Received By Job
	0  -  Total Bytes Sent By Job
	0  -  Total Bytes Received By Job
	Partitionable Resources :    Usage  Request Allocated 
	   admin_mutex_1         :                           0 
	   admin_mutex_2         :                           0 
	   admin_mutex_3         :                           0 
	   Cpus                  :     0.99        1         1 
	   Disk (KB)             :    10        2048      3072 
	   GPUs                  :                           0 
	   machine_token         :                           0 
	   Memory (MB)           :   977        6000      6016 
	   TimeExecute (s)       :  1369                       
	   TimeSlotBusy (s)      :  1369                       

	Job terminated of its own accord at 2026-06-02T22:28:15Z with exit-code 0.
...
