000 (19534165.000.000) 2026-06-02 15:51:55 Job submitted from host: <10.128.10.103:9618?addrs=10.128.10.103-9618&alias=npx-submitter.icecube.wisc.edu&noUDP&sock=schedd_2449_6386>
    DAG Node: Drootprod_20111113_49284
...
001 (19534165.000.000) 2026-06-02 16:28:51 Job executing on host: <10.128.10.117:43719?addrs=10.128.10.117-43719&alias=n-gibyte-02.icecube.wisc.edu>
	SlotName: slot1_490@n-gibyte-02.icecube.wisc.edu
	admin_mutex_1 = 0
	admin_mutex_2 = 0
	admin_mutex_3 = 0
	CondorScratchDir = "/scratch/condor/dir_3450117"
	Cpus = 1
	Disk = 5480
	GPUs = 0
	machine_token = 0
	Memory = 6016
...
006 (19534165.000.000) 2026-06-02 16:29:05 Image size of job updated: 120048
	118  -  MemoryUsage of job (MB)
	120048  -  ResidentSetSize of job (KB)
...
006 (19534165.000.000) 2026-06-02 16:34:06 Image size of job updated: 142640
	140  -  MemoryUsage of job (MB)
	142640  -  ResidentSetSize of job (KB)
...
006 (19534165.000.000) 2026-06-02 16:39:06 Image size of job updated: 160736
	157  -  MemoryUsage of job (MB)
	160736  -  ResidentSetSize of job (KB)
...
006 (19534165.000.000) 2026-06-02 16:44:07 Image size of job updated: 274284
	268  -  MemoryUsage of job (MB)
	274284  -  ResidentSetSize of job (KB)
...
006 (19534165.000.000) 2026-06-02 16:49:07 Image size of job updated: 405304
	396  -  MemoryUsage of job (MB)
	405304  -  ResidentSetSize of job (KB)
...
006 (19534165.000.000) 2026-06-02 16:51:49 Image size of job updated: 413648
	396  -  MemoryUsage of job (MB)
	405304  -  ResidentSetSize of job (KB)
...
005 (19534165.000.000) 2026-06-02 16:51:50 Job terminated.
	(1) Normal termination (return value 0)
		Usr 0 00:21:50, Sys 0 00:00:13  -  Run Remote Usage
		Usr 0 00:00:00, Sys 0 00:00:00  -  Run Local Usage
		Usr 0 00:21:50, Sys 0 00:00:13  -  Total Remote Usage
		Usr 0 00:00:00, Sys 0 00:00:00  -  Total Local Usage
	0  -  Run Bytes Sent By Job
	0  -  Run Bytes Received By Job
	0  -  Total Bytes Sent By Job
	0  -  Total Bytes Received By Job
	Partitionable Resources :    Usage  Request Allocated 
	   admin_mutex_1         :                           0 
	   admin_mutex_2         :                           0 
	   admin_mutex_3         :                           0 
	   Cpus                  :     0.99        1         1 
	   Disk (KB)             :    10        2048      5480 
	   GPUs                  :                           0 
	   machine_token         :                           0 
	   Memory (MB)           :   396        6000      6016 
	   TimeExecute (s)       :  1378                       
	   TimeSlotBusy (s)      :  1379                       

	Job terminated of its own accord at 2026-06-02T21:51:49Z with exit-code 0.
...
