000 (19533174.000.000) 2026-06-02 15:49:48 Job submitted from host: <10.128.10.103:9618?addrs=10.128.10.103-9618&alias=npx-submitter.icecube.wisc.edu&noUDP&sock=schedd_2449_6386>
    DAG Node: Drootprod_20110904_63408
...
001 (19533174.000.000) 2026-06-02 16:07:03 Job executing on host: <10.128.10.188:45333?addrs=10.128.10.188-45333&alias=n-smepyc-01.icecube.wisc.edu>
	SlotName: slot1_65@n-smepyc-01.icecube.wisc.edu
	admin_mutex_1 = 0
	admin_mutex_2 = 0
	admin_mutex_3 = 0
	CondorScratchDir = "/scratch/condor/dir_3884175"
	Cpus = 1
	Disk = 3072
	GPUs = 0
	machine_token = 0
	Memory = 6016
...
006 (19533174.000.000) 2026-06-02 16:07:16 Image size of job updated: 120652
	118  -  MemoryUsage of job (MB)
	120652  -  ResidentSetSize of job (KB)
...
006 (19533174.000.000) 2026-06-02 16:12:16 Image size of job updated: 172072
	169  -  MemoryUsage of job (MB)
	172072  -  ResidentSetSize of job (KB)
...
006 (19533174.000.000) 2026-06-02 16:17:17 Image size of job updated: 565104
	552  -  MemoryUsage of job (MB)
	565104  -  ResidentSetSize of job (KB)
...
006 (19533174.000.000) 2026-06-02 16:22:17 Image size of job updated: 778004
	760  -  MemoryUsage of job (MB)
	778004  -  ResidentSetSize of job (KB)
...
006 (19533174.000.000) 2026-06-02 16:25:44 Image size of job updated: 884456
	760  -  MemoryUsage of job (MB)
	778004  -  ResidentSetSize of job (KB)
...
005 (19533174.000.000) 2026-06-02 16:25:44 Job terminated.
	(1) Normal termination (return value 0)
		Usr 0 00:17:34, Sys 0 00:00:17  -  Run Remote Usage
		Usr 0 00:00:00, Sys 0 00:00:00  -  Run Local Usage
		Usr 0 00:17:34, Sys 0 00:00:17  -  Total Remote Usage
		Usr 0 00:00:00, Sys 0 00:00:00  -  Total Local Usage
	0  -  Run Bytes Sent By Job
	0  -  Run Bytes Received By Job
	0  -  Total Bytes Sent By Job
	0  -  Total Bytes Received By Job
	Partitionable Resources :    Usage  Request Allocated 
	   admin_mutex_1         :                           0 
	   admin_mutex_2         :                           0 
	   admin_mutex_3         :                           0 
	   Cpus                  :     0.99        1         1 
	   Disk (KB)             :    10        2048      3072 
	   GPUs                  :                           0 
	   machine_token         :                           0 
	   Memory (MB)           :   760        6000      6016 
	   TimeExecute (s)       :  1121                       
	   TimeSlotBusy (s)      :  1121                       

	Job terminated of its own accord at 2026-06-02T21:25:44Z with exit-code 0.
...
