000 (19532902.000.000) 2026-06-02 15:49:07 Job submitted from host: <10.128.10.103:9618?addrs=10.128.10.103-9618&alias=npx-submitter.icecube.wisc.edu&noUDP&sock=schedd_2449_6386>
    DAG Node: Drootprod_20110814_10406
...
001 (19532902.000.000) 2026-06-02 15:56:58 Job executing on host: <10.128.10.28:43283?addrs=10.128.10.28-43283&alias=n-m610-18.icecube.wisc.edu>
	SlotName: slot1_7@n-m610-18.icecube.wisc.edu
	admin_mutex_1 = 0
	admin_mutex_2 = 0
	admin_mutex_3 = 0
	CondorScratchDir = "/scratch/condor/dir_1390472"
	Cpus = 1
	Disk = 3072
	GPUs = 0
	machine_token = 0
	Memory = 6016
...
006 (19532902.000.000) 2026-06-02 15:57:12 Image size of job updated: 121904
	120  -  MemoryUsage of job (MB)
	121904  -  ResidentSetSize of job (KB)
...
006 (19532902.000.000) 2026-06-02 16:02:13 Image size of job updated: 157872
	155  -  MemoryUsage of job (MB)
	157872  -  ResidentSetSize of job (KB)
...
006 (19532902.000.000) 2026-06-02 16:07:13 Image size of job updated: 286932
	281  -  MemoryUsage of job (MB)
	286932  -  ResidentSetSize of job (KB)
...
006 (19532902.000.000) 2026-06-02 16:12:14 Image size of job updated: 708480
	692  -  MemoryUsage of job (MB)
	708480  -  ResidentSetSize of job (KB)
...
006 (19532902.000.000) 2026-06-02 16:17:15 Image size of job updated: 756548
	739  -  MemoryUsage of job (MB)
	756548  -  ResidentSetSize of job (KB)
...
006 (19532902.000.000) 2026-06-02 16:22:15 Image size of job updated: 804568
	786  -  MemoryUsage of job (MB)
	804568  -  ResidentSetSize of job (KB)
...
006 (19532902.000.000) 2026-06-02 16:24:32 Image size of job updated: 920080
	786  -  MemoryUsage of job (MB)
	804568  -  ResidentSetSize of job (KB)
...
005 (19532902.000.000) 2026-06-02 16:24:32 Job terminated.
	(1) Normal termination (return value 0)
		Usr 0 00:26:17, Sys 0 00:00:22  -  Run Remote Usage
		Usr 0 00:00:00, Sys 0 00:00:00  -  Run Local Usage
		Usr 0 00:26:17, Sys 0 00:00:22  -  Total Remote Usage
		Usr 0 00:00:00, Sys 0 00:00:00  -  Total Local Usage
	0  -  Run Bytes Sent By Job
	0  -  Run Bytes Received By Job
	0  -  Total Bytes Sent By Job
	0  -  Total Bytes Received By Job
	Partitionable Resources :    Usage  Request Allocated 
	   admin_mutex_1         :                           0 
	   admin_mutex_2         :                           0 
	   admin_mutex_3         :                           0 
	   Cpus                  :     0.99        1         1 
	   Disk (KB)             :    10        2048      3072 
	   GPUs                  :                           0 
	   machine_token         :                           0 
	   Memory (MB)           :   786        6000      6016 
	   TimeExecute (s)       :  1654                       
	   TimeSlotBusy (s)      :  1654                       

	Job terminated of its own accord at 2026-06-02T21:24:32Z with exit-code 0.
...
