000 (19532918.000.000) 2026-06-02 15:49:09 Job submitted from host: <10.128.10.103:9618?addrs=10.128.10.103-9618&alias=npx-submitter.icecube.wisc.edu&noUDP&sock=schedd_2449_6386>
    DAG Node: Drootprod_20110816_23771
...
001 (19532918.000.000) 2026-06-02 15:57:40 Job executing on host: <10.128.10.190:46289?addrs=10.128.10.190-46289&alias=n-smepyc-03.icecube.wisc.edu>
	SlotName: slot1_6@n-smepyc-03.icecube.wisc.edu
	admin_mutex_1 = 0
	admin_mutex_2 = 0
	admin_mutex_3 = 0
	CondorScratchDir = "/scratch/condor/dir_3490727"
	Cpus = 1
	Disk = 3072
	GPUs = 0
	machine_token = 0
	Memory = 6016
...
006 (19532918.000.000) 2026-06-02 15:57:54 Image size of job updated: 123128
	121  -  MemoryUsage of job (MB)
	123128  -  ResidentSetSize of job (KB)
...
006 (19532918.000.000) 2026-06-02 16:02:54 Image size of job updated: 272080
	266  -  MemoryUsage of job (MB)
	272080  -  ResidentSetSize of job (KB)
...
006 (19532918.000.000) 2026-06-02 16:07:54 Image size of job updated: 719656
	703  -  MemoryUsage of job (MB)
	719656  -  ResidentSetSize of job (KB)
...
006 (19532918.000.000) 2026-06-02 16:12:55 Image size of job updated: 793992
	776  -  MemoryUsage of job (MB)
	793992  -  ResidentSetSize of job (KB)
...
006 (19532918.000.000) 2026-06-02 16:16:35 Image size of job updated: 935496
	776  -  MemoryUsage of job (MB)
	793992  -  ResidentSetSize of job (KB)
...
005 (19532918.000.000) 2026-06-02 16:16:35 Job terminated.
	(1) Normal termination (return value 0)
		Usr 0 00:17:48, Sys 0 00:00:18  -  Run Remote Usage
		Usr 0 00:00:00, Sys 0 00:00:00  -  Run Local Usage
		Usr 0 00:17:48, Sys 0 00:00:18  -  Total Remote Usage
		Usr 0 00:00:00, Sys 0 00:00:00  -  Total Local Usage
	0  -  Run Bytes Sent By Job
	0  -  Run Bytes Received By Job
	0  -  Total Bytes Sent By Job
	0  -  Total Bytes Received By Job
	Partitionable Resources :    Usage  Request Allocated 
	   admin_mutex_1         :                           0 
	   admin_mutex_2         :                           0 
	   admin_mutex_3         :                           0 
	   Cpus                  :     0.93        1         1 
	   Disk (KB)             :    10        2048      3072 
	   GPUs                  :                           0 
	   machine_token         :                           0 
	   Memory (MB)           :   776        6000      6016 
	   TimeExecute (s)       :  1135                       
	   TimeSlotBusy (s)      :  1135                       

	Job terminated of its own accord at 2026-06-02T21:16:35Z with exit-code 0.
...
