000 (19532591.000.000) 2026-06-02 15:48:09 Job submitted from host: <10.128.10.103:9618?addrs=10.128.10.103-9618&alias=npx-submitter.icecube.wisc.edu&noUDP&sock=schedd_2449_6386>
    DAG Node: Drootprod_20110713_86089
...
001 (19532591.000.000) 2026-06-02 15:48:15 Job executing on host: <10.128.10.16:46491?addrs=10.128.10.16-46491&alias=n-m610-06.icecube.wisc.edu>
	SlotName: slot1_6@n-m610-06.icecube.wisc.edu
	admin_mutex_1 = 0
	admin_mutex_2 = 0
	admin_mutex_3 = 0
	CondorScratchDir = "/scratch/condor/dir_3871817"
	Cpus = 1
	Disk = 3072
	GPUs = 0
	machine_token = 0
	Memory = 6016
...
006 (19532591.000.000) 2026-06-02 15:48:29 Image size of job updated: 122384
	120  -  MemoryUsage of job (MB)
	122384  -  ResidentSetSize of job (KB)
...
006 (19532591.000.000) 2026-06-02 15:53:30 Image size of job updated: 160780
	158  -  MemoryUsage of job (MB)
	160780  -  ResidentSetSize of job (KB)
...
006 (19532591.000.000) 2026-06-02 15:58:30 Image size of job updated: 404248
	395  -  MemoryUsage of job (MB)
	404248  -  ResidentSetSize of job (KB)
...
006 (19532591.000.000) 2026-06-02 16:03:31 Image size of job updated: 727012
	710  -  MemoryUsage of job (MB)
	727012  -  ResidentSetSize of job (KB)
...
006 (19532591.000.000) 2026-06-02 16:08:32 Image size of job updated: 787576
	770  -  MemoryUsage of job (MB)
	787576  -  ResidentSetSize of job (KB)
...
006 (19532591.000.000) 2026-06-02 16:12:59 Image size of job updated: 925920
	770  -  MemoryUsage of job (MB)
	787576  -  ResidentSetSize of job (KB)
...
005 (19532591.000.000) 2026-06-02 16:12:59 Job terminated.
	(1) Normal termination (return value 0)
		Usr 0 00:23:28, Sys 0 00:00:20  -  Run Remote Usage
		Usr 0 00:00:00, Sys 0 00:00:00  -  Run Local Usage
		Usr 0 00:23:28, Sys 0 00:00:20  -  Total Remote Usage
		Usr 0 00:00:00, Sys 0 00:00:00  -  Total Local Usage
	0  -  Run Bytes Sent By Job
	0  -  Run Bytes Received By Job
	0  -  Total Bytes Sent By Job
	0  -  Total Bytes Received By Job
	Partitionable Resources :    Usage  Request Allocated 
	   admin_mutex_1         :                           0 
	   admin_mutex_2         :                           0 
	   admin_mutex_3         :                           0 
	   Cpus                  :     0.97        1         1 
	   Disk (KB)             :    10        2048      3072 
	   GPUs                  :                           0 
	   machine_token         :                           0 
	   Memory (MB)           :   770        6000      6016 
	   TimeExecute (s)       :  1484                       
	   TimeSlotBusy (s)      :  1484                       

	Job terminated of its own accord at 2026-06-02T21:12:59Z with exit-code 0.
...
