000 (19532603.000.000) 2026-06-02 15:48:12 Job submitted from host: <10.128.10.103:9618?addrs=10.128.10.103-9618&alias=npx-submitter.icecube.wisc.edu&noUDP&sock=schedd_2449_6386>
    DAG Node: Drootprod_20110716_98610
...
001 (19532603.000.000) 2026-06-02 15:48:19 Job executing on host: <10.128.10.116:38163?addrs=10.128.10.116-38163&alias=n-gibyte-01.icecube.wisc.edu>
	SlotName: slot1_422@n-gibyte-01.icecube.wisc.edu
	admin_mutex_1 = 0
	admin_mutex_2 = 0
	admin_mutex_3 = 0
	CondorScratchDir = "/scratch/condor/dir_2358713"
	Cpus = 1
	Disk = 5480
	GPUs = 0
	machine_token = 0
	Memory = 6016
...
006 (19532603.000.000) 2026-06-02 15:48:28 Image size of job updated: 120156
	118  -  MemoryUsage of job (MB)
	120156  -  ResidentSetSize of job (KB)
...
006 (19532603.000.000) 2026-06-02 15:53:29 Image size of job updated: 142644
	140  -  MemoryUsage of job (MB)
	142644  -  ResidentSetSize of job (KB)
...
006 (19532603.000.000) 2026-06-02 15:58:29 Image size of job updated: 161632
	158  -  MemoryUsage of job (MB)
	161632  -  ResidentSetSize of job (KB)
...
006 (19532603.000.000) 2026-06-02 16:03:30 Image size of job updated: 275340
	269  -  MemoryUsage of job (MB)
	275340  -  ResidentSetSize of job (KB)
...
006 (19532603.000.000) 2026-06-02 16:08:30 Image size of job updated: 406792
	398  -  MemoryUsage of job (MB)
	406792  -  ResidentSetSize of job (KB)
...
006 (19532603.000.000) 2026-06-02 16:13:31 Image size of job updated: 565268
	553  -  MemoryUsage of job (MB)
	565268  -  ResidentSetSize of job (KB)
...
006 (19532603.000.000) 2026-06-02 16:18:31 Image size of job updated: 735236
	719  -  MemoryUsage of job (MB)
	735236  -  ResidentSetSize of job (KB)
...
022 (19532603.000.000) 2026-06-02 16:23:27 Job disconnected, attempting to reconnect
    Socket between submit and execute hosts closed unexpectedly
    Trying to reconnect to slot1_422@n-gibyte-01.icecube.wisc.edu <10.128.10.116:38163?addrs=10.128.10.116-38163&alias=n-gibyte-01.icecube.wisc.edu>
...
024 (19532603.000.000) 2026-06-02 17:03:27 Job reconnection failed
    Job disconnected too long: JobLeaseDuration (2400 seconds) expired
    Can not reconnect to slot1_422@n-gibyte-01.icecube.wisc.edu, rescheduling job
...
004 (19532603.000.000) 2026-06-02 17:03:37 Job was evicted.
	(0) CPU times
		Usr 0 00:29:02, Sys 0 00:00:17  -  Run Remote Usage
		Usr 0 00:00:00, Sys 0 00:00:00  -  Run Local Usage
	0  -  Run Bytes Sent By Job
	0  -  Run Bytes Received By Job
	Job disconnected too long: JobLeaseDuration (2400 seconds) expired
	Partitionable Resources :    Usage  Request Allocated 
	   admin_mutex_1         :                           0 
	   admin_mutex_2         :                           0 
	   admin_mutex_3         :                           0 
	   Cpus                  :     0.72        1         1 
	   Disk (KB)             :    10        2048      5480 
	   GPUs                  :                           0 
	   machine_token         :                           0 
	   Memory (MB)           :   719        6000      6016 
...
001 (19532603.000.000) 2026-06-02 17:05:34 Job executing on host: <10.128.10.42:37469?addrs=10.128.10.42-37469&alias=n-m610-32.icecube.wisc.edu>
	SlotName: slot1_9@n-m610-32.icecube.wisc.edu
	admin_mutex_1 = 0
	admin_mutex_2 = 0
	admin_mutex_3 = 0
	CondorScratchDir = "/scratch/condor/dir_1298325"
	Cpus = 1
	Disk = 3072
	GPUs = 0
	machine_token = 0
	Memory = 6016
...
006 (19532603.000.000) 2026-06-02 17:25:50 Image size of job updated: 761640
	744  -  MemoryUsage of job (MB)
	761640  -  ResidentSetSize of job (KB)
...
006 (19532603.000.000) 2026-06-02 17:30:51 Image size of job updated: 874256
	854  -  MemoryUsage of job (MB)
	874256  -  ResidentSetSize of job (KB)
...
006 (19532603.000.000) 2026-06-02 17:34:23 Image size of job updated: 965368
	854  -  MemoryUsage of job (MB)
	874256  -  ResidentSetSize of job (KB)
...
005 (19532603.000.000) 2026-06-02 17:34:23 Job terminated.
	(1) Normal termination (return value 0)
		Usr 0 00:27:33, Sys 0 00:00:23  -  Run Remote Usage
		Usr 0 00:00:00, Sys 0 00:00:00  -  Run Local Usage
		Usr 0 00:56:35, Sys 0 00:00:40  -  Total Remote Usage
		Usr 0 00:00:00, Sys 0 00:00:00  -  Total Local Usage
	0  -  Run Bytes Sent By Job
	0  -  Run Bytes Received By Job
	0  -  Total Bytes Sent By Job
	0  -  Total Bytes Received By Job
	Partitionable Resources :    Usage  Request Allocated 
	   admin_mutex_1         :                           0 
	   admin_mutex_2         :                           0 
	   admin_mutex_3         :                           0 
	   Cpus                  :     0.87        1         1 
	   Disk (KB)             :    10        2048      3072 
	   GPUs                  :                           0 
	   machine_token         :                           0 
	   Memory (MB)           :   854        6000      6016 
	   TimeExecute (s)       :  1729                       
	   TimeSlotBusy (s)      :  1729                       

	Job terminated of its own accord at 2026-06-02T22:34:23Z with exit-code 0.
...
