000 (19532827.000.000) 2026-06-02 15:48:54 Job submitted from host: <10.128.10.103:9618?addrs=10.128.10.103-9618&alias=npx-submitter.icecube.wisc.edu&noUDP&sock=schedd_2449_6386>
    DAG Node: Drootprod_20110806_70614
...
001 (19532827.000.000) 2026-06-02 15:53:20 Job executing on host: <10.128.10.191:42321?addrs=10.128.10.191-42321&alias=n-smepyc-04.icecube.wisc.edu>
	SlotName: slot1_5@n-smepyc-04.icecube.wisc.edu
	admin_mutex_1 = 0
	admin_mutex_2 = 0
	admin_mutex_3 = 0
	CondorScratchDir = "/scratch/condor/dir_4191449"
	Cpus = 1
	Disk = 3072
	GPUs = 0
	machine_token = 0
	Memory = 6016
...
006 (19532827.000.000) 2026-06-02 15:53:34 Image size of job updated: 123284
	121  -  MemoryUsage of job (MB)
	123284  -  ResidentSetSize of job (KB)
...
006 (19532827.000.000) 2026-06-02 15:58:35 Image size of job updated: 173396
	170  -  MemoryUsage of job (MB)
	173396  -  ResidentSetSize of job (KB)
...
006 (19532827.000.000) 2026-06-02 16:03:35 Image size of job updated: 565136
	552  -  MemoryUsage of job (MB)
	565136  -  ResidentSetSize of job (KB)
...
006 (19532827.000.000) 2026-06-02 16:08:35 Image size of job updated: 770672
	753  -  MemoryUsage of job (MB)
	770672  -  ResidentSetSize of job (KB)
...
006 (19532827.000.000) 2026-06-02 16:13:36 Image size of job updated: 935492
	914  -  MemoryUsage of job (MB)
	935492  -  ResidentSetSize of job (KB)
...
006 (19532827.000.000) 2026-06-02 16:13:54 Image size of job updated: 953976
	914  -  MemoryUsage of job (MB)
	935492  -  ResidentSetSize of job (KB)
...
005 (19532827.000.000) 2026-06-02 16:13:54 Job terminated.
	(1) Normal termination (return value 0)
		Usr 0 00:19:23, Sys 0 00:00:20  -  Run Remote Usage
		Usr 0 00:00:00, Sys 0 00:00:00  -  Run Local Usage
		Usr 0 00:19:23, Sys 0 00:00:20  -  Total Remote Usage
		Usr 0 00:00:00, Sys 0 00:00:00  -  Total Local Usage
	0  -  Run Bytes Sent By Job
	0  -  Run Bytes Received By Job
	0  -  Total Bytes Sent By Job
	0  -  Total Bytes Received By Job
	Partitionable Resources :    Usage  Request Allocated 
	   admin_mutex_1         :                           0 
	   admin_mutex_2         :                           0 
	   admin_mutex_3         :                           0 
	   Cpus                  :     0.79        1         1 
	   Disk (KB)             :    10        2048      3072 
	   GPUs                  :                           0 
	   machine_token         :                           0 
	   Memory (MB)           :   914        6000      6016 
	   TimeExecute (s)       :  1234                       
	   TimeSlotBusy (s)      :  1234                       

	Job terminated of its own accord at 2026-06-02T21:13:54Z with exit-code 0.
...
