000 (19534772.000.000) 2026-06-02 15:53:01 Job submitted from host: <10.128.10.103:9618?addrs=10.128.10.103-9618&alias=npx-submitter.icecube.wisc.edu&noUDP&sock=schedd_2449_6386>
    DAG Node: Drootprod_20111219_3785
...
001 (19534772.000.000) 2026-06-02 16:40:40 Job executing on host: <10.128.11.115:42327?addrs=10.128.11.115-42327&alias=n-r720-55.icecube.wisc.edu>
	SlotName: slot1_14@n-r720-55.icecube.wisc.edu
	admin_mutex_1 = 0
	admin_mutex_2 = 0
	admin_mutex_3 = 0
	CondorScratchDir = "/scratch/condor/dir_53347"
	Cpus = 1
	Disk = 3072
	GPUs = 0
	machine_token = 0
	Memory = 6016
...
006 (19534772.000.000) 2026-06-02 16:40:53 Image size of job updated: 120020
	118  -  MemoryUsage of job (MB)
	120020  -  ResidentSetSize of job (KB)
...
006 (19534772.000.000) 2026-06-02 16:45:53 Image size of job updated: 146388
	143  -  MemoryUsage of job (MB)
	146388  -  ResidentSetSize of job (KB)
...
006 (19534772.000.000) 2026-06-02 16:50:54 Image size of job updated: 168280
	165  -  MemoryUsage of job (MB)
	168280  -  ResidentSetSize of job (KB)
...
006 (19534772.000.000) 2026-06-02 16:55:55 Image size of job updated: 286620
	280  -  MemoryUsage of job (MB)
	286620  -  ResidentSetSize of job (KB)
...
006 (19534772.000.000) 2026-06-02 17:00:55 Image size of job updated: 420836
	411  -  MemoryUsage of job (MB)
	420836  -  ResidentSetSize of job (KB)
...
006 (19534772.000.000) 2026-06-02 17:05:55 Image size of job updated: 731200
	715  -  MemoryUsage of job (MB)
	731200  -  ResidentSetSize of job (KB)
...
006 (19534772.000.000) 2026-06-02 17:10:56 Image size of job updated: 761516
	744  -  MemoryUsage of job (MB)
	761516  -  ResidentSetSize of job (KB)
...
006 (19534772.000.000) 2026-06-02 17:15:54 Image size of job updated: 824592
	744  -  MemoryUsage of job (MB)
	761516  -  ResidentSetSize of job (KB)
...
005 (19534772.000.000) 2026-06-02 17:15:54 Job terminated.
	(1) Normal termination (return value 0)
		Usr 0 00:33:44, Sys 0 00:00:27  -  Run Remote Usage
		Usr 0 00:00:00, Sys 0 00:00:00  -  Run Local Usage
		Usr 0 00:33:44, Sys 0 00:00:27  -  Total Remote Usage
		Usr 0 00:00:00, Sys 0 00:00:00  -  Total Local Usage
	0  -  Run Bytes Sent By Job
	0  -  Run Bytes Received By Job
	0  -  Total Bytes Sent By Job
	0  -  Total Bytes Received By Job
	Partitionable Resources :    Usage  Request Allocated 
	   admin_mutex_1         :                           0 
	   admin_mutex_2         :                           0 
	   admin_mutex_3         :                           0 
	   Cpus                  :     0.98        1         1 
	   Disk (KB)             :    12        2048      3072 
	   GPUs                  :                           0 
	   machine_token         :                           0 
	   Memory (MB)           :   744        6000      6016 
	   TimeExecute (s)       :  2115                       
	   TimeSlotBusy (s)      :  2115                       

	Job terminated of its own accord at 2026-06-02T22:15:54Z with exit-code 0.
...
