000 (19533268.000.000) 2026-06-02 15:50:01 Job submitted from host: <10.128.10.103:9618?addrs=10.128.10.103-9618&alias=npx-submitter.icecube.wisc.edu&noUDP&sock=schedd_2449_6386>
    DAG Node: Drootprod_20110912_19203
...
001 (19533268.000.000) 2026-06-02 16:10:21 Job executing on host: <10.128.10.115:33587?addrs=10.128.10.115-33587&alias=n-gibyte-00.icecube.wisc.edu>
	SlotName: slot1_274@n-gibyte-00.icecube.wisc.edu
	admin_mutex_1 = 0
	admin_mutex_2 = 0
	admin_mutex_3 = 0
	CondorScratchDir = "/scratch/condor/dir_2094054"
	Cpus = 1
	Disk = 5480
	GPUs = 0
	machine_token = 0
	Memory = 6016
...
006 (19533268.000.000) 2026-06-02 16:10:34 Image size of job updated: 117740
	115  -  MemoryUsage of job (MB)
	117740  -  ResidentSetSize of job (KB)
...
006 (19533268.000.000) 2026-06-02 16:15:34 Image size of job updated: 144820
	142  -  MemoryUsage of job (MB)
	144820  -  ResidentSetSize of job (KB)
...
006 (19533268.000.000) 2026-06-02 16:20:35 Image size of job updated: 164124
	161  -  MemoryUsage of job (MB)
	164124  -  ResidentSetSize of job (KB)
...
006 (19533268.000.000) 2026-06-02 16:25:35 Image size of job updated: 279056
	273  -  MemoryUsage of job (MB)
	279056  -  ResidentSetSize of job (KB)
...
006 (19533268.000.000) 2026-06-02 16:30:36 Image size of job updated: 410232
	401  -  MemoryUsage of job (MB)
	410232  -  ResidentSetSize of job (KB)
...
006 (19533268.000.000) 2026-06-02 16:35:37 Image size of job updated: 711108
	695  -  MemoryUsage of job (MB)
	711108  -  ResidentSetSize of job (KB)
...
006 (19533268.000.000) 2026-06-02 16:40:37 Image size of job updated: 746108
	729  -  MemoryUsage of job (MB)
	746108  -  ResidentSetSize of job (KB)
...
006 (19533268.000.000) 2026-06-02 16:45:38 Image size of job updated: 777960
	760  -  MemoryUsage of job (MB)
	777960  -  ResidentSetSize of job (KB)
...
006 (19533268.000.000) 2026-06-02 16:50:38 Image size of job updated: 868740
	849  -  MemoryUsage of job (MB)
	868740  -  ResidentSetSize of job (KB)
...
006 (19533268.000.000) 2026-06-02 16:53:50 Image size of job updated: 901388
	849  -  MemoryUsage of job (MB)
	868740  -  ResidentSetSize of job (KB)
...
005 (19533268.000.000) 2026-06-02 16:53:50 Job terminated.
	(1) Normal termination (return value 0)
		Usr 0 00:41:35, Sys 0 00:00:29  -  Run Remote Usage
		Usr 0 00:00:00, Sys 0 00:00:00  -  Run Local Usage
		Usr 0 00:41:35, Sys 0 00:00:29  -  Total Remote Usage
		Usr 0 00:00:00, Sys 0 00:00:00  -  Total Local Usage
	0  -  Run Bytes Sent By Job
	0  -  Run Bytes Received By Job
	0  -  Total Bytes Sent By Job
	0  -  Total Bytes Received By Job
	Partitionable Resources :    Usage  Request Allocated 
	   admin_mutex_1         :                           0 
	   admin_mutex_2         :                           0 
	   admin_mutex_3         :                           0 
	   Cpus                  :     0.98        1         1 
	   Disk (KB)             :    10        2048      5480 
	   GPUs                  :                           0 
	   machine_token         :                           0 
	   Memory (MB)           :   849        6000      6016 
	   TimeExecute (s)       :  2609                       
	   TimeSlotBusy (s)      :  2610                       

	Job terminated of its own accord at 2026-06-02T21:53:50Z with exit-code 0.
...
