000 (19533939.000.000) 2026-06-02 15:51:28 Job submitted from host: <10.128.10.103:9618?addrs=10.128.10.103-9618&alias=npx-submitter.icecube.wisc.edu&noUDP&sock=schedd_2449_6386>
    DAG Node: Drootprod_20111027_42643
...
001 (19533939.000.000) 2026-06-02 16:23:12 Job executing on host: <10.128.10.116:38163?addrs=10.128.10.116-38163&alias=n-gibyte-01.icecube.wisc.edu>
	SlotName: slot1_436@n-gibyte-01.icecube.wisc.edu
	admin_mutex_1 = 0
	admin_mutex_2 = 0
	admin_mutex_3 = 0
	CondorScratchDir = "/scratch/condor/dir_2520666"
	Cpus = 1
	Disk = 5480
	GPUs = 0
	machine_token = 0
	Memory = 6016
...
022 (19533939.000.000) 2026-06-02 16:23:27 Job disconnected, attempting to reconnect
    Socket between submit and execute hosts closed unexpectedly
    Trying to reconnect to slot1_436@n-gibyte-01.icecube.wisc.edu <10.128.10.116:38163?addrs=10.128.10.116-38163&alias=n-gibyte-01.icecube.wisc.edu>
...
024 (19533939.000.000) 2026-06-02 17:03:28 Job reconnection failed
    Job disconnected too long: JobLeaseDuration (2400 seconds) expired
    Can not reconnect to slot1_436@n-gibyte-01.icecube.wisc.edu, rescheduling job
...
004 (19533939.000.000) 2026-06-02 17:03:38 Job was evicted.
	(0) CPU times
		Usr 0 00:00:00, Sys 0 00:00:00  -  Run Remote Usage
		Usr 0 00:00:00, Sys 0 00:00:00  -  Run Local Usage
	0  -  Run Bytes Sent By Job
	0  -  Run Bytes Received By Job
	Job disconnected too long: JobLeaseDuration (2400 seconds) expired
	Partitionable Resources :    Usage  Request Allocated 
	   admin_mutex_1         :                           0 
	   admin_mutex_2         :                           0 
	   admin_mutex_3         :                           0 
	   Cpus                  :                 1         1 
	   Disk (KB)             :       10     2048      5480 
	   GPUs                  :                           0 
	   machine_token         :                           0 
	   Memory (MB)           :              6000      6016 
...
001 (19533939.000.000) 2026-06-02 17:11:14 Job executing on host: <10.128.10.117:43719?addrs=10.128.10.117-43719&alias=n-gibyte-02.icecube.wisc.edu>
	SlotName: slot1_232@n-gibyte-02.icecube.wisc.edu
	admin_mutex_1 = 0
	admin_mutex_2 = 0
	admin_mutex_3 = 0
	CondorScratchDir = "/scratch/condor/dir_3623081"
	Cpus = 1
	Disk = 5480
	GPUs = 0
	machine_token = 0
	Memory = 6016
...
006 (19533939.000.000) 2026-06-02 17:11:28 Image size of job updated: 119752
	117  -  MemoryUsage of job (MB)
	119752  -  ResidentSetSize of job (KB)
...
006 (19533939.000.000) 2026-06-02 17:16:29 Image size of job updated: 141852
	139  -  MemoryUsage of job (MB)
	141852  -  ResidentSetSize of job (KB)
...
006 (19533939.000.000) 2026-06-02 17:21:30 Image size of job updated: 161396
	158  -  MemoryUsage of job (MB)
	161396  -  ResidentSetSize of job (KB)
...
006 (19533939.000.000) 2026-06-02 17:26:30 Image size of job updated: 276224
	270  -  MemoryUsage of job (MB)
	276224  -  ResidentSetSize of job (KB)
...
006 (19533939.000.000) 2026-06-02 17:31:30 Image size of job updated: 407412
	398  -  MemoryUsage of job (MB)
	407412  -  ResidentSetSize of job (KB)
...
006 (19533939.000.000) 2026-06-02 17:36:30 Image size of job updated: 567376
	555  -  MemoryUsage of job (MB)
	567376  -  ResidentSetSize of job (KB)
...
006 (19533939.000.000) 2026-06-02 17:41:31 Image size of job updated: 736176
	719  -  MemoryUsage of job (MB)
	736176  -  ResidentSetSize of job (KB)
...
006 (19533939.000.000) 2026-06-02 17:46:31 Image size of job updated: 758808
	742  -  MemoryUsage of job (MB)
	758808  -  ResidentSetSize of job (KB)
...
006 (19533939.000.000) 2026-06-02 17:51:32 Image size of job updated: 790208
	772  -  MemoryUsage of job (MB)
	790208  -  ResidentSetSize of job (KB)
...
006 (19533939.000.000) 2026-06-02 17:56:32 Image size of job updated: 803748
	785  -  MemoryUsage of job (MB)
	803748  -  ResidentSetSize of job (KB)
...
006 (19533939.000.000) 2026-06-02 18:01:32 Image size of job updated: 918324
	785  -  MemoryUsage of job (MB)
	803748  -  ResidentSetSize of job (KB)
...
005 (19533939.000.000) 2026-06-02 18:01:33 Job terminated.
	(1) Normal termination (return value 0)
		Usr 0 00:48:29, Sys 0 00:00:28  -  Run Remote Usage
		Usr 0 00:00:00, Sys 0 00:00:00  -  Run Local Usage
		Usr 0 00:48:29, Sys 0 00:00:28  -  Total Remote Usage
		Usr 0 00:00:00, Sys 0 00:00:00  -  Total Local Usage
	0  -  Run Bytes Sent By Job
	0  -  Run Bytes Received By Job
	0  -  Total Bytes Sent By Job
	0  -  Total Bytes Received By Job
	Partitionable Resources :    Usage  Request Allocated 
	   admin_mutex_1         :                           0 
	   admin_mutex_2         :                           0 
	   admin_mutex_3         :                           0 
	   Cpus                  :     0.91        1         1 
	   Disk (KB)             :    10        2048      5480 
	   GPUs                  :                           0 
	   machine_token         :                           0 
	   Memory (MB)           :   785        6000      6016 
	   TimeExecute (s)       :  3019                       
	   TimeSlotBusy (s)      :  3019                       

	Job terminated of its own accord at 2026-06-02T23:01:33Z with exit-code 0.
...
