000 (19533276.000.000) 2026-06-02 15:50:02 Job submitted from host: <10.128.10.103:9618?addrs=10.128.10.103-9618&alias=npx-submitter.icecube.wisc.edu&noUDP&sock=schedd_2449_6386>
    DAG Node: Drootprod_20110913_31482
...
001 (19533276.000.000) 2026-06-02 16:10:42 Job executing on host: <10.128.10.189:44027?addrs=10.128.10.189-44027&alias=n-smepyc-02.icecube.wisc.edu>
	SlotName: slot1_58@n-smepyc-02.icecube.wisc.edu
	admin_mutex_1 = 0
	admin_mutex_2 = 0
	admin_mutex_3 = 0
	CondorScratchDir = "/scratch/condor/dir_300906"
	Cpus = 1
	Disk = 3072
	GPUs = 0
	machine_token = 0
	Memory = 6016
...
006 (19533276.000.000) 2026-06-02 16:10:55 Image size of job updated: 122456
	120  -  MemoryUsage of job (MB)
	122456  -  ResidentSetSize of job (KB)
...
006 (19533276.000.000) 2026-06-02 16:15:55 Image size of job updated: 174268
	171  -  MemoryUsage of job (MB)
	174268  -  ResidentSetSize of job (KB)
...
006 (19533276.000.000) 2026-06-02 16:20:56 Image size of job updated: 710744
	695  -  MemoryUsage of job (MB)
	710744  -  ResidentSetSize of job (KB)
...
006 (19533276.000.000) 2026-06-02 16:24:24 Image size of job updated: 793204
	695  -  MemoryUsage of job (MB)
	710744  -  ResidentSetSize of job (KB)
...
005 (19533276.000.000) 2026-06-02 16:24:24 Job terminated.
	(1) Normal termination (return value 0)
		Usr 0 00:12:39, Sys 0 00:00:13  -  Run Remote Usage
		Usr 0 00:00:00, Sys 0 00:00:00  -  Run Local Usage
		Usr 0 00:12:39, Sys 0 00:00:13  -  Total Remote Usage
		Usr 0 00:00:00, Sys 0 00:00:00  -  Total Local Usage
	0  -  Run Bytes Sent By Job
	0  -  Run Bytes Received By Job
	0  -  Total Bytes Sent By Job
	0  -  Total Bytes Received By Job
	Partitionable Resources :    Usage  Request Allocated 
	   admin_mutex_1         :                           0 
	   admin_mutex_2         :                           0 
	   admin_mutex_3         :                           0 
	   Cpus                  :     0.91        1         1 
	   Disk (KB)             :    10        2048      3072 
	   GPUs                  :                           0 
	   machine_token         :                           0 
	   Memory (MB)           :   695        6000      6016 
	   TimeExecute (s)       :   822                       
	   TimeSlotBusy (s)      :   823                       

	Job terminated of its own accord at 2026-06-02T21:24:24Z with exit-code 0.
...
