000 (19532838.000.000) 2026-06-02 15:48:56 Job submitted from host: <10.128.10.103:9618?addrs=10.128.10.103-9618&alias=npx-submitter.icecube.wisc.edu&noUDP&sock=schedd_2449_6386>
    DAG Node: Drootprod_20110808_4327
...
001 (19532838.000.000) 2026-06-02 15:54:03 Job executing on host: <10.128.10.116:38163?addrs=10.128.10.116-38163&alias=n-gibyte-01.icecube.wisc.edu>
	SlotName: slot1_139@n-gibyte-01.icecube.wisc.edu
	admin_mutex_1 = 0
	admin_mutex_2 = 0
	admin_mutex_3 = 0
	CondorScratchDir = "/scratch/condor/dir_2393492"
	Cpus = 1
	Disk = 5480
	GPUs = 0
	machine_token = 0
	Memory = 6016
...
006 (19532838.000.000) 2026-06-02 15:54:17 Image size of job updated: 118264
	116  -  MemoryUsage of job (MB)
	118264  -  ResidentSetSize of job (KB)
...
006 (19532838.000.000) 2026-06-02 15:59:17 Image size of job updated: 141336
	139  -  MemoryUsage of job (MB)
	141336  -  ResidentSetSize of job (KB)
...
006 (19532838.000.000) 2026-06-02 16:04:18 Image size of job updated: 160268
	157  -  MemoryUsage of job (MB)
	160268  -  ResidentSetSize of job (KB)
...
006 (19532838.000.000) 2026-06-02 16:09:18 Image size of job updated: 273360
	267  -  MemoryUsage of job (MB)
	273360  -  ResidentSetSize of job (KB)
...
006 (19532838.000.000) 2026-06-02 16:14:19 Image size of job updated: 292144
	286  -  MemoryUsage of job (MB)
	292144  -  ResidentSetSize of job (KB)
...
006 (19532838.000.000) 2026-06-02 16:19:19 Image size of job updated: 421020
	412  -  MemoryUsage of job (MB)
	421020  -  ResidentSetSize of job (KB)
...
022 (19532838.000.000) 2026-06-02 16:23:27 Job disconnected, attempting to reconnect
    Socket between submit and execute hosts closed unexpectedly
    Trying to reconnect to slot1_139@n-gibyte-01.icecube.wisc.edu <10.128.10.116:38163?addrs=10.128.10.116-38163&alias=n-gibyte-01.icecube.wisc.edu>
...
024 (19532838.000.000) 2026-06-02 17:03:27 Job reconnection failed
    Job disconnected too long: JobLeaseDuration (2400 seconds) expired
    Can not reconnect to slot1_139@n-gibyte-01.icecube.wisc.edu, rescheduling job
...
004 (19532838.000.000) 2026-06-02 17:03:37 Job was evicted.
	(0) CPU times
		Usr 0 00:24:16, Sys 0 00:00:13  -  Run Remote Usage
		Usr 0 00:00:00, Sys 0 00:00:00  -  Run Local Usage
	0  -  Run Bytes Sent By Job
	0  -  Run Bytes Received By Job
	Job disconnected too long: JobLeaseDuration (2400 seconds) expired
	Partitionable Resources :    Usage  Request Allocated 
	   admin_mutex_1         :                           0 
	   admin_mutex_2         :                           0 
	   admin_mutex_3         :                           0 
	   Cpus                  :     0.99        1         1 
	   Disk (KB)             :    10        2048      5480 
	   GPUs                  :                           0 
	   machine_token         :                           0 
	   Memory (MB)           :   412        6000      6016 
...
001 (19532838.000.000) 2026-06-02 17:06:41 Job executing on host: <10.128.10.191:42321?addrs=10.128.10.191-42321&alias=n-smepyc-04.icecube.wisc.edu>
	SlotName: slot1_3@n-smepyc-04.icecube.wisc.edu
	admin_mutex_1 = 0
	admin_mutex_2 = 0
	admin_mutex_3 = 0
	CondorScratchDir = "/scratch/condor/dir_288997"
	Cpus = 1
	Disk = 3072
	GPUs = 0
	machine_token = 0
	Memory = 6016
...
006 (19532838.000.000) 2026-06-02 17:16:55 Image size of job updated: 425004
	416  -  MemoryUsage of job (MB)
	425004  -  ResidentSetSize of job (KB)
...
006 (19532838.000.000) 2026-06-02 17:21:56 Image size of job updated: 759536
	742  -  MemoryUsage of job (MB)
	759536  -  ResidentSetSize of job (KB)
...
006 (19532838.000.000) 2026-06-02 17:26:28 Image size of job updated: 884252
	742  -  MemoryUsage of job (MB)
	759536  -  ResidentSetSize of job (KB)
...
005 (19532838.000.000) 2026-06-02 17:26:28 Job terminated.
	(1) Normal termination (return value 0)
		Usr 0 00:19:03, Sys 0 00:00:17  -  Run Remote Usage
		Usr 0 00:00:00, Sys 0 00:00:00  -  Run Local Usage
		Usr 0 00:43:19, Sys 0 00:00:30  -  Total Remote Usage
		Usr 0 00:00:00, Sys 0 00:00:00  -  Total Local Usage
	0  -  Run Bytes Sent By Job
	0  -  Run Bytes Received By Job
	0  -  Total Bytes Sent By Job
	0  -  Total Bytes Received By Job
	Partitionable Resources :    Usage  Request Allocated 
	   admin_mutex_1         :                           0 
	   admin_mutex_2         :                           0 
	   admin_mutex_3         :                           0 
	   Cpus                  :     1.00        1         1 
	   Disk (KB)             :    10        2048      3072 
	   GPUs                  :                           0 
	   machine_token         :                           0 
	   Memory (MB)           :   742        6000      6016 
	   TimeExecute (s)       :  1187                       
	   TimeSlotBusy (s)      :  1187                       

	Job terminated of its own accord at 2026-06-02T22:26:28Z with exit-code 0.
...
