000 (19532245.000.000) 2026-06-02 15:46:42 Job submitted from host: <10.128.10.103:9618?addrs=10.128.10.103-9618&alias=npx-submitter.icecube.wisc.edu&noUDP&sock=schedd_2449_6386>
    DAG Node: Drootprod_20110528_6276
...
001 (19532245.000.000) 2026-06-02 15:46:52 Job executing on host: <10.128.10.117:43719?addrs=10.128.10.117-43719&alias=n-gibyte-02.icecube.wisc.edu>
	SlotName: slot1_254@n-gibyte-02.icecube.wisc.edu
	admin_mutex_1 = 0
	admin_mutex_2 = 0
	admin_mutex_3 = 0
	CondorScratchDir = "/scratch/condor/dir_3290760"
	Cpus = 1
	Disk = 5480
	GPUs = 0
	machine_token = 0
	Memory = 6016
...
006 (19532245.000.000) 2026-06-02 15:47:05 Image size of job updated: 117476
	115  -  MemoryUsage of job (MB)
	117476  -  ResidentSetSize of job (KB)
...
006 (19532245.000.000) 2026-06-02 15:52:05 Image size of job updated: 141652
	139  -  MemoryUsage of job (MB)
	141652  -  ResidentSetSize of job (KB)
...
006 (19532245.000.000) 2026-06-02 15:57:06 Image size of job updated: 161240
	158  -  MemoryUsage of job (MB)
	161240  -  ResidentSetSize of job (KB)
...
006 (19532245.000.000) 2026-06-02 16:02:06 Image size of job updated: 275916
	270  -  MemoryUsage of job (MB)
	275916  -  ResidentSetSize of job (KB)
...
006 (19532245.000.000) 2026-06-02 16:07:07 Image size of job updated: 409312
	400  -  MemoryUsage of job (MB)
	409312  -  ResidentSetSize of job (KB)
...
006 (19532245.000.000) 2026-06-02 16:12:07 Image size of job updated: 563896
	551  -  MemoryUsage of job (MB)
	563896  -  ResidentSetSize of job (KB)
...
006 (19532245.000.000) 2026-06-02 16:17:08 Image size of job updated: 730028
	713  -  MemoryUsage of job (MB)
	730028  -  ResidentSetSize of job (KB)
...
006 (19532245.000.000) 2026-06-02 16:22:09 Image size of job updated: 757424
	740  -  MemoryUsage of job (MB)
	757424  -  ResidentSetSize of job (KB)
...
006 (19532245.000.000) 2026-06-02 16:27:09 Image size of job updated: 792952
	775  -  MemoryUsage of job (MB)
	792952  -  ResidentSetSize of job (KB)
...
006 (19532245.000.000) 2026-06-02 16:32:10 Image size of job updated: 873888
	854  -  MemoryUsage of job (MB)
	873888  -  ResidentSetSize of job (KB)
...
006 (19532245.000.000) 2026-06-02 16:37:10 Image size of job updated: 934440
	913  -  MemoryUsage of job (MB)
	934440  -  ResidentSetSize of job (KB)
...
006 (19532245.000.000) 2026-06-02 16:37:38 Image size of job updated: 952560
	913  -  MemoryUsage of job (MB)
	934440  -  ResidentSetSize of job (KB)
...
005 (19532245.000.000) 2026-06-02 16:37:38 Job terminated.
	(1) Normal termination (return value 0)
		Usr 0 00:48:48, Sys 0 00:00:31  -  Run Remote Usage
		Usr 0 00:00:00, Sys 0 00:00:00  -  Run Local Usage
		Usr 0 00:48:48, Sys 0 00:00:31  -  Total Remote Usage
		Usr 0 00:00:00, Sys 0 00:00:00  -  Total Local Usage
	0  -  Run Bytes Sent By Job
	0  -  Run Bytes Received By Job
	0  -  Total Bytes Sent By Job
	0  -  Total Bytes Received By Job
	Partitionable Resources :    Usage  Request Allocated 
	   admin_mutex_1         :                           0 
	   admin_mutex_2         :                           0 
	   admin_mutex_3         :                           0 
	   Cpus                  :     0.98        1         1 
	   Disk (KB)             :    10        2048      5480 
	   GPUs                  :                           0 
	   machine_token         :                           0 
	   Memory (MB)           :   913        6000      6016 
	   TimeExecute (s)       :  3046                       
	   TimeSlotBusy (s)      :  3047                       

	Job terminated of its own accord at 2026-06-02T21:37:38Z with exit-code 0.
...
