000 (19533366.000.000) 2026-06-02 15:50:15 Job submitted from host: <10.128.10.103:9618?addrs=10.128.10.103-9618&alias=npx-submitter.icecube.wisc.edu&noUDP&sock=schedd_2449_6386>
    DAG Node: Drootprod_20110920_28769
...
001 (19533366.000.000) 2026-06-02 16:12:54 Job executing on host: <10.128.10.116:38163?addrs=10.128.10.116-38163&alias=n-gibyte-01.icecube.wisc.edu>
	SlotName: slot1_464@n-gibyte-01.icecube.wisc.edu
	admin_mutex_1 = 0
	admin_mutex_2 = 0
	admin_mutex_3 = 0
	CondorScratchDir = "/scratch/condor/dir_2466016"
	Cpus = 1
	Disk = 5480
	GPUs = 0
	machine_token = 0
	Memory = 6016
...
006 (19533366.000.000) 2026-06-02 16:13:08 Image size of job updated: 118908
	117  -  MemoryUsage of job (MB)
	118908  -  ResidentSetSize of job (KB)
...
006 (19533366.000.000) 2026-06-02 16:18:09 Image size of job updated: 141944
	139  -  MemoryUsage of job (MB)
	141944  -  ResidentSetSize of job (KB)
...
006 (19533366.000.000) 2026-06-02 16:23:09 Image size of job updated: 160644
	157  -  MemoryUsage of job (MB)
	160644  -  ResidentSetSize of job (KB)
...
022 (19533366.000.000) 2026-06-02 16:23:27 Job disconnected, attempting to reconnect
    Socket between submit and execute hosts closed unexpectedly
    Trying to reconnect to slot1_464@n-gibyte-01.icecube.wisc.edu <10.128.10.116:38163?addrs=10.128.10.116-38163&alias=n-gibyte-01.icecube.wisc.edu>
...
024 (19533366.000.000) 2026-06-02 17:03:27 Job reconnection failed
    Job disconnected too long: JobLeaseDuration (2400 seconds) expired
    Can not reconnect to slot1_464@n-gibyte-01.icecube.wisc.edu, rescheduling job
...
004 (19533366.000.000) 2026-06-02 17:03:37 Job was evicted.
	(0) CPU times
		Usr 0 00:09:46, Sys 0 00:00:06  -  Run Remote Usage
		Usr 0 00:00:00, Sys 0 00:00:00  -  Run Local Usage
	0  -  Run Bytes Sent By Job
	0  -  Run Bytes Received By Job
	Job disconnected too long: JobLeaseDuration (2400 seconds) expired
	Partitionable Resources :    Usage  Request Allocated 
	   admin_mutex_1         :                           0 
	   admin_mutex_2         :                           0 
	   admin_mutex_3         :                           0 
	   Cpus                  :     0.99        1         1 
	   Disk (KB)             :    10        2048      5480 
	   GPUs                  :                           0 
	   machine_token         :                           0 
	   Memory (MB)           :   157        6000      6016 
...
001 (19533366.000.000) 2026-06-02 17:08:21 Job executing on host: <10.128.10.115:33587?addrs=10.128.10.115-33587&alias=n-gibyte-00.icecube.wisc.edu>
	SlotName: slot1_238@n-gibyte-00.icecube.wisc.edu
	admin_mutex_1 = 0
	admin_mutex_2 = 0
	admin_mutex_3 = 0
	CondorScratchDir = "/scratch/condor/dir_2317209"
	Cpus = 1
	Disk = 5480
	GPUs = 0
	machine_token = 0
	Memory = 6016
...
006 (19533366.000.000) 2026-06-02 17:23:36 Image size of job updated: 280732
	275  -  MemoryUsage of job (MB)
	280732  -  ResidentSetSize of job (KB)
...
006 (19533366.000.000) 2026-06-02 17:28:36 Image size of job updated: 412040
	403  -  MemoryUsage of job (MB)
	412040  -  ResidentSetSize of job (KB)
...
006 (19533366.000.000) 2026-06-02 17:33:37 Image size of job updated: 709600
	693  -  MemoryUsage of job (MB)
	709600  -  ResidentSetSize of job (KB)
...
006 (19533366.000.000) 2026-06-02 17:38:37 Image size of job updated: 743556
	727  -  MemoryUsage of job (MB)
	743556  -  ResidentSetSize of job (KB)
...
006 (19533366.000.000) 2026-06-02 17:43:38 Image size of job updated: 767776
	750  -  MemoryUsage of job (MB)
	767776  -  ResidentSetSize of job (KB)
...
006 (19533366.000.000) 2026-06-02 17:48:38 Image size of job updated: 799508
	781  -  MemoryUsage of job (MB)
	799508  -  ResidentSetSize of job (KB)
...
006 (19533366.000.000) 2026-06-02 17:53:39 Image size of job updated: 870916
	851  -  MemoryUsage of job (MB)
	870916  -  ResidentSetSize of job (KB)
...
006 (19533366.000.000) 2026-06-02 17:58:40 Image size of job updated: 891144
	871  -  MemoryUsage of job (MB)
	891144  -  ResidentSetSize of job (KB)
...
006 (19533366.000.000) 2026-06-02 18:03:40 Image size of job updated: 939840
	918  -  MemoryUsage of job (MB)
	939840  -  ResidentSetSize of job (KB)
...
006 (19533366.000.000) 2026-06-02 18:06:45 Image size of job updated: 962908
	918  -  MemoryUsage of job (MB)
	939840  -  ResidentSetSize of job (KB)
...
005 (19533366.000.000) 2026-06-02 18:06:45 Job terminated.
	(1) Normal termination (return value 0)
		Usr 0 00:56:12, Sys 0 00:00:34  -  Run Remote Usage
		Usr 0 00:00:00, Sys 0 00:00:00  -  Run Local Usage
		Usr 0 01:05:58, Sys 0 00:00:40  -  Total Remote Usage
		Usr 0 00:00:00, Sys 0 00:00:00  -  Total Local Usage
	0  -  Run Bytes Sent By Job
	0  -  Run Bytes Received By Job
	0  -  Total Bytes Sent By Job
	0  -  Total Bytes Received By Job
	Partitionable Resources :    Usage  Request Allocated 
	   admin_mutex_1         :                           0 
	   admin_mutex_2         :                           0 
	   admin_mutex_3         :                           0 
	   Cpus                  :     0.94        1         1 
	   Disk (KB)             :    10        2048      5480 
	   GPUs                  :                           0 
	   machine_token         :                           0 
	   Memory (MB)           :   918        6000      6016 
	   TimeExecute (s)       :  3504                       
	   TimeSlotBusy (s)      :  3505                       

	Job terminated of its own accord at 2026-06-02T23:06:45Z with exit-code 0.
...
