000 (19534052.000.000) 2026-06-02 15:51:42 Job submitted from host: <10.128.10.103:9618?addrs=10.128.10.103-9618&alias=npx-submitter.icecube.wisc.edu&noUDP&sock=schedd_2449_6386>
    DAG Node: Drootprod_20111105_53257
...
001 (19534052.000.000) 2026-06-02 16:26:26 Job executing on host: <10.128.10.187:34023?addrs=10.128.10.187-34023&alias=n-smepyc-00.icecube.wisc.edu>
	SlotName: slot1_38@n-smepyc-00.icecube.wisc.edu
	admin_mutex_1 = 0
	admin_mutex_2 = 0
	admin_mutex_3 = 0
	CondorScratchDir = "/scratch/condor/dir_1759484"
	Cpus = 1
	Disk = 3072
	GPUs = 0
	machine_token = 0
	Memory = 6016
...
006 (19534052.000.000) 2026-06-02 16:26:39 Image size of job updated: 121680
	119  -  MemoryUsage of job (MB)
	121680  -  ResidentSetSize of job (KB)
...
006 (19534052.000.000) 2026-06-02 16:31:40 Image size of job updated: 164856
	161  -  MemoryUsage of job (MB)
	164856  -  ResidentSetSize of job (KB)
...
006 (19534052.000.000) 2026-06-02 16:36:41 Image size of job updated: 408676
	400  -  MemoryUsage of job (MB)
	408676  -  ResidentSetSize of job (KB)
...
006 (19534052.000.000) 2026-06-02 16:41:41 Image size of job updated: 743008
	726  -  MemoryUsage of job (MB)
	743008  -  ResidentSetSize of job (KB)
...
006 (19534052.000.000) 2026-06-02 16:45:36 Image size of job updated: 791876
	726  -  MemoryUsage of job (MB)
	743008  -  ResidentSetSize of job (KB)
...
005 (19534052.000.000) 2026-06-02 16:45:36 Job terminated.
	(1) Normal termination (return value 0)
		Usr 0 00:18:11, Sys 0 00:00:16  -  Run Remote Usage
		Usr 0 00:00:00, Sys 0 00:00:00  -  Run Local Usage
		Usr 0 00:18:11, Sys 0 00:00:16  -  Total Remote Usage
		Usr 0 00:00:00, Sys 0 00:00:00  -  Total Local Usage
	0  -  Run Bytes Sent By Job
	0  -  Run Bytes Received By Job
	0  -  Total Bytes Sent By Job
	0  -  Total Bytes Received By Job
	Partitionable Resources :    Usage  Request Allocated 
	   admin_mutex_1         :                           0 
	   admin_mutex_2         :                           0 
	   admin_mutex_3         :                           0 
	   Cpus                  :     0.89        1         1 
	   Disk (KB)             :    10        2048      3072 
	   GPUs                  :                           0 
	   machine_token         :                           0 
	   Memory (MB)           :   726        6000      6016 
	   TimeExecute (s)       :  1150                       
	   TimeSlotBusy (s)      :  1150                       

	Job terminated of its own accord at 2026-06-02T21:45:36Z with exit-code 0.
...
