000 (19532823.000.000) 2026-06-02 15:48:53 Job submitted from host: <10.128.10.103:9618?addrs=10.128.10.103-9618&alias=npx-submitter.icecube.wisc.edu&noUDP&sock=schedd_2449_6386>
    DAG Node: Drootprod_20110805_38669
...
001 (19532823.000.000) 2026-06-02 15:53:21 Job executing on host: <10.128.10.116:38163?addrs=10.128.10.116-38163&alias=n-gibyte-01.icecube.wisc.edu>
	SlotName: slot1_58@n-gibyte-01.icecube.wisc.edu
	admin_mutex_1 = 0
	admin_mutex_2 = 0
	admin_mutex_3 = 0
	CondorScratchDir = "/scratch/condor/dir_2390202"
	Cpus = 1
	Disk = 5480
	GPUs = 0
	machine_token = 0
	Memory = 6016
...
006 (19532823.000.000) 2026-06-02 15:53:35 Image size of job updated: 118828
	117  -  MemoryUsage of job (MB)
	118828  -  ResidentSetSize of job (KB)
...
006 (19532823.000.000) 2026-06-02 15:58:36 Image size of job updated: 142412
	140  -  MemoryUsage of job (MB)
	142412  -  ResidentSetSize of job (KB)
...
006 (19532823.000.000) 2026-06-02 16:03:36 Image size of job updated: 162332
	159  -  MemoryUsage of job (MB)
	162332  -  ResidentSetSize of job (KB)
...
006 (19532823.000.000) 2026-06-02 16:08:37 Image size of job updated: 275472
	270  -  MemoryUsage of job (MB)
	275472  -  ResidentSetSize of job (KB)
...
006 (19532823.000.000) 2026-06-02 16:13:37 Image size of job updated: 405276
	396  -  MemoryUsage of job (MB)
	405276  -  ResidentSetSize of job (KB)
...
006 (19532823.000.000) 2026-06-02 16:18:38 Image size of job updated: 423320
	414  -  MemoryUsage of job (MB)
	423320  -  ResidentSetSize of job (KB)
...
022 (19532823.000.000) 2026-06-02 16:23:27 Job disconnected, attempting to reconnect
    Socket between submit and execute hosts closed unexpectedly
    Trying to reconnect to slot1_58@n-gibyte-01.icecube.wisc.edu <10.128.10.116:38163?addrs=10.128.10.116-38163&alias=n-gibyte-01.icecube.wisc.edu>
...
024 (19532823.000.000) 2026-06-02 17:03:27 Job reconnection failed
    Job disconnected too long: JobLeaseDuration (2400 seconds) expired
    Can not reconnect to slot1_58@n-gibyte-01.icecube.wisc.edu, rescheduling job
...
004 (19532823.000.000) 2026-06-02 17:03:37 Job was evicted.
	(0) CPU times
		Usr 0 00:24:16, Sys 0 00:00:14  -  Run Remote Usage
		Usr 0 00:00:00, Sys 0 00:00:00  -  Run Local Usage
	0  -  Run Bytes Sent By Job
	0  -  Run Bytes Received By Job
	Job disconnected too long: JobLeaseDuration (2400 seconds) expired
	Partitionable Resources :    Usage  Request Allocated 
	   admin_mutex_1         :                           0 
	   admin_mutex_2         :                           0 
	   admin_mutex_3         :                           0 
	   Cpus                  :     0.99        1         1 
	   Disk (KB)             :    10        2048      5480 
	   GPUs                  :                           0 
	   machine_token         :                           0 
	   Memory (MB)           :   414        6000      6016 
...
001 (19532823.000.000) 2026-06-02 17:06:38 Job executing on host: <10.128.11.36:45179?addrs=10.128.11.36-45179&alias=n-smbc-17.icecube.wisc.edu>
	SlotName: slot1_9@n-smbc-17.icecube.wisc.edu
	admin_mutex_1 = 0
	admin_mutex_2 = 0
	admin_mutex_3 = 0
	CondorScratchDir = "/scratch/condor/dir_196865"
	Cpus = 1
	Disk = 3072
	GPUs = 0
	machine_token = 0
	Memory = 6016
...
006 (19532823.000.000) 2026-06-02 17:21:53 Image size of job updated: 733904
	717  -  MemoryUsage of job (MB)
	733904  -  ResidentSetSize of job (KB)
...
006 (19532823.000.000) 2026-06-02 17:26:53 Image size of job updated: 795656
	778  -  MemoryUsage of job (MB)
	795656  -  ResidentSetSize of job (KB)
...
006 (19532823.000.000) 2026-06-02 17:30:37 Image size of job updated: 939116
	778  -  MemoryUsage of job (MB)
	795656  -  ResidentSetSize of job (KB)
...
005 (19532823.000.000) 2026-06-02 17:30:37 Job terminated.
	(1) Normal termination (return value 0)
		Usr 0 00:23:13, Sys 0 00:00:15  -  Run Remote Usage
		Usr 0 00:00:00, Sys 0 00:00:00  -  Run Local Usage
		Usr 0 00:47:29, Sys 0 00:00:29  -  Total Remote Usage
		Usr 0 00:00:00, Sys 0 00:00:00  -  Total Local Usage
	0  -  Run Bytes Sent By Job
	0  -  Run Bytes Received By Job
	0  -  Total Bytes Sent By Job
	0  -  Total Bytes Received By Job
	Partitionable Resources :    Usage  Request Allocated 
	   admin_mutex_1         :                           0 
	   admin_mutex_2         :                           0 
	   admin_mutex_3         :                           0 
	   Cpus                  :     0.98        1         1 
	   Disk (KB)             :    10        2048      3072 
	   GPUs                  :                           0 
	   machine_token         :                           0 
	   Memory (MB)           :   778        6000      6016 
	   TimeExecute (s)       :  1439                       
	   TimeSlotBusy (s)      :  1439                       

	Job terminated of its own accord at 2026-06-02T22:30:37Z with exit-code 0.
...
