000 (19533867.000.000) 2026-06-02 15:51:19 Job submitted from host: <10.128.10.103:9618?addrs=10.128.10.103-9618&alias=npx-submitter.icecube.wisc.edu&noUDP&sock=schedd_2449_6386>
    DAG Node: Drootprod_20111023_89668
...
001 (19533867.000.000) 2026-06-02 16:21:41 Job executing on host: <10.128.11.28:42045?addrs=10.128.11.28-42045&alias=n-smbc-09.icecube.wisc.edu>
	SlotName: slot1_9@n-smbc-09.icecube.wisc.edu
	admin_mutex_1 = 0
	admin_mutex_2 = 0
	admin_mutex_3 = 0
	CondorScratchDir = "/scratch/condor/dir_3919978"
	Cpus = 1
	Disk = 3072
	GPUs = 0
	machine_token = 0
	Memory = 6016
...
006 (19533867.000.000) 2026-06-02 16:21:54 Image size of job updated: 120504
	118  -  MemoryUsage of job (MB)
	120504  -  ResidentSetSize of job (KB)
...
006 (19533867.000.000) 2026-06-02 16:26:54 Image size of job updated: 152020
	149  -  MemoryUsage of job (MB)
	152020  -  ResidentSetSize of job (KB)
...
006 (19533867.000.000) 2026-06-02 16:31:55 Image size of job updated: 270340
	265  -  MemoryUsage of job (MB)
	270340  -  ResidentSetSize of job (KB)
...
006 (19533867.000.000) 2026-06-02 16:36:55 Image size of job updated: 406504
	397  -  MemoryUsage of job (MB)
	406504  -  ResidentSetSize of job (KB)
...
006 (19533867.000.000) 2026-06-02 16:41:55 Image size of job updated: 710776
	695  -  MemoryUsage of job (MB)
	710776  -  ResidentSetSize of job (KB)
...
006 (19533867.000.000) 2026-06-02 16:46:56 Image size of job updated: 755360
	738  -  MemoryUsage of job (MB)
	755360  -  ResidentSetSize of job (KB)
...
006 (19533867.000.000) 2026-06-02 16:51:57 Image size of job updated: 798648
	780  -  MemoryUsage of job (MB)
	798648  -  ResidentSetSize of job (KB)
...
006 (19533867.000.000) 2026-06-02 16:55:23 Image size of job updated: 885604
	780  -  MemoryUsage of job (MB)
	798648  -  ResidentSetSize of job (KB)
...
005 (19533867.000.000) 2026-06-02 16:55:23 Job terminated.
	(1) Normal termination (return value 0)
		Usr 0 00:32:29, Sys 0 00:00:18  -  Run Remote Usage
		Usr 0 00:00:00, Sys 0 00:00:00  -  Run Local Usage
		Usr 0 00:32:29, Sys 0 00:00:18  -  Total Remote Usage
		Usr 0 00:00:00, Sys 0 00:00:00  -  Total Local Usage
	0  -  Run Bytes Sent By Job
	0  -  Run Bytes Received By Job
	0  -  Total Bytes Sent By Job
	0  -  Total Bytes Received By Job
	Partitionable Resources :    Usage  Request Allocated 
	   admin_mutex_1         :                           0 
	   admin_mutex_2         :                           0 
	   admin_mutex_3         :                           0 
	   Cpus                  :     0.96        1         1 
	   Disk (KB)             :    10        2048      3072 
	   GPUs                  :                           0 
	   machine_token         :                           0 
	   Memory (MB)           :   780        6000      6016 
	   TimeExecute (s)       :  2022                       
	   TimeSlotBusy (s)      :  2022                       

	Job terminated of its own accord at 2026-06-02T21:55:23Z with exit-code 0.
...
