000 (19534353.000.000) 2026-06-02 15:52:15 Job submitted from host: <10.128.10.103:9618?addrs=10.128.10.103-9618&alias=npx-submitter.icecube.wisc.edu&noUDP&sock=schedd_2449_6386>
    DAG Node: Drootprod_20111124_9355
...
001 (19534353.000.000) 2026-06-02 16:32:58 Job executing on host: <10.128.10.198:33367?addrs=10.128.10.198-33367&alias=n-r710-19.icecube.wisc.edu>
	SlotName: slot1_11@n-r710-19.icecube.wisc.edu
	admin_mutex_1 = 0
	admin_mutex_2 = 0
	admin_mutex_3 = 0
	CondorScratchDir = "/scratch/condor/dir_2607749"
	Cpus = 1
	Disk = 3781
	GPUs = 0
	machine_token = 0
	Memory = 6016
...
006 (19534353.000.000) 2026-06-02 16:33:12 Image size of job updated: 120068
	118  -  MemoryUsage of job (MB)
	120068  -  ResidentSetSize of job (KB)
...
006 (19534353.000.000) 2026-06-02 16:38:13 Image size of job updated: 150364
	147  -  MemoryUsage of job (MB)
	150364  -  ResidentSetSize of job (KB)
...
006 (19534353.000.000) 2026-06-02 16:43:14 Image size of job updated: 172976
	169  -  MemoryUsage of job (MB)
	172976  -  ResidentSetSize of job (KB)
...
006 (19534353.000.000) 2026-06-02 16:48:14 Image size of job updated: 291348
	285  -  MemoryUsage of job (MB)
	291348  -  ResidentSetSize of job (KB)
...
006 (19534353.000.000) 2026-06-02 16:53:14 Image size of job updated: 563980
	551  -  MemoryUsage of job (MB)
	563980  -  ResidentSetSize of job (KB)
...
006 (19534353.000.000) 2026-06-02 16:58:15 Image size of job updated: 738236
	721  -  MemoryUsage of job (MB)
	738236  -  ResidentSetSize of job (KB)
...
006 (19534353.000.000) 2026-06-02 17:03:15 Image size of job updated: 764816
	747  -  MemoryUsage of job (MB)
	764816  -  ResidentSetSize of job (KB)
...
006 (19534353.000.000) 2026-06-02 17:08:15 Image size of job updated: 796068
	778  -  MemoryUsage of job (MB)
	796068  -  ResidentSetSize of job (KB)
...
006 (19534353.000.000) 2026-06-02 17:12:20 Image size of job updated: 877836
	778  -  MemoryUsage of job (MB)
	796068  -  ResidentSetSize of job (KB)
...
005 (19534353.000.000) 2026-06-02 17:12:20 Job terminated.
	(1) Normal termination (return value 0)
		Usr 0 00:37:57, Sys 0 00:00:26  -  Run Remote Usage
		Usr 0 00:00:00, Sys 0 00:00:00  -  Run Local Usage
		Usr 0 00:37:57, Sys 0 00:00:26  -  Total Remote Usage
		Usr 0 00:00:00, Sys 0 00:00:00  -  Total Local Usage
	0  -  Run Bytes Sent By Job
	0  -  Run Bytes Received By Job
	0  -  Total Bytes Sent By Job
	0  -  Total Bytes Received By Job
	Partitionable Resources :    Usage  Request Allocated 
	   admin_mutex_1         :                           0 
	   admin_mutex_2         :                           0 
	   admin_mutex_3         :                           0 
	   Cpus                  :     0.99        1         1 
	   Disk (KB)             :    10        2048      3781 
	   GPUs                  :                           0 
	   machine_token         :                           0 
	   Memory (MB)           :   778        6000      6016 
	   TimeExecute (s)       :  2362                       
	   TimeSlotBusy (s)      :  2362                       

	Job terminated of its own accord at 2026-06-02T22:12:20Z with exit-code 0.
...
