000 (19533725.000.000) 2026-06-02 15:51:00 Job submitted from host: <10.128.10.103:9618?addrs=10.128.10.103-9618&alias=npx-submitter.icecube.wisc.edu&noUDP&sock=schedd_2449_6386>
    DAG Node: Drootprod_20111015_34830
...
001 (19533725.000.000) 2026-06-02 16:19:55 Job executing on host: <10.128.10.117:43719?addrs=10.128.10.117-43719&alias=n-gibyte-02.icecube.wisc.edu>
	SlotName: slot1_191@n-gibyte-02.icecube.wisc.edu
	admin_mutex_1 = 0
	admin_mutex_2 = 0
	admin_mutex_3 = 0
	CondorScratchDir = "/scratch/condor/dir_3410805"
	Cpus = 1
	Disk = 5480
	GPUs = 0
	machine_token = 0
	Memory = 6016
...
006 (19533725.000.000) 2026-06-02 16:20:08 Image size of job updated: 117464
	115  -  MemoryUsage of job (MB)
	117464  -  ResidentSetSize of job (KB)
...
006 (19533725.000.000) 2026-06-02 16:25:08 Image size of job updated: 139832
	137  -  MemoryUsage of job (MB)
	139832  -  ResidentSetSize of job (KB)
...
006 (19533725.000.000) 2026-06-02 16:30:09 Image size of job updated: 155964
	153  -  MemoryUsage of job (MB)
	155964  -  ResidentSetSize of job (KB)
...
006 (19533725.000.000) 2026-06-02 16:35:09 Image size of job updated: 172020
	168  -  MemoryUsage of job (MB)
	172020  -  ResidentSetSize of job (KB)
...
006 (19533725.000.000) 2026-06-02 16:40:10 Image size of job updated: 283004
	277  -  MemoryUsage of job (MB)
	283004  -  ResidentSetSize of job (KB)
...
006 (19533725.000.000) 2026-06-02 16:45:10 Image size of job updated: 410568
	401  -  MemoryUsage of job (MB)
	410568  -  ResidentSetSize of job (KB)
...
006 (19533725.000.000) 2026-06-02 16:50:11 Image size of job updated: 707540
	691  -  MemoryUsage of job (MB)
	707540  -  ResidentSetSize of job (KB)
...
006 (19533725.000.000) 2026-06-02 16:55:11 Image size of job updated: 736432
	720  -  MemoryUsage of job (MB)
	736432  -  ResidentSetSize of job (KB)
...
006 (19533725.000.000) 2026-06-02 17:00:12 Image size of job updated: 759060
	742  -  MemoryUsage of job (MB)
	759060  -  ResidentSetSize of job (KB)
...
006 (19533725.000.000) 2026-06-02 17:05:12 Image size of job updated: 790472
	772  -  MemoryUsage of job (MB)
	790472  -  ResidentSetSize of job (KB)
...
006 (19533725.000.000) 2026-06-02 17:10:12 Image size of job updated: 867840
	848  -  MemoryUsage of job (MB)
	867840  -  ResidentSetSize of job (KB)
...
006 (19533725.000.000) 2026-06-02 17:15:13 Image size of job updated: 891520
	871  -  MemoryUsage of job (MB)
	891520  -  ResidentSetSize of job (KB)
...
006 (19533725.000.000) 2026-06-02 17:16:50 Image size of job updated: 905864
	871  -  MemoryUsage of job (MB)
	891520  -  ResidentSetSize of job (KB)
...
005 (19533725.000.000) 2026-06-02 17:16:50 Job terminated.
	(1) Normal termination (return value 0)
		Usr 0 00:54:50, Sys 0 00:00:32  -  Run Remote Usage
		Usr 0 00:00:00, Sys 0 00:00:00  -  Run Local Usage
		Usr 0 00:54:50, Sys 0 00:00:32  -  Total Remote Usage
		Usr 0 00:00:00, Sys 0 00:00:00  -  Total Local Usage
	0  -  Run Bytes Sent By Job
	0  -  Run Bytes Received By Job
	0  -  Total Bytes Sent By Job
	0  -  Total Bytes Received By Job
	Partitionable Resources :    Usage  Request Allocated 
	   admin_mutex_1         :                           0 
	   admin_mutex_2         :                           0 
	   admin_mutex_3         :                           0 
	   Cpus                  :     0.98        1         1 
	   Disk (KB)             :    10        2048      5480 
	   GPUs                  :                           0 
	   machine_token         :                           0 
	   Memory (MB)           :   871        6000      6016 
	   TimeExecute (s)       :  3415                       
	   TimeSlotBusy (s)      :  3416                       

	Job terminated of its own accord at 2026-06-02T22:16:50Z with exit-code 0.
...
