000 (19533132.000.000) 2026-06-02 15:49:42 Job submitted from host: <10.128.10.103:9618?addrs=10.128.10.103-9618&alias=npx-submitter.icecube.wisc.edu&noUDP&sock=schedd_2449_6386>
    DAG Node: Drootprod_20110903_84243
...
001 (19533132.000.000) 2026-06-02 16:05:38 Job executing on host: <10.128.10.117:43719?addrs=10.128.10.117-43719&alias=n-gibyte-02.icecube.wisc.edu>
	SlotName: slot1_171@n-gibyte-02.icecube.wisc.edu
	admin_mutex_1 = 0
	admin_mutex_2 = 0
	admin_mutex_3 = 0
	CondorScratchDir = "/scratch/condor/dir_3360283"
	Cpus = 1
	Disk = 5480
	GPUs = 0
	machine_token = 0
	Memory = 6016
...
006 (19533132.000.000) 2026-06-02 16:05:52 Image size of job updated: 118780
	116  -  MemoryUsage of job (MB)
	118780  -  ResidentSetSize of job (KB)
...
006 (19533132.000.000) 2026-06-02 16:10:53 Image size of job updated: 141968
	139  -  MemoryUsage of job (MB)
	141968  -  ResidentSetSize of job (KB)
...
006 (19533132.000.000) 2026-06-02 16:15:53 Image size of job updated: 160152
	157  -  MemoryUsage of job (MB)
	160152  -  ResidentSetSize of job (KB)
...
006 (19533132.000.000) 2026-06-02 16:20:54 Image size of job updated: 275504
	270  -  MemoryUsage of job (MB)
	275504  -  ResidentSetSize of job (KB)
...
006 (19533132.000.000) 2026-06-02 16:25:54 Image size of job updated: 406976
	398  -  MemoryUsage of job (MB)
	406976  -  ResidentSetSize of job (KB)
...
006 (19533132.000.000) 2026-06-02 16:30:55 Image size of job updated: 426404
	417  -  MemoryUsage of job (MB)
	426404  -  ResidentSetSize of job (KB)
...
006 (19533132.000.000) 2026-06-02 16:35:55 Image size of job updated: 731632
	715  -  MemoryUsage of job (MB)
	731632  -  ResidentSetSize of job (KB)
...
006 (19533132.000.000) 2026-06-02 16:40:56 Image size of job updated: 756608
	739  -  MemoryUsage of job (MB)
	756608  -  ResidentSetSize of job (KB)
...
006 (19533132.000.000) 2026-06-02 16:45:56 Image size of job updated: 790464
	772  -  MemoryUsage of job (MB)
	790464  -  ResidentSetSize of job (KB)
...
006 (19533132.000.000) 2026-06-02 16:50:57 Image size of job updated: 869296
	849  -  MemoryUsage of job (MB)
	869296  -  ResidentSetSize of job (KB)
...
006 (19533132.000.000) 2026-06-02 16:53:25 Image size of job updated: 905724
	849  -  MemoryUsage of job (MB)
	869296  -  ResidentSetSize of job (KB)
...
005 (19533132.000.000) 2026-06-02 16:53:25 Job terminated.
	(1) Normal termination (return value 0)
		Usr 0 00:45:46, Sys 0 00:00:29  -  Run Remote Usage
		Usr 0 00:00:00, Sys 0 00:00:00  -  Run Local Usage
		Usr 0 00:45:46, Sys 0 00:00:29  -  Total Remote Usage
		Usr 0 00:00:00, Sys 0 00:00:00  -  Total Local Usage
	0  -  Run Bytes Sent By Job
	0  -  Run Bytes Received By Job
	0  -  Total Bytes Sent By Job
	0  -  Total Bytes Received By Job
	Partitionable Resources :    Usage  Request Allocated 
	   admin_mutex_1         :                           0 
	   admin_mutex_2         :                           0 
	   admin_mutex_3         :                           0 
	   Cpus                  :     1.00        1         1 
	   Disk (KB)             :    10        2048      5480 
	   GPUs                  :                           0 
	   machine_token         :                           0 
	   Memory (MB)           :   849        6000      6016 
	   TimeExecute (s)       :  2867                       
	   TimeSlotBusy (s)      :  2868                       

	Job terminated of its own accord at 2026-06-02T21:53:25Z with exit-code 0.
...
