000 (19533450.000.000) 2026-06-02 15:50:26 Job submitted from host: <10.128.10.103:9618?addrs=10.128.10.103-9618&alias=npx-submitter.icecube.wisc.edu&noUDP&sock=schedd_2449_6386>
    DAG Node: Drootprod_20110926_64486
...
001 (19533450.000.000) 2026-06-02 16:13:59 Job executing on host: <10.128.10.191:42321?addrs=10.128.10.191-42321&alias=n-smepyc-04.icecube.wisc.edu>
	SlotName: slot1_74@n-smepyc-04.icecube.wisc.edu
	admin_mutex_1 = 0
	admin_mutex_2 = 0
	admin_mutex_3 = 0
	CondorScratchDir = "/scratch/condor/dir_84408"
	Cpus = 1
	Disk = 3072
	GPUs = 0
	machine_token = 0
	Memory = 6016
...
006 (19533450.000.000) 2026-06-02 16:14:13 Image size of job updated: 122304
	120  -  MemoryUsage of job (MB)
	122304  -  ResidentSetSize of job (KB)
...
006 (19533450.000.000) 2026-06-02 16:19:14 Image size of job updated: 174868
	171  -  MemoryUsage of job (MB)
	174868  -  ResidentSetSize of job (KB)
...
006 (19533450.000.000) 2026-06-02 16:24:14 Image size of job updated: 717700
	701  -  MemoryUsage of job (MB)
	717700  -  ResidentSetSize of job (KB)
...
006 (19533450.000.000) 2026-06-02 16:29:15 Image size of job updated: 789912
	772  -  MemoryUsage of job (MB)
	789912  -  ResidentSetSize of job (KB)
...
006 (19533450.000.000) 2026-06-02 16:32:19 Image size of job updated: 878440
	772  -  MemoryUsage of job (MB)
	789912  -  ResidentSetSize of job (KB)
...
005 (19533450.000.000) 2026-06-02 16:32:19 Job terminated.
	(1) Normal termination (return value 0)
		Usr 0 00:17:18, Sys 0 00:00:16  -  Run Remote Usage
		Usr 0 00:00:00, Sys 0 00:00:00  -  Run Local Usage
		Usr 0 00:17:18, Sys 0 00:00:16  -  Total Remote Usage
		Usr 0 00:00:00, Sys 0 00:00:00  -  Total Local Usage
	0  -  Run Bytes Sent By Job
	0  -  Run Bytes Received By Job
	0  -  Total Bytes Sent By Job
	0  -  Total Bytes Received By Job
	Partitionable Resources :    Usage  Request Allocated 
	   admin_mutex_1         :                           0 
	   admin_mutex_2         :                           0 
	   admin_mutex_3         :                           0 
	   Cpus                  :     0.99        1         1 
	   Disk (KB)             :    10        2048      3072 
	   GPUs                  :                           0 
	   machine_token         :                           0 
	   Memory (MB)           :   772        6000      6016 
	   TimeExecute (s)       :  1100                       
	   TimeSlotBusy (s)      :  1100                       

	Job terminated of its own accord at 2026-06-02T21:32:19Z with exit-code 0.
...
