000 (19532216.000.000) 2026-06-02 15:46:32 Job submitted from host: <10.128.10.103:9618?addrs=10.128.10.103-9618&alias=npx-submitter.icecube.wisc.edu&noUDP&sock=schedd_2449_6386>
    DAG Node: Drootprod_20110523_62445
...
001 (19532216.000.000) 2026-06-02 15:46:50 Job executing on host: <10.128.11.28:42045?addrs=10.128.11.28-42045&alias=n-smbc-09.icecube.wisc.edu>
	SlotName: slot1_18@n-smbc-09.icecube.wisc.edu
	admin_mutex_1 = 0
	admin_mutex_2 = 0
	admin_mutex_3 = 0
	CondorScratchDir = "/scratch/condor/dir_3802640"
	Cpus = 1
	Disk = 3072
	GPUs = 0
	machine_token = 0
	Memory = 6016
...
006 (19532216.000.000) 2026-06-02 15:47:03 Image size of job updated: 104052
	102  -  MemoryUsage of job (MB)
	104052  -  ResidentSetSize of job (KB)
...
006 (19532216.000.000) 2026-06-02 15:52:03 Image size of job updated: 150340
	147  -  MemoryUsage of job (MB)
	150340  -  ResidentSetSize of job (KB)
...
006 (19532216.000.000) 2026-06-02 15:57:03 Image size of job updated: 172144
	169  -  MemoryUsage of job (MB)
	172144  -  ResidentSetSize of job (KB)
...
006 (19532216.000.000) 2026-06-02 16:02:04 Image size of job updated: 292636
	286  -  MemoryUsage of job (MB)
	292636  -  ResidentSetSize of job (KB)
...
006 (19532216.000.000) 2026-06-02 16:07:04 Image size of job updated: 710988
	695  -  MemoryUsage of job (MB)
	710988  -  ResidentSetSize of job (KB)
...
006 (19532216.000.000) 2026-06-02 16:12:04 Image size of job updated: 754832
	738  -  MemoryUsage of job (MB)
	754832  -  ResidentSetSize of job (KB)
...
006 (19532216.000.000) 2026-06-02 16:17:05 Image size of job updated: 799612
	781  -  MemoryUsage of job (MB)
	799612  -  ResidentSetSize of job (KB)
...
006 (19532216.000.000) 2026-06-02 16:21:31 Image size of job updated: 892348
	781  -  MemoryUsage of job (MB)
	799612  -  ResidentSetSize of job (KB)
...
005 (19532216.000.000) 2026-06-02 16:21:31 Job terminated.
	(1) Normal termination (return value 0)
		Usr 0 00:33:25, Sys 0 00:00:18  -  Run Remote Usage
		Usr 0 00:00:00, Sys 0 00:00:00  -  Run Local Usage
		Usr 0 00:33:25, Sys 0 00:00:18  -  Total Remote Usage
		Usr 0 00:00:00, Sys 0 00:00:00  -  Total Local Usage
	0  -  Run Bytes Sent By Job
	0  -  Run Bytes Received By Job
	0  -  Total Bytes Sent By Job
	0  -  Total Bytes Received By Job
	Partitionable Resources :    Usage  Request Allocated 
	   admin_mutex_1         :                           0 
	   admin_mutex_2         :                           0 
	   admin_mutex_3         :                           0 
	   Cpus                  :     0.97        1         1 
	   Disk (KB)             :    10        2048      3072 
	   GPUs                  :                           0 
	   machine_token         :                           0 
	   Memory (MB)           :   781        6000      6016 
	   TimeExecute (s)       :  2081                       
	   TimeSlotBusy (s)      :  2081                       

	Job terminated of its own accord at 2026-06-02T21:21:31Z with exit-code 0.
...
