000 (19532701.000.000) 2026-06-02 15:48:32 Job submitted from host: <10.128.10.103:9618?addrs=10.128.10.103-9618&alias=npx-submitter.icecube.wisc.edu&noUDP&sock=schedd_2449_6386>
    DAG Node: Drootprod_20110725_34052
...
001 (19532701.000.000) 2026-06-02 15:48:46 Job executing on host: <10.128.10.116:38163?addrs=10.128.10.116-38163&alias=n-gibyte-01.icecube.wisc.edu>
	SlotName: slot1_488@n-gibyte-01.icecube.wisc.edu
	admin_mutex_1 = 0
	admin_mutex_2 = 0
	admin_mutex_3 = 0
	CondorScratchDir = "/scratch/condor/dir_2370409"
	Cpus = 1
	Disk = 5480
	GPUs = 0
	machine_token = 0
	Memory = 6016
...
006 (19532701.000.000) 2026-06-02 15:49:00 Image size of job updated: 120300
	118  -  MemoryUsage of job (MB)
	120300  -  ResidentSetSize of job (KB)
...
006 (19532701.000.000) 2026-06-02 15:54:01 Image size of job updated: 144136
	141  -  MemoryUsage of job (MB)
	144136  -  ResidentSetSize of job (KB)
...
006 (19532701.000.000) 2026-06-02 15:59:01 Image size of job updated: 165020
	162  -  MemoryUsage of job (MB)
	165020  -  ResidentSetSize of job (KB)
...
006 (19532701.000.000) 2026-06-02 16:04:02 Image size of job updated: 281376
	275  -  MemoryUsage of job (MB)
	281376  -  ResidentSetSize of job (KB)
...
006 (19532701.000.000) 2026-06-02 16:09:02 Image size of job updated: 413520
	404  -  MemoryUsage of job (MB)
	413520  -  ResidentSetSize of job (KB)
...
006 (19532701.000.000) 2026-06-02 16:14:03 Image size of job updated: 718576
	702  -  MemoryUsage of job (MB)
	718576  -  ResidentSetSize of job (KB)
...
006 (19532701.000.000) 2026-06-02 16:19:03 Image size of job updated: 747676
	731  -  MemoryUsage of job (MB)
	747676  -  ResidentSetSize of job (KB)
...
022 (19532701.000.000) 2026-06-02 16:23:27 Job disconnected, attempting to reconnect
    Socket between submit and execute hosts closed unexpectedly
    Trying to reconnect to slot1_488@n-gibyte-01.icecube.wisc.edu <10.128.10.116:38163?addrs=10.128.10.116-38163&alias=n-gibyte-01.icecube.wisc.edu>
...
024 (19532701.000.000) 2026-06-02 17:03:27 Job reconnection failed
    Job disconnected too long: JobLeaseDuration (2400 seconds) expired
    Can not reconnect to slot1_488@n-gibyte-01.icecube.wisc.edu, rescheduling job
...
004 (19532701.000.000) 2026-06-02 17:03:37 Job was evicted.
	(0) CPU times
		Usr 0 00:28:58, Sys 0 00:00:18  -  Run Remote Usage
		Usr 0 00:00:00, Sys 0 00:00:00  -  Run Local Usage
	0  -  Run Bytes Sent By Job
	0  -  Run Bytes Received By Job
	Job disconnected too long: JobLeaseDuration (2400 seconds) expired
	Partitionable Resources :    Usage  Request Allocated 
	   admin_mutex_1         :                           0 
	   admin_mutex_2         :                           0 
	   admin_mutex_3         :                           0 
	   Cpus                  :     0.98        1         1 
	   Disk (KB)             :    10        2048      5480 
	   GPUs                  :                           0 
	   machine_token         :                           0 
	   Memory (MB)           :   731        6000      6016 
...
001 (19532701.000.000) 2026-06-02 17:06:11 Job executing on host: <10.128.10.115:33587?addrs=10.128.10.115-33587&alias=n-gibyte-00.icecube.wisc.edu>
	SlotName: slot1_184@n-gibyte-00.icecube.wisc.edu
	admin_mutex_1 = 0
	admin_mutex_2 = 0
	admin_mutex_3 = 0
	CondorScratchDir = "/scratch/condor/dir_2308133"
	Cpus = 1
	Disk = 5480
	GPUs = 0
	machine_token = 0
	Memory = 6016
...
006 (19532701.000.000) 2026-06-02 17:41:29 Image size of job updated: 765400
	748  -  MemoryUsage of job (MB)
	765400  -  ResidentSetSize of job (KB)
...
006 (19532701.000.000) 2026-06-02 17:46:30 Image size of job updated: 804140
	786  -  MemoryUsage of job (MB)
	804140  -  ResidentSetSize of job (KB)
...
006 (19532701.000.000) 2026-06-02 17:50:33 Image size of job updated: 918568
	786  -  MemoryUsage of job (MB)
	804140  -  ResidentSetSize of job (KB)
...
005 (19532701.000.000) 2026-06-02 17:50:33 Job terminated.
	(1) Normal termination (return value 0)
		Usr 0 00:42:33, Sys 0 00:00:28  -  Run Remote Usage
		Usr 0 00:00:00, Sys 0 00:00:00  -  Run Local Usage
		Usr 0 01:11:31, Sys 0 00:00:46  -  Total Remote Usage
		Usr 0 00:00:00, Sys 0 00:00:00  -  Total Local Usage
	0  -  Run Bytes Sent By Job
	0  -  Run Bytes Received By Job
	0  -  Total Bytes Sent By Job
	0  -  Total Bytes Received By Job
	Partitionable Resources :    Usage  Request Allocated 
	   admin_mutex_1         :                           0 
	   admin_mutex_2         :                           0 
	   admin_mutex_3         :                           0 
	   Cpus                  :     0.99        1         1 
	   Disk (KB)             :    10        2048      5480 
	   GPUs                  :                           0 
	   machine_token         :                           0 
	   Memory (MB)           :   786        6000      6016 
	   TimeExecute (s)       :  2662                       
	   TimeSlotBusy (s)      :  2662                       

	Job terminated of its own accord at 2026-06-02T22:50:33Z with exit-code 0.
...
