000 (19532857.000.000) 2026-06-02 15:48:58 Job submitted from host: <10.128.10.103:9618?addrs=10.128.10.103-9618&alias=npx-submitter.icecube.wisc.edu&noUDP&sock=schedd_2449_6386>
    DAG Node: Drootprod_20110810_64285
...
001 (19532857.000.000) 2026-06-02 15:55:09 Job executing on host: <10.128.11.35:44313?addrs=10.128.11.35-44313&alias=n-smbc-16.icecube.wisc.edu>
	SlotName: slot1_6@n-smbc-16.icecube.wisc.edu
	admin_mutex_1 = 0
	admin_mutex_2 = 0
	admin_mutex_3 = 0
	CondorScratchDir = "/scratch/condor/dir_512188"
	Cpus = 1
	Disk = 3072
	GPUs = 0
	machine_token = 0
	Memory = 6016
...
006 (19532857.000.000) 2026-06-02 15:55:22 Image size of job updated: 97132
	95  -  MemoryUsage of job (MB)
	97132  -  ResidentSetSize of job (KB)
...
006 (19532857.000.000) 2026-06-02 16:00:22 Image size of job updated: 145064
	142  -  MemoryUsage of job (MB)
	145064  -  ResidentSetSize of job (KB)
...
006 (19532857.000.000) 2026-06-02 16:05:22 Image size of job updated: 167036
	164  -  MemoryUsage of job (MB)
	167036  -  ResidentSetSize of job (KB)
...
006 (19532857.000.000) 2026-06-02 16:10:23 Image size of job updated: 287084
	281  -  MemoryUsage of job (MB)
	287084  -  ResidentSetSize of job (KB)
...
006 (19532857.000.000) 2026-06-02 16:15:24 Image size of job updated: 419432
	410  -  MemoryUsage of job (MB)
	419432  -  ResidentSetSize of job (KB)
...
006 (19532857.000.000) 2026-06-02 16:20:24 Image size of job updated: 728616
	712  -  MemoryUsage of job (MB)
	728616  -  ResidentSetSize of job (KB)
...
006 (19532857.000.000) 2026-06-02 16:25:25 Image size of job updated: 758608
	741  -  MemoryUsage of job (MB)
	758608  -  ResidentSetSize of job (KB)
...
006 (19532857.000.000) 2026-06-02 16:30:26 Image size of job updated: 796112
	778  -  MemoryUsage of job (MB)
	796112  -  ResidentSetSize of job (KB)
...
006 (19532857.000.000) 2026-06-02 16:34:02 Image size of job updated: 915192
	778  -  MemoryUsage of job (MB)
	796112  -  ResidentSetSize of job (KB)
...
005 (19532857.000.000) 2026-06-02 16:34:02 Job terminated.
	(1) Normal termination (return value 0)
		Usr 0 00:37:10, Sys 0 00:00:19  -  Run Remote Usage
		Usr 0 00:00:00, Sys 0 00:00:00  -  Run Local Usage
		Usr 0 00:37:10, Sys 0 00:00:19  -  Total Remote Usage
		Usr 0 00:00:00, Sys 0 00:00:00  -  Total Local Usage
	0  -  Run Bytes Sent By Job
	0  -  Run Bytes Received By Job
	0  -  Total Bytes Sent By Job
	0  -  Total Bytes Received By Job
	Partitionable Resources :    Usage  Request Allocated 
	   admin_mutex_1         :                           0 
	   admin_mutex_2         :                           0 
	   admin_mutex_3         :                           0 
	   Cpus                  :     0.99        1         1 
	   Disk (KB)             :    10        2048      3072 
	   GPUs                  :                           0 
	   machine_token         :                           0 
	   Memory (MB)           :   778        6000      6016 
	   TimeExecute (s)       :  2334                       
	   TimeSlotBusy (s)      :  2334                       

	Job terminated of its own accord at 2026-06-02T21:34:02Z with exit-code 0.
...
