000 (19533342.000.000) 2026-06-02 15:50:12 Job submitted from host: <10.128.10.103:9618?addrs=10.128.10.103-9618&alias=npx-submitter.icecube.wisc.edu&noUDP&sock=schedd_2449_6386>
    DAG Node: Drootprod_20110917_46634
...
001 (19533342.000.000) 2026-06-02 16:12:11 Job executing on host: <10.128.10.116:38163?addrs=10.128.10.116-38163&alias=n-gibyte-01.icecube.wisc.edu>
	SlotName: slot1_387@n-gibyte-01.icecube.wisc.edu
	admin_mutex_1 = 0
	admin_mutex_2 = 0
	admin_mutex_3 = 0
	CondorScratchDir = "/scratch/condor/dir_2463331"
	Cpus = 1
	Disk = 5480
	GPUs = 0
	machine_token = 0
	Memory = 6016
...
006 (19533342.000.000) 2026-06-02 16:12:25 Image size of job updated: 119828
	118  -  MemoryUsage of job (MB)
	119828  -  ResidentSetSize of job (KB)
...
006 (19533342.000.000) 2026-06-02 16:17:26 Image size of job updated: 142052
	139  -  MemoryUsage of job (MB)
	142052  -  ResidentSetSize of job (KB)
...
006 (19533342.000.000) 2026-06-02 16:22:26 Image size of job updated: 161232
	158  -  MemoryUsage of job (MB)
	161232  -  ResidentSetSize of job (KB)
...
022 (19533342.000.000) 2026-06-02 16:23:27 Job disconnected, attempting to reconnect
    Socket between submit and execute hosts closed unexpectedly
    Trying to reconnect to slot1_387@n-gibyte-01.icecube.wisc.edu <10.128.10.116:38163?addrs=10.128.10.116-38163&alias=n-gibyte-01.icecube.wisc.edu>
...
024 (19533342.000.000) 2026-06-02 17:03:27 Job reconnection failed
    Job disconnected too long: JobLeaseDuration (2400 seconds) expired
    Can not reconnect to slot1_387@n-gibyte-01.icecube.wisc.edu, rescheduling job
...
004 (19533342.000.000) 2026-06-02 17:03:37 Job was evicted.
	(0) CPU times
		Usr 0 00:09:43, Sys 0 00:00:06  -  Run Remote Usage
		Usr 0 00:00:00, Sys 0 00:00:00  -  Run Local Usage
	0  -  Run Bytes Sent By Job
	0  -  Run Bytes Received By Job
	Job disconnected too long: JobLeaseDuration (2400 seconds) expired
	Partitionable Resources :    Usage  Request Allocated 
	   admin_mutex_1         :                           0 
	   admin_mutex_2         :                           0 
	   admin_mutex_3         :                           0 
	   Cpus                  :     0.99        1         1 
	   Disk (KB)             :    10        2048      5480 
	   GPUs                  :                           0 
	   machine_token         :                           0 
	   Memory (MB)           :   158        6000      6016 
...
001 (19533342.000.000) 2026-06-02 17:08:17 Job executing on host: <10.128.10.191:42321?addrs=10.128.10.191-42321&alias=n-smepyc-04.icecube.wisc.edu>
	SlotName: slot1_78@n-smepyc-04.icecube.wisc.edu
	admin_mutex_1 = 0
	admin_mutex_2 = 0
	admin_mutex_3 = 0
	CondorScratchDir = "/scratch/condor/dir_295062"
	Cpus = 1
	Disk = 3072
	GPUs = 0
	machine_token = 0
	Memory = 6016
...
006 (19533342.000.000) 2026-06-02 17:18:32 Image size of job updated: 418660
	409  -  MemoryUsage of job (MB)
	418660  -  ResidentSetSize of job (KB)
...
006 (19533342.000.000) 2026-06-02 17:23:34 Image size of job updated: 758740
	741  -  MemoryUsage of job (MB)
	758740  -  ResidentSetSize of job (KB)
...
006 (19533342.000.000) 2026-06-02 17:28:34 Image size of job updated: 884800
	865  -  MemoryUsage of job (MB)
	884800  -  ResidentSetSize of job (KB)
...
006 (19533342.000.000) 2026-06-02 17:31:54 Image size of job updated: 966348
	865  -  MemoryUsage of job (MB)
	884800  -  ResidentSetSize of job (KB)
...
005 (19533342.000.000) 2026-06-02 17:31:54 Job terminated.
	(1) Normal termination (return value 0)
		Usr 0 00:22:43, Sys 0 00:00:24  -  Run Remote Usage
		Usr 0 00:00:00, Sys 0 00:00:00  -  Run Local Usage
		Usr 0 00:32:26, Sys 0 00:00:30  -  Total Remote Usage
		Usr 0 00:00:00, Sys 0 00:00:00  -  Total Local Usage
	0  -  Run Bytes Sent By Job
	0  -  Run Bytes Received By Job
	0  -  Total Bytes Sent By Job
	0  -  Total Bytes Received By Job
	Partitionable Resources :    Usage  Request Allocated 
	   admin_mutex_1         :                           0 
	   admin_mutex_2         :                           0 
	   admin_mutex_3         :                           0 
	   Cpus                  :     0.97        1         1 
	   Disk (KB)             :    10        2048      3072 
	   GPUs                  :                           0 
	   machine_token         :                           0 
	   Memory (MB)           :   865        6000      6016 
	   TimeExecute (s)       :  1417                       
	   TimeSlotBusy (s)      :  1417                       

	Job terminated of its own accord at 2026-06-02T22:31:54Z with exit-code 0.
...
