000 (19533696.000.000) 2026-06-02 15:50:57 Job submitted from host: <10.128.10.103:9618?addrs=10.128.10.103-9618&alias=npx-submitter.icecube.wisc.edu&noUDP&sock=schedd_2449_6386>
    DAG Node: Drootprod_20111012_42238
...
001 (19533696.000.000) 2026-06-02 16:19:31 Job executing on host: <10.128.10.116:38163?addrs=10.128.10.116-38163&alias=n-gibyte-01.icecube.wisc.edu>
	SlotName: slot1_269@n-gibyte-01.icecube.wisc.edu
	admin_mutex_1 = 0
	admin_mutex_2 = 0
	admin_mutex_3 = 0
	CondorScratchDir = "/scratch/condor/dir_2501065"
	Cpus = 1
	Disk = 5480
	GPUs = 0
	machine_token = 0
	Memory = 6016
...
006 (19533696.000.000) 2026-06-02 16:19:45 Image size of job updated: 120004
	118  -  MemoryUsage of job (MB)
	120004  -  ResidentSetSize of job (KB)
...
022 (19533696.000.000) 2026-06-02 16:23:27 Job disconnected, attempting to reconnect
    Socket between submit and execute hosts closed unexpectedly
    Trying to reconnect to slot1_269@n-gibyte-01.icecube.wisc.edu <10.128.10.116:38163?addrs=10.128.10.116-38163&alias=n-gibyte-01.icecube.wisc.edu>
...
024 (19533696.000.000) 2026-06-02 17:03:27 Job reconnection failed
    Job disconnected too long: JobLeaseDuration (2400 seconds) expired
    Can not reconnect to slot1_269@n-gibyte-01.icecube.wisc.edu, rescheduling job
...
004 (19533696.000.000) 2026-06-02 17:03:37 Job was evicted.
	(0) CPU times
		Usr 0 00:00:07, Sys 0 00:00:00  -  Run Remote Usage
		Usr 0 00:00:00, Sys 0 00:00:00  -  Run Local Usage
	0  -  Run Bytes Sent By Job
	0  -  Run Bytes Received By Job
	Job disconnected too long: JobLeaseDuration (2400 seconds) expired
	Partitionable Resources :    Usage  Request Allocated 
	   admin_mutex_1         :                           0 
	   admin_mutex_2         :                           0 
	   admin_mutex_3         :                           0 
	   Cpus                  :        0        1         1 
	   Disk (KB)             :       10     2048      5480 
	   GPUs                  :                           0 
	   machine_token         :                           0 
	   Memory (MB)           :      118     6000      6016 
...
001 (19533696.000.000) 2026-06-02 17:10:02 Job executing on host: <10.128.10.188:45333?addrs=10.128.10.188-45333&alias=n-smepyc-01.icecube.wisc.edu>
	SlotName: slot1_41@n-smepyc-01.icecube.wisc.edu
	admin_mutex_1 = 0
	admin_mutex_2 = 0
	admin_mutex_3 = 0
	CondorScratchDir = "/scratch/condor/dir_4127862"
	Cpus = 1
	Disk = 3072
	GPUs = 0
	machine_token = 0
	Memory = 6016
...
006 (19533696.000.000) 2026-06-02 17:15:17 Image size of job updated: 173644
	170  -  MemoryUsage of job (MB)
	173644  -  ResidentSetSize of job (KB)
...
006 (19533696.000.000) 2026-06-02 17:20:17 Image size of job updated: 718804
	702  -  MemoryUsage of job (MB)
	718804  -  ResidentSetSize of job (KB)
...
006 (19533696.000.000) 2026-06-02 17:25:17 Image size of job updated: 794720
	777  -  MemoryUsage of job (MB)
	794720  -  ResidentSetSize of job (KB)
...
006 (19533696.000.000) 2026-06-02 17:29:20 Image size of job updated: 953224
	777  -  MemoryUsage of job (MB)
	794720  -  ResidentSetSize of job (KB)
...
005 (19533696.000.000) 2026-06-02 17:29:20 Job terminated.
	(1) Normal termination (return value 0)
		Usr 0 00:18:23, Sys 0 00:00:19  -  Run Remote Usage
		Usr 0 00:00:00, Sys 0 00:00:00  -  Run Local Usage
		Usr 0 00:18:30, Sys 0 00:00:19  -  Total Remote Usage
		Usr 0 00:00:00, Sys 0 00:00:00  -  Total Local Usage
	0  -  Run Bytes Sent By Job
	0  -  Run Bytes Received By Job
	0  -  Total Bytes Sent By Job
	0  -  Total Bytes Received By Job
	Partitionable Resources :    Usage  Request Allocated 
	   admin_mutex_1         :                           0 
	   admin_mutex_2         :                           0 
	   admin_mutex_3         :                           0 
	   Cpus                  :     0.96        1         1 
	   Disk (KB)             :    10        2048      3072 
	   GPUs                  :                           0 
	   machine_token         :                           0 
	   Memory (MB)           :   777        6000      6016 
	   TimeExecute (s)       :  1158                       
	   TimeSlotBusy (s)      :  1158                       

	Job terminated of its own accord at 2026-06-02T22:29:20Z with exit-code 0.
...
