000 (19532764.000.000) 2026-06-02 15:48:44 Job submitted from host: <10.128.10.103:9618?addrs=10.128.10.103-9618&alias=npx-submitter.icecube.wisc.edu&noUDP&sock=schedd_2449_6386>
    DAG Node: Drootprod_20110801_89228
...
001 (19532764.000.000) 2026-06-02 15:50:48 Job executing on host: <10.128.10.115:33587?addrs=10.128.10.115-33587&alias=n-gibyte-00.icecube.wisc.edu>
	SlotName: slot1_185@n-gibyte-00.icecube.wisc.edu
	admin_mutex_1 = 0
	admin_mutex_2 = 0
	admin_mutex_3 = 0
	CondorScratchDir = "/scratch/condor/dir_2025267"
	Cpus = 1
	Disk = 5480
	GPUs = 0
	machine_token = 0
	Memory = 6016
...
006 (19532764.000.000) 2026-06-02 15:51:01 Image size of job updated: 120332
	118  -  MemoryUsage of job (MB)
	120332  -  ResidentSetSize of job (KB)
...
006 (19532764.000.000) 2026-06-02 15:56:02 Image size of job updated: 150384
	147  -  MemoryUsage of job (MB)
	150384  -  ResidentSetSize of job (KB)
...
006 (19532764.000.000) 2026-06-02 16:01:02 Image size of job updated: 173104
	170  -  MemoryUsage of job (MB)
	173104  -  ResidentSetSize of job (KB)
...
006 (19532764.000.000) 2026-06-02 16:06:03 Image size of job updated: 291304
	285  -  MemoryUsage of job (MB)
	291304  -  ResidentSetSize of job (KB)
...
006 (19532764.000.000) 2026-06-02 16:11:03 Image size of job updated: 564196
	551  -  MemoryUsage of job (MB)
	564196  -  ResidentSetSize of job (KB)
...
006 (19532764.000.000) 2026-06-02 16:16:04 Image size of job updated: 739720
	723  -  MemoryUsage of job (MB)
	739720  -  ResidentSetSize of job (KB)
...
006 (19532764.000.000) 2026-06-02 16:21:04 Image size of job updated: 769480
	752  -  MemoryUsage of job (MB)
	769480  -  ResidentSetSize of job (KB)
...
006 (19532764.000.000) 2026-06-02 16:23:02 Image size of job updated: 788020
	752  -  MemoryUsage of job (MB)
	769480  -  ResidentSetSize of job (KB)
...
005 (19532764.000.000) 2026-06-02 16:23:02 Job terminated.
	(1) Normal termination (return value 0)
		Usr 0 00:30:29, Sys 0 00:00:24  -  Run Remote Usage
		Usr 0 00:00:00, Sys 0 00:00:00  -  Run Local Usage
		Usr 0 00:30:29, Sys 0 00:00:24  -  Total Remote Usage
		Usr 0 00:00:00, Sys 0 00:00:00  -  Total Local Usage
	0  -  Run Bytes Sent By Job
	0  -  Run Bytes Received By Job
	0  -  Total Bytes Sent By Job
	0  -  Total Bytes Received By Job
	Partitionable Resources :    Usage  Request Allocated 
	   admin_mutex_1         :                           0 
	   admin_mutex_2         :                           0 
	   admin_mutex_3         :                           0 
	   Cpus                  :     0.96        1         1 
	   Disk (KB)             :    10        2048      5480 
	   GPUs                  :                           0 
	   machine_token         :                           0 
	   Memory (MB)           :   752        6000      6016 
	   TimeExecute (s)       :  1934                       
	   TimeSlotBusy (s)      :  1935                       

	Job terminated of its own accord at 2026-06-02T21:23:02Z with exit-code 0.
...
