000 (19533804.000.000) 2026-06-02 15:51:11 Job submitted from host: <10.128.10.103:9618?addrs=10.128.10.103-9618&alias=npx-submitter.icecube.wisc.edu&noUDP&sock=schedd_2449_6386>
    DAG Node: Drootprod_20111020_81771
...
001 (19533804.000.000) 2026-06-02 16:20:36 Job executing on host: <10.128.10.116:38163?addrs=10.128.10.116-38163&alias=n-gibyte-01.icecube.wisc.edu>
	SlotName: slot1_34@n-gibyte-01.icecube.wisc.edu
	admin_mutex_1 = 0
	admin_mutex_2 = 0
	admin_mutex_3 = 0
	CondorScratchDir = "/scratch/condor/dir_2506073"
	Cpus = 1
	Disk = 5480
	GPUs = 0
	machine_token = 0
	Memory = 6016
...
006 (19533804.000.000) 2026-06-02 16:20:50 Image size of job updated: 118372
	116  -  MemoryUsage of job (MB)
	118372  -  ResidentSetSize of job (KB)
...
022 (19533804.000.000) 2026-06-02 16:23:27 Job disconnected, attempting to reconnect
    Socket between submit and execute hosts closed unexpectedly
    Trying to reconnect to slot1_34@n-gibyte-01.icecube.wisc.edu <10.128.10.116:38163?addrs=10.128.10.116-38163&alias=n-gibyte-01.icecube.wisc.edu>
...
024 (19533804.000.000) 2026-06-02 17:03:27 Job reconnection failed
    Job disconnected too long: JobLeaseDuration (2400 seconds) expired
    Can not reconnect to slot1_34@n-gibyte-01.icecube.wisc.edu, rescheduling job
...
004 (19533804.000.000) 2026-06-02 17:03:37 Job was evicted.
	(0) CPU times
		Usr 0 00:00:06, Sys 0 00:00:00  -  Run Remote Usage
		Usr 0 00:00:00, Sys 0 00:00:00  -  Run Local Usage
	0  -  Run Bytes Sent By Job
	0  -  Run Bytes Received By Job
	Job disconnected too long: JobLeaseDuration (2400 seconds) expired
	Partitionable Resources :    Usage  Request Allocated 
	   admin_mutex_1         :                           0 
	   admin_mutex_2         :                           0 
	   admin_mutex_3         :                           0 
	   Cpus                  :                 1         1 
	   Disk (KB)             :       10     2048      5480 
	   GPUs                  :                           0 
	   machine_token         :                           0 
	   Memory (MB)           :      116     6000      6016 
...
001 (19533804.000.000) 2026-06-02 17:10:06 Job executing on host: <10.128.10.192:35633?addrs=10.128.10.192-35633&alias=n-smepyc-05.icecube.wisc.edu>
	SlotName: slot1_68@n-smepyc-05.icecube.wisc.edu
	admin_mutex_1 = 0
	admin_mutex_2 = 0
	admin_mutex_3 = 0
	CondorScratchDir = "/scratch/condor/dir_330568"
	Cpus = 1
	Disk = 3072
	GPUs = 0
	machine_token = 0
	Memory = 6016
...
006 (19533804.000.000) 2026-06-02 17:15:19 Image size of job updated: 173604
	170  -  MemoryUsage of job (MB)
	173604  -  ResidentSetSize of job (KB)
...
006 (19533804.000.000) 2026-06-02 17:20:20 Image size of job updated: 709740
	694  -  MemoryUsage of job (MB)
	709740  -  ResidentSetSize of job (KB)
...
006 (19533804.000.000) 2026-06-02 17:25:21 Image size of job updated: 792564
	774  -  MemoryUsage of job (MB)
	792564  -  ResidentSetSize of job (KB)
...
006 (19533804.000.000) 2026-06-02 17:27:21 Image size of job updated: 872488
	774  -  MemoryUsage of job (MB)
	792564  -  ResidentSetSize of job (KB)
...
005 (19533804.000.000) 2026-06-02 17:27:21 Job terminated.
	(1) Normal termination (return value 0)
		Usr 0 00:16:28, Sys 0 00:00:18  -  Run Remote Usage
		Usr 0 00:00:00, Sys 0 00:00:00  -  Run Local Usage
		Usr 0 00:16:34, Sys 0 00:00:18  -  Total Remote Usage
		Usr 0 00:00:00, Sys 0 00:00:00  -  Total Local Usage
	0  -  Run Bytes Sent By Job
	0  -  Run Bytes Received By Job
	0  -  Total Bytes Sent By Job
	0  -  Total Bytes Received By Job
	Partitionable Resources :    Usage  Request Allocated 
	   admin_mutex_1         :                           0 
	   admin_mutex_2         :                           0 
	   admin_mutex_3         :                           0 
	   Cpus                  :     1.00        1         1 
	   Disk (KB)             :    10        2048      3072 
	   GPUs                  :                           0 
	   machine_token         :                           0 
	   Memory (MB)           :   774        6000      6016 
	   TimeExecute (s)       :  1035                       
	   TimeSlotBusy (s)      :  1035                       

	Job terminated of its own accord at 2026-06-02T22:27:21Z with exit-code 0.
...
