000 (19532542.000.000) 2026-06-02 15:47:59 Job submitted from host: <10.128.10.103:9618?addrs=10.128.10.103-9618&alias=npx-submitter.icecube.wisc.edu&noUDP&sock=schedd_2449_6386>
    DAG Node: Drootprod_20110708_78066
...
001 (19532542.000.000) 2026-06-02 15:48:04 Job executing on host: <10.128.10.116:38163?addrs=10.128.10.116-38163&alias=n-gibyte-01.icecube.wisc.edu>
	SlotName: slot1_381@n-gibyte-01.icecube.wisc.edu
	admin_mutex_1 = 0
	admin_mutex_2 = 0
	admin_mutex_3 = 0
	CondorScratchDir = "/scratch/condor/dir_2352493"
	Cpus = 1
	Disk = 5480
	GPUs = 0
	machine_token = 0
	Memory = 6016
...
006 (19532542.000.000) 2026-06-02 15:48:13 Image size of job updated: 120536
	118  -  MemoryUsage of job (MB)
	120536  -  ResidentSetSize of job (KB)
...
006 (19532542.000.000) 2026-06-02 15:53:14 Image size of job updated: 144772
	142  -  MemoryUsage of job (MB)
	144772  -  ResidentSetSize of job (KB)
...
006 (19532542.000.000) 2026-06-02 15:58:14 Image size of job updated: 165468
	162  -  MemoryUsage of job (MB)
	165468  -  ResidentSetSize of job (KB)
...
006 (19532542.000.000) 2026-06-02 16:03:15 Image size of job updated: 282792
	277  -  MemoryUsage of job (MB)
	282792  -  ResidentSetSize of job (KB)
...
006 (19532542.000.000) 2026-06-02 16:08:15 Image size of job updated: 413656
	404  -  MemoryUsage of job (MB)
	413656  -  ResidentSetSize of job (KB)
...
006 (19532542.000.000) 2026-06-02 16:13:16 Image size of job updated: 717232
	701  -  MemoryUsage of job (MB)
	717232  -  ResidentSetSize of job (KB)
...
006 (19532542.000.000) 2026-06-02 16:18:16 Image size of job updated: 743848
	727  -  MemoryUsage of job (MB)
	743848  -  ResidentSetSize of job (KB)
...
006 (19532542.000.000) 2026-06-02 16:23:17 Image size of job updated: 769420
	752  -  MemoryUsage of job (MB)
	769420  -  ResidentSetSize of job (KB)
...
022 (19532542.000.000) 2026-06-02 16:23:27 Job disconnected, attempting to reconnect
    Socket between submit and execute hosts closed unexpectedly
    Trying to reconnect to slot1_381@n-gibyte-01.icecube.wisc.edu <10.128.10.116:38163?addrs=10.128.10.116-38163&alias=n-gibyte-01.icecube.wisc.edu>
...
024 (19532542.000.000) 2026-06-02 17:03:27 Job reconnection failed
    Job disconnected too long: JobLeaseDuration (2400 seconds) expired
    Can not reconnect to slot1_381@n-gibyte-01.icecube.wisc.edu, rescheduling job
...
004 (19532542.000.000) 2026-06-02 17:03:37 Job was evicted.
	(0) CPU times
		Usr 0 00:33:46, Sys 0 00:00:21  -  Run Remote Usage
		Usr 0 00:00:00, Sys 0 00:00:00  -  Run Local Usage
	0  -  Run Bytes Sent By Job
	0  -  Run Bytes Received By Job
	Job disconnected too long: JobLeaseDuration (2400 seconds) expired
	Partitionable Resources :    Usage  Request Allocated 
	   admin_mutex_1         :                           0 
	   admin_mutex_2         :                           0 
	   admin_mutex_3         :                           0 
	   Cpus                  :     0.99        1         1 
	   Disk (KB)             :    10        2048      5480 
	   GPUs                  :                           0 
	   machine_token         :                           0 
	   Memory (MB)           :   752        6000      6016 
...
001 (19532542.000.000) 2026-06-02 17:04:56 Job executing on host: <10.128.10.189:44027?addrs=10.128.10.189-44027&alias=n-smepyc-02.icecube.wisc.edu>
	SlotName: slot1_64@n-smepyc-02.icecube.wisc.edu
	admin_mutex_1 = 0
	admin_mutex_2 = 0
	admin_mutex_3 = 0
	CondorScratchDir = "/scratch/condor/dir_511236"
	Cpus = 1
	Disk = 3072
	GPUs = 0
	machine_token = 0
	Memory = 6016
...
005 (19532542.000.000) 2026-06-02 17:22:16 Job terminated.
	(1) Normal termination (return value 0)
		Usr 0 00:16:18, Sys 0 00:00:17  -  Run Remote Usage
		Usr 0 00:00:00, Sys 0 00:00:00  -  Run Local Usage
		Usr 0 00:50:04, Sys 0 00:00:38  -  Total Remote Usage
		Usr 0 00:00:00, Sys 0 00:00:00  -  Total Local Usage
	0  -  Run Bytes Sent By Job
	0  -  Run Bytes Received By Job
	0  -  Total Bytes Sent By Job
	0  -  Total Bytes Received By Job
	Partitionable Resources :    Usage  Request Allocated 
	   admin_mutex_1         :                           0 
	   admin_mutex_2         :                           0 
	   admin_mutex_3         :                           0 
	   Cpus                  :     0.99        1         1 
	   Disk (KB)             :    10        2048      3072 
	   GPUs                  :                           0 
	   machine_token         :                           0 
	   Memory (MB)           :   977        6000      6016 
	   TimeExecute (s)       :  1040                       
	   TimeSlotBusy (s)      :  1040                       

	Job terminated of its own accord at 2026-06-02T22:22:16Z with exit-code 0.
...
