000 (19534258.000.000) 2026-06-02 15:52:05 Job submitted from host: <10.128.10.103:9618?addrs=10.128.10.103-9618&alias=npx-submitter.icecube.wisc.edu&noUDP&sock=schedd_2449_6386>
    DAG Node: Drootprod_20111119_27701
...
001 (19534258.000.000) 2026-06-02 16:30:29 Job executing on host: <10.128.10.238:43797?addrs=10.128.10.238-43797&alias=n-gpu-42.icecube.wisc.edu>
	SlotName: slot1_64@n-gpu-42.icecube.wisc.edu
	admin_mutex_1 = 0
	admin_mutex_2 = 0
	admin_mutex_3 = 0
	AvailableGPUs = {  }
	CondorScratchDir = "/scratch/condor/dir_2068846"
	Cpus = 1
	Disk = 3072
	GPUs = 0
	machine_token = 0
	Memory = 6016
...
006 (19534258.000.000) 2026-06-02 16:30:42 Image size of job updated: 117956
	116  -  MemoryUsage of job (MB)
	117956  -  ResidentSetSize of job (KB)
...
006 (19534258.000.000) 2026-06-02 16:35:42 Image size of job updated: 150756
	148  -  MemoryUsage of job (MB)
	150756  -  ResidentSetSize of job (KB)
...
006 (19534258.000.000) 2026-06-02 16:40:43 Image size of job updated: 270836
	265  -  MemoryUsage of job (MB)
	270836  -  ResidentSetSize of job (KB)
...
006 (19534258.000.000) 2026-06-02 16:45:44 Image size of job updated: 409384
	400  -  MemoryUsage of job (MB)
	409384  -  ResidentSetSize of job (KB)
...
006 (19534258.000.000) 2026-06-02 16:50:44 Image size of job updated: 720204
	704  -  MemoryUsage of job (MB)
	720204  -  ResidentSetSize of job (KB)
...
006 (19534258.000.000) 2026-06-02 16:55:45 Image size of job updated: 756780
	740  -  MemoryUsage of job (MB)
	756780  -  ResidentSetSize of job (KB)
...
006 (19534258.000.000) 2026-06-02 16:56:35 Image size of job updated: 784396
	740  -  MemoryUsage of job (MB)
	756780  -  ResidentSetSize of job (KB)
...
005 (19534258.000.000) 2026-06-02 16:56:35 Job terminated.
	(1) Normal termination (return value 0)
		Usr 0 00:24:43, Sys 0 00:00:20  -  Run Remote Usage
		Usr 0 00:00:00, Sys 0 00:00:00  -  Run Local Usage
		Usr 0 00:24:43, Sys 0 00:00:20  -  Total Remote Usage
		Usr 0 00:00:00, Sys 0 00:00:00  -  Total Local Usage
	0  -  Run Bytes Sent By Job
	0  -  Run Bytes Received By Job
	0  -  Total Bytes Sent By Job
	0  -  Total Bytes Received By Job
	Partitionable Resources :    Usage  Request Allocated 
	   admin_mutex_1         :                           0 
	   admin_mutex_2         :                           0 
	   admin_mutex_3         :                           0 
	   Cpus                  :     0.98        1         1 
	   Disk (KB)             :    10        2048      3072 
	   GPUs                  :                           0 
	   machine_token         :                           0 
	   Memory (MB)           :   740        6000      6016 
	   TimeExecute (s)       :  1566                       
	   TimeSlotBusy (s)      :  1566                       

	Job terminated of its own accord at 2026-06-02T21:56:35Z with exit-code 0.
...
