000 (19532726.000.000) 2026-06-02 15:48:36 Job submitted from host: <10.128.10.103:9618?addrs=10.128.10.103-9618&alias=npx-submitter.icecube.wisc.edu&noUDP&sock=schedd_2449_6386>
    DAG Node: Drootprod_20110729_43087
...
001 (19532726.000.000) 2026-06-02 15:48:55 Job executing on host: <10.128.10.116:38163?addrs=10.128.10.116-38163&alias=n-gibyte-01.icecube.wisc.edu>
	SlotName: slot1_506@n-gibyte-01.icecube.wisc.edu
	admin_mutex_1 = 0
	admin_mutex_2 = 0
	admin_mutex_3 = 0
	CondorScratchDir = "/scratch/condor/dir_2373176"
	Cpus = 1
	Disk = 5480
	GPUs = 0
	machine_token = 0
	Memory = 6016
...
006 (19532726.000.000) 2026-06-02 15:49:08 Image size of job updated: 118316
	116  -  MemoryUsage of job (MB)
	118316  -  ResidentSetSize of job (KB)
...
006 (19532726.000.000) 2026-06-02 15:54:08 Image size of job updated: 142108
	139  -  MemoryUsage of job (MB)
	142108  -  ResidentSetSize of job (KB)
...
006 (19532726.000.000) 2026-06-02 15:59:09 Image size of job updated: 163248
	160  -  MemoryUsage of job (MB)
	163248  -  ResidentSetSize of job (KB)
...
006 (19532726.000.000) 2026-06-02 16:04:09 Image size of job updated: 279096
	273  -  MemoryUsage of job (MB)
	279096  -  ResidentSetSize of job (KB)
...
006 (19532726.000.000) 2026-06-02 16:09:10 Image size of job updated: 408564
	399  -  MemoryUsage of job (MB)
	408564  -  ResidentSetSize of job (KB)
...
006 (19532726.000.000) 2026-06-02 16:14:10 Image size of job updated: 566176
	553  -  MemoryUsage of job (MB)
	566176  -  ResidentSetSize of job (KB)
...
006 (19532726.000.000) 2026-06-02 16:19:11 Image size of job updated: 734688
	718  -  MemoryUsage of job (MB)
	734688  -  ResidentSetSize of job (KB)
...
022 (19532726.000.000) 2026-06-02 16:23:27 Job disconnected, attempting to reconnect
    Socket between submit and execute hosts closed unexpectedly
    Trying to reconnect to slot1_506@n-gibyte-01.icecube.wisc.edu <10.128.10.116:38163?addrs=10.128.10.116-38163&alias=n-gibyte-01.icecube.wisc.edu>
...
024 (19532726.000.000) 2026-06-02 17:03:27 Job reconnection failed
    Job disconnected too long: JobLeaseDuration (2400 seconds) expired
    Can not reconnect to slot1_506@n-gibyte-01.icecube.wisc.edu, rescheduling job
...
004 (19532726.000.000) 2026-06-02 17:03:37 Job was evicted.
	(0) CPU times
		Usr 0 00:29:02, Sys 0 00:00:17  -  Run Remote Usage
		Usr 0 00:00:00, Sys 0 00:00:00  -  Run Local Usage
	0  -  Run Bytes Sent By Job
	0  -  Run Bytes Received By Job
	Job disconnected too long: JobLeaseDuration (2400 seconds) expired
	Partitionable Resources :    Usage  Request Allocated 
	   admin_mutex_1         :                           0 
	   admin_mutex_2         :                           0 
	   admin_mutex_3         :                           0 
	   Cpus                  :     0.99        1         1 
	   Disk (KB)             :    10        2048      5480 
	   GPUs                  :                           0 
	   machine_token         :                           0 
	   Memory (MB)           :   718        6000      6016 
...
001 (19532726.000.000) 2026-06-02 17:06:11 Job executing on host: <10.128.10.187:34023?addrs=10.128.10.187-34023&alias=n-smepyc-00.icecube.wisc.edu>
	SlotName: slot1_61@n-smepyc-00.icecube.wisc.edu
	admin_mutex_1 = 0
	admin_mutex_2 = 0
	admin_mutex_3 = 0
	CondorScratchDir = "/scratch/condor/dir_1912625"
	Cpus = 1
	Disk = 3072
	GPUs = 0
	machine_token = 0
	Memory = 6016
...
006 (19532726.000.000) 2026-06-02 17:21:26 Image size of job updated: 756784
	740  -  MemoryUsage of job (MB)
	756784  -  ResidentSetSize of job (KB)
...
006 (19532726.000.000) 2026-06-02 17:24:43 Image size of job updated: 829880
	740  -  MemoryUsage of job (MB)
	756784  -  ResidentSetSize of job (KB)
...
005 (19532726.000.000) 2026-06-02 17:24:43 Job terminated.
	(1) Normal termination (return value 0)
		Usr 0 00:17:49, Sys 0 00:00:15  -  Run Remote Usage
		Usr 0 00:00:00, Sys 0 00:00:00  -  Run Local Usage
		Usr 0 00:46:51, Sys 0 00:00:32  -  Total Remote Usage
		Usr 0 00:00:00, Sys 0 00:00:00  -  Total Local Usage
	0  -  Run Bytes Sent By Job
	0  -  Run Bytes Received By Job
	0  -  Total Bytes Sent By Job
	0  -  Total Bytes Received By Job
	Partitionable Resources :    Usage  Request Allocated 
	   admin_mutex_1         :                           0 
	   admin_mutex_2         :                           0 
	   admin_mutex_3         :                           0 
	   Cpus                  :     0.99        1         1 
	   Disk (KB)             :    10        2048      3072 
	   GPUs                  :                           0 
	   machine_token         :                           0 
	   Memory (MB)           :   740        6000      6016 
	   TimeExecute (s)       :  1112                       
	   TimeSlotBusy (s)      :  1112                       

	Job terminated of its own accord at 2026-06-02T22:24:43Z with exit-code 0.
...
