000 (19532970.000.000) 2026-06-02 15:49:18 Job submitted from host: <10.128.10.103:9618?addrs=10.128.10.103-9618&alias=npx-submitter.icecube.wisc.edu&noUDP&sock=schedd_2449_6386>
    DAG Node: Drootprod_20110820_83576
...
001 (19532970.000.000) 2026-06-02 15:58:45 Job executing on host: <10.128.10.115:33587?addrs=10.128.10.115-33587&alias=n-gibyte-00.icecube.wisc.edu>
	SlotName: slot1_209@n-gibyte-00.icecube.wisc.edu
	admin_mutex_1 = 0
	admin_mutex_2 = 0
	admin_mutex_3 = 0
	CondorScratchDir = "/scratch/condor/dir_2053237"
	Cpus = 1
	Disk = 5480
	GPUs = 0
	machine_token = 0
	Memory = 6016
...
006 (19532970.000.000) 2026-06-02 15:58:58 Image size of job updated: 119084
	117  -  MemoryUsage of job (MB)
	119084  -  ResidentSetSize of job (KB)
...
006 (19532970.000.000) 2026-06-02 16:03:58 Image size of job updated: 145168
	142  -  MemoryUsage of job (MB)
	145168  -  ResidentSetSize of job (KB)
...
006 (19532970.000.000) 2026-06-02 16:08:58 Image size of job updated: 164592
	161  -  MemoryUsage of job (MB)
	164592  -  ResidentSetSize of job (KB)
...
006 (19532970.000.000) 2026-06-02 16:13:59 Image size of job updated: 283060
	277  -  MemoryUsage of job (MB)
	283060  -  ResidentSetSize of job (KB)
...
006 (19532970.000.000) 2026-06-02 16:18:59 Image size of job updated: 414472
	405  -  MemoryUsage of job (MB)
	414472  -  ResidentSetSize of job (KB)
...
006 (19532970.000.000) 2026-06-02 16:24:00 Image size of job updated: 718596
	702  -  MemoryUsage of job (MB)
	718596  -  ResidentSetSize of job (KB)
...
006 (19532970.000.000) 2026-06-02 16:29:00 Image size of job updated: 746972
	730  -  MemoryUsage of job (MB)
	746972  -  ResidentSetSize of job (KB)
...
006 (19532970.000.000) 2026-06-02 16:34:01 Image size of job updated: 776736
	759  -  MemoryUsage of job (MB)
	776736  -  ResidentSetSize of job (KB)
...
006 (19532970.000.000) 2026-06-02 16:39:01 Image size of job updated: 805108
	787  -  MemoryUsage of job (MB)
	805108  -  ResidentSetSize of job (KB)
...
006 (19532970.000.000) 2026-06-02 16:44:01 Image size of job updated: 895204
	875  -  MemoryUsage of job (MB)
	895204  -  ResidentSetSize of job (KB)
...
006 (19532970.000.000) 2026-06-02 16:45:44 Image size of job updated: 940224
	875  -  MemoryUsage of job (MB)
	895204  -  ResidentSetSize of job (KB)
...
005 (19532970.000.000) 2026-06-02 16:45:44 Job terminated.
	(1) Normal termination (return value 0)
		Usr 0 00:44:45, Sys 0 00:00:31  -  Run Remote Usage
		Usr 0 00:00:00, Sys 0 00:00:00  -  Run Local Usage
		Usr 0 00:44:45, Sys 0 00:00:31  -  Total Remote Usage
		Usr 0 00:00:00, Sys 0 00:00:00  -  Total Local Usage
	0  -  Run Bytes Sent By Job
	0  -  Run Bytes Received By Job
	0  -  Total Bytes Sent By Job
	0  -  Total Bytes Received By Job
	Partitionable Resources :    Usage  Request Allocated 
	   admin_mutex_1         :                           0 
	   admin_mutex_2         :                           0 
	   admin_mutex_3         :                           0 
	   Cpus                  :     0.97        1         1 
	   Disk (KB)             :    10        2048      5480 
	   GPUs                  :                           0 
	   machine_token         :                           0 
	   Memory (MB)           :   875        6000      6016 
	   TimeExecute (s)       :  2819                       
	   TimeSlotBusy (s)      :  2819                       

	Job terminated of its own accord at 2026-06-02T21:45:44Z with exit-code 0.
...
