000 (19534268.000.000) 2026-06-02 15:52:06 Job submitted from host: <10.128.10.103:9618?addrs=10.128.10.103-9618&alias=npx-submitter.icecube.wisc.edu&noUDP&sock=schedd_2449_6386>
    DAG Node: Drootprod_20111120_7414
...
001 (19534268.000.000) 2026-06-02 16:30:32 Job executing on host: <10.128.10.21:35497?addrs=10.128.10.21-35497&alias=n-m610-11.icecube.wisc.edu>
	SlotName: slot1_1@n-m610-11.icecube.wisc.edu
	admin_mutex_1 = 0
	admin_mutex_2 = 0
	admin_mutex_3 = 0
	CondorScratchDir = "/scratch/condor/dir_2456470"
	Cpus = 1
	Disk = 3072
	GPUs = 0
	machine_token = 0
	Memory = 6016
...
006 (19534268.000.000) 2026-06-02 16:30:45 Image size of job updated: 120912
	119  -  MemoryUsage of job (MB)
	120912  -  ResidentSetSize of job (KB)
...
006 (19534268.000.000) 2026-06-02 16:35:45 Image size of job updated: 151672
	149  -  MemoryUsage of job (MB)
	151672  -  ResidentSetSize of job (KB)
...
006 (19534268.000.000) 2026-06-02 16:40:46 Image size of job updated: 273772
	268  -  MemoryUsage of job (MB)
	273772  -  ResidentSetSize of job (KB)
...
006 (19534268.000.000) 2026-06-02 16:45:47 Image size of job updated: 419824
	410  -  MemoryUsage of job (MB)
	419824  -  ResidentSetSize of job (KB)
...
006 (19534268.000.000) 2026-06-02 16:50:47 Image size of job updated: 744216
	727  -  MemoryUsage of job (MB)
	744216  -  ResidentSetSize of job (KB)
...
006 (19534268.000.000) 2026-06-02 16:55:48 Image size of job updated: 793160
	775  -  MemoryUsage of job (MB)
	793160  -  ResidentSetSize of job (KB)
...
006 (19534268.000.000) 2026-06-02 16:56:14 Image size of job updated: 823352
	775  -  MemoryUsage of job (MB)
	793160  -  ResidentSetSize of job (KB)
...
005 (19534268.000.000) 2026-06-02 16:56:14 Job terminated.
	(1) Normal termination (return value 0)
		Usr 0 00:24:31, Sys 0 00:00:20  -  Run Remote Usage
		Usr 0 00:00:00, Sys 0 00:00:00  -  Run Local Usage
		Usr 0 00:24:31, Sys 0 00:00:20  -  Total Remote Usage
		Usr 0 00:00:00, Sys 0 00:00:00  -  Total Local Usage
	0  -  Run Bytes Sent By Job
	0  -  Run Bytes Received By Job
	0  -  Total Bytes Sent By Job
	0  -  Total Bytes Received By Job
	Partitionable Resources :    Usage  Request Allocated 
	   admin_mutex_1         :                           0 
	   admin_mutex_2         :                           0 
	   admin_mutex_3         :                           0 
	   Cpus                  :     0.94        1         1 
	   Disk (KB)             :    10        2048      3072 
	   GPUs                  :                           0 
	   machine_token         :                           0 
	   Memory (MB)           :   775        6000      6016 
	   TimeExecute (s)       :  1542                       
	   TimeSlotBusy (s)      :  1542                       

	Job terminated of its own accord at 2026-06-02T21:56:14Z with exit-code 0.
...
