000 (19532353.000.000) 2026-06-02 15:47:13 Job submitted from host: <10.128.10.103:9618?addrs=10.128.10.103-9618&alias=npx-submitter.icecube.wisc.edu&noUDP&sock=schedd_2449_6386>
    DAG Node: Drootprod_20110612_66764
...
001 (19532353.000.000) 2026-06-02 15:47:18 Job executing on host: <10.128.10.116:38163?addrs=10.128.10.116-38163&alias=n-gibyte-01.icecube.wisc.edu>
	SlotName: slot1_271@n-gibyte-01.icecube.wisc.edu
	admin_mutex_1 = 0
	admin_mutex_2 = 0
	admin_mutex_3 = 0
	CondorScratchDir = "/scratch/condor/dir_2333338"
	Cpus = 1
	Disk = 5480
	GPUs = 0
	machine_token = 0
	Memory = 6016
...
006 (19532353.000.000) 2026-06-02 15:47:27 Image size of job updated: 122324
	120  -  MemoryUsage of job (MB)
	122324  -  ResidentSetSize of job (KB)
...
006 (19532353.000.000) 2026-06-02 15:52:28 Image size of job updated: 143048
	140  -  MemoryUsage of job (MB)
	143048  -  ResidentSetSize of job (KB)
...
006 (19532353.000.000) 2026-06-02 15:57:28 Image size of job updated: 161792
	158  -  MemoryUsage of job (MB)
	161792  -  ResidentSetSize of job (KB)
...
006 (19532353.000.000) 2026-06-02 16:02:29 Image size of job updated: 274468
	269  -  MemoryUsage of job (MB)
	274468  -  ResidentSetSize of job (KB)
...
006 (19532353.000.000) 2026-06-02 16:07:29 Image size of job updated: 405284
	396  -  MemoryUsage of job (MB)
	405284  -  ResidentSetSize of job (KB)
...
006 (19532353.000.000) 2026-06-02 16:12:30 Image size of job updated: 423376
	414  -  MemoryUsage of job (MB)
	423376  -  ResidentSetSize of job (KB)
...
006 (19532353.000.000) 2026-06-02 16:17:30 Image size of job updated: 727440
	711  -  MemoryUsage of job (MB)
	727440  -  ResidentSetSize of job (KB)
...
006 (19532353.000.000) 2026-06-02 16:22:31 Image size of job updated: 748960
	732  -  MemoryUsage of job (MB)
	748960  -  ResidentSetSize of job (KB)
...
022 (19532353.000.000) 2026-06-02 16:23:27 Job disconnected, attempting to reconnect
    Socket between submit and execute hosts closed unexpectedly
    Trying to reconnect to slot1_271@n-gibyte-01.icecube.wisc.edu <10.128.10.116:38163?addrs=10.128.10.116-38163&alias=n-gibyte-01.icecube.wisc.edu>
...
024 (19532353.000.000) 2026-06-02 17:03:27 Job reconnection failed
    Job disconnected too long: JobLeaseDuration (2400 seconds) expired
    Can not reconnect to slot1_271@n-gibyte-01.icecube.wisc.edu, rescheduling job
...
004 (19532353.000.000) 2026-06-02 17:03:37 Job was evicted.
	(0) CPU times
		Usr 0 00:34:02, Sys 0 00:00:18  -  Run Remote Usage
		Usr 0 00:00:00, Sys 0 00:00:00  -  Run Local Usage
	0  -  Run Bytes Sent By Job
	0  -  Run Bytes Received By Job
	Job disconnected too long: JobLeaseDuration (2400 seconds) expired
	Partitionable Resources :    Usage  Request Allocated 
	   admin_mutex_1         :                           0 
	   admin_mutex_2         :                           0 
	   admin_mutex_3         :                           0 
	   Cpus                  :     0.99        1         1 
	   Disk (KB)             :    10        2048      5480 
	   GPUs                  :                           0 
	   machine_token         :                           0 
	   Memory (MB)           :   732        6000      6016 
...
001 (19532353.000.000) 2026-06-02 17:03:45 Job executing on host: <10.128.10.117:43719?addrs=10.128.10.117-43719&alias=n-gibyte-02.icecube.wisc.edu>
	SlotName: slot1_144@n-gibyte-02.icecube.wisc.edu
	admin_mutex_1 = 0
	admin_mutex_2 = 0
	admin_mutex_3 = 0
	CondorScratchDir = "/scratch/condor/dir_3589848"
	Cpus = 1
	Disk = 5480
	GPUs = 0
	machine_token = 0
	Memory = 6016
...
006 (19532353.000.000) 2026-06-02 17:49:04 Image size of job updated: 769444
	752  -  MemoryUsage of job (MB)
	769444  -  ResidentSetSize of job (KB)
...
006 (19532353.000.000) 2026-06-02 17:54:05 Image size of job updated: 795708
	778  -  MemoryUsage of job (MB)
	795708  -  ResidentSetSize of job (KB)
...
006 (19532353.000.000) 2026-06-02 17:59:05 Image size of job updated: 873780
	854  -  MemoryUsage of job (MB)
	873780  -  ResidentSetSize of job (KB)
...
006 (19532353.000.000) 2026-06-02 18:04:05 Image size of job updated: 893604
	873  -  MemoryUsage of job (MB)
	893604  -  ResidentSetSize of job (KB)
...
006 (19532353.000.000) 2026-06-02 18:08:55 Image size of job updated: 965832
	873  -  MemoryUsage of job (MB)
	893604  -  ResidentSetSize of job (KB)
...
005 (19532353.000.000) 2026-06-02 18:08:55 Job terminated.
	(1) Normal termination (return value 0)
		Usr 0 01:02:56, Sys 0 00:00:34  -  Run Remote Usage
		Usr 0 00:00:00, Sys 0 00:00:00  -  Run Local Usage
		Usr 0 01:36:58, Sys 0 00:00:52  -  Total Remote Usage
		Usr 0 00:00:00, Sys 0 00:00:00  -  Total Local Usage
	0  -  Run Bytes Sent By Job
	0  -  Run Bytes Received By Job
	0  -  Total Bytes Sent By Job
	0  -  Total Bytes Received By Job
	Partitionable Resources :    Usage  Request Allocated 
	   admin_mutex_1         :                           0 
	   admin_mutex_2         :                           0 
	   admin_mutex_3         :                           0 
	   Cpus                  :     0.98        1         1 
	   Disk (KB)             :    10        2048      5480 
	   GPUs                  :                           0 
	   machine_token         :                           0 
	   Memory (MB)           :   873        6000      6016 
	   TimeExecute (s)       :  3910                       
	   TimeSlotBusy (s)      :  3911                       

	Job terminated of its own accord at 2026-06-02T23:08:55Z with exit-code 0.
...
