000 (19533434.000.000) 2026-06-02 15:50:24 Job submitted from host: <10.128.10.103:9618?addrs=10.128.10.103-9618&alias=npx-submitter.icecube.wisc.edu&noUDP&sock=schedd_2449_6386>
    DAG Node: Drootprod_20110924_68318
...
001 (19533434.000.000) 2026-06-02 16:14:00 Job executing on host: <10.128.10.116:38163?addrs=10.128.10.116-38163&alias=n-gibyte-01.icecube.wisc.edu>
	SlotName: slot1_16@n-gibyte-01.icecube.wisc.edu
	admin_mutex_1 = 0
	admin_mutex_2 = 0
	admin_mutex_3 = 0
	CondorScratchDir = "/scratch/condor/dir_2472295"
	Cpus = 1
	Disk = 5480
	GPUs = 0
	machine_token = 0
	Memory = 6016
...
006 (19533434.000.000) 2026-06-02 16:14:13 Image size of job updated: 118628
	116  -  MemoryUsage of job (MB)
	118628  -  ResidentSetSize of job (KB)
...
006 (19533434.000.000) 2026-06-02 16:19:13 Image size of job updated: 142068
	139  -  MemoryUsage of job (MB)
	142068  -  ResidentSetSize of job (KB)
...
022 (19533434.000.000) 2026-06-02 16:23:27 Job disconnected, attempting to reconnect
    Socket between submit and execute hosts closed unexpectedly
    Trying to reconnect to slot1_16@n-gibyte-01.icecube.wisc.edu <10.128.10.116:38163?addrs=10.128.10.116-38163&alias=n-gibyte-01.icecube.wisc.edu>
...
024 (19533434.000.000) 2026-06-02 17:03:27 Job reconnection failed
    Job disconnected too long: JobLeaseDuration (2400 seconds) expired
    Can not reconnect to slot1_16@n-gibyte-01.icecube.wisc.edu, rescheduling job
...
004 (19533434.000.000) 2026-06-02 17:03:37 Job was evicted.
	(0) CPU times
		Usr 0 00:04:55, Sys 0 00:00:03  -  Run Remote Usage
		Usr 0 00:00:00, Sys 0 00:00:00  -  Run Local Usage
	0  -  Run Bytes Sent By Job
	0  -  Run Bytes Received By Job
	Job disconnected too long: JobLeaseDuration (2400 seconds) expired
	Partitionable Resources :    Usage  Request Allocated 
	   admin_mutex_1         :                           0 
	   admin_mutex_2         :                           0 
	   admin_mutex_3         :                           0 
	   Cpus                  :     0.98        1         1 
	   Disk (KB)             :    10        2048      5480 
	   GPUs                  :                           0 
	   machine_token         :                           0 
	   Memory (MB)           :   139        6000      6016 
...
001 (19533434.000.000) 2026-06-02 17:09:01 Job executing on host: <10.128.10.85:45047?addrs=10.128.10.85-45047&alias=n-r710-24.icecube.wisc.edu>
	SlotName: slot1_9@n-r710-24.icecube.wisc.edu
	admin_mutex_1 = 0
	admin_mutex_2 = 0
	admin_mutex_3 = 0
	CondorScratchDir = "/scratch/condor/dir_965290"
	Cpus = 1
	Disk = 3072
	GPUs = 0
	machine_token = 0
	Memory = 6016
...
006 (19533434.000.000) 2026-06-02 17:19:16 Image size of job updated: 168996
	166  -  MemoryUsage of job (MB)
	168996  -  ResidentSetSize of job (KB)
...
006 (19533434.000.000) 2026-06-02 17:24:17 Image size of job updated: 289504
	283  -  MemoryUsage of job (MB)
	289504  -  ResidentSetSize of job (KB)
...
006 (19533434.000.000) 2026-06-02 17:29:18 Image size of job updated: 425032
	416  -  MemoryUsage of job (MB)
	425032  -  ResidentSetSize of job (KB)
...
006 (19533434.000.000) 2026-06-02 17:34:18 Image size of job updated: 734936
	718  -  MemoryUsage of job (MB)
	734936  -  ResidentSetSize of job (KB)
...
006 (19533434.000.000) 2026-06-02 17:39:18 Image size of job updated: 769076
	752  -  MemoryUsage of job (MB)
	769076  -  ResidentSetSize of job (KB)
...
006 (19533434.000.000) 2026-06-02 17:44:19 Image size of job updated: 863332
	844  -  MemoryUsage of job (MB)
	863332  -  ResidentSetSize of job (KB)
...
006 (19533434.000.000) 2026-06-02 17:48:57 Image size of job updated: 918436
	844  -  MemoryUsage of job (MB)
	863332  -  ResidentSetSize of job (KB)
...
005 (19533434.000.000) 2026-06-02 17:48:57 Job terminated.
	(1) Normal termination (return value 0)
		Usr 0 00:38:30, Sys 0 00:00:30  -  Run Remote Usage
		Usr 0 00:00:00, Sys 0 00:00:00  -  Run Local Usage
		Usr 0 00:43:25, Sys 0 00:00:33  -  Total Remote Usage
		Usr 0 00:00:00, Sys 0 00:00:00  -  Total Local Usage
	0  -  Run Bytes Sent By Job
	0  -  Run Bytes Received By Job
	0  -  Total Bytes Sent By Job
	0  -  Total Bytes Received By Job
	Partitionable Resources :    Usage  Request Allocated 
	   admin_mutex_1         :                           0 
	   admin_mutex_2         :                           0 
	   admin_mutex_3         :                           0 
	   Cpus                  :     0.99        1         1 
	   Disk (KB)             :    10        2048      3072 
	   GPUs                  :                           0 
	   machine_token         :                           0 
	   Memory (MB)           :   844        6000      6016 
	   TimeExecute (s)       :  2396                       
	   TimeSlotBusy (s)      :  2396                       

	Job terminated of its own accord at 2026-06-02T22:48:57Z with exit-code 0.
...
