000 (19535902.000.000) 2026-06-02 15:55:21 Job submitted from host: <10.128.10.103:9618?addrs=10.128.10.103-9618&alias=npx-submitter.icecube.wisc.edu&noUDP&sock=schedd_2449_6386>
    DAG Node: Drootprod_20210624_36435
...
001 (19535902.000.000) 2026-06-02 17:01:57 Job executing on host: <10.128.10.115:33587?addrs=10.128.10.115-33587&alias=n-gibyte-00.icecube.wisc.edu>
	SlotName: slot1_473@n-gibyte-00.icecube.wisc.edu
	admin_mutex_1 = 0
	admin_mutex_2 = 0
	admin_mutex_3 = 0
	CondorScratchDir = "/scratch/condor/dir_2290144"
	Cpus = 1
	Disk = 5480
	GPUs = 0
	machine_token = 0
	Memory = 6016
...
006 (19535902.000.000) 2026-06-02 17:02:11 Image size of job updated: 119640
	117  -  MemoryUsage of job (MB)
	119640  -  ResidentSetSize of job (KB)
...
006 (19535902.000.000) 2026-06-02 17:07:12 Image size of job updated: 145004
	142  -  MemoryUsage of job (MB)
	145004  -  ResidentSetSize of job (KB)
...
006 (19535902.000.000) 2026-06-02 17:12:12 Image size of job updated: 168924
	165  -  MemoryUsage of job (MB)
	168924  -  ResidentSetSize of job (KB)
...
006 (19535902.000.000) 2026-06-02 17:15:12 Image size of job updated: 295948
	165  -  MemoryUsage of job (MB)
	168924  -  ResidentSetSize of job (KB)
...
005 (19535902.000.000) 2026-06-02 17:15:12 Job terminated.
	(1) Normal termination (return value 0)
		Usr 0 00:12:07, Sys 0 00:00:09  -  Run Remote Usage
		Usr 0 00:00:00, Sys 0 00:00:00  -  Run Local Usage
		Usr 0 00:12:07, Sys 0 00:00:09  -  Total Remote Usage
		Usr 0 00:00:00, Sys 0 00:00:00  -  Total Local Usage
	0  -  Run Bytes Sent By Job
	0  -  Run Bytes Received By Job
	0  -  Total Bytes Sent By Job
	0  -  Total Bytes Received By Job
	Partitionable Resources :    Usage  Request Allocated 
	   admin_mutex_1         :                           0 
	   admin_mutex_2         :                           0 
	   admin_mutex_3         :                           0 
	   Cpus                  :     0.95        1         1 
	   Disk (KB)             :    12        2048      5480 
	   GPUs                  :                           0 
	   machine_token         :                           0 
	   Memory (MB)           :   165        6000      6016 
	   TimeExecute (s)       :   795                       
	   TimeSlotBusy (s)      :   795                       

	Job terminated of its own accord at 2026-06-02T22:15:12Z with exit-code 0.
...
