000 (19534623.000.000) 2026-06-02 15:52:46 Job submitted from host: <10.128.10.103:9618?addrs=10.128.10.103-9618&alias=npx-submitter.icecube.wisc.edu&noUDP&sock=schedd_2449_6386>
    DAG Node: Drootprod_20210403_23707
...
001 (19534623.000.000) 2026-06-02 16:38:07 Job executing on host: <10.128.10.189:44027?addrs=10.128.10.189-44027&alias=n-smepyc-02.icecube.wisc.edu>
	SlotName: slot1_58@n-smepyc-02.icecube.wisc.edu
	admin_mutex_1 = 0
	admin_mutex_2 = 0
	admin_mutex_3 = 0
	CondorScratchDir = "/scratch/condor/dir_406949"
	Cpus = 1
	Disk = 3072
	GPUs = 0
	machine_token = 0
	Memory = 6016
...
006 (19534623.000.000) 2026-06-02 16:38:20 Image size of job updated: 122840
	120  -  MemoryUsage of job (MB)
	122840  -  ResidentSetSize of job (KB)
...
006 (19534623.000.000) 2026-06-02 16:43:20 Image size of job updated: 176140
	173  -  MemoryUsage of job (MB)
	176140  -  ResidentSetSize of job (KB)
...
006 (19534623.000.000) 2026-06-02 16:44:45 Image size of job updated: 300156
	173  -  MemoryUsage of job (MB)
	176140  -  ResidentSetSize of job (KB)
...
005 (19534623.000.000) 2026-06-02 16:44:45 Job terminated.
	(1) Normal termination (return value 0)
		Usr 0 00:06:07, Sys 0 00:00:06  -  Run Remote Usage
		Usr 0 00:00:00, Sys 0 00:00:00  -  Run Local Usage
		Usr 0 00:06:07, Sys 0 00:00:06  -  Total Remote Usage
		Usr 0 00:00:00, Sys 0 00:00:00  -  Total Local Usage
	0  -  Run Bytes Sent By Job
	0  -  Run Bytes Received By Job
	0  -  Total Bytes Sent By Job
	0  -  Total Bytes Received By Job
	Partitionable Resources :    Usage  Request Allocated 
	   admin_mutex_1         :                           0 
	   admin_mutex_2         :                           0 
	   admin_mutex_3         :                           0 
	   Cpus                  :     0.96        1         1 
	   Disk (KB)             :    15        2048      3072 
	   GPUs                  :                           0 
	   machine_token         :                           0 
	   Memory (MB)           :   173        6000      6016 
	   TimeExecute (s)       :   398                       
	   TimeSlotBusy (s)      :   398                       

	Job terminated of its own accord at 2026-06-02T21:44:45Z with exit-code 0.
...
