000 (19538012.000.000) 2026-06-02 16:01:00 Job submitted from host: <10.128.10.103:9618?addrs=10.128.10.103-9618&alias=npx-submitter.icecube.wisc.edu&noUDP&sock=schedd_2449_6386>
    DAG Node: Drootprod_20211222_34849
...
001 (19538012.000.000) 2026-06-02 17:43:46 Job executing on host: <10.128.10.117:43719?addrs=10.128.10.117-43719&alias=n-gibyte-02.icecube.wisc.edu>
	SlotName: slot1_409@n-gibyte-02.icecube.wisc.edu
	admin_mutex_1 = 0
	admin_mutex_2 = 0
	admin_mutex_3 = 0
	CondorScratchDir = "/scratch/condor/dir_3764498"
	Cpus = 1
	Disk = 5480
	GPUs = 0
	machine_token = 0
	Memory = 6016
...
006 (19538012.000.000) 2026-06-02 17:43:59 Image size of job updated: 118880
	117  -  MemoryUsage of job (MB)
	118880  -  ResidentSetSize of job (KB)
...
006 (19538012.000.000) 2026-06-02 17:48:59 Image size of job updated: 140436
	138  -  MemoryUsage of job (MB)
	140436  -  ResidentSetSize of job (KB)
...
006 (19538012.000.000) 2026-06-02 17:53:59 Image size of job updated: 156332
	153  -  MemoryUsage of job (MB)
	156332  -  ResidentSetSize of job (KB)
...
006 (19538012.000.000) 2026-06-02 17:59:00 Image size of job updated: 171112
	168  -  MemoryUsage of job (MB)
	171112  -  ResidentSetSize of job (KB)
...
006 (19538012.000.000) 2026-06-02 18:03:31 Image size of job updated: 182692
	168  -  MemoryUsage of job (MB)
	171112  -  ResidentSetSize of job (KB)
...
005 (19538012.000.000) 2026-06-02 18:03:31 Job terminated.
	(1) Normal termination (return value 0)
		Usr 0 00:18:38, Sys 0 00:00:10  -  Run Remote Usage
		Usr 0 00:00:00, Sys 0 00:00:00  -  Run Local Usage
		Usr 0 00:18:38, Sys 0 00:00:10  -  Total Remote Usage
		Usr 0 00:00:00, Sys 0 00:00:00  -  Total Local Usage
	0  -  Run Bytes Sent By Job
	0  -  Run Bytes Received By Job
	0  -  Total Bytes Sent By Job
	0  -  Total Bytes Received By Job
	Partitionable Resources :    Usage  Request Allocated 
	   admin_mutex_1         :                           0 
	   admin_mutex_2         :                           0 
	   admin_mutex_3         :                           0 
	   Cpus                  :     0.99        1         1 
	   Disk (KB)             :    15        2048      5480 
	   GPUs                  :                           0 
	   machine_token         :                           0 
	   Memory (MB)           :   168        6000      6016 
	   TimeExecute (s)       :  1185                       
	   TimeSlotBusy (s)      :  1186                       

	Job terminated of its own accord at 2026-06-02T23:03:31Z with exit-code 0.
...
