000 (19533855.000.000) 2026-06-02 15:51:17 Job submitted from host: <10.128.10.103:9618?addrs=10.128.10.103-9618&alias=npx-submitter.icecube.wisc.edu&noUDP&sock=schedd_2449_6386>
    DAG Node: Drootprod_20210215_25104
...
001 (19533855.000.000) 2026-06-02 16:21:19 Job executing on host: <10.128.10.21:35497?addrs=10.128.10.21-35497&alias=n-m610-11.icecube.wisc.edu>
	SlotName: slot1_1@n-m610-11.icecube.wisc.edu
	admin_mutex_1 = 0
	admin_mutex_2 = 0
	admin_mutex_3 = 0
	CondorScratchDir = "/scratch/condor/dir_2427913"
	Cpus = 1
	Disk = 3072
	GPUs = 0
	machine_token = 0
	Memory = 6016
...
006 (19533855.000.000) 2026-06-02 16:21:32 Image size of job updated: 120836
	119  -  MemoryUsage of job (MB)
	120836  -  ResidentSetSize of job (KB)
...
006 (19533855.000.000) 2026-06-02 16:26:32 Image size of job updated: 159288
	156  -  MemoryUsage of job (MB)
	159288  -  ResidentSetSize of job (KB)
...
006 (19533855.000.000) 2026-06-02 16:30:32 Image size of job updated: 298924
	156  -  MemoryUsage of job (MB)
	159288  -  ResidentSetSize of job (KB)
...
005 (19533855.000.000) 2026-06-02 16:30:32 Job terminated.
	(1) Normal termination (return value 0)
		Usr 0 00:08:17, Sys 0 00:00:07  -  Run Remote Usage
		Usr 0 00:00:00, Sys 0 00:00:00  -  Run Local Usage
		Usr 0 00:08:17, Sys 0 00:00:07  -  Total Remote Usage
		Usr 0 00:00:00, Sys 0 00:00:00  -  Total Local Usage
	0  -  Run Bytes Sent By Job
	0  -  Run Bytes Received By Job
	0  -  Total Bytes Sent By Job
	0  -  Total Bytes Received By Job
	Partitionable Resources :    Usage  Request Allocated 
	   admin_mutex_1         :                           0 
	   admin_mutex_2         :                           0 
	   admin_mutex_3         :                           0 
	   Cpus                  :     0.89        1         1 
	   Disk (KB)             :    12        2048      3072 
	   GPUs                  :                           0 
	   machine_token         :                           0 
	   Memory (MB)           :   156        6000      6016 
	   TimeExecute (s)       :   553                       
	   TimeSlotBusy (s)      :   553                       

	Job terminated of its own accord at 2026-06-02T21:30:32Z with exit-code 0.
...
