000 (19536174.000.000) 2026-06-02 15:55:55 Job submitted from host: <10.128.10.103:9618?addrs=10.128.10.103-9618&alias=npx-submitter.icecube.wisc.edu&noUDP&sock=schedd_2449_6386>
    DAG Node: Drootprod_20210713_50836
...
001 (19536174.000.000) 2026-06-02 17:15:28 Job executing on host: <10.128.11.104:41225?addrs=10.128.11.104-41225&alias=n-r720-45.icecube.wisc.edu>
	SlotName: slot1_28@n-r720-45.icecube.wisc.edu
	admin_mutex_1 = 0
	admin_mutex_2 = 0
	admin_mutex_3 = 0
	CondorScratchDir = "/scratch/condor/dir_1235043"
	Cpus = 1
	Disk = 3717
	GPUs = 0
	machine_token = 0
	Memory = 6016
...
006 (19536174.000.000) 2026-06-02 17:15:41 Image size of job updated: 119040
	117  -  MemoryUsage of job (MB)
	119040  -  ResidentSetSize of job (KB)
...
006 (19536174.000.000) 2026-06-02 17:20:41 Image size of job updated: 151108
	148  -  MemoryUsage of job (MB)
	151108  -  ResidentSetSize of job (KB)
...
006 (19536174.000.000) 2026-06-02 17:25:42 Image size of job updated: 175036
	171  -  MemoryUsage of job (MB)
	175036  -  ResidentSetSize of job (KB)
...
006 (19536174.000.000) 2026-06-02 17:29:32 Image size of job updated: 305360
	171  -  MemoryUsage of job (MB)
	175036  -  ResidentSetSize of job (KB)
...
005 (19536174.000.000) 2026-06-02 17:29:32 Job terminated.
	(1) Normal termination (return value 0)
		Usr 0 00:13:09, Sys 0 00:00:13  -  Run Remote Usage
		Usr 0 00:00:00, Sys 0 00:00:00  -  Run Local Usage
		Usr 0 00:13:09, Sys 0 00:00:13  -  Total Remote Usage
		Usr 0 00:00:00, Sys 0 00:00:00  -  Total Local Usage
	0  -  Run Bytes Sent By Job
	0  -  Run Bytes Received By Job
	0  -  Total Bytes Sent By Job
	0  -  Total Bytes Received By Job
	Partitionable Resources :    Usage  Request Allocated 
	   admin_mutex_1         :                           0 
	   admin_mutex_2         :                           0 
	   admin_mutex_3         :                           0 
	   Cpus                  :     0.97        1         1 
	   Disk (KB)             :    12        2048      3717 
	   GPUs                  :                           0 
	   machine_token         :                           0 
	   Memory (MB)           :   171        6000      6016 
	   TimeExecute (s)       :   844                       
	   TimeSlotBusy (s)      :   844                       

	Job terminated of its own accord at 2026-06-02T22:29:32Z with exit-code 0.
...
