000 (19537216.000.000) 2026-06-02 15:58:14 Job submitted from host: <10.128.10.103:9618?addrs=10.128.10.103-9618&alias=npx-submitter.icecube.wisc.edu&noUDP&sock=schedd_2449_6386>
    DAG Node: Drootprod_20210923_59325
...
001 (19537216.000.000) 2026-06-02 17:34:01 Job executing on host: <10.128.10.115:33587?addrs=10.128.10.115-33587&alias=n-gibyte-00.icecube.wisc.edu>
	SlotName: slot1_385@n-gibyte-00.icecube.wisc.edu
	admin_mutex_1 = 0
	admin_mutex_2 = 0
	admin_mutex_3 = 0
	CondorScratchDir = "/scratch/condor/dir_2425034"
	Cpus = 1
	Disk = 5480
	GPUs = 0
	machine_token = 0
	Memory = 6016
...
006 (19537216.000.000) 2026-06-02 17:34:15 Image size of job updated: 119276
	117  -  MemoryUsage of job (MB)
	119276  -  ResidentSetSize of job (KB)
...
006 (19537216.000.000) 2026-06-02 17:39:15 Image size of job updated: 150152
	147  -  MemoryUsage of job (MB)
	150152  -  ResidentSetSize of job (KB)
...
006 (19537216.000.000) 2026-06-02 17:44:16 Image size of job updated: 174624
	171  -  MemoryUsage of job (MB)
	174624  -  ResidentSetSize of job (KB)
...
006 (19537216.000.000) 2026-06-02 17:46:53 Image size of job updated: 297972
	171  -  MemoryUsage of job (MB)
	174624  -  ResidentSetSize of job (KB)
...
005 (19537216.000.000) 2026-06-02 17:46:53 Job terminated.
	(1) Normal termination (return value 0)
		Usr 0 00:12:07, Sys 0 00:00:09  -  Run Remote Usage
		Usr 0 00:00:00, Sys 0 00:00:00  -  Run Local Usage
		Usr 0 00:12:07, Sys 0 00:00:09  -  Total Remote Usage
		Usr 0 00:00:00, Sys 0 00:00:00  -  Total Local Usage
	0  -  Run Bytes Sent By Job
	0  -  Run Bytes Received By Job
	0  -  Total Bytes Sent By Job
	0  -  Total Bytes Received By Job
	Partitionable Resources :    Usage  Request Allocated 
	   admin_mutex_1         :                           0 
	   admin_mutex_2         :                           0 
	   admin_mutex_3         :                           0 
	   Cpus                  :     0.96        1         1 
	   Disk (KB)             :    10        2048      5480 
	   GPUs                  :                           0 
	   machine_token         :                           0 
	   Memory (MB)           :   171        6000      6016 
	   TimeExecute (s)       :   772                       
	   TimeSlotBusy (s)      :   772                       

	Job terminated of its own accord at 2026-06-02T22:46:53Z with exit-code 0.
...
