000 (19537897.000.000) 2026-06-02 16:00:28 Job submitted from host: <10.128.10.103:9618?addrs=10.128.10.103-9618&alias=npx-submitter.icecube.wisc.edu&noUDP&sock=schedd_2449_6386>
    DAG Node: Drootprod_20211205_41233
...
001 (19537897.000.000) 2026-06-02 17:42:52 Job executing on host: <10.128.10.202:35183?addrs=10.128.10.202-35183&alias=n-r710-22.icecube.wisc.edu>
	SlotName: slot1_12@n-r710-22.icecube.wisc.edu
	admin_mutex_1 = 0
	admin_mutex_2 = 0
	admin_mutex_3 = 0
	CondorScratchDir = "/scratch/condor/dir_1606029"
	Cpus = 1
	Disk = 3072
	GPUs = 0
	machine_token = 0
	Memory = 6016
...
006 (19537897.000.000) 2026-06-02 17:43:05 Image size of job updated: 119244
	117  -  MemoryUsage of job (MB)
	119244  -  ResidentSetSize of job (KB)
...
006 (19537897.000.000) 2026-06-02 17:48:05 Image size of job updated: 148460
	145  -  MemoryUsage of job (MB)
	148460  -  ResidentSetSize of job (KB)
...
006 (19537897.000.000) 2026-06-02 17:53:06 Image size of job updated: 173308
	170  -  MemoryUsage of job (MB)
	173308  -  ResidentSetSize of job (KB)
...
006 (19537897.000.000) 2026-06-02 17:55:55 Image size of job updated: 297820
	170  -  MemoryUsage of job (MB)
	173308  -  ResidentSetSize of job (KB)
...
005 (19537897.000.000) 2026-06-02 17:55:55 Job terminated.
	(1) Normal termination (return value 0)
		Usr 0 00:12:23, Sys 0 00:00:10  -  Run Remote Usage
		Usr 0 00:00:00, Sys 0 00:00:00  -  Run Local Usage
		Usr 0 00:12:23, Sys 0 00:00:10  -  Total Remote Usage
		Usr 0 00:00:00, Sys 0 00:00:00  -  Total Local Usage
	0  -  Run Bytes Sent By Job
	0  -  Run Bytes Received By Job
	0  -  Total Bytes Sent By Job
	0  -  Total Bytes Received By Job
	Partitionable Resources :    Usage  Request Allocated 
	   admin_mutex_1         :                           0 
	   admin_mutex_2         :                           0 
	   admin_mutex_3         :                           0 
	   Cpus                  :     0.96        1         1 
	   Disk (KB)             :    15        2048      3072 
	   GPUs                  :                           0 
	   machine_token         :                           0 
	   Memory (MB)           :   170        6000      6016 
	   TimeExecute (s)       :   783                       
	   TimeSlotBusy (s)      :   783                       

	Job terminated of its own accord at 2026-06-02T22:55:55Z with exit-code 0.
...
