000 (19536154.000.000) 2026-06-02 15:55:52 Job submitted from host: <10.128.10.103:9618?addrs=10.128.10.103-9618&alias=npx-submitter.icecube.wisc.edu&noUDP&sock=schedd_2449_6386>
    DAG Node: Drootprod_20210710_46160
...
001 (19536154.000.000) 2026-06-02 17:15:08 Job executing on host: <10.128.10.115:33587?addrs=10.128.10.115-33587&alias=n-gibyte-00.icecube.wisc.edu>
	SlotName: slot1_390@n-gibyte-00.icecube.wisc.edu
	admin_mutex_1 = 0
	admin_mutex_2 = 0
	admin_mutex_3 = 0
	CondorScratchDir = "/scratch/condor/dir_2342932"
	Cpus = 1
	Disk = 5480
	GPUs = 0
	machine_token = 0
	Memory = 6016
...
006 (19536154.000.000) 2026-06-02 17:15:22 Image size of job updated: 118628
	116  -  MemoryUsage of job (MB)
	118628  -  ResidentSetSize of job (KB)
...
006 (19536154.000.000) 2026-06-02 17:20:23 Image size of job updated: 143332
	140  -  MemoryUsage of job (MB)
	143332  -  ResidentSetSize of job (KB)
...
006 (19536154.000.000) 2026-06-02 17:24:09 Image size of job updated: 179868
	140  -  MemoryUsage of job (MB)
	143332  -  ResidentSetSize of job (KB)
...
005 (19536154.000.000) 2026-06-02 17:24:09 Job terminated.
	(1) Normal termination (return value 0)
		Usr 0 00:08:31, Sys 0 00:00:06  -  Run Remote Usage
		Usr 0 00:00:00, Sys 0 00:00:00  -  Run Local Usage
		Usr 0 00:08:31, Sys 0 00:00:06  -  Total Remote Usage
		Usr 0 00:00:00, Sys 0 00:00:00  -  Total Local Usage
	0  -  Run Bytes Sent By Job
	0  -  Run Bytes Received By Job
	0  -  Total Bytes Sent By Job
	0  -  Total Bytes Received By Job
	Partitionable Resources :    Usage  Request Allocated 
	   admin_mutex_1         :                           0 
	   admin_mutex_2         :                           0 
	   admin_mutex_3         :                           0 
	   Cpus                  :     0.94        1         1 
	   Disk (KB)             :     7        2048      5480 
	   GPUs                  :                           0 
	   machine_token         :                           0 
	   Memory (MB)           :   140        6000      6016 
	   TimeExecute (s)       :   541                       
	   TimeSlotBusy (s)      :   542                       

	Job terminated of its own accord at 2026-06-02T22:24:09Z with exit-code 0.
...
