000 (19534421.000.000) 2026-06-02 15:52:23 Job submitted from host: <10.128.10.103:9618?addrs=10.128.10.103-9618&alias=npx-submitter.icecube.wisc.edu&noUDP&sock=schedd_2449_6386>
    DAG Node: Drootprod_20210322_3851
...
001 (19534421.000.000) 2026-06-02 16:34:08 Job executing on host: <10.128.10.192:35633?addrs=10.128.10.192-35633&alias=n-smepyc-05.icecube.wisc.edu>
	SlotName: slot1_77@n-smepyc-05.icecube.wisc.edu
	admin_mutex_1 = 0
	admin_mutex_2 = 0
	admin_mutex_3 = 0
	CondorScratchDir = "/scratch/condor/dir_194017"
	Cpus = 1
	Disk = 3072
	GPUs = 0
	machine_token = 0
	Memory = 6016
...
006 (19534421.000.000) 2026-06-02 16:34:22 Image size of job updated: 123264
	121  -  MemoryUsage of job (MB)
	123264  -  ResidentSetSize of job (KB)
...
006 (19534421.000.000) 2026-06-02 16:39:23 Image size of job updated: 162564
	159  -  MemoryUsage of job (MB)
	162564  -  ResidentSetSize of job (KB)
...
006 (19534421.000.000) 2026-06-02 16:41:26 Image size of job updated: 183128
	159  -  MemoryUsage of job (MB)
	162564  -  ResidentSetSize of job (KB)
...
005 (19534421.000.000) 2026-06-02 16:41:26 Job terminated.
	(1) Normal termination (return value 0)
		Usr 0 00:06:36, Sys 0 00:00:06  -  Run Remote Usage
		Usr 0 00:00:00, Sys 0 00:00:00  -  Run Local Usage
		Usr 0 00:06:36, Sys 0 00:00:06  -  Total Remote Usage
		Usr 0 00:00:00, Sys 0 00:00:00  -  Total Local Usage
	0  -  Run Bytes Sent By Job
	0  -  Run Bytes Received By Job
	0  -  Total Bytes Sent By Job
	0  -  Total Bytes Received By Job
	Partitionable Resources :    Usage  Request Allocated 
	   admin_mutex_1         :                           0 
	   admin_mutex_2         :                           0 
	   admin_mutex_3         :                           0 
	   Cpus                  :     1.00        1         1 
	   Disk (KB)             :    10        2048      3072 
	   GPUs                  :                           0 
	   machine_token         :                           0 
	   Memory (MB)           :   159        6000      6016 
	   TimeExecute (s)       :   438                       
	   TimeSlotBusy (s)      :   438                       

	Job terminated of its own accord at 2026-06-02T21:41:26Z with exit-code 0.
...
