000 (19537416.000.000) 2026-06-02 15:58:47 Job submitted from host: <10.128.10.103:9618?addrs=10.128.10.103-9618&alias=npx-submitter.icecube.wisc.edu&noUDP&sock=schedd_2449_6386>
    DAG Node: Drootprod_20211011_40775
...
001 (19537416.000.000) 2026-06-02 17:37:24 Job executing on host: <10.128.10.44:44273?addrs=10.128.10.44-44273&alias=n-m610-34.icecube.wisc.edu>
	SlotName: slot1_5@n-m610-34.icecube.wisc.edu
	admin_mutex_1 = 0
	admin_mutex_2 = 0
	admin_mutex_3 = 0
	CondorScratchDir = "/scratch/condor/dir_2272750"
	Cpus = 1
	Disk = 3072
	GPUs = 0
	machine_token = 0
	Memory = 6016
...
006 (19537416.000.000) 2026-06-02 17:37:37 Image size of job updated: 121804
	119  -  MemoryUsage of job (MB)
	121804  -  ResidentSetSize of job (KB)
...
006 (19537416.000.000) 2026-06-02 17:42:37 Image size of job updated: 160840
	158  -  MemoryUsage of job (MB)
	160840  -  ResidentSetSize of job (KB)
...
006 (19537416.000.000) 2026-06-02 17:45:33 Image size of job updated: 184476
	158  -  MemoryUsage of job (MB)
	160840  -  ResidentSetSize of job (KB)
...
005 (19537416.000.000) 2026-06-02 17:45:33 Job terminated.
	(1) Normal termination (return value 0)
		Usr 0 00:07:34, Sys 0 00:00:06  -  Run Remote Usage
		Usr 0 00:00:00, Sys 0 00:00:00  -  Run Local Usage
		Usr 0 00:07:34, Sys 0 00:00:06  -  Total Remote Usage
		Usr 0 00:00:00, Sys 0 00:00:00  -  Total Local Usage
	0  -  Run Bytes Sent By Job
	0  -  Run Bytes Received By Job
	0  -  Total Bytes Sent By Job
	0  -  Total Bytes Received By Job
	Partitionable Resources :    Usage  Request Allocated 
	   admin_mutex_1         :                           0 
	   admin_mutex_2         :                           0 
	   admin_mutex_3         :                           0 
	   Cpus                  :     0.95        1         1 
	   Disk (KB)             :    15        2048      3072 
	   GPUs                  :                           0 
	   machine_token         :                           0 
	   Memory (MB)           :   158        6000      6016 
	   TimeExecute (s)       :   489                       
	   TimeSlotBusy (s)      :   489                       

	Job terminated of its own accord at 2026-06-02T22:45:33Z with exit-code 0.
...
