000 (19535452.000.000) 2026-06-02 15:54:22 Job submitted from host: <10.128.10.103:9618?addrs=10.128.10.103-9618&alias=npx-submitter.icecube.wisc.edu&noUDP&sock=schedd_2449_6386>
    DAG Node: Drootprod_20210522_18726
...
001 (19535452.000.000) 2026-06-02 16:53:44 Job executing on host: <10.128.11.47:45719?addrs=10.128.11.47-45719&alias=n-smbc-28.icecube.wisc.edu>
	SlotName: slot1_12@n-smbc-28.icecube.wisc.edu
	admin_mutex_1 = 0
	admin_mutex_2 = 0
	admin_mutex_3 = 0
	CondorScratchDir = "/scratch/condor/dir_57552"
	Cpus = 1
	Disk = 3072
	GPUs = 0
	machine_token = 0
	Memory = 6016
...
006 (19535452.000.000) 2026-06-02 16:53:57 Image size of job updated: 48136
	48  -  MemoryUsage of job (MB)
	48136  -  ResidentSetSize of job (KB)
...
006 (19535452.000.000) 2026-06-02 16:58:57 Image size of job updated: 130504
	128  -  MemoryUsage of job (MB)
	130504  -  ResidentSetSize of job (KB)
...
006 (19535452.000.000) 2026-06-02 17:03:58 Image size of job updated: 136660
	134  -  MemoryUsage of job (MB)
	136660  -  ResidentSetSize of job (KB)
...
006 (19535452.000.000) 2026-06-02 17:08:58 Image size of job updated: 140568
	138  -  MemoryUsage of job (MB)
	140568  -  ResidentSetSize of job (KB)
...
006 (19535452.000.000) 2026-06-02 17:13:58 Image size of job updated: 149536
	147  -  MemoryUsage of job (MB)
	149536  -  ResidentSetSize of job (KB)
...
006 (19535452.000.000) 2026-06-02 17:18:59 Image size of job updated: 154284
	151  -  MemoryUsage of job (MB)
	154284  -  ResidentSetSize of job (KB)
...
006 (19535452.000.000) 2026-06-02 17:23:59 Image size of job updated: 160128
	157  -  MemoryUsage of job (MB)
	160128  -  ResidentSetSize of job (KB)
...
006 (19535452.000.000) 2026-06-02 17:29:00 Image size of job updated: 164708
	161  -  MemoryUsage of job (MB)
	164708  -  ResidentSetSize of job (KB)
...
006 (19535452.000.000) 2026-06-02 17:34:00 Image size of job updated: 171120
	168  -  MemoryUsage of job (MB)
	171120  -  ResidentSetSize of job (KB)
...
006 (19535452.000.000) 2026-06-02 17:39:01 Image size of job updated: 176660
	173  -  MemoryUsage of job (MB)
	176660  -  ResidentSetSize of job (KB)
...
006 (19535452.000.000) 2026-06-02 17:44:01 Image size of job updated: 184176
	180  -  MemoryUsage of job (MB)
	184176  -  ResidentSetSize of job (KB)
...
006 (19535452.000.000) 2026-06-02 17:44:13 Image size of job updated: 194108
	180  -  MemoryUsage of job (MB)
	184176  -  ResidentSetSize of job (KB)
...
005 (19535452.000.000) 2026-06-02 17:44:13 Job terminated.
	(1) Normal termination (return value 0)
		Usr 0 00:48:59, Sys 0 00:00:25  -  Run Remote Usage
		Usr 0 00:00:00, Sys 0 00:00:00  -  Run Local Usage
		Usr 0 00:48:59, Sys 0 00:00:25  -  Total Remote Usage
		Usr 0 00:00:00, Sys 0 00:00:00  -  Total Local Usage
	0  -  Run Bytes Sent By Job
	0  -  Run Bytes Received By Job
	0  -  Total Bytes Sent By Job
	0  -  Total Bytes Received By Job
	Partitionable Resources :    Usage  Request Allocated 
	   admin_mutex_1         :                           0 
	   admin_mutex_2         :                           0 
	   admin_mutex_3         :                           0 
	   Cpus                  :     0.99        1         1 
	   Disk (KB)             :    10        2048      3072 
	   GPUs                  :                           0 
	   machine_token         :                           0 
	   Memory (MB)           :   180        6000      6016 
	   TimeExecute (s)       :  3029                       
	   TimeSlotBusy (s)      :  3030                       

	Job terminated of its own accord at 2026-06-02T22:44:13Z with exit-code 0.
...
