000 (19536611.000.000) 2026-06-02 15:56:51 Job submitted from host: <10.128.10.103:9618?addrs=10.128.10.103-9618&alias=npx-submitter.icecube.wisc.edu&noUDP&sock=schedd_2449_6386>
    DAG Node: Drootprod_20210812_39035
...
001 (19536611.000.000) 2026-06-02 17:24:10 Job executing on host: <10.128.10.188:45333?addrs=10.128.10.188-45333&alias=n-smepyc-01.icecube.wisc.edu>
	SlotName: slot1_47@n-smepyc-01.icecube.wisc.edu
	admin_mutex_1 = 0
	admin_mutex_2 = 0
	admin_mutex_3 = 0
	CondorScratchDir = "/scratch/condor/dir_4180720"
	Cpus = 1
	Disk = 3072
	GPUs = 0
	machine_token = 0
	Memory = 6016
...
006 (19536611.000.000) 2026-06-02 17:24:24 Image size of job updated: 123004
	121  -  MemoryUsage of job (MB)
	123004  -  ResidentSetSize of job (KB)
...
006 (19536611.000.000) 2026-06-02 17:29:25 Image size of job updated: 172584
	169  -  MemoryUsage of job (MB)
	172584  -  ResidentSetSize of job (KB)
...
006 (19536611.000.000) 2026-06-02 17:31:23 Image size of job updated: 305444
	169  -  MemoryUsage of job (MB)
	172584  -  ResidentSetSize of job (KB)
...
005 (19536611.000.000) 2026-06-02 17:31:23 Job terminated.
	(1) Normal termination (return value 0)
		Usr 0 00:06:48, Sys 0 00:00:06  -  Run Remote Usage
		Usr 0 00:00:00, Sys 0 00:00:00  -  Run Local Usage
		Usr 0 00:06:48, Sys 0 00:00:06  -  Total Remote Usage
		Usr 0 00:00:00, Sys 0 00:00:00  -  Total Local Usage
	0  -  Run Bytes Sent By Job
	0  -  Run Bytes Received By Job
	0  -  Total Bytes Sent By Job
	0  -  Total Bytes Received By Job
	Partitionable Resources :    Usage  Request Allocated 
	   admin_mutex_1         :                           0 
	   admin_mutex_2         :                           0 
	   admin_mutex_3         :                           0 
	   Cpus                  :     0.98        1         1 
	   Disk (KB)             :    10        2048      3072 
	   GPUs                  :                           0 
	   machine_token         :                           0 
	   Memory (MB)           :   169        6000      6016 
	   TimeExecute (s)       :   433                       
	   TimeSlotBusy (s)      :   433                       

	Job terminated of its own accord at 2026-06-02T22:31:23Z with exit-code 0.
...
