000 (19533312.000.000) 2026-06-02 15:50:07 Job submitted from host: <10.128.10.103:9618?addrs=10.128.10.103-9618&alias=npx-submitter.icecube.wisc.edu&noUDP&sock=schedd_2449_6386>
    DAG Node: Drootprod_20210107_92479
...
001 (19533312.000.000) 2026-06-02 16:11:27 Job executing on host: <10.128.10.115:33587?addrs=10.128.10.115-33587&alias=n-gibyte-00.icecube.wisc.edu>
	SlotName: slot1_178@n-gibyte-00.icecube.wisc.edu
	admin_mutex_1 = 0
	admin_mutex_2 = 0
	admin_mutex_3 = 0
	CondorScratchDir = "/scratch/condor/dir_2098197"
	Cpus = 1
	Disk = 5480
	GPUs = 0
	machine_token = 0
	Memory = 6016
...
006 (19533312.000.000) 2026-06-02 16:11:41 Image size of job updated: 119956
	118  -  MemoryUsage of job (MB)
	119956  -  ResidentSetSize of job (KB)
...
006 (19533312.000.000) 2026-06-02 16:16:42 Image size of job updated: 145924
	143  -  MemoryUsage of job (MB)
	145924  -  ResidentSetSize of job (KB)
...
006 (19533312.000.000) 2026-06-02 16:21:42 Image size of job updated: 171460
	168  -  MemoryUsage of job (MB)
	171460  -  ResidentSetSize of job (KB)
...
006 (19533312.000.000) 2026-06-02 16:25:09 Image size of job updated: 297280
	168  -  MemoryUsage of job (MB)
	171460  -  ResidentSetSize of job (KB)
...
005 (19533312.000.000) 2026-06-02 16:25:09 Job terminated.
	(1) Normal termination (return value 0)
		Usr 0 00:12:23, Sys 0 00:00:09  -  Run Remote Usage
		Usr 0 00:00:00, Sys 0 00:00:00  -  Run Local Usage
		Usr 0 00:12:23, Sys 0 00:00:09  -  Total Remote Usage
		Usr 0 00:00:00, Sys 0 00:00:00  -  Total Local Usage
	0  -  Run Bytes Sent By Job
	0  -  Run Bytes Received By Job
	0  -  Total Bytes Sent By Job
	0  -  Total Bytes Received By Job
	Partitionable Resources :    Usage  Request Allocated 
	   admin_mutex_1         :                           0 
	   admin_mutex_2         :                           0 
	   admin_mutex_3         :                           0 
	   Cpus                  :     0.90        1         1 
	   Disk (KB)             :    15        2048      5480 
	   GPUs                  :                           0 
	   machine_token         :                           0 
	   Memory (MB)           :   168        6000      6016 
	   TimeExecute (s)       :   822                       
	   TimeSlotBusy (s)      :   823                       

	Job terminated of its own accord at 2026-06-02T21:25:09Z with exit-code 0.
...
