000 (19537657.000.000) 2026-06-02 15:59:31 Job submitted from host: <10.128.10.103:9618?addrs=10.128.10.103-9618&alias=npx-submitter.icecube.wisc.edu&noUDP&sock=schedd_2449_6386>
    DAG Node: Drootprod_20211104_63073
...
001 (19537657.000.000) 2026-06-02 17:40:29 Job executing on host: <10.128.10.117:43719?addrs=10.128.10.117-43719&alias=n-gibyte-02.icecube.wisc.edu>
	SlotName: slot1_407@n-gibyte-02.icecube.wisc.edu
	admin_mutex_1 = 0
	admin_mutex_2 = 0
	admin_mutex_3 = 0
	CondorScratchDir = "/scratch/condor/dir_3749298"
	Cpus = 1
	Disk = 5480
	GPUs = 0
	machine_token = 0
	Memory = 6016
...
006 (19537657.000.000) 2026-06-02 17:40:43 Image size of job updated: 118724
	116  -  MemoryUsage of job (MB)
	118724  -  ResidentSetSize of job (KB)
...
006 (19537657.000.000) 2026-06-02 17:45:44 Image size of job updated: 143968
	141  -  MemoryUsage of job (MB)
	143968  -  ResidentSetSize of job (KB)
...
006 (19537657.000.000) 2026-06-02 17:50:44 Image size of job updated: 159404
	156  -  MemoryUsage of job (MB)
	159404  -  ResidentSetSize of job (KB)
...
006 (19537657.000.000) 2026-06-02 17:55:45 Image size of job updated: 173400
	170  -  MemoryUsage of job (MB)
	173400  -  ResidentSetSize of job (KB)
...
006 (19537657.000.000) 2026-06-02 17:59:41 Image size of job updated: 296348
	170  -  MemoryUsage of job (MB)
	173400  -  ResidentSetSize of job (KB)
...
005 (19537657.000.000) 2026-06-02 17:59:41 Job terminated.
	(1) Normal termination (return value 0)
		Usr 0 00:18:24, Sys 0 00:00:10  -  Run Remote Usage
		Usr 0 00:00:00, Sys 0 00:00:00  -  Run Local Usage
		Usr 0 00:18:24, Sys 0 00:00:10  -  Total Remote Usage
		Usr 0 00:00:00, Sys 0 00:00:00  -  Total Local Usage
	0  -  Run Bytes Sent By Job
	0  -  Run Bytes Received By Job
	0  -  Total Bytes Sent By Job
	0  -  Total Bytes Received By Job
	Partitionable Resources :    Usage  Request Allocated 
	   admin_mutex_1         :                           0 
	   admin_mutex_2         :                           0 
	   admin_mutex_3         :                           0 
	   Cpus                  :     0.99        1         1 
	   Disk (KB)             :    12        2048      5480 
	   GPUs                  :                           0 
	   machine_token         :                           0 
	   Memory (MB)           :   170        6000      6016 
	   TimeExecute (s)       :  1152                       
	   TimeSlotBusy (s)      :  1153                       

	Job terminated of its own accord at 2026-06-02T22:59:41Z with exit-code 0.
...
