000 (19537724.000.000) 2026-06-02 15:59:47 Job submitted from host: <10.128.10.103:9618?addrs=10.128.10.103-9618&alias=npx-submitter.icecube.wisc.edu&noUDP&sock=schedd_2449_6386>
    DAG Node: Drootprod_20211114_50291
...
001 (19537724.000.000) 2026-06-02 17:41:08 Job executing on host: <10.128.10.115:33587?addrs=10.128.10.115-33587&alias=n-gibyte-00.icecube.wisc.edu>
	SlotName: slot1_101@n-gibyte-00.icecube.wisc.edu
	admin_mutex_1 = 0
	admin_mutex_2 = 0
	admin_mutex_3 = 0
	CondorScratchDir = "/scratch/condor/dir_2455292"
	Cpus = 1
	Disk = 5480
	GPUs = 0
	machine_token = 0
	Memory = 6016
...
006 (19537724.000.000) 2026-06-02 17:41:21 Image size of job updated: 118808
	117  -  MemoryUsage of job (MB)
	118808  -  ResidentSetSize of job (KB)
...
006 (19537724.000.000) 2026-06-02 17:46:21 Image size of job updated: 142712
	140  -  MemoryUsage of job (MB)
	142712  -  ResidentSetSize of job (KB)
...
006 (19537724.000.000) 2026-06-02 17:51:22 Image size of job updated: 155968
	153  -  MemoryUsage of job (MB)
	155968  -  ResidentSetSize of job (KB)
...
006 (19537724.000.000) 2026-06-02 17:56:22 Image size of job updated: 170844
	167  -  MemoryUsage of job (MB)
	170844  -  ResidentSetSize of job (KB)
...
006 (19537724.000.000) 2026-06-02 18:01:22 Image size of job updated: 299080
	293  -  MemoryUsage of job (MB)
	299080  -  ResidentSetSize of job (KB)
...
006 (19537724.000.000) 2026-06-02 18:02:06 Image size of job updated: 300968
	293  -  MemoryUsage of job (MB)
	299080  -  ResidentSetSize of job (KB)
...
005 (19537724.000.000) 2026-06-02 18:02:06 Job terminated.
	(1) Normal termination (return value 0)
		Usr 0 00:19:56, Sys 0 00:00:11  -  Run Remote Usage
		Usr 0 00:00:00, Sys 0 00:00:00  -  Run Local Usage
		Usr 0 00:19:56, Sys 0 00:00:11  -  Total Remote Usage
		Usr 0 00:00:00, Sys 0 00:00:00  -  Total Local Usage
	0  -  Run Bytes Sent By Job
	0  -  Run Bytes Received By Job
	0  -  Total Bytes Sent By Job
	0  -  Total Bytes Received By Job
	Partitionable Resources :    Usage  Request Allocated 
	   admin_mutex_1         :                           0 
	   admin_mutex_2         :                           0 
	   admin_mutex_3         :                           0 
	   Cpus                  :     0.96        1         1 
	   Disk (KB)             :    12        2048      5480 
	   GPUs                  :                           0 
	   machine_token         :                           0 
	   Memory (MB)           :   293        6000      6016 
	   TimeExecute (s)       :  1258                       
	   TimeSlotBusy (s)      :  1259                       

	Job terminated of its own accord at 2026-06-02T23:02:06Z with exit-code 0.
...
