000 (19537808.000.000) 2026-06-02 16:00:05 Job submitted from host: <10.128.10.103:9618?addrs=10.128.10.103-9618&alias=npx-submitter.icecube.wisc.edu&noUDP&sock=schedd_2449_6386>
    DAG Node: Drootprod_20211122_33771
...
001 (19537808.000.000) 2026-06-02 17:41:48 Job executing on host: <10.128.10.95:41559?addrs=10.128.10.95-41559&alias=n-r710-11.icecube.wisc.edu>
	SlotName: slot1_7@n-r710-11.icecube.wisc.edu
	admin_mutex_1 = 0
	admin_mutex_2 = 0
	admin_mutex_3 = 0
	CondorScratchDir = "/scratch/condor/dir_2997129"
	Cpus = 1
	Disk = 3072
	GPUs = 0
	machine_token = 0
	Memory = 6016
...
006 (19537808.000.000) 2026-06-02 17:42:02 Image size of job updated: 119768
	117  -  MemoryUsage of job (MB)
	119768  -  ResidentSetSize of job (KB)
...
006 (19537808.000.000) 2026-06-02 17:47:03 Image size of job updated: 150268
	147  -  MemoryUsage of job (MB)
	150268  -  ResidentSetSize of job (KB)
...
006 (19537808.000.000) 2026-06-02 17:52:03 Image size of job updated: 170592
	167  -  MemoryUsage of job (MB)
	170592  -  ResidentSetSize of job (KB)
...
006 (19537808.000.000) 2026-06-02 17:57:04 Image size of job updated: 304784
	298  -  MemoryUsage of job (MB)
	304784  -  ResidentSetSize of job (KB)
...
006 (19537808.000.000) 2026-06-02 17:57:41 Image size of job updated: 309140
	298  -  MemoryUsage of job (MB)
	304784  -  ResidentSetSize of job (KB)
...
005 (19537808.000.000) 2026-06-02 17:57:41 Job terminated.
	(1) Normal termination (return value 0)
		Usr 0 00:15:03, Sys 0 00:00:12  -  Run Remote Usage
		Usr 0 00:00:00, Sys 0 00:00:00  -  Run Local Usage
		Usr 0 00:15:03, Sys 0 00:00:12  -  Total Remote Usage
		Usr 0 00:00:00, Sys 0 00:00:00  -  Total Local Usage
	0  -  Run Bytes Sent By Job
	0  -  Run Bytes Received By Job
	0  -  Total Bytes Sent By Job
	0  -  Total Bytes Received By Job
	Partitionable Resources :    Usage  Request Allocated 
	   admin_mutex_1         :                           0 
	   admin_mutex_2         :                           0 
	   admin_mutex_3         :                           0 
	   Cpus                  :     0.96        1         1 
	   Disk (KB)             :    15        2048      3072 
	   GPUs                  :                           0 
	   machine_token         :                           0 
	   Memory (MB)           :   298        6000      6016 
	   TimeExecute (s)       :   953                       
	   TimeSlotBusy (s)      :   953                       

	Job terminated of its own accord at 2026-06-02T22:57:41Z with exit-code 0.
...
