000 (19536331.000.000) 2026-06-02 15:56:15 Job submitted from host: <10.128.10.103:9618?addrs=10.128.10.103-9618&alias=npx-submitter.icecube.wisc.edu&noUDP&sock=schedd_2449_6386>
    DAG Node: Drootprod_20210723_40644
...
001 (19536331.000.000) 2026-06-02 17:18:21 Job executing on host: <10.128.10.115:33587?addrs=10.128.10.115-33587&alias=n-gibyte-00.icecube.wisc.edu>
	SlotName: slot1_331@n-gibyte-00.icecube.wisc.edu
	admin_mutex_1 = 0
	admin_mutex_2 = 0
	admin_mutex_3 = 0
	CondorScratchDir = "/scratch/condor/dir_2357369"
	Cpus = 1
	Disk = 5480
	GPUs = 0
	machine_token = 0
	Memory = 6016
...
006 (19536331.000.000) 2026-06-02 17:18:34 Image size of job updated: 120068
	118  -  MemoryUsage of job (MB)
	120068  -  ResidentSetSize of job (KB)
...
006 (19536331.000.000) 2026-06-02 17:23:34 Image size of job updated: 145940
	143  -  MemoryUsage of job (MB)
	145940  -  ResidentSetSize of job (KB)
...
006 (19536331.000.000) 2026-06-02 17:28:35 Image size of job updated: 167968
	165  -  MemoryUsage of job (MB)
	167968  -  ResidentSetSize of job (KB)
...
006 (19536331.000.000) 2026-06-02 17:32:06 Image size of job updated: 183608
	165  -  MemoryUsage of job (MB)
	167968  -  ResidentSetSize of job (KB)
...
005 (19536331.000.000) 2026-06-02 17:32:06 Job terminated.
	(1) Normal termination (return value 0)
		Usr 0 00:13:01, Sys 0 00:00:09  -  Run Remote Usage
		Usr 0 00:00:00, Sys 0 00:00:00  -  Run Local Usage
		Usr 0 00:13:01, Sys 0 00:00:09  -  Total Remote Usage
		Usr 0 00:00:00, Sys 0 00:00:00  -  Total Local Usage
	0  -  Run Bytes Sent By Job
	0  -  Run Bytes Received By Job
	0  -  Total Bytes Sent By Job
	0  -  Total Bytes Received By Job
	Partitionable Resources :    Usage  Request Allocated 
	   admin_mutex_1         :                           0 
	   admin_mutex_2         :                           0 
	   admin_mutex_3         :                           0 
	   Cpus                  :     0.98        1         1 
	   Disk (KB)             :    12        2048      5480 
	   GPUs                  :                           0 
	   machine_token         :                           0 
	   Memory (MB)           :   165        6000      6016 
	   TimeExecute (s)       :   825                       
	   TimeSlotBusy (s)      :   826                       

	Job terminated of its own accord at 2026-06-02T22:32:06Z with exit-code 0.
...
