000 (19536078.000.000) 2026-06-02 15:55:43 Job submitted from host: <10.128.10.103:9618?addrs=10.128.10.103-9618&alias=npx-submitter.icecube.wisc.edu&noUDP&sock=schedd_2449_6386>
    DAG Node: Drootprod_20210706_4011
...
001 (19536078.000.000) 2026-06-02 17:13:43 Job executing on host: <10.128.10.115:33587?addrs=10.128.10.115-33587&alias=n-gibyte-00.icecube.wisc.edu>
	SlotName: slot1_384@n-gibyte-00.icecube.wisc.edu
	admin_mutex_1 = 0
	admin_mutex_2 = 0
	admin_mutex_3 = 0
	CondorScratchDir = "/scratch/condor/dir_2337856"
	Cpus = 1
	Disk = 5480
	GPUs = 0
	machine_token = 0
	Memory = 6016
...
006 (19536078.000.000) 2026-06-02 17:13:56 Image size of job updated: 118780
	116  -  MemoryUsage of job (MB)
	118780  -  ResidentSetSize of job (KB)
...
006 (19536078.000.000) 2026-06-02 17:18:57 Image size of job updated: 145684
	143  -  MemoryUsage of job (MB)
	145684  -  ResidentSetSize of job (KB)
...
006 (19536078.000.000) 2026-06-02 17:23:58 Image size of job updated: 168388
	165  -  MemoryUsage of job (MB)
	168388  -  ResidentSetSize of job (KB)
...
006 (19536078.000.000) 2026-06-02 17:26:39 Image size of job updated: 179924
	165  -  MemoryUsage of job (MB)
	168388  -  ResidentSetSize of job (KB)
...
005 (19536078.000.000) 2026-06-02 17:26:39 Job terminated.
	(1) Normal termination (return value 0)
		Usr 0 00:12:17, Sys 0 00:00:08  -  Run Remote Usage
		Usr 0 00:00:00, Sys 0 00:00:00  -  Run Local Usage
		Usr 0 00:12:17, Sys 0 00:00:08  -  Total Remote Usage
		Usr 0 00:00:00, Sys 0 00:00:00  -  Total Local Usage
	0  -  Run Bytes Sent By Job
	0  -  Run Bytes Received By Job
	0  -  Total Bytes Sent By Job
	0  -  Total Bytes Received By Job
	Partitionable Resources :    Usage  Request Allocated 
	   admin_mutex_1         :                           0 
	   admin_mutex_2         :                           0 
	   admin_mutex_3         :                           0 
	   Cpus                  :     0.97        1         1 
	   Disk (KB)             :    10        2048      5480 
	   GPUs                  :                           0 
	   machine_token         :                           0 
	   Memory (MB)           :   165        6000      6016 
	   TimeExecute (s)       :   776                       
	   TimeSlotBusy (s)      :   777                       

	Job terminated of its own accord at 2026-06-02T22:26:39Z with exit-code 0.
...
