000 (19535719.000.000) 2026-06-02 15:54:57 Job submitted from host: <10.128.10.103:9618?addrs=10.128.10.103-9618&alias=npx-submitter.icecube.wisc.edu&noUDP&sock=schedd_2449_6386>
    DAG Node: Drootprod_20210611_88829
...
001 (19535719.000.000) 2026-06-02 16:59:01 Job executing on host: <10.128.10.238:43797?addrs=10.128.10.238-43797&alias=n-gpu-42.icecube.wisc.edu>
	SlotName: slot1_88@n-gpu-42.icecube.wisc.edu
	admin_mutex_1 = 0
	admin_mutex_2 = 0
	admin_mutex_3 = 0
	AvailableGPUs = {  }
	CondorScratchDir = "/scratch/condor/dir_2173249"
	Cpus = 1
	Disk = 3072
	GPUs = 0
	machine_token = 0
	Memory = 6016
...
006 (19535719.000.000) 2026-06-02 16:59:14 Image size of job updated: 117808
	116  -  MemoryUsage of job (MB)
	117808  -  ResidentSetSize of job (KB)
...
006 (19535719.000.000) 2026-06-02 17:04:14 Image size of job updated: 157696
	154  -  MemoryUsage of job (MB)
	157696  -  ResidentSetSize of job (KB)
...
006 (19535719.000.000) 2026-06-02 17:08:01 Image size of job updated: 293624
	154  -  MemoryUsage of job (MB)
	157696  -  ResidentSetSize of job (KB)
...
005 (19535719.000.000) 2026-06-02 17:08:01 Job terminated.
	(1) Normal termination (return value 0)
		Usr 0 00:07:46, Sys 0 00:00:09  -  Run Remote Usage
		Usr 0 00:00:00, Sys 0 00:00:00  -  Run Local Usage
		Usr 0 00:07:46, Sys 0 00:00:09  -  Total Remote Usage
		Usr 0 00:00:00, Sys 0 00:00:00  -  Total Local Usage
	0  -  Run Bytes Sent By Job
	0  -  Run Bytes Received By Job
	0  -  Total Bytes Sent By Job
	0  -  Total Bytes Received By Job
	Partitionable Resources :    Usage  Request Allocated 
	   admin_mutex_1         :                           0 
	   admin_mutex_2         :                           0 
	   admin_mutex_3         :                           0 
	   Cpus                  :     0.97        1         1 
	   Disk (KB)             :    10        2048      3072 
	   GPUs                  :                           0 
	   machine_token         :                           0 
	   Memory (MB)           :   154        6000      6016 
	   TimeExecute (s)       :   540                       
	   TimeSlotBusy (s)      :   540                       

	Job terminated of its own accord at 2026-06-02T22:08:01Z with exit-code 0.
...
