000 (19535378.000.000) 2026-06-02 15:54:12 Job submitted from host: <10.128.10.103:9618?addrs=10.128.10.103-9618&alias=npx-submitter.icecube.wisc.edu&noUDP&sock=schedd_2449_6386>
    DAG Node: Drootprod_20210517_12992
...
001 (19535378.000.000) 2026-06-02 16:52:06 Job executing on host: <10.128.10.117:43719?addrs=10.128.10.117-43719&alias=n-gibyte-02.icecube.wisc.edu>
	SlotName: slot1_421@n-gibyte-02.icecube.wisc.edu
	admin_mutex_1 = 0
	admin_mutex_2 = 0
	admin_mutex_3 = 0
	CondorScratchDir = "/scratch/condor/dir_3544869"
	Cpus = 1
	Disk = 5480
	GPUs = 0
	machine_token = 0
	Memory = 6016
...
006 (19535378.000.000) 2026-06-02 16:52:20 Image size of job updated: 119644
	117  -  MemoryUsage of job (MB)
	119644  -  ResidentSetSize of job (KB)
...
006 (19535378.000.000) 2026-06-02 16:57:21 Image size of job updated: 149568
	147  -  MemoryUsage of job (MB)
	149568  -  ResidentSetSize of job (KB)
...
006 (19535378.000.000) 2026-06-02 17:02:21 Image size of job updated: 167480
	164  -  MemoryUsage of job (MB)
	167480  -  ResidentSetSize of job (KB)
...
006 (19535378.000.000) 2026-06-02 17:05:35 Image size of job updated: 183316
	164  -  MemoryUsage of job (MB)
	167480  -  ResidentSetSize of job (KB)
...
005 (19535378.000.000) 2026-06-02 17:05:35 Job terminated.
	(1) Normal termination (return value 0)
		Usr 0 00:12:30, Sys 0 00:00:09  -  Run Remote Usage
		Usr 0 00:00:00, Sys 0 00:00:00  -  Run Local Usage
		Usr 0 00:12:30, Sys 0 00:00:09  -  Total Remote Usage
		Usr 0 00:00:00, Sys 0 00:00:00  -  Total Local Usage
	0  -  Run Bytes Sent By Job
	0  -  Run Bytes Received By Job
	0  -  Total Bytes Sent By Job
	0  -  Total Bytes Received By Job
	Partitionable Resources :    Usage  Request Allocated 
	   admin_mutex_1         :                           0 
	   admin_mutex_2         :                           0 
	   admin_mutex_3         :                           0 
	   Cpus                  :     0.74        1         1 
	   Disk (KB)             :    10        2048      5480 
	   GPUs                  :                           0 
	   machine_token         :                           0 
	   Memory (MB)           :   164        6000      6016 
	   TimeExecute (s)       :   809                       
	   TimeSlotBusy (s)      :   810                       

	Job terminated of its own accord at 2026-06-02T22:05:35Z with exit-code 0.
...
