000 (19537610.000.000) 2026-06-02 15:59:22 Job submitted from host: <10.128.10.103:9618?addrs=10.128.10.103-9618&alias=npx-submitter.icecube.wisc.edu&noUDP&sock=schedd_2449_6386>
    DAG Node: Drootprod_20211031_75519
...
001 (19537610.000.000) 2026-06-02 17:40:23 Job executing on host: <10.128.11.115:42327?addrs=10.128.11.115-42327&alias=n-r720-55.icecube.wisc.edu>
	SlotName: slot1_21@n-r720-55.icecube.wisc.edu
	admin_mutex_1 = 0
	admin_mutex_2 = 0
	admin_mutex_3 = 0
	CondorScratchDir = "/scratch/condor/dir_274056"
	Cpus = 1
	Disk = 3072
	GPUs = 0
	machine_token = 0
	Memory = 6016
...
006 (19537610.000.000) 2026-06-02 17:40:37 Image size of job updated: 120288
	118  -  MemoryUsage of job (MB)
	120288  -  ResidentSetSize of job (KB)
...
006 (19537610.000.000) 2026-06-02 17:45:38 Image size of job updated: 150740
	148  -  MemoryUsage of job (MB)
	150740  -  ResidentSetSize of job (KB)
...
006 (19537610.000.000) 2026-06-02 17:50:38 Image size of job updated: 175088
	171  -  MemoryUsage of job (MB)
	175088  -  ResidentSetSize of job (KB)
...
006 (19537610.000.000) 2026-06-02 17:52:53 Image size of job updated: 298220
	171  -  MemoryUsage of job (MB)
	175088  -  ResidentSetSize of job (KB)
...
005 (19537610.000.000) 2026-06-02 17:52:53 Job terminated.
	(1) Normal termination (return value 0)
		Usr 0 00:11:49, Sys 0 00:00:09  -  Run Remote Usage
		Usr 0 00:00:00, Sys 0 00:00:00  -  Run Local Usage
		Usr 0 00:11:49, Sys 0 00:00:09  -  Total Remote Usage
		Usr 0 00:00:00, Sys 0 00:00:00  -  Total Local Usage
	0  -  Run Bytes Sent By Job
	0  -  Run Bytes Received By Job
	0  -  Total Bytes Sent By Job
	0  -  Total Bytes Received By Job
	Partitionable Resources :    Usage  Request Allocated 
	   admin_mutex_1         :                           0 
	   admin_mutex_2         :                           0 
	   admin_mutex_3         :                           0 
	   Cpus                  :     0.94        1         1 
	   Disk (KB)             :    12        2048      3072 
	   GPUs                  :                           0 
	   machine_token         :                           0 
	   Memory (MB)           :   171        6000      6016 
	   TimeExecute (s)       :   750                       
	   TimeSlotBusy (s)      :   750                       

	Job terminated of its own accord at 2026-06-02T22:52:53Z with exit-code 0.
...
