000 (19536852.000.000) 2026-06-02 15:57:22 Job submitted from host: <10.128.10.103:9618?addrs=10.128.10.103-9618&alias=npx-submitter.icecube.wisc.edu&noUDP&sock=schedd_2449_6386>
    DAG Node: Drootprod_20210828_89707
...
001 (19536852.000.000) 2026-06-02 17:27:54 Job executing on host: <10.128.10.166:41035?addrs=10.128.10.166-41035&alias=n-gpu-30.icecube.wisc.edu>
	SlotName: slot1_6@n-gpu-30.icecube.wisc.edu
	admin_mutex_1 = 0
	admin_mutex_2 = 0
	admin_mutex_3 = 0
	AvailableGPUs = {  }
	CondorScratchDir = "/scratch/condor/dir_2430931"
	Cpus = 1
	Disk = 3072
	GPUs = 0
	machine_token = 0
	Memory = 6016
...
006 (19536852.000.000) 2026-06-02 17:28:08 Image size of job updated: 122332
	120  -  MemoryUsage of job (MB)
	122332  -  ResidentSetSize of job (KB)
...
006 (19536852.000.000) 2026-06-02 17:33:08 Image size of job updated: 165164
	162  -  MemoryUsage of job (MB)
	165164  -  ResidentSetSize of job (KB)
...
006 (19536852.000.000) 2026-06-02 17:36:04 Image size of job updated: 299408
	162  -  MemoryUsage of job (MB)
	165164  -  ResidentSetSize of job (KB)
...
005 (19536852.000.000) 2026-06-02 17:36:04 Job terminated.
	(1) Normal termination (return value 0)
		Usr 0 00:07:40, Sys 0 00:00:06  -  Run Remote Usage
		Usr 0 00:00:00, Sys 0 00:00:00  -  Run Local Usage
		Usr 0 00:07:40, Sys 0 00:00:06  -  Total Remote Usage
		Usr 0 00:00:00, Sys 0 00:00:00  -  Total Local Usage
	0  -  Run Bytes Sent By Job
	0  -  Run Bytes Received By Job
	0  -  Total Bytes Sent By Job
	0  -  Total Bytes Received By Job
	Partitionable Resources :    Usage  Request Allocated 
	   admin_mutex_1         :                           0 
	   admin_mutex_2         :                           0 
	   admin_mutex_3         :                           0 
	   Cpus                  :     0.97        1         1 
	   Disk (KB)             :    10        2048      3072 
	   GPUs                  :                           0 
	   machine_token         :                           0 
	   Memory (MB)           :   162        6000      6016 
	   TimeExecute (s)       :   490                       
	   TimeSlotBusy (s)      :   490                       

	Job terminated of its own accord at 2026-06-02T22:36:04Z with exit-code 0.
...
