000 (19537147.000.000) 2026-06-02 15:58:03 Job submitted from host: <10.128.10.103:9618?addrs=10.128.10.103-9618&alias=npx-submitter.icecube.wisc.edu&noUDP&sock=schedd_2449_6386>
    DAG Node: Drootprod_20210918_45582
...
001 (19537147.000.000) 2026-06-02 17:32:36 Job executing on host: <10.128.10.31:41817?addrs=10.128.10.31-41817&alias=n-m610-21.icecube.wisc.edu>
	SlotName: slot1_3@n-m610-21.icecube.wisc.edu
	admin_mutex_1 = 0
	admin_mutex_2 = 0
	admin_mutex_3 = 0
	CondorScratchDir = "/scratch/condor/dir_1615996"
	Cpus = 1
	Disk = 3072
	GPUs = 0
	machine_token = 0
	Memory = 6016
...
006 (19537147.000.000) 2026-06-02 17:32:49 Image size of job updated: 121708
	119  -  MemoryUsage of job (MB)
	121708  -  ResidentSetSize of job (KB)
...
006 (19537147.000.000) 2026-06-02 17:37:49 Image size of job updated: 162580
	159  -  MemoryUsage of job (MB)
	162580  -  ResidentSetSize of job (KB)
...
006 (19537147.000.000) 2026-06-02 17:40:40 Image size of job updated: 296304
	159  -  MemoryUsage of job (MB)
	162580  -  ResidentSetSize of job (KB)
...
005 (19537147.000.000) 2026-06-02 17:40:40 Job terminated.
	(1) Normal termination (return value 0)
		Usr 0 00:07:33, Sys 0 00:00:07  -  Run Remote Usage
		Usr 0 00:00:00, Sys 0 00:00:00  -  Run Local Usage
		Usr 0 00:07:33, Sys 0 00:00:07  -  Total Remote Usage
		Usr 0 00:00:00, Sys 0 00:00:00  -  Total Local Usage
	0  -  Run Bytes Sent By Job
	0  -  Run Bytes Received By Job
	0  -  Total Bytes Sent By Job
	0  -  Total Bytes Received By Job
	Partitionable Resources :    Usage  Request Allocated 
	   admin_mutex_1         :                           0 
	   admin_mutex_2         :                           0 
	   admin_mutex_3         :                           0 
	   Cpus                  :     0.97        1         1 
	   Disk (KB)             :    10        2048      3072 
	   GPUs                  :                           0 
	   machine_token         :                           0 
	   Memory (MB)           :   159        6000      6016 
	   TimeExecute (s)       :   484                       
	   TimeSlotBusy (s)      :   485                       

	Job terminated of its own accord at 2026-06-02T22:40:40Z with exit-code 0.
...
