000 (19536858.000.000) 2026-06-02 15:57:23 Job submitted from host: <10.128.10.103:9618?addrs=10.128.10.103-9618&alias=npx-submitter.icecube.wisc.edu&noUDP&sock=schedd_2449_6386>
    DAG Node: Drootprod_20210829_73754
...
001 (19536858.000.000) 2026-06-02 17:27:57 Job executing on host: <10.128.10.188:45333?addrs=10.128.10.188-45333&alias=n-smepyc-01.icecube.wisc.edu>
	SlotName: slot1_22@n-smepyc-01.icecube.wisc.edu
	admin_mutex_1 = 0
	admin_mutex_2 = 0
	admin_mutex_3 = 0
	CondorScratchDir = "/scratch/condor/dir_2198"
	Cpus = 1
	Disk = 3072
	GPUs = 0
	machine_token = 0
	Memory = 6016
...
006 (19536858.000.000) 2026-06-02 17:28:10 Image size of job updated: 119196
	117  -  MemoryUsage of job (MB)
	119196  -  ResidentSetSize of job (KB)
...
006 (19536858.000.000) 2026-06-02 17:33:10 Image size of job updated: 173024
	169  -  MemoryUsage of job (MB)
	173024  -  ResidentSetSize of job (KB)
...
006 (19536858.000.000) 2026-06-02 17:34:14 Image size of job updated: 297352
	169  -  MemoryUsage of job (MB)
	173024  -  ResidentSetSize of job (KB)
...
005 (19536858.000.000) 2026-06-02 17:34:14 Job terminated.
	(1) Normal termination (return value 0)
		Usr 0 00:05:50, Sys 0 00:00:06  -  Run Remote Usage
		Usr 0 00:00:00, Sys 0 00:00:00  -  Run Local Usage
		Usr 0 00:05:50, Sys 0 00:00:06  -  Total Remote Usage
		Usr 0 00:00:00, Sys 0 00:00:00  -  Total Local Usage
	0  -  Run Bytes Sent By Job
	0  -  Run Bytes Received By Job
	0  -  Total Bytes Sent By Job
	0  -  Total Bytes Received By Job
	Partitionable Resources :    Usage  Request Allocated 
	   admin_mutex_1         :                           0 
	   admin_mutex_2         :                           0 
	   admin_mutex_3         :                           0 
	   Cpus                  :     0.93        1         1 
	   Disk (KB)             :    10        2048      3072 
	   GPUs                  :                           0 
	   machine_token         :                           0 
	   Memory (MB)           :   169        6000      6016 
	   TimeExecute (s)       :   377                       
	   TimeSlotBusy (s)      :   377                       

	Job terminated of its own accord at 2026-06-02T22:34:14Z with exit-code 0.
...
