000 (19537665.000.000) 2026-06-02 15:59:33 Job submitted from host: <10.128.10.103:9618?addrs=10.128.10.103-9618&alias=npx-submitter.icecube.wisc.edu&noUDP&sock=schedd_2449_6386>
    DAG Node: Drootprod_20211106_84387
...
001 (19537665.000.000) 2026-06-02 17:40:33 Job executing on host: <10.128.10.117:43719?addrs=10.128.10.117-43719&alias=n-gibyte-02.icecube.wisc.edu>
	SlotName: slot1_491@n-gibyte-02.icecube.wisc.edu
	admin_mutex_1 = 0
	admin_mutex_2 = 0
	admin_mutex_3 = 0
	CondorScratchDir = "/scratch/condor/dir_3750415"
	Cpus = 1
	Disk = 5480
	GPUs = 0
	machine_token = 0
	Memory = 6016
...
006 (19537665.000.000) 2026-06-02 17:40:47 Image size of job updated: 118804
	117  -  MemoryUsage of job (MB)
	118804  -  ResidentSetSize of job (KB)
...
006 (19537665.000.000) 2026-06-02 17:45:48 Image size of job updated: 142160
	139  -  MemoryUsage of job (MB)
	142160  -  ResidentSetSize of job (KB)
...
006 (19537665.000.000) 2026-06-02 17:50:48 Image size of job updated: 159360
	156  -  MemoryUsage of job (MB)
	159360  -  ResidentSetSize of job (KB)
...
006 (19537665.000.000) 2026-06-02 17:55:49 Image size of job updated: 173888
	170  -  MemoryUsage of job (MB)
	173888  -  ResidentSetSize of job (KB)
...
006 (19537665.000.000) 2026-06-02 17:59:08 Image size of job updated: 184696
	170  -  MemoryUsage of job (MB)
	173888  -  ResidentSetSize of job (KB)
...
005 (19537665.000.000) 2026-06-02 17:59:08 Job terminated.
	(1) Normal termination (return value 0)
		Usr 0 00:17:45, Sys 0 00:00:10  -  Run Remote Usage
		Usr 0 00:00:00, Sys 0 00:00:00  -  Run Local Usage
		Usr 0 00:17:45, Sys 0 00:00:10  -  Total Remote Usage
		Usr 0 00:00:00, Sys 0 00:00:00  -  Total Local Usage
	0  -  Run Bytes Sent By Job
	0  -  Run Bytes Received By Job
	0  -  Total Bytes Sent By Job
	0  -  Total Bytes Received By Job
	Partitionable Resources :    Usage  Request Allocated 
	   admin_mutex_1         :                           0 
	   admin_mutex_2         :                           0 
	   admin_mutex_3         :                           0 
	   Cpus                  :     0.99        1         1 
	   Disk (KB)             :    12        2048      5480 
	   GPUs                  :                           0 
	   machine_token         :                           0 
	   Memory (MB)           :   170        6000      6016 
	   TimeExecute (s)       :  1115                       
	   TimeSlotBusy (s)      :  1116                       

	Job terminated of its own accord at 2026-06-02T22:59:08Z with exit-code 0.
...
