000 (19536837.000.000) 2026-06-02 15:57:19 Job submitted from host: <10.128.10.103:9618?addrs=10.128.10.103-9618&alias=npx-submitter.icecube.wisc.edu&noUDP&sock=schedd_2449_6386>
    DAG Node: Drootprod_20210825_8330
...
001 (19536837.000.000) 2026-06-02 17:27:36 Job executing on host: <10.128.10.18:40229?addrs=10.128.10.18-40229&alias=n-m610-08.icecube.wisc.edu>
	SlotName: slot1_1@n-m610-08.icecube.wisc.edu
	admin_mutex_1 = 0
	admin_mutex_2 = 0
	admin_mutex_3 = 0
	CondorScratchDir = "/scratch/condor/dir_701365"
	Cpus = 1
	Disk = 3072
	GPUs = 0
	machine_token = 0
	Memory = 6016
...
006 (19536837.000.000) 2026-06-02 17:27:49 Image size of job updated: 121740
	119  -  MemoryUsage of job (MB)
	121740  -  ResidentSetSize of job (KB)
...
006 (19536837.000.000) 2026-06-02 17:32:49 Image size of job updated: 165480
	162  -  MemoryUsage of job (MB)
	165480  -  ResidentSetSize of job (KB)
...
006 (19536837.000.000) 2026-06-02 17:35:11 Image size of job updated: 294460
	162  -  MemoryUsage of job (MB)
	165480  -  ResidentSetSize of job (KB)
...
005 (19536837.000.000) 2026-06-02 17:35:11 Job terminated.
	(1) Normal termination (return value 0)
		Usr 0 00:07:07, Sys 0 00:00:06  -  Run Remote Usage
		Usr 0 00:00:00, Sys 0 00:00:00  -  Run Local Usage
		Usr 0 00:07:07, Sys 0 00:00:06  -  Total Remote Usage
		Usr 0 00:00:00, Sys 0 00:00:00  -  Total Local Usage
	0  -  Run Bytes Sent By Job
	0  -  Run Bytes Received By Job
	0  -  Total Bytes Sent By Job
	0  -  Total Bytes Received By Job
	Partitionable Resources :    Usage  Request Allocated 
	   admin_mutex_1         :                           0 
	   admin_mutex_2         :                           0 
	   admin_mutex_3         :                           0 
	   Cpus                  :     0.98        1         1 
	   Disk (KB)             :    10        2048      3072 
	   GPUs                  :                           0 
	   machine_token         :                           0 
	   Memory (MB)           :   162        6000      6016 
	   TimeExecute (s)       :   455                       
	   TimeSlotBusy (s)      :   456                       

	Job terminated of its own accord at 2026-06-02T22:35:11Z with exit-code 0.
...
