000 (19535463.000.000) 2026-06-02 15:54:24 Job submitted from host: <10.128.10.103:9618?addrs=10.128.10.103-9618&alias=npx-submitter.icecube.wisc.edu&noUDP&sock=schedd_2449_6386>
    DAG Node: Drootprod_20210524_40412
...
001 (19535463.000.000) 2026-06-02 16:53:45 Job executing on host: <10.128.10.238:43797?addrs=10.128.10.238-43797&alias=n-gpu-42.icecube.wisc.edu>
	SlotName: slot1_74@n-gpu-42.icecube.wisc.edu
	admin_mutex_1 = 0
	admin_mutex_2 = 0
	admin_mutex_3 = 0
	AvailableGPUs = {  }
	CondorScratchDir = "/scratch/condor/dir_2153446"
	Cpus = 1
	Disk = 3072
	GPUs = 0
	machine_token = 0
	Memory = 6016
...
006 (19535463.000.000) 2026-06-02 16:53:58 Image size of job updated: 121184
	119  -  MemoryUsage of job (MB)
	121184  -  ResidentSetSize of job (KB)
...
006 (19535463.000.000) 2026-06-02 16:58:58 Image size of job updated: 155208
	152  -  MemoryUsage of job (MB)
	155208  -  ResidentSetSize of job (KB)
...
006 (19535463.000.000) 2026-06-02 17:03:21 Image size of job updated: 181928
	152  -  MemoryUsage of job (MB)
	155208  -  ResidentSetSize of job (KB)
...
005 (19535463.000.000) 2026-06-02 17:03:21 Job terminated.
	(1) Normal termination (return value 0)
		Usr 0 00:08:44, Sys 0 00:00:08  -  Run Remote Usage
		Usr 0 00:00:00, Sys 0 00:00:00  -  Run Local Usage
		Usr 0 00:08:44, Sys 0 00:00:08  -  Total Remote Usage
		Usr 0 00:00:00, Sys 0 00:00:00  -  Total Local Usage
	0  -  Run Bytes Sent By Job
	0  -  Run Bytes Received By Job
	0  -  Total Bytes Sent By Job
	0  -  Total Bytes Received By Job
	Partitionable Resources :    Usage  Request Allocated 
	   admin_mutex_1         :                           0 
	   admin_mutex_2         :                           0 
	   admin_mutex_3         :                           0 
	   Cpus                  :     0.50        1         1 
	   Disk (KB)             :    10        2048      3072 
	   GPUs                  :                           0 
	   machine_token         :                           0 
	   Memory (MB)           :   152        6000      6016 
	   TimeExecute (s)       :   576                       
	   TimeSlotBusy (s)      :   577                       

	Job terminated of its own accord at 2026-06-02T22:03:21Z with exit-code 0.
...
