000 (19537851.000.000) 2026-06-02 16:00:16 Job submitted from host: <10.128.10.103:9618?addrs=10.128.10.103-9618&alias=npx-submitter.icecube.wisc.edu&noUDP&sock=schedd_2449_6386>
    DAG Node: Drootprod_20211128_68549
...
001 (19537851.000.000) 2026-06-02 17:42:09 Job executing on host: <10.128.10.190:46289?addrs=10.128.10.190-46289&alias=n-smepyc-03.icecube.wisc.edu>
	SlotName: slot1_56@n-smepyc-03.icecube.wisc.edu
	admin_mutex_1 = 0
	admin_mutex_2 = 0
	admin_mutex_3 = 0
	CondorScratchDir = "/scratch/condor/dir_3898881"
	Cpus = 1
	Disk = 3072
	GPUs = 0
	machine_token = 0
	Memory = 6016
...
006 (19537851.000.000) 2026-06-02 17:42:23 Image size of job updated: 122756
	120  -  MemoryUsage of job (MB)
	122756  -  ResidentSetSize of job (KB)
...
006 (19537851.000.000) 2026-06-02 17:47:24 Image size of job updated: 177660
	174  -  MemoryUsage of job (MB)
	177660  -  ResidentSetSize of job (KB)
...
006 (19537851.000.000) 2026-06-02 17:48:05 Image size of job updated: 184024
	174  -  MemoryUsage of job (MB)
	177660  -  ResidentSetSize of job (KB)
...
005 (19537851.000.000) 2026-06-02 17:48:05 Job terminated.
	(1) Normal termination (return value 0)
		Usr 0 00:05:28, Sys 0 00:00:06  -  Run Remote Usage
		Usr 0 00:00:00, Sys 0 00:00:00  -  Run Local Usage
		Usr 0 00:05:28, Sys 0 00:00:06  -  Total Remote Usage
		Usr 0 00:00:00, Sys 0 00:00:00  -  Total Local Usage
	0  -  Run Bytes Sent By Job
	0  -  Run Bytes Received By Job
	0  -  Total Bytes Sent By Job
	0  -  Total Bytes Received By Job
	Partitionable Resources :    Usage  Request Allocated 
	   admin_mutex_1         :                           0 
	   admin_mutex_2         :                           0 
	   admin_mutex_3         :                           0 
	   Cpus                  :     1.00        1         1 
	   Disk (KB)             :    15        2048      3072 
	   GPUs                  :                           0 
	   machine_token         :                           0 
	   Memory (MB)           :   174        6000      6016 
	   TimeExecute (s)       :   356                       
	   TimeSlotBusy (s)      :   356                       

	Job terminated of its own accord at 2026-06-02T22:48:05Z with exit-code 0.
...
