000 (19537763.000.000) 2026-06-02 15:59:55 Job submitted from host: <10.128.10.103:9618?addrs=10.128.10.103-9618&alias=npx-submitter.icecube.wisc.edu&noUDP&sock=schedd_2449_6386>
    DAG Node: Drootprod_20211117_39250
...
001 (19537763.000.000) 2026-06-02 17:41:28 Job executing on host: <10.128.11.29:39259?addrs=10.128.11.29-39259&alias=n-smbc-10.icecube.wisc.edu>
	SlotName: slot1_8@n-smbc-10.icecube.wisc.edu
	admin_mutex_1 = 0
	admin_mutex_2 = 0
	admin_mutex_3 = 0
	CondorScratchDir = "/scratch/condor/dir_28730"
	Cpus = 1
	Disk = 3072
	GPUs = 0
	machine_token = 0
	Memory = 6016
...
006 (19537763.000.000) 2026-06-02 17:41:41 Image size of job updated: 119304
	117  -  MemoryUsage of job (MB)
	119304  -  ResidentSetSize of job (KB)
...
006 (19537763.000.000) 2026-06-02 17:46:41 Image size of job updated: 149644
	147  -  MemoryUsage of job (MB)
	149644  -  ResidentSetSize of job (KB)
...
006 (19537763.000.000) 2026-06-02 17:51:42 Image size of job updated: 172992
	169  -  MemoryUsage of job (MB)
	172992  -  ResidentSetSize of job (KB)
...
006 (19537763.000.000) 2026-06-02 17:54:22 Image size of job updated: 184916
	169  -  MemoryUsage of job (MB)
	172992  -  ResidentSetSize of job (KB)
...
005 (19537763.000.000) 2026-06-02 17:54:22 Job terminated.
	(1) Normal termination (return value 0)
		Usr 0 00:12:13, Sys 0 00:00:07  -  Run Remote Usage
		Usr 0 00:00:00, Sys 0 00:00:00  -  Run Local Usage
		Usr 0 00:12:13, Sys 0 00:00:07  -  Total Remote Usage
		Usr 0 00:00:00, Sys 0 00:00:00  -  Total Local Usage
	0  -  Run Bytes Sent By Job
	0  -  Run Bytes Received By Job
	0  -  Total Bytes Sent By Job
	0  -  Total Bytes Received By Job
	Partitionable Resources :    Usage  Request Allocated 
	   admin_mutex_1         :                           0 
	   admin_mutex_2         :                           0 
	   admin_mutex_3         :                           0 
	   Cpus                  :     0.99        1         1 
	   Disk (KB)             :    12        2048      3072 
	   GPUs                  :                           0 
	   machine_token         :                           0 
	   Memory (MB)           :   169        6000      6016 
	   TimeExecute (s)       :   775                       
	   TimeSlotBusy (s)      :   775                       

	Job terminated of its own accord at 2026-06-02T22:54:22Z with exit-code 0.
...
