000 (19534818.000.000) 2026-06-02 15:53:06 Job submitted from host: <10.128.10.103:9618?addrs=10.128.10.103-9618&alias=npx-submitter.icecube.wisc.edu&noUDP&sock=schedd_2449_6386>
    DAG Node: Drootprod_20210413_8473
...
001 (19534818.000.000) 2026-06-02 16:41:24 Job executing on host: <10.128.10.115:33587?addrs=10.128.10.115-33587&alias=n-gibyte-00.icecube.wisc.edu>
	SlotName: slot1_328@n-gibyte-00.icecube.wisc.edu
	admin_mutex_1 = 0
	admin_mutex_2 = 0
	admin_mutex_3 = 0
	CondorScratchDir = "/scratch/condor/dir_2209375"
	Cpus = 1
	Disk = 5480
	GPUs = 0
	machine_token = 0
	Memory = 6016
...
006 (19534818.000.000) 2026-06-02 16:41:37 Image size of job updated: 119720
	117  -  MemoryUsage of job (MB)
	119720  -  ResidentSetSize of job (KB)
...
006 (19534818.000.000) 2026-06-02 16:46:37 Image size of job updated: 142276
	139  -  MemoryUsage of job (MB)
	142276  -  ResidentSetSize of job (KB)
...
006 (19534818.000.000) 2026-06-02 16:51:38 Image size of job updated: 164588
	161  -  MemoryUsage of job (MB)
	164588  -  ResidentSetSize of job (KB)
...
006 (19534818.000.000) 2026-06-02 16:56:38 Image size of job updated: 296668
	290  -  MemoryUsage of job (MB)
	296668  -  ResidentSetSize of job (KB)
...
006 (19534818.000.000) 2026-06-02 16:57:14 Image size of job updated: 298056
	290  -  MemoryUsage of job (MB)
	296668  -  ResidentSetSize of job (KB)
...
005 (19534818.000.000) 2026-06-02 16:57:14 Job terminated.
	(1) Normal termination (return value 0)
		Usr 0 00:15:05, Sys 0 00:00:10  -  Run Remote Usage
		Usr 0 00:00:00, Sys 0 00:00:00  -  Run Local Usage
		Usr 0 00:15:05, Sys 0 00:00:10  -  Total Remote Usage
		Usr 0 00:00:00, Sys 0 00:00:00  -  Total Local Usage
	0  -  Run Bytes Sent By Job
	0  -  Run Bytes Received By Job
	0  -  Total Bytes Sent By Job
	0  -  Total Bytes Received By Job
	Partitionable Resources :    Usage  Request Allocated 
	   admin_mutex_1         :                           0 
	   admin_mutex_2         :                           0 
	   admin_mutex_3         :                           0 
	   Cpus                  :     0.98        1         1 
	   Disk (KB)             :    10        2048      5480 
	   GPUs                  :                           0 
	   machine_token         :                           0 
	   Memory (MB)           :   290        6000      6016 
	   TimeExecute (s)       :   950                       
	   TimeSlotBusy (s)      :   951                       

	Job terminated of its own accord at 2026-06-02T21:57:14Z with exit-code 0.
...
