000 (19534240.000.000) 2026-06-02 15:52:04 Job submitted from host: <10.128.10.103:9618?addrs=10.128.10.103-9618&alias=npx-submitter.icecube.wisc.edu&noUDP&sock=schedd_2449_6386>
    DAG Node: Drootprod_20210313_62147
...
001 (19534240.000.000) 2026-06-02 16:30:28 Job executing on host: <10.128.10.64:34449?addrs=10.128.10.64-34449&alias=n-m620-54.icecube.wisc.edu>
	SlotName: slot1_2@n-m620-54.icecube.wisc.edu
	admin_mutex_1 = 0
	admin_mutex_2 = 0
	admin_mutex_3 = 0
	CondorScratchDir = "/scratch/condor/dir_246318"
	Cpus = 1
	Disk = 3072
	GPUs = 0
	machine_token = 0
	Memory = 6016
...
006 (19534240.000.000) 2026-06-02 16:30:42 Image size of job updated: 119632
	117  -  MemoryUsage of job (MB)
	119632  -  ResidentSetSize of job (KB)
...
006 (19534240.000.000) 2026-06-02 16:35:43 Image size of job updated: 144860
	142  -  MemoryUsage of job (MB)
	144860  -  ResidentSetSize of job (KB)
...
006 (19534240.000.000) 2026-06-02 16:40:44 Image size of job updated: 167660
	164  -  MemoryUsage of job (MB)
	167660  -  ResidentSetSize of job (KB)
...
006 (19534240.000.000) 2026-06-02 16:44:22 Image size of job updated: 297296
	164  -  MemoryUsage of job (MB)
	167660  -  ResidentSetSize of job (KB)
...
005 (19534240.000.000) 2026-06-02 16:44:22 Job terminated.
	(1) Normal termination (return value 0)
		Usr 0 00:13:04, Sys 0 00:00:09  -  Run Remote Usage
		Usr 0 00:00:00, Sys 0 00:00:00  -  Run Local Usage
		Usr 0 00:13:04, Sys 0 00:00:09  -  Total Remote Usage
		Usr 0 00:00:00, Sys 0 00:00:00  -  Total Local Usage
	0  -  Run Bytes Sent By Job
	0  -  Run Bytes Received By Job
	0  -  Total Bytes Sent By Job
	0  -  Total Bytes Received By Job
	Partitionable Resources :    Usage  Request Allocated 
	   admin_mutex_1         :                           0 
	   admin_mutex_2         :                           0 
	   admin_mutex_3         :                           0 
	   Cpus                  :     0.95        1         1 
	   Disk (KB)             :    12        2048      3072 
	   GPUs                  :                           0 
	   machine_token         :                           0 
	   Memory (MB)           :   164        6000      6016 
	   TimeExecute (s)       :   834                       
	   TimeSlotBusy (s)      :   834                       

	Job terminated of its own accord at 2026-06-02T21:44:22Z with exit-code 0.
...
