000 (19535984.000.000) 2026-06-02 15:55:31 Job submitted from host: <10.128.10.103:9618?addrs=10.128.10.103-9618&alias=npx-submitter.icecube.wisc.edu&noUDP&sock=schedd_2449_6386>
    DAG Node: Drootprod_20210629_48360
...
001 (19535984.000.000) 2026-06-02 17:11:16 Job executing on host: <10.128.10.117:43719?addrs=10.128.10.117-43719&alias=n-gibyte-02.icecube.wisc.edu>
	SlotName: slot1_477@n-gibyte-02.icecube.wisc.edu
	admin_mutex_1 = 0
	admin_mutex_2 = 0
	admin_mutex_3 = 0
	CondorScratchDir = "/scratch/condor/dir_3623214"
	Cpus = 1
	Disk = 5480
	GPUs = 0
	machine_token = 0
	Memory = 6016
...
006 (19535984.000.000) 2026-06-02 17:11:30 Image size of job updated: 118144
	116  -  MemoryUsage of job (MB)
	118144  -  ResidentSetSize of job (KB)
...
006 (19535984.000.000) 2026-06-02 17:16:31 Image size of job updated: 139164
	136  -  MemoryUsage of job (MB)
	139164  -  ResidentSetSize of job (KB)
...
006 (19535984.000.000) 2026-06-02 17:21:32 Image size of job updated: 157056
	154  -  MemoryUsage of job (MB)
	157056  -  ResidentSetSize of job (KB)
...
006 (19535984.000.000) 2026-06-02 17:24:25 Image size of job updated: 167160
	154  -  MemoryUsage of job (MB)
	157056  -  ResidentSetSize of job (KB)
...
005 (19535984.000.000) 2026-06-02 17:24:26 Job terminated.
	(1) Normal termination (return value 0)
		Usr 0 00:12:32, Sys 0 00:00:07  -  Run Remote Usage
		Usr 0 00:00:00, Sys 0 00:00:00  -  Run Local Usage
		Usr 0 00:12:32, Sys 0 00:00:07  -  Total Remote Usage
		Usr 0 00:00:00, Sys 0 00:00:00  -  Total Local Usage
	0  -  Run Bytes Sent By Job
	0  -  Run Bytes Received By Job
	0  -  Total Bytes Sent By Job
	0  -  Total Bytes Received By Job
	Partitionable Resources :    Usage  Request Allocated 
	   admin_mutex_1         :                           0 
	   admin_mutex_2         :                           0 
	   admin_mutex_3         :                           0 
	   Cpus                  :     0.97        1         1 
	   Disk (KB)             :     7        2048      5480 
	   GPUs                  :                           0 
	   machine_token         :                           0 
	   Memory (MB)           :   154        6000      6016 
	   TimeExecute (s)       :   789                       
	   TimeSlotBusy (s)      :   790                       

	Job terminated of its own accord at 2026-06-02T22:24:25Z with exit-code 0.
...
