000 (19535311.000.000) 2026-06-02 15:54:04 Job submitted from host: <10.128.10.103:9618?addrs=10.128.10.103-9618&alias=npx-submitter.icecube.wisc.edu&noUDP&sock=schedd_2449_6386>
    DAG Node: Drootprod_20210514_12156
...
001 (19535311.000.000) 2026-06-02 16:50:29 Job executing on host: <10.128.10.206:37305?addrs=10.128.10.206-37305&alias=sm-storage-1.icecube.wisc.edu>
	SlotName: slot1_45@sm-storage-1.icecube.wisc.edu
	admin_mutex_1 = 0
	admin_mutex_2 = 0
	admin_mutex_3 = 0
	CondorScratchDir = "/scratch/condor/dir_3870658"
	Cpus = 1
	Disk = 3072
	GPUs = 0
	machine_token = 0
	Memory = 6016
...
006 (19535311.000.000) 2026-06-02 16:50:43 Image size of job updated: 119392
	117  -  MemoryUsage of job (MB)
	119392  -  ResidentSetSize of job (KB)
...
006 (19535311.000.000) 2026-06-02 16:55:44 Image size of job updated: 143668
	141  -  MemoryUsage of job (MB)
	143668  -  ResidentSetSize of job (KB)
...
006 (19535311.000.000) 2026-06-02 17:00:45 Image size of job updated: 164268
	161  -  MemoryUsage of job (MB)
	164268  -  ResidentSetSize of job (KB)
...
006 (19535311.000.000) 2026-06-02 17:05:45 Image size of job updated: 184108
	180  -  MemoryUsage of job (MB)
	184108  -  ResidentSetSize of job (KB)
...
006 (19535311.000.000) 2026-06-02 17:07:16 Image size of job updated: 300036
	180  -  MemoryUsage of job (MB)
	184108  -  ResidentSetSize of job (KB)
...
005 (19535311.000.000) 2026-06-02 17:07:16 Job terminated.
	(1) Normal termination (return value 0)
		Usr 0 00:15:44, Sys 0 00:00:06  -  Run Remote Usage
		Usr 0 00:00:00, Sys 0 00:00:00  -  Run Local Usage
		Usr 0 00:15:44, Sys 0 00:00:06  -  Total Remote Usage
		Usr 0 00:00:00, Sys 0 00:00:00  -  Total Local Usage
	0  -  Run Bytes Sent By Job
	0  -  Run Bytes Received By Job
	0  -  Total Bytes Sent By Job
	0  -  Total Bytes Received By Job
	Partitionable Resources :    Usage  Request Allocated 
	   admin_mutex_1         :                           0 
	   admin_mutex_2         :                           0 
	   admin_mutex_3         :                           0 
	   Cpus                  :     0.99        1         1 
	   Disk (KB)             :    10        2048      3072 
	   GPUs                  :                           0 
	   machine_token         :                           0 
	   Memory (MB)           :   180        6000      6016 
	   TimeExecute (s)       :  1007                       
	   TimeSlotBusy (s)      :  1007                       

	Job terminated of its own accord at 2026-06-02T22:07:16Z with exit-code 0.
...
