000 (19534709.000.000) 2026-06-02 15:52:55 Job submitted from host: <10.128.10.103:9618?addrs=10.128.10.103-9618&alias=npx-submitter.icecube.wisc.edu&noUDP&sock=schedd_2449_6386>
    DAG Node: Drootprod_20210407_3430
...
001 (19534709.000.000) 2026-06-02 16:39:26 Job executing on host: <10.128.10.117:43719?addrs=10.128.10.117-43719&alias=n-gibyte-02.icecube.wisc.edu>
	SlotName: slot1_426@n-gibyte-02.icecube.wisc.edu
	admin_mutex_1 = 0
	admin_mutex_2 = 0
	admin_mutex_3 = 0
	CondorScratchDir = "/scratch/condor/dir_3491259"
	Cpus = 1
	Disk = 5480
	GPUs = 0
	machine_token = 0
	Memory = 6016
...
006 (19534709.000.000) 2026-06-02 16:39:39 Image size of job updated: 118828
	117  -  MemoryUsage of job (MB)
	118828  -  ResidentSetSize of job (KB)
...
006 (19534709.000.000) 2026-06-02 16:44:39 Image size of job updated: 144688
	142  -  MemoryUsage of job (MB)
	144688  -  ResidentSetSize of job (KB)
...
006 (19534709.000.000) 2026-06-02 16:49:40 Image size of job updated: 167076
	164  -  MemoryUsage of job (MB)
	167076  -  ResidentSetSize of job (KB)
...
006 (19534709.000.000) 2026-06-02 16:54:40 Image size of job updated: 298632
	292  -  MemoryUsage of job (MB)
	298632  -  ResidentSetSize of job (KB)
...
006 (19534709.000.000) 2026-06-02 16:54:56 Image size of job updated: 299300
	292  -  MemoryUsage of job (MB)
	298632  -  ResidentSetSize of job (KB)
...
005 (19534709.000.000) 2026-06-02 16:54:56 Job terminated.
	(1) Normal termination (return value 0)
		Usr 0 00:14:43, Sys 0 00:00:10  -  Run Remote Usage
		Usr 0 00:00:00, Sys 0 00:00:00  -  Run Local Usage
		Usr 0 00:14:43, Sys 0 00:00:10  -  Total Remote Usage
		Usr 0 00:00:00, Sys 0 00:00:00  -  Total Local Usage
	0  -  Run Bytes Sent By Job
	0  -  Run Bytes Received By Job
	0  -  Total Bytes Sent By Job
	0  -  Total Bytes Received By Job
	Partitionable Resources :    Usage  Request Allocated 
	   admin_mutex_1         :                           0 
	   admin_mutex_2         :                           0 
	   admin_mutex_3         :                           0 
	   Cpus                  :     0.90        1         1 
	   Disk (KB)             :    12        2048      5480 
	   GPUs                  :                           0 
	   machine_token         :                           0 
	   Memory (MB)           :   292        6000      6016 
	   TimeExecute (s)       :   930                       
	   TimeSlotBusy (s)      :   931                       

	Job terminated of its own accord at 2026-06-02T21:54:56Z with exit-code 0.
...
