000 (19535387.000.000) 2026-06-02 15:54:14 Job submitted from host: <10.128.10.103:9618?addrs=10.128.10.103-9618&alias=npx-submitter.icecube.wisc.edu&noUDP&sock=schedd_2449_6386>
    DAG Node: Drootprod_20210519_21688
...
001 (19535387.000.000) 2026-06-02 16:52:18 Job executing on host: <10.128.10.197:38115?addrs=10.128.10.197-38115&alias=n-18.icecube.wisc.edu>
	SlotName: slot1_7@n-18.icecube.wisc.edu
	admin_mutex_1 = 0
	admin_mutex_2 = 0
	admin_mutex_3 = 0
	CondorScratchDir = "/scratch/condor/dir_606150"
	Cpus = 1
	Disk = 3815
	GPUs = 0
	machine_token = 0
	Memory = 6016
...
006 (19535387.000.000) 2026-06-02 16:52:31 Image size of job updated: 119464
	117  -  MemoryUsage of job (MB)
	119464  -  ResidentSetSize of job (KB)
...
006 (19535387.000.000) 2026-06-02 16:57:31 Image size of job updated: 154780
	152  -  MemoryUsage of job (MB)
	154780  -  ResidentSetSize of job (KB)
...
006 (19535387.000.000) 2026-06-02 17:02:07 Image size of job updated: 183052
	152  -  MemoryUsage of job (MB)
	154780  -  ResidentSetSize of job (KB)
...
005 (19535387.000.000) 2026-06-02 17:02:07 Job terminated.
	(1) Normal termination (return value 0)
		Usr 0 00:09:00, Sys 0 00:00:08  -  Run Remote Usage
		Usr 0 00:00:00, Sys 0 00:00:00  -  Run Local Usage
		Usr 0 00:09:00, Sys 0 00:00:08  -  Total Remote Usage
		Usr 0 00:00:00, Sys 0 00:00:00  -  Total Local Usage
	0  -  Run Bytes Sent By Job
	0  -  Run Bytes Received By Job
	0  -  Total Bytes Sent By Job
	0  -  Total Bytes Received By Job
	Partitionable Resources :    Usage  Request Allocated 
	   admin_mutex_1         :                           0 
	   admin_mutex_2         :                           0 
	   admin_mutex_3         :                           0 
	   Cpus                  :     0.96        1         1 
	   Disk (KB)             :    10        2048      3815 
	   GPUs                  :                           0 
	   machine_token         :                           0 
	   Memory (MB)           :   152        6000      6016 
	   TimeExecute (s)       :   589                       
	   TimeSlotBusy (s)      :   589                       

	Job terminated of its own accord at 2026-06-02T22:02:07Z with exit-code 0.
...
