000 (19533258.000.000) 2026-06-02 15:50:00 Job submitted from host: <10.128.10.103:9618?addrs=10.128.10.103-9618&alias=npx-submitter.icecube.wisc.edu&noUDP&sock=schedd_2449_6386>
    DAG Node: Drootprod_20210105_76575
...
001 (19533258.000.000) 2026-06-02 16:10:16 Job executing on host: <10.128.10.189:44027?addrs=10.128.10.189-44027&alias=n-smepyc-02.icecube.wisc.edu>
	SlotName: slot1_8@n-smepyc-02.icecube.wisc.edu
	admin_mutex_1 = 0
	admin_mutex_2 = 0
	admin_mutex_3 = 0
	CondorScratchDir = "/scratch/condor/dir_299335"
	Cpus = 1
	Disk = 3072
	GPUs = 0
	machine_token = 0
	Memory = 6016
...
006 (19533258.000.000) 2026-06-02 16:10:29 Image size of job updated: 122068
	120  -  MemoryUsage of job (MB)
	122068  -  ResidentSetSize of job (KB)
...
006 (19533258.000.000) 2026-06-02 16:15:29 Image size of job updated: 171448
	168  -  MemoryUsage of job (MB)
	171448  -  ResidentSetSize of job (KB)
...
006 (19533258.000.000) 2026-06-02 16:17:03 Image size of job updated: 296600
	168  -  MemoryUsage of job (MB)
	171448  -  ResidentSetSize of job (KB)
...
005 (19533258.000.000) 2026-06-02 16:17:03 Job terminated.
	(1) Normal termination (return value 0)
		Usr 0 00:05:48, Sys 0 00:00:06  -  Run Remote Usage
		Usr 0 00:00:00, Sys 0 00:00:00  -  Run Local Usage
		Usr 0 00:05:48, Sys 0 00:00:06  -  Total Remote Usage
		Usr 0 00:00:00, Sys 0 00:00:00  -  Total Local Usage
	0  -  Run Bytes Sent By Job
	0  -  Run Bytes Received By Job
	0  -  Total Bytes Sent By Job
	0  -  Total Bytes Received By Job
	Partitionable Resources :    Usage  Request Allocated 
	   admin_mutex_1         :                           0 
	   admin_mutex_2         :                           0 
	   admin_mutex_3         :                           0 
	   Cpus                  :     0.94        1         1 
	   Disk (KB)             :    15        2048      3072 
	   GPUs                  :                           0 
	   machine_token         :                           0 
	   Memory (MB)           :   168        6000      6016 
	   TimeExecute (s)       :   407                       
	   TimeSlotBusy (s)      :   407                       

	Job terminated of its own accord at 2026-06-02T21:17:03Z with exit-code 0.
...
