000 (19537508.000.000) 2026-06-02 15:59:03 Job submitted from host: <10.128.10.103:9618?addrs=10.128.10.103-9618&alias=npx-submitter.icecube.wisc.edu&noUDP&sock=schedd_2449_6386>
    DAG Node: Drootprod_20211022_47499
...
001 (19537508.000.000) 2026-06-02 17:38:40 Job executing on host: <10.128.10.188:45333?addrs=10.128.10.188-45333&alias=n-smepyc-01.icecube.wisc.edu>
	SlotName: slot1_31@n-smepyc-01.icecube.wisc.edu
	admin_mutex_1 = 0
	admin_mutex_2 = 0
	admin_mutex_3 = 0
	CondorScratchDir = "/scratch/condor/dir_43790"
	Cpus = 1
	Disk = 3072
	GPUs = 0
	machine_token = 0
	Memory = 6016
...
006 (19537508.000.000) 2026-06-02 17:38:54 Image size of job updated: 122272
	120  -  MemoryUsage of job (MB)
	122272  -  ResidentSetSize of job (KB)
...
006 (19537508.000.000) 2026-06-02 17:43:55 Image size of job updated: 176788
	173  -  MemoryUsage of job (MB)
	176788  -  ResidentSetSize of job (KB)
...
006 (19537508.000.000) 2026-06-02 17:44:59 Image size of job updated: 300676
	173  -  MemoryUsage of job (MB)
	176788  -  ResidentSetSize of job (KB)
...
005 (19537508.000.000) 2026-06-02 17:44:59 Job terminated.
	(1) Normal termination (return value 0)
		Usr 0 00:05:52, Sys 0 00:00:06  -  Run Remote Usage
		Usr 0 00:00:00, Sys 0 00:00:00  -  Run Local Usage
		Usr 0 00:05:52, Sys 0 00:00:06  -  Total Remote Usage
		Usr 0 00:00:00, Sys 0 00:00:00  -  Total Local Usage
	0  -  Run Bytes Sent By Job
	0  -  Run Bytes Received By Job
	0  -  Total Bytes Sent By Job
	0  -  Total Bytes Received By Job
	Partitionable Resources :    Usage  Request Allocated 
	   admin_mutex_1         :                           0 
	   admin_mutex_2         :                           0 
	   admin_mutex_3         :                           0 
	   Cpus                  :     0.97        1         1 
	   Disk (KB)             :    10        2048      3072 
	   GPUs                  :                           0 
	   machine_token         :                           0 
	   Memory (MB)           :   173        6000      6016 
	   TimeExecute (s)       :   379                       
	   TimeSlotBusy (s)      :   379                       

	Job terminated of its own accord at 2026-06-02T22:44:59Z with exit-code 0.
...
