000 (19538049.000.000) 2026-06-02 16:01:14 Job submitted from host: <10.128.10.103:9618?addrs=10.128.10.103-9618&alias=npx-submitter.icecube.wisc.edu&noUDP&sock=schedd_2449_6386>
    DAG Node: Drootprod_20211230_54468
...
001 (19538049.000.000) 2026-06-02 17:43:57 Job executing on host: <10.128.10.187:34023?addrs=10.128.10.187-34023&alias=n-smepyc-00.icecube.wisc.edu>
	SlotName: slot1_3@n-smepyc-00.icecube.wisc.edu
	admin_mutex_1 = 0
	admin_mutex_2 = 0
	admin_mutex_3 = 0
	CondorScratchDir = "/scratch/condor/dir_2059705"
	Cpus = 1
	Disk = 3072
	GPUs = 0
	machine_token = 0
	Memory = 6016
...
006 (19538049.000.000) 2026-06-02 17:44:10 Image size of job updated: 121916
	120  -  MemoryUsage of job (MB)
	121916  -  ResidentSetSize of job (KB)
...
006 (19538049.000.000) 2026-06-02 17:49:10 Image size of job updated: 161400
	158  -  MemoryUsage of job (MB)
	161400  -  ResidentSetSize of job (KB)
...
006 (19538049.000.000) 2026-06-02 17:52:21 Image size of job updated: 179836
	158  -  MemoryUsage of job (MB)
	161400  -  ResidentSetSize of job (KB)
...
005 (19538049.000.000) 2026-06-02 17:52:21 Job terminated.
	(1) Normal termination (return value 0)
		Usr 0 00:07:55, Sys 0 00:00:06  -  Run Remote Usage
		Usr 0 00:00:00, Sys 0 00:00:00  -  Run Local Usage
		Usr 0 00:07:55, Sys 0 00:00:06  -  Total Remote Usage
		Usr 0 00:00:00, Sys 0 00:00:00  -  Total Local Usage
	0  -  Run Bytes Sent By Job
	0  -  Run Bytes Received By Job
	0  -  Total Bytes Sent By Job
	0  -  Total Bytes Received By Job
	Partitionable Resources :    Usage  Request Allocated 
	   admin_mutex_1         :                           0 
	   admin_mutex_2         :                           0 
	   admin_mutex_3         :                           0 
	   Cpus                  :     0.99        1         1 
	   Disk (KB)             :    15        2048      3072 
	   GPUs                  :                           0 
	   machine_token         :                           0 
	   Memory (MB)           :   158        6000      6016 
	   TimeExecute (s)       :   504                       
	   TimeSlotBusy (s)      :   505                       

	Job terminated of its own accord at 2026-06-02T22:52:21Z with exit-code 0.
...
