000 (19537939.000.000) 2026-06-02 16:00:39 Job submitted from host: <10.128.10.103:9618?addrs=10.128.10.103-9618&alias=npx-submitter.icecube.wisc.edu&noUDP&sock=schedd_2449_6386>
    DAG Node: Drootprod_20211211_10843
...
001 (19537939.000.000) 2026-06-02 17:43:17 Job executing on host: <10.128.10.189:44027?addrs=10.128.10.189-44027&alias=n-smepyc-02.icecube.wisc.edu>
	SlotName: slot1_66@n-smepyc-02.icecube.wisc.edu
	admin_mutex_1 = 0
	admin_mutex_2 = 0
	admin_mutex_3 = 0
	CondorScratchDir = "/scratch/condor/dir_659608"
	Cpus = 1
	Disk = 3072
	GPUs = 0
	machine_token = 0
	Memory = 6016
...
006 (19537939.000.000) 2026-06-02 17:43:31 Image size of job updated: 123212
	121  -  MemoryUsage of job (MB)
	123212  -  ResidentSetSize of job (KB)
...
006 (19537939.000.000) 2026-06-02 17:48:32 Image size of job updated: 173096
	170  -  MemoryUsage of job (MB)
	173096  -  ResidentSetSize of job (KB)
...
006 (19537939.000.000) 2026-06-02 17:50:26 Image size of job updated: 301708
	170  -  MemoryUsage of job (MB)
	173096  -  ResidentSetSize of job (KB)
...
005 (19537939.000.000) 2026-06-02 17:50:26 Job terminated.
	(1) Normal termination (return value 0)
		Usr 0 00:06:38, Sys 0 00:00:07  -  Run Remote Usage
		Usr 0 00:00:00, Sys 0 00:00:00  -  Run Local Usage
		Usr 0 00:06:38, Sys 0 00:00:07  -  Total Remote Usage
		Usr 0 00:00:00, Sys 0 00:00:00  -  Total Local Usage
	0  -  Run Bytes Sent By Job
	0  -  Run Bytes Received By Job
	0  -  Total Bytes Sent By Job
	0  -  Total Bytes Received By Job
	Partitionable Resources :    Usage  Request Allocated 
	   admin_mutex_1         :                           0 
	   admin_mutex_2         :                           0 
	   admin_mutex_3         :                           0 
	   Cpus                  :     0.99        1         1 
	   Disk (KB)             :    15        2048      3072 
	   GPUs                  :                           0 
	   machine_token         :                           0 
	   Memory (MB)           :   170        6000      6016 
	   TimeExecute (s)       :   429                       
	   TimeSlotBusy (s)      :   429                       

	Job terminated of its own accord at 2026-06-02T22:50:26Z with exit-code 0.
...
