000 (19536169.000.000) 2026-06-02 15:55:54 Job submitted from host: <10.128.10.103:9618?addrs=10.128.10.103-9618&alias=npx-submitter.icecube.wisc.edu&noUDP&sock=schedd_2449_6386>
    DAG Node: Drootprod_20210712_42066
...
001 (19536169.000.000) 2026-06-02 17:15:13 Job executing on host: <10.128.11.122:44867?addrs=10.128.11.122-44867&alias=n-r720-62.icecube.wisc.edu>
	SlotName: slot1_5@n-r720-62.icecube.wisc.edu
	admin_mutex_1 = 0
	admin_mutex_2 = 0
	admin_mutex_3 = 0
	CondorScratchDir = "/scratch/condor/dir_1351753"
	Cpus = 1
	Disk = 3072
	GPUs = 0
	machine_token = 0
	Memory = 6016
...
006 (19536169.000.000) 2026-06-02 17:15:27 Image size of job updated: 122516
	120  -  MemoryUsage of job (MB)
	122516  -  ResidentSetSize of job (KB)
...
006 (19536169.000.000) 2026-06-02 17:20:28 Image size of job updated: 173452
	170  -  MemoryUsage of job (MB)
	173452  -  ResidentSetSize of job (KB)
...
006 (19536169.000.000) 2026-06-02 17:21:35 Image size of job updated: 295488
	170  -  MemoryUsage of job (MB)
	173452  -  ResidentSetSize of job (KB)
...
005 (19536169.000.000) 2026-06-02 17:21:35 Job terminated.
	(1) Normal termination (return value 0)
		Usr 0 00:05:56, Sys 0 00:00:05  -  Run Remote Usage
		Usr 0 00:00:00, Sys 0 00:00:00  -  Run Local Usage
		Usr 0 00:05:56, Sys 0 00:00:05  -  Total Remote Usage
		Usr 0 00:00:00, Sys 0 00:00:00  -  Total Local Usage
	0  -  Run Bytes Sent By Job
	0  -  Run Bytes Received By Job
	0  -  Total Bytes Sent By Job
	0  -  Total Bytes Received By Job
	Partitionable Resources :    Usage  Request Allocated 
	   admin_mutex_1         :                           0 
	   admin_mutex_2         :                           0 
	   admin_mutex_3         :                           0 
	   Cpus                  :     0.96        1         1 
	   Disk (KB)             :    10        2048      3072 
	   GPUs                  :                           0 
	   machine_token         :                           0 
	   Memory (MB)           :   170        6000      6016 
	   TimeExecute (s)       :   382                       
	   TimeSlotBusy (s)      :   382                       

	Job terminated of its own accord at 2026-06-02T22:21:35Z with exit-code 0.
...
