000 (19533837.000.000) 2026-06-02 15:51:14 Job submitted from host: <10.128.10.103:9618?addrs=10.128.10.103-9618&alias=npx-submitter.icecube.wisc.edu&noUDP&sock=schedd_2449_6386>
    DAG Node: Drootprod_20210212_24455
...
001 (19533837.000.000) 2026-06-02 16:20:57 Job executing on host: <10.128.10.53:39595?addrs=10.128.10.53-39595&alias=n-m610-43.icecube.wisc.edu>
	SlotName: slot1_4@n-m610-43.icecube.wisc.edu
	admin_mutex_1 = 0
	admin_mutex_2 = 0
	admin_mutex_3 = 0
	CondorScratchDir = "/scratch/condor/dir_1401247"
	Cpus = 1
	Disk = 3072
	GPUs = 0
	machine_token = 0
	Memory = 6016
...
006 (19533837.000.000) 2026-06-02 16:21:10 Image size of job updated: 120368
	118  -  MemoryUsage of job (MB)
	120368  -  ResidentSetSize of job (KB)
...
006 (19533837.000.000) 2026-06-02 16:26:10 Image size of job updated: 159184
	156  -  MemoryUsage of job (MB)
	159184  -  ResidentSetSize of job (KB)
...
006 (19533837.000.000) 2026-06-02 16:29:30 Image size of job updated: 295064
	156  -  MemoryUsage of job (MB)
	159184  -  ResidentSetSize of job (KB)
...
005 (19533837.000.000) 2026-06-02 16:29:30 Job terminated.
	(1) Normal termination (return value 0)
		Usr 0 00:07:32, Sys 0 00:00:06  -  Run Remote Usage
		Usr 0 00:00:00, Sys 0 00:00:00  -  Run Local Usage
		Usr 0 00:07:32, Sys 0 00:00:06  -  Total Remote Usage
		Usr 0 00:00:00, Sys 0 00:00:00  -  Total Local Usage
	0  -  Run Bytes Sent By Job
	0  -  Run Bytes Received By Job
	0  -  Total Bytes Sent By Job
	0  -  Total Bytes Received By Job
	Partitionable Resources :    Usage  Request Allocated 
	   admin_mutex_1         :                           0 
	   admin_mutex_2         :                           0 
	   admin_mutex_3         :                           0 
	   Cpus                  :     0.95        1         1 
	   Disk (KB)             :    12        2048      3072 
	   GPUs                  :                           0 
	   machine_token         :                           0 
	   Memory (MB)           :   156        6000      6016 
	   TimeExecute (s)       :   513                       
	   TimeSlotBusy (s)      :   514                       

	Job terminated of its own accord at 2026-06-02T21:29:30Z with exit-code 0.
...
