000 (19537811.000.000) 2026-06-02 16:00:06 Job submitted from host: <10.128.10.103:9618?addrs=10.128.10.103-9618&alias=npx-submitter.icecube.wisc.edu&noUDP&sock=schedd_2449_6386>
    DAG Node: Drootprod_20211123_49597
...
001 (19537811.000.000) 2026-06-02 17:41:48 Job executing on host: <10.128.10.49:33425?addrs=10.128.10.49-33425&alias=n-m610-39.icecube.wisc.edu>
	SlotName: slot1_1@n-m610-39.icecube.wisc.edu
	admin_mutex_1 = 0
	admin_mutex_2 = 0
	admin_mutex_3 = 0
	CondorScratchDir = "/scratch/condor/dir_1451378"
	Cpus = 1
	Disk = 3072
	GPUs = 0
	machine_token = 0
	Memory = 6016
...
006 (19537811.000.000) 2026-06-02 17:42:02 Image size of job updated: 121844
	119  -  MemoryUsage of job (MB)
	121844  -  ResidentSetSize of job (KB)
...
006 (19537811.000.000) 2026-06-02 17:47:03 Image size of job updated: 157968
	155  -  MemoryUsage of job (MB)
	157968  -  ResidentSetSize of job (KB)
...
006 (19537811.000.000) 2026-06-02 17:50:44 Image size of job updated: 185780
	155  -  MemoryUsage of job (MB)
	157968  -  ResidentSetSize of job (KB)
...
005 (19537811.000.000) 2026-06-02 17:50:44 Job terminated.
	(1) Normal termination (return value 0)
		Usr 0 00:08:12, Sys 0 00:00:06  -  Run Remote Usage
		Usr 0 00:00:00, Sys 0 00:00:00  -  Run Local Usage
		Usr 0 00:08:12, Sys 0 00:00:06  -  Total Remote Usage
		Usr 0 00:00:00, Sys 0 00:00:00  -  Total Local Usage
	0  -  Run Bytes Sent By Job
	0  -  Run Bytes Received By Job
	0  -  Total Bytes Sent By Job
	0  -  Total Bytes Received By Job
	Partitionable Resources :    Usage  Request Allocated 
	   admin_mutex_1         :                           0 
	   admin_mutex_2         :                           0 
	   admin_mutex_3         :                           0 
	   Cpus                  :     0.93        1         1 
	   Disk (KB)             :    15        2048      3072 
	   GPUs                  :                           0 
	   machine_token         :                           0 
	   Memory (MB)           :   155        6000      6016 
	   TimeExecute (s)       :   536                       
	   TimeSlotBusy (s)      :   536                       

	Job terminated of its own accord at 2026-06-02T22:50:44Z with exit-code 0.
...
