000 (19537669.000.000) 2026-06-02 15:59:34 Job submitted from host: <10.128.10.103:9618?addrs=10.128.10.103-9618&alias=npx-submitter.icecube.wisc.edu&noUDP&sock=schedd_2449_6386>
    DAG Node: Drootprod_20211107_90394
...
001 (19537669.000.000) 2026-06-02 17:40:34 Job executing on host: <10.128.11.104:41225?addrs=10.128.11.104-41225&alias=n-r720-45.icecube.wisc.edu>
	SlotName: slot1_26@n-r720-45.icecube.wisc.edu
	admin_mutex_1 = 0
	admin_mutex_2 = 0
	admin_mutex_3 = 0
	CondorScratchDir = "/scratch/condor/dir_1321852"
	Cpus = 1
	Disk = 3717
	GPUs = 0
	machine_token = 0
	Memory = 6016
...
006 (19537669.000.000) 2026-06-02 17:40:48 Image size of job updated: 120552
	118  -  MemoryUsage of job (MB)
	120552  -  ResidentSetSize of job (KB)
...
006 (19537669.000.000) 2026-06-02 17:45:49 Image size of job updated: 149828
	147  -  MemoryUsage of job (MB)
	149828  -  ResidentSetSize of job (KB)
...
006 (19537669.000.000) 2026-06-02 17:50:50 Image size of job updated: 171072
	168  -  MemoryUsage of job (MB)
	171072  -  ResidentSetSize of job (KB)
...
006 (19537669.000.000) 2026-06-02 17:54:07 Image size of job updated: 295720
	168  -  MemoryUsage of job (MB)
	171072  -  ResidentSetSize of job (KB)
...
005 (19537669.000.000) 2026-06-02 17:54:07 Job terminated.
	(1) Normal termination (return value 0)
		Usr 0 00:12:49, Sys 0 00:00:08  -  Run Remote Usage
		Usr 0 00:00:00, Sys 0 00:00:00  -  Run Local Usage
		Usr 0 00:12:49, Sys 0 00:00:08  -  Total Remote Usage
		Usr 0 00:00:00, Sys 0 00:00:00  -  Total Local Usage
	0  -  Run Bytes Sent By Job
	0  -  Run Bytes Received By Job
	0  -  Total Bytes Sent By Job
	0  -  Total Bytes Received By Job
	Partitionable Resources :    Usage  Request Allocated 
	   admin_mutex_1         :                           0 
	   admin_mutex_2         :                           0 
	   admin_mutex_3         :                           0 
	   Cpus                  :     0.96        1         1 
	   Disk (KB)             :    15        2048      3717 
	   GPUs                  :                           0 
	   machine_token         :                           0 
	   Memory (MB)           :   168        6000      6016 
	   TimeExecute (s)       :   813                       
	   TimeSlotBusy (s)      :   813                       

	Job terminated of its own accord at 2026-06-02T22:54:07Z with exit-code 0.
...
