000 (19537941.000.000) 2026-06-02 16:00:40 Job submitted from host: <10.128.10.103:9618?addrs=10.128.10.103-9618&alias=npx-submitter.icecube.wisc.edu&noUDP&sock=schedd_2449_6386>
    DAG Node: Drootprod_20211212_75098
...
001 (19537941.000.000) 2026-06-02 17:43:29 Job executing on host: <10.128.10.117:43719?addrs=10.128.10.117-43719&alias=n-gibyte-02.icecube.wisc.edu>
	SlotName: slot1_499@n-gibyte-02.icecube.wisc.edu
	admin_mutex_1 = 0
	admin_mutex_2 = 0
	admin_mutex_3 = 0
	CondorScratchDir = "/scratch/condor/dir_3761565"
	Cpus = 1
	Disk = 5480
	GPUs = 0
	machine_token = 0
	Memory = 6016
...
006 (19537941.000.000) 2026-06-02 17:43:43 Image size of job updated: 118592
	116  -  MemoryUsage of job (MB)
	118592  -  ResidentSetSize of job (KB)
...
006 (19537941.000.000) 2026-06-02 17:48:44 Image size of job updated: 141676
	139  -  MemoryUsage of job (MB)
	141676  -  ResidentSetSize of job (KB)
...
006 (19537941.000.000) 2026-06-02 17:53:44 Image size of job updated: 155088
	152  -  MemoryUsage of job (MB)
	155088  -  ResidentSetSize of job (KB)
...
006 (19537941.000.000) 2026-06-02 17:58:45 Image size of job updated: 167348
	164  -  MemoryUsage of job (MB)
	167348  -  ResidentSetSize of job (KB)
...
006 (19537941.000.000) 2026-06-02 18:03:46 Image size of job updated: 183264
	179  -  MemoryUsage of job (MB)
	183264  -  ResidentSetSize of job (KB)
...
006 (19537941.000.000) 2026-06-02 18:04:21 Image size of job updated: 185048
	179  -  MemoryUsage of job (MB)
	183264  -  ResidentSetSize of job (KB)
...
005 (19537941.000.000) 2026-06-02 18:04:21 Job terminated.
	(1) Normal termination (return value 0)
		Usr 0 00:19:46, Sys 0 00:00:10  -  Run Remote Usage
		Usr 0 00:00:00, Sys 0 00:00:00  -  Run Local Usage
		Usr 0 00:19:46, Sys 0 00:00:10  -  Total Remote Usage
		Usr 0 00:00:00, Sys 0 00:00:00  -  Total Local Usage
	0  -  Run Bytes Sent By Job
	0  -  Run Bytes Received By Job
	0  -  Total Bytes Sent By Job
	0  -  Total Bytes Received By Job
	Partitionable Resources :    Usage  Request Allocated 
	   admin_mutex_1         :                           0 
	   admin_mutex_2         :                           0 
	   admin_mutex_3         :                           0 
	   Cpus                  :     0.98        1         1 
	   Disk (KB)             :    15        2048      5480 
	   GPUs                  :                           0 
	   machine_token         :                           0 
	   Memory (MB)           :   179        6000      6016 
	   TimeExecute (s)       :  1252                       
	   TimeSlotBusy (s)      :  1253                       

	Job terminated of its own accord at 2026-06-02T23:04:21Z with exit-code 0.
...
