000 (19534414.000.000) 2026-06-02 15:52:22 Job submitted from host: <10.128.10.103:9618?addrs=10.128.10.103-9618&alias=npx-submitter.icecube.wisc.edu&noUDP&sock=schedd_2449_6386>
    DAG Node: Drootprod_20210321_78385
...
001 (19534414.000.000) 2026-06-02 16:34:05 Job executing on host: <10.128.10.189:44027?addrs=10.128.10.189-44027&alias=n-smepyc-02.icecube.wisc.edu>
	SlotName: slot1_5@n-smepyc-02.icecube.wisc.edu
	admin_mutex_1 = 0
	admin_mutex_2 = 0
	admin_mutex_3 = 0
	CondorScratchDir = "/scratch/condor/dir_391637"
	Cpus = 1
	Disk = 3072
	GPUs = 0
	machine_token = 0
	Memory = 6016
...
006 (19534414.000.000) 2026-06-02 16:34:19 Image size of job updated: 122816
	120  -  MemoryUsage of job (MB)
	122816  -  ResidentSetSize of job (KB)
...
006 (19534414.000.000) 2026-06-02 16:39:20 Image size of job updated: 168284
	165  -  MemoryUsage of job (MB)
	168284  -  ResidentSetSize of job (KB)
...
006 (19534414.000.000) 2026-06-02 16:41:01 Image size of job updated: 200968
	165  -  MemoryUsage of job (MB)
	168284  -  ResidentSetSize of job (KB)
...
005 (19534414.000.000) 2026-06-02 16:41:01 Job terminated.
	(1) Normal termination (return value 0)
		Usr 0 00:06:19, Sys 0 00:00:05  -  Run Remote Usage
		Usr 0 00:00:00, Sys 0 00:00:00  -  Run Local Usage
		Usr 0 00:06:19, Sys 0 00:00:05  -  Total Remote Usage
		Usr 0 00:00:00, Sys 0 00:00:00  -  Total Local Usage
	0  -  Run Bytes Sent By Job
	0  -  Run Bytes Received By Job
	0  -  Total Bytes Sent By Job
	0  -  Total Bytes Received By Job
	Partitionable Resources :    Usage  Request Allocated 
	   admin_mutex_1         :                           0 
	   admin_mutex_2         :                           0 
	   admin_mutex_3         :                           0 
	   Cpus                  :     0.93        1         1 
	   Disk (KB)             :    10        2048      3072 
	   GPUs                  :                           0 
	   machine_token         :                           0 
	   Memory (MB)           :   165        6000      6016 
	   TimeExecute (s)       :   416                       
	   TimeSlotBusy (s)      :   416                       

	Job terminated of its own accord at 2026-06-02T21:41:01Z with exit-code 0.
...
