000 (19537850.000.000) 2026-06-02 16:00:15 Job submitted from host: <10.128.10.103:9618?addrs=10.128.10.103-9618&alias=npx-submitter.icecube.wisc.edu&noUDP&sock=schedd_2449_6386>
    DAG Node: Drootprod_20211127_56619
...
001 (19537850.000.000) 2026-06-02 17:42:09 Job executing on host: <10.128.10.188:45333?addrs=10.128.10.188-45333&alias=n-smepyc-01.icecube.wisc.edu>
	SlotName: slot1_39@n-smepyc-01.icecube.wisc.edu
	admin_mutex_1 = 0
	admin_mutex_2 = 0
	admin_mutex_3 = 0
	CondorScratchDir = "/scratch/condor/dir_55801"
	Cpus = 1
	Disk = 3072
	GPUs = 0
	machine_token = 0
	Memory = 6016
...
006 (19537850.000.000) 2026-06-02 17:42:24 Image size of job updated: 123000
	121  -  MemoryUsage of job (MB)
	123000  -  ResidentSetSize of job (KB)
...
006 (19537850.000.000) 2026-06-02 17:47:17 Image size of job updated: 168920
	121  -  MemoryUsage of job (MB)
	123000  -  ResidentSetSize of job (KB)
...
005 (19537850.000.000) 2026-06-02 17:47:17 Job terminated.
	(1) Normal termination (return value 0)
		Usr 0 00:04:44, Sys 0 00:00:04  -  Run Remote Usage
		Usr 0 00:00:00, Sys 0 00:00:00  -  Run Local Usage
		Usr 0 00:04:44, Sys 0 00:00:04  -  Total Remote Usage
		Usr 0 00:00:00, Sys 0 00:00:00  -  Total Local Usage
	0  -  Run Bytes Sent By Job
	0  -  Run Bytes Received By Job
	0  -  Total Bytes Sent By Job
	0  -  Total Bytes Received By Job
	Partitionable Resources :    Usage  Request Allocated 
	   admin_mutex_1         :                           0 
	   admin_mutex_2         :                           0 
	   admin_mutex_3         :                           0 
	   Cpus                  :     0.97        1         1 
	   Disk (KB)             :    10        2048      3072 
	   GPUs                  :                           0 
	   machine_token         :                           0 
	   Memory (MB)           :   121        6000      6016 
	   TimeExecute (s)       :   308                       
	   TimeSlotBusy (s)      :   308                       

	Job terminated of its own accord at 2026-06-02T22:47:17Z with exit-code 0.
...
