000 (19534407.000.000) 2026-06-02 15:52:21 Job submitted from host: <10.128.10.103:9618?addrs=10.128.10.103-9618&alias=npx-submitter.icecube.wisc.edu&noUDP&sock=schedd_2449_6386>
    DAG Node: Drootprod_20210320_95917
...
001 (19534407.000.000) 2026-06-02 16:33:53 Job executing on host: <10.128.10.189:44027?addrs=10.128.10.189-44027&alias=n-smepyc-02.icecube.wisc.edu>
	SlotName: slot1_4@n-smepyc-02.icecube.wisc.edu
	admin_mutex_1 = 0
	admin_mutex_2 = 0
	admin_mutex_3 = 0
	CondorScratchDir = "/scratch/condor/dir_391008"
	Cpus = 1
	Disk = 3072
	GPUs = 0
	machine_token = 0
	Memory = 6016
...
006 (19534407.000.000) 2026-06-02 16:34:07 Image size of job updated: 120012
	118  -  MemoryUsage of job (MB)
	120012  -  ResidentSetSize of job (KB)
...
006 (19534407.000.000) 2026-06-02 16:39:08 Image size of job updated: 175092
	171  -  MemoryUsage of job (MB)
	175092  -  ResidentSetSize of job (KB)
...
006 (19534407.000.000) 2026-06-02 16:39:53 Image size of job updated: 183812
	171  -  MemoryUsage of job (MB)
	175092  -  ResidentSetSize of job (KB)
...
005 (19534407.000.000) 2026-06-02 16:39:53 Job terminated.
	(1) Normal termination (return value 0)
		Usr 0 00:05:15, Sys 0 00:00:05  -  Run Remote Usage
		Usr 0 00:00:00, Sys 0 00:00:00  -  Run Local Usage
		Usr 0 00:05:15, Sys 0 00:00:05  -  Total Remote Usage
		Usr 0 00:00:00, Sys 0 00:00:00  -  Total Local Usage
	0  -  Run Bytes Sent By Job
	0  -  Run Bytes Received By Job
	0  -  Total Bytes Sent By Job
	0  -  Total Bytes Received By Job
	Partitionable Resources :    Usage  Request Allocated 
	   admin_mutex_1         :                           0 
	   admin_mutex_2         :                           0 
	   admin_mutex_3         :                           0 
	   Cpus                  :     1.00        1         1 
	   Disk (KB)             :    10        2048      3072 
	   GPUs                  :                           0 
	   machine_token         :                           0 
	   Memory (MB)           :   171        6000      6016 
	   TimeExecute (s)       :   360                       
	   TimeSlotBusy (s)      :   360                       

	Job terminated of its own accord at 2026-06-02T21:39:53Z with exit-code 0.
...
