000 (19533596.000.000) 2026-06-02 15:50:44 Job submitted from host: <10.128.10.103:9618?addrs=10.128.10.103-9618&alias=npx-submitter.icecube.wisc.edu&noUDP&sock=schedd_2449_6386>
    DAG Node: Drootprod_20210129_48534
...
001 (19533596.000.000) 2026-06-02 16:17:18 Job executing on host: <10.128.11.36:45179?addrs=10.128.11.36-45179&alias=n-smbc-17.icecube.wisc.edu>
	SlotName: slot1_9@n-smbc-17.icecube.wisc.edu
	admin_mutex_1 = 0
	admin_mutex_2 = 0
	admin_mutex_3 = 0
	CondorScratchDir = "/scratch/condor/dir_24481"
	Cpus = 1
	Disk = 3072
	GPUs = 0
	machine_token = 0
	Memory = 6016
...
006 (19533596.000.000) 2026-06-02 16:17:31 Image size of job updated: 121844
	119  -  MemoryUsage of job (MB)
	121844  -  ResidentSetSize of job (KB)
...
006 (19533596.000.000) 2026-06-02 16:22:31 Image size of job updated: 163408
	160  -  MemoryUsage of job (MB)
	163408  -  ResidentSetSize of job (KB)
...
006 (19533596.000.000) 2026-06-02 16:25:10 Image size of job updated: 294476
	160  -  MemoryUsage of job (MB)
	163408  -  ResidentSetSize of job (KB)
...
005 (19533596.000.000) 2026-06-02 16:25:10 Job terminated.
	(1) Normal termination (return value 0)
		Usr 0 00:06:58, Sys 0 00:00:04  -  Run Remote Usage
		Usr 0 00:00:00, Sys 0 00:00:00  -  Run Local Usage
		Usr 0 00:06:58, Sys 0 00:00:04  -  Total Remote Usage
		Usr 0 00:00:00, Sys 0 00:00:00  -  Total Local Usage
	0  -  Run Bytes Sent By Job
	0  -  Run Bytes Received By Job
	0  -  Total Bytes Sent By Job
	0  -  Total Bytes Received By Job
	Partitionable Resources :    Usage  Request Allocated 
	   admin_mutex_1         :                           0 
	   admin_mutex_2         :                           0 
	   admin_mutex_3         :                           0 
	   Cpus                  :     0.97        1         1 
	   Disk (KB)             :    12        2048      3072 
	   GPUs                  :                           0 
	   machine_token         :                           0 
	   Memory (MB)           :   160        6000      6016 
	   TimeExecute (s)       :   472                       
	   TimeSlotBusy (s)      :   472                       

	Job terminated of its own accord at 2026-06-02T21:25:10Z with exit-code 0.
...
