000 (19535306.000.000) 2026-06-02 15:54:03 Job submitted from host: <10.128.10.103:9618?addrs=10.128.10.103-9618&alias=npx-submitter.icecube.wisc.edu&noUDP&sock=schedd_2449_6386>
    DAG Node: Drootprod_20210513_13129
...
001 (19535306.000.000) 2026-06-02 16:50:29 Job executing on host: <10.128.10.31:41817?addrs=10.128.10.31-41817&alias=n-m610-21.icecube.wisc.edu>
	SlotName: slot1_3@n-m610-21.icecube.wisc.edu
	admin_mutex_1 = 0
	admin_mutex_2 = 0
	admin_mutex_3 = 0
	CondorScratchDir = "/scratch/condor/dir_1467870"
	Cpus = 1
	Disk = 3072
	GPUs = 0
	machine_token = 0
	Memory = 6016
...
006 (19535306.000.000) 2026-06-02 16:50:42 Image size of job updated: 97968
	96  -  MemoryUsage of job (MB)
	97968  -  ResidentSetSize of job (KB)
...
006 (19535306.000.000) 2026-06-02 16:55:42 Image size of job updated: 162896
	160  -  MemoryUsage of job (MB)
	162896  -  ResidentSetSize of job (KB)
...
006 (19535306.000.000) 2026-06-02 16:58:45 Image size of job updated: 299464
	160  -  MemoryUsage of job (MB)
	162896  -  ResidentSetSize of job (KB)
...
005 (19535306.000.000) 2026-06-02 16:58:45 Job terminated.
	(1) Normal termination (return value 0)
		Usr 0 00:07:35, Sys 0 00:00:06  -  Run Remote Usage
		Usr 0 00:00:00, Sys 0 00:00:00  -  Run Local Usage
		Usr 0 00:07:35, Sys 0 00:00:06  -  Total Remote Usage
		Usr 0 00:00:00, Sys 0 00:00:00  -  Total Local Usage
	0  -  Run Bytes Sent By Job
	0  -  Run Bytes Received By Job
	0  -  Total Bytes Sent By Job
	0  -  Total Bytes Received By Job
	Partitionable Resources :    Usage  Request Allocated 
	   admin_mutex_1         :                           0 
	   admin_mutex_2         :                           0 
	   admin_mutex_3         :                           0 
	   Cpus                  :     0.92        1         1 
	   Disk (KB)             :    10        2048      3072 
	   GPUs                  :                           0 
	   machine_token         :                           0 
	   Memory (MB)           :   160        6000      6016 
	   TimeExecute (s)       :   496                       
	   TimeSlotBusy (s)      :   496                       

	Job terminated of its own accord at 2026-06-02T21:58:45Z with exit-code 0.
...
