000 (19537227.000.000) 2026-06-02 15:58:16 Job submitted from host: <10.128.10.103:9618?addrs=10.128.10.103-9618&alias=npx-submitter.icecube.wisc.edu&noUDP&sock=schedd_2449_6386>
    DAG Node: Drootprod_20210925_61760
...
001 (19537227.000.000) 2026-06-02 17:34:22 Job executing on host: <10.128.10.187:34023?addrs=10.128.10.187-34023&alias=n-smepyc-00.icecube.wisc.edu>
	SlotName: slot1_69@n-smepyc-00.icecube.wisc.edu
	admin_mutex_1 = 0
	admin_mutex_2 = 0
	admin_mutex_3 = 0
	CondorScratchDir = "/scratch/condor/dir_2022287"
	Cpus = 1
	Disk = 3072
	GPUs = 0
	machine_token = 0
	Memory = 6016
...
006 (19537227.000.000) 2026-06-02 17:34:35 Image size of job updated: 121976
	120  -  MemoryUsage of job (MB)
	121976  -  ResidentSetSize of job (KB)
...
006 (19537227.000.000) 2026-06-02 17:39:35 Image size of job updated: 163480
	160  -  MemoryUsage of job (MB)
	163480  -  ResidentSetSize of job (KB)
...
006 (19537227.000.000) 2026-06-02 17:43:42 Image size of job updated: 303460
	160  -  MemoryUsage of job (MB)
	163480  -  ResidentSetSize of job (KB)
...
005 (19537227.000.000) 2026-06-02 17:43:42 Job terminated.
	(1) Normal termination (return value 0)
		Usr 0 00:08:51, Sys 0 00:00:07  -  Run Remote Usage
		Usr 0 00:00:00, Sys 0 00:00:00  -  Run Local Usage
		Usr 0 00:08:51, Sys 0 00:00:07  -  Total Remote Usage
		Usr 0 00:00:00, Sys 0 00:00:00  -  Total Local Usage
	0  -  Run Bytes Sent By Job
	0  -  Run Bytes Received By Job
	0  -  Total Bytes Sent By Job
	0  -  Total Bytes Received By Job
	Partitionable Resources :    Usage  Request Allocated 
	   admin_mutex_1         :                           0 
	   admin_mutex_2         :                           0 
	   admin_mutex_3         :                           0 
	   Cpus                  :     0.98        1         1 
	   Disk (KB)             :    10        2048      3072 
	   GPUs                  :                           0 
	   machine_token         :                           0 
	   Memory (MB)           :   160        6000      6016 
	   TimeExecute (s)       :   560                       
	   TimeSlotBusy (s)      :   561                       

	Job terminated of its own accord at 2026-06-02T22:43:42Z with exit-code 0.
...
