000 (19536007.000.000) 2026-06-02 15:55:34 Job submitted from host: <10.128.10.103:9618?addrs=10.128.10.103-9618&alias=npx-submitter.icecube.wisc.edu&noUDP&sock=schedd_2449_6386>
    DAG Node: Drootprod_20210702_86159
...
001 (19536007.000.000) 2026-06-02 17:11:33 Job executing on host: <10.128.10.115:33587?addrs=10.128.10.115-33587&alias=n-gibyte-00.icecube.wisc.edu>
	SlotName: slot1_470@n-gibyte-00.icecube.wisc.edu
	admin_mutex_1 = 0
	admin_mutex_2 = 0
	admin_mutex_3 = 0
	CondorScratchDir = "/scratch/condor/dir_2329954"
	Cpus = 1
	Disk = 5480
	GPUs = 0
	machine_token = 0
	Memory = 6016
...
006 (19536007.000.000) 2026-06-02 17:11:48 Image size of job updated: 119952
	118  -  MemoryUsage of job (MB)
	119952  -  ResidentSetSize of job (KB)
...
006 (19536007.000.000) 2026-06-02 17:16:48 Image size of job updated: 149612
	147  -  MemoryUsage of job (MB)
	149612  -  ResidentSetSize of job (KB)
...
006 (19536007.000.000) 2026-06-02 17:21:49 Image size of job updated: 173788
	170  -  MemoryUsage of job (MB)
	173788  -  ResidentSetSize of job (KB)
...
006 (19536007.000.000) 2026-06-02 17:24:13 Image size of job updated: 296340
	170  -  MemoryUsage of job (MB)
	173788  -  ResidentSetSize of job (KB)
...
005 (19536007.000.000) 2026-06-02 17:24:13 Job terminated.
	(1) Normal termination (return value 0)
		Usr 0 00:11:57, Sys 0 00:00:09  -  Run Remote Usage
		Usr 0 00:00:00, Sys 0 00:00:00  -  Run Local Usage
		Usr 0 00:11:57, Sys 0 00:00:09  -  Total Remote Usage
		Usr 0 00:00:00, Sys 0 00:00:00  -  Total Local Usage
	0  -  Run Bytes Sent By Job
	0  -  Run Bytes Received By Job
	0  -  Total Bytes Sent By Job
	0  -  Total Bytes Received By Job
	Partitionable Resources :    Usage  Request Allocated 
	   admin_mutex_1         :                           0 
	   admin_mutex_2         :                           0 
	   admin_mutex_3         :                           0 
	   Cpus                  :     0.97        1         1 
	   Disk (KB)             :    10        2048      5480 
	   GPUs                  :                           0 
	   machine_token         :                           0 
	   Memory (MB)           :   170        6000      6016 
	   TimeExecute (s)       :   760                       
	   TimeSlotBusy (s)      :   760                       

	Job terminated of its own accord at 2026-06-02T22:24:13Z with exit-code 0.
...
