000 (19533658.000.000) 2026-06-02 15:50:52 Job submitted from host: <10.128.10.103:9618?addrs=10.128.10.103-9618&alias=npx-submitter.icecube.wisc.edu&noUDP&sock=schedd_2449_6386>
    DAG Node: Drootprod_20210131_78872
...
001 (19533658.000.000) 2026-06-02 16:18:45 Job executing on host: <10.128.11.45:36567?addrs=10.128.11.45-36567&alias=n-smbc-26.icecube.wisc.edu>
	SlotName: slot1_15@n-smbc-26.icecube.wisc.edu
	admin_mutex_1 = 0
	admin_mutex_2 = 0
	admin_mutex_3 = 0
	CondorScratchDir = "/scratch/condor/dir_2637365"
	Cpus = 1
	Disk = 3072
	GPUs = 0
	machine_token = 0
	Memory = 6016
...
006 (19533658.000.000) 2026-06-02 16:18:59 Image size of job updated: 46872
	46  -  MemoryUsage of job (MB)
	46872  -  ResidentSetSize of job (KB)
...
006 (19533658.000.000) 2026-06-02 16:24:00 Image size of job updated: 127116
	125  -  MemoryUsage of job (MB)
	127116  -  ResidentSetSize of job (KB)
...
006 (19533658.000.000) 2026-06-02 16:29:01 Image size of job updated: 130512
	128  -  MemoryUsage of job (MB)
	130512  -  ResidentSetSize of job (KB)
...
006 (19533658.000.000) 2026-06-02 16:34:01 Image size of job updated: 134348
	132  -  MemoryUsage of job (MB)
	134348  -  ResidentSetSize of job (KB)
...
006 (19533658.000.000) 2026-06-02 16:39:01 Image size of job updated: 136128
	133  -  MemoryUsage of job (MB)
	136128  -  ResidentSetSize of job (KB)
...
006 (19533658.000.000) 2026-06-02 16:44:02 Image size of job updated: 138684
	136  -  MemoryUsage of job (MB)
	138684  -  ResidentSetSize of job (KB)
...
006 (19533658.000.000) 2026-06-02 16:49:02 Image size of job updated: 140776
	138  -  MemoryUsage of job (MB)
	140776  -  ResidentSetSize of job (KB)
...
006 (19533658.000.000) 2026-06-02 16:54:03 Image size of job updated: 143924
	141  -  MemoryUsage of job (MB)
	143924  -  ResidentSetSize of job (KB)
...
006 (19533658.000.000) 2026-06-02 16:59:04 Image size of job updated: 149760
	147  -  MemoryUsage of job (MB)
	149760  -  ResidentSetSize of job (KB)
...
006 (19533658.000.000) 2026-06-02 17:04:04 Image size of job updated: 150848
	148  -  MemoryUsage of job (MB)
	150848  -  ResidentSetSize of job (KB)
...
006 (19533658.000.000) 2026-06-02 17:09:05 Image size of job updated: 152828
	150  -  MemoryUsage of job (MB)
	152828  -  ResidentSetSize of job (KB)
...
006 (19533658.000.000) 2026-06-02 17:14:05 Image size of job updated: 155152
	152  -  MemoryUsage of job (MB)
	155152  -  ResidentSetSize of job (KB)
...
006 (19533658.000.000) 2026-06-02 17:19:06 Image size of job updated: 157636
	154  -  MemoryUsage of job (MB)
	157636  -  ResidentSetSize of job (KB)
...
006 (19533658.000.000) 2026-06-02 17:24:06 Image size of job updated: 159816
	157  -  MemoryUsage of job (MB)
	159816  -  ResidentSetSize of job (KB)
...
006 (19533658.000.000) 2026-06-02 17:29:07 Image size of job updated: 162620
	159  -  MemoryUsage of job (MB)
	162620  -  ResidentSetSize of job (KB)
...
006 (19533658.000.000) 2026-06-02 17:34:07 Image size of job updated: 165788
	162  -  MemoryUsage of job (MB)
	165788  -  ResidentSetSize of job (KB)
...
006 (19533658.000.000) 2026-06-02 17:39:08 Image size of job updated: 172124
	169  -  MemoryUsage of job (MB)
	172124  -  ResidentSetSize of job (KB)
...
006 (19533658.000.000) 2026-06-02 17:44:09 Image size of job updated: 179164
	175  -  MemoryUsage of job (MB)
	179164  -  ResidentSetSize of job (KB)
...
006 (19533658.000.000) 2026-06-02 17:48:18 Image size of job updated: 296296
	175  -  MemoryUsage of job (MB)
	179164  -  ResidentSetSize of job (KB)
...
005 (19533658.000.000) 2026-06-02 17:48:18 Job terminated.
	(1) Normal termination (return value 0)
		Usr 0 01:26:55, Sys 0 00:00:36  -  Run Remote Usage
		Usr 0 00:00:00, Sys 0 00:00:00  -  Run Local Usage
		Usr 0 01:26:55, Sys 0 00:00:36  -  Total Remote Usage
		Usr 0 00:00:00, Sys 0 00:00:00  -  Total Local Usage
	0  -  Run Bytes Sent By Job
	0  -  Run Bytes Received By Job
	0  -  Total Bytes Sent By Job
	0  -  Total Bytes Received By Job
	Partitionable Resources :    Usage  Request Allocated 
	   admin_mutex_1         :                           0 
	   admin_mutex_2         :                           0 
	   admin_mutex_3         :                           0 
	   Cpus                  :     0.97        1         1 
	   Disk (KB)             :    12        2048      3072 
	   GPUs                  :                           0 
	   machine_token         :                           0 
	   Memory (MB)           :   175        6000      6016 
	   TimeExecute (s)       :  5373                       
	   TimeSlotBusy (s)      :  5373                       

	Job terminated of its own accord at 2026-06-02T22:48:18Z with exit-code 0.
...
