000 (19537363.000.000) 2026-06-02 15:58:38 Job submitted from host: <10.128.10.103:9618?addrs=10.128.10.103-9618&alias=npx-submitter.icecube.wisc.edu&noUDP&sock=schedd_2449_6386>
    DAG Node: Drootprod_20211007_931
...
001 (19537363.000.000) 2026-06-02 17:36:38 Job executing on host: <10.128.10.117:43719?addrs=10.128.10.117-43719&alias=n-gibyte-02.icecube.wisc.edu>
	SlotName: slot1_412@n-gibyte-02.icecube.wisc.edu
	admin_mutex_1 = 0
	admin_mutex_2 = 0
	admin_mutex_3 = 0
	CondorScratchDir = "/scratch/condor/dir_3733253"
	Cpus = 1
	Disk = 5480
	GPUs = 0
	machine_token = 0
	Memory = 6016
...
006 (19537363.000.000) 2026-06-02 17:36:52 Image size of job updated: 119432
	117  -  MemoryUsage of job (MB)
	119432  -  ResidentSetSize of job (KB)
...
006 (19537363.000.000) 2026-06-02 17:41:53 Image size of job updated: 142024
	139  -  MemoryUsage of job (MB)
	142024  -  ResidentSetSize of job (KB)
...
006 (19537363.000.000) 2026-06-02 17:46:53 Image size of job updated: 163340
	160  -  MemoryUsage of job (MB)
	163340  -  ResidentSetSize of job (KB)
...
006 (19537363.000.000) 2026-06-02 17:51:54 Image size of job updated: 178216
	175  -  MemoryUsage of job (MB)
	178216  -  ResidentSetSize of job (KB)
...
006 (19537363.000.000) 2026-06-02 17:52:32 Image size of job updated: 198144
	175  -  MemoryUsage of job (MB)
	178216  -  ResidentSetSize of job (KB)
...
005 (19537363.000.000) 2026-06-02 17:52:32 Job terminated.
	(1) Normal termination (return value 0)
		Usr 0 00:15:10, Sys 0 00:00:09  -  Run Remote Usage
		Usr 0 00:00:00, Sys 0 00:00:00  -  Run Local Usage
		Usr 0 00:15:10, Sys 0 00:00:09  -  Total Remote Usage
		Usr 0 00:00:00, Sys 0 00:00:00  -  Total Local Usage
	0  -  Run Bytes Sent By Job
	0  -  Run Bytes Received By Job
	0  -  Total Bytes Sent By Job
	0  -  Total Bytes Received By Job
	Partitionable Resources :    Usage  Request Allocated 
	   admin_mutex_1         :                           0 
	   admin_mutex_2         :                           0 
	   admin_mutex_3         :                           0 
	   Cpus                  :     0.77        1         1 
	   Disk (KB)             :    10        2048      5480 
	   GPUs                  :                           0 
	   machine_token         :                           0 
	   Memory (MB)           :   175        6000      6016 
	   TimeExecute (s)       :   954                       
	   TimeSlotBusy (s)      :   955                       

	Job terminated of its own accord at 2026-06-02T22:52:32Z with exit-code 0.
...
