000 (19537108.000.000) 2026-06-02 15:57:57 Job submitted from host: <10.128.10.103:9618?addrs=10.128.10.103-9618&alias=npx-submitter.icecube.wisc.edu&noUDP&sock=schedd_2449_6386>
    DAG Node: Drootprod_20210917_41969
...
001 (19537108.000.000) 2026-06-02 17:32:26 Job executing on host: <10.128.10.187:34023?addrs=10.128.10.187-34023&alias=n-smepyc-00.icecube.wisc.edu>
	SlotName: slot1_27@n-smepyc-00.icecube.wisc.edu
	admin_mutex_1 = 0
	admin_mutex_2 = 0
	admin_mutex_3 = 0
	CondorScratchDir = "/scratch/condor/dir_2014324"
	Cpus = 1
	Disk = 3072
	GPUs = 0
	machine_token = 0
	Memory = 6016
...
006 (19537108.000.000) 2026-06-02 17:32:40 Image size of job updated: 122168
	120  -  MemoryUsage of job (MB)
	122168  -  ResidentSetSize of job (KB)
...
006 (19537108.000.000) 2026-06-02 17:37:41 Image size of job updated: 171680
	168  -  MemoryUsage of job (MB)
	171680  -  ResidentSetSize of job (KB)
...
006 (19537108.000.000) 2026-06-02 17:39:09 Image size of job updated: 294468
	168  -  MemoryUsage of job (MB)
	171680  -  ResidentSetSize of job (KB)
...
005 (19537108.000.000) 2026-06-02 17:39:09 Job terminated.
	(1) Normal termination (return value 0)
		Usr 0 00:06:16, Sys 0 00:00:07  -  Run Remote Usage
		Usr 0 00:00:00, Sys 0 00:00:00  -  Run Local Usage
		Usr 0 00:06:16, Sys 0 00:00:07  -  Total Remote Usage
		Usr 0 00:00:00, Sys 0 00:00:00  -  Total Local Usage
	0  -  Run Bytes Sent By Job
	0  -  Run Bytes Received By Job
	0  -  Total Bytes Sent By Job
	0  -  Total Bytes Received By Job
	Partitionable Resources :    Usage  Request Allocated 
	   admin_mutex_1         :                           0 
	   admin_mutex_2         :                           0 
	   admin_mutex_3         :                           0 
	   Cpus                  :     0.98        1         1 
	   Disk (KB)             :    12        2048      3072 
	   GPUs                  :                           0 
	   machine_token         :                           0 
	   Memory (MB)           :   168        6000      6016 
	   TimeExecute (s)       :   403                       
	   TimeSlotBusy (s)      :   403                       

	Job terminated of its own accord at 2026-06-02T22:39:09Z with exit-code 0.
...
