000 (19533412.000.000) 2026-06-02 15:50:20 Job submitted from host: <10.128.10.103:9618?addrs=10.128.10.103-9618&alias=npx-submitter.icecube.wisc.edu&noUDP&sock=schedd_2449_6386>
    DAG Node: Drootprod_20210115_61218
...
001 (19533412.000.000) 2026-06-02 16:13:40 Job executing on host: <10.128.10.117:43719?addrs=10.128.10.117-43719&alias=n-gibyte-02.icecube.wisc.edu>
	SlotName: slot1_177@n-gibyte-02.icecube.wisc.edu
	admin_mutex_1 = 0
	admin_mutex_2 = 0
	admin_mutex_3 = 0
	CondorScratchDir = "/scratch/condor/dir_3388689"
	Cpus = 1
	Disk = 5480
	GPUs = 0
	machine_token = 0
	Memory = 6016
...
006 (19533412.000.000) 2026-06-02 16:13:54 Image size of job updated: 118464
	116  -  MemoryUsage of job (MB)
	118464  -  ResidentSetSize of job (KB)
...
006 (19533412.000.000) 2026-06-02 16:18:55 Image size of job updated: 144304
	141  -  MemoryUsage of job (MB)
	144304  -  ResidentSetSize of job (KB)
...
006 (19533412.000.000) 2026-06-02 16:23:55 Image size of job updated: 163648
	160  -  MemoryUsage of job (MB)
	163648  -  ResidentSetSize of job (KB)
...
006 (19533412.000.000) 2026-06-02 16:28:56 Image size of job updated: 294540
	288  -  MemoryUsage of job (MB)
	294540  -  ResidentSetSize of job (KB)
...
005 (19533412.000.000) 2026-06-02 16:28:57 Job terminated.
	(1) Normal termination (return value 0)
		Usr 0 00:13:57, Sys 0 00:00:10  -  Run Remote Usage
		Usr 0 00:00:00, Sys 0 00:00:00  -  Run Local Usage
		Usr 0 00:13:57, Sys 0 00:00:10  -  Total Remote Usage
		Usr 0 00:00:00, Sys 0 00:00:00  -  Total Local Usage
	0  -  Run Bytes Sent By Job
	0  -  Run Bytes Received By Job
	0  -  Total Bytes Sent By Job
	0  -  Total Bytes Received By Job
	Partitionable Resources :    Usage  Request Allocated 
	   admin_mutex_1         :                           0 
	   admin_mutex_2         :                           0 
	   admin_mutex_3         :                           0 
	   Cpus                  :     0.90        1         1 
	   Disk (KB)             :    15        2048      5480 
	   GPUs                  :                           0 
	   machine_token         :                           0 
	   Memory (MB)           :   288        6000      6016 
	   TimeExecute (s)       :   917                       
	   TimeSlotBusy (s)      :   918                       

	Job terminated of its own accord at 2026-06-02T21:28:57Z with exit-code 0.
...
