000 (19536066.000.000) 2026-06-02 15:55:41 Job submitted from host: <10.128.10.103:9618?addrs=10.128.10.103-9618&alias=npx-submitter.icecube.wisc.edu&noUDP&sock=schedd_2449_6386>
    DAG Node: Drootprod_20210704_99450
...
001 (19536066.000.000) 2026-06-02 17:13:28 Job executing on host: <10.128.11.39:40283?addrs=10.128.11.39-40283&alias=n-smbc-20.icecube.wisc.edu>
	SlotName: slot1_7@n-smbc-20.icecube.wisc.edu
	admin_mutex_1 = 0
	admin_mutex_2 = 0
	admin_mutex_3 = 0
	CondorScratchDir = "/scratch/condor/dir_3255900"
	Cpus = 1
	Disk = 3072
	GPUs = 0
	machine_token = 0
	Memory = 6016
...
006 (19536066.000.000) 2026-06-02 17:13:41 Image size of job updated: 118100
	116  -  MemoryUsage of job (MB)
	118100  -  ResidentSetSize of job (KB)
...
006 (19536066.000.000) 2026-06-02 17:18:41 Image size of job updated: 149560
	147  -  MemoryUsage of job (MB)
	149560  -  ResidentSetSize of job (KB)
...
006 (19536066.000.000) 2026-06-02 17:23:42 Image size of job updated: 172404
	169  -  MemoryUsage of job (MB)
	172404  -  ResidentSetSize of job (KB)
...
006 (19536066.000.000) 2026-06-02 17:26:09 Image size of job updated: 296228
	169  -  MemoryUsage of job (MB)
	172404  -  ResidentSetSize of job (KB)
...
005 (19536066.000.000) 2026-06-02 17:26:09 Job terminated.
	(1) Normal termination (return value 0)
		Usr 0 00:12:09, Sys 0 00:00:07  -  Run Remote Usage
		Usr 0 00:00:00, Sys 0 00:00:00  -  Run Local Usage
		Usr 0 00:12:09, Sys 0 00:00:07  -  Total Remote Usage
		Usr 0 00:00:00, Sys 0 00:00:00  -  Total Local Usage
	0  -  Run Bytes Sent By Job
	0  -  Run Bytes Received By Job
	0  -  Total Bytes Sent By Job
	0  -  Total Bytes Received By Job
	Partitionable Resources :    Usage  Request Allocated 
	   admin_mutex_1         :                           0 
	   admin_mutex_2         :                           0 
	   admin_mutex_3         :                           0 
	   Cpus                  :     0.98        1         1 
	   Disk (KB)             :    10        2048      3072 
	   GPUs                  :                           0 
	   machine_token         :                           0 
	   Memory (MB)           :   169        6000      6016 
	   TimeExecute (s)       :   761                       
	   TimeSlotBusy (s)      :   761                       

	Job terminated of its own accord at 2026-06-02T22:26:09Z with exit-code 0.
...
