000 (19533678.000.000) 2026-06-02 15:50:55 Job submitted from host: <10.128.10.103:9618?addrs=10.128.10.103-9618&alias=npx-submitter.icecube.wisc.edu&noUDP&sock=schedd_2449_6386>
    DAG Node: Drootprod_20210203_64253
...
001 (19533678.000.000) 2026-06-02 16:19:07 Job executing on host: <10.128.10.189:44027?addrs=10.128.10.189-44027&alias=n-smepyc-02.icecube.wisc.edu>
	SlotName: slot1_49@n-smepyc-02.icecube.wisc.edu
	admin_mutex_1 = 0
	admin_mutex_2 = 0
	admin_mutex_3 = 0
	CondorScratchDir = "/scratch/condor/dir_335819"
	Cpus = 1
	Disk = 3072
	GPUs = 0
	machine_token = 0
	Memory = 6016
...
006 (19533678.000.000) 2026-06-02 16:19:20 Image size of job updated: 122344
	120  -  MemoryUsage of job (MB)
	122344  -  ResidentSetSize of job (KB)
...
006 (19533678.000.000) 2026-06-02 16:24:20 Image size of job updated: 168508
	165  -  MemoryUsage of job (MB)
	168508  -  ResidentSetSize of job (KB)
...
006 (19533678.000.000) 2026-06-02 16:26:37 Image size of job updated: 301844
	165  -  MemoryUsage of job (MB)
	168508  -  ResidentSetSize of job (KB)
...
005 (19533678.000.000) 2026-06-02 16:26:37 Job terminated.
	(1) Normal termination (return value 0)
		Usr 0 00:06:30, Sys 0 00:00:06  -  Run Remote Usage
		Usr 0 00:00:00, Sys 0 00:00:00  -  Run Local Usage
		Usr 0 00:06:30, Sys 0 00:00:06  -  Total Remote Usage
		Usr 0 00:00:00, Sys 0 00:00:00  -  Total Local Usage
	0  -  Run Bytes Sent By Job
	0  -  Run Bytes Received By Job
	0  -  Total Bytes Sent By Job
	0  -  Total Bytes Received By Job
	Partitionable Resources :    Usage  Request Allocated 
	   admin_mutex_1         :                           0 
	   admin_mutex_2         :                           0 
	   admin_mutex_3         :                           0 
	   Cpus                  :     0.85        1         1 
	   Disk (KB)             :    15        2048      3072 
	   GPUs                  :                           0 
	   machine_token         :                           0 
	   Memory (MB)           :   165        6000      6016 
	   TimeExecute (s)       :   450                       
	   TimeSlotBusy (s)      :   451                       

	Job terminated of its own accord at 2026-06-02T21:26:37Z with exit-code 0.
...
