000 (19537562.000.000) 2026-06-02 15:59:13 Job submitted from host: <10.128.10.103:9618?addrs=10.128.10.103-9618&alias=npx-submitter.icecube.wisc.edu&noUDP&sock=schedd_2449_6386>
    DAG Node: Drootprod_20211027_92386
...
001 (19537562.000.000) 2026-06-02 17:39:41 Job executing on host: <10.128.10.50:41881?addrs=10.128.10.50-41881&alias=n-m610-40.icecube.wisc.edu>
	SlotName: slot1_4@n-m610-40.icecube.wisc.edu
	admin_mutex_1 = 0
	admin_mutex_2 = 0
	admin_mutex_3 = 0
	CondorScratchDir = "/scratch/condor/dir_2064772"
	Cpus = 1
	Disk = 3072
	GPUs = 0
	machine_token = 0
	Memory = 6016
...
006 (19537562.000.000) 2026-06-02 17:39:54 Image size of job updated: 120956
	119  -  MemoryUsage of job (MB)
	120956  -  ResidentSetSize of job (KB)
...
006 (19537562.000.000) 2026-06-02 17:44:54 Image size of job updated: 155700
	153  -  MemoryUsage of job (MB)
	155700  -  ResidentSetSize of job (KB)
...
006 (19537562.000.000) 2026-06-02 17:49:55 Image size of job updated: 298504
	292  -  MemoryUsage of job (MB)
	298504  -  ResidentSetSize of job (KB)
...
006 (19537562.000.000) 2026-06-02 17:50:14 Image size of job updated: 299992
	292  -  MemoryUsage of job (MB)
	298504  -  ResidentSetSize of job (KB)
...
005 (19537562.000.000) 2026-06-02 17:50:14 Job terminated.
	(1) Normal termination (return value 0)
		Usr 0 00:09:59, Sys 0 00:00:07  -  Run Remote Usage
		Usr 0 00:00:00, Sys 0 00:00:00  -  Run Local Usage
		Usr 0 00:09:59, Sys 0 00:00:07  -  Total Remote Usage
		Usr 0 00:00:00, Sys 0 00:00:00  -  Total Local Usage
	0  -  Run Bytes Sent By Job
	0  -  Run Bytes Received By Job
	0  -  Total Bytes Sent By Job
	0  -  Total Bytes Received By Job
	Partitionable Resources :    Usage  Request Allocated 
	   admin_mutex_1         :                           0 
	   admin_mutex_2         :                           0 
	   admin_mutex_3         :                           0 
	   Cpus                  :     0.98        1         1 
	   Disk (KB)             :    10        2048      3072 
	   GPUs                  :                           0 
	   machine_token         :                           0 
	   Memory (MB)           :   292        6000      6016 
	   TimeExecute (s)       :   634                       
	   TimeSlotBusy (s)      :   634                       

	Job terminated of its own accord at 2026-06-02T22:50:14Z with exit-code 0.
...
