000 (19534733.000.000) 2026-06-02 15:52:58 Job submitted from host: <10.128.10.103:9618?addrs=10.128.10.103-9618&alias=npx-submitter.icecube.wisc.edu&noUDP&sock=schedd_2449_6386>
    DAG Node: Drootprod_20210410_91076
...
001 (19534733.000.000) 2026-06-02 16:39:56 Job executing on host: <10.128.10.188:45333?addrs=10.128.10.188-45333&alias=n-smepyc-01.icecube.wisc.edu>
	SlotName: slot1_8@n-smepyc-01.icecube.wisc.edu
	admin_mutex_1 = 0
	admin_mutex_2 = 0
	admin_mutex_3 = 0
	CondorScratchDir = "/scratch/condor/dir_4013595"
	Cpus = 1
	Disk = 3072
	GPUs = 0
	machine_token = 0
	Memory = 6016
...
006 (19534733.000.000) 2026-06-02 16:40:10 Image size of job updated: 122712
	120  -  MemoryUsage of job (MB)
	122712  -  ResidentSetSize of job (KB)
...
006 (19534733.000.000) 2026-06-02 16:45:11 Image size of job updated: 182692
	179  -  MemoryUsage of job (MB)
	182692  -  ResidentSetSize of job (KB)
...
006 (19534733.000.000) 2026-06-02 16:45:31 Image size of job updated: 295692
	179  -  MemoryUsage of job (MB)
	182692  -  ResidentSetSize of job (KB)
...
005 (19534733.000.000) 2026-06-02 16:45:31 Job terminated.
	(1) Normal termination (return value 0)
		Usr 0 00:05:08, Sys 0 00:00:06  -  Run Remote Usage
		Usr 0 00:00:00, Sys 0 00:00:00  -  Run Local Usage
		Usr 0 00:05:08, Sys 0 00:00:06  -  Total Remote Usage
		Usr 0 00:00:00, Sys 0 00:00:00  -  Total Local Usage
	0  -  Run Bytes Sent By Job
	0  -  Run Bytes Received By Job
	0  -  Total Bytes Sent By Job
	0  -  Total Bytes Received By Job
	Partitionable Resources :    Usage  Request Allocated 
	   admin_mutex_1         :                           0 
	   admin_mutex_2         :                           0 
	   admin_mutex_3         :                           0 
	   Cpus                  :     0.95        1         1 
	   Disk (KB)             :    10        2048      3072 
	   GPUs                  :                           0 
	   machine_token         :                           0 
	   Memory (MB)           :   179        6000      6016 
	   TimeExecute (s)       :   335                       
	   TimeSlotBusy (s)      :   335                       

	Job terminated of its own accord at 2026-06-02T21:45:31Z with exit-code 0.
...
