000 (19535138.000.000) 2026-06-02 15:53:43 Job submitted from host: <10.128.10.103:9618?addrs=10.128.10.103-9618&alias=npx-submitter.icecube.wisc.edu&noUDP&sock=schedd_2449_6386>
    DAG Node: Drootprod_20210503_94000
...
001 (19535138.000.000) 2026-06-02 16:47:25 Job executing on host: <10.128.10.21:35497?addrs=10.128.10.21-35497&alias=n-m610-11.icecube.wisc.edu>
	SlotName: slot1_3@n-m610-11.icecube.wisc.edu
	admin_mutex_1 = 0
	admin_mutex_2 = 0
	admin_mutex_3 = 0
	CondorScratchDir = "/scratch/condor/dir_2510029"
	Cpus = 1
	Disk = 3072
	GPUs = 0
	machine_token = 0
	Memory = 6016
...
006 (19535138.000.000) 2026-06-02 16:47:38 Image size of job updated: 122108
	120  -  MemoryUsage of job (MB)
	122108  -  ResidentSetSize of job (KB)
...
006 (19535138.000.000) 2026-06-02 16:52:38 Image size of job updated: 161072
	158  -  MemoryUsage of job (MB)
	161072  -  ResidentSetSize of job (KB)
...
006 (19535138.000.000) 2026-06-02 16:55:16 Image size of job updated: 182984
	158  -  MemoryUsage of job (MB)
	161072  -  ResidentSetSize of job (KB)
...
005 (19535138.000.000) 2026-06-02 16:55:16 Job terminated.
	(1) Normal termination (return value 0)
		Usr 0 00:07:20, Sys 0 00:00:06  -  Run Remote Usage
		Usr 0 00:00:00, Sys 0 00:00:00  -  Run Local Usage
		Usr 0 00:07:20, Sys 0 00:00:06  -  Total Remote Usage
		Usr 0 00:00:00, Sys 0 00:00:00  -  Total Local Usage
	0  -  Run Bytes Sent By Job
	0  -  Run Bytes Received By Job
	0  -  Total Bytes Sent By Job
	0  -  Total Bytes Received By Job
	Partitionable Resources :    Usage  Request Allocated 
	   admin_mutex_1         :                           0 
	   admin_mutex_2         :                           0 
	   admin_mutex_3         :                           0 
	   Cpus                  :     0.98        1         1 
	   Disk (KB)             :    12        2048      3072 
	   GPUs                  :                           0 
	   machine_token         :                           0 
	   Memory (MB)           :   158        6000      6016 
	   TimeExecute (s)       :   471                       
	   TimeSlotBusy (s)      :   471                       

	Job terminated of its own accord at 2026-06-02T21:55:16Z with exit-code 0.
...
