000 (19533685.000.000) 2026-06-02 15:50:56 Job submitted from host: <10.128.10.103:9618?addrs=10.128.10.103-9618&alias=npx-submitter.icecube.wisc.edu&noUDP&sock=schedd_2449_6386>
    DAG Node: Drootprod_20210204_39459
...
001 (19533685.000.000) 2026-06-02 16:19:23 Job executing on host: <10.128.10.190:46289?addrs=10.128.10.190-46289&alias=n-smepyc-03.icecube.wisc.edu>
	SlotName: slot1_55@n-smepyc-03.icecube.wisc.edu
	admin_mutex_1 = 0
	admin_mutex_2 = 0
	admin_mutex_3 = 0
	CondorScratchDir = "/scratch/condor/dir_3578528"
	Cpus = 1
	Disk = 3072
	GPUs = 0
	machine_token = 0
	Memory = 6016
...
006 (19533685.000.000) 2026-06-02 16:19:37 Image size of job updated: 123016
	121  -  MemoryUsage of job (MB)
	123016  -  ResidentSetSize of job (KB)
...
006 (19533685.000.000) 2026-06-02 16:24:38 Image size of job updated: 170896
	167  -  MemoryUsage of job (MB)
	170896  -  ResidentSetSize of job (KB)
...
006 (19533685.000.000) 2026-06-02 16:26:25 Image size of job updated: 298060
	167  -  MemoryUsage of job (MB)
	170896  -  ResidentSetSize of job (KB)
...
005 (19533685.000.000) 2026-06-02 16:26:26 Job terminated.
	(1) Normal termination (return value 0)
		Usr 0 00:06:04, Sys 0 00:00:06  -  Run Remote Usage
		Usr 0 00:00:00, Sys 0 00:00:00  -  Run Local Usage
		Usr 0 00:06:04, Sys 0 00:00:06  -  Total Remote Usage
		Usr 0 00:00:00, Sys 0 00:00:00  -  Total Local Usage
	0  -  Run Bytes Sent By Job
	0  -  Run Bytes Received By Job
	0  -  Total Bytes Sent By Job
	0  -  Total Bytes Received By Job
	Partitionable Resources :    Usage  Request Allocated 
	   admin_mutex_1         :                           0 
	   admin_mutex_2         :                           0 
	   admin_mutex_3         :                           0 
	   Cpus                  :     0.89        1         1 
	   Disk (KB)             :    12        2048      3072 
	   GPUs                  :                           0 
	   machine_token         :                           0 
	   Memory (MB)           :   167        6000      6016 
	   TimeExecute (s)       :   422                       
	   TimeSlotBusy (s)      :   423                       

	Job terminated of its own accord at 2026-06-02T21:26:25Z with exit-code 0.
...
