000 (19537817.000.000) 2026-06-02 16:00:08 Job submitted from host: <10.128.10.103:9618?addrs=10.128.10.103-9618&alias=npx-submitter.icecube.wisc.edu&noUDP&sock=schedd_2449_6386>
    DAG Node: Drootprod_20211125_90357
...
001 (19537817.000.000) 2026-06-02 17:41:49 Job executing on host: <10.128.10.206:37305?addrs=10.128.10.206-37305&alias=sm-storage-1.icecube.wisc.edu>
	SlotName: slot1_49@sm-storage-1.icecube.wisc.edu
	admin_mutex_1 = 0
	admin_mutex_2 = 0
	admin_mutex_3 = 0
	CondorScratchDir = "/scratch/condor/dir_4041909"
	Cpus = 1
	Disk = 3072
	GPUs = 0
	machine_token = 0
	Memory = 6016
...
006 (19537817.000.000) 2026-06-02 17:42:02 Image size of job updated: 119108
	117  -  MemoryUsage of job (MB)
	119108  -  ResidentSetSize of job (KB)
...
006 (19537817.000.000) 2026-06-02 17:47:02 Image size of job updated: 143204
	140  -  MemoryUsage of job (MB)
	143204  -  ResidentSetSize of job (KB)
...
006 (19537817.000.000) 2026-06-02 17:52:03 Image size of job updated: 163120
	160  -  MemoryUsage of job (MB)
	163120  -  ResidentSetSize of job (KB)
...
006 (19537817.000.000) 2026-06-02 17:57:04 Image size of job updated: 183628
	180  -  MemoryUsage of job (MB)
	183628  -  ResidentSetSize of job (KB)
...
006 (19537817.000.000) 2026-06-02 17:59:02 Image size of job updated: 300464
	180  -  MemoryUsage of job (MB)
	183628  -  ResidentSetSize of job (KB)
...
005 (19537817.000.000) 2026-06-02 17:59:02 Job terminated.
	(1) Normal termination (return value 0)
		Usr 0 00:16:32, Sys 0 00:00:07  -  Run Remote Usage
		Usr 0 00:00:00, Sys 0 00:00:00  -  Run Local Usage
		Usr 0 00:16:32, Sys 0 00:00:07  -  Total Remote Usage
		Usr 0 00:00:00, Sys 0 00:00:00  -  Total Local Usage
	0  -  Run Bytes Sent By Job
	0  -  Run Bytes Received By Job
	0  -  Total Bytes Sent By Job
	0  -  Total Bytes Received By Job
	Partitionable Resources :    Usage  Request Allocated 
	   admin_mutex_1         :                           0 
	   admin_mutex_2         :                           0 
	   admin_mutex_3         :                           0 
	   Cpus                  :     0.98        1         1 
	   Disk (KB)             :    15        2048      3072 
	   GPUs                  :                           0 
	   machine_token         :                           0 
	   Memory (MB)           :   180        6000      6016 
	   TimeExecute (s)       :  1033                       
	   TimeSlotBusy (s)      :  1034                       

	Job terminated of its own accord at 2026-06-02T22:59:02Z with exit-code 0.
...
