000 (19538044.000.000) 2026-06-02 16:01:12 Job submitted from host: <10.128.10.103:9618?addrs=10.128.10.103-9618&alias=npx-submitter.icecube.wisc.edu&noUDP&sock=schedd_2449_6386>
    DAG Node: Drootprod_20211228_98189
...
001 (19538044.000.000) 2026-06-02 17:43:57 Job executing on host: <10.128.11.46:40771?addrs=10.128.11.46-40771&alias=n-smbc-27.icecube.wisc.edu>
	SlotName: slot1_5@n-smbc-27.icecube.wisc.edu
	admin_mutex_1 = 0
	admin_mutex_2 = 0
	admin_mutex_3 = 0
	CondorScratchDir = "/scratch/condor/dir_3377887"
	Cpus = 1
	Disk = 3072
	GPUs = 0
	machine_token = 0
	Memory = 6016
...
006 (19538044.000.000) 2026-06-02 17:44:11 Image size of job updated: 19132
	19  -  MemoryUsage of job (MB)
	19132  -  ResidentSetSize of job (KB)
...
006 (19538044.000.000) 2026-06-02 17:49:12 Image size of job updated: 124524
	122  -  MemoryUsage of job (MB)
	124524  -  ResidentSetSize of job (KB)
...
006 (19538044.000.000) 2026-06-02 17:54:12 Image size of job updated: 126996
	125  -  MemoryUsage of job (MB)
	126996  -  ResidentSetSize of job (KB)
...
006 (19538044.000.000) 2026-06-02 17:59:13 Image size of job updated: 129660
	127  -  MemoryUsage of job (MB)
	129660  -  ResidentSetSize of job (KB)
...
006 (19538044.000.000) 2026-06-02 18:04:14 Image size of job updated: 131416
	129  -  MemoryUsage of job (MB)
	131416  -  ResidentSetSize of job (KB)
...
006 (19538044.000.000) 2026-06-02 18:09:15 Image size of job updated: 134560
	132  -  MemoryUsage of job (MB)
	134560  -  ResidentSetSize of job (KB)
...
006 (19538044.000.000) 2026-06-02 18:14:16 Image size of job updated: 137540
	135  -  MemoryUsage of job (MB)
	137540  -  ResidentSetSize of job (KB)
...
006 (19538044.000.000) 2026-06-02 18:19:16 Image size of job updated: 145064
	142  -  MemoryUsage of job (MB)
	145064  -  ResidentSetSize of job (KB)
...
006 (19538044.000.000) 2026-06-02 18:24:17 Image size of job updated: 153508
	150  -  MemoryUsage of job (MB)
	153508  -  ResidentSetSize of job (KB)
...
006 (19538044.000.000) 2026-06-02 18:29:18 Image size of job updated: 155204
	152  -  MemoryUsage of job (MB)
	155204  -  ResidentSetSize of job (KB)
...
006 (19538044.000.000) 2026-06-02 18:34:18 Image size of job updated: 155656
	153  -  MemoryUsage of job (MB)
	155656  -  ResidentSetSize of job (KB)
...
006 (19538044.000.000) 2026-06-02 18:39:19 Image size of job updated: 158556
	155  -  MemoryUsage of job (MB)
	158556  -  ResidentSetSize of job (KB)
...
006 (19538044.000.000) 2026-06-02 18:43:31 Image size of job updated: 174356
	155  -  MemoryUsage of job (MB)
	158556  -  ResidentSetSize of job (KB)
...
005 (19538044.000.000) 2026-06-02 18:43:31 Job terminated.
	(1) Normal termination (return value 0)
		Usr 0 00:57:10, Sys 0 00:00:56  -  Run Remote Usage
		Usr 0 00:00:00, Sys 0 00:00:00  -  Run Local Usage
		Usr 0 00:57:10, Sys 0 00:00:56  -  Total Remote Usage
		Usr 0 00:00:00, Sys 0 00:00:00  -  Total Local Usage
	0  -  Run Bytes Sent By Job
	0  -  Run Bytes Received By Job
	0  -  Total Bytes Sent By Job
	0  -  Total Bytes Received By Job
	Partitionable Resources :    Usage  Request Allocated 
	   admin_mutex_1         :                           0 
	   admin_mutex_2         :                           0 
	   admin_mutex_3         :                           0 
	   Cpus                  :     0.97        1         1 
	   Disk (KB)             :    10        2048      3072 
	   GPUs                  :                           0 
	   machine_token         :                           0 
	   Memory (MB)           :   155        6000      6016 
	   TimeExecute (s)       :  3574                       
	   TimeSlotBusy (s)      :  3574                       

	Job terminated of its own accord at 2026-06-02T23:43:31Z with exit-code 0.
...
