000 (19535297.000.000) 2026-06-02 15:54:01 Job submitted from host: <10.128.10.103:9618?addrs=10.128.10.103-9618&alias=npx-submitter.icecube.wisc.edu&noUDP&sock=schedd_2449_6386>
    DAG Node: Drootprod_20210511_8525
...
001 (19535297.000.000) 2026-06-02 16:50:08 Job executing on host: <10.128.10.238:43797?addrs=10.128.10.238-43797&alias=n-gpu-42.icecube.wisc.edu>
	SlotName: slot1_54@n-gpu-42.icecube.wisc.edu
	admin_mutex_1 = 0
	admin_mutex_2 = 0
	admin_mutex_3 = 0
	AvailableGPUs = {  }
	CondorScratchDir = "/scratch/condor/dir_2140218"
	Cpus = 1
	Disk = 3072
	GPUs = 0
	machine_token = 0
	Memory = 6016
...
006 (19535297.000.000) 2026-06-02 16:50:21 Image size of job updated: 121136
	119  -  MemoryUsage of job (MB)
	121136  -  ResidentSetSize of job (KB)
...
006 (19535297.000.000) 2026-06-02 16:55:21 Image size of job updated: 159276
	156  -  MemoryUsage of job (MB)
	159276  -  ResidentSetSize of job (KB)
...
006 (19535297.000.000) 2026-06-02 16:59:39 Image size of job updated: 300292
	156  -  MemoryUsage of job (MB)
	159276  -  ResidentSetSize of job (KB)
...
005 (19535297.000.000) 2026-06-02 16:59:39 Job terminated.
	(1) Normal termination (return value 0)
		Usr 0 00:08:51, Sys 0 00:00:09  -  Run Remote Usage
		Usr 0 00:00:00, Sys 0 00:00:00  -  Run Local Usage
		Usr 0 00:08:51, Sys 0 00:00:09  -  Total Remote Usage
		Usr 0 00:00:00, Sys 0 00:00:00  -  Total Local Usage
	0  -  Run Bytes Sent By Job
	0  -  Run Bytes Received By Job
	0  -  Total Bytes Sent By Job
	0  -  Total Bytes Received By Job
	Partitionable Resources :    Usage  Request Allocated 
	   admin_mutex_1         :                           0 
	   admin_mutex_2         :                           0 
	   admin_mutex_3         :                           0 
	   Cpus                  :     0.96        1         1 
	   Disk (KB)             :    10        2048      3072 
	   GPUs                  :                           0 
	   machine_token         :                           0 
	   Memory (MB)           :   156        6000      6016 
	   TimeExecute (s)       :   571                       
	   TimeSlotBusy (s)      :   572                       

	Job terminated of its own accord at 2026-06-02T21:59:39Z with exit-code 0.
...
