000 (19537075.000.000) 2026-06-02 15:57:53 Job submitted from host: <10.128.10.103:9618?addrs=10.128.10.103-9618&alias=npx-submitter.icecube.wisc.edu&noUDP&sock=schedd_2449_6386>
    DAG Node: Drootprod_20210913_45122
...
001 (19537075.000.000) 2026-06-02 17:31:36 Job executing on host: <10.128.10.117:43719?addrs=10.128.10.117-43719&alias=n-gibyte-02.icecube.wisc.edu>
	SlotName: slot1_229@n-gibyte-02.icecube.wisc.edu
	admin_mutex_1 = 0
	admin_mutex_2 = 0
	admin_mutex_3 = 0
	CondorScratchDir = "/scratch/condor/dir_3712142"
	Cpus = 1
	Disk = 5480
	GPUs = 0
	machine_token = 0
	Memory = 6016
...
006 (19537075.000.000) 2026-06-02 17:31:50 Image size of job updated: 119328
	117  -  MemoryUsage of job (MB)
	119328  -  ResidentSetSize of job (KB)
...
006 (19537075.000.000) 2026-06-02 17:36:51 Image size of job updated: 143956
	141  -  MemoryUsage of job (MB)
	143956  -  ResidentSetSize of job (KB)
...
006 (19537075.000.000) 2026-06-02 17:41:51 Image size of job updated: 164676
	161  -  MemoryUsage of job (MB)
	164676  -  ResidentSetSize of job (KB)
...
006 (19537075.000.000) 2026-06-02 17:46:52 Image size of job updated: 298208
	292  -  MemoryUsage of job (MB)
	298208  -  ResidentSetSize of job (KB)
...
006 (19537075.000.000) 2026-06-02 17:47:33 Image size of job updated: 300768
	292  -  MemoryUsage of job (MB)
	298208  -  ResidentSetSize of job (KB)
...
005 (19537075.000.000) 2026-06-02 17:47:33 Job terminated.
	(1) Normal termination (return value 0)
		Usr 0 00:15:11, Sys 0 00:00:09  -  Run Remote Usage
		Usr 0 00:00:00, Sys 0 00:00:00  -  Run Local Usage
		Usr 0 00:15:11, Sys 0 00:00:09  -  Total Remote Usage
		Usr 0 00:00:00, Sys 0 00:00:00  -  Total Local Usage
	0  -  Run Bytes Sent By Job
	0  -  Run Bytes Received By Job
	0  -  Total Bytes Sent By Job
	0  -  Total Bytes Received By Job
	Partitionable Resources :    Usage  Request Allocated 
	   admin_mutex_1         :                           0 
	   admin_mutex_2         :                           0 
	   admin_mutex_3         :                           0 
	   Cpus                  :     0.98        1         1 
	   Disk (KB)             :    12        2048      5480 
	   GPUs                  :                           0 
	   machine_token         :                           0 
	   Memory (MB)           :   292        6000      6016 
	   TimeExecute (s)       :   957                       
	   TimeSlotBusy (s)      :   958                       

	Job terminated of its own accord at 2026-06-02T22:47:33Z with exit-code 0.
...
