000 (19535123.000.000) 2026-06-02 15:53:41 Job submitted from host: <10.128.10.103:9618?addrs=10.128.10.103-9618&alias=npx-submitter.icecube.wisc.edu&noUDP&sock=schedd_2449_6386>
    DAG Node: Drootprod_20210501_63672
...
001 (19535123.000.000) 2026-06-02 16:46:52 Job executing on host: <10.128.10.115:33587?addrs=10.128.10.115-33587&alias=n-gibyte-00.icecube.wisc.edu>
	SlotName: slot1_437@n-gibyte-00.icecube.wisc.edu
	admin_mutex_1 = 0
	admin_mutex_2 = 0
	admin_mutex_3 = 0
	CondorScratchDir = "/scratch/condor/dir_2231383"
	Cpus = 1
	Disk = 5480
	GPUs = 0
	machine_token = 0
	Memory = 6016
...
006 (19535123.000.000) 2026-06-02 16:47:05 Image size of job updated: 120236
	118  -  MemoryUsage of job (MB)
	120236  -  ResidentSetSize of job (KB)
...
006 (19535123.000.000) 2026-06-02 16:52:05 Image size of job updated: 149672
	147  -  MemoryUsage of job (MB)
	149672  -  ResidentSetSize of job (KB)
...
006 (19535123.000.000) 2026-06-02 16:57:06 Image size of job updated: 171756
	168  -  MemoryUsage of job (MB)
	171756  -  ResidentSetSize of job (KB)
...
006 (19535123.000.000) 2026-06-02 17:00:13 Image size of job updated: 298348
	168  -  MemoryUsage of job (MB)
	171756  -  ResidentSetSize of job (KB)
...
005 (19535123.000.000) 2026-06-02 17:00:13 Job terminated.
	(1) Normal termination (return value 0)
		Usr 0 00:12:37, Sys 0 00:00:09  -  Run Remote Usage
		Usr 0 00:00:00, Sys 0 00:00:00  -  Run Local Usage
		Usr 0 00:12:37, Sys 0 00:00:09  -  Total Remote Usage
		Usr 0 00:00:00, Sys 0 00:00:00  -  Total Local Usage
	0  -  Run Bytes Sent By Job
	0  -  Run Bytes Received By Job
	0  -  Total Bytes Sent By Job
	0  -  Total Bytes Received By Job
	Partitionable Resources :    Usage  Request Allocated 
	   admin_mutex_1         :                           0 
	   admin_mutex_2         :                           0 
	   admin_mutex_3         :                           0 
	   Cpus                  :     0.96        1         1 
	   Disk (KB)             :    15        2048      5480 
	   GPUs                  :                           0 
	   machine_token         :                           0 
	   Memory (MB)           :   168        6000      6016 
	   TimeExecute (s)       :   801                       
	   TimeSlotBusy (s)      :   802                       

	Job terminated of its own accord at 2026-06-02T22:00:13Z with exit-code 0.
...
