000 (19534013.000.000) 2026-06-02 15:51:36 Job submitted from host: <10.128.10.103:9618?addrs=10.128.10.103-9618&alias=npx-submitter.icecube.wisc.edu&noUDP&sock=schedd_2449_6386>
    DAG Node: Drootprod_20210224_1766
...
001 (19534013.000.000) 2026-06-02 16:25:34 Job executing on host: <10.128.10.187:34023?addrs=10.128.10.187-34023&alias=n-smepyc-00.icecube.wisc.edu>
	SlotName: slot1_50@n-smepyc-00.icecube.wisc.edu
	admin_mutex_1 = 0
	admin_mutex_2 = 0
	admin_mutex_3 = 0
	CondorScratchDir = "/scratch/condor/dir_1756669"
	Cpus = 1
	Disk = 3072
	GPUs = 0
	machine_token = 0
	Memory = 6016
...
006 (19534013.000.000) 2026-06-02 16:25:48 Image size of job updated: 119856
	118  -  MemoryUsage of job (MB)
	119856  -  ResidentSetSize of job (KB)
...
006 (19534013.000.000) 2026-06-02 16:30:49 Image size of job updated: 165028
	162  -  MemoryUsage of job (MB)
	165028  -  ResidentSetSize of job (KB)
...
006 (19534013.000.000) 2026-06-02 16:33:08 Image size of job updated: 294208
	162  -  MemoryUsage of job (MB)
	165028  -  ResidentSetSize of job (KB)
...
005 (19534013.000.000) 2026-06-02 16:33:08 Job terminated.
	(1) Normal termination (return value 0)
		Usr 0 00:06:37, Sys 0 00:00:06  -  Run Remote Usage
		Usr 0 00:00:00, Sys 0 00:00:00  -  Run Local Usage
		Usr 0 00:06:37, Sys 0 00:00:06  -  Total Remote Usage
		Usr 0 00:00:00, Sys 0 00:00:00  -  Total Local Usage
	0  -  Run Bytes Sent By Job
	0  -  Run Bytes Received By Job
	0  -  Total Bytes Sent By Job
	0  -  Total Bytes Received By Job
	Partitionable Resources :    Usage  Request Allocated 
	   admin_mutex_1         :                           0 
	   admin_mutex_2         :                           0 
	   admin_mutex_3         :                           0 
	   Cpus                  :     0.92        1         1 
	   Disk (KB)             :    12        2048      3072 
	   GPUs                  :                           0 
	   machine_token         :                           0 
	   Memory (MB)           :   162        6000      6016 
	   TimeExecute (s)       :   454                       
	   TimeSlotBusy (s)      :   454                       

	Job terminated of its own accord at 2026-06-02T21:33:08Z with exit-code 0.
...
