000 (19534137.000.000) 2026-06-02 15:51:52 Job submitted from host: <10.128.10.103:9618?addrs=10.128.10.103-9618&alias=npx-submitter.icecube.wisc.edu&noUDP&sock=schedd_2449_6386>
    DAG Node: Drootprod_20210307_5969
...
001 (19534137.000.000) 2026-06-02 16:28:41 Job executing on host: <10.128.10.115:33587?addrs=10.128.10.115-33587&alias=n-gibyte-00.icecube.wisc.edu>
	SlotName: slot1_176@n-gibyte-00.icecube.wisc.edu
	admin_mutex_1 = 0
	admin_mutex_2 = 0
	admin_mutex_3 = 0
	CondorScratchDir = "/scratch/condor/dir_2161642"
	Cpus = 1
	Disk = 5480
	GPUs = 0
	machine_token = 0
	Memory = 6016
...
006 (19534137.000.000) 2026-06-02 16:28:54 Image size of job updated: 118520
	116  -  MemoryUsage of job (MB)
	118520  -  ResidentSetSize of job (KB)
...
006 (19534137.000.000) 2026-06-02 16:33:54 Image size of job updated: 145536
	143  -  MemoryUsage of job (MB)
	145536  -  ResidentSetSize of job (KB)
...
006 (19534137.000.000) 2026-06-02 16:38:55 Image size of job updated: 167096
	164  -  MemoryUsage of job (MB)
	167096  -  ResidentSetSize of job (KB)
...
006 (19534137.000.000) 2026-06-02 16:41:53 Image size of job updated: 180624
	164  -  MemoryUsage of job (MB)
	167096  -  ResidentSetSize of job (KB)
...
005 (19534137.000.000) 2026-06-02 16:41:53 Job terminated.
	(1) Normal termination (return value 0)
		Usr 0 00:12:03, Sys 0 00:00:09  -  Run Remote Usage
		Usr 0 00:00:00, Sys 0 00:00:00  -  Run Local Usage
		Usr 0 00:12:03, Sys 0 00:00:09  -  Total Remote Usage
		Usr 0 00:00:00, Sys 0 00:00:00  -  Total Local Usage
	0  -  Run Bytes Sent By Job
	0  -  Run Bytes Received By Job
	0  -  Total Bytes Sent By Job
	0  -  Total Bytes Received By Job
	Partitionable Resources :    Usage  Request Allocated 
	   admin_mutex_1         :                           0 
	   admin_mutex_2         :                           0 
	   admin_mutex_3         :                           0 
	   Cpus                  :     0.97        1         1 
	   Disk (KB)             :    15        2048      5480 
	   GPUs                  :                           0 
	   machine_token         :                           0 
	   Memory (MB)           :   164        6000      6016 
	   TimeExecute (s)       :   792                       
	   TimeSlotBusy (s)      :   792                       

	Job terminated of its own accord at 2026-06-02T21:41:53Z with exit-code 0.
...
