000 (19536067.000.000) 2026-06-02 15:55:41 Job submitted from host: <10.128.10.103:9618?addrs=10.128.10.103-9618&alias=npx-submitter.icecube.wisc.edu&noUDP&sock=schedd_2449_6386>
    DAG Node: Drootprod_20150927_14631
...
001 (19536067.000.000) 2026-06-02 17:13:41 Job executing on host: <10.128.10.198:33367?addrs=10.128.10.198-33367&alias=n-r710-19.icecube.wisc.edu>
	SlotName: slot1_3@n-r710-19.icecube.wisc.edu
	admin_mutex_1 = 0
	admin_mutex_2 = 0
	admin_mutex_3 = 0
	CondorScratchDir = "/scratch/condor/dir_2752348"
	Cpus = 1
	Disk = 3781
	GPUs = 0
	machine_token = 0
	Memory = 6016
...
006 (19536067.000.000) 2026-06-02 17:13:55 Image size of job updated: 120192
	118  -  MemoryUsage of job (MB)
	120192  -  ResidentSetSize of job (KB)
...
006 (19536067.000.000) 2026-06-02 17:18:55 Image size of job updated: 144768
	142  -  MemoryUsage of job (MB)
	144768  -  ResidentSetSize of job (KB)
...
006 (19536067.000.000) 2026-06-02 17:23:55 Image size of job updated: 164740
	161  -  MemoryUsage of job (MB)
	164740  -  ResidentSetSize of job (KB)
...
006 (19536067.000.000) 2026-06-02 17:28:56 Image size of job updated: 283064
	277  -  MemoryUsage of job (MB)
	283064  -  ResidentSetSize of job (KB)
...
006 (19536067.000.000) 2026-06-02 17:33:57 Image size of job updated: 428344
	419  -  MemoryUsage of job (MB)
	428344  -  ResidentSetSize of job (KB)
...
006 (19536067.000.000) 2026-06-02 17:35:25 Image size of job updated: 440848
	419  -  MemoryUsage of job (MB)
	428344  -  ResidentSetSize of job (KB)
...
005 (19536067.000.000) 2026-06-02 17:35:25 Job terminated.
	(1) Normal termination (return value 0)
		Usr 0 00:20:53, Sys 0 00:00:15  -  Run Remote Usage
		Usr 0 00:00:00, Sys 0 00:00:00  -  Run Local Usage
		Usr 0 00:20:53, Sys 0 00:00:15  -  Total Remote Usage
		Usr 0 00:00:00, Sys 0 00:00:00  -  Total Local Usage
	0  -  Run Bytes Sent By Job
	0  -  Run Bytes Received By Job
	0  -  Total Bytes Sent By Job
	0  -  Total Bytes Received By Job
	Partitionable Resources :    Usage  Request Allocated 
	   admin_mutex_1         :                           0 
	   admin_mutex_2         :                           0 
	   admin_mutex_3         :                           0 
	   Cpus                  :     0.93        1         1 
	   Disk (KB)             :    10        2048      3781 
	   GPUs                  :                           0 
	   machine_token         :                           0 
	   Memory (MB)           :   419        6000      6016 
	   TimeExecute (s)       :  1304                       
	   TimeSlotBusy (s)      :  1304                       

	Job terminated of its own accord at 2026-06-02T22:35:25Z with exit-code 0.
...
