000 (19536743.000.000) 2026-06-02 15:57:07 Job submitted from host: <10.128.10.103:9618?addrs=10.128.10.103-9618&alias=npx-submitter.icecube.wisc.edu&noUDP&sock=schedd_2449_6386>
    DAG Node: Drootprod_20151111_11232
...
001 (19536743.000.000) 2026-06-02 17:25:48 Job executing on host: <10.128.10.115:33587?addrs=10.128.10.115-33587&alias=n-gibyte-00.icecube.wisc.edu>
	SlotName: slot1_120@n-gibyte-00.icecube.wisc.edu
	admin_mutex_1 = 0
	admin_mutex_2 = 0
	admin_mutex_3 = 0
	CondorScratchDir = "/scratch/condor/dir_2388979"
	Cpus = 1
	Disk = 5480
	GPUs = 0
	machine_token = 0
	Memory = 6016
...
006 (19536743.000.000) 2026-06-02 17:26:02 Image size of job updated: 119840
	118  -  MemoryUsage of job (MB)
	119840  -  ResidentSetSize of job (KB)
...
006 (19536743.000.000) 2026-06-02 17:31:03 Image size of job updated: 142084
	139  -  MemoryUsage of job (MB)
	142084  -  ResidentSetSize of job (KB)
...
006 (19536743.000.000) 2026-06-02 17:36:03 Image size of job updated: 162176
	159  -  MemoryUsage of job (MB)
	162176  -  ResidentSetSize of job (KB)
...
006 (19536743.000.000) 2026-06-02 17:41:04 Image size of job updated: 274700
	269  -  MemoryUsage of job (MB)
	274700  -  ResidentSetSize of job (KB)
...
006 (19536743.000.000) 2026-06-02 17:46:04 Image size of job updated: 408404
	399  -  MemoryUsage of job (MB)
	408404  -  ResidentSetSize of job (KB)
...
006 (19536743.000.000) 2026-06-02 17:49:45 Image size of job updated: 418468
	399  -  MemoryUsage of job (MB)
	408404  -  ResidentSetSize of job (KB)
...
005 (19536743.000.000) 2026-06-02 17:49:45 Job terminated.
	(1) Normal termination (return value 0)
		Usr 0 00:22:55, Sys 0 00:00:15  -  Run Remote Usage
		Usr 0 00:00:00, Sys 0 00:00:00  -  Run Local Usage
		Usr 0 00:22:55, Sys 0 00:00:15  -  Total Remote Usage
		Usr 0 00:00:00, Sys 0 00:00:00  -  Total Local Usage
	0  -  Run Bytes Sent By Job
	0  -  Run Bytes Received By Job
	0  -  Total Bytes Sent By Job
	0  -  Total Bytes Received By Job
	Partitionable Resources :    Usage  Request Allocated 
	   admin_mutex_1         :                           0 
	   admin_mutex_2         :                           0 
	   admin_mutex_3         :                           0 
	   Cpus                  :     0.98        1         1 
	   Disk (KB)             :    10        2048      5480 
	   GPUs                  :                           0 
	   machine_token         :                           0 
	   Memory (MB)           :   399        6000      6016 
	   TimeExecute (s)       :  1437                       
	   TimeSlotBusy (s)      :  1438                       

	Job terminated of its own accord at 2026-06-02T22:49:45Z with exit-code 0.
...
