000 (19533499.000.000) 2026-06-02 15:50:31 Job submitted from host: <10.128.10.103:9618?addrs=10.128.10.103-9618&alias=npx-submitter.icecube.wisc.edu&noUDP&sock=schedd_2449_6386>
    DAG Node: Drootprod_20150416_28134
...
001 (19533499.000.000) 2026-06-02 16:15:06 Job executing on host: <10.128.10.115:33587?addrs=10.128.10.115-33587&alias=n-gibyte-00.icecube.wisc.edu>
	SlotName: slot1_443@n-gibyte-00.icecube.wisc.edu
	admin_mutex_1 = 0
	admin_mutex_2 = 0
	admin_mutex_3 = 0
	CondorScratchDir = "/scratch/condor/dir_2111996"
	Cpus = 1
	Disk = 5480
	GPUs = 0
	machine_token = 0
	Memory = 6016
...
006 (19533499.000.000) 2026-06-02 16:15:20 Image size of job updated: 119732
	117  -  MemoryUsage of job (MB)
	119732  -  ResidentSetSize of job (KB)
...
006 (19533499.000.000) 2026-06-02 16:20:21 Image size of job updated: 142180
	139  -  MemoryUsage of job (MB)
	142180  -  ResidentSetSize of job (KB)
...
006 (19533499.000.000) 2026-06-02 16:25:21 Image size of job updated: 160808
	158  -  MemoryUsage of job (MB)
	160808  -  ResidentSetSize of job (KB)
...
006 (19533499.000.000) 2026-06-02 16:30:22 Image size of job updated: 271524
	266  -  MemoryUsage of job (MB)
	271524  -  ResidentSetSize of job (KB)
...
006 (19533499.000.000) 2026-06-02 16:35:23 Image size of job updated: 290380
	284  -  MemoryUsage of job (MB)
	290380  -  ResidentSetSize of job (KB)
...
006 (19533499.000.000) 2026-06-02 16:40:23 Image size of job updated: 435632
	426  -  MemoryUsage of job (MB)
	435632  -  ResidentSetSize of job (KB)
...
006 (19533499.000.000) 2026-06-02 16:45:06 Image size of job updated: 744268
	426  -  MemoryUsage of job (MB)
	435632  -  ResidentSetSize of job (KB)
...
005 (19533499.000.000) 2026-06-02 16:45:06 Job terminated.
	(1) Normal termination (return value 0)
		Usr 0 00:28:08, Sys 0 00:00:18  -  Run Remote Usage
		Usr 0 00:00:00, Sys 0 00:00:00  -  Run Local Usage
		Usr 0 00:28:08, Sys 0 00:00:18  -  Total Remote Usage
		Usr 0 00:00:00, Sys 0 00:00:00  -  Total Local Usage
	0  -  Run Bytes Sent By Job
	0  -  Run Bytes Received By Job
	0  -  Total Bytes Sent By Job
	0  -  Total Bytes Received By Job
	Partitionable Resources :    Usage  Request Allocated 
	   admin_mutex_1         :                           0 
	   admin_mutex_2         :                           0 
	   admin_mutex_3         :                           0 
	   Cpus                  :     0.99        1         1 
	   Disk (KB)             :    17        2048      5480 
	   GPUs                  :                           0 
	   machine_token         :                           0 
	   Memory (MB)           :   426        6000      6016 
	   TimeExecute (s)       :  1800                       
	   TimeSlotBusy (s)      :  1800                       

	Job terminated of its own accord at 2026-06-02T21:45:06Z with exit-code 0.
...
