000 (19532816.000.000) 2026-06-02 15:48:51 Job submitted from host: <10.128.10.103:9618?addrs=10.128.10.103-9618&alias=npx-submitter.icecube.wisc.edu&noUDP&sock=schedd_2449_6386>
    DAG Node: Drootprod_20150221_43071
...
001 (19532816.000.000) 2026-06-02 15:53:00 Job executing on host: <10.128.10.115:33587?addrs=10.128.10.115-33587&alias=n-gibyte-00.icecube.wisc.edu>
	SlotName: slot1_175@n-gibyte-00.icecube.wisc.edu
	admin_mutex_1 = 0
	admin_mutex_2 = 0
	admin_mutex_3 = 0
	CondorScratchDir = "/scratch/condor/dir_2032972"
	Cpus = 1
	Disk = 5480
	GPUs = 0
	machine_token = 0
	Memory = 6016
...
006 (19532816.000.000) 2026-06-02 15:53:13 Image size of job updated: 119900
	118  -  MemoryUsage of job (MB)
	119900  -  ResidentSetSize of job (KB)
...
006 (19532816.000.000) 2026-06-02 15:58:13 Image size of job updated: 146372
	143  -  MemoryUsage of job (MB)
	146372  -  ResidentSetSize of job (KB)
...
006 (19532816.000.000) 2026-06-02 16:03:14 Image size of job updated: 167512
	164  -  MemoryUsage of job (MB)
	167512  -  ResidentSetSize of job (KB)
...
006 (19532816.000.000) 2026-06-02 16:08:14 Image size of job updated: 285024
	279  -  MemoryUsage of job (MB)
	285024  -  ResidentSetSize of job (KB)
...
006 (19532816.000.000) 2026-06-02 16:09:35 Image size of job updated: 289548
	279  -  MemoryUsage of job (MB)
	285024  -  ResidentSetSize of job (KB)
...
005 (19532816.000.000) 2026-06-02 16:09:35 Job terminated.
	(1) Normal termination (return value 0)
		Usr 0 00:15:19, Sys 0 00:00:13  -  Run Remote Usage
		Usr 0 00:00:00, Sys 0 00:00:00  -  Run Local Usage
		Usr 0 00:15:19, Sys 0 00:00:13  -  Total Remote Usage
		Usr 0 00:00:00, Sys 0 00:00:00  -  Total Local Usage
	0  -  Run Bytes Sent By Job
	0  -  Run Bytes Received By Job
	0  -  Total Bytes Sent By Job
	0  -  Total Bytes Received By Job
	Partitionable Resources :    Usage  Request Allocated 
	   admin_mutex_1         :                           0 
	   admin_mutex_2         :                           0 
	   admin_mutex_3         :                           0 
	   Cpus                  :     0.98        1         1 
	   Disk (KB)             :    12        2048      5480 
	   GPUs                  :                           0 
	   machine_token         :                           0 
	   Memory (MB)           :   279        6000      6016 
	   TimeExecute (s)       :   995                       
	   TimeSlotBusy (s)      :   996                       

	Job terminated of its own accord at 2026-06-02T21:09:35Z with exit-code 0.
...
