000 (19535775.000.000) 2026-06-02 15:55:03 Job submitted from host: <10.128.10.103:9618?addrs=10.128.10.103-9618&alias=npx-submitter.icecube.wisc.edu&noUDP&sock=schedd_2449_6386>
    DAG Node: Drootprod_20150905_32916
...
001 (19535775.000.000) 2026-06-02 16:59:30 Job executing on host: <10.128.10.44:44273?addrs=10.128.10.44-44273&alias=n-m610-34.icecube.wisc.edu>
	SlotName: slot1_6@n-m610-34.icecube.wisc.edu
	admin_mutex_1 = 0
	admin_mutex_2 = 0
	admin_mutex_3 = 0
	CondorScratchDir = "/scratch/condor/dir_2140845"
	Cpus = 1
	Disk = 3072
	GPUs = 0
	machine_token = 0
	Memory = 6016
...
006 (19535775.000.000) 2026-06-02 16:59:43 Image size of job updated: 121536
	119  -  MemoryUsage of job (MB)
	121536  -  ResidentSetSize of job (KB)
...
006 (19535775.000.000) 2026-06-02 17:04:43 Image size of job updated: 156244
	153  -  MemoryUsage of job (MB)
	156244  -  ResidentSetSize of job (KB)
...
006 (19535775.000.000) 2026-06-02 17:09:44 Image size of job updated: 283808
	278  -  MemoryUsage of job (MB)
	283808  -  ResidentSetSize of job (KB)
...
006 (19535775.000.000) 2026-06-02 17:14:41 Image size of job updated: 581876
	278  -  MemoryUsage of job (MB)
	283808  -  ResidentSetSize of job (KB)
...
005 (19535775.000.000) 2026-06-02 17:14:41 Job terminated.
	(1) Normal termination (return value 0)
		Usr 0 00:14:27, Sys 0 00:00:11  -  Run Remote Usage
		Usr 0 00:00:00, Sys 0 00:00:00  -  Run Local Usage
		Usr 0 00:14:27, Sys 0 00:00:11  -  Total Remote Usage
		Usr 0 00:00:00, Sys 0 00:00:00  -  Total Local Usage
	0  -  Run Bytes Sent By Job
	0  -  Run Bytes Received By Job
	0  -  Total Bytes Sent By Job
	0  -  Total Bytes Received By Job
	Partitionable Resources :    Usage  Request Allocated 
	   admin_mutex_1         :                           0 
	   admin_mutex_2         :                           0 
	   admin_mutex_3         :                           0 
	   Cpus                  :     0.97        1         1 
	   Disk (KB)             :    10        2048      3072 
	   GPUs                  :                           0 
	   machine_token         :                           0 
	   Memory (MB)           :   278        6000      6016 
	   TimeExecute (s)       :   911                       
	   TimeSlotBusy (s)      :   911                       

	Job terminated of its own accord at 2026-06-02T22:14:41Z with exit-code 0.
...
