000 (19533332.000.000) 2026-06-02 15:50:10 Job submitted from host: <10.128.10.103:9618?addrs=10.128.10.103-9618&alias=npx-submitter.icecube.wisc.edu&noUDP&sock=schedd_2449_6386>
    DAG Node: Drootprod_20150405_78826
...
001 (19533332.000.000) 2026-06-02 16:11:52 Job executing on host: <10.128.10.116:38163?addrs=10.128.10.116-38163&alias=n-gibyte-01.icecube.wisc.edu>
	SlotName: slot1_466@n-gibyte-01.icecube.wisc.edu
	admin_mutex_1 = 0
	admin_mutex_2 = 0
	admin_mutex_3 = 0
	CondorScratchDir = "/scratch/condor/dir_2459743"
	Cpus = 1
	Disk = 5480
	GPUs = 0
	machine_token = 0
	Memory = 6016
...
006 (19533332.000.000) 2026-06-02 16:12:06 Image size of job updated: 118892
	117  -  MemoryUsage of job (MB)
	118892  -  ResidentSetSize of job (KB)
...
006 (19533332.000.000) 2026-06-02 16:17:06 Image size of job updated: 142704
	140  -  MemoryUsage of job (MB)
	142704  -  ResidentSetSize of job (KB)
...
006 (19533332.000.000) 2026-06-02 16:22:07 Image size of job updated: 161164
	158  -  MemoryUsage of job (MB)
	161164  -  ResidentSetSize of job (KB)
...
022 (19533332.000.000) 2026-06-02 16:23:27 Job disconnected, attempting to reconnect
    Socket between submit and execute hosts closed unexpectedly
    Trying to reconnect to slot1_466@n-gibyte-01.icecube.wisc.edu <10.128.10.116:38163?addrs=10.128.10.116-38163&alias=n-gibyte-01.icecube.wisc.edu>
...
024 (19533332.000.000) 2026-06-02 17:03:27 Job reconnection failed
    Job disconnected too long: JobLeaseDuration (2400 seconds) expired
    Can not reconnect to slot1_466@n-gibyte-01.icecube.wisc.edu, rescheduling job
...
004 (19533332.000.000) 2026-06-02 17:03:37 Job was evicted.
	(0) CPU times
		Usr 0 00:09:35, Sys 0 00:00:06  -  Run Remote Usage
		Usr 0 00:00:00, Sys 0 00:00:00  -  Run Local Usage
	0  -  Run Bytes Sent By Job
	0  -  Run Bytes Received By Job
	Job disconnected too long: JobLeaseDuration (2400 seconds) expired
	Partitionable Resources :    Usage  Request Allocated 
	   admin_mutex_1         :                           0 
	   admin_mutex_2         :                           0 
	   admin_mutex_3         :                           0 
	   Cpus                  :     0.92        1         1 
	   Disk (KB)             :    17        2048      5480 
	   GPUs                  :                           0 
	   machine_token         :                           0 
	   Memory (MB)           :   158        6000      6016 
...
001 (19533332.000.000) 2026-06-02 17:08:01 Job executing on host: <10.128.10.238:43797?addrs=10.128.10.238-43797&alias=n-gpu-42.icecube.wisc.edu>
	SlotName: slot1_44@n-gpu-42.icecube.wisc.edu
	admin_mutex_1 = 0
	admin_mutex_2 = 0
	admin_mutex_3 = 0
	AvailableGPUs = {  }
	CondorScratchDir = "/scratch/condor/dir_2208312"
	Cpus = 1
	Disk = 3072
	GPUs = 0
	machine_token = 0
	Memory = 6016
...
006 (19533332.000.000) 2026-06-02 17:18:16 Image size of job updated: 274900
	269  -  MemoryUsage of job (MB)
	274900  -  ResidentSetSize of job (KB)
...
006 (19533332.000.000) 2026-06-02 17:23:16 Image size of job updated: 432920
	423  -  MemoryUsage of job (MB)
	432920  -  ResidentSetSize of job (KB)
...
006 (19533332.000.000) 2026-06-02 17:26:28 Image size of job updated: 740580
	423  -  MemoryUsage of job (MB)
	432920  -  ResidentSetSize of job (KB)
...
005 (19533332.000.000) 2026-06-02 17:26:28 Job terminated.
	(1) Normal termination (return value 0)
		Usr 0 00:17:14, Sys 0 00:00:17  -  Run Remote Usage
		Usr 0 00:00:00, Sys 0 00:00:00  -  Run Local Usage
		Usr 0 00:26:49, Sys 0 00:00:23  -  Total Remote Usage
		Usr 0 00:00:00, Sys 0 00:00:00  -  Total Local Usage
	0  -  Run Bytes Sent By Job
	0  -  Run Bytes Received By Job
	0  -  Total Bytes Sent By Job
	0  -  Total Bytes Received By Job
	Partitionable Resources :    Usage  Request Allocated 
	   admin_mutex_1         :                           0 
	   admin_mutex_2         :                           0 
	   admin_mutex_3         :                           0 
	   Cpus                  :     0.96        1         1 
	   Disk (KB)             :    17        2048      3072 
	   GPUs                  :                           0 
	   machine_token         :                           0 
	   Memory (MB)           :   423        6000      6016 
	   TimeExecute (s)       :  1107                       
	   TimeSlotBusy (s)      :  1107                       

	Job terminated of its own accord at 2026-06-02T22:26:28Z with exit-code 0.
...
