000 (19533898.000.000) 2026-06-02 15:51:22 Job submitted from host: <10.128.10.103:9618?addrs=10.128.10.103-9618&alias=npx-submitter.icecube.wisc.edu&noUDP&sock=schedd_2449_6386>
    DAG Node: Drootprod_20150511_63153
...
001 (19533898.000.000) 2026-06-02 16:22:25 Job executing on host: <10.128.10.115:33587?addrs=10.128.10.115-33587&alias=n-gibyte-00.icecube.wisc.edu>
	SlotName: slot1_384@n-gibyte-00.icecube.wisc.edu
	admin_mutex_1 = 0
	admin_mutex_2 = 0
	admin_mutex_3 = 0
	CondorScratchDir = "/scratch/condor/dir_2137758"
	Cpus = 1
	Disk = 5480
	GPUs = 0
	machine_token = 0
	Memory = 6016
...
006 (19533898.000.000) 2026-06-02 16:22:39 Image size of job updated: 119556
	117  -  MemoryUsage of job (MB)
	119556  -  ResidentSetSize of job (KB)
...
006 (19533898.000.000) 2026-06-02 16:27:39 Image size of job updated: 140664
	138  -  MemoryUsage of job (MB)
	140664  -  ResidentSetSize of job (KB)
...
006 (19533898.000.000) 2026-06-02 16:32:40 Image size of job updated: 159416
	156  -  MemoryUsage of job (MB)
	159416  -  ResidentSetSize of job (KB)
...
006 (19533898.000.000) 2026-06-02 16:37:40 Image size of job updated: 270768
	265  -  MemoryUsage of job (MB)
	270768  -  ResidentSetSize of job (KB)
...
006 (19533898.000.000) 2026-06-02 16:42:41 Image size of job updated: 288456
	282  -  MemoryUsage of job (MB)
	288456  -  ResidentSetSize of job (KB)
...
006 (19533898.000.000) 2026-06-02 16:47:41 Image size of job updated: 436148
	426  -  MemoryUsage of job (MB)
	436148  -  ResidentSetSize of job (KB)
...
006 (19533898.000.000) 2026-06-02 16:50:04 Image size of job updated: 591108
	426  -  MemoryUsage of job (MB)
	436148  -  ResidentSetSize of job (KB)
...
005 (19533898.000.000) 2026-06-02 16:50:04 Job terminated.
	(1) Normal termination (return value 0)
		Usr 0 00:26:02, Sys 0 00:00:17  -  Run Remote Usage
		Usr 0 00:00:00, Sys 0 00:00:00  -  Run Local Usage
		Usr 0 00:26:02, Sys 0 00:00:17  -  Total Remote Usage
		Usr 0 00:00:00, Sys 0 00:00:00  -  Total Local Usage
	0  -  Run Bytes Sent By Job
	0  -  Run Bytes Received By Job
	0  -  Total Bytes Sent By Job
	0  -  Total Bytes Received By Job
	Partitionable Resources :    Usage  Request Allocated 
	   admin_mutex_1         :                           0 
	   admin_mutex_2         :                           0 
	   admin_mutex_3         :                           0 
	   Cpus                  :     0.98        1         1 
	   Disk (KB)             :    17        2048      5480 
	   GPUs                  :                           0 
	   machine_token         :                           0 
	   Memory (MB)           :   426        6000      6016 
	   TimeExecute (s)       :  1659                       
	   TimeSlotBusy (s)      :  1659                       

	Job terminated of its own accord at 2026-06-02T21:50:04Z with exit-code 0.
...
