000 (19536304.000.000) 2026-06-02 15:56:10 Job submitted from host: <10.128.10.103:9618?addrs=10.128.10.103-9618&alias=npx-submitter.icecube.wisc.edu&noUDP&sock=schedd_2449_6386>
    DAG Node: Drootprod_20151011_86239
...
001 (19536304.000.000) 2026-06-02 17:18:04 Job executing on host: <10.128.10.117:43719?addrs=10.128.10.117-43719&alias=n-gibyte-02.icecube.wisc.edu>
	SlotName: slot1_259@n-gibyte-02.icecube.wisc.edu
	admin_mutex_1 = 0
	admin_mutex_2 = 0
	admin_mutex_3 = 0
	CondorScratchDir = "/scratch/condor/dir_3652333"
	Cpus = 1
	Disk = 5480
	GPUs = 0
	machine_token = 0
	Memory = 6016
...
006 (19536304.000.000) 2026-06-02 17:18:17 Image size of job updated: 118988
	117  -  MemoryUsage of job (MB)
	118988  -  ResidentSetSize of job (KB)
...
006 (19536304.000.000) 2026-06-02 17:23:17 Image size of job updated: 139772
	137  -  MemoryUsage of job (MB)
	139772  -  ResidentSetSize of job (KB)
...
006 (19536304.000.000) 2026-06-02 17:28:18 Image size of job updated: 158796
	156  -  MemoryUsage of job (MB)
	158796  -  ResidentSetSize of job (KB)
...
006 (19536304.000.000) 2026-06-02 17:33:18 Image size of job updated: 271324
	265  -  MemoryUsage of job (MB)
	271324  -  ResidentSetSize of job (KB)
...
006 (19536304.000.000) 2026-06-02 17:38:19 Image size of job updated: 287264
	281  -  MemoryUsage of job (MB)
	287264  -  ResidentSetSize of job (KB)
...
006 (19536304.000.000) 2026-06-02 17:43:19 Image size of job updated: 434180
	425  -  MemoryUsage of job (MB)
	434180  -  ResidentSetSize of job (KB)
...
006 (19536304.000.000) 2026-06-02 17:46:12 Image size of job updated: 583004
	425  -  MemoryUsage of job (MB)
	434180  -  ResidentSetSize of job (KB)
...
005 (19536304.000.000) 2026-06-02 17:46:12 Job terminated.
	(1) Normal termination (return value 0)
		Usr 0 00:27:02, Sys 0 00:00:16  -  Run Remote Usage
		Usr 0 00:00:00, Sys 0 00:00:00  -  Run Local Usage
		Usr 0 00:27:02, Sys 0 00:00:16  -  Total Remote Usage
		Usr 0 00:00:00, Sys 0 00:00:00  -  Total Local Usage
	0  -  Run Bytes Sent By Job
	0  -  Run Bytes Received By Job
	0  -  Total Bytes Sent By Job
	0  -  Total Bytes Received By Job
	Partitionable Resources :    Usage  Request Allocated 
	   admin_mutex_1         :                           0 
	   admin_mutex_2         :                           0 
	   admin_mutex_3         :                           0 
	   Cpus                  :     0.99        1         1 
	   Disk (KB)             :    10        2048      5480 
	   GPUs                  :                           0 
	   machine_token         :                           0 
	   Memory (MB)           :   425        6000      6016 
	   TimeExecute (s)       :  1688                       
	   TimeSlotBusy (s)      :  1689                       

	Job terminated of its own accord at 2026-06-02T22:46:12Z with exit-code 0.
...
