000 (19532583.000.000) 2026-06-02 15:48:06 Job submitted from host: <10.128.10.103:9618?addrs=10.128.10.103-9618&alias=npx-submitter.icecube.wisc.edu&noUDP&sock=schedd_2449_6386>
    DAG Node: Drootprod_20150128_29461
...
001 (19532583.000.000) 2026-06-02 15:48:15 Job executing on host: <10.128.10.116:38163?addrs=10.128.10.116-38163&alias=n-gibyte-01.icecube.wisc.edu>
	SlotName: slot1_410@n-gibyte-01.icecube.wisc.edu
	admin_mutex_1 = 0
	admin_mutex_2 = 0
	admin_mutex_3 = 0
	CondorScratchDir = "/scratch/condor/dir_2356859"
	Cpus = 1
	Disk = 5480
	GPUs = 0
	machine_token = 0
	Memory = 6016
...
006 (19532583.000.000) 2026-06-02 15:48:23 Image size of job updated: 120084
	118  -  MemoryUsage of job (MB)
	120084  -  ResidentSetSize of job (KB)
...
006 (19532583.000.000) 2026-06-02 15:53:23 Image size of job updated: 141496
	139  -  MemoryUsage of job (MB)
	141496  -  ResidentSetSize of job (KB)
...
006 (19532583.000.000) 2026-06-02 15:58:24 Image size of job updated: 159908
	157  -  MemoryUsage of job (MB)
	159908  -  ResidentSetSize of job (KB)
...
006 (19532583.000.000) 2026-06-02 16:03:24 Image size of job updated: 272752
	267  -  MemoryUsage of job (MB)
	272752  -  ResidentSetSize of job (KB)
...
006 (19532583.000.000) 2026-06-02 16:08:25 Image size of job updated: 290052
	284  -  MemoryUsage of job (MB)
	290052  -  ResidentSetSize of job (KB)
...
006 (19532583.000.000) 2026-06-02 16:13:25 Image size of job updated: 436576
	427  -  MemoryUsage of job (MB)
	436576  -  ResidentSetSize of job (KB)
...
006 (19532583.000.000) 2026-06-02 16:16:16 Image size of job updated: 707940
	427  -  MemoryUsage of job (MB)
	436576  -  ResidentSetSize of job (KB)
...
005 (19532583.000.000) 2026-06-02 16:16:16 Job terminated.
	(1) Normal termination (return value 0)
		Usr 0 00:26:23, Sys 0 00:00:15  -  Run Remote Usage
		Usr 0 00:00:00, Sys 0 00:00:00  -  Run Local Usage
		Usr 0 00:26:23, Sys 0 00:00:15  -  Total Remote Usage
		Usr 0 00:00:00, Sys 0 00:00:00  -  Total Local Usage
	0  -  Run Bytes Sent By Job
	0  -  Run Bytes Received By Job
	0  -  Total Bytes Sent By Job
	0  -  Total Bytes Received By Job
	Partitionable Resources :    Usage  Request Allocated 
	   admin_mutex_1         :                           0 
	   admin_mutex_2         :                           0 
	   admin_mutex_3         :                           0 
	   Cpus                  :     0.98        1         1 
	   Disk (KB)             :    17        2048      5480 
	   GPUs                  :                           0 
	   machine_token         :                           0 
	   Memory (MB)           :   427        6000      6016 
	   TimeExecute (s)       :  1681                       
	   TimeSlotBusy (s)      :  1682                       

	Job terminated of its own accord at 2026-06-02T21:16:16Z with exit-code 0.
...
