000 (19532469.000.000) 2026-06-02 15:47:42 Job submitted from host: <10.128.10.103:9618?addrs=10.128.10.103-9618&alias=npx-submitter.icecube.wisc.edu&noUDP&sock=schedd_2449_6386>
    DAG Node: Drootprod_20150108_93900
...
001 (19532469.000.000) 2026-06-02 15:47:47 Job executing on host: <10.128.10.116:38163?addrs=10.128.10.116-38163&alias=n-gibyte-01.icecube.wisc.edu>
	SlotName: slot1_332@n-gibyte-01.icecube.wisc.edu
	admin_mutex_1 = 0
	admin_mutex_2 = 0
	admin_mutex_3 = 0
	CondorScratchDir = "/scratch/condor/dir_2345182"
	Cpus = 1
	Disk = 5480
	GPUs = 0
	machine_token = 0
	Memory = 6016
...
006 (19532469.000.000) 2026-06-02 15:47:56 Image size of job updated: 122096
	120  -  MemoryUsage of job (MB)
	122096  -  ResidentSetSize of job (KB)
...
006 (19532469.000.000) 2026-06-02 15:52:57 Image size of job updated: 141052
	138  -  MemoryUsage of job (MB)
	141052  -  ResidentSetSize of job (KB)
...
006 (19532469.000.000) 2026-06-02 15:57:55 Image size of job updated: 165824
	138  -  MemoryUsage of job (MB)
	141052  -  ResidentSetSize of job (KB)
...
005 (19532469.000.000) 2026-06-02 15:57:55 Job terminated.
	(1) Normal termination (return value 0)
		Usr 0 00:09:33, Sys 0 00:00:06  -  Run Remote Usage
		Usr 0 00:00:00, Sys 0 00:00:00  -  Run Local Usage
		Usr 0 00:09:33, Sys 0 00:00:06  -  Total Remote Usage
		Usr 0 00:00:00, Sys 0 00:00:00  -  Total Local Usage
	0  -  Run Bytes Sent By Job
	0  -  Run Bytes Received By Job
	0  -  Total Bytes Sent By Job
	0  -  Total Bytes Received By Job
	Partitionable Resources :    Usage  Request Allocated 
	   admin_mutex_1         :                           0 
	   admin_mutex_2         :                           0 
	   admin_mutex_3         :                           0 
	   Cpus                  :     0.94        1         1 
	   Disk (KB)             :     7        2048      5480 
	   GPUs                  :                           0 
	   machine_token         :                           0 
	   Memory (MB)           :   138        6000      6016 
	   TimeExecute (s)       :   608                       
	   TimeSlotBusy (s)      :   608                       

	Job terminated of its own accord at 2026-06-02T20:57:55Z with exit-code 0.
...
