000 (19535895.000.000) 2026-06-02 15:55:20 Job submitted from host: <10.128.10.103:9618?addrs=10.128.10.103-9618&alias=npx-submitter.icecube.wisc.edu&noUDP&sock=schedd_2449_6386>
    DAG Node: Drootprod_20150916_99622
...
001 (19535895.000.000) 2026-06-02 17:01:54 Job executing on host: <10.128.10.192:35633?addrs=10.128.10.192-35633&alias=n-smepyc-05.icecube.wisc.edu>
	SlotName: slot1_67@n-smepyc-05.icecube.wisc.edu
	admin_mutex_1 = 0
	admin_mutex_2 = 0
	admin_mutex_3 = 0
	CondorScratchDir = "/scratch/condor/dir_299741"
	Cpus = 1
	Disk = 3072
	GPUs = 0
	machine_token = 0
	Memory = 6016
...
006 (19535895.000.000) 2026-06-02 17:02:08 Image size of job updated: 123132
	121  -  MemoryUsage of job (MB)
	123132  -  ResidentSetSize of job (KB)
...
006 (19535895.000.000) 2026-06-02 17:07:09 Image size of job updated: 160716
	157  -  MemoryUsage of job (MB)
	160716  -  ResidentSetSize of job (KB)
...
006 (19535895.000.000) 2026-06-02 17:12:09 Image size of job updated: 291376
	285  -  MemoryUsage of job (MB)
	291376  -  ResidentSetSize of job (KB)
...
006 (19535895.000.000) 2026-06-02 17:16:16 Image size of job updated: 741828
	285  -  MemoryUsage of job (MB)
	291376  -  ResidentSetSize of job (KB)
...
005 (19535895.000.000) 2026-06-02 17:16:16 Job terminated.
	(1) Normal termination (return value 0)
		Usr 0 00:13:33, Sys 0 00:00:12  -  Run Remote Usage
		Usr 0 00:00:00, Sys 0 00:00:00  -  Run Local Usage
		Usr 0 00:13:33, Sys 0 00:00:12  -  Total Remote Usage
		Usr 0 00:00:00, Sys 0 00:00:00  -  Total Local Usage
	0  -  Run Bytes Sent By Job
	0  -  Run Bytes Received By Job
	0  -  Total Bytes Sent By Job
	0  -  Total Bytes Received By Job
	Partitionable Resources :    Usage  Request Allocated 
	   admin_mutex_1         :                           0 
	   admin_mutex_2         :                           0 
	   admin_mutex_3         :                           0 
	   Cpus                  :     1.00        1         1 
	   Disk (KB)             :    10        2048      3072 
	   GPUs                  :                           0 
	   machine_token         :                           0 
	   Memory (MB)           :   285        6000      6016 
	   TimeExecute (s)       :   862                       
	   TimeSlotBusy (s)      :   862                       

	Job terminated of its own accord at 2026-06-02T22:16:16Z with exit-code 0.
...
