000 (19533633.000.000) 2026-06-02 15:50:49 Job submitted from host: <10.128.10.103:9618?addrs=10.128.10.103-9618&alias=npx-submitter.icecube.wisc.edu&noUDP&sock=schedd_2449_6386>
    DAG Node: Drootprod_20150423_46598
...
001 (19533633.000.000) 2026-06-02 16:18:03 Job executing on host: <10.128.10.116:38163?addrs=10.128.10.116-38163&alias=n-gibyte-01.icecube.wisc.edu>
	SlotName: slot1_132@n-gibyte-01.icecube.wisc.edu
	admin_mutex_1 = 0
	admin_mutex_2 = 0
	admin_mutex_3 = 0
	CondorScratchDir = "/scratch/condor/dir_2492897"
	Cpus = 1
	Disk = 5480
	GPUs = 0
	machine_token = 0
	Memory = 6016
...
006 (19533633.000.000) 2026-06-02 16:18:16 Image size of job updated: 119384
	117  -  MemoryUsage of job (MB)
	119384  -  ResidentSetSize of job (KB)
...
006 (19533633.000.000) 2026-06-02 16:23:16 Image size of job updated: 140052
	137  -  MemoryUsage of job (MB)
	140052  -  ResidentSetSize of job (KB)
...
021 (19533633.000.000) 2026-06-02 16:23:26 Error from starter on slot1_132@n-gibyte-01.icecube.wisc.edu:
	dprintf hit fatal errors
...
004 (19533633.000.000) 2026-06-02 16:23:26 Job was evicted.
	(0) CPU times
		Usr 0 00:04:47, Sys 0 00:00:03  -  Run Remote Usage
		Usr 0 00:00:00, Sys 0 00:00:00  -  Run Local Usage
	0  -  Run Bytes Sent By Job
	0  -  Run Bytes Received By Job
	Error from slot1_132@n-gibyte-01.icecube.wisc.edu: dprintf hit fatal errors
	Partitionable Resources :    Usage  Request Allocated 
	   admin_mutex_1         :                           0 
	   admin_mutex_2         :                           0 
	   admin_mutex_3         :                           0 
	   Cpus                  :     0.99        1         1 
	   Disk (KB)             :    15        2048      5480 
	   GPUs                  :                           0 
	   machine_token         :                           0 
	   Memory (MB)           :   137        6000      6016 
	   TimeSlotBusy (s)      :   324                       
...
001 (19533633.000.000) 2026-06-02 16:23:44 Job executing on host: <10.128.10.187:34023?addrs=10.128.10.187-34023&alias=n-smepyc-00.icecube.wisc.edu>
	SlotName: slot1_82@n-smepyc-00.icecube.wisc.edu
	admin_mutex_1 = 0
	admin_mutex_2 = 0
	admin_mutex_3 = 0
	CondorScratchDir = "/scratch/condor/dir_1750322"
	Cpus = 1
	Disk = 3072
	GPUs = 0
	machine_token = 0
	Memory = 6016
...
006 (19533633.000.000) 2026-06-02 16:28:57 Image size of job updated: 157072
	154  -  MemoryUsage of job (MB)
	157072  -  ResidentSetSize of job (KB)
...
006 (19533633.000.000) 2026-06-02 16:33:58 Image size of job updated: 287300
	281  -  MemoryUsage of job (MB)
	287300  -  ResidentSetSize of job (KB)
...
006 (19533633.000.000) 2026-06-02 16:35:56 Image size of job updated: 415924
	281  -  MemoryUsage of job (MB)
	287300  -  ResidentSetSize of job (KB)
...
005 (19533633.000.000) 2026-06-02 16:35:56 Job terminated.
	(1) Normal termination (return value 0)
		Usr 0 00:11:07, Sys 0 00:00:09  -  Run Remote Usage
		Usr 0 00:00:00, Sys 0 00:00:00  -  Run Local Usage
		Usr 0 00:15:54, Sys 0 00:00:12  -  Total Remote Usage
		Usr 0 00:00:00, Sys 0 00:00:00  -  Total Local Usage
	0  -  Run Bytes Sent By Job
	0  -  Run Bytes Received By Job
	0  -  Total Bytes Sent By Job
	0  -  Total Bytes Received By Job
	Partitionable Resources :    Usage  Request Allocated 
	   admin_mutex_1         :                           0 
	   admin_mutex_2         :                           0 
	   admin_mutex_3         :                           0 
	   Cpus                  :     0.93        1         1 
	   Disk (KB)             :    15        2048      3072 
	   GPUs                  :                           0 
	   machine_token         :                           0 
	   Memory (MB)           :   281        6000      6016 
	   TimeExecute (s)       :   732                       
	   TimeSlotBusy (s)      :   732                       

	Job terminated of its own accord at 2026-06-02T21:35:56Z with exit-code 0.
...
