000 (19537356.000.000) 2026-06-02 15:58:37 Job submitted from host: <10.128.10.103:9618?addrs=10.128.10.103-9618&alias=npx-submitter.icecube.wisc.edu&noUDP&sock=schedd_2449_6386>
    DAG Node: Drootprod_20151230_98790
...
001 (19537356.000.000) 2026-06-02 17:36:36 Job executing on host: <10.128.10.117:43719?addrs=10.128.10.117-43719&alias=n-gibyte-02.icecube.wisc.edu>
	SlotName: slot1_270@n-gibyte-02.icecube.wisc.edu
	admin_mutex_1 = 0
	admin_mutex_2 = 0
	admin_mutex_3 = 0
	CondorScratchDir = "/scratch/condor/dir_3732521"
	Cpus = 1
	Disk = 5480
	GPUs = 0
	machine_token = 0
	Memory = 6016
...
006 (19537356.000.000) 2026-06-02 17:36:49 Image size of job updated: 118556
	116  -  MemoryUsage of job (MB)
	118556  -  ResidentSetSize of job (KB)
...
006 (19537356.000.000) 2026-06-02 17:41:49 Image size of job updated: 141004
	138  -  MemoryUsage of job (MB)
	141004  -  ResidentSetSize of job (KB)
...
006 (19537356.000.000) 2026-06-02 17:46:50 Image size of job updated: 156400
	153  -  MemoryUsage of job (MB)
	156400  -  ResidentSetSize of job (KB)
...
006 (19537356.000.000) 2026-06-02 17:51:50 Image size of job updated: 172016
	168  -  MemoryUsage of job (MB)
	172016  -  ResidentSetSize of job (KB)
...
006 (19537356.000.000) 2026-06-02 17:56:50 Image size of job updated: 280276
	274  -  MemoryUsage of job (MB)
	280276  -  ResidentSetSize of job (KB)
...
006 (19537356.000.000) 2026-06-02 18:01:51 Image size of job updated: 292288
	286  -  MemoryUsage of job (MB)
	292288  -  ResidentSetSize of job (KB)
...
006 (19537356.000.000) 2026-06-02 18:05:51 Image size of job updated: 436700
	286  -  MemoryUsage of job (MB)
	292288  -  ResidentSetSize of job (KB)
...
005 (19537356.000.000) 2026-06-02 18:05:51 Job terminated.
	(1) Normal termination (return value 0)
		Usr 0 00:28:01, Sys 0 00:00:15  -  Run Remote Usage
		Usr 0 00:00:00, Sys 0 00:00:00  -  Run Local Usage
		Usr 0 00:28:01, Sys 0 00:00:15  -  Total Remote Usage
		Usr 0 00:00:00, Sys 0 00:00:00  -  Total Local Usage
	0  -  Run Bytes Sent By Job
	0  -  Run Bytes Received By Job
	0  -  Total Bytes Sent By Job
	0  -  Total Bytes Received By Job
	Partitionable Resources :    Usage  Request Allocated 
	   admin_mutex_1         :                           0 
	   admin_mutex_2         :                           0 
	   admin_mutex_3         :                           0 
	   Cpus                  :     0.98        1         1 
	   Disk (KB)             :    12        2048      5480 
	   GPUs                  :                           0 
	   machine_token         :                           0 
	   Memory (MB)           :   286        6000      6016 
	   TimeExecute (s)       :  1755                       
	   TimeSlotBusy (s)      :  1756                       

	Job terminated of its own accord at 2026-06-02T23:05:51Z with exit-code 0.
...
