000 (19535107.000.000) 2026-06-02 15:53:38 Job submitted from host: <10.128.10.103:9618?addrs=10.128.10.103-9618&alias=npx-submitter.icecube.wisc.edu&noUDP&sock=schedd_2449_6386>
    DAG Node: Drootprod_20150722_95992
...
001 (19535107.000.000) 2026-06-02 16:46:30 Job executing on host: <10.128.10.238:43797?addrs=10.128.10.238-43797&alias=n-gpu-42.icecube.wisc.edu>
	SlotName: slot1_42@n-gpu-42.icecube.wisc.edu
	admin_mutex_1 = 0
	admin_mutex_2 = 0
	admin_mutex_3 = 0
	AvailableGPUs = {  }
	CondorScratchDir = "/scratch/condor/dir_2126647"
	Cpus = 1
	Disk = 3072
	GPUs = 0
	machine_token = 0
	Memory = 6016
...
006 (19535107.000.000) 2026-06-02 16:46:44 Image size of job updated: 120960
	119  -  MemoryUsage of job (MB)
	120960  -  ResidentSetSize of job (KB)
...
006 (19535107.000.000) 2026-06-02 16:51:45 Image size of job updated: 153600
	150  -  MemoryUsage of job (MB)
	153600  -  ResidentSetSize of job (KB)
...
006 (19535107.000.000) 2026-06-02 16:56:46 Image size of job updated: 276308
	270  -  MemoryUsage of job (MB)
	276308  -  ResidentSetSize of job (KB)
...
006 (19535107.000.000) 2026-06-02 17:01:46 Image size of job updated: 433536
	424  -  MemoryUsage of job (MB)
	433536  -  ResidentSetSize of job (KB)
...
006 (19535107.000.000) 2026-06-02 17:05:41 Image size of job updated: 739300
	424  -  MemoryUsage of job (MB)
	433536  -  ResidentSetSize of job (KB)
...
005 (19535107.000.000) 2026-06-02 17:05:41 Job terminated.
	(1) Normal termination (return value 0)
		Usr 0 00:17:56, Sys 0 00:00:16  -  Run Remote Usage
		Usr 0 00:00:00, Sys 0 00:00:00  -  Run Local Usage
		Usr 0 00:17:56, Sys 0 00:00:16  -  Total Remote Usage
		Usr 0 00:00:00, Sys 0 00:00:00  -  Total Local Usage
	0  -  Run Bytes Sent By Job
	0  -  Run Bytes Received By Job
	0  -  Total Bytes Sent By Job
	0  -  Total Bytes Received By Job
	Partitionable Resources :    Usage  Request Allocated 
	   admin_mutex_1         :                           0 
	   admin_mutex_2         :                           0 
	   admin_mutex_3         :                           0 
	   Cpus                  :     0.76        1         1 
	   Disk (KB)             :    10        2048      3072 
	   GPUs                  :                           0 
	   machine_token         :                           0 
	   Memory (MB)           :   424        6000      6016 
	   TimeExecute (s)       :  1151                       
	   TimeSlotBusy (s)      :  1151                       

	Job terminated of its own accord at 2026-06-02T22:05:41Z with exit-code 0.
...
