000 (19536127.000.000) 2026-06-02 15:55:48 Job submitted from host: <10.128.10.103:9618?addrs=10.128.10.103-9618&alias=npx-submitter.icecube.wisc.edu&noUDP&sock=schedd_2449_6386>
    DAG Node: Drootprod_20150929_44219
...
001 (19536127.000.000) 2026-06-02 17:14:45 Job executing on host: <10.128.10.44:44273?addrs=10.128.10.44-44273&alias=n-m610-34.icecube.wisc.edu>
	SlotName: slot1_6@n-m610-34.icecube.wisc.edu
	admin_mutex_1 = 0
	admin_mutex_2 = 0
	admin_mutex_3 = 0
	CondorScratchDir = "/scratch/condor/dir_2193759"
	Cpus = 1
	Disk = 3072
	GPUs = 0
	machine_token = 0
	Memory = 6016
...
006 (19536127.000.000) 2026-06-02 17:14:59 Image size of job updated: 121584
	119  -  MemoryUsage of job (MB)
	121584  -  ResidentSetSize of job (KB)
...
006 (19536127.000.000) 2026-06-02 17:20:00 Image size of job updated: 155508
	152  -  MemoryUsage of job (MB)
	155508  -  ResidentSetSize of job (KB)
...
006 (19536127.000.000) 2026-06-02 17:25:00 Image size of job updated: 281676
	276  -  MemoryUsage of job (MB)
	281676  -  ResidentSetSize of job (KB)
...
006 (19536127.000.000) 2026-06-02 17:29:07 Image size of job updated: 444068
	276  -  MemoryUsage of job (MB)
	281676  -  ResidentSetSize of job (KB)
...
005 (19536127.000.000) 2026-06-02 17:29:07 Job terminated.
	(1) Normal termination (return value 0)
		Usr 0 00:13:43, Sys 0 00:00:11  -  Run Remote Usage
		Usr 0 00:00:00, Sys 0 00:00:00  -  Run Local Usage
		Usr 0 00:13:43, Sys 0 00:00:11  -  Total Remote Usage
		Usr 0 00:00:00, Sys 0 00:00:00  -  Total Local Usage
	0  -  Run Bytes Sent By Job
	0  -  Run Bytes Received By Job
	0  -  Total Bytes Sent By Job
	0  -  Total Bytes Received By Job
	Partitionable Resources :    Usage  Request Allocated 
	   admin_mutex_1         :                           0 
	   admin_mutex_2         :                           0 
	   admin_mutex_3         :                           0 
	   Cpus                  :     0.99        1         1 
	   Disk (KB)             :    10        2048      3072 
	   GPUs                  :                           0 
	   machine_token         :                           0 
	   Memory (MB)           :   276        6000      6016 
	   TimeExecute (s)       :   862                       
	   TimeSlotBusy (s)      :   862                       

	Job terminated of its own accord at 2026-06-02T22:29:07Z with exit-code 0.
...
