000 (19536047.000.000) 2026-06-02 15:55:38 Job submitted from host: <10.128.10.103:9618?addrs=10.128.10.103-9618&alias=npx-submitter.icecube.wisc.edu&noUDP&sock=schedd_2449_6386>
    DAG Node: Drootprod_20150924_93580
...
001 (19536047.000.000) 2026-06-02 17:12:58 Job executing on host: <10.128.10.32:39611?addrs=10.128.10.32-39611&alias=n-m610-22.icecube.wisc.edu>
	SlotName: slot1_2@n-m610-22.icecube.wisc.edu
	admin_mutex_1 = 0
	admin_mutex_2 = 0
	admin_mutex_3 = 0
	CondorScratchDir = "/scratch/condor/dir_370095"
	Cpus = 1
	Disk = 3072
	GPUs = 0
	machine_token = 0
	Memory = 6016
...
006 (19536047.000.000) 2026-06-02 17:13:11 Image size of job updated: 119652
	117  -  MemoryUsage of job (MB)
	119652  -  ResidentSetSize of job (KB)
...
006 (19536047.000.000) 2026-06-02 17:18:11 Image size of job updated: 156620
	153  -  MemoryUsage of job (MB)
	156620  -  ResidentSetSize of job (KB)
...
006 (19536047.000.000) 2026-06-02 17:23:13 Image size of job updated: 283104
	277  -  MemoryUsage of job (MB)
	283104  -  ResidentSetSize of job (KB)
...
006 (19536047.000.000) 2026-06-02 17:27:53 Image size of job updated: 441484
	277  -  MemoryUsage of job (MB)
	283104  -  ResidentSetSize of job (KB)
...
005 (19536047.000.000) 2026-06-02 17:27:53 Job terminated.
	(1) Normal termination (return value 0)
		Usr 0 00:14:08, Sys 0 00:00:11  -  Run Remote Usage
		Usr 0 00:00:00, Sys 0 00:00:00  -  Run Local Usage
		Usr 0 00:14:08, Sys 0 00:00:11  -  Total Remote Usage
		Usr 0 00:00:00, Sys 0 00:00:00  -  Total Local Usage
	0  -  Run Bytes Sent By Job
	0  -  Run Bytes Received By Job
	0  -  Total Bytes Sent By Job
	0  -  Total Bytes Received By Job
	Partitionable Resources :    Usage  Request Allocated 
	   admin_mutex_1         :                           0 
	   admin_mutex_2         :                           0 
	   admin_mutex_3         :                           0 
	   Cpus                  :     0.96        1         1 
	   Disk (KB)             :    10        2048      3072 
	   GPUs                  :                           0 
	   machine_token         :                           0 
	   Memory (MB)           :   277        6000      6016 
	   TimeExecute (s)       :   895                       
	   TimeSlotBusy (s)      :   895                       

	Job terminated of its own accord at 2026-06-02T22:27:53Z with exit-code 0.
...
