000 (19533827.000.000) 2026-06-02 15:51:13 Job submitted from host: <10.128.10.103:9618?addrs=10.128.10.103-9618&alias=npx-submitter.icecube.wisc.edu&noUDP&sock=schedd_2449_6386>
    DAG Node: Drootprod_20150507_40074
...
001 (19533827.000.000) 2026-06-02 16:20:42 Job executing on host: <10.128.10.116:38163?addrs=10.128.10.116-38163&alias=n-gibyte-01.icecube.wisc.edu>
	SlotName: slot1_463@n-gibyte-01.icecube.wisc.edu
	admin_mutex_1 = 0
	admin_mutex_2 = 0
	admin_mutex_3 = 0
	CondorScratchDir = "/scratch/condor/dir_2506280"
	Cpus = 1
	Disk = 5480
	GPUs = 0
	machine_token = 0
	Memory = 6016
...
006 (19533827.000.000) 2026-06-02 16:20:55 Image size of job updated: 119072
	117  -  MemoryUsage of job (MB)
	119072  -  ResidentSetSize of job (KB)
...
022 (19533827.000.000) 2026-06-02 16:23:27 Job disconnected, attempting to reconnect
    Socket between submit and execute hosts closed unexpectedly
    Trying to reconnect to slot1_463@n-gibyte-01.icecube.wisc.edu <10.128.10.116:38163?addrs=10.128.10.116-38163&alias=n-gibyte-01.icecube.wisc.edu>
...
024 (19533827.000.000) 2026-06-02 17:03:27 Job reconnection failed
    Job disconnected too long: JobLeaseDuration (2400 seconds) expired
    Can not reconnect to slot1_463@n-gibyte-01.icecube.wisc.edu, rescheduling job
...
004 (19533827.000.000) 2026-06-02 17:03:37 Job was evicted.
	(0) CPU times
		Usr 0 00:00:05, Sys 0 00:00:00  -  Run Remote Usage
		Usr 0 00:00:00, Sys 0 00:00:00  -  Run Local Usage
	0  -  Run Bytes Sent By Job
	0  -  Run Bytes Received By Job
	Job disconnected too long: JobLeaseDuration (2400 seconds) expired
	Partitionable Resources :    Usage  Request Allocated 
	   admin_mutex_1         :                           0 
	   admin_mutex_2         :                           0 
	   admin_mutex_3         :                           0 
	   Cpus                  :                 1         1 
	   Disk (KB)             :       15     2048      5480 
	   GPUs                  :                           0 
	   machine_token         :                           0 
	   Memory (MB)           :      117     6000      6016 
...
001 (19533827.000.000) 2026-06-02 17:10:27 Job executing on host: <10.128.10.189:44027?addrs=10.128.10.189-44027&alias=n-smepyc-02.icecube.wisc.edu>
	SlotName: slot1_49@n-smepyc-02.icecube.wisc.edu
	admin_mutex_1 = 0
	admin_mutex_2 = 0
	admin_mutex_3 = 0
	CondorScratchDir = "/scratch/condor/dir_532578"
	Cpus = 1
	Disk = 3072
	GPUs = 0
	machine_token = 0
	Memory = 6016
...
006 (19533827.000.000) 2026-06-02 17:15:42 Image size of job updated: 165920
	163  -  MemoryUsage of job (MB)
	165920  -  ResidentSetSize of job (KB)
...
006 (19533827.000.000) 2026-06-02 17:20:42 Image size of job updated: 415572
	406  -  MemoryUsage of job (MB)
	415572  -  ResidentSetSize of job (KB)
...
006 (19533827.000.000) 2026-06-02 17:21:43 Image size of job updated: 424280
	406  -  MemoryUsage of job (MB)
	415572  -  ResidentSetSize of job (KB)
...
005 (19533827.000.000) 2026-06-02 17:21:43 Job terminated.
	(1) Normal termination (return value 0)
		Usr 0 00:10:36, Sys 0 00:00:10  -  Run Remote Usage
		Usr 0 00:00:00, Sys 0 00:00:00  -  Run Local Usage
		Usr 0 00:10:41, Sys 0 00:00:10  -  Total Remote Usage
		Usr 0 00:00:00, Sys 0 00:00:00  -  Total Local Usage
	0  -  Run Bytes Sent By Job
	0  -  Run Bytes Received By Job
	0  -  Total Bytes Sent By Job
	0  -  Total Bytes Received By Job
	Partitionable Resources :    Usage  Request Allocated 
	   admin_mutex_1         :                           0 
	   admin_mutex_2         :                           0 
	   admin_mutex_3         :                           0 
	   Cpus                  :     0.98        1         1 
	   Disk (KB)             :    15        2048      3072 
	   GPUs                  :                           0 
	   machine_token         :                           0 
	   Memory (MB)           :   406        6000      6016 
	   TimeExecute (s)       :   676                       
	   TimeSlotBusy (s)      :   676                       

	Job terminated of its own accord at 2026-06-02T22:21:43Z with exit-code 0.
...
