000 (19533247.000.000) 2026-06-02 15:49:58 Job submitted from host: <10.128.10.103:9618?addrs=10.128.10.103-9618&alias=npx-submitter.icecube.wisc.edu&noUDP&sock=schedd_2449_6386>
    DAG Node: Drootprod_20150329_83513
...
001 (19533247.000.000) 2026-06-02 16:09:44 Job executing on host: <10.128.10.11:37313?addrs=10.128.10.11-37313&alias=n-m610-01.icecube.wisc.edu>
	SlotName: slot1_2@n-m610-01.icecube.wisc.edu
	admin_mutex_1 = 0
	admin_mutex_2 = 0
	admin_mutex_3 = 0
	CondorScratchDir = "/scratch/condor/dir_1207471"
	Cpus = 1
	Disk = 3072
	GPUs = 0
	machine_token = 0
	Memory = 6016
...
006 (19533247.000.000) 2026-06-02 16:09:57 Image size of job updated: 120380
	118  -  MemoryUsage of job (MB)
	120380  -  ResidentSetSize of job (KB)
...
006 (19533247.000.000) 2026-06-02 16:14:57 Image size of job updated: 155196
	152  -  MemoryUsage of job (MB)
	155196  -  ResidentSetSize of job (KB)
...
006 (19533247.000.000) 2026-06-02 16:19:58 Image size of job updated: 282380
	276  -  MemoryUsage of job (MB)
	282380  -  ResidentSetSize of job (KB)
...
006 (19533247.000.000) 2026-06-02 16:24:59 Image size of job updated: 440860
	431  -  MemoryUsage of job (MB)
	440860  -  ResidentSetSize of job (KB)
...
006 (19533247.000.000) 2026-06-02 16:26:26 Image size of job updated: 741120
	431  -  MemoryUsage of job (MB)
	440860  -  ResidentSetSize of job (KB)
...
005 (19533247.000.000) 2026-06-02 16:26:26 Job terminated.
	(1) Normal termination (return value 0)
		Usr 0 00:15:22, Sys 0 00:00:12  -  Run Remote Usage
		Usr 0 00:00:00, Sys 0 00:00:00  -  Run Local Usage
		Usr 0 00:15:22, Sys 0 00:00:12  -  Total Remote Usage
		Usr 0 00:00:00, Sys 0 00:00:00  -  Total Local Usage
	0  -  Run Bytes Sent By Job
	0  -  Run Bytes Received By Job
	0  -  Total Bytes Sent By Job
	0  -  Total Bytes Received By Job
	Partitionable Resources :    Usage  Request Allocated 
	   admin_mutex_1         :                           0 
	   admin_mutex_2         :                           0 
	   admin_mutex_3         :                           0 
	   Cpus                  :     0.97        1         1 
	   Disk (KB)             :    17        2048      3072 
	   GPUs                  :                           0 
	   machine_token         :                           0 
	   Memory (MB)           :   431        6000      6016 
	   TimeExecute (s)       :  1002                       
	   TimeSlotBusy (s)      :  1002                       

	Job terminated of its own accord at 2026-06-02T21:26:26Z with exit-code 0.
...
