000 (19535545.000.000) 2026-06-02 15:54:35 Job submitted from host: <10.128.10.103:9618?addrs=10.128.10.103-9618&alias=npx-submitter.icecube.wisc.edu&noUDP&sock=schedd_2449_6386>
    DAG Node: Drootprod_20150823_63150
...
001 (19535545.000.000) 2026-06-02 16:55:32 Job executing on host: <10.128.10.115:33587?addrs=10.128.10.115-33587&alias=n-gibyte-00.icecube.wisc.edu>
	SlotName: slot1_397@n-gibyte-00.icecube.wisc.edu
	admin_mutex_1 = 0
	admin_mutex_2 = 0
	admin_mutex_3 = 0
	CondorScratchDir = "/scratch/condor/dir_2265734"
	Cpus = 1
	Disk = 5480
	GPUs = 0
	machine_token = 0
	Memory = 6016
...
006 (19535545.000.000) 2026-06-02 16:55:46 Image size of job updated: 120364
	118  -  MemoryUsage of job (MB)
	120364  -  ResidentSetSize of job (KB)
...
006 (19535545.000.000) 2026-06-02 17:00:47 Image size of job updated: 143156
	140  -  MemoryUsage of job (MB)
	143156  -  ResidentSetSize of job (KB)
...
006 (19535545.000.000) 2026-06-02 17:05:47 Image size of job updated: 159996
	157  -  MemoryUsage of job (MB)
	159996  -  ResidentSetSize of job (KB)
...
006 (19535545.000.000) 2026-06-02 17:10:48 Image size of job updated: 274248
	268  -  MemoryUsage of job (MB)
	274248  -  ResidentSetSize of job (KB)
...
006 (19535545.000.000) 2026-06-02 17:15:48 Image size of job updated: 295120
	289  -  MemoryUsage of job (MB)
	295120  -  ResidentSetSize of job (KB)
...
006 (19535545.000.000) 2026-06-02 17:20:49 Image size of job updated: 442880
	433  -  MemoryUsage of job (MB)
	442880  -  ResidentSetSize of job (KB)
...
006 (19535545.000.000) 2026-06-02 17:25:13 Image size of job updated: 744036
	433  -  MemoryUsage of job (MB)
	442880  -  ResidentSetSize of job (KB)
...
005 (19535545.000.000) 2026-06-02 17:25:13 Job terminated.
	(1) Normal termination (return value 0)
		Usr 0 00:28:17, Sys 0 00:00:19  -  Run Remote Usage
		Usr 0 00:00:00, Sys 0 00:00:00  -  Run Local Usage
		Usr 0 00:28:17, Sys 0 00:00:19  -  Total Remote Usage
		Usr 0 00:00:00, Sys 0 00:00:00  -  Total Local Usage
	0  -  Run Bytes Sent By Job
	0  -  Run Bytes Received By Job
	0  -  Total Bytes Sent By Job
	0  -  Total Bytes Received By Job
	Partitionable Resources :    Usage  Request Allocated 
	   admin_mutex_1         :                           0 
	   admin_mutex_2         :                           0 
	   admin_mutex_3         :                           0 
	   Cpus                  :     0.98        1         1 
	   Disk (KB)             :    10        2048      5480 
	   GPUs                  :                           0 
	   machine_token         :                           0 
	   Memory (MB)           :   433        6000      6016 
	   TimeExecute (s)       :  1781                       
	   TimeSlotBusy (s)      :  1781                       

	Job terminated of its own accord at 2026-06-02T22:25:13Z with exit-code 0.
...
