000 (19534608.000.000) 2026-06-02 15:52:44 Job submitted from host: <10.128.10.103:9618?addrs=10.128.10.103-9618&alias=npx-submitter.icecube.wisc.edu&noUDP&sock=schedd_2449_6386>
    DAG Node: Drootprod_20150625_25937
...
001 (19534608.000.000) 2026-06-02 16:37:45 Job executing on host: <10.128.10.43:33749?addrs=10.128.10.43-33749&alias=n-m610-33.icecube.wisc.edu>
	SlotName: slot1_7@n-m610-33.icecube.wisc.edu
	admin_mutex_1 = 0
	admin_mutex_2 = 0
	admin_mutex_3 = 0
	CondorScratchDir = "/scratch/condor/dir_1871627"
	Cpus = 1
	Disk = 3072
	GPUs = 0
	machine_token = 0
	Memory = 6016
...
006 (19534608.000.000) 2026-06-02 16:37:59 Image size of job updated: 99852
	98  -  MemoryUsage of job (MB)
	99852  -  ResidentSetSize of job (KB)
...
006 (19534608.000.000) 2026-06-02 16:43:00 Image size of job updated: 155664
	153  -  MemoryUsage of job (MB)
	155664  -  ResidentSetSize of job (KB)
...
006 (19534608.000.000) 2026-06-02 16:48:00 Image size of job updated: 282876
	277  -  MemoryUsage of job (MB)
	282876  -  ResidentSetSize of job (KB)
...
006 (19534608.000.000) 2026-06-02 16:53:01 Image size of job updated: 444616
	435  -  MemoryUsage of job (MB)
	444616  -  ResidentSetSize of job (KB)
...
006 (19534608.000.000) 2026-06-02 16:54:02 Image size of job updated: 726952
	435  -  MemoryUsage of job (MB)
	444616  -  ResidentSetSize of job (KB)
...
005 (19534608.000.000) 2026-06-02 16:54:02 Job terminated.
	(1) Normal termination (return value 0)
		Usr 0 00:15:23, Sys 0 00:00:12  -  Run Remote Usage
		Usr 0 00:00:00, Sys 0 00:00:00  -  Run Local Usage
		Usr 0 00:15:23, Sys 0 00:00:12  -  Total Remote Usage
		Usr 0 00:00:00, Sys 0 00:00:00  -  Total Local Usage
	0  -  Run Bytes Sent By Job
	0  -  Run Bytes Received By Job
	0  -  Total Bytes Sent By Job
	0  -  Total Bytes Received By Job
	Partitionable Resources :    Usage  Request Allocated 
	   admin_mutex_1         :                           0 
	   admin_mutex_2         :                           0 
	   admin_mutex_3         :                           0 
	   Cpus                  :     0.98        1         1 
	   Disk (KB)             :    10        2048      3072 
	   GPUs                  :                           0 
	   machine_token         :                           0 
	   Memory (MB)           :   435        6000      6016 
	   TimeExecute (s)       :   977                       
	   TimeSlotBusy (s)      :   977                       

	Job terminated of its own accord at 2026-06-02T21:54:02Z with exit-code 0.
...
