000 (19536913.000.000) 2026-06-02 15:57:29 Job submitted from host: <10.128.10.103:9618?addrs=10.128.10.103-9618&alias=npx-submitter.icecube.wisc.edu&noUDP&sock=schedd_2449_6386>
    DAG Node: Drootprod_20151123_68636
...
001 (19536913.000.000) 2026-06-02 17:29:01 Job executing on host: <10.128.11.110:33229?addrs=10.128.11.110-33229&alias=n-r720-51.icecube.wisc.edu>
	SlotName: slot1_2@n-r720-51.icecube.wisc.edu
	admin_mutex_1 = 0
	admin_mutex_2 = 0
	admin_mutex_3 = 0
	CondorScratchDir = "/scratch/condor/dir_1645220"
	Cpus = 1
	Disk = 3717
	GPUs = 0
	machine_token = 0
	Memory = 6016
...
006 (19536913.000.000) 2026-06-02 17:29:15 Image size of job updated: 120264
	118  -  MemoryUsage of job (MB)
	120264  -  ResidentSetSize of job (KB)
...
006 (19536913.000.000) 2026-06-02 17:34:16 Image size of job updated: 143620
	141  -  MemoryUsage of job (MB)
	143620  -  ResidentSetSize of job (KB)
...
006 (19536913.000.000) 2026-06-02 17:39:16 Image size of job updated: 163384
	160  -  MemoryUsage of job (MB)
	163384  -  ResidentSetSize of job (KB)
...
006 (19536913.000.000) 2026-06-02 17:44:17 Image size of job updated: 279588
	274  -  MemoryUsage of job (MB)
	279588  -  ResidentSetSize of job (KB)
...
006 (19536913.000.000) 2026-06-02 17:49:18 Image size of job updated: 410064
	401  -  MemoryUsage of job (MB)
	410064  -  ResidentSetSize of job (KB)
...
006 (19536913.000.000) 2026-06-02 17:54:18 Image size of job updated: 717780
	701  -  MemoryUsage of job (MB)
	717780  -  ResidentSetSize of job (KB)
...
005 (19536913.000.000) 2026-06-02 17:54:19 Job terminated.
	(1) Normal termination (return value 0)
		Usr 0 00:24:06, Sys 0 00:00:19  -  Run Remote Usage
		Usr 0 00:00:00, Sys 0 00:00:00  -  Run Local Usage
		Usr 0 00:24:06, Sys 0 00:00:19  -  Total Remote Usage
		Usr 0 00:00:00, Sys 0 00:00:00  -  Total Local Usage
	0  -  Run Bytes Sent By Job
	0  -  Run Bytes Received By Job
	0  -  Total Bytes Sent By Job
	0  -  Total Bytes Received By Job
	Partitionable Resources :    Usage  Request Allocated 
	   admin_mutex_1         :                           0 
	   admin_mutex_2         :                           0 
	   admin_mutex_3         :                           0 
	   Cpus                  :     0.96        1         1 
	   Disk (KB)             :    12        2048      3717 
	   GPUs                  :                           0 
	   machine_token         :                           0 
	   Memory (MB)           :   701        6000      6016 
	   TimeExecute (s)       :  1518                       
	   TimeSlotBusy (s)      :  1518                       

	Job terminated of its own accord at 2026-06-02T22:54:19Z with exit-code 0.
...
