000 (19535794.000.000) 2026-06-02 15:55:05 Job submitted from host: <10.128.10.103:9618?addrs=10.128.10.103-9618&alias=npx-submitter.icecube.wisc.edu&noUDP&sock=schedd_2449_6386>
    DAG Node: Drootprod_20150907_47604
...
001 (19535794.000.000) 2026-06-02 16:59:46 Job executing on host: <10.128.10.187:34023?addrs=10.128.10.187-34023&alias=n-smepyc-00.icecube.wisc.edu>
	SlotName: slot1_32@n-smepyc-00.icecube.wisc.edu
	admin_mutex_1 = 0
	admin_mutex_2 = 0
	admin_mutex_3 = 0
	CondorScratchDir = "/scratch/condor/dir_1886977"
	Cpus = 1
	Disk = 3072
	GPUs = 0
	machine_token = 0
	Memory = 6016
...
006 (19535794.000.000) 2026-06-02 17:00:00 Image size of job updated: 122552
	120  -  MemoryUsage of job (MB)
	122552  -  ResidentSetSize of job (KB)
...
006 (19535794.000.000) 2026-06-02 17:05:00 Image size of job updated: 157908
	155  -  MemoryUsage of job (MB)
	157908  -  ResidentSetSize of job (KB)
...
006 (19535794.000.000) 2026-06-02 17:10:00 Image size of job updated: 287524
	281  -  MemoryUsage of job (MB)
	287524  -  ResidentSetSize of job (KB)
...
006 (19535794.000.000) 2026-06-02 17:10:12 Image size of job updated: 288476
	281  -  MemoryUsage of job (MB)
	287524  -  ResidentSetSize of job (KB)
...
005 (19535794.000.000) 2026-06-02 17:10:12 Job terminated.
	(1) Normal termination (return value 0)
		Usr 0 00:09:32, Sys 0 00:00:08  -  Run Remote Usage
		Usr 0 00:00:00, Sys 0 00:00:00  -  Run Local Usage
		Usr 0 00:09:32, Sys 0 00:00:08  -  Total Remote Usage
		Usr 0 00:00:00, Sys 0 00:00:00  -  Total Local Usage
	0  -  Run Bytes Sent By Job
	0  -  Run Bytes Received By Job
	0  -  Total Bytes Sent By Job
	0  -  Total Bytes Received By Job
	Partitionable Resources :    Usage  Request Allocated 
	   admin_mutex_1         :                           0 
	   admin_mutex_2         :                           0 
	   admin_mutex_3         :                           0 
	   Cpus                  :     0.99        1         1 
	   Disk (KB)             :     7        2048      3072 
	   GPUs                  :                           0 
	   machine_token         :                           0 
	   Memory (MB)           :   281        6000      6016 
	   TimeExecute (s)       :   626                       
	   TimeSlotBusy (s)      :   626                       

	Job terminated of its own accord at 2026-06-02T22:10:12Z with exit-code 0.
...
