000 (19533472.000.000) 2026-06-02 15:50:28 Job submitted from host: <10.128.10.103:9618?addrs=10.128.10.103-9618&alias=npx-submitter.icecube.wisc.edu&noUDP&sock=schedd_2449_6386>
    DAG Node: Drootprod_20150413_95358
...
001 (19533472.000.000) 2026-06-02 16:14:26 Job executing on host: <10.128.11.36:45179?addrs=10.128.11.36-45179&alias=n-smbc-17.icecube.wisc.edu>
	SlotName: slot1_12@n-smbc-17.icecube.wisc.edu
	admin_mutex_1 = 0
	admin_mutex_2 = 0
	admin_mutex_3 = 0
	CondorScratchDir = "/scratch/condor/dir_13616"
	Cpus = 1
	Disk = 3072
	GPUs = 0
	machine_token = 0
	Memory = 6016
...
006 (19533472.000.000) 2026-06-02 16:14:40 Image size of job updated: 122472
	120  -  MemoryUsage of job (MB)
	122472  -  ResidentSetSize of job (KB)
...
006 (19533472.000.000) 2026-06-02 16:19:41 Image size of job updated: 158376
	155  -  MemoryUsage of job (MB)
	158376  -  ResidentSetSize of job (KB)
...
006 (19533472.000.000) 2026-06-02 16:24:41 Image size of job updated: 286736
	281  -  MemoryUsage of job (MB)
	286736  -  ResidentSetSize of job (KB)
...
006 (19533472.000.000) 2026-06-02 16:29:42 Image size of job updated: 727696
	711  -  MemoryUsage of job (MB)
	727696  -  ResidentSetSize of job (KB)
...
006 (19533472.000.000) 2026-06-02 16:30:03 Image size of job updated: 735312
	711  -  MemoryUsage of job (MB)
	727696  -  ResidentSetSize of job (KB)
...
005 (19533472.000.000) 2026-06-02 16:30:03 Job terminated.
	(1) Normal termination (return value 0)
		Usr 0 00:14:18, Sys 0 00:00:09  -  Run Remote Usage
		Usr 0 00:00:00, Sys 0 00:00:00  -  Run Local Usage
		Usr 0 00:14:18, Sys 0 00:00:09  -  Total Remote Usage
		Usr 0 00:00:00, Sys 0 00:00:00  -  Total Local Usage
	0  -  Run Bytes Sent By Job
	0  -  Run Bytes Received By Job
	0  -  Total Bytes Sent By Job
	0  -  Total Bytes Received By Job
	Partitionable Resources :    Usage  Request Allocated 
	   admin_mutex_1         :                           0 
	   admin_mutex_2         :                           0 
	   admin_mutex_3         :                           0 
	   Cpus                  :     1.00        1         1 
	   Disk (KB)             :    17        2048      3072 
	   GPUs                  :                           0 
	   machine_token         :                           0 
	   Memory (MB)           :   711        6000      6016 
	   TimeExecute (s)       :   937                       
	   TimeSlotBusy (s)      :   937                       

	Job terminated of its own accord at 2026-06-02T21:30:03Z with exit-code 0.
...
