000 (19536419.000.000) 2026-06-02 15:56:26 Job submitted from host: <10.128.10.103:9618?addrs=10.128.10.103-9618&alias=npx-submitter.icecube.wisc.edu&noUDP&sock=schedd_2449_6386>
    DAG Node: Drootprod_20151022_6619
...
001 (19536419.000.000) 2026-06-02 17:20:26 Job executing on host: <10.128.10.197:38115?addrs=10.128.10.197-38115&alias=n-18.icecube.wisc.edu>
	SlotName: slot1_4@n-18.icecube.wisc.edu
	admin_mutex_1 = 0
	admin_mutex_2 = 0
	admin_mutex_3 = 0
	CondorScratchDir = "/scratch/condor/dir_697104"
	Cpus = 1
	Disk = 3815
	GPUs = 0
	machine_token = 0
	Memory = 6016
...
006 (19536419.000.000) 2026-06-02 17:20:39 Image size of job updated: 121232
	119  -  MemoryUsage of job (MB)
	121232  -  ResidentSetSize of job (KB)
...
006 (19536419.000.000) 2026-06-02 17:25:39 Image size of job updated: 151868
	149  -  MemoryUsage of job (MB)
	151868  -  ResidentSetSize of job (KB)
...
006 (19536419.000.000) 2026-06-02 17:30:39 Image size of job updated: 273912
	268  -  MemoryUsage of job (MB)
	273912  -  ResidentSetSize of job (KB)
...
006 (19536419.000.000) 2026-06-02 17:35:40 Image size of job updated: 430940
	421  -  MemoryUsage of job (MB)
	430940  -  ResidentSetSize of job (KB)
...
006 (19536419.000.000) 2026-06-02 17:37:41 Image size of job updated: 443200
	421  -  MemoryUsage of job (MB)
	430940  -  ResidentSetSize of job (KB)
...
005 (19536419.000.000) 2026-06-02 17:37:41 Job terminated.
	(1) Normal termination (return value 0)
		Usr 0 00:16:31, Sys 0 00:00:12  -  Run Remote Usage
		Usr 0 00:00:00, Sys 0 00:00:00  -  Run Local Usage
		Usr 0 00:16:31, Sys 0 00:00:12  -  Total Remote Usage
		Usr 0 00:00:00, Sys 0 00:00:00  -  Total Local Usage
	0  -  Run Bytes Sent By Job
	0  -  Run Bytes Received By Job
	0  -  Total Bytes Sent By Job
	0  -  Total Bytes Received By Job
	Partitionable Resources :    Usage  Request Allocated 
	   admin_mutex_1         :                           0 
	   admin_mutex_2         :                           0 
	   admin_mutex_3         :                           0 
	   Cpus                  :     0.98        1         1 
	   Disk (KB)             :    10        2048      3815 
	   GPUs                  :                           0 
	   machine_token         :                           0 
	   Memory (MB)           :   421        6000      6016 
	   TimeExecute (s)       :  1035                       
	   TimeSlotBusy (s)      :  1035                       

	Job terminated of its own accord at 2026-06-02T22:37:41Z with exit-code 0.
...
