000 (19532949.000.000) 2026-06-02 15:49:13 Job submitted from host: <10.128.10.103:9618?addrs=10.128.10.103-9618&alias=npx-submitter.icecube.wisc.edu&noUDP&sock=schedd_2449_6386>
    DAG Node: Drootprod_20150305_34936
...
001 (19532949.000.000) 2026-06-02 15:58:04 Job executing on host: <10.128.10.238:43797?addrs=10.128.10.238-43797&alias=n-gpu-42.icecube.wisc.edu>
	SlotName: slot1_54@n-gpu-42.icecube.wisc.edu
	admin_mutex_1 = 0
	admin_mutex_2 = 0
	admin_mutex_3 = 0
	AvailableGPUs = {  }
	CondorScratchDir = "/scratch/condor/dir_1916638"
	Cpus = 1
	Disk = 3072
	GPUs = 0
	machine_token = 0
	Memory = 6016
...
006 (19532949.000.000) 2026-06-02 15:58:18 Image size of job updated: 120472
	118  -  MemoryUsage of job (MB)
	120472  -  ResidentSetSize of job (KB)
...
006 (19532949.000.000) 2026-06-02 16:03:19 Image size of job updated: 149244
	146  -  MemoryUsage of job (MB)
	149244  -  ResidentSetSize of job (KB)
...
006 (19532949.000.000) 2026-06-02 16:08:19 Image size of job updated: 269460
	264  -  MemoryUsage of job (MB)
	269460  -  ResidentSetSize of job (KB)
...
006 (19532949.000.000) 2026-06-02 16:13:20 Image size of job updated: 410100
	401  -  MemoryUsage of job (MB)
	410100  -  ResidentSetSize of job (KB)
...
006 (19532949.000.000) 2026-06-02 16:17:03 Image size of job updated: 713808
	401  -  MemoryUsage of job (MB)
	410100  -  ResidentSetSize of job (KB)
...
005 (19532949.000.000) 2026-06-02 16:17:04 Job terminated.
	(1) Normal termination (return value 0)
		Usr 0 00:15:56, Sys 0 00:00:16  -  Run Remote Usage
		Usr 0 00:00:00, Sys 0 00:00:00  -  Run Local Usage
		Usr 0 00:15:56, Sys 0 00:00:16  -  Total Remote Usage
		Usr 0 00:00:00, Sys 0 00:00:00  -  Total Local Usage
	0  -  Run Bytes Sent By Job
	0  -  Run Bytes Received By Job
	0  -  Total Bytes Sent By Job
	0  -  Total Bytes Received By Job
	Partitionable Resources :    Usage  Request Allocated 
	   admin_mutex_1         :                           0 
	   admin_mutex_2         :                           0 
	   admin_mutex_3         :                           0 
	   Cpus                  :     0.99        1         1 
	   Disk (KB)             :    17        2048      3072 
	   GPUs                  :                           0 
	   machine_token         :                           0 
	   Memory (MB)           :   401        6000      6016 
	   TimeExecute (s)       :  1139                       
	   TimeSlotBusy (s)      :  1140                       

	Job terminated of its own accord at 2026-06-02T21:17:03Z with exit-code 0.
...
