000 (19534585.000.000) 2026-06-02 15:52:40 Job submitted from host: <10.128.10.103:9618?addrs=10.128.10.103-9618&alias=npx-submitter.icecube.wisc.edu&noUDP&sock=schedd_2449_6386>
    DAG Node: Drootprod_20150622_50681
...
001 (19534585.000.000) 2026-06-02 16:37:04 Job executing on host: <10.128.11.26:32775?addrs=10.128.11.26-32775&alias=n-smbc-07.icecube.wisc.edu>
	SlotName: slot1_21@n-smbc-07.icecube.wisc.edu
	admin_mutex_1 = 0
	admin_mutex_2 = 0
	admin_mutex_3 = 0
	CondorScratchDir = "/scratch/condor/dir_638918"
	Cpus = 1
	Disk = 3072
	GPUs = 0
	machine_token = 0
	Memory = 6016
...
006 (19534585.000.000) 2026-06-02 16:37:18 Image size of job updated: 120184
	118  -  MemoryUsage of job (MB)
	120184  -  ResidentSetSize of job (KB)
...
006 (19534585.000.000) 2026-06-02 16:42:19 Image size of job updated: 145216
	142  -  MemoryUsage of job (MB)
	145216  -  ResidentSetSize of job (KB)
...
006 (19534585.000.000) 2026-06-02 16:47:19 Image size of job updated: 167252
	164  -  MemoryUsage of job (MB)
	167252  -  ResidentSetSize of job (KB)
...
006 (19534585.000.000) 2026-06-02 16:52:20 Image size of job updated: 285532
	279  -  MemoryUsage of job (MB)
	285532  -  ResidentSetSize of job (KB)
...
006 (19534585.000.000) 2026-06-02 16:57:21 Image size of job updated: 435132
	425  -  MemoryUsage of job (MB)
	435132  -  ResidentSetSize of job (KB)
...
006 (19534585.000.000) 2026-06-02 17:00:09 Image size of job updated: 734600
	425  -  MemoryUsage of job (MB)
	435132  -  ResidentSetSize of job (KB)
...
005 (19534585.000.000) 2026-06-02 17:00:09 Job terminated.
	(1) Normal termination (return value 0)
		Usr 0 00:22:20, Sys 0 00:00:13  -  Run Remote Usage
		Usr 0 00:00:00, Sys 0 00:00:00  -  Run Local Usage
		Usr 0 00:22:20, Sys 0 00:00:13  -  Total Remote Usage
		Usr 0 00:00:00, Sys 0 00:00:00  -  Total Local Usage
	0  -  Run Bytes Sent By Job
	0  -  Run Bytes Received By Job
	0  -  Total Bytes Sent By Job
	0  -  Total Bytes Received By Job
	Partitionable Resources :    Usage  Request Allocated 
	   admin_mutex_1         :                           0 
	   admin_mutex_2         :                           0 
	   admin_mutex_3         :                           0 
	   Cpus                  :     0.99        1         1 
	   Disk (KB)             :    10        2048      3072 
	   GPUs                  :                           0 
	   machine_token         :                           0 
	   Memory (MB)           :   425        6000      6016 
	   TimeExecute (s)       :  1385                       
	   TimeSlotBusy (s)      :  1385                       

	Job terminated of its own accord at 2026-06-02T22:00:09Z with exit-code 0.
...
