000 (19533231.000.000) 2026-06-02 15:49:56 Job submitted from host: <10.128.10.103:9618?addrs=10.128.10.103-9618&alias=npx-submitter.icecube.wisc.edu&noUDP&sock=schedd_2449_6386>
    DAG Node: Drootprod_20150327_68703
...
001 (19533231.000.000) 2026-06-02 16:09:15 Job executing on host: <10.128.10.187:34023?addrs=10.128.10.187-34023&alias=n-smepyc-00.icecube.wisc.edu>
	SlotName: slot1_76@n-smepyc-00.icecube.wisc.edu
	admin_mutex_1 = 0
	admin_mutex_2 = 0
	admin_mutex_3 = 0
	CondorScratchDir = "/scratch/condor/dir_1691702"
	Cpus = 1
	Disk = 3072
	GPUs = 0
	machine_token = 0
	Memory = 6016
...
006 (19533231.000.000) 2026-06-02 16:09:28 Image size of job updated: 121360
	119  -  MemoryUsage of job (MB)
	121360  -  ResidentSetSize of job (KB)
...
006 (19533231.000.000) 2026-06-02 16:14:28 Image size of job updated: 159712
	156  -  MemoryUsage of job (MB)
	159712  -  ResidentSetSize of job (KB)
...
006 (19533231.000.000) 2026-06-02 16:19:29 Image size of job updated: 290788
	284  -  MemoryUsage of job (MB)
	290788  -  ResidentSetSize of job (KB)
...
006 (19533231.000.000) 2026-06-02 16:23:47 Image size of job updated: 739072
	284  -  MemoryUsage of job (MB)
	290788  -  ResidentSetSize of job (KB)
...
005 (19533231.000.000) 2026-06-02 16:23:47 Job terminated.
	(1) Normal termination (return value 0)
		Usr 0 00:13:06, Sys 0 00:00:13  -  Run Remote Usage
		Usr 0 00:00:00, Sys 0 00:00:00  -  Run Local Usage
		Usr 0 00:13:06, Sys 0 00:00:13  -  Total Remote Usage
		Usr 0 00:00:00, Sys 0 00:00:00  -  Total Local Usage
	0  -  Run Bytes Sent By Job
	0  -  Run Bytes Received By Job
	0  -  Total Bytes Sent By Job
	0  -  Total Bytes Received By Job
	Partitionable Resources :    Usage  Request Allocated 
	   admin_mutex_1         :                           0 
	   admin_mutex_2         :                           0 
	   admin_mutex_3         :                           0 
	   Cpus                  :     0.84        1         1 
	   Disk (KB)             :    17        2048      3072 
	   GPUs                  :                           0 
	   machine_token         :                           0 
	   Memory (MB)           :   284        6000      6016 
	   TimeExecute (s)       :   872                       
	   TimeSlotBusy (s)      :   873                       

	Job terminated of its own accord at 2026-06-02T21:23:47Z with exit-code 0.
...
