000 (19533924.000.000) 2026-06-02 15:51:25 Job submitted from host: <10.128.10.103:9618?addrs=10.128.10.103-9618&alias=npx-submitter.icecube.wisc.edu&noUDP&sock=schedd_2449_6386>
    DAG Node: Drootprod_20150514_34320
...
001 (19533924.000.000) 2026-06-02 16:23:09 Job executing on host: <10.128.10.85:45047?addrs=10.128.10.85-45047&alias=n-r710-24.icecube.wisc.edu>
	SlotName: slot1_7@n-r710-24.icecube.wisc.edu
	admin_mutex_1 = 0
	admin_mutex_2 = 0
	admin_mutex_3 = 0
	CondorScratchDir = "/scratch/condor/dir_800699"
	Cpus = 1
	Disk = 3072
	GPUs = 0
	machine_token = 0
	Memory = 6016
...
006 (19533924.000.000) 2026-06-02 16:23:23 Image size of job updated: 120948
	119  -  MemoryUsage of job (MB)
	120948  -  ResidentSetSize of job (KB)
...
006 (19533924.000.000) 2026-06-02 16:28:24 Image size of job updated: 142828
	140  -  MemoryUsage of job (MB)
	142828  -  ResidentSetSize of job (KB)
...
006 (19533924.000.000) 2026-06-02 16:33:25 Image size of job updated: 160816
	158  -  MemoryUsage of job (MB)
	160816  -  ResidentSetSize of job (KB)
...
006 (19533924.000.000) 2026-06-02 16:38:25 Image size of job updated: 270804
	265  -  MemoryUsage of job (MB)
	270804  -  ResidentSetSize of job (KB)
...
006 (19533924.000.000) 2026-06-02 16:43:26 Image size of job updated: 287800
	282  -  MemoryUsage of job (MB)
	287800  -  ResidentSetSize of job (KB)
...
006 (19533924.000.000) 2026-06-02 16:48:27 Image size of job updated: 434424
	425  -  MemoryUsage of job (MB)
	434424  -  ResidentSetSize of job (KB)
...
006 (19533924.000.000) 2026-06-02 16:53:00 Image size of job updated: 735316
	425  -  MemoryUsage of job (MB)
	434424  -  ResidentSetSize of job (KB)
...
005 (19533924.000.000) 2026-06-02 16:53:00 Job terminated.
	(1) Normal termination (return value 0)
		Usr 0 00:28:10, Sys 0 00:00:21  -  Run Remote Usage
		Usr 0 00:00:00, Sys 0 00:00:00  -  Run Local Usage
		Usr 0 00:28:10, Sys 0 00:00:21  -  Total Remote Usage
		Usr 0 00:00:00, Sys 0 00:00:00  -  Total Local Usage
	0  -  Run Bytes Sent By Job
	0  -  Run Bytes Received By Job
	0  -  Total Bytes Sent By Job
	0  -  Total Bytes Received By Job
	Partitionable Resources :    Usage  Request Allocated 
	   admin_mutex_1         :                           0 
	   admin_mutex_2         :                           0 
	   admin_mutex_3         :                           0 
	   Cpus                  :     0.98        1         1 
	   Disk (KB)             :    17        2048      3072 
	   GPUs                  :                           0 
	   machine_token         :                           0 
	   Memory (MB)           :   425        6000      6016 
	   TimeExecute (s)       :  1791                       
	   TimeSlotBusy (s)      :  1791                       

	Job terminated of its own accord at 2026-06-02T21:53:00Z with exit-code 0.
...
