000 (19534690.000.000) 2026-06-02 15:52:52 Job submitted from host: <10.128.10.103:9618?addrs=10.128.10.103-9618&alias=npx-submitter.icecube.wisc.edu&noUDP&sock=schedd_2449_6386>
    DAG Node: Drootprod_20150628_13953
...
001 (19534690.000.000) 2026-06-02 16:39:16 Job executing on host: <10.128.10.117:43719?addrs=10.128.10.117-43719&alias=n-gibyte-02.icecube.wisc.edu>
	SlotName: slot1_155@n-gibyte-02.icecube.wisc.edu
	admin_mutex_1 = 0
	admin_mutex_2 = 0
	admin_mutex_3 = 0
	CondorScratchDir = "/scratch/condor/dir_3488850"
	Cpus = 1
	Disk = 5480
	GPUs = 0
	machine_token = 0
	Memory = 6016
...
006 (19534690.000.000) 2026-06-02 16:39:29 Image size of job updated: 118796
	117  -  MemoryUsage of job (MB)
	118796  -  ResidentSetSize of job (KB)
...
006 (19534690.000.000) 2026-06-02 16:44:29 Image size of job updated: 140780
	138  -  MemoryUsage of job (MB)
	140780  -  ResidentSetSize of job (KB)
...
006 (19534690.000.000) 2026-06-02 16:49:30 Image size of job updated: 159668
	156  -  MemoryUsage of job (MB)
	159668  -  ResidentSetSize of job (KB)
...
006 (19534690.000.000) 2026-06-02 16:54:30 Image size of job updated: 271480
	266  -  MemoryUsage of job (MB)
	271480  -  ResidentSetSize of job (KB)
...
006 (19534690.000.000) 2026-06-02 16:59:31 Image size of job updated: 290544
	284  -  MemoryUsage of job (MB)
	290544  -  ResidentSetSize of job (KB)
...
006 (19534690.000.000) 2026-06-02 17:04:31 Image size of job updated: 437904
	428  -  MemoryUsage of job (MB)
	437904  -  ResidentSetSize of job (KB)
...
006 (19534690.000.000) 2026-06-02 17:07:49 Image size of job updated: 728532
	428  -  MemoryUsage of job (MB)
	437904  -  ResidentSetSize of job (KB)
...
005 (19534690.000.000) 2026-06-02 17:07:49 Job terminated.
	(1) Normal termination (return value 0)
		Usr 0 00:27:14, Sys 0 00:00:17  -  Run Remote Usage
		Usr 0 00:00:00, Sys 0 00:00:00  -  Run Local Usage
		Usr 0 00:27:14, Sys 0 00:00:17  -  Total Remote Usage
		Usr 0 00:00:00, Sys 0 00:00:00  -  Total Local Usage
	0  -  Run Bytes Sent By Job
	0  -  Run Bytes Received By Job
	0  -  Total Bytes Sent By Job
	0  -  Total Bytes Received By Job
	Partitionable Resources :    Usage  Request Allocated 
	   admin_mutex_1         :                           0 
	   admin_mutex_2         :                           0 
	   admin_mutex_3         :                           0 
	   Cpus                  :     0.99        1         1 
	   Disk (KB)             :    10        2048      5480 
	   GPUs                  :                           0 
	   machine_token         :                           0 
	   Memory (MB)           :   428        6000      6016 
	   TimeExecute (s)       :  1713                       
	   TimeSlotBusy (s)      :  1714                       

	Job terminated of its own accord at 2026-06-02T22:07:49Z with exit-code 0.
...
