000 (19532937.000.000) 2026-06-02 15:49:11 Job submitted from host: <10.128.10.103:9618?addrs=10.128.10.103-9618&alias=npx-submitter.icecube.wisc.edu&noUDP&sock=schedd_2449_6386>
    DAG Node: Drootprod_20150303_96774
...
001 (19532937.000.000) 2026-06-02 15:58:03 Job executing on host: <10.128.10.238:43797?addrs=10.128.10.238-43797&alias=n-gpu-42.icecube.wisc.edu>
	SlotName: slot1_35@n-gpu-42.icecube.wisc.edu
	admin_mutex_1 = 0
	admin_mutex_2 = 0
	admin_mutex_3 = 0
	AvailableGPUs = {  }
	CondorScratchDir = "/scratch/condor/dir_1916611"
	Cpus = 1
	Disk = 3072
	GPUs = 0
	machine_token = 0
	Memory = 6016
...
006 (19532937.000.000) 2026-06-02 15:58:17 Image size of job updated: 121320
	119  -  MemoryUsage of job (MB)
	121320  -  ResidentSetSize of job (KB)
...
006 (19532937.000.000) 2026-06-02 16:03:18 Image size of job updated: 149160
	146  -  MemoryUsage of job (MB)
	149160  -  ResidentSetSize of job (KB)
...
006 (19532937.000.000) 2026-06-02 16:08:18 Image size of job updated: 255512
	250  -  MemoryUsage of job (MB)
	255512  -  ResidentSetSize of job (KB)
...
006 (19532937.000.000) 2026-06-02 16:13:18 Image size of job updated: 411100
	402  -  MemoryUsage of job (MB)
	411100  -  ResidentSetSize of job (KB)
...
006 (19532937.000.000) 2026-06-02 16:16:25 Image size of job updated: 707796
	402  -  MemoryUsage of job (MB)
	411100  -  ResidentSetSize of job (KB)
...
005 (19532937.000.000) 2026-06-02 16:16:25 Job terminated.
	(1) Normal termination (return value 0)
		Usr 0 00:16:07, Sys 0 00:00:15  -  Run Remote Usage
		Usr 0 00:00:00, Sys 0 00:00:00  -  Run Local Usage
		Usr 0 00:16:07, Sys 0 00:00:15  -  Total Remote Usage
		Usr 0 00:00:00, Sys 0 00:00:00  -  Total Local Usage
	0  -  Run Bytes Sent By Job
	0  -  Run Bytes Received By Job
	0  -  Total Bytes Sent By Job
	0  -  Total Bytes Received By Job
	Partitionable Resources :    Usage  Request Allocated 
	   admin_mutex_1         :                           0 
	   admin_mutex_2         :                           0 
	   admin_mutex_3         :                           0 
	   Cpus                  :     0.72        1         1 
	   Disk (KB)             :    17        2048      3072 
	   GPUs                  :                           0 
	   machine_token         :                           0 
	   Memory (MB)           :   402        6000      6016 
	   TimeExecute (s)       :  1102                       
	   TimeSlotBusy (s)      :  1102                       

	Job terminated of its own accord at 2026-06-02T21:16:25Z with exit-code 0.
...
