000 (19532805.000.000) 2026-06-02 15:48:49 Job submitted from host: <10.128.10.103:9618?addrs=10.128.10.103-9618&alias=npx-submitter.icecube.wisc.edu&noUDP&sock=schedd_2449_6386>
    DAG Node: Drootprod_20150219_6480
...
001 (19532805.000.000) 2026-06-02 15:52:41 Job executing on host: <10.128.10.117:43719?addrs=10.128.10.117-43719&alias=n-gibyte-02.icecube.wisc.edu>
	SlotName: slot1_384@n-gibyte-02.icecube.wisc.edu
	admin_mutex_1 = 0
	admin_mutex_2 = 0
	admin_mutex_3 = 0
	CondorScratchDir = "/scratch/condor/dir_3312820"
	Cpus = 1
	Disk = 5480
	GPUs = 0
	machine_token = 0
	Memory = 6016
...
006 (19532805.000.000) 2026-06-02 15:52:54 Image size of job updated: 118912
	117  -  MemoryUsage of job (MB)
	118912  -  ResidentSetSize of job (KB)
...
006 (19532805.000.000) 2026-06-02 15:57:54 Image size of job updated: 137620
	135  -  MemoryUsage of job (MB)
	137620  -  ResidentSetSize of job (KB)
...
006 (19532805.000.000) 2026-06-02 16:02:55 Image size of job updated: 152668
	150  -  MemoryUsage of job (MB)
	152668  -  ResidentSetSize of job (KB)
...
006 (19532805.000.000) 2026-06-02 16:07:56 Image size of job updated: 165052
	162  -  MemoryUsage of job (MB)
	165052  -  ResidentSetSize of job (KB)
...
006 (19532805.000.000) 2026-06-02 16:12:56 Image size of job updated: 275632
	270  -  MemoryUsage of job (MB)
	275632  -  ResidentSetSize of job (KB)
...
006 (19532805.000.000) 2026-06-02 16:17:57 Image size of job updated: 291196
	285  -  MemoryUsage of job (MB)
	291196  -  ResidentSetSize of job (KB)
...
006 (19532805.000.000) 2026-06-02 16:22:57 Image size of job updated: 420680
	411  -  MemoryUsage of job (MB)
	420680  -  ResidentSetSize of job (KB)
...
006 (19532805.000.000) 2026-06-02 16:26:19 Image size of job updated: 707836
	411  -  MemoryUsage of job (MB)
	420680  -  ResidentSetSize of job (KB)
...
005 (19532805.000.000) 2026-06-02 16:26:19 Job terminated.
	(1) Normal termination (return value 0)
		Usr 0 00:31:47, Sys 0 00:00:18  -  Run Remote Usage
		Usr 0 00:00:00, Sys 0 00:00:00  -  Run Local Usage
		Usr 0 00:31:47, Sys 0 00:00:18  -  Total Remote Usage
		Usr 0 00:00:00, Sys 0 00:00:00  -  Total Local Usage
	0  -  Run Bytes Sent By Job
	0  -  Run Bytes Received By Job
	0  -  Total Bytes Sent By Job
	0  -  Total Bytes Received By Job
	Partitionable Resources :    Usage  Request Allocated 
	   admin_mutex_1         :                           0 
	   admin_mutex_2         :                           0 
	   admin_mutex_3         :                           0 
	   Cpus                  :     0.97        1         1 
	   Disk (KB)             :    17        2048      5480 
	   GPUs                  :                           0 
	   machine_token         :                           0 
	   Memory (MB)           :   411        6000      6016 
	   TimeExecute (s)       :  2018                       
	   TimeSlotBusy (s)      :  2019                       

	Job terminated of its own accord at 2026-06-02T21:26:19Z with exit-code 0.
...
