000 (19534016.000.000) 2026-06-02 15:51:37 Job submitted from host: <10.128.10.103:9618?addrs=10.128.10.103-9618&alias=npx-submitter.icecube.wisc.edu&noUDP&sock=schedd_2449_6386>
    DAG Node: Drootprod_20150521_51704
...
001 (19534016.000.000) 2026-06-02 16:25:43 Job executing on host: <10.128.10.115:33587?addrs=10.128.10.115-33587&alias=n-gibyte-00.icecube.wisc.edu>
	SlotName: slot1_81@n-gibyte-00.icecube.wisc.edu
	admin_mutex_1 = 0
	admin_mutex_2 = 0
	admin_mutex_3 = 0
	CondorScratchDir = "/scratch/condor/dir_2150067"
	Cpus = 1
	Disk = 5480
	GPUs = 0
	machine_token = 0
	Memory = 6016
...
006 (19534016.000.000) 2026-06-02 16:25:57 Image size of job updated: 119100
	117  -  MemoryUsage of job (MB)
	119100  -  ResidentSetSize of job (KB)
...
006 (19534016.000.000) 2026-06-02 16:30:58 Image size of job updated: 143060
	140  -  MemoryUsage of job (MB)
	143060  -  ResidentSetSize of job (KB)
...
006 (19534016.000.000) 2026-06-02 16:35:58 Image size of job updated: 164136
	161  -  MemoryUsage of job (MB)
	164136  -  ResidentSetSize of job (KB)
...
006 (19534016.000.000) 2026-06-02 16:40:59 Image size of job updated: 281148
	275  -  MemoryUsage of job (MB)
	281148  -  ResidentSetSize of job (KB)
...
006 (19534016.000.000) 2026-06-02 16:45:59 Image size of job updated: 427720
	418  -  MemoryUsage of job (MB)
	427720  -  ResidentSetSize of job (KB)
...
006 (19534016.000.000) 2026-06-02 16:51:00 Image size of job updated: 724888
	708  -  MemoryUsage of job (MB)
	724888  -  ResidentSetSize of job (KB)
...
006 (19534016.000.000) 2026-06-02 16:52:34 Image size of job updated: 743568
	708  -  MemoryUsage of job (MB)
	724888  -  ResidentSetSize of job (KB)
...
005 (19534016.000.000) 2026-06-02 16:52:34 Job terminated.
	(1) Normal termination (return value 0)
		Usr 0 00:25:27, Sys 0 00:00:18  -  Run Remote Usage
		Usr 0 00:00:00, Sys 0 00:00:00  -  Run Local Usage
		Usr 0 00:25:27, Sys 0 00:00:18  -  Total Remote Usage
		Usr 0 00:00:00, Sys 0 00:00:00  -  Total Local Usage
	0  -  Run Bytes Sent By Job
	0  -  Run Bytes Received By Job
	0  -  Total Bytes Sent By Job
	0  -  Total Bytes Received By Job
	Partitionable Resources :    Usage  Request Allocated 
	   admin_mutex_1         :                           0 
	   admin_mutex_2         :                           0 
	   admin_mutex_3         :                           0 
	   Cpus                  :     0.95        1         1 
	   Disk (KB)             :    10        2048      5480 
	   GPUs                  :                           0 
	   machine_token         :                           0 
	   Memory (MB)           :   708        6000      6016 
	   TimeExecute (s)       :  1611                       
	   TimeSlotBusy (s)      :  1611                       

	Job terminated of its own accord at 2026-06-02T21:52:34Z with exit-code 0.
...
