000 (19534021.000.000) 2026-06-02 15:51:38 Job submitted from host: <10.128.10.103:9618?addrs=10.128.10.103-9618&alias=npx-submitter.icecube.wisc.edu&noUDP&sock=schedd_2449_6386>
    DAG Node: Drootprod_20150522_20868
...
001 (19534021.000.000) 2026-06-02 16:25:43 Job executing on host: <10.128.10.206:37305?addrs=10.128.10.206-37305&alias=sm-storage-1.icecube.wisc.edu>
	SlotName: slot1_43@sm-storage-1.icecube.wisc.edu
	admin_mutex_1 = 0
	admin_mutex_2 = 0
	admin_mutex_3 = 0
	CondorScratchDir = "/scratch/condor/dir_3786140"
	Cpus = 1
	Disk = 3072
	GPUs = 0
	machine_token = 0
	Memory = 6016
...
006 (19534021.000.000) 2026-06-02 16:25:56 Image size of job updated: 119180
	117  -  MemoryUsage of job (MB)
	119180  -  ResidentSetSize of job (KB)
...
006 (19534021.000.000) 2026-06-02 16:30:56 Image size of job updated: 139720
	137  -  MemoryUsage of job (MB)
	139720  -  ResidentSetSize of job (KB)
...
006 (19534021.000.000) 2026-06-02 16:35:57 Image size of job updated: 156596
	153  -  MemoryUsage of job (MB)
	156596  -  ResidentSetSize of job (KB)
...
006 (19534021.000.000) 2026-06-02 16:40:58 Image size of job updated: 172596
	169  -  MemoryUsage of job (MB)
	172596  -  ResidentSetSize of job (KB)
...
006 (19534021.000.000) 2026-06-02 16:45:58 Image size of job updated: 284816
	279  -  MemoryUsage of job (MB)
	284816  -  ResidentSetSize of job (KB)
...
006 (19534021.000.000) 2026-06-02 16:50:58 Image size of job updated: 428396
	419  -  MemoryUsage of job (MB)
	428396  -  ResidentSetSize of job (KB)
...
006 (19534021.000.000) 2026-06-02 16:55:59 Image size of job updated: 585264
	572  -  MemoryUsage of job (MB)
	585264  -  ResidentSetSize of job (KB)
...
006 (19534021.000.000) 2026-06-02 16:57:14 Image size of job updated: 727760
	572  -  MemoryUsage of job (MB)
	585264  -  ResidentSetSize of job (KB)
...
005 (19534021.000.000) 2026-06-02 16:57:15 Job terminated.
	(1) Normal termination (return value 0)
		Usr 0 00:30:32, Sys 0 00:00:11  -  Run Remote Usage
		Usr 0 00:00:00, Sys 0 00:00:00  -  Run Local Usage
		Usr 0 00:30:32, Sys 0 00:00:11  -  Total Remote Usage
		Usr 0 00:00:00, Sys 0 00:00:00  -  Total Local Usage
	0  -  Run Bytes Sent By Job
	0  -  Run Bytes Received By Job
	0  -  Total Bytes Sent By Job
	0  -  Total Bytes Received By Job
	Partitionable Resources :    Usage  Request Allocated 
	   admin_mutex_1         :                           0 
	   admin_mutex_2         :                           0 
	   admin_mutex_3         :                           0 
	   Cpus                  :     0.99        1         1 
	   Disk (KB)             :    10        2048      3072 
	   GPUs                  :                           0 
	   machine_token         :                           0 
	   Memory (MB)           :   572        6000      6016 
	   TimeExecute (s)       :  1891                       
	   TimeSlotBusy (s)      :  1892                       

	Job terminated of its own accord at 2026-06-02T21:57:14Z with exit-code 0.
...
