000 (19535164.000.000) 2026-06-02 15:53:46 Job submitted from host: <10.128.10.103:9618?addrs=10.128.10.103-9618&alias=npx-submitter.icecube.wisc.edu&noUDP&sock=schedd_2449_6386>
    DAG Node: Drootprod_20150725_8016
...
001 (19535164.000.000) 2026-06-02 16:47:37 Job executing on host: <10.128.10.117:43719?addrs=10.128.10.117-43719&alias=n-gibyte-02.icecube.wisc.edu>
	SlotName: slot1_178@n-gibyte-02.icecube.wisc.edu
	admin_mutex_1 = 0
	admin_mutex_2 = 0
	admin_mutex_3 = 0
	CondorScratchDir = "/scratch/condor/dir_3525668"
	Cpus = 1
	Disk = 5480
	GPUs = 0
	machine_token = 0
	Memory = 6016
...
006 (19535164.000.000) 2026-06-02 16:47:51 Image size of job updated: 119760
	117  -  MemoryUsage of job (MB)
	119760  -  ResidentSetSize of job (KB)
...
006 (19535164.000.000) 2026-06-02 16:52:52 Image size of job updated: 139624
	137  -  MemoryUsage of job (MB)
	139624  -  ResidentSetSize of job (KB)
...
006 (19535164.000.000) 2026-06-02 16:57:52 Image size of job updated: 157440
	154  -  MemoryUsage of job (MB)
	157440  -  ResidentSetSize of job (KB)
...
006 (19535164.000.000) 2026-06-02 17:02:53 Image size of job updated: 270296
	264  -  MemoryUsage of job (MB)
	270296  -  ResidentSetSize of job (KB)
...
006 (19535164.000.000) 2026-06-02 17:07:53 Image size of job updated: 288940
	283  -  MemoryUsage of job (MB)
	288940  -  ResidentSetSize of job (KB)
...
006 (19535164.000.000) 2026-06-02 17:12:54 Image size of job updated: 436104
	426  -  MemoryUsage of job (MB)
	436104  -  ResidentSetSize of job (KB)
...
006 (19535164.000.000) 2026-06-02 17:17:07 Image size of job updated: 735140
	426  -  MemoryUsage of job (MB)
	436104  -  ResidentSetSize of job (KB)
...
005 (19535164.000.000) 2026-06-02 17:17:07 Job terminated.
	(1) Normal termination (return value 0)
		Usr 0 00:27:51, Sys 0 00:00:18  -  Run Remote Usage
		Usr 0 00:00:00, Sys 0 00:00:00  -  Run Local Usage
		Usr 0 00:27:51, Sys 0 00:00:18  -  Total Remote Usage
		Usr 0 00:00:00, Sys 0 00:00:00  -  Total Local Usage
	0  -  Run Bytes Sent By Job
	0  -  Run Bytes Received By Job
	0  -  Total Bytes Sent By Job
	0  -  Total Bytes Received By Job
	Partitionable Resources :    Usage  Request Allocated 
	   admin_mutex_1         :                           0 
	   admin_mutex_2         :                           0 
	   admin_mutex_3         :                           0 
	   Cpus                  :     0.99        1         1 
	   Disk (KB)             :    10        2048      5480 
	   GPUs                  :                           0 
	   machine_token         :                           0 
	   Memory (MB)           :   426        6000      6016 
	   TimeExecute (s)       :  1770                       
	   TimeSlotBusy (s)      :  1771                       

	Job terminated of its own accord at 2026-06-02T22:17:07Z with exit-code 0.
...
