000 (19533012.000.000) 2026-06-02 15:49:23 Job submitted from host: <10.128.10.103:9618?addrs=10.128.10.103-9618&alias=npx-submitter.icecube.wisc.edu&noUDP&sock=schedd_2449_6386>
    DAG Node: Drootprod_20150310_91141
...
001 (19533012.000.000) 2026-06-02 15:59:21 Job executing on host: <10.128.10.187:34023?addrs=10.128.10.187-34023&alias=n-smepyc-00.icecube.wisc.edu>
	SlotName: slot1_32@n-smepyc-00.icecube.wisc.edu
	admin_mutex_1 = 0
	admin_mutex_2 = 0
	admin_mutex_3 = 0
	CondorScratchDir = "/scratch/condor/dir_1654146"
	Cpus = 1
	Disk = 3072
	GPUs = 0
	machine_token = 0
	Memory = 6016
...
006 (19533012.000.000) 2026-06-02 15:59:34 Image size of job updated: 122168
	120  -  MemoryUsage of job (MB)
	122168  -  ResidentSetSize of job (KB)
...
006 (19533012.000.000) 2026-06-02 16:04:34 Image size of job updated: 161640
	158  -  MemoryUsage of job (MB)
	161640  -  ResidentSetSize of job (KB)
...
006 (19533012.000.000) 2026-06-02 16:09:35 Image size of job updated: 294472
	288  -  MemoryUsage of job (MB)
	294472  -  ResidentSetSize of job (KB)
...
006 (19533012.000.000) 2026-06-02 16:09:40 Image size of job updated: 294736
	288  -  MemoryUsage of job (MB)
	294472  -  ResidentSetSize of job (KB)
...
005 (19533012.000.000) 2026-06-02 16:09:40 Job terminated.
	(1) Normal termination (return value 0)
		Usr 0 00:09:20, Sys 0 00:00:08  -  Run Remote Usage
		Usr 0 00:00:00, Sys 0 00:00:00  -  Run Local Usage
		Usr 0 00:09:20, Sys 0 00:00:08  -  Total Remote Usage
		Usr 0 00:00:00, Sys 0 00:00:00  -  Total Local Usage
	0  -  Run Bytes Sent By Job
	0  -  Run Bytes Received By Job
	0  -  Total Bytes Sent By Job
	0  -  Total Bytes Received By Job
	Partitionable Resources :    Usage  Request Allocated 
	   admin_mutex_1         :                           0 
	   admin_mutex_2         :                           0 
	   admin_mutex_3         :                           0 
	   Cpus                  :     0.90        1         1 
	   Disk (KB)             :    15        2048      3072 
	   GPUs                  :                           0 
	   machine_token         :                           0 
	   Memory (MB)           :   288        6000      6016 
	   TimeExecute (s)       :   619                       
	   TimeSlotBusy (s)      :   619                       

	Job terminated of its own accord at 2026-06-02T21:09:40Z with exit-code 0.
...
