000 (19537220.000.000) 2026-06-02 15:58:15 Job submitted from host: <10.128.10.103:9618?addrs=10.128.10.103-9618&alias=npx-submitter.icecube.wisc.edu&noUDP&sock=schedd_2449_6386>
    DAG Node: Drootprod_20151218_76038
...
001 (19537220.000.000) 2026-06-02 17:34:12 Job executing on host: <10.128.10.189:44027?addrs=10.128.10.189-44027&alias=n-smepyc-02.icecube.wisc.edu>
	SlotName: slot1_26@n-smepyc-02.icecube.wisc.edu
	admin_mutex_1 = 0
	admin_mutex_2 = 0
	admin_mutex_3 = 0
	CondorScratchDir = "/scratch/condor/dir_624412"
	Cpus = 1
	Disk = 3072
	GPUs = 0
	machine_token = 0
	Memory = 6016
...
006 (19537220.000.000) 2026-06-02 17:34:26 Image size of job updated: 123288
	121  -  MemoryUsage of job (MB)
	123288  -  ResidentSetSize of job (KB)
...
006 (19537220.000.000) 2026-06-02 17:39:27 Image size of job updated: 165836
	162  -  MemoryUsage of job (MB)
	165836  -  ResidentSetSize of job (KB)
...
006 (19537220.000.000) 2026-06-02 17:44:27 Image size of job updated: 412316
	403  -  MemoryUsage of job (MB)
	412316  -  ResidentSetSize of job (KB)
...
006 (19537220.000.000) 2026-06-02 17:45:04 Image size of job updated: 416204
	403  -  MemoryUsage of job (MB)
	412316  -  ResidentSetSize of job (KB)
...
005 (19537220.000.000) 2026-06-02 17:45:04 Job terminated.
	(1) Normal termination (return value 0)
		Usr 0 00:10:17, Sys 0 00:00:09  -  Run Remote Usage
		Usr 0 00:00:00, Sys 0 00:00:00  -  Run Local Usage
		Usr 0 00:10:17, Sys 0 00:00:09  -  Total Remote Usage
		Usr 0 00:00:00, Sys 0 00:00:00  -  Total Local Usage
	0  -  Run Bytes Sent By Job
	0  -  Run Bytes Received By Job
	0  -  Total Bytes Sent By Job
	0  -  Total Bytes Received By Job
	Partitionable Resources :    Usage  Request Allocated 
	   admin_mutex_1         :                           0 
	   admin_mutex_2         :                           0 
	   admin_mutex_3         :                           0 
	   Cpus                  :     0.95        1         1 
	   Disk (KB)             :    12        2048      3072 
	   GPUs                  :                           0 
	   machine_token         :                           0 
	   Memory (MB)           :   403        6000      6016 
	   TimeExecute (s)       :   652                       
	   TimeSlotBusy (s)      :   652                       

	Job terminated of its own accord at 2026-06-02T22:45:04Z with exit-code 0.
...
