000 (19533144.000.000) 2026-06-02 15:49:44 Job submitted from host: <10.128.10.103:9618?addrs=10.128.10.103-9618&alias=npx-submitter.icecube.wisc.edu&noUDP&sock=schedd_2449_6386>
    DAG Node: Drootprod_20150320_58895
...
001 (19533144.000.000) 2026-06-02 16:05:43 Job executing on host: <10.128.10.117:43719?addrs=10.128.10.117-43719&alias=n-gibyte-02.icecube.wisc.edu>
	SlotName: slot1_446@n-gibyte-02.icecube.wisc.edu
	admin_mutex_1 = 0
	admin_mutex_2 = 0
	admin_mutex_3 = 0
	CondorScratchDir = "/scratch/condor/dir_3360576"
	Cpus = 1
	Disk = 5480
	GPUs = 0
	machine_token = 0
	Memory = 6016
...
006 (19533144.000.000) 2026-06-02 16:05:56 Image size of job updated: 117860
	116  -  MemoryUsage of job (MB)
	117860  -  ResidentSetSize of job (KB)
...
006 (19533144.000.000) 2026-06-02 16:10:56 Image size of job updated: 138696
	136  -  MemoryUsage of job (MB)
	138696  -  ResidentSetSize of job (KB)
...
006 (19533144.000.000) 2026-06-02 16:15:57 Image size of job updated: 155188
	152  -  MemoryUsage of job (MB)
	155188  -  ResidentSetSize of job (KB)
...
006 (19533144.000.000) 2026-06-02 16:20:57 Image size of job updated: 168496
	165  -  MemoryUsage of job (MB)
	168496  -  ResidentSetSize of job (KB)
...
006 (19533144.000.000) 2026-06-02 16:25:58 Image size of job updated: 280044
	274  -  MemoryUsage of job (MB)
	280044  -  ResidentSetSize of job (KB)
...
006 (19533144.000.000) 2026-06-02 16:30:58 Image size of job updated: 423096
	414  -  MemoryUsage of job (MB)
	423096  -  ResidentSetSize of job (KB)
...
006 (19533144.000.000) 2026-06-02 16:35:59 Image size of job updated: 437496
	428  -  MemoryUsage of job (MB)
	437496  -  ResidentSetSize of job (KB)
...
006 (19533144.000.000) 2026-06-02 16:37:20 Image size of job updated: 580408
	428  -  MemoryUsage of job (MB)
	437496  -  ResidentSetSize of job (KB)
...
005 (19533144.000.000) 2026-06-02 16:37:20 Job terminated.
	(1) Normal termination (return value 0)
		Usr 0 00:29:44, Sys 0 00:00:17  -  Run Remote Usage
		Usr 0 00:00:00, Sys 0 00:00:00  -  Run Local Usage
		Usr 0 00:29:44, Sys 0 00:00:17  -  Total Remote Usage
		Usr 0 00:00:00, Sys 0 00:00:00  -  Total Local Usage
	0  -  Run Bytes Sent By Job
	0  -  Run Bytes Received By Job
	0  -  Total Bytes Sent By Job
	0  -  Total Bytes Received By Job
	Partitionable Resources :    Usage  Request Allocated 
	   admin_mutex_1         :                           0 
	   admin_mutex_2         :                           0 
	   admin_mutex_3         :                           0 
	   Cpus                  :     0.99        1         1 
	   Disk (KB)             :    17        2048      5480 
	   GPUs                  :                           0 
	   machine_token         :                           0 
	   Memory (MB)           :   428        6000      6016 
	   TimeExecute (s)       :  1897                       
	   TimeSlotBusy (s)      :  1898                       

	Job terminated of its own accord at 2026-06-02T21:37:20Z with exit-code 0.
...
