000 (19536061.000.000) 2026-06-02 15:55:40 Job submitted from host: <10.128.10.103:9618?addrs=10.128.10.103-9618&alias=npx-submitter.icecube.wisc.edu&noUDP&sock=schedd_2449_6386>
    DAG Node: Drootprod_20150926_84345
...
001 (19536061.000.000) 2026-06-02 17:13:21 Job executing on host: <10.128.10.115:33587?addrs=10.128.10.115-33587&alias=n-gibyte-00.icecube.wisc.edu>
	SlotName: slot1_276@n-gibyte-00.icecube.wisc.edu
	admin_mutex_1 = 0
	admin_mutex_2 = 0
	admin_mutex_3 = 0
	CondorScratchDir = "/scratch/condor/dir_2336160"
	Cpus = 1
	Disk = 5480
	GPUs = 0
	machine_token = 0
	Memory = 6016
...
006 (19536061.000.000) 2026-06-02 17:13:34 Image size of job updated: 118860
	117  -  MemoryUsage of job (MB)
	118860  -  ResidentSetSize of job (KB)
...
006 (19536061.000.000) 2026-06-02 17:18:34 Image size of job updated: 143496
	141  -  MemoryUsage of job (MB)
	143496  -  ResidentSetSize of job (KB)
...
006 (19536061.000.000) 2026-06-02 17:23:35 Image size of job updated: 162760
	159  -  MemoryUsage of job (MB)
	162760  -  ResidentSetSize of job (KB)
...
006 (19536061.000.000) 2026-06-02 17:28:35 Image size of job updated: 279580
	274  -  MemoryUsage of job (MB)
	279580  -  ResidentSetSize of job (KB)
...
006 (19536061.000.000) 2026-06-02 17:33:36 Image size of job updated: 426940
	417  -  MemoryUsage of job (MB)
	426940  -  ResidentSetSize of job (KB)
...
006 (19536061.000.000) 2026-06-02 17:35:14 Image size of job updated: 433548
	417  -  MemoryUsage of job (MB)
	426940  -  ResidentSetSize of job (KB)
...
005 (19536061.000.000) 2026-06-02 17:35:14 Job terminated.
	(1) Normal termination (return value 0)
		Usr 0 00:20:57, Sys 0 00:00:14  -  Run Remote Usage
		Usr 0 00:00:00, Sys 0 00:00:00  -  Run Local Usage
		Usr 0 00:20:57, Sys 0 00:00:14  -  Total Remote Usage
		Usr 0 00:00:00, Sys 0 00:00:00  -  Total Local Usage
	0  -  Run Bytes Sent By Job
	0  -  Run Bytes Received By Job
	0  -  Total Bytes Sent By Job
	0  -  Total Bytes Received By Job
	Partitionable Resources :    Usage  Request Allocated 
	   admin_mutex_1         :                           0 
	   admin_mutex_2         :                           0 
	   admin_mutex_3         :                           0 
	   Cpus                  :     0.98        1         1 
	   Disk (KB)             :    10        2048      5480 
	   GPUs                  :                           0 
	   machine_token         :                           0 
	   Memory (MB)           :   417        6000      6016 
	   TimeExecute (s)       :  1313                       
	   TimeSlotBusy (s)      :  1314                       

	Job terminated of its own accord at 2026-06-02T22:35:14Z with exit-code 0.
...
