000 (19532645.000.000) 2026-06-02 15:48:19 Job submitted from host: <10.128.10.103:9618?addrs=10.128.10.103-9618&alias=npx-submitter.icecube.wisc.edu&noUDP&sock=schedd_2449_6386>
    DAG Node: Drootprod_20150205_82572
...
001 (19532645.000.000) 2026-06-02 15:48:31 Job executing on host: <10.128.10.116:38163?addrs=10.128.10.116-38163&alias=n-gibyte-01.icecube.wisc.edu>
	SlotName: slot1_451@n-gibyte-01.icecube.wisc.edu
	admin_mutex_1 = 0
	admin_mutex_2 = 0
	admin_mutex_3 = 0
	CondorScratchDir = "/scratch/condor/dir_2363349"
	Cpus = 1
	Disk = 5480
	GPUs = 0
	machine_token = 0
	Memory = 6016
...
006 (19532645.000.000) 2026-06-02 15:48:39 Image size of job updated: 119484
	117  -  MemoryUsage of job (MB)
	119484  -  ResidentSetSize of job (KB)
...
006 (19532645.000.000) 2026-06-02 15:53:40 Image size of job updated: 139540
	137  -  MemoryUsage of job (MB)
	139540  -  ResidentSetSize of job (KB)
...
006 (19532645.000.000) 2026-06-02 15:58:41 Image size of job updated: 155740
	153  -  MemoryUsage of job (MB)
	155740  -  ResidentSetSize of job (KB)
...
006 (19532645.000.000) 2026-06-02 16:03:41 Image size of job updated: 171616
	168  -  MemoryUsage of job (MB)
	171616  -  ResidentSetSize of job (KB)
...
006 (19532645.000.000) 2026-06-02 16:08:41 Image size of job updated: 283508
	277  -  MemoryUsage of job (MB)
	283508  -  ResidentSetSize of job (KB)
...
006 (19532645.000.000) 2026-06-02 16:13:42 Image size of job updated: 428076
	419  -  MemoryUsage of job (MB)
	428076  -  ResidentSetSize of job (KB)
...
006 (19532645.000.000) 2026-06-02 16:13:45 Image size of job updated: 432124
	419  -  MemoryUsage of job (MB)
	428076  -  ResidentSetSize of job (KB)
...
005 (19532645.000.000) 2026-06-02 16:13:45 Job terminated.
	(1) Normal termination (return value 0)
		Usr 0 00:23:52, Sys 0 00:00:13  -  Run Remote Usage
		Usr 0 00:00:00, Sys 0 00:00:00  -  Run Local Usage
		Usr 0 00:23:52, Sys 0 00:00:13  -  Total Remote Usage
		Usr 0 00:00:00, Sys 0 00:00:00  -  Total Local Usage
	0  -  Run Bytes Sent By Job
	0  -  Run Bytes Received By Job
	0  -  Total Bytes Sent By Job
	0  -  Total Bytes Received By Job
	Partitionable Resources :    Usage  Request Allocated 
	   admin_mutex_1         :                           0 
	   admin_mutex_2         :                           0 
	   admin_mutex_3         :                           0 
	   Cpus                  :     0.97        1         1 
	   Disk (KB)             :    15        2048      5480 
	   GPUs                  :                           0 
	   machine_token         :                           0 
	   Memory (MB)           :   419        6000      6016 
	   TimeExecute (s)       :  1514                       
	   TimeSlotBusy (s)      :  1515                       

	Job terminated of its own accord at 2026-06-02T21:13:45Z with exit-code 0.
...
