000 (19536321.000.000) 2026-06-02 15:56:13 Job submitted from host: <10.128.10.103:9618?addrs=10.128.10.103-9618&alias=npx-submitter.icecube.wisc.edu&noUDP&sock=schedd_2449_6386>
    DAG Node: Drootprod_20151014_5324
...
001 (19536321.000.000) 2026-06-02 17:18:10 Job executing on host: <10.128.10.117:43719?addrs=10.128.10.117-43719&alias=n-gibyte-02.icecube.wisc.edu>
	SlotName: slot1_464@n-gibyte-02.icecube.wisc.edu
	admin_mutex_1 = 0
	admin_mutex_2 = 0
	admin_mutex_3 = 0
	CondorScratchDir = "/scratch/condor/dir_3654404"
	Cpus = 1
	Disk = 5480
	GPUs = 0
	machine_token = 0
	Memory = 6016
...
006 (19536321.000.000) 2026-06-02 17:18:23 Image size of job updated: 117540
	115  -  MemoryUsage of job (MB)
	117540  -  ResidentSetSize of job (KB)
...
006 (19536321.000.000) 2026-06-02 17:23:23 Image size of job updated: 140480
	138  -  MemoryUsage of job (MB)
	140480  -  ResidentSetSize of job (KB)
...
006 (19536321.000.000) 2026-06-02 17:28:24 Image size of job updated: 158408
	155  -  MemoryUsage of job (MB)
	158408  -  ResidentSetSize of job (KB)
...
006 (19536321.000.000) 2026-06-02 17:33:24 Image size of job updated: 268784
	263  -  MemoryUsage of job (MB)
	268784  -  ResidentSetSize of job (KB)
...
006 (19536321.000.000) 2026-06-02 17:38:24 Image size of job updated: 287444
	281  -  MemoryUsage of job (MB)
	287444  -  ResidentSetSize of job (KB)
...
006 (19536321.000.000) 2026-06-02 17:43:25 Image size of job updated: 432748
	423  -  MemoryUsage of job (MB)
	432748  -  ResidentSetSize of job (KB)
...
006 (19536321.000.000) 2026-06-02 17:47:16 Image size of job updated: 735448
	423  -  MemoryUsage of job (MB)
	432748  -  ResidentSetSize of job (KB)
...
005 (19536321.000.000) 2026-06-02 17:47:17 Job terminated.
	(1) Normal termination (return value 0)
		Usr 0 00:27:57, Sys 0 00:00:16  -  Run Remote Usage
		Usr 0 00:00:00, Sys 0 00:00:00  -  Run Local Usage
		Usr 0 00:27:57, Sys 0 00:00:16  -  Total Remote Usage
		Usr 0 00:00:00, Sys 0 00:00:00  -  Total Local Usage
	0  -  Run Bytes Sent By Job
	0  -  Run Bytes Received By Job
	0  -  Total Bytes Sent By Job
	0  -  Total Bytes Received By Job
	Partitionable Resources :    Usage  Request Allocated 
	   admin_mutex_1         :                           0 
	   admin_mutex_2         :                           0 
	   admin_mutex_3         :                           0 
	   Cpus                  :     0.98        1         1 
	   Disk (KB)             :    10        2048      5480 
	   GPUs                  :                           0 
	   machine_token         :                           0 
	   Memory (MB)           :   423        6000      6016 
	   TimeExecute (s)       :  1746                       
	   TimeSlotBusy (s)      :  1747                       

	Job terminated of its own accord at 2026-06-02T22:47:16Z with exit-code 0.
...
