000 (19537293.000.000) 2026-06-02 15:58:27 Job submitted from host: <10.128.10.103:9618?addrs=10.128.10.103-9618&alias=npx-submitter.icecube.wisc.edu&noUDP&sock=schedd_2449_6386>
    DAG Node: Drootprod_20151225_63281
...
001 (19537293.000.000) 2026-06-02 17:35:27 Job executing on host: <10.128.10.115:33587?addrs=10.128.10.115-33587&alias=n-gibyte-00.icecube.wisc.edu>
	SlotName: slot1_450@n-gibyte-00.icecube.wisc.edu
	admin_mutex_1 = 0
	admin_mutex_2 = 0
	admin_mutex_3 = 0
	CondorScratchDir = "/scratch/condor/dir_2431474"
	Cpus = 1
	Disk = 5480
	GPUs = 0
	machine_token = 0
	Memory = 6016
...
006 (19537293.000.000) 2026-06-02 17:35:40 Image size of job updated: 119780
	117  -  MemoryUsage of job (MB)
	119780  -  ResidentSetSize of job (KB)
...
006 (19537293.000.000) 2026-06-02 17:40:40 Image size of job updated: 142812
	140  -  MemoryUsage of job (MB)
	142812  -  ResidentSetSize of job (KB)
...
006 (19537293.000.000) 2026-06-02 17:45:41 Image size of job updated: 162024
	159  -  MemoryUsage of job (MB)
	162024  -  ResidentSetSize of job (KB)
...
006 (19537293.000.000) 2026-06-02 17:50:41 Image size of job updated: 268972
	263  -  MemoryUsage of job (MB)
	268972  -  ResidentSetSize of job (KB)
...
006 (19537293.000.000) 2026-06-02 17:55:42 Image size of job updated: 282800
	277  -  MemoryUsage of job (MB)
	282800  -  ResidentSetSize of job (KB)
...
006 (19537293.000.000) 2026-06-02 18:00:43 Image size of job updated: 424384
	415  -  MemoryUsage of job (MB)
	424384  -  ResidentSetSize of job (KB)
...
006 (19537293.000.000) 2026-06-02 18:03:43 Image size of job updated: 430864
	415  -  MemoryUsage of job (MB)
	424384  -  ResidentSetSize of job (KB)
...
005 (19537293.000.000) 2026-06-02 18:03:43 Job terminated.
	(1) Normal termination (return value 0)
		Usr 0 00:27:10, Sys 0 00:00:16  -  Run Remote Usage
		Usr 0 00:00:00, Sys 0 00:00:00  -  Run Local Usage
		Usr 0 00:27:10, Sys 0 00:00:16  -  Total Remote Usage
		Usr 0 00:00:00, Sys 0 00:00:00  -  Total Local Usage
	0  -  Run Bytes Sent By Job
	0  -  Run Bytes Received By Job
	0  -  Total Bytes Sent By Job
	0  -  Total Bytes Received By Job
	Partitionable Resources :    Usage  Request Allocated 
	   admin_mutex_1         :                           0 
	   admin_mutex_2         :                           0 
	   admin_mutex_3         :                           0 
	   Cpus                  :     0.94        1         1 
	   Disk (KB)             :    12        2048      5480 
	   GPUs                  :                           0 
	   machine_token         :                           0 
	   Memory (MB)           :   415        6000      6016 
	   TimeExecute (s)       :  1696                       
	   TimeSlotBusy (s)      :  1697                       

	Job terminated of its own accord at 2026-06-02T23:03:43Z with exit-code 0.
...
