000 (19533166.000.000) 2026-06-02 15:49:47 Job submitted from host: <10.128.10.103:9618?addrs=10.128.10.103-9618&alias=npx-submitter.icecube.wisc.edu&noUDP&sock=schedd_2449_6386>
    DAG Node: Drootprod_20150323_32482
...
001 (19533166.000.000) 2026-06-02 16:06:23 Job executing on host: <10.128.10.192:35633?addrs=10.128.10.192-35633&alias=n-smepyc-05.icecube.wisc.edu>
	SlotName: slot1_29@n-smepyc-05.icecube.wisc.edu
	admin_mutex_1 = 0
	admin_mutex_2 = 0
	admin_mutex_3 = 0
	CondorScratchDir = "/scratch/condor/dir_87455"
	Cpus = 1
	Disk = 3072
	GPUs = 0
	machine_token = 0
	Memory = 6016
...
006 (19533166.000.000) 2026-06-02 16:06:37 Image size of job updated: 122844
	120  -  MemoryUsage of job (MB)
	122844  -  ResidentSetSize of job (KB)
...
006 (19533166.000.000) 2026-06-02 16:11:38 Image size of job updated: 152836
	150  -  MemoryUsage of job (MB)
	152836  -  ResidentSetSize of job (KB)
...
006 (19533166.000.000) 2026-06-02 16:16:38 Image size of job updated: 283052
	277  -  MemoryUsage of job (MB)
	283052  -  ResidentSetSize of job (KB)
...
006 (19533166.000.000) 2026-06-02 16:21:39 Image size of job updated: 440740
	431  -  MemoryUsage of job (MB)
	440740  -  ResidentSetSize of job (KB)
...
006 (19533166.000.000) 2026-06-02 16:23:01 Image size of job updated: 739136
	431  -  MemoryUsage of job (MB)
	440740  -  ResidentSetSize of job (KB)
...
005 (19533166.000.000) 2026-06-02 16:23:01 Job terminated.
	(1) Normal termination (return value 0)
		Usr 0 00:15:15, Sys 0 00:00:12  -  Run Remote Usage
		Usr 0 00:00:00, Sys 0 00:00:00  -  Run Local Usage
		Usr 0 00:15:15, Sys 0 00:00:12  -  Total Remote Usage
		Usr 0 00:00:00, Sys 0 00:00:00  -  Total Local Usage
	0  -  Run Bytes Sent By Job
	0  -  Run Bytes Received By Job
	0  -  Total Bytes Sent By Job
	0  -  Total Bytes Received By Job
	Partitionable Resources :    Usage  Request Allocated 
	   admin_mutex_1         :                           0 
	   admin_mutex_2         :                           0 
	   admin_mutex_3         :                           0 
	   Cpus                  :     0.89        1         1 
	   Disk (KB)             :    17        2048      3072 
	   GPUs                  :                           0 
	   machine_token         :                           0 
	   Memory (MB)           :   431        6000      6016 
	   TimeExecute (s)       :   998                       
	   TimeSlotBusy (s)      :   998                       

	Job terminated of its own accord at 2026-06-02T21:23:01Z with exit-code 0.
...
