000 (19534885.000.000) 2026-06-02 15:53:15 Job submitted from host: <10.128.10.103:9618?addrs=10.128.10.103-9618&alias=npx-submitter.icecube.wisc.edu&noUDP&sock=schedd_2449_6386>
    DAG Node: Drootprod_20150710_13976
...
001 (19534885.000.000) 2026-06-02 16:43:09 Job executing on host: <10.128.10.187:34023?addrs=10.128.10.187-34023&alias=n-smepyc-00.icecube.wisc.edu>
	SlotName: slot1_44@n-smepyc-00.icecube.wisc.edu
	admin_mutex_1 = 0
	admin_mutex_2 = 0
	admin_mutex_3 = 0
	CondorScratchDir = "/scratch/condor/dir_1824446"
	Cpus = 1
	Disk = 3072
	GPUs = 0
	machine_token = 0
	Memory = 6016
...
006 (19534885.000.000) 2026-06-02 16:43:22 Image size of job updated: 121620
	119  -  MemoryUsage of job (MB)
	121620  -  ResidentSetSize of job (KB)
...
006 (19534885.000.000) 2026-06-02 16:48:22 Image size of job updated: 157772
	155  -  MemoryUsage of job (MB)
	157772  -  ResidentSetSize of job (KB)
...
006 (19534885.000.000) 2026-06-02 16:53:23 Image size of job updated: 289036
	283  -  MemoryUsage of job (MB)
	289036  -  ResidentSetSize of job (KB)
...
006 (19534885.000.000) 2026-06-02 16:58:20 Image size of job updated: 738988
	283  -  MemoryUsage of job (MB)
	289036  -  ResidentSetSize of job (KB)
...
005 (19534885.000.000) 2026-06-02 16:58:20 Job terminated.
	(1) Normal termination (return value 0)
		Usr 0 00:14:33, Sys 0 00:00:12  -  Run Remote Usage
		Usr 0 00:00:00, Sys 0 00:00:00  -  Run Local Usage
		Usr 0 00:14:33, Sys 0 00:00:12  -  Total Remote Usage
		Usr 0 00:00:00, Sys 0 00:00:00  -  Total Local Usage
	0  -  Run Bytes Sent By Job
	0  -  Run Bytes Received By Job
	0  -  Total Bytes Sent By Job
	0  -  Total Bytes Received By Job
	Partitionable Resources :    Usage  Request Allocated 
	   admin_mutex_1         :                           0 
	   admin_mutex_2         :                           0 
	   admin_mutex_3         :                           0 
	   Cpus                  :     0.99        1         1 
	   Disk (KB)             :    10        2048      3072 
	   GPUs                  :                           0 
	   machine_token         :                           0 
	   Memory (MB)           :   283        6000      6016 
	   TimeExecute (s)       :   911                       
	   TimeSlotBusy (s)      :   911                       

	Job terminated of its own accord at 2026-06-02T21:58:20Z with exit-code 0.
...
