000 (19533764.000.000) 2026-06-02 15:51:05 Job submitted from host: <10.128.10.103:9618?addrs=10.128.10.103-9618&alias=npx-submitter.icecube.wisc.edu&noUDP&sock=schedd_2449_6386>
    DAG Node: Drootprod_20150504_12949
...
001 (19533764.000.000) 2026-06-02 16:20:14 Job executing on host: <10.128.10.238:43797?addrs=10.128.10.238-43797&alias=n-gpu-42.icecube.wisc.edu>
	SlotName: slot1_36@n-gpu-42.icecube.wisc.edu
	admin_mutex_1 = 0
	admin_mutex_2 = 0
	admin_mutex_3 = 0
	AvailableGPUs = {  }
	CondorScratchDir = "/scratch/condor/dir_1992519"
	Cpus = 1
	Disk = 3072
	GPUs = 0
	machine_token = 0
	Memory = 6016
...
006 (19533764.000.000) 2026-06-02 16:20:28 Image size of job updated: 122348
	120  -  MemoryUsage of job (MB)
	122348  -  ResidentSetSize of job (KB)
...
006 (19533764.000.000) 2026-06-02 16:25:29 Image size of job updated: 150020
	147  -  MemoryUsage of job (MB)
	150020  -  ResidentSetSize of job (KB)
...
006 (19533764.000.000) 2026-06-02 16:30:29 Image size of job updated: 270912
	265  -  MemoryUsage of job (MB)
	270912  -  ResidentSetSize of job (KB)
...
006 (19533764.000.000) 2026-06-02 16:35:29 Image size of job updated: 425296
	416  -  MemoryUsage of job (MB)
	425296  -  ResidentSetSize of job (KB)
...
006 (19533764.000.000) 2026-06-02 16:39:07 Image size of job updated: 449996
	416  -  MemoryUsage of job (MB)
	425296  -  ResidentSetSize of job (KB)
...
005 (19533764.000.000) 2026-06-02 16:39:07 Job terminated.
	(1) Normal termination (return value 0)
		Usr 0 00:17:19, Sys 0 00:00:14  -  Run Remote Usage
		Usr 0 00:00:00, Sys 0 00:00:00  -  Run Local Usage
		Usr 0 00:17:19, Sys 0 00:00:14  -  Total Remote Usage
		Usr 0 00:00:00, Sys 0 00:00:00  -  Total Local Usage
	0  -  Run Bytes Sent By Job
	0  -  Run Bytes Received By Job
	0  -  Total Bytes Sent By Job
	0  -  Total Bytes Received By Job
	Partitionable Resources :    Usage  Request Allocated 
	   admin_mutex_1         :                           0 
	   admin_mutex_2         :                           0 
	   admin_mutex_3         :                           0 
	   Cpus                  :     0.97        1         1 
	   Disk (KB)             :    15        2048      3072 
	   GPUs                  :                           0 
	   machine_token         :                           0 
	   Memory (MB)           :   416        6000      6016 
	   TimeExecute (s)       :  1133                       
	   TimeSlotBusy (s)      :  1133                       

	Job terminated of its own accord at 2026-06-02T21:39:07Z with exit-code 0.
...
