000 (19534494.000.000) 2026-06-02 15:52:30 Job submitted from host: <10.128.10.103:9618?addrs=10.128.10.103-9618&alias=npx-submitter.icecube.wisc.edu&noUDP&sock=schedd_2449_6386>
    DAG Node: Drootprod_20150617_82774
...
001 (19534494.000.000) 2026-06-02 16:35:14 Job executing on host: <10.128.10.115:33587?addrs=10.128.10.115-33587&alias=n-gibyte-00.icecube.wisc.edu>
	SlotName: slot1_450@n-gibyte-00.icecube.wisc.edu
	admin_mutex_1 = 0
	admin_mutex_2 = 0
	admin_mutex_3 = 0
	CondorScratchDir = "/scratch/condor/dir_2186314"
	Cpus = 1
	Disk = 5480
	GPUs = 0
	machine_token = 0
	Memory = 6016
...
006 (19534494.000.000) 2026-06-02 16:35:27 Image size of job updated: 118564
	116  -  MemoryUsage of job (MB)
	118564  -  ResidentSetSize of job (KB)
...
006 (19534494.000.000) 2026-06-02 16:40:27 Image size of job updated: 140776
	138  -  MemoryUsage of job (MB)
	140776  -  ResidentSetSize of job (KB)
...
006 (19534494.000.000) 2026-06-02 16:45:28 Image size of job updated: 159620
	156  -  MemoryUsage of job (MB)
	159620  -  ResidentSetSize of job (KB)
...
006 (19534494.000.000) 2026-06-02 16:50:28 Image size of job updated: 270092
	264  -  MemoryUsage of job (MB)
	270092  -  ResidentSetSize of job (KB)
...
006 (19534494.000.000) 2026-06-02 16:55:29 Image size of job updated: 286444
	280  -  MemoryUsage of job (MB)
	286444  -  ResidentSetSize of job (KB)
...
006 (19534494.000.000) 2026-06-02 17:00:29 Image size of job updated: 429040
	419  -  MemoryUsage of job (MB)
	429040  -  ResidentSetSize of job (KB)
...
006 (19534494.000.000) 2026-06-02 17:03:16 Image size of job updated: 437316
	419  -  MemoryUsage of job (MB)
	429040  -  ResidentSetSize of job (KB)
...
005 (19534494.000.000) 2026-06-02 17:03:16 Job terminated.
	(1) Normal termination (return value 0)
		Usr 0 00:26:36, Sys 0 00:00:16  -  Run Remote Usage
		Usr 0 00:00:00, Sys 0 00:00:00  -  Run Local Usage
		Usr 0 00:26:36, Sys 0 00:00:16  -  Total Remote Usage
		Usr 0 00:00:00, Sys 0 00:00:00  -  Total Local Usage
	0  -  Run Bytes Sent By Job
	0  -  Run Bytes Received By Job
	0  -  Total Bytes Sent By Job
	0  -  Total Bytes Received By Job
	Partitionable Resources :    Usage  Request Allocated 
	   admin_mutex_1         :                           0 
	   admin_mutex_2         :                           0 
	   admin_mutex_3         :                           0 
	   Cpus                  :     0.96        1         1 
	   Disk (KB)             :    10        2048      5480 
	   GPUs                  :                           0 
	   machine_token         :                           0 
	   Memory (MB)           :   419        6000      6016 
	   TimeExecute (s)       :  1683                       
	   TimeSlotBusy (s)      :  1683                       

	Job terminated of its own accord at 2026-06-02T22:03:16Z with exit-code 0.
...
