000 (19536754.000.000) 2026-06-02 15:57:09 Job submitted from host: <10.128.10.103:9618?addrs=10.128.10.103-9618&alias=npx-submitter.icecube.wisc.edu&noUDP&sock=schedd_2449_6386>
    DAG Node: Drootprod_20151113_58656
...
001 (19536754.000.000) 2026-06-02 17:25:52 Job executing on host: <10.128.10.187:34023?addrs=10.128.10.187-34023&alias=n-smepyc-00.icecube.wisc.edu>
	SlotName: slot1_29@n-smepyc-00.icecube.wisc.edu
	admin_mutex_1 = 0
	admin_mutex_2 = 0
	admin_mutex_3 = 0
	CondorScratchDir = "/scratch/condor/dir_1987983"
	Cpus = 1
	Disk = 3072
	GPUs = 0
	machine_token = 0
	Memory = 6016
...
006 (19536754.000.000) 2026-06-02 17:26:05 Image size of job updated: 121892
	120  -  MemoryUsage of job (MB)
	121892  -  ResidentSetSize of job (KB)
...
006 (19536754.000.000) 2026-06-02 17:31:05 Image size of job updated: 163000
	160  -  MemoryUsage of job (MB)
	163000  -  ResidentSetSize of job (KB)
...
006 (19536754.000.000) 2026-06-02 17:36:05 Image size of job updated: 408720
	400  -  MemoryUsage of job (MB)
	408720  -  ResidentSetSize of job (KB)
...
006 (19536754.000.000) 2026-06-02 17:37:31 Image size of job updated: 420732
	400  -  MemoryUsage of job (MB)
	408720  -  ResidentSetSize of job (KB)
...
005 (19536754.000.000) 2026-06-02 17:37:31 Job terminated.
	(1) Normal termination (return value 0)
		Usr 0 00:11:05, Sys 0 00:00:10  -  Run Remote Usage
		Usr 0 00:00:00, Sys 0 00:00:00  -  Run Local Usage
		Usr 0 00:11:05, Sys 0 00:00:10  -  Total Remote Usage
		Usr 0 00:00:00, Sys 0 00:00:00  -  Total Local Usage
	0  -  Run Bytes Sent By Job
	0  -  Run Bytes Received By Job
	0  -  Total Bytes Sent By Job
	0  -  Total Bytes Received By Job
	Partitionable Resources :    Usage  Request Allocated 
	   admin_mutex_1         :                           0 
	   admin_mutex_2         :                           0 
	   admin_mutex_3         :                           0 
	   Cpus                  :     0.99        1         1 
	   Disk (KB)             :    10        2048      3072 
	   GPUs                  :                           0 
	   machine_token         :                           0 
	   Memory (MB)           :   400        6000      6016 
	   TimeExecute (s)       :   699                       
	   TimeSlotBusy (s)      :   700                       

	Job terminated of its own accord at 2026-06-02T22:37:31Z with exit-code 0.
...
