000 (19536248.000.000) 2026-06-02 15:56:04 Job submitted from host: <10.128.10.103:9618?addrs=10.128.10.103-9618&alias=npx-submitter.icecube.wisc.edu&noUDP&sock=schedd_2449_6386>
    DAG Node: Drootprod_20151010_64620
...
001 (19536248.000.000) 2026-06-02 17:16:54 Job executing on host: <10.128.10.206:37305?addrs=10.128.10.206-37305&alias=sm-storage-1.icecube.wisc.edu>
	SlotName: slot1_63@sm-storage-1.icecube.wisc.edu
	admin_mutex_1 = 0
	admin_mutex_2 = 0
	admin_mutex_3 = 0
	CondorScratchDir = "/scratch/condor/dir_3959833"
	Cpus = 1
	Disk = 3072
	GPUs = 0
	machine_token = 0
	Memory = 6016
...
006 (19536248.000.000) 2026-06-02 17:17:07 Image size of job updated: 119184
	117  -  MemoryUsage of job (MB)
	119184  -  ResidentSetSize of job (KB)
...
006 (19536248.000.000) 2026-06-02 17:22:07 Image size of job updated: 139504
	137  -  MemoryUsage of job (MB)
	139504  -  ResidentSetSize of job (KB)
...
006 (19536248.000.000) 2026-06-02 17:27:07 Image size of job updated: 156748
	154  -  MemoryUsage of job (MB)
	156748  -  ResidentSetSize of job (KB)
...
006 (19536248.000.000) 2026-06-02 17:32:08 Image size of job updated: 173472
	170  -  MemoryUsage of job (MB)
	173472  -  ResidentSetSize of job (KB)
...
006 (19536248.000.000) 2026-06-02 17:37:08 Image size of job updated: 285940
	280  -  MemoryUsage of job (MB)
	285940  -  ResidentSetSize of job (KB)
...
006 (19536248.000.000) 2026-06-02 17:42:08 Image size of job updated: 415112
	406  -  MemoryUsage of job (MB)
	415112  -  ResidentSetSize of job (KB)
...
006 (19536248.000.000) 2026-06-02 17:45:52 Image size of job updated: 575520
	406  -  MemoryUsage of job (MB)
	415112  -  ResidentSetSize of job (KB)
...
005 (19536248.000.000) 2026-06-02 17:45:53 Job terminated.
	(1) Normal termination (return value 0)
		Usr 0 00:28:08, Sys 0 00:00:10  -  Run Remote Usage
		Usr 0 00:00:00, Sys 0 00:00:00  -  Run Local Usage
		Usr 0 00:28:08, Sys 0 00:00:10  -  Total Remote Usage
		Usr 0 00:00:00, Sys 0 00:00:00  -  Total Local Usage
	0  -  Run Bytes Sent By Job
	0  -  Run Bytes Received By Job
	0  -  Total Bytes Sent By Job
	0  -  Total Bytes Received By Job
	Partitionable Resources :    Usage  Request Allocated 
	   admin_mutex_1         :                           0 
	   admin_mutex_2         :                           0 
	   admin_mutex_3         :                           0 
	   Cpus                  :     0.99        1         1 
	   Disk (KB)             :    10        2048      3072 
	   GPUs                  :                           0 
	   machine_token         :                           0 
	   Memory (MB)           :   406        6000      6016 
	   TimeExecute (s)       :  1739                       
	   TimeSlotBusy (s)      :  1739                       

	Job terminated of its own accord at 2026-06-02T22:45:52Z with exit-code 0.
...
