000 (19532528.000.000) 2026-06-02 15:47:54 Job submitted from host: <10.128.10.103:9618?addrs=10.128.10.103-9618&alias=npx-submitter.icecube.wisc.edu&noUDP&sock=schedd_2449_6386>
    DAG Node: Drootprod_20150121_34975
...
001 (19532528.000.000) 2026-06-02 15:48:00 Job executing on host: <10.128.10.116:38163?addrs=10.128.10.116-38163&alias=n-gibyte-01.icecube.wisc.edu>
	SlotName: slot1_369@n-gibyte-01.icecube.wisc.edu
	admin_mutex_1 = 0
	admin_mutex_2 = 0
	admin_mutex_3 = 0
	CondorScratchDir = "/scratch/condor/dir_2350722"
	Cpus = 1
	Disk = 5480
	GPUs = 0
	machine_token = 0
	Memory = 6016
...
006 (19532528.000.000) 2026-06-02 15:48:08 Image size of job updated: 120576
	118  -  MemoryUsage of job (MB)
	120576  -  ResidentSetSize of job (KB)
...
006 (19532528.000.000) 2026-06-02 15:53:08 Image size of job updated: 140784
	138  -  MemoryUsage of job (MB)
	140784  -  ResidentSetSize of job (KB)
...
006 (19532528.000.000) 2026-06-02 15:58:09 Image size of job updated: 157704
	155  -  MemoryUsage of job (MB)
	157704  -  ResidentSetSize of job (KB)
...
006 (19532528.000.000) 2026-06-02 16:03:09 Image size of job updated: 267188
	261  -  MemoryUsage of job (MB)
	267188  -  ResidentSetSize of job (KB)
...
006 (19532528.000.000) 2026-06-02 16:08:10 Image size of job updated: 285156
	279  -  MemoryUsage of job (MB)
	285156  -  ResidentSetSize of job (KB)
...
006 (19532528.000.000) 2026-06-02 16:10:15 Image size of job updated: 291696
	279  -  MemoryUsage of job (MB)
	285156  -  ResidentSetSize of job (KB)
...
005 (19532528.000.000) 2026-06-02 16:10:15 Job terminated.
	(1) Normal termination (return value 0)
		Usr 0 00:20:59, Sys 0 00:00:12  -  Run Remote Usage
		Usr 0 00:00:00, Sys 0 00:00:00  -  Run Local Usage
		Usr 0 00:20:59, Sys 0 00:00:12  -  Total Remote Usage
		Usr 0 00:00:00, Sys 0 00:00:00  -  Total Local Usage
	0  -  Run Bytes Sent By Job
	0  -  Run Bytes Received By Job
	0  -  Total Bytes Sent By Job
	0  -  Total Bytes Received By Job
	Partitionable Resources :    Usage  Request Allocated 
	   admin_mutex_1         :                           0 
	   admin_mutex_2         :                           0 
	   admin_mutex_3         :                           0 
	   Cpus                  :     0.94        1         1 
	   Disk (KB)             :    15        2048      5480 
	   GPUs                  :                           0 
	   machine_token         :                           0 
	   Memory (MB)           :   279        6000      6016 
	   TimeExecute (s)       :  1335                       
	   TimeSlotBusy (s)      :  1336                       

	Job terminated of its own accord at 2026-06-02T21:10:15Z with exit-code 0.
...
