000 (19532696.000.000) 2026-06-02 15:48:29 Job submitted from host: <10.128.10.103:9618?addrs=10.128.10.103-9618&alias=npx-submitter.icecube.wisc.edu&noUDP&sock=schedd_2449_6386>
    DAG Node: Drootprod_20150209_61869
...
001 (19532696.000.000) 2026-06-02 15:48:44 Job executing on host: <10.128.10.116:38163?addrs=10.128.10.116-38163&alias=n-gibyte-01.icecube.wisc.edu>
	SlotName: slot1_484@n-gibyte-01.icecube.wisc.edu
	admin_mutex_1 = 0
	admin_mutex_2 = 0
	admin_mutex_3 = 0
	CondorScratchDir = "/scratch/condor/dir_2369744"
	Cpus = 1
	Disk = 5480
	GPUs = 0
	machine_token = 0
	Memory = 6016
...
006 (19532696.000.000) 2026-06-02 15:48:53 Image size of job updated: 119152
	117  -  MemoryUsage of job (MB)
	119152  -  ResidentSetSize of job (KB)
...
006 (19532696.000.000) 2026-06-02 15:53:53 Image size of job updated: 141380
	139  -  MemoryUsage of job (MB)
	141380  -  ResidentSetSize of job (KB)
...
006 (19532696.000.000) 2026-06-02 15:58:54 Image size of job updated: 159652
	156  -  MemoryUsage of job (MB)
	159652  -  ResidentSetSize of job (KB)
...
006 (19532696.000.000) 2026-06-02 16:03:54 Image size of job updated: 270532
	265  -  MemoryUsage of job (MB)
	270532  -  ResidentSetSize of job (KB)
...
006 (19532696.000.000) 2026-06-02 16:08:55 Image size of job updated: 290984
	285  -  MemoryUsage of job (MB)
	290984  -  ResidentSetSize of job (KB)
...
006 (19532696.000.000) 2026-06-02 16:10:45 Image size of job updated: 410220
	285  -  MemoryUsage of job (MB)
	290984  -  ResidentSetSize of job (KB)
...
005 (19532696.000.000) 2026-06-02 16:10:45 Job terminated.
	(1) Normal termination (return value 0)
		Usr 0 00:20:38, Sys 0 00:00:13  -  Run Remote Usage
		Usr 0 00:00:00, Sys 0 00:00:00  -  Run Local Usage
		Usr 0 00:20:38, Sys 0 00:00:13  -  Total Remote Usage
		Usr 0 00:00:00, Sys 0 00:00:00  -  Total Local Usage
	0  -  Run Bytes Sent By Job
	0  -  Run Bytes Received By Job
	0  -  Total Bytes Sent By Job
	0  -  Total Bytes Received By Job
	Partitionable Resources :    Usage  Request Allocated 
	   admin_mutex_1         :                           0 
	   admin_mutex_2         :                           0 
	   admin_mutex_3         :                           0 
	   Cpus                  :     0.54        1         1 
	   Disk (KB)             :    15        2048      5480 
	   GPUs                  :                           0 
	   machine_token         :                           0 
	   Memory (MB)           :   285        6000      6016 
	   TimeExecute (s)       :  1321                       
	   TimeSlotBusy (s)      :  1321                       

	Job terminated of its own accord at 2026-06-02T21:10:45Z with exit-code 0.
...
