000 (19535532.000.000) 2026-06-02 15:54:32 Job submitted from host: <10.128.10.103:9618?addrs=10.128.10.103-9618&alias=npx-submitter.icecube.wisc.edu&noUDP&sock=schedd_2449_6386>
    DAG Node: Drootprod_20150820_54144
...
001 (19535532.000.000) 2026-06-02 16:55:10 Job executing on host: <10.128.10.115:33587?addrs=10.128.10.115-33587&alias=n-gibyte-00.icecube.wisc.edu>
	SlotName: slot1_468@n-gibyte-00.icecube.wisc.edu
	admin_mutex_1 = 0
	admin_mutex_2 = 0
	admin_mutex_3 = 0
	CondorScratchDir = "/scratch/condor/dir_2263978"
	Cpus = 1
	Disk = 5480
	GPUs = 0
	machine_token = 0
	Memory = 6016
...
006 (19535532.000.000) 2026-06-02 16:55:23 Image size of job updated: 119352
	117  -  MemoryUsage of job (MB)
	119352  -  ResidentSetSize of job (KB)
...
006 (19535532.000.000) 2026-06-02 17:00:23 Image size of job updated: 142140
	139  -  MemoryUsage of job (MB)
	142140  -  ResidentSetSize of job (KB)
...
006 (19535532.000.000) 2026-06-02 17:05:24 Image size of job updated: 159816
	157  -  MemoryUsage of job (MB)
	159816  -  ResidentSetSize of job (KB)
...
006 (19535532.000.000) 2026-06-02 17:10:24 Image size of job updated: 271944
	266  -  MemoryUsage of job (MB)
	271944  -  ResidentSetSize of job (KB)
...
006 (19535532.000.000) 2026-06-02 17:13:50 Image size of job updated: 286524
	266  -  MemoryUsage of job (MB)
	271944  -  ResidentSetSize of job (KB)
...
005 (19535532.000.000) 2026-06-02 17:13:50 Job terminated.
	(1) Normal termination (return value 0)
		Usr 0 00:17:47, Sys 0 00:00:12  -  Run Remote Usage
		Usr 0 00:00:00, Sys 0 00:00:00  -  Run Local Usage
		Usr 0 00:17:47, Sys 0 00:00:12  -  Total Remote Usage
		Usr 0 00:00:00, Sys 0 00:00:00  -  Total Local Usage
	0  -  Run Bytes Sent By Job
	0  -  Run Bytes Received By Job
	0  -  Total Bytes Sent By Job
	0  -  Total Bytes Received By Job
	Partitionable Resources :    Usage  Request Allocated 
	   admin_mutex_1         :                           0 
	   admin_mutex_2         :                           0 
	   admin_mutex_3         :                           0 
	   Cpus                  :     0.98        1         1 
	   Disk (KB)             :     7        2048      5480 
	   GPUs                  :                           0 
	   machine_token         :                           0 
	   Memory (MB)           :   266        6000      6016 
	   TimeExecute (s)       :  1120                       
	   TimeSlotBusy (s)      :  1120                       

	Job terminated of its own accord at 2026-06-02T22:13:50Z with exit-code 0.
...
