000 (19534010.000.000) 2026-06-02 15:51:36 Job submitted from host: <10.128.10.103:9618?addrs=10.128.10.103-9618&alias=npx-submitter.icecube.wisc.edu&noUDP&sock=schedd_2449_6386>
    DAG Node: Drootprod_20150520_69188
...
001 (19534010.000.000) 2026-06-02 16:25:21 Job executing on host: <10.128.11.29:39259?addrs=10.128.11.29-39259&alias=n-smbc-10.icecube.wisc.edu>
	SlotName: slot1_11@n-smbc-10.icecube.wisc.edu
	admin_mutex_1 = 0
	admin_mutex_2 = 0
	admin_mutex_3 = 0
	CondorScratchDir = "/scratch/condor/dir_3968552"
	Cpus = 1
	Disk = 3072
	GPUs = 0
	machine_token = 0
	Memory = 6016
...
006 (19534010.000.000) 2026-06-02 16:25:34 Image size of job updated: 118916
	117  -  MemoryUsage of job (MB)
	118916  -  ResidentSetSize of job (KB)
...
006 (19534010.000.000) 2026-06-02 16:30:34 Image size of job updated: 140636
	138  -  MemoryUsage of job (MB)
	140636  -  ResidentSetSize of job (KB)
...
006 (19534010.000.000) 2026-06-02 16:35:35 Image size of job updated: 158104
	155  -  MemoryUsage of job (MB)
	158104  -  ResidentSetSize of job (KB)
...
006 (19534010.000.000) 2026-06-02 16:40:36 Image size of job updated: 269628
	264  -  MemoryUsage of job (MB)
	269628  -  ResidentSetSize of job (KB)
...
006 (19534010.000.000) 2026-06-02 16:45:36 Image size of job updated: 288264
	282  -  MemoryUsage of job (MB)
	288264  -  ResidentSetSize of job (KB)
...
006 (19534010.000.000) 2026-06-02 16:50:37 Image size of job updated: 435172
	425  -  MemoryUsage of job (MB)
	435172  -  ResidentSetSize of job (KB)
...
006 (19534010.000.000) 2026-06-02 16:54:06 Image size of job updated: 725244
	425  -  MemoryUsage of job (MB)
	435172  -  ResidentSetSize of job (KB)
...
005 (19534010.000.000) 2026-06-02 16:54:06 Job terminated.
	(1) Normal termination (return value 0)
		Usr 0 00:27:37, Sys 0 00:00:14  -  Run Remote Usage
		Usr 0 00:00:00, Sys 0 00:00:00  -  Run Local Usage
		Usr 0 00:27:37, Sys 0 00:00:14  -  Total Remote Usage
		Usr 0 00:00:00, Sys 0 00:00:00  -  Total Local Usage
	0  -  Run Bytes Sent By Job
	0  -  Run Bytes Received By Job
	0  -  Total Bytes Sent By Job
	0  -  Total Bytes Received By Job
	Partitionable Resources :    Usage  Request Allocated 
	   admin_mutex_1         :                           0 
	   admin_mutex_2         :                           0 
	   admin_mutex_3         :                           0 
	   Cpus                  :     0.99        1         1 
	   Disk (KB)             :    10        2048      3072 
	   GPUs                  :                           0 
	   machine_token         :                           0 
	   Memory (MB)           :   425        6000      6016 
	   TimeExecute (s)       :  1725                       
	   TimeSlotBusy (s)      :  1725                       

	Job terminated of its own accord at 2026-06-02T21:54:06Z with exit-code 0.
...
