000 (19533562.000.000) 2026-06-02 15:50:40 Job submitted from host: <10.128.10.103:9618?addrs=10.128.10.103-9618&alias=npx-submitter.icecube.wisc.edu&noUDP&sock=schedd_2449_6386>
    DAG Node: Drootprod_20150419_23894
...
001 (19533562.000.000) 2026-06-02 16:16:50 Job executing on host: <10.128.10.191:42321?addrs=10.128.10.191-42321&alias=n-smepyc-04.icecube.wisc.edu>
	SlotName: slot1_60@n-smepyc-04.icecube.wisc.edu
	admin_mutex_1 = 0
	admin_mutex_2 = 0
	admin_mutex_3 = 0
	CondorScratchDir = "/scratch/condor/dir_95077"
	Cpus = 1
	Disk = 3072
	GPUs = 0
	machine_token = 0
	Memory = 6016
...
006 (19533562.000.000) 2026-06-02 16:17:03 Image size of job updated: 123140
	121  -  MemoryUsage of job (MB)
	123140  -  ResidentSetSize of job (KB)
...
006 (19533562.000.000) 2026-06-02 16:22:03 Image size of job updated: 159584
	156  -  MemoryUsage of job (MB)
	159584  -  ResidentSetSize of job (KB)
...
006 (19533562.000.000) 2026-06-02 16:27:04 Image size of job updated: 290560
	284  -  MemoryUsage of job (MB)
	290560  -  ResidentSetSize of job (KB)
...
006 (19533562.000.000) 2026-06-02 16:32:01 Image size of job updated: 747376
	284  -  MemoryUsage of job (MB)
	290560  -  ResidentSetSize of job (KB)
...
005 (19533562.000.000) 2026-06-02 16:32:02 Job terminated.
	(1) Normal termination (return value 0)
		Usr 0 00:13:49, Sys 0 00:00:11  -  Run Remote Usage
		Usr 0 00:00:00, Sys 0 00:00:00  -  Run Local Usage
		Usr 0 00:13:49, Sys 0 00:00:11  -  Total Remote Usage
		Usr 0 00:00:00, Sys 0 00:00:00  -  Total Local Usage
	0  -  Run Bytes Sent By Job
	0  -  Run Bytes Received By Job
	0  -  Total Bytes Sent By Job
	0  -  Total Bytes Received By Job
	Partitionable Resources :    Usage  Request Allocated 
	   admin_mutex_1         :                           0 
	   admin_mutex_2         :                           0 
	   admin_mutex_3         :                           0 
	   Cpus                  :     0.98        1         1 
	   Disk (KB)             :    17        2048      3072 
	   GPUs                  :                           0 
	   machine_token         :                           0 
	   Memory (MB)           :   284        6000      6016 
	   TimeExecute (s)       :   911                       
	   TimeSlotBusy (s)      :   911                       

	Job terminated of its own accord at 2026-06-02T21:32:01Z with exit-code 0.
...
