000 (19536560.000.000) 2026-06-02 15:56:44 Job submitted from host: <10.128.10.103:9618?addrs=10.128.10.103-9618&alias=npx-submitter.icecube.wisc.edu&noUDP&sock=schedd_2449_6386>
    DAG Node: Drootprod_20151029_16528
...
001 (19536560.000.000) 2026-06-02 17:22:47 Job executing on host: <10.128.10.238:43797?addrs=10.128.10.238-43797&alias=n-gpu-42.icecube.wisc.edu>
	SlotName: slot1_64@n-gpu-42.icecube.wisc.edu
	admin_mutex_1 = 0
	admin_mutex_2 = 0
	admin_mutex_3 = 0
	AvailableGPUs = {  }
	CondorScratchDir = "/scratch/condor/dir_2262448"
	Cpus = 1
	Disk = 3072
	GPUs = 0
	machine_token = 0
	Memory = 6016
...
006 (19536560.000.000) 2026-06-02 17:23:01 Image size of job updated: 120352
	118  -  MemoryUsage of job (MB)
	120352  -  ResidentSetSize of job (KB)
...
006 (19536560.000.000) 2026-06-02 17:28:02 Image size of job updated: 151112
	148  -  MemoryUsage of job (MB)
	151112  -  ResidentSetSize of job (KB)
...
006 (19536560.000.000) 2026-06-02 17:33:02 Image size of job updated: 273400
	267  -  MemoryUsage of job (MB)
	273400  -  ResidentSetSize of job (KB)
...
006 (19536560.000.000) 2026-06-02 17:38:02 Image size of job updated: 428232
	419  -  MemoryUsage of job (MB)
	428232  -  ResidentSetSize of job (KB)
...
006 (19536560.000.000) 2026-06-02 17:41:30 Image size of job updated: 590388
	419  -  MemoryUsage of job (MB)
	428232  -  ResidentSetSize of job (KB)
...
005 (19536560.000.000) 2026-06-02 17:41:30 Job terminated.
	(1) Normal termination (return value 0)
		Usr 0 00:17:41, Sys 0 00:00:14  -  Run Remote Usage
		Usr 0 00:00:00, Sys 0 00:00:00  -  Run Local Usage
		Usr 0 00:17:41, Sys 0 00:00:14  -  Total Remote Usage
		Usr 0 00:00:00, Sys 0 00:00:00  -  Total Local Usage
	0  -  Run Bytes Sent By Job
	0  -  Run Bytes Received By Job
	0  -  Total Bytes Sent By Job
	0  -  Total Bytes Received By Job
	Partitionable Resources :    Usage  Request Allocated 
	   admin_mutex_1         :                           0 
	   admin_mutex_2         :                           0 
	   admin_mutex_3         :                           0 
	   Cpus                  :     0.98        1         1 
	   Disk (KB)             :    10        2048      3072 
	   GPUs                  :                           0 
	   machine_token         :                           0 
	   Memory (MB)           :   419        6000      6016 
	   TimeExecute (s)       :  1123                       
	   TimeSlotBusy (s)      :  1123                       

	Job terminated of its own accord at 2026-06-02T22:41:30Z with exit-code 0.
...
