000 (19532537.000.000) 2026-06-02 15:47:56 Job submitted from host: <10.128.10.103:9618?addrs=10.128.10.103-9618&alias=npx-submitter.icecube.wisc.edu&noUDP&sock=schedd_2449_6386>
    DAG Node: Drootprod_20150123_89150
...
001 (19532537.000.000) 2026-06-02 15:48:03 Job executing on host: <10.128.10.116:38163?addrs=10.128.10.116-38163&alias=n-gibyte-01.icecube.wisc.edu>
	SlotName: slot1_377@n-gibyte-01.icecube.wisc.edu
	admin_mutex_1 = 0
	admin_mutex_2 = 0
	admin_mutex_3 = 0
	CondorScratchDir = "/scratch/condor/dir_2351981"
	Cpus = 1
	Disk = 5480
	GPUs = 0
	machine_token = 0
	Memory = 6016
...
006 (19532537.000.000) 2026-06-02 15:48:11 Image size of job updated: 120408
	118  -  MemoryUsage of job (MB)
	120408  -  ResidentSetSize of job (KB)
...
006 (19532537.000.000) 2026-06-02 15:53:11 Image size of job updated: 141992
	139  -  MemoryUsage of job (MB)
	141992  -  ResidentSetSize of job (KB)
...
006 (19532537.000.000) 2026-06-02 15:58:12 Image size of job updated: 160204
	157  -  MemoryUsage of job (MB)
	160204  -  ResidentSetSize of job (KB)
...
006 (19532537.000.000) 2026-06-02 16:03:12 Image size of job updated: 272480
	267  -  MemoryUsage of job (MB)
	272480  -  ResidentSetSize of job (KB)
...
006 (19532537.000.000) 2026-06-02 16:08:13 Image size of job updated: 290260
	284  -  MemoryUsage of job (MB)
	290260  -  ResidentSetSize of job (KB)
...
006 (19532537.000.000) 2026-06-02 16:10:36 Image size of job updated: 415192
	284  -  MemoryUsage of job (MB)
	290260  -  ResidentSetSize of job (KB)
...
005 (19532537.000.000) 2026-06-02 16:10:36 Job terminated.
	(1) Normal termination (return value 0)
		Usr 0 00:21:21, Sys 0 00:00:12  -  Run Remote Usage
		Usr 0 00:00:00, Sys 0 00:00:00  -  Run Local Usage
		Usr 0 00:21:21, Sys 0 00:00:12  -  Total Remote Usage
		Usr 0 00:00:00, Sys 0 00:00:00  -  Total Local Usage
	0  -  Run Bytes Sent By Job
	0  -  Run Bytes Received By Job
	0  -  Total Bytes Sent By Job
	0  -  Total Bytes Received By Job
	Partitionable Resources :    Usage  Request Allocated 
	   admin_mutex_1         :                           0 
	   admin_mutex_2         :                           0 
	   admin_mutex_3         :                           0 
	   Cpus                  :     0.71        1         1 
	   Disk (KB)             :    15        2048      5480 
	   GPUs                  :                           0 
	   machine_token         :                           0 
	   Memory (MB)           :   284        6000      6016 
	   TimeExecute (s)       :  1353                       
	   TimeSlotBusy (s)      :  1354                       

	Job terminated of its own accord at 2026-06-02T21:10:36Z with exit-code 0.
...
