000 (19536572.000.000) 2026-06-02 15:56:46 Job submitted from host: <10.128.10.103:9618?addrs=10.128.10.103-9618&alias=npx-submitter.icecube.wisc.edu&noUDP&sock=schedd_2449_6386>
    DAG Node: Drootprod_20151031_99219
...
001 (19536572.000.000) 2026-06-02 17:23:00 Job executing on host: <10.128.10.189:44027?addrs=10.128.10.189-44027&alias=n-smepyc-02.icecube.wisc.edu>
	SlotName: slot1_18@n-smepyc-02.icecube.wisc.edu
	admin_mutex_1 = 0
	admin_mutex_2 = 0
	admin_mutex_3 = 0
	CondorScratchDir = "/scratch/condor/dir_579451"
	Cpus = 1
	Disk = 3072
	GPUs = 0
	machine_token = 0
	Memory = 6016
...
006 (19536572.000.000) 2026-06-02 17:23:13 Image size of job updated: 122884
	121  -  MemoryUsage of job (MB)
	122884  -  ResidentSetSize of job (KB)
...
006 (19536572.000.000) 2026-06-02 17:28:13 Image size of job updated: 165360
	162  -  MemoryUsage of job (MB)
	165360  -  ResidentSetSize of job (KB)
...
006 (19536572.000.000) 2026-06-02 17:33:14 Image size of job updated: 433180
	424  -  MemoryUsage of job (MB)
	433180  -  ResidentSetSize of job (KB)
...
006 (19536572.000.000) 2026-06-02 17:34:04 Image size of job updated: 439180
	424  -  MemoryUsage of job (MB)
	433180  -  ResidentSetSize of job (KB)
...
005 (19536572.000.000) 2026-06-02 17:34:04 Job terminated.
	(1) Normal termination (return value 0)
		Usr 0 00:10:33, Sys 0 00:00:10  -  Run Remote Usage
		Usr 0 00:00:00, Sys 0 00:00:00  -  Run Local Usage
		Usr 0 00:10:33, Sys 0 00:00:10  -  Total Remote Usage
		Usr 0 00:00:00, Sys 0 00:00:00  -  Total Local Usage
	0  -  Run Bytes Sent By Job
	0  -  Run Bytes Received By Job
	0  -  Total Bytes Sent By Job
	0  -  Total Bytes Received By Job
	Partitionable Resources :    Usage  Request Allocated 
	   admin_mutex_1         :                           0 
	   admin_mutex_2         :                           0 
	   admin_mutex_3         :                           0 
	   Cpus                  :     0.99        1         1 
	   Disk (KB)             :    10        2048      3072 
	   GPUs                  :                           0 
	   machine_token         :                           0 
	   Memory (MB)           :   424        6000      6016 
	   TimeExecute (s)       :   664                       
	   TimeSlotBusy (s)      :   664                       

	Job terminated of its own accord at 2026-06-02T22:34:04Z with exit-code 0.
...
