000 (19533846.000.000) 2026-06-02 15:51:16 Job submitted from host: <10.128.10.103:9618?addrs=10.128.10.103-9618&alias=npx-submitter.icecube.wisc.edu&noUDP&sock=schedd_2449_6386>
    DAG Node: Drootprod_20150510_15208
...
001 (19533846.000.000) 2026-06-02 16:20:58 Job executing on host: <10.128.10.116:38163?addrs=10.128.10.116-38163&alias=n-gibyte-01.icecube.wisc.edu>
	SlotName: slot1_474@n-gibyte-01.icecube.wisc.edu
	admin_mutex_1 = 0
	admin_mutex_2 = 0
	admin_mutex_3 = 0
	CondorScratchDir = "/scratch/condor/dir_2509086"
	Cpus = 1
	Disk = 5480
	GPUs = 0
	machine_token = 0
	Memory = 6016
...
006 (19533846.000.000) 2026-06-02 16:21:12 Image size of job updated: 119144
	117  -  MemoryUsage of job (MB)
	119144  -  ResidentSetSize of job (KB)
...
022 (19533846.000.000) 2026-06-02 16:23:27 Job disconnected, attempting to reconnect
    Socket between submit and execute hosts closed unexpectedly
    Trying to reconnect to slot1_474@n-gibyte-01.icecube.wisc.edu <10.128.10.116:38163?addrs=10.128.10.116-38163&alias=n-gibyte-01.icecube.wisc.edu>
...
024 (19533846.000.000) 2026-06-02 17:03:27 Job reconnection failed
    Job disconnected too long: JobLeaseDuration (2400 seconds) expired
    Can not reconnect to slot1_474@n-gibyte-01.icecube.wisc.edu, rescheduling job
...
004 (19533846.000.000) 2026-06-02 17:03:37 Job was evicted.
	(0) CPU times
		Usr 0 00:00:05, Sys 0 00:00:00  -  Run Remote Usage
		Usr 0 00:00:00, Sys 0 00:00:00  -  Run Local Usage
	0  -  Run Bytes Sent By Job
	0  -  Run Bytes Received By Job
	Job disconnected too long: JobLeaseDuration (2400 seconds) expired
	Partitionable Resources :    Usage  Request Allocated 
	   admin_mutex_1         :                           0 
	   admin_mutex_2         :                           0 
	   admin_mutex_3         :                           0 
	   Cpus                  :                 1         1 
	   Disk (KB)             :       17     2048      5480 
	   GPUs                  :                           0 
	   machine_token         :                           0 
	   Memory (MB)           :      117     6000      6016 
...
001 (19533846.000.000) 2026-06-02 17:10:29 Job executing on host: <10.128.10.115:33587?addrs=10.128.10.115-33587&alias=n-gibyte-00.icecube.wisc.edu>
	SlotName: slot1_504@n-gibyte-00.icecube.wisc.edu
	admin_mutex_1 = 0
	admin_mutex_2 = 0
	admin_mutex_3 = 0
	CondorScratchDir = "/scratch/condor/dir_2325648"
	Cpus = 1
	Disk = 5480
	GPUs = 0
	machine_token = 0
	Memory = 6016
...
006 (19533846.000.000) 2026-06-02 17:15:42 Image size of job updated: 141048
	138  -  MemoryUsage of job (MB)
	141048  -  ResidentSetSize of job (KB)
...
006 (19533846.000.000) 2026-06-02 17:20:43 Image size of job updated: 160008
	157  -  MemoryUsage of job (MB)
	160008  -  ResidentSetSize of job (KB)
...
006 (19533846.000.000) 2026-06-02 17:25:43 Image size of job updated: 274276
	268  -  MemoryUsage of job (MB)
	274276  -  ResidentSetSize of job (KB)
...
006 (19533846.000.000) 2026-06-02 17:30:44 Image size of job updated: 294356
	288  -  MemoryUsage of job (MB)
	294356  -  ResidentSetSize of job (KB)
...
006 (19533846.000.000) 2026-06-02 17:35:30 Image size of job updated: 440744
	288  -  MemoryUsage of job (MB)
	294356  -  ResidentSetSize of job (KB)
...
005 (19533846.000.000) 2026-06-02 17:35:30 Job terminated.
	(1) Normal termination (return value 0)
		Usr 0 00:23:46, Sys 0 00:00:16  -  Run Remote Usage
		Usr 0 00:00:00, Sys 0 00:00:00  -  Run Local Usage
		Usr 0 00:23:51, Sys 0 00:00:16  -  Total Remote Usage
		Usr 0 00:00:00, Sys 0 00:00:00  -  Total Local Usage
	0  -  Run Bytes Sent By Job
	0  -  Run Bytes Received By Job
	0  -  Total Bytes Sent By Job
	0  -  Total Bytes Received By Job
	Partitionable Resources :    Usage  Request Allocated 
	   admin_mutex_1         :                           0 
	   admin_mutex_2         :                           0 
	   admin_mutex_3         :                           0 
	   Cpus                  :     0.94        1         1 
	   Disk (KB)             :    17        2048      5480 
	   GPUs                  :                           0 
	   machine_token         :                           0 
	   Memory (MB)           :   288        6000      6016 
	   TimeExecute (s)       :  1501                       
	   TimeSlotBusy (s)      :  1502                       

	Job terminated of its own accord at 2026-06-02T22:35:30Z with exit-code 0.
...
