000 (19533585.000.000) 2026-06-02 15:50:43 Job submitted from host: <10.128.10.103:9618?addrs=10.128.10.103-9618&alias=npx-submitter.icecube.wisc.edu&noUDP&sock=schedd_2449_6386>
    DAG Node: Drootprod_20150422_51823
...
001 (19533585.000.000) 2026-06-02 16:17:17 Job executing on host: <10.128.10.115:33587?addrs=10.128.10.115-33587&alias=n-gibyte-00.icecube.wisc.edu>
	SlotName: slot1_101@n-gibyte-00.icecube.wisc.edu
	admin_mutex_1 = 0
	admin_mutex_2 = 0
	admin_mutex_3 = 0
	CondorScratchDir = "/scratch/condor/dir_2119850"
	Cpus = 1
	Disk = 5480
	GPUs = 0
	machine_token = 0
	Memory = 6016
...
006 (19533585.000.000) 2026-06-02 16:17:31 Image size of job updated: 119708
	117  -  MemoryUsage of job (MB)
	119708  -  ResidentSetSize of job (KB)
...
006 (19533585.000.000) 2026-06-02 16:22:32 Image size of job updated: 143476
	141  -  MemoryUsage of job (MB)
	143476  -  ResidentSetSize of job (KB)
...
006 (19533585.000.000) 2026-06-02 16:27:32 Image size of job updated: 161056
	158  -  MemoryUsage of job (MB)
	161056  -  ResidentSetSize of job (KB)
...
006 (19533585.000.000) 2026-06-02 16:32:32 Image size of job updated: 271168
	265  -  MemoryUsage of job (MB)
	271168  -  ResidentSetSize of job (KB)
...
006 (19533585.000.000) 2026-06-02 16:37:33 Image size of job updated: 289276
	283  -  MemoryUsage of job (MB)
	289276  -  ResidentSetSize of job (KB)
...
006 (19533585.000.000) 2026-06-02 16:42:33 Image size of job updated: 422332
	413  -  MemoryUsage of job (MB)
	422332  -  ResidentSetSize of job (KB)
...
006 (19533585.000.000) 2026-06-02 16:42:36 Image size of job updated: 430112
	413  -  MemoryUsage of job (MB)
	422332  -  ResidentSetSize of job (KB)
...
005 (19533585.000.000) 2026-06-02 16:42:36 Job terminated.
	(1) Normal termination (return value 0)
		Usr 0 00:23:36, Sys 0 00:00:16  -  Run Remote Usage
		Usr 0 00:00:00, Sys 0 00:00:00  -  Run Local Usage
		Usr 0 00:23:36, Sys 0 00:00:16  -  Total Remote Usage
		Usr 0 00:00:00, Sys 0 00:00:00  -  Total Local Usage
	0  -  Run Bytes Sent By Job
	0  -  Run Bytes Received By Job
	0  -  Total Bytes Sent By Job
	0  -  Total Bytes Received By Job
	Partitionable Resources :    Usage  Request Allocated 
	   admin_mutex_1         :                           0 
	   admin_mutex_2         :                           0 
	   admin_mutex_3         :                           0 
	   Cpus                  :     0.98        1         1 
	   Disk (KB)             :    17        2048      5480 
	   GPUs                  :                           0 
	   machine_token         :                           0 
	   Memory (MB)           :   413        6000      6016 
	   TimeExecute (s)       :  1519                       
	   TimeSlotBusy (s)      :  1519                       

	Job terminated of its own accord at 2026-06-02T21:42:36Z with exit-code 0.
...
