000 (19534711.000.000) 2026-06-02 15:52:55 Job submitted from host: <10.128.10.103:9618?addrs=10.128.10.103-9618&alias=npx-submitter.icecube.wisc.edu&noUDP&sock=schedd_2449_6386>
    DAG Node: Drootprod_20150701_21146
...
001 (19534711.000.000) 2026-06-02 16:39:26 Job executing on host: <10.128.10.117:43719?addrs=10.128.10.117-43719&alias=n-gibyte-02.icecube.wisc.edu>
	SlotName: slot1_446@n-gibyte-02.icecube.wisc.edu
	admin_mutex_1 = 0
	admin_mutex_2 = 0
	admin_mutex_3 = 0
	CondorScratchDir = "/scratch/condor/dir_3491430"
	Cpus = 1
	Disk = 5480
	GPUs = 0
	machine_token = 0
	Memory = 6016
...
006 (19534711.000.000) 2026-06-02 16:39:41 Image size of job updated: 119200
	117  -  MemoryUsage of job (MB)
	119200  -  ResidentSetSize of job (KB)
...
006 (19534711.000.000) 2026-06-02 16:44:41 Image size of job updated: 141968
	139  -  MemoryUsage of job (MB)
	141968  -  ResidentSetSize of job (KB)
...
006 (19534711.000.000) 2026-06-02 16:49:42 Image size of job updated: 159576
	156  -  MemoryUsage of job (MB)
	159576  -  ResidentSetSize of job (KB)
...
006 (19534711.000.000) 2026-06-02 16:54:42 Image size of job updated: 273400
	267  -  MemoryUsage of job (MB)
	273400  -  ResidentSetSize of job (KB)
...
006 (19534711.000.000) 2026-06-02 16:59:43 Image size of job updated: 292800
	286  -  MemoryUsage of job (MB)
	292800  -  ResidentSetSize of job (KB)
...
006 (19534711.000.000) 2026-06-02 17:04:43 Image size of job updated: 439776
	430  -  MemoryUsage of job (MB)
	439776  -  ResidentSetSize of job (KB)
...
006 (19534711.000.000) 2026-06-02 17:08:15 Image size of job updated: 736276
	430  -  MemoryUsage of job (MB)
	439776  -  ResidentSetSize of job (KB)
...
005 (19534711.000.000) 2026-06-02 17:08:16 Job terminated.
	(1) Normal termination (return value 0)
		Usr 0 00:27:35, Sys 0 00:00:17  -  Run Remote Usage
		Usr 0 00:00:00, Sys 0 00:00:00  -  Run Local Usage
		Usr 0 00:27:35, Sys 0 00:00:17  -  Total Remote Usage
		Usr 0 00:00:00, Sys 0 00:00:00  -  Total Local Usage
	0  -  Run Bytes Sent By Job
	0  -  Run Bytes Received By Job
	0  -  Total Bytes Sent By Job
	0  -  Total Bytes Received By Job
	Partitionable Resources :    Usage  Request Allocated 
	   admin_mutex_1         :                           0 
	   admin_mutex_2         :                           0 
	   admin_mutex_3         :                           0 
	   Cpus                  :     0.97        1         1 
	   Disk (KB)             :    12        2048      5480 
	   GPUs                  :                           0 
	   machine_token         :                           0 
	   Memory (MB)           :   430        6000      6016 
	   TimeExecute (s)       :  1729                       
	   TimeSlotBusy (s)      :  1731                       

	Job terminated of its own accord at 2026-06-02T22:08:15Z with exit-code 0.
...
