000 (19532999.000.000) 2026-06-02 15:49:21 Job submitted from host: <10.128.10.103:9618?addrs=10.128.10.103-9618&alias=npx-submitter.icecube.wisc.edu&noUDP&sock=schedd_2449_6386>
    DAG Node: Drootprod_20150308_94214
...
001 (19532999.000.000) 2026-06-02 15:58:52 Job executing on host: <10.128.10.117:43719?addrs=10.128.10.117-43719&alias=n-gibyte-02.icecube.wisc.edu>
	SlotName: slot1_411@n-gibyte-02.icecube.wisc.edu
	admin_mutex_1 = 0
	admin_mutex_2 = 0
	admin_mutex_3 = 0
	CondorScratchDir = "/scratch/condor/dir_3333985"
	Cpus = 1
	Disk = 5480
	GPUs = 0
	machine_token = 0
	Memory = 6016
...
006 (19532999.000.000) 2026-06-02 15:59:05 Image size of job updated: 118680
	116  -  MemoryUsage of job (MB)
	118680  -  ResidentSetSize of job (KB)
...
006 (19532999.000.000) 2026-06-02 16:04:05 Image size of job updated: 138772
	136  -  MemoryUsage of job (MB)
	138772  -  ResidentSetSize of job (KB)
...
006 (19532999.000.000) 2026-06-02 16:09:06 Image size of job updated: 155792
	153  -  MemoryUsage of job (MB)
	155792  -  ResidentSetSize of job (KB)
...
006 (19532999.000.000) 2026-06-02 16:14:06 Image size of job updated: 171892
	168  -  MemoryUsage of job (MB)
	171892  -  ResidentSetSize of job (KB)
...
006 (19532999.000.000) 2026-06-02 16:19:07 Image size of job updated: 284216
	278  -  MemoryUsage of job (MB)
	284216  -  ResidentSetSize of job (KB)
...
006 (19532999.000.000) 2026-06-02 16:24:07 Image size of job updated: 427876
	418  -  MemoryUsage of job (MB)
	427876  -  ResidentSetSize of job (KB)
...
006 (19532999.000.000) 2026-06-02 16:29:07 Image size of job updated: 582852
	570  -  MemoryUsage of job (MB)
	582852  -  ResidentSetSize of job (KB)
...
006 (19532999.000.000) 2026-06-02 16:29:35 Image size of job updated: 723412
	570  -  MemoryUsage of job (MB)
	582852  -  ResidentSetSize of job (KB)
...
005 (19532999.000.000) 2026-06-02 16:29:35 Job terminated.
	(1) Normal termination (return value 0)
		Usr 0 00:28:51, Sys 0 00:00:17  -  Run Remote Usage
		Usr 0 00:00:00, Sys 0 00:00:00  -  Run Local Usage
		Usr 0 00:28:51, Sys 0 00:00:17  -  Total Remote Usage
		Usr 0 00:00:00, Sys 0 00:00:00  -  Total Local Usage
	0  -  Run Bytes Sent By Job
	0  -  Run Bytes Received By Job
	0  -  Total Bytes Sent By Job
	0  -  Total Bytes Received By Job
	Partitionable Resources :    Usage  Request Allocated 
	   admin_mutex_1         :                           0 
	   admin_mutex_2         :                           0 
	   admin_mutex_3         :                           0 
	   Cpus                  :     0.99        1         1 
	   Disk (KB)             :    17        2048      5480 
	   GPUs                  :                           0 
	   machine_token         :                           0 
	   Memory (MB)           :   570        6000      6016 
	   TimeExecute (s)       :  1843                       
	   TimeSlotBusy (s)      :  1844                       

	Job terminated of its own accord at 2026-06-02T21:29:35Z with exit-code 0.
...
