000 (19535606.000.000) 2026-06-02 15:54:42 Job submitted from host: <10.128.10.103:9618?addrs=10.128.10.103-9618&alias=npx-submitter.icecube.wisc.edu&noUDP&sock=schedd_2449_6386>
    DAG Node: Drootprod_20150825_30952
...
001 (19535606.000.000) 2026-06-02 16:56:13 Job executing on host: <10.128.10.192:35633?addrs=10.128.10.192-35633&alias=n-smepyc-05.icecube.wisc.edu>
	SlotName: slot1_51@n-smepyc-05.icecube.wisc.edu
	admin_mutex_1 = 0
	admin_mutex_2 = 0
	admin_mutex_3 = 0
	CondorScratchDir = "/scratch/condor/dir_278245"
	Cpus = 1
	Disk = 3072
	GPUs = 0
	machine_token = 0
	Memory = 6016
...
006 (19535606.000.000) 2026-06-02 16:56:27 Image size of job updated: 122976
	121  -  MemoryUsage of job (MB)
	122976  -  ResidentSetSize of job (KB)
...
006 (19535606.000.000) 2026-06-02 17:01:28 Image size of job updated: 163388
	160  -  MemoryUsage of job (MB)
	163388  -  ResidentSetSize of job (KB)
...
006 (19535606.000.000) 2026-06-02 17:06:28 Image size of job updated: 428620
	419  -  MemoryUsage of job (MB)
	428620  -  ResidentSetSize of job (KB)
...
006 (19535606.000.000) 2026-06-02 17:09:51 Image size of job updated: 739332
	419  -  MemoryUsage of job (MB)
	428620  -  ResidentSetSize of job (KB)
...
005 (19535606.000.000) 2026-06-02 17:09:51 Job terminated.
	(1) Normal termination (return value 0)
		Usr 0 00:12:46, Sys 0 00:00:12  -  Run Remote Usage
		Usr 0 00:00:00, Sys 0 00:00:00  -  Run Local Usage
		Usr 0 00:12:46, Sys 0 00:00:12  -  Total Remote Usage
		Usr 0 00:00:00, Sys 0 00:00:00  -  Total Local Usage
	0  -  Run Bytes Sent By Job
	0  -  Run Bytes Received By Job
	0  -  Total Bytes Sent By Job
	0  -  Total Bytes Received By Job
	Partitionable Resources :    Usage  Request Allocated 
	   admin_mutex_1         :                           0 
	   admin_mutex_2         :                           0 
	   admin_mutex_3         :                           0 
	   Cpus                  :     0.99        1         1 
	   Disk (KB)             :    10        2048      3072 
	   GPUs                  :                           0 
	   machine_token         :                           0 
	   Memory (MB)           :   419        6000      6016 
	   TimeExecute (s)       :   818                       
	   TimeSlotBusy (s)      :   818                       

	Job terminated of its own accord at 2026-06-02T22:09:51Z with exit-code 0.
...
