000 (19532797.000.000) 2026-06-02 15:48:48 Job submitted from host: <10.128.10.103:9618?addrs=10.128.10.103-9618&alias=npx-submitter.icecube.wisc.edu&noUDP&sock=schedd_2449_6386>
    DAG Node: Drootprod_20150218_86611
...
001 (19532797.000.000) 2026-06-02 15:52:38 Job executing on host: <10.128.10.117:43719?addrs=10.128.10.117-43719&alias=n-gibyte-02.icecube.wisc.edu>
	SlotName: slot1_165@n-gibyte-02.icecube.wisc.edu
	admin_mutex_1 = 0
	admin_mutex_2 = 0
	admin_mutex_3 = 0
	CondorScratchDir = "/scratch/condor/dir_3312677"
	Cpus = 1
	Disk = 5480
	GPUs = 0
	machine_token = 0
	Memory = 6016
...
006 (19532797.000.000) 2026-06-02 15:52:51 Image size of job updated: 119648
	117  -  MemoryUsage of job (MB)
	119648  -  ResidentSetSize of job (KB)
...
006 (19532797.000.000) 2026-06-02 15:57:52 Image size of job updated: 141660
	139  -  MemoryUsage of job (MB)
	141660  -  ResidentSetSize of job (KB)
...
006 (19532797.000.000) 2026-06-02 16:02:52 Image size of job updated: 159364
	156  -  MemoryUsage of job (MB)
	159364  -  ResidentSetSize of job (KB)
...
006 (19532797.000.000) 2026-06-02 16:07:53 Image size of job updated: 269748
	264  -  MemoryUsage of job (MB)
	269748  -  ResidentSetSize of job (KB)
...
006 (19532797.000.000) 2026-06-02 16:12:53 Image size of job updated: 286712
	280  -  MemoryUsage of job (MB)
	286712  -  ResidentSetSize of job (KB)
...
006 (19532797.000.000) 2026-06-02 16:17:54 Image size of job updated: 415828
	407  -  MemoryUsage of job (MB)
	415828  -  ResidentSetSize of job (KB)
...
006 (19532797.000.000) 2026-06-02 16:22:26 Image size of job updated: 720996
	407  -  MemoryUsage of job (MB)
	415828  -  ResidentSetSize of job (KB)
...
005 (19532797.000.000) 2026-06-02 16:22:26 Job terminated.
	(1) Normal termination (return value 0)
		Usr 0 00:28:00, Sys 0 00:00:18  -  Run Remote Usage
		Usr 0 00:00:00, Sys 0 00:00:00  -  Run Local Usage
		Usr 0 00:28:00, Sys 0 00:00:18  -  Total Remote Usage
		Usr 0 00:00:00, Sys 0 00:00:00  -  Total Local Usage
	0  -  Run Bytes Sent By Job
	0  -  Run Bytes Received By Job
	0  -  Total Bytes Sent By Job
	0  -  Total Bytes Received By Job
	Partitionable Resources :    Usage  Request Allocated 
	   admin_mutex_1         :                           0 
	   admin_mutex_2         :                           0 
	   admin_mutex_3         :                           0 
	   Cpus                  :     0.96        1         1 
	   Disk (KB)             :    17        2048      5480 
	   GPUs                  :                           0 
	   machine_token         :                           0 
	   Memory (MB)           :   407        6000      6016 
	   TimeExecute (s)       :  1788                       
	   TimeSlotBusy (s)      :  1789                       

	Job terminated of its own accord at 2026-06-02T21:22:26Z with exit-code 0.
...
