000 (19536985.000.000) 2026-06-02 15:57:39 Job submitted from host: <10.128.10.103:9618?addrs=10.128.10.103-9618&alias=npx-submitter.icecube.wisc.edu&noUDP&sock=schedd_2449_6386>
    DAG Node: Drootprod_20151128_11943
...
001 (19536985.000.000) 2026-06-02 17:30:25 Job executing on host: <10.128.11.104:41225?addrs=10.128.11.104-41225&alias=n-r720-45.icecube.wisc.edu>
	SlotName: slot1_11@n-r720-45.icecube.wisc.edu
	admin_mutex_1 = 0
	admin_mutex_2 = 0
	admin_mutex_3 = 0
	CondorScratchDir = "/scratch/condor/dir_1286772"
	Cpus = 1
	Disk = 3717
	GPUs = 0
	machine_token = 0
	Memory = 6016
...
006 (19536985.000.000) 2026-06-02 17:30:39 Image size of job updated: 120668
	118  -  MemoryUsage of job (MB)
	120668  -  ResidentSetSize of job (KB)
...
006 (19536985.000.000) 2026-06-02 17:35:40 Image size of job updated: 143640
	141  -  MemoryUsage of job (MB)
	143640  -  ResidentSetSize of job (KB)
...
006 (19536985.000.000) 2026-06-02 17:40:40 Image size of job updated: 163536
	160  -  MemoryUsage of job (MB)
	163536  -  ResidentSetSize of job (KB)
...
006 (19536985.000.000) 2026-06-02 17:45:40 Image size of job updated: 279636
	274  -  MemoryUsage of job (MB)
	279636  -  ResidentSetSize of job (KB)
...
006 (19536985.000.000) 2026-06-02 17:50:41 Image size of job updated: 408592
	400  -  MemoryUsage of job (MB)
	408592  -  ResidentSetSize of job (KB)
...
006 (19536985.000.000) 2026-06-02 17:55:41 Image size of job updated: 425428
	400  -  MemoryUsage of job (MB)
	408592  -  ResidentSetSize of job (KB)
...
005 (19536985.000.000) 2026-06-02 17:55:41 Job terminated.
	(1) Normal termination (return value 0)
		Usr 0 00:24:20, Sys 0 00:00:14  -  Run Remote Usage
		Usr 0 00:00:00, Sys 0 00:00:00  -  Run Local Usage
		Usr 0 00:24:20, Sys 0 00:00:14  -  Total Remote Usage
		Usr 0 00:00:00, Sys 0 00:00:00  -  Total Local Usage
	0  -  Run Bytes Sent By Job
	0  -  Run Bytes Received By Job
	0  -  Total Bytes Sent By Job
	0  -  Total Bytes Received By Job
	Partitionable Resources :    Usage  Request Allocated 
	   admin_mutex_1         :                           0 
	   admin_mutex_2         :                           0 
	   admin_mutex_3         :                           0 
	   Cpus                  :     0.99        1         1 
	   Disk (KB)             :    10        2048      3717 
	   GPUs                  :                           0 
	   machine_token         :                           0 
	   Memory (MB)           :   400        6000      6016 
	   TimeExecute (s)       :  1516                       
	   TimeSlotBusy (s)      :  1516                       

	Job terminated of its own accord at 2026-06-02T22:55:41Z with exit-code 0.
...
