000 (19533934.000.000) 2026-06-02 15:51:27 Job submitted from host: <10.128.10.103:9618?addrs=10.128.10.103-9618&alias=npx-submitter.icecube.wisc.edu&noUDP&sock=schedd_2449_6386>
    DAG Node: Drootprod_20150516_94434
...
001 (19533934.000.000) 2026-06-02 16:23:10 Job executing on host: <10.128.10.115:33587?addrs=10.128.10.115-33587&alias=n-gibyte-00.icecube.wisc.edu>
	SlotName: slot1_185@n-gibyte-00.icecube.wisc.edu
	admin_mutex_1 = 0
	admin_mutex_2 = 0
	admin_mutex_3 = 0
	CondorScratchDir = "/scratch/condor/dir_2140912"
	Cpus = 1
	Disk = 5480
	GPUs = 0
	machine_token = 0
	Memory = 6016
...
006 (19533934.000.000) 2026-06-02 16:23:24 Image size of job updated: 119376
	117  -  MemoryUsage of job (MB)
	119376  -  ResidentSetSize of job (KB)
...
006 (19533934.000.000) 2026-06-02 16:28:24 Image size of job updated: 142124
	139  -  MemoryUsage of job (MB)
	142124  -  ResidentSetSize of job (KB)
...
006 (19533934.000.000) 2026-06-02 16:33:25 Image size of job updated: 162152
	159  -  MemoryUsage of job (MB)
	162152  -  ResidentSetSize of job (KB)
...
006 (19533934.000.000) 2026-06-02 16:38:25 Image size of job updated: 275684
	270  -  MemoryUsage of job (MB)
	275684  -  ResidentSetSize of job (KB)
...
006 (19533934.000.000) 2026-06-02 16:43:26 Image size of job updated: 426552
	417  -  MemoryUsage of job (MB)
	426552  -  ResidentSetSize of job (KB)
...
006 (19533934.000.000) 2026-06-02 16:48:26 Image size of job updated: 585552
	572  -  MemoryUsage of job (MB)
	585552  -  ResidentSetSize of job (KB)
...
006 (19533934.000.000) 2026-06-02 16:49:46 Image size of job updated: 735324
	572  -  MemoryUsage of job (MB)
	585552  -  ResidentSetSize of job (KB)
...
005 (19533934.000.000) 2026-06-02 16:49:46 Job terminated.
	(1) Normal termination (return value 0)
		Usr 0 00:25:01, Sys 0 00:00:18  -  Run Remote Usage
		Usr 0 00:00:00, Sys 0 00:00:00  -  Run Local Usage
		Usr 0 00:25:01, Sys 0 00:00:18  -  Total Remote Usage
		Usr 0 00:00:00, Sys 0 00:00:00  -  Total Local Usage
	0  -  Run Bytes Sent By Job
	0  -  Run Bytes Received By Job
	0  -  Total Bytes Sent By Job
	0  -  Total Bytes Received By Job
	Partitionable Resources :    Usage  Request Allocated 
	   admin_mutex_1         :                           0 
	   admin_mutex_2         :                           0 
	   admin_mutex_3         :                           0 
	   Cpus                  :     0.92        1         1 
	   Disk (KB)             :    17        2048      5480 
	   GPUs                  :                           0 
	   machine_token         :                           0 
	   Memory (MB)           :   572        6000      6016 
	   TimeExecute (s)       :  1596                       
	   TimeSlotBusy (s)      :  1596                       

	Job terminated of its own accord at 2026-06-02T21:49:46Z with exit-code 0.
...
