000 (19532429.000.000) 2026-06-02 15:47:32 Job submitted from host: <10.128.10.103:9618?addrs=10.128.10.103-9618&alias=npx-submitter.icecube.wisc.edu&noUDP&sock=schedd_2449_6386>
    DAG Node: Drootprod_20150103_85271
...
001 (19532429.000.000) 2026-06-02 15:47:38 Job executing on host: <10.128.10.116:38163?addrs=10.128.10.116-38163&alias=n-gibyte-01.icecube.wisc.edu>
	SlotName: slot1_306@n-gibyte-01.icecube.wisc.edu
	admin_mutex_1 = 0
	admin_mutex_2 = 0
	admin_mutex_3 = 0
	CondorScratchDir = "/scratch/condor/dir_2339931"
	Cpus = 1
	Disk = 5480
	GPUs = 0
	machine_token = 0
	Memory = 6016
...
006 (19532429.000.000) 2026-06-02 15:47:46 Image size of job updated: 121008
	119  -  MemoryUsage of job (MB)
	121008  -  ResidentSetSize of job (KB)
...
006 (19532429.000.000) 2026-06-02 15:52:46 Image size of job updated: 143000
	140  -  MemoryUsage of job (MB)
	143000  -  ResidentSetSize of job (KB)
...
006 (19532429.000.000) 2026-06-02 15:57:47 Image size of job updated: 160768
	157  -  MemoryUsage of job (MB)
	160768  -  ResidentSetSize of job (KB)
...
006 (19532429.000.000) 2026-06-02 16:02:47 Image size of job updated: 271616
	266  -  MemoryUsage of job (MB)
	271616  -  ResidentSetSize of job (KB)
...
006 (19532429.000.000) 2026-06-02 16:07:48 Image size of job updated: 289708
	283  -  MemoryUsage of job (MB)
	289708  -  ResidentSetSize of job (KB)
...
006 (19532429.000.000) 2026-06-02 16:12:48 Image size of job updated: 417552
	408  -  MemoryUsage of job (MB)
	417552  -  ResidentSetSize of job (KB)
...
006 (19532429.000.000) 2026-06-02 16:15:53 Image size of job updated: 575952
	408  -  MemoryUsage of job (MB)
	417552  -  ResidentSetSize of job (KB)
...
005 (19532429.000.000) 2026-06-02 16:15:53 Job terminated.
	(1) Normal termination (return value 0)
		Usr 0 00:26:41, Sys 0 00:00:15  -  Run Remote Usage
		Usr 0 00:00:00, Sys 0 00:00:00  -  Run Local Usage
		Usr 0 00:26:41, Sys 0 00:00:15  -  Total Remote Usage
		Usr 0 00:00:00, Sys 0 00:00:00  -  Total Local Usage
	0  -  Run Bytes Sent By Job
	0  -  Run Bytes Received By Job
	0  -  Total Bytes Sent By Job
	0  -  Total Bytes Received By Job
	Partitionable Resources :    Usage  Request Allocated 
	   admin_mutex_1         :                           0 
	   admin_mutex_2         :                           0 
	   admin_mutex_3         :                           0 
	   Cpus                  :     0.99        1         1 
	   Disk (KB)             :    17        2048      5480 
	   GPUs                  :                           0 
	   machine_token         :                           0 
	   Memory (MB)           :   408        6000      6016 
	   TimeExecute (s)       :  1695                       
	   TimeSlotBusy (s)      :  1696                       

	Job terminated of its own accord at 2026-06-02T21:15:53Z with exit-code 0.
...
