000 (19535889.000.000) 2026-06-02 15:55:19 Job submitted from host: <10.128.10.103:9618?addrs=10.128.10.103-9618&alias=npx-submitter.icecube.wisc.edu&noUDP&sock=schedd_2449_6386>
    DAG Node: Drootprod_20150915_37456
...
001 (19535889.000.000) 2026-06-02 17:01:53 Job executing on host: <10.128.11.30:45417?addrs=10.128.11.30-45417&alias=n-smbc-11.icecube.wisc.edu>
	SlotName: slot1_14@n-smbc-11.icecube.wisc.edu
	admin_mutex_1 = 0
	admin_mutex_2 = 0
	admin_mutex_3 = 0
	CondorScratchDir = "/scratch/condor/dir_127418"
	Cpus = 1
	Disk = 3072
	GPUs = 0
	machine_token = 0
	Memory = 6016
...
006 (19535889.000.000) 2026-06-02 17:02:06 Image size of job updated: 122220
	120  -  MemoryUsage of job (MB)
	122220  -  ResidentSetSize of job (KB)
...
006 (19535889.000.000) 2026-06-02 17:07:06 Image size of job updated: 155580
	152  -  MemoryUsage of job (MB)
	155580  -  ResidentSetSize of job (KB)
...
006 (19535889.000.000) 2026-06-02 17:12:07 Image size of job updated: 283976
	278  -  MemoryUsage of job (MB)
	283976  -  ResidentSetSize of job (KB)
...
006 (19535889.000.000) 2026-06-02 17:17:07 Image size of job updated: 583680
	570  -  MemoryUsage of job (MB)
	583680  -  ResidentSetSize of job (KB)
...
006 (19535889.000.000) 2026-06-02 17:18:37 Image size of job updated: 737832
	570  -  MemoryUsage of job (MB)
	583680  -  ResidentSetSize of job (KB)
...
005 (19535889.000.000) 2026-06-02 17:18:37 Job terminated.
	(1) Normal termination (return value 0)
		Usr 0 00:16:00, Sys 0 00:00:09  -  Run Remote Usage
		Usr 0 00:00:00, Sys 0 00:00:00  -  Run Local Usage
		Usr 0 00:16:00, Sys 0 00:00:09  -  Total Remote Usage
		Usr 0 00:00:00, Sys 0 00:00:00  -  Total Local Usage
	0  -  Run Bytes Sent By Job
	0  -  Run Bytes Received By Job
	0  -  Total Bytes Sent By Job
	0  -  Total Bytes Received By Job
	Partitionable Resources :    Usage  Request Allocated 
	   admin_mutex_1         :                           0 
	   admin_mutex_2         :                           0 
	   admin_mutex_3         :                           0 
	   Cpus                  :     0.97        1         1 
	   Disk (KB)             :    10        2048      3072 
	   GPUs                  :                           0 
	   machine_token         :                           0 
	   Memory (MB)           :   570        6000      6016 
	   TimeExecute (s)       :  1004                       
	   TimeSlotBusy (s)      :  1004                       

	Job terminated of its own accord at 2026-06-02T22:18:37Z with exit-code 0.
...
