000 (19532698.000.000) 2026-06-02 15:48:30 Job submitted from host: <10.128.10.103:9618?addrs=10.128.10.103-9618&alias=npx-submitter.icecube.wisc.edu&noUDP&sock=schedd_2449_6386>
    DAG Node: Drootprod_20150210_92217
...
001 (19532698.000.000) 2026-06-02 15:48:45 Job executing on host: <10.128.10.116:38163?addrs=10.128.10.116-38163&alias=n-gibyte-01.icecube.wisc.edu>
	SlotName: slot1_486@n-gibyte-01.icecube.wisc.edu
	admin_mutex_1 = 0
	admin_mutex_2 = 0
	admin_mutex_3 = 0
	CondorScratchDir = "/scratch/condor/dir_2370064"
	Cpus = 1
	Disk = 5480
	GPUs = 0
	machine_token = 0
	Memory = 6016
...
006 (19532698.000.000) 2026-06-02 15:48:54 Image size of job updated: 119832
	118  -  MemoryUsage of job (MB)
	119832  -  ResidentSetSize of job (KB)
...
006 (19532698.000.000) 2026-06-02 15:53:55 Image size of job updated: 139664
	137  -  MemoryUsage of job (MB)
	139664  -  ResidentSetSize of job (KB)
...
006 (19532698.000.000) 2026-06-02 15:58:55 Image size of job updated: 156068
	153  -  MemoryUsage of job (MB)
	156068  -  ResidentSetSize of job (KB)
...
006 (19532698.000.000) 2026-06-02 16:03:56 Image size of job updated: 170124
	167  -  MemoryUsage of job (MB)
	170124  -  ResidentSetSize of job (KB)
...
006 (19532698.000.000) 2026-06-02 16:08:56 Image size of job updated: 282304
	276  -  MemoryUsage of job (MB)
	282304  -  ResidentSetSize of job (KB)
...
006 (19532698.000.000) 2026-06-02 16:13:57 Image size of job updated: 409344
	400  -  MemoryUsage of job (MB)
	409344  -  ResidentSetSize of job (KB)
...
006 (19532698.000.000) 2026-06-02 16:18:39 Image size of job updated: 432872
	400  -  MemoryUsage of job (MB)
	409344  -  ResidentSetSize of job (KB)
...
005 (19532698.000.000) 2026-06-02 16:18:39 Job terminated.
	(1) Normal termination (return value 0)
		Usr 0 00:28:13, Sys 0 00:00:15  -  Run Remote Usage
		Usr 0 00:00:00, Sys 0 00:00:00  -  Run Local Usage
		Usr 0 00:28:13, Sys 0 00:00:15  -  Total Remote Usage
		Usr 0 00:00:00, Sys 0 00:00:00  -  Total Local Usage
	0  -  Run Bytes Sent By Job
	0  -  Run Bytes Received By Job
	0  -  Total Bytes Sent By Job
	0  -  Total Bytes Received By Job
	Partitionable Resources :    Usage  Request Allocated 
	   admin_mutex_1         :                           0 
	   admin_mutex_2         :                           0 
	   admin_mutex_3         :                           0 
	   Cpus                  :     0.98        1         1 
	   Disk (KB)             :    17        2048      5480 
	   GPUs                  :                           0 
	   machine_token         :                           0 
	   Memory (MB)           :   400        6000      6016 
	   TimeExecute (s)       :  1794                       
	   TimeSlotBusy (s)      :  1794                       

	Job terminated of its own accord at 2026-06-02T21:18:39Z with exit-code 0.
...
