000 (19534167.000.000) 2026-06-02 15:51:55 Job submitted from host: <10.128.10.103:9618?addrs=10.128.10.103-9618&alias=npx-submitter.icecube.wisc.edu&noUDP&sock=schedd_2449_6386>
    DAG Node: Drootprod_20150529_58754
...
001 (19534167.000.000) 2026-06-02 16:28:51 Job executing on host: <10.128.10.117:43719?addrs=10.128.10.117-43719&alias=n-gibyte-02.icecube.wisc.edu>
	SlotName: slot1_493@n-gibyte-02.icecube.wisc.edu
	admin_mutex_1 = 0
	admin_mutex_2 = 0
	admin_mutex_3 = 0
	CondorScratchDir = "/scratch/condor/dir_3450238"
	Cpus = 1
	Disk = 5480
	GPUs = 0
	machine_token = 0
	Memory = 6016
...
006 (19534167.000.000) 2026-06-02 16:29:05 Image size of job updated: 119124
	117  -  MemoryUsage of job (MB)
	119124  -  ResidentSetSize of job (KB)
...
006 (19534167.000.000) 2026-06-02 16:34:06 Image size of job updated: 138144
	135  -  MemoryUsage of job (MB)
	138144  -  ResidentSetSize of job (KB)
...
006 (19534167.000.000) 2026-06-02 16:39:06 Image size of job updated: 153072
	150  -  MemoryUsage of job (MB)
	153072  -  ResidentSetSize of job (KB)
...
006 (19534167.000.000) 2026-06-02 16:44:07 Image size of job updated: 168752
	165  -  MemoryUsage of job (MB)
	168752  -  ResidentSetSize of job (KB)
...
006 (19534167.000.000) 2026-06-02 16:49:07 Image size of job updated: 279408
	273  -  MemoryUsage of job (MB)
	279408  -  ResidentSetSize of job (KB)
...
006 (19534167.000.000) 2026-06-02 16:54:08 Image size of job updated: 292052
	286  -  MemoryUsage of job (MB)
	292052  -  ResidentSetSize of job (KB)
...
006 (19534167.000.000) 2026-06-02 16:59:08 Image size of job updated: 433828
	424  -  MemoryUsage of job (MB)
	433828  -  ResidentSetSize of job (KB)
...
006 (19534167.000.000) 2026-06-02 17:02:35 Image size of job updated: 585240
	424  -  MemoryUsage of job (MB)
	433828  -  ResidentSetSize of job (KB)
...
005 (19534167.000.000) 2026-06-02 17:02:35 Job terminated.
	(1) Normal termination (return value 0)
		Usr 0 00:32:23, Sys 0 00:00:18  -  Run Remote Usage
		Usr 0 00:00:00, Sys 0 00:00:00  -  Run Local Usage
		Usr 0 00:32:23, Sys 0 00:00:18  -  Total Remote Usage
		Usr 0 00:00:00, Sys 0 00:00:00  -  Total Local Usage
	0  -  Run Bytes Sent By Job
	0  -  Run Bytes Received By Job
	0  -  Total Bytes Sent By Job
	0  -  Total Bytes Received By Job
	Partitionable Resources :    Usage  Request Allocated 
	   admin_mutex_1         :                           0 
	   admin_mutex_2         :                           0 
	   admin_mutex_3         :                           0 
	   Cpus                  :     0.96        1         1 
	   Disk (KB)             :    10        2048      5480 
	   GPUs                  :                           0 
	   machine_token         :                           0 
	   Memory (MB)           :   424        6000      6016 
	   TimeExecute (s)       :  2024                       
	   TimeSlotBusy (s)      :  2025                       

	Job terminated of its own accord at 2026-06-02T22:02:35Z with exit-code 0.
...
