000 (19536993.000.000) 2026-06-02 15:57:41 Job submitted from host: <10.128.10.103:9618?addrs=10.128.10.103-9618&alias=npx-submitter.icecube.wisc.edu&noUDP&sock=schedd_2449_6386>
    DAG Node: Drootprod_20151130_68674
...
001 (19536993.000.000) 2026-06-02 17:30:27 Job executing on host: <10.128.10.115:33587?addrs=10.128.10.115-33587&alias=n-gibyte-00.icecube.wisc.edu>
	SlotName: slot1_316@n-gibyte-00.icecube.wisc.edu
	admin_mutex_1 = 0
	admin_mutex_2 = 0
	admin_mutex_3 = 0
	CondorScratchDir = "/scratch/condor/dir_2408274"
	Cpus = 1
	Disk = 5480
	GPUs = 0
	machine_token = 0
	Memory = 6016
...
006 (19536993.000.000) 2026-06-02 17:30:40 Image size of job updated: 119664
	117  -  MemoryUsage of job (MB)
	119664  -  ResidentSetSize of job (KB)
...
006 (19536993.000.000) 2026-06-02 17:35:40 Image size of job updated: 141628
	139  -  MemoryUsage of job (MB)
	141628  -  ResidentSetSize of job (KB)
...
006 (19536993.000.000) 2026-06-02 17:40:41 Image size of job updated: 159316
	156  -  MemoryUsage of job (MB)
	159316  -  ResidentSetSize of job (KB)
...
006 (19536993.000.000) 2026-06-02 17:45:41 Image size of job updated: 270172
	264  -  MemoryUsage of job (MB)
	270172  -  ResidentSetSize of job (KB)
...
006 (19536993.000.000) 2026-06-02 17:50:42 Image size of job updated: 283692
	278  -  MemoryUsage of job (MB)
	283692  -  ResidentSetSize of job (KB)
...
006 (19536993.000.000) 2026-06-02 17:55:43 Image size of job updated: 406884
	398  -  MemoryUsage of job (MB)
	406884  -  ResidentSetSize of job (KB)
...
006 (19536993.000.000) 2026-06-02 17:56:33 Image size of job updated: 408328
	398  -  MemoryUsage of job (MB)
	406884  -  ResidentSetSize of job (KB)
...
005 (19536993.000.000) 2026-06-02 17:56:33 Job terminated.
	(1) Normal termination (return value 0)
		Usr 0 00:25:09, Sys 0 00:00:14  -  Run Remote Usage
		Usr 0 00:00:00, Sys 0 00:00:00  -  Run Local Usage
		Usr 0 00:25:09, Sys 0 00:00:14  -  Total Remote Usage
		Usr 0 00:00:00, Sys 0 00:00:00  -  Total Local Usage
	0  -  Run Bytes Sent By Job
	0  -  Run Bytes Received By Job
	0  -  Total Bytes Sent By Job
	0  -  Total Bytes Received By Job
	Partitionable Resources :    Usage  Request Allocated 
	   admin_mutex_1         :                           0 
	   admin_mutex_2         :                           0 
	   admin_mutex_3         :                           0 
	   Cpus                  :     0.99        1         1 
	   Disk (KB)             :    10        2048      5480 
	   GPUs                  :                           0 
	   machine_token         :                           0 
	   Memory (MB)           :   398        6000      6016 
	   TimeExecute (s)       :  1566                       
	   TimeSlotBusy (s)      :  1567                       

	Job terminated of its own accord at 2026-06-02T22:56:32Z with exit-code 0.
...
