000 (19535272.000.000) 2026-06-02 15:53:58 Job submitted from host: <10.128.10.103:9618?addrs=10.128.10.103-9618&alias=npx-submitter.icecube.wisc.edu&noUDP&sock=schedd_2449_6386>
    DAG Node: Drootprod_20150801_43637
...
001 (19535272.000.000) 2026-06-02 16:49:51 Job executing on host: <10.128.10.189:44027?addrs=10.128.10.189-44027&alias=n-smepyc-02.icecube.wisc.edu>
	SlotName: slot1_41@n-smepyc-02.icecube.wisc.edu
	admin_mutex_1 = 0
	admin_mutex_2 = 0
	admin_mutex_3 = 0
	CondorScratchDir = "/scratch/condor/dir_452884"
	Cpus = 1
	Disk = 3072
	GPUs = 0
	machine_token = 0
	Memory = 6016
...
006 (19535272.000.000) 2026-06-02 16:50:05 Image size of job updated: 122368
	120  -  MemoryUsage of job (MB)
	122368  -  ResidentSetSize of job (KB)
...
006 (19535272.000.000) 2026-06-02 16:55:06 Image size of job updated: 162128
	159  -  MemoryUsage of job (MB)
	162128  -  ResidentSetSize of job (KB)
...
006 (19535272.000.000) 2026-06-02 17:00:07 Image size of job updated: 413336
	404  -  MemoryUsage of job (MB)
	413336  -  ResidentSetSize of job (KB)
...
006 (19535272.000.000) 2026-06-02 17:01:37 Image size of job updated: 424904
	404  -  MemoryUsage of job (MB)
	413336  -  ResidentSetSize of job (KB)
...
005 (19535272.000.000) 2026-06-02 17:01:37 Job terminated.
	(1) Normal termination (return value 0)
		Usr 0 00:11:09, Sys 0 00:00:10  -  Run Remote Usage
		Usr 0 00:00:00, Sys 0 00:00:00  -  Run Local Usage
		Usr 0 00:11:09, Sys 0 00:00:10  -  Total Remote Usage
		Usr 0 00:00:00, Sys 0 00:00:00  -  Total Local Usage
	0  -  Run Bytes Sent By Job
	0  -  Run Bytes Received By Job
	0  -  Total Bytes Sent By Job
	0  -  Total Bytes Received By Job
	Partitionable Resources :    Usage  Request Allocated 
	   admin_mutex_1         :                           0 
	   admin_mutex_2         :                           0 
	   admin_mutex_3         :                           0 
	   Cpus                  :     0.98        1         1 
	   Disk (KB)             :    10        2048      3072 
	   GPUs                  :                           0 
	   machine_token         :                           0 
	   Memory (MB)           :   404        6000      6016 
	   TimeExecute (s)       :   706                       
	   TimeSlotBusy (s)      :   706                       

	Job terminated of its own accord at 2026-06-02T22:01:37Z with exit-code 0.
...
