000 (19533223.000.000) 2026-06-02 15:49:55 Job submitted from host: <10.128.10.103:9618?addrs=10.128.10.103-9618&alias=npx-submitter.icecube.wisc.edu&noUDP&sock=schedd_2449_6386>
    DAG Node: Drootprod_20150326_72966
...
001 (19533223.000.000) 2026-06-02 16:08:51 Job executing on host: <10.128.11.36:45179?addrs=10.128.11.36-45179&alias=n-smbc-17.icecube.wisc.edu>
	SlotName: slot1_3@n-smbc-17.icecube.wisc.edu
	admin_mutex_1 = 0
	admin_mutex_2 = 0
	admin_mutex_3 = 0
	CondorScratchDir = "/scratch/condor/dir_4186928"
	Cpus = 1
	Disk = 3072
	GPUs = 0
	machine_token = 0
	Memory = 6016
...
006 (19533223.000.000) 2026-06-02 16:09:04 Image size of job updated: 122372
	120  -  MemoryUsage of job (MB)
	122372  -  ResidentSetSize of job (KB)
...
006 (19533223.000.000) 2026-06-02 16:14:04 Image size of job updated: 157984
	155  -  MemoryUsage of job (MB)
	157984  -  ResidentSetSize of job (KB)
...
006 (19533223.000.000) 2026-06-02 16:19:04 Image size of job updated: 286336
	280  -  MemoryUsage of job (MB)
	286336  -  ResidentSetSize of job (KB)
...
006 (19533223.000.000) 2026-06-02 16:24:05 Image size of job updated: 724752
	708  -  MemoryUsage of job (MB)
	724752  -  ResidentSetSize of job (KB)
...
006 (19533223.000.000) 2026-06-02 16:25:00 Image size of job updated: 736564
	708  -  MemoryUsage of job (MB)
	724752  -  ResidentSetSize of job (KB)
...
005 (19533223.000.000) 2026-06-02 16:25:00 Job terminated.
	(1) Normal termination (return value 0)
		Usr 0 00:14:48, Sys 0 00:00:09  -  Run Remote Usage
		Usr 0 00:00:00, Sys 0 00:00:00  -  Run Local Usage
		Usr 0 00:14:48, Sys 0 00:00:09  -  Total Remote Usage
		Usr 0 00:00:00, Sys 0 00:00:00  -  Total Local Usage
	0  -  Run Bytes Sent By Job
	0  -  Run Bytes Received By Job
	0  -  Total Bytes Sent By Job
	0  -  Total Bytes Received By Job
	Partitionable Resources :    Usage  Request Allocated 
	   admin_mutex_1         :                           0 
	   admin_mutex_2         :                           0 
	   admin_mutex_3         :                           0 
	   Cpus                  :     0.94        1         1 
	   Disk (KB)             :    17        2048      3072 
	   GPUs                  :                           0 
	   machine_token         :                           0 
	   Memory (MB)           :   708        6000      6016 
	   TimeExecute (s)       :   969                       
	   TimeSlotBusy (s)      :   970                       

	Job terminated of its own accord at 2026-06-02T21:25:00Z with exit-code 0.
...
