000 (19536227.000.000) 2026-06-02 15:56:00 Job submitted from host: <10.128.10.103:9618?addrs=10.128.10.103-9618&alias=npx-submitter.icecube.wisc.edu&noUDP&sock=schedd_2449_6386>
    DAG Node: Drootprod_20151006_71001
...
001 (19536227.000.000) 2026-06-02 17:16:46 Job executing on host: <10.128.10.57:38685?addrs=10.128.10.57-38685&alias=n-m610-47.icecube.wisc.edu>
	SlotName: slot1_4@n-m610-47.icecube.wisc.edu
	admin_mutex_1 = 0
	admin_mutex_2 = 0
	admin_mutex_3 = 0
	CondorScratchDir = "/scratch/condor/dir_617396"
	Cpus = 1
	Disk = 3072
	GPUs = 0
	machine_token = 0
	Memory = 6016
...
006 (19536227.000.000) 2026-06-02 17:16:59 Image size of job updated: 121496
	119  -  MemoryUsage of job (MB)
	121496  -  ResidentSetSize of job (KB)
...
006 (19536227.000.000) 2026-06-02 17:21:59 Image size of job updated: 155172
	152  -  MemoryUsage of job (MB)
	155172  -  ResidentSetSize of job (KB)
...
006 (19536227.000.000) 2026-06-02 17:27:00 Image size of job updated: 282952
	277  -  MemoryUsage of job (MB)
	282952  -  ResidentSetSize of job (KB)
...
006 (19536227.000.000) 2026-06-02 17:30:51 Image size of job updated: 434808
	277  -  MemoryUsage of job (MB)
	282952  -  ResidentSetSize of job (KB)
...
005 (19536227.000.000) 2026-06-02 17:30:51 Job terminated.
	(1) Normal termination (return value 0)
		Usr 0 00:13:28, Sys 0 00:00:11  -  Run Remote Usage
		Usr 0 00:00:00, Sys 0 00:00:00  -  Run Local Usage
		Usr 0 00:13:28, Sys 0 00:00:11  -  Total Remote Usage
		Usr 0 00:00:00, Sys 0 00:00:00  -  Total Local Usage
	0  -  Run Bytes Sent By Job
	0  -  Run Bytes Received By Job
	0  -  Total Bytes Sent By Job
	0  -  Total Bytes Received By Job
	Partitionable Resources :    Usage  Request Allocated 
	   admin_mutex_1         :                           0 
	   admin_mutex_2         :                           0 
	   admin_mutex_3         :                           0 
	   Cpus                  :     0.96        1         1 
	   Disk (KB)             :    10        2048      3072 
	   GPUs                  :                           0 
	   machine_token         :                           0 
	   Memory (MB)           :   277        6000      6016 
	   TimeExecute (s)       :   845                       
	   TimeSlotBusy (s)      :   845                       

	Job terminated of its own accord at 2026-06-02T22:30:51Z with exit-code 0.
...
