000 (19533414.000.000) 2026-06-02 15:50:20 Job submitted from host: <10.128.10.103:9618?addrs=10.128.10.103-9618&alias=npx-submitter.icecube.wisc.edu&noUDP&sock=schedd_2449_6386>
    DAG Node: Drootprod_20150410_93992
...
001 (19533414.000.000) 2026-06-02 16:13:41 Job executing on host: <10.128.10.117:43719?addrs=10.128.10.117-43719&alias=n-gibyte-02.icecube.wisc.edu>
	SlotName: slot1_178@n-gibyte-02.icecube.wisc.edu
	admin_mutex_1 = 0
	admin_mutex_2 = 0
	admin_mutex_3 = 0
	CondorScratchDir = "/scratch/condor/dir_3388706"
	Cpus = 1
	Disk = 5480
	GPUs = 0
	machine_token = 0
	Memory = 6016
...
006 (19533414.000.000) 2026-06-02 16:13:54 Image size of job updated: 119180
	117  -  MemoryUsage of job (MB)
	119180  -  ResidentSetSize of job (KB)
...
006 (19533414.000.000) 2026-06-02 16:18:54 Image size of job updated: 141728
	139  -  MemoryUsage of job (MB)
	141728  -  ResidentSetSize of job (KB)
...
006 (19533414.000.000) 2026-06-02 16:23:55 Image size of job updated: 160072
	157  -  MemoryUsage of job (MB)
	160072  -  ResidentSetSize of job (KB)
...
006 (19533414.000.000) 2026-06-02 16:28:55 Image size of job updated: 272644
	267  -  MemoryUsage of job (MB)
	272644  -  ResidentSetSize of job (KB)
...
006 (19533414.000.000) 2026-06-02 16:33:56 Image size of job updated: 290228
	284  -  MemoryUsage of job (MB)
	290228  -  ResidentSetSize of job (KB)
...
006 (19533414.000.000) 2026-06-02 16:38:56 Image size of job updated: 436136
	426  -  MemoryUsage of job (MB)
	436136  -  ResidentSetSize of job (KB)
...
006 (19533414.000.000) 2026-06-02 16:43:57 Image size of job updated: 737620
	721  -  MemoryUsage of job (MB)
	737620  -  ResidentSetSize of job (KB)
...
006 (19533414.000.000) 2026-06-02 16:44:43 Image size of job updated: 742492
	721  -  MemoryUsage of job (MB)
	737620  -  ResidentSetSize of job (KB)
...
005 (19533414.000.000) 2026-06-02 16:44:43 Job terminated.
	(1) Normal termination (return value 0)
		Usr 0 00:29:14, Sys 0 00:00:18  -  Run Remote Usage
		Usr 0 00:00:00, Sys 0 00:00:00  -  Run Local Usage
		Usr 0 00:29:14, Sys 0 00:00:18  -  Total Remote Usage
		Usr 0 00:00:00, Sys 0 00:00:00  -  Total Local Usage
	0  -  Run Bytes Sent By Job
	0  -  Run Bytes Received By Job
	0  -  Total Bytes Sent By Job
	0  -  Total Bytes Received By Job
	Partitionable Resources :    Usage  Request Allocated 
	   admin_mutex_1         :                           0 
	   admin_mutex_2         :                           0 
	   admin_mutex_3         :                           0 
	   Cpus                  :     0.98        1         1 
	   Disk (KB)             :    17        2048      5480 
	   GPUs                  :                           0 
	   machine_token         :                           0 
	   Memory (MB)           :   721        6000      6016 
	   TimeExecute (s)       :  1862                       
	   TimeSlotBusy (s)      :  1863                       

	Job terminated of its own accord at 2026-06-02T21:44:43Z with exit-code 0.
...
