000 (19534869.000.000) 2026-06-02 15:53:12 Job submitted from host: <10.128.10.103:9618?addrs=10.128.10.103-9618&alias=npx-submitter.icecube.wisc.edu&noUDP&sock=schedd_2449_6386>
    DAG Node: Drootprod_20150708_43048
...
001 (19534869.000.000) 2026-06-02 16:42:28 Job executing on host: <10.128.10.191:42321?addrs=10.128.10.191-42321&alias=n-smepyc-04.icecube.wisc.edu>
	SlotName: slot1_43@n-smepyc-04.icecube.wisc.edu
	admin_mutex_1 = 0
	admin_mutex_2 = 0
	admin_mutex_3 = 0
	CondorScratchDir = "/scratch/condor/dir_196036"
	Cpus = 1
	Disk = 3072
	GPUs = 0
	machine_token = 0
	Memory = 6016
...
006 (19534869.000.000) 2026-06-02 16:42:41 Image size of job updated: 123076
	121  -  MemoryUsage of job (MB)
	123076  -  ResidentSetSize of job (KB)
...
006 (19534869.000.000) 2026-06-02 16:47:42 Image size of job updated: 168400
	165  -  MemoryUsage of job (MB)
	168400  -  ResidentSetSize of job (KB)
...
006 (19534869.000.000) 2026-06-02 16:52:43 Image size of job updated: 427896
	418  -  MemoryUsage of job (MB)
	427896  -  ResidentSetSize of job (KB)
...
006 (19534869.000.000) 2026-06-02 16:57:43 Image size of job updated: 750048
	733  -  MemoryUsage of job (MB)
	750048  -  ResidentSetSize of job (KB)
...
006 (19534869.000.000) 2026-06-02 16:57:50 Image size of job updated: 763972
	733  -  MemoryUsage of job (MB)
	750048  -  ResidentSetSize of job (KB)
...
005 (19534869.000.000) 2026-06-02 16:57:50 Job terminated.
	(1) Normal termination (return value 0)
		Usr 0 00:14:43, Sys 0 00:00:13  -  Run Remote Usage
		Usr 0 00:00:00, Sys 0 00:00:00  -  Run Local Usage
		Usr 0 00:14:43, Sys 0 00:00:13  -  Total Remote Usage
		Usr 0 00:00:00, Sys 0 00:00:00  -  Total Local Usage
	0  -  Run Bytes Sent By Job
	0  -  Run Bytes Received By Job
	0  -  Total Bytes Sent By Job
	0  -  Total Bytes Received By Job
	Partitionable Resources :    Usage  Request Allocated 
	   admin_mutex_1         :                           0 
	   admin_mutex_2         :                           0 
	   admin_mutex_3         :                           0 
	   Cpus                  :     0.99        1         1 
	   Disk (KB)             :    10        2048      3072 
	   GPUs                  :                           0 
	   machine_token         :                           0 
	   Memory (MB)           :   733        6000      6016 
	   TimeExecute (s)       :   922                       
	   TimeSlotBusy (s)      :   922                       

	Job terminated of its own accord at 2026-06-02T21:57:50Z with exit-code 0.
...
