000 (19537215.000.000) 2026-06-02 15:58:14 Job submitted from host: <10.128.10.103:9618?addrs=10.128.10.103-9618&alias=npx-submitter.icecube.wisc.edu&noUDP&sock=schedd_2449_6386>
    DAG Node: Drootprod_20151217_7121
...
001 (19537215.000.000) 2026-06-02 17:34:01 Job executing on host: <10.128.10.115:33587?addrs=10.128.10.115-33587&alias=n-gibyte-00.icecube.wisc.edu>
	SlotName: slot1_49@n-gibyte-00.icecube.wisc.edu
	admin_mutex_1 = 0
	admin_mutex_2 = 0
	admin_mutex_3 = 0
	CondorScratchDir = "/scratch/condor/dir_2425033"
	Cpus = 1
	Disk = 5480
	GPUs = 0
	machine_token = 0
	Memory = 6016
...
006 (19537215.000.000) 2026-06-02 17:34:15 Image size of job updated: 120696
	118  -  MemoryUsage of job (MB)
	120696  -  ResidentSetSize of job (KB)
...
006 (19537215.000.000) 2026-06-02 17:39:16 Image size of job updated: 140424
	138  -  MemoryUsage of job (MB)
	140424  -  ResidentSetSize of job (KB)
...
006 (19537215.000.000) 2026-06-02 17:44:16 Image size of job updated: 157392
	154  -  MemoryUsage of job (MB)
	157392  -  ResidentSetSize of job (KB)
...
006 (19537215.000.000) 2026-06-02 17:49:17 Image size of job updated: 174084
	171  -  MemoryUsage of job (MB)
	174084  -  ResidentSetSize of job (KB)
...
006 (19537215.000.000) 2026-06-02 17:54:17 Image size of job updated: 281272
	275  -  MemoryUsage of job (MB)
	281272  -  ResidentSetSize of job (KB)
...
006 (19537215.000.000) 2026-06-02 17:59:17 Image size of job updated: 407112
	398  -  MemoryUsage of job (MB)
	407112  -  ResidentSetSize of job (KB)
...
006 (19537215.000.000) 2026-06-02 18:03:36 Image size of job updated: 422692
	398  -  MemoryUsage of job (MB)
	407112  -  ResidentSetSize of job (KB)
...
005 (19537215.000.000) 2026-06-02 18:03:37 Job terminated.
	(1) Normal termination (return value 0)
		Usr 0 00:28:26, Sys 0 00:00:16  -  Run Remote Usage
		Usr 0 00:00:00, Sys 0 00:00:00  -  Run Local Usage
		Usr 0 00:28:26, Sys 0 00:00:16  -  Total Remote Usage
		Usr 0 00:00:00, Sys 0 00:00:00  -  Total Local Usage
	0  -  Run Bytes Sent By Job
	0  -  Run Bytes Received By Job
	0  -  Total Bytes Sent By Job
	0  -  Total Bytes Received By Job
	Partitionable Resources :    Usage  Request Allocated 
	   admin_mutex_1         :                           0 
	   admin_mutex_2         :                           0 
	   admin_mutex_3         :                           0 
	   Cpus                  :     0.98        1         1 
	   Disk (KB)             :    12        2048      5480 
	   GPUs                  :                           0 
	   machine_token         :                           0 
	   Memory (MB)           :   398        6000      6016 
	   TimeExecute (s)       :  1775                       
	   TimeSlotBusy (s)      :  1775                       

	Job terminated of its own accord at 2026-06-02T23:03:36Z with exit-code 0.
...
