000 (19537074.000.000) 2026-06-02 15:57:53 Job submitted from host: <10.128.10.103:9618?addrs=10.128.10.103-9618&alias=npx-submitter.icecube.wisc.edu&noUDP&sock=schedd_2449_6386>
    DAG Node: Drootprod_20151207_6917
...
001 (19537074.000.000) 2026-06-02 17:31:36 Job executing on host: <10.128.10.117:43719?addrs=10.128.10.117-43719&alias=n-gibyte-02.icecube.wisc.edu>
	SlotName: slot1_228@n-gibyte-02.icecube.wisc.edu
	admin_mutex_1 = 0
	admin_mutex_2 = 0
	admin_mutex_3 = 0
	CondorScratchDir = "/scratch/condor/dir_3712141"
	Cpus = 1
	Disk = 5480
	GPUs = 0
	machine_token = 0
	Memory = 6016
...
006 (19537074.000.000) 2026-06-02 17:31:49 Image size of job updated: 118724
	116  -  MemoryUsage of job (MB)
	118724  -  ResidentSetSize of job (KB)
...
006 (19537074.000.000) 2026-06-02 17:36:50 Image size of job updated: 139712
	137  -  MemoryUsage of job (MB)
	139712  -  ResidentSetSize of job (KB)
...
006 (19537074.000.000) 2026-06-02 17:41:50 Image size of job updated: 155348
	152  -  MemoryUsage of job (MB)
	155348  -  ResidentSetSize of job (KB)
...
006 (19537074.000.000) 2026-06-02 17:46:51 Image size of job updated: 169504
	166  -  MemoryUsage of job (MB)
	169504  -  ResidentSetSize of job (KB)
...
006 (19537074.000.000) 2026-06-02 17:51:51 Image size of job updated: 278408
	272  -  MemoryUsage of job (MB)
	278408  -  ResidentSetSize of job (KB)
...
006 (19537074.000.000) 2026-06-02 17:56:52 Image size of job updated: 289792
	283  -  MemoryUsage of job (MB)
	289792  -  ResidentSetSize of job (KB)
...
006 (19537074.000.000) 2026-06-02 17:58:22 Image size of job updated: 406996
	283  -  MemoryUsage of job (MB)
	289792  -  ResidentSetSize of job (KB)
...
005 (19537074.000.000) 2026-06-02 17:58:22 Job terminated.
	(1) Normal termination (return value 0)
		Usr 0 00:25:47, Sys 0 00:00:14  -  Run Remote Usage
		Usr 0 00:00:00, Sys 0 00:00:00  -  Run Local Usage
		Usr 0 00:25:47, Sys 0 00:00:14  -  Total Remote Usage
		Usr 0 00:00:00, Sys 0 00:00:00  -  Total Local Usage
	0  -  Run Bytes Sent By Job
	0  -  Run Bytes Received By Job
	0  -  Total Bytes Sent By Job
	0  -  Total Bytes Received By Job
	Partitionable Resources :    Usage  Request Allocated 
	   admin_mutex_1         :                           0 
	   admin_mutex_2         :                           0 
	   admin_mutex_3         :                           0 
	   Cpus                  :     0.99        1         1 
	   Disk (KB)             :    10        2048      5480 
	   GPUs                  :                           0 
	   machine_token         :                           0 
	   Memory (MB)           :   283        6000      6016 
	   TimeExecute (s)       :  1606                       
	   TimeSlotBusy (s)      :  1607                       

	Job terminated of its own accord at 2026-06-02T22:58:22Z with exit-code 0.
...
