000 (19536493.000.000) 2026-06-02 15:56:35 Job submitted from host: <10.128.10.103:9618?addrs=10.128.10.103-9618&alias=npx-submitter.icecube.wisc.edu&noUDP&sock=schedd_2449_6386>
    DAG Node: Drootprod_20151026_98801
...
001 (19536493.000.000) 2026-06-02 17:21:31 Job executing on host: <10.128.11.36:45179?addrs=10.128.11.36-45179&alias=n-smbc-17.icecube.wisc.edu>
	SlotName: slot1_12@n-smbc-17.icecube.wisc.edu
	admin_mutex_1 = 0
	admin_mutex_2 = 0
	admin_mutex_3 = 0
	CondorScratchDir = "/scratch/condor/dir_249735"
	Cpus = 1
	Disk = 3072
	GPUs = 0
	machine_token = 0
	Memory = 6016
...
006 (19536493.000.000) 2026-06-02 17:21:44 Image size of job updated: 122092
	120  -  MemoryUsage of job (MB)
	122092  -  ResidentSetSize of job (KB)
...
006 (19536493.000.000) 2026-06-02 17:26:44 Image size of job updated: 159304
	156  -  MemoryUsage of job (MB)
	159304  -  ResidentSetSize of job (KB)
...
006 (19536493.000.000) 2026-06-02 17:31:45 Image size of job updated: 290236
	284  -  MemoryUsage of job (MB)
	290236  -  ResidentSetSize of job (KB)
...
006 (19536493.000.000) 2026-06-02 17:33:00 Image size of job updated: 411928
	284  -  MemoryUsage of job (MB)
	290236  -  ResidentSetSize of job (KB)
...
005 (19536493.000.000) 2026-06-02 17:33:00 Job terminated.
	(1) Normal termination (return value 0)
		Usr 0 00:11:01, Sys 0 00:00:07  -  Run Remote Usage
		Usr 0 00:00:00, Sys 0 00:00:00  -  Run Local Usage
		Usr 0 00:11:01, Sys 0 00:00:07  -  Total Remote Usage
		Usr 0 00:00:00, Sys 0 00:00:00  -  Total Local Usage
	0  -  Run Bytes Sent By Job
	0  -  Run Bytes Received By Job
	0  -  Total Bytes Sent By Job
	0  -  Total Bytes Received By Job
	Partitionable Resources :    Usage  Request Allocated 
	   admin_mutex_1         :                           0 
	   admin_mutex_2         :                           0 
	   admin_mutex_3         :                           0 
	   Cpus                  :     0.98        1         1 
	   Disk (KB)             :    10        2048      3072 
	   GPUs                  :                           0 
	   machine_token         :                           0 
	   Memory (MB)           :   284        6000      6016 
	   TimeExecute (s)       :   689                       
	   TimeSlotBusy (s)      :   689                       

	Job terminated of its own accord at 2026-06-02T22:33:00Z with exit-code 0.
...
