000 (19535711.000.000) 2026-06-02 15:54:56 Job submitted from host: <10.128.10.103:9618?addrs=10.128.10.103-9618&alias=npx-submitter.icecube.wisc.edu&noUDP&sock=schedd_2449_6386>
    DAG Node: Drootprod_20150903_63262
...
001 (19535711.000.000) 2026-06-02 16:58:22 Job executing on host: <10.128.10.190:46289?addrs=10.128.10.190-46289&alias=n-smepyc-03.icecube.wisc.edu>
	SlotName: slot1_34@n-smepyc-03.icecube.wisc.edu
	admin_mutex_1 = 0
	admin_mutex_2 = 0
	admin_mutex_3 = 0
	CondorScratchDir = "/scratch/condor/dir_3728277"
	Cpus = 1
	Disk = 3072
	GPUs = 0
	machine_token = 0
	Memory = 6016
...
006 (19535711.000.000) 2026-06-02 16:58:35 Image size of job updated: 122956
	121  -  MemoryUsage of job (MB)
	122956  -  ResidentSetSize of job (KB)
...
006 (19535711.000.000) 2026-06-02 17:03:35 Image size of job updated: 167548
	164  -  MemoryUsage of job (MB)
	167548  -  ResidentSetSize of job (KB)
...
006 (19535711.000.000) 2026-06-02 17:08:35 Image size of job updated: 433636
	424  -  MemoryUsage of job (MB)
	433636  -  ResidentSetSize of job (KB)
...
006 (19535711.000.000) 2026-06-02 17:09:19 Image size of job updated: 449148
	424  -  MemoryUsage of job (MB)
	433636  -  ResidentSetSize of job (KB)
...
005 (19535711.000.000) 2026-06-02 17:09:19 Job terminated.
	(1) Normal termination (return value 0)
		Usr 0 00:09:59, Sys 0 00:00:10  -  Run Remote Usage
		Usr 0 00:00:00, Sys 0 00:00:00  -  Run Local Usage
		Usr 0 00:09:59, Sys 0 00:00:10  -  Total Remote Usage
		Usr 0 00:00:00, Sys 0 00:00:00  -  Total Local Usage
	0  -  Run Bytes Sent By Job
	0  -  Run Bytes Received By Job
	0  -  Total Bytes Sent By Job
	0  -  Total Bytes Received By Job
	Partitionable Resources :    Usage  Request Allocated 
	   admin_mutex_1         :                           0 
	   admin_mutex_2         :                           0 
	   admin_mutex_3         :                           0 
	   Cpus                  :     0.99        1         1 
	   Disk (KB)             :    10        2048      3072 
	   GPUs                  :                           0 
	   machine_token         :                           0 
	   Memory (MB)           :   424        6000      6016 
	   TimeExecute (s)       :   657                       
	   TimeSlotBusy (s)      :   658                       

	Job terminated of its own accord at 2026-06-02T22:09:19Z with exit-code 0.
...
