000 (19533841.000.000) 2026-06-02 15:51:15 Job submitted from host: <10.128.10.103:9618?addrs=10.128.10.103-9618&alias=npx-submitter.icecube.wisc.edu&noUDP&sock=schedd_2449_6386>
    DAG Node: Drootprod_20150509_44474
...
001 (19533841.000.000) 2026-06-02 16:20:57 Job executing on host: <10.128.10.187:34023?addrs=10.128.10.187-34023&alias=n-smepyc-00.icecube.wisc.edu>
	SlotName: slot1_29@n-smepyc-00.icecube.wisc.edu
	admin_mutex_1 = 0
	admin_mutex_2 = 0
	admin_mutex_3 = 0
	CondorScratchDir = "/scratch/condor/dir_1739565"
	Cpus = 1
	Disk = 3072
	GPUs = 0
	machine_token = 0
	Memory = 6016
...
006 (19533841.000.000) 2026-06-02 16:21:10 Image size of job updated: 122064
	120  -  MemoryUsage of job (MB)
	122064  -  ResidentSetSize of job (KB)
...
006 (19533841.000.000) 2026-06-02 16:26:10 Image size of job updated: 159124
	156  -  MemoryUsage of job (MB)
	159124  -  ResidentSetSize of job (KB)
...
006 (19533841.000.000) 2026-06-02 16:31:11 Image size of job updated: 290916
	285  -  MemoryUsage of job (MB)
	290916  -  ResidentSetSize of job (KB)
...
006 (19533841.000.000) 2026-06-02 16:34:38 Image size of job updated: 440644
	285  -  MemoryUsage of job (MB)
	290916  -  ResidentSetSize of job (KB)
...
005 (19533841.000.000) 2026-06-02 16:34:38 Job terminated.
	(1) Normal termination (return value 0)
		Usr 0 00:12:30, Sys 0 00:00:11  -  Run Remote Usage
		Usr 0 00:00:00, Sys 0 00:00:00  -  Run Local Usage
		Usr 0 00:12:30, Sys 0 00:00:11  -  Total Remote Usage
		Usr 0 00:00:00, Sys 0 00:00:00  -  Total Local Usage
	0  -  Run Bytes Sent By Job
	0  -  Run Bytes Received By Job
	0  -  Total Bytes Sent By Job
	0  -  Total Bytes Received By Job
	Partitionable Resources :    Usage  Request Allocated 
	   admin_mutex_1         :                           0 
	   admin_mutex_2         :                           0 
	   admin_mutex_3         :                           0 
	   Cpus                  :     0.78        1         1 
	   Disk (KB)             :    17        2048      3072 
	   GPUs                  :                           0 
	   machine_token         :                           0 
	   Memory (MB)           :   285        6000      6016 
	   TimeExecute (s)       :   821                       
	   TimeSlotBusy (s)      :   821                       

	Job terminated of its own accord at 2026-06-02T21:34:38Z with exit-code 0.
...
