000 (19534211.000.000) 2026-06-02 15:52:00 Job submitted from host: <10.128.10.103:9618?addrs=10.128.10.103-9618&alias=npx-submitter.icecube.wisc.edu&noUDP&sock=schedd_2449_6386>
    DAG Node: Drootprod_20150603_49902
...
001 (19534211.000.000) 2026-06-02 16:29:57 Job executing on host: <10.128.10.238:43797?addrs=10.128.10.238-43797&alias=n-gpu-42.icecube.wisc.edu>
	SlotName: slot1_54@n-gpu-42.icecube.wisc.edu
	admin_mutex_1 = 0
	admin_mutex_2 = 0
	admin_mutex_3 = 0
	AvailableGPUs = {  }
	CondorScratchDir = "/scratch/condor/dir_2067234"
	Cpus = 1
	Disk = 3072
	GPUs = 0
	machine_token = 0
	Memory = 6016
...
006 (19534211.000.000) 2026-06-02 16:30:10 Image size of job updated: 121116
	119  -  MemoryUsage of job (MB)
	121116  -  ResidentSetSize of job (KB)
...
006 (19534211.000.000) 2026-06-02 16:35:10 Image size of job updated: 150816
	148  -  MemoryUsage of job (MB)
	150816  -  ResidentSetSize of job (KB)
...
006 (19534211.000.000) 2026-06-02 16:40:11 Image size of job updated: 274056
	268  -  MemoryUsage of job (MB)
	274056  -  ResidentSetSize of job (KB)
...
006 (19534211.000.000) 2026-06-02 16:45:12 Image size of job updated: 431808
	422  -  MemoryUsage of job (MB)
	431808  -  ResidentSetSize of job (KB)
...
006 (19534211.000.000) 2026-06-02 16:47:54 Image size of job updated: 732968
	422  -  MemoryUsage of job (MB)
	431808  -  ResidentSetSize of job (KB)
...
005 (19534211.000.000) 2026-06-02 16:47:54 Job terminated.
	(1) Normal termination (return value 0)
		Usr 0 00:16:49, Sys 0 00:00:15  -  Run Remote Usage
		Usr 0 00:00:00, Sys 0 00:00:00  -  Run Local Usage
		Usr 0 00:16:49, Sys 0 00:00:15  -  Total Remote Usage
		Usr 0 00:00:00, Sys 0 00:00:00  -  Total Local Usage
	0  -  Run Bytes Sent By Job
	0  -  Run Bytes Received By Job
	0  -  Total Bytes Sent By Job
	0  -  Total Bytes Received By Job
	Partitionable Resources :    Usage  Request Allocated 
	   admin_mutex_1         :                           0 
	   admin_mutex_2         :                           0 
	   admin_mutex_3         :                           0 
	   Cpus                  :     0.97        1         1 
	   Disk (KB)             :    10        2048      3072 
	   GPUs                  :                           0 
	   machine_token         :                           0 
	   Memory (MB)           :   422        6000      6016 
	   TimeExecute (s)       :  1077                       
	   TimeSlotBusy (s)      :  1078                       

	Job terminated of its own accord at 2026-06-02T21:47:54Z with exit-code 0.
...
