000 (19533836.000.000) 2026-06-02 15:51:14 Job submitted from host: <10.128.10.103:9618?addrs=10.128.10.103-9618&alias=npx-submitter.icecube.wisc.edu&noUDP&sock=schedd_2449_6386>
    DAG Node: Drootprod_20150508_65998
...
001 (19533836.000.000) 2026-06-02 16:20:57 Job executing on host: <10.128.10.116:38163?addrs=10.128.10.116-38163&alias=n-gibyte-01.icecube.wisc.edu>
	SlotName: slot1_53@n-gibyte-01.icecube.wisc.edu
	admin_mutex_1 = 0
	admin_mutex_2 = 0
	admin_mutex_3 = 0
	CondorScratchDir = "/scratch/condor/dir_2508876"
	Cpus = 1
	Disk = 5480
	GPUs = 0
	machine_token = 0
	Memory = 6016
...
006 (19533836.000.000) 2026-06-02 16:21:11 Image size of job updated: 119228
	117  -  MemoryUsage of job (MB)
	119228  -  ResidentSetSize of job (KB)
...
022 (19533836.000.000) 2026-06-02 16:23:27 Job disconnected, attempting to reconnect
    Socket between submit and execute hosts closed unexpectedly
    Trying to reconnect to slot1_53@n-gibyte-01.icecube.wisc.edu <10.128.10.116:38163?addrs=10.128.10.116-38163&alias=n-gibyte-01.icecube.wisc.edu>
...
024 (19533836.000.000) 2026-06-02 17:03:27 Job reconnection failed
    Job disconnected too long: JobLeaseDuration (2400 seconds) expired
    Can not reconnect to slot1_53@n-gibyte-01.icecube.wisc.edu, rescheduling job
...
004 (19533836.000.000) 2026-06-02 17:03:37 Job was evicted.
	(0) CPU times
		Usr 0 00:00:05, Sys 0 00:00:00  -  Run Remote Usage
		Usr 0 00:00:00, Sys 0 00:00:00  -  Run Local Usage
	0  -  Run Bytes Sent By Job
	0  -  Run Bytes Received By Job
	Job disconnected too long: JobLeaseDuration (2400 seconds) expired
	Partitionable Resources :    Usage  Request Allocated 
	   admin_mutex_1         :                           0 
	   admin_mutex_2         :                           0 
	   admin_mutex_3         :                           0 
	   Cpus                  :                 1         1 
	   Disk (KB)             :       12     2048      5480 
	   GPUs                  :                           0 
	   machine_token         :                           0 
	   Memory (MB)           :      117     6000      6016 
...
001 (19533836.000.000) 2026-06-02 17:10:28 Job executing on host: <10.128.10.115:33587?addrs=10.128.10.115-33587&alias=n-gibyte-00.icecube.wisc.edu>
	SlotName: slot1_149@n-gibyte-00.icecube.wisc.edu
	admin_mutex_1 = 0
	admin_mutex_2 = 0
	admin_mutex_3 = 0
	CondorScratchDir = "/scratch/condor/dir_2325590"
	Cpus = 1
	Disk = 5480
	GPUs = 0
	machine_token = 0
	Memory = 6016
...
006 (19533836.000.000) 2026-06-02 17:15:43 Image size of job updated: 141172
	138  -  MemoryUsage of job (MB)
	141172  -  ResidentSetSize of job (KB)
...
006 (19533836.000.000) 2026-06-02 17:20:44 Image size of job updated: 158908
	156  -  MemoryUsage of job (MB)
	158908  -  ResidentSetSize of job (KB)
...
006 (19533836.000.000) 2026-06-02 17:25:44 Image size of job updated: 271184
	265  -  MemoryUsage of job (MB)
	271184  -  ResidentSetSize of job (KB)
...
006 (19533836.000.000) 2026-06-02 17:30:45 Image size of job updated: 289644
	283  -  MemoryUsage of job (MB)
	289644  -  ResidentSetSize of job (KB)
...
006 (19533836.000.000) 2026-06-02 17:31:40 Image size of job updated: 292464
	283  -  MemoryUsage of job (MB)
	289644  -  ResidentSetSize of job (KB)
...
005 (19533836.000.000) 2026-06-02 17:31:40 Job terminated.
	(1) Normal termination (return value 0)
		Usr 0 00:20:12, Sys 0 00:00:13  -  Run Remote Usage
		Usr 0 00:00:00, Sys 0 00:00:00  -  Run Local Usage
		Usr 0 00:20:17, Sys 0 00:00:13  -  Total Remote Usage
		Usr 0 00:00:00, Sys 0 00:00:00  -  Total Local Usage
	0  -  Run Bytes Sent By Job
	0  -  Run Bytes Received By Job
	0  -  Total Bytes Sent By Job
	0  -  Total Bytes Received By Job
	Partitionable Resources :    Usage  Request Allocated 
	   admin_mutex_1         :                           0 
	   admin_mutex_2         :                           0 
	   admin_mutex_3         :                           0 
	   Cpus                  :     0.97        1         1 
	   Disk (KB)             :    12        2048      5480 
	   GPUs                  :                           0 
	   machine_token         :                           0 
	   Memory (MB)           :   283        6000      6016 
	   TimeExecute (s)       :  1272                       
	   TimeSlotBusy (s)      :  1272                       

	Job terminated of its own accord at 2026-06-02T22:31:40Z with exit-code 0.
...
