000 (19536760.000.000) 2026-06-02 15:57:10 Job submitted from host: <10.128.10.103:9618?addrs=10.128.10.103-9618&alias=npx-submitter.icecube.wisc.edu&noUDP&sock=schedd_2449_6386>
    DAG Node: Drootprod_20151114_18567
...
001 (19536760.000.000) 2026-06-02 17:26:30 Job executing on host: <10.128.10.115:33587?addrs=10.128.10.115-33587&alias=n-gibyte-00.icecube.wisc.edu>
	SlotName: slot1_396@n-gibyte-00.icecube.wisc.edu
	admin_mutex_1 = 0
	admin_mutex_2 = 0
	admin_mutex_3 = 0
	CondorScratchDir = "/scratch/condor/dir_2391701"
	Cpus = 1
	Disk = 5480
	GPUs = 0
	machine_token = 0
	Memory = 6016
...
006 (19536760.000.000) 2026-06-02 17:26:44 Image size of job updated: 119800
	117  -  MemoryUsage of job (MB)
	119800  -  ResidentSetSize of job (KB)
...
006 (19536760.000.000) 2026-06-02 17:31:44 Image size of job updated: 143764
	141  -  MemoryUsage of job (MB)
	143764  -  ResidentSetSize of job (KB)
...
006 (19536760.000.000) 2026-06-02 17:36:45 Image size of job updated: 161728
	158  -  MemoryUsage of job (MB)
	161728  -  ResidentSetSize of job (KB)
...
006 (19536760.000.000) 2026-06-02 17:41:45 Image size of job updated: 275104
	269  -  MemoryUsage of job (MB)
	275104  -  ResidentSetSize of job (KB)
...
006 (19536760.000.000) 2026-06-02 17:46:46 Image size of job updated: 292416
	286  -  MemoryUsage of job (MB)
	292416  -  ResidentSetSize of job (KB)
...
006 (19536760.000.000) 2026-06-02 17:51:46 Image size of job updated: 414824
	406  -  MemoryUsage of job (MB)
	414824  -  ResidentSetSize of job (KB)
...
006 (19536760.000.000) 2026-06-02 17:56:47 Image size of job updated: 424380
	415  -  MemoryUsage of job (MB)
	424380  -  ResidentSetSize of job (KB)
...
006 (19536760.000.000) 2026-06-02 17:59:21 Image size of job updated: 717632
	415  -  MemoryUsage of job (MB)
	424380  -  ResidentSetSize of job (KB)
...
005 (19536760.000.000) 2026-06-02 17:59:21 Job terminated.
	(1) Normal termination (return value 0)
		Usr 0 00:31:37, Sys 0 00:00:19  -  Run Remote Usage
		Usr 0 00:00:00, Sys 0 00:00:00  -  Run Local Usage
		Usr 0 00:31:37, Sys 0 00:00:19  -  Total Remote Usage
		Usr 0 00:00:00, Sys 0 00:00:00  -  Total Local Usage
	0  -  Run Bytes Sent By Job
	0  -  Run Bytes Received By Job
	0  -  Total Bytes Sent By Job
	0  -  Total Bytes Received By Job
	Partitionable Resources :    Usage  Request Allocated 
	   admin_mutex_1         :                           0 
	   admin_mutex_2         :                           0 
	   admin_mutex_3         :                           0 
	   Cpus                  :     0.98        1         1 
	   Disk (KB)             :    12        2048      5480 
	   GPUs                  :                           0 
	   machine_token         :                           0 
	   Memory (MB)           :   415        6000      6016 
	   TimeExecute (s)       :  1971                       
	   TimeSlotBusy (s)      :  1971                       

	Job terminated of its own accord at 2026-06-02T22:59:21Z with exit-code 0.
...
