000 (19532340.000.000) 2026-06-02 15:47:09 Job submitted from host: <10.128.10.103:9618?addrs=10.128.10.103-9618&alias=npx-submitter.icecube.wisc.edu&noUDP&sock=schedd_2449_6386>
    DAG Node: Drootprod_20130114_43385
...
001 (19532340.000.000) 2026-06-02 15:47:16 Job executing on host: <10.128.10.116:38163?addrs=10.128.10.116-38163&alias=n-gibyte-01.icecube.wisc.edu>
	SlotName: slot1_261@n-gibyte-01.icecube.wisc.edu
	admin_mutex_1 = 0
	admin_mutex_2 = 0
	admin_mutex_3 = 0
	CondorScratchDir = "/scratch/condor/dir_2331392"
	Cpus = 1
	Disk = 5480
	GPUs = 0
	machine_token = 0
	Memory = 6016
...
006 (19532340.000.000) 2026-06-02 15:47:24 Image size of job updated: 119952
	118  -  MemoryUsage of job (MB)
	119952  -  ResidentSetSize of job (KB)
...
006 (19532340.000.000) 2026-06-02 15:52:24 Image size of job updated: 140768
	138  -  MemoryUsage of job (MB)
	140768  -  ResidentSetSize of job (KB)
...
006 (19532340.000.000) 2026-06-02 15:57:25 Image size of job updated: 157756
	155  -  MemoryUsage of job (MB)
	157756  -  ResidentSetSize of job (KB)
...
006 (19532340.000.000) 2026-06-02 16:02:25 Image size of job updated: 174032
	170  -  MemoryUsage of job (MB)
	174032  -  ResidentSetSize of job (KB)
...
006 (19532340.000.000) 2026-06-02 16:07:26 Image size of job updated: 286348
	280  -  MemoryUsage of job (MB)
	286348  -  ResidentSetSize of job (KB)
...
006 (19532340.000.000) 2026-06-02 16:12:27 Image size of job updated: 412196
	403  -  MemoryUsage of job (MB)
	412196  -  ResidentSetSize of job (KB)
...
006 (19532340.000.000) 2026-06-02 16:14:05 Image size of job updated: 424800
	403  -  MemoryUsage of job (MB)
	412196  -  ResidentSetSize of job (KB)
...
005 (19532340.000.000) 2026-06-02 16:14:05 Job terminated.
	(1) Normal termination (return value 0)
		Usr 0 00:25:44, Sys 0 00:00:14  -  Run Remote Usage
		Usr 0 00:00:00, Sys 0 00:00:00  -  Run Local Usage
		Usr 0 00:25:44, Sys 0 00:00:14  -  Total Remote Usage
		Usr 0 00:00:00, Sys 0 00:00:00  -  Total Local Usage
	0  -  Run Bytes Sent By Job
	0  -  Run Bytes Received By Job
	0  -  Total Bytes Sent By Job
	0  -  Total Bytes Received By Job
	Partitionable Resources :    Usage  Request Allocated 
	   admin_mutex_1         :                           0 
	   admin_mutex_2         :                           0 
	   admin_mutex_3         :                           0 
	   Cpus                  :     0.98        1         1 
	   Disk (KB)             :     7        2048      5480 
	   GPUs                  :                           0 
	   machine_token         :                           0 
	   Memory (MB)           :   403        6000      6016 
	   TimeExecute (s)       :  1609                       
	   TimeSlotBusy (s)      :  1610                       

	Job terminated of its own accord at 2026-06-02T21:14:05Z with exit-code 0.
...
