000 (19532308.000.000) 2026-06-02 15:47:01 Job submitted from host: <10.128.10.103:9618?addrs=10.128.10.103-9618&alias=npx-submitter.icecube.wisc.edu&noUDP&sock=schedd_2449_6386>
    DAG Node: Drootprod_20130111_50869
...
001 (19532308.000.000) 2026-06-02 15:47:12 Job executing on host: <10.128.10.187:34023?addrs=10.128.10.187-34023&alias=n-smepyc-00.icecube.wisc.edu>
	SlotName: slot1_55@n-smepyc-00.icecube.wisc.edu
	admin_mutex_1 = 0
	admin_mutex_2 = 0
	admin_mutex_3 = 0
	CondorScratchDir = "/scratch/condor/dir_1607727"
	Cpus = 1
	Disk = 3072
	GPUs = 0
	machine_token = 0
	Memory = 6016
...
006 (19532308.000.000) 2026-06-02 15:47:25 Image size of job updated: 121404
	119  -  MemoryUsage of job (MB)
	121404  -  ResidentSetSize of job (KB)
...
006 (19532308.000.000) 2026-06-02 15:52:25 Image size of job updated: 164924
	162  -  MemoryUsage of job (MB)
	164924  -  ResidentSetSize of job (KB)
...
006 (19532308.000.000) 2026-06-02 15:57:26 Image size of job updated: 413180
	404  -  MemoryUsage of job (MB)
	413180  -  ResidentSetSize of job (KB)
...
006 (19532308.000.000) 2026-06-02 15:59:52 Image size of job updated: 721252
	404  -  MemoryUsage of job (MB)
	413180  -  ResidentSetSize of job (KB)
...
005 (19532308.000.000) 2026-06-02 15:59:52 Job terminated.
	(1) Normal termination (return value 0)
		Usr 0 00:11:49, Sys 0 00:00:11  -  Run Remote Usage
		Usr 0 00:00:00, Sys 0 00:00:00  -  Run Local Usage
		Usr 0 00:11:49, Sys 0 00:00:11  -  Total Remote Usage
		Usr 0 00:00:00, Sys 0 00:00:00  -  Total Local Usage
	0  -  Run Bytes Sent By Job
	0  -  Run Bytes Received By Job
	0  -  Total Bytes Sent By Job
	0  -  Total Bytes Received By Job
	Partitionable Resources :    Usage  Request Allocated 
	   admin_mutex_1         :                           0 
	   admin_mutex_2         :                           0 
	   admin_mutex_3         :                           0 
	   Cpus                  :     0.91        1         1 
	   Disk (KB)             :    10        2048      3072 
	   GPUs                  :                           0 
	   machine_token         :                           0 
	   Memory (MB)           :   404        6000      6016 
	   TimeExecute (s)       :   760                       
	   TimeSlotBusy (s)      :   760                       

	Job terminated of its own accord at 2026-06-02T20:59:52Z with exit-code 0.
...
