000 (19535957.000.000) 2026-06-02 15:55:26 Job submitted from host: <10.128.10.103:9618?addrs=10.128.10.103-9618&alias=npx-submitter.icecube.wisc.edu&noUDP&sock=schedd_2449_6386>
    DAG Node: Drootprod_20131007_25085
...
001 (19535957.000.000) 2026-06-02 17:03:20 Job executing on host: <10.128.10.115:33587?addrs=10.128.10.115-33587&alias=n-gibyte-00.icecube.wisc.edu>
	SlotName: slot1_146@n-gibyte-00.icecube.wisc.edu
	admin_mutex_1 = 0
	admin_mutex_2 = 0
	admin_mutex_3 = 0
	CondorScratchDir = "/scratch/condor/dir_2297082"
	Cpus = 1
	Disk = 5480
	GPUs = 0
	machine_token = 0
	Memory = 6016
...
006 (19535957.000.000) 2026-06-02 17:03:33 Image size of job updated: 118924
	117  -  MemoryUsage of job (MB)
	118924  -  ResidentSetSize of job (KB)
...
006 (19535957.000.000) 2026-06-02 17:08:33 Image size of job updated: 139800
	137  -  MemoryUsage of job (MB)
	139800  -  ResidentSetSize of job (KB)
...
006 (19535957.000.000) 2026-06-02 17:13:34 Image size of job updated: 160400
	157  -  MemoryUsage of job (MB)
	160400  -  ResidentSetSize of job (KB)
...
006 (19535957.000.000) 2026-06-02 17:18:34 Image size of job updated: 270120
	264  -  MemoryUsage of job (MB)
	270120  -  ResidentSetSize of job (KB)
...
006 (19535957.000.000) 2026-06-02 17:23:35 Image size of job updated: 287328
	281  -  MemoryUsage of job (MB)
	287328  -  ResidentSetSize of job (KB)
...
006 (19535957.000.000) 2026-06-02 17:28:01 Image size of job updated: 412952
	281  -  MemoryUsage of job (MB)
	287328  -  ResidentSetSize of job (KB)
...
005 (19535957.000.000) 2026-06-02 17:28:01 Job terminated.
	(1) Normal termination (return value 0)
		Usr 0 00:23:41, Sys 0 00:00:15  -  Run Remote Usage
		Usr 0 00:00:00, Sys 0 00:00:00  -  Run Local Usage
		Usr 0 00:23:41, Sys 0 00:00:15  -  Total Remote Usage
		Usr 0 00:00:00, Sys 0 00:00:00  -  Total Local Usage
	0  -  Run Bytes Sent By Job
	0  -  Run Bytes Received By Job
	0  -  Total Bytes Sent By Job
	0  -  Total Bytes Received By Job
	Partitionable Resources :    Usage  Request Allocated 
	   admin_mutex_1         :                           0 
	   admin_mutex_2         :                           0 
	   admin_mutex_3         :                           0 
	   Cpus                  :     0.98        1         1 
	   Disk (KB)             :     7        2048      5480 
	   GPUs                  :                           0 
	   machine_token         :                           0 
	   Memory (MB)           :   281        6000      6016 
	   TimeExecute (s)       :  1481                       
	   TimeSlotBusy (s)      :  1482                       

	Job terminated of its own accord at 2026-06-02T22:28:01Z with exit-code 0.
...
