000 (19536027.000.000) 2026-06-02 15:55:35 Job submitted from host: <10.128.10.103:9618?addrs=10.128.10.103-9618&alias=npx-submitter.icecube.wisc.edu&noUDP&sock=schedd_2449_6386>
    DAG Node: Drootprod_20131011_19111
...
001 (19536027.000.000) 2026-06-02 17:12:08 Job executing on host: <10.128.10.189:44027?addrs=10.128.10.189-44027&alias=n-smepyc-02.icecube.wisc.edu>
	SlotName: slot1_3@n-smepyc-02.icecube.wisc.edu
	admin_mutex_1 = 0
	admin_mutex_2 = 0
	admin_mutex_3 = 0
	CondorScratchDir = "/scratch/condor/dir_538424"
	Cpus = 1
	Disk = 3072
	GPUs = 0
	machine_token = 0
	Memory = 6016
...
006 (19536027.000.000) 2026-06-02 17:12:22 Image size of job updated: 123084
	121  -  MemoryUsage of job (MB)
	123084  -  ResidentSetSize of job (KB)
...
006 (19536027.000.000) 2026-06-02 17:17:23 Image size of job updated: 162096
	159  -  MemoryUsage of job (MB)
	162096  -  ResidentSetSize of job (KB)
...
006 (19536027.000.000) 2026-06-02 17:22:24 Image size of job updated: 408760
	400  -  MemoryUsage of job (MB)
	408760  -  ResidentSetSize of job (KB)
...
006 (19536027.000.000) 2026-06-02 17:27:24 Image size of job updated: 741192
	724  -  MemoryUsage of job (MB)
	741192  -  ResidentSetSize of job (KB)
...
006 (19536027.000.000) 2026-06-02 17:27:40 Image size of job updated: 742416
	724  -  MemoryUsage of job (MB)
	741192  -  ResidentSetSize of job (KB)
...
005 (19536027.000.000) 2026-06-02 17:27:40 Job terminated.
	(1) Normal termination (return value 0)
		Usr 0 00:14:52, Sys 0 00:00:12  -  Run Remote Usage
		Usr 0 00:00:00, Sys 0 00:00:00  -  Run Local Usage
		Usr 0 00:14:52, Sys 0 00:00:12  -  Total Remote Usage
		Usr 0 00:00:00, Sys 0 00:00:00  -  Total Local Usage
	0  -  Run Bytes Sent By Job
	0  -  Run Bytes Received By Job
	0  -  Total Bytes Sent By Job
	0  -  Total Bytes Received By Job
	Partitionable Resources :    Usage  Request Allocated 
	   admin_mutex_1         :                           0 
	   admin_mutex_2         :                           0 
	   admin_mutex_3         :                           0 
	   Cpus                  :     1.00        1         1 
	   Disk (KB)             :    10        2048      3072 
	   GPUs                  :                           0 
	   machine_token         :                           0 
	   Memory (MB)           :   724        6000      6016 
	   TimeExecute (s)       :   932                       
	   TimeSlotBusy (s)      :   932                       

	Job terminated of its own accord at 2026-06-02T22:27:40Z with exit-code 0.
...
