000 (19532690.000.000) 2026-06-02 15:48:27 Job submitted from host: <10.128.10.103:9618?addrs=10.128.10.103-9618&alias=npx-submitter.icecube.wisc.edu&noUDP&sock=schedd_2449_6386>
    DAG Node: Drootprod_20130226_24729
...
001 (19532690.000.000) 2026-06-02 15:48:42 Job executing on host: <10.128.10.116:38163?addrs=10.128.10.116-38163&alias=n-gibyte-01.icecube.wisc.edu>
	SlotName: slot1_479@n-gibyte-01.icecube.wisc.edu
	admin_mutex_1 = 0
	admin_mutex_2 = 0
	admin_mutex_3 = 0
	CondorScratchDir = "/scratch/condor/dir_2368657"
	Cpus = 1
	Disk = 5480
	GPUs = 0
	machine_token = 0
	Memory = 6016
...
006 (19532690.000.000) 2026-06-02 15:48:51 Image size of job updated: 118704
	116  -  MemoryUsage of job (MB)
	118704  -  ResidentSetSize of job (KB)
...
006 (19532690.000.000) 2026-06-02 15:53:52 Image size of job updated: 140732
	138  -  MemoryUsage of job (MB)
	140732  -  ResidentSetSize of job (KB)
...
006 (19532690.000.000) 2026-06-02 15:58:52 Image size of job updated: 158708
	155  -  MemoryUsage of job (MB)
	158708  -  ResidentSetSize of job (KB)
...
006 (19532690.000.000) 2026-06-02 16:03:53 Image size of job updated: 270796
	265  -  MemoryUsage of job (MB)
	270796  -  ResidentSetSize of job (KB)
...
006 (19532690.000.000) 2026-06-02 16:08:53 Image size of job updated: 288616
	282  -  MemoryUsage of job (MB)
	288616  -  ResidentSetSize of job (KB)
...
006 (19532690.000.000) 2026-06-02 16:13:54 Image size of job updated: 416380
	407  -  MemoryUsage of job (MB)
	416380  -  ResidentSetSize of job (KB)
...
006 (19532690.000.000) 2026-06-02 16:18:54 Image size of job updated: 711412
	695  -  MemoryUsage of job (MB)
	711412  -  ResidentSetSize of job (KB)
...
022 (19532690.000.000) 2026-06-02 16:23:27 Job disconnected, attempting to reconnect
    Socket between submit and execute hosts closed unexpectedly
    Trying to reconnect to slot1_479@n-gibyte-01.icecube.wisc.edu <10.128.10.116:38163?addrs=10.128.10.116-38163&alias=n-gibyte-01.icecube.wisc.edu>
...
024 (19532690.000.000) 2026-06-02 17:03:27 Job reconnection failed
    Job disconnected too long: JobLeaseDuration (2400 seconds) expired
    Can not reconnect to slot1_479@n-gibyte-01.icecube.wisc.edu, rescheduling job
...
004 (19532690.000.000) 2026-06-02 17:03:37 Job was evicted.
	(0) CPU times
		Usr 0 00:28:58, Sys 0 00:00:16  -  Run Remote Usage
		Usr 0 00:00:00, Sys 0 00:00:00  -  Run Local Usage
	0  -  Run Bytes Sent By Job
	0  -  Run Bytes Received By Job
	Job disconnected too long: JobLeaseDuration (2400 seconds) expired
	Partitionable Resources :    Usage  Request Allocated 
	   admin_mutex_1         :                           0 
	   admin_mutex_2         :                           0 
	   admin_mutex_3         :                           0 
	   Cpus                  :     0.99        1         1 
	   Disk (KB)             :    12        2048      5480 
	   GPUs                  :                           0 
	   machine_token         :                           0 
	   Memory (MB)           :   695        6000      6016 
...
001 (19532690.000.000) 2026-06-02 17:06:00 Job executing on host: <10.128.10.189:44027?addrs=10.128.10.189-44027&alias=n-smepyc-02.icecube.wisc.edu>
	SlotName: slot1_71@n-smepyc-02.icecube.wisc.edu
	admin_mutex_1 = 0
	admin_mutex_2 = 0
	admin_mutex_3 = 0
	CondorScratchDir = "/scratch/condor/dir_514947"
	Cpus = 1
	Disk = 3072
	GPUs = 0
	machine_token = 0
	Memory = 6016
...
006 (19532690.000.000) 2026-06-02 17:24:26 Image size of job updated: 785708
	733  -  MemoryUsage of job (MB)
	750000  -  ResidentSetSize of job (KB)
...
005 (19532690.000.000) 2026-06-02 17:24:26 Job terminated.
	(1) Normal termination (return value 0)
		Usr 0 00:17:40, Sys 0 00:00:16  -  Run Remote Usage
		Usr 0 00:00:00, Sys 0 00:00:00  -  Run Local Usage
		Usr 0 00:46:38, Sys 0 00:00:32  -  Total Remote Usage
		Usr 0 00:00:00, Sys 0 00:00:00  -  Total Local Usage
	0  -  Run Bytes Sent By Job
	0  -  Run Bytes Received By Job
	0  -  Total Bytes Sent By Job
	0  -  Total Bytes Received By Job
	Partitionable Resources :    Usage  Request Allocated 
	   admin_mutex_1         :                           0 
	   admin_mutex_2         :                           0 
	   admin_mutex_3         :                           0 
	   Cpus                  :     0.99        1         1 
	   Disk (KB)             :    12        2048      3072 
	   GPUs                  :                           0 
	   machine_token         :                           0 
	   Memory (MB)           :   733        6000      6016 
	   TimeExecute (s)       :  1106                       
	   TimeSlotBusy (s)      :  1106                       

	Job terminated of its own accord at 2026-06-02T22:24:26Z with exit-code 0.
...
