000 (19535740.000.000) 2026-06-02 15:55:00 Job submitted from host: <10.128.10.103:9618?addrs=10.128.10.103-9618&alias=npx-submitter.icecube.wisc.edu&noUDP&sock=schedd_2449_6386>
    DAG Node: Drootprod_20130921_51037
...
001 (19535740.000.000) 2026-06-02 16:59:10 Job executing on host: <10.128.10.117:43719?addrs=10.128.10.117-43719&alias=n-gibyte-02.icecube.wisc.edu>
	SlotName: slot1_235@n-gibyte-02.icecube.wisc.edu
	admin_mutex_1 = 0
	admin_mutex_2 = 0
	admin_mutex_3 = 0
	CondorScratchDir = "/scratch/condor/dir_3573435"
	Cpus = 1
	Disk = 5480
	GPUs = 0
	machine_token = 0
	Memory = 6016
...
006 (19535740.000.000) 2026-06-02 16:59:23 Image size of job updated: 119480
	117  -  MemoryUsage of job (MB)
	119480  -  ResidentSetSize of job (KB)
...
006 (19535740.000.000) 2026-06-02 17:04:23 Image size of job updated: 140720
	138  -  MemoryUsage of job (MB)
	140720  -  ResidentSetSize of job (KB)
...
006 (19535740.000.000) 2026-06-02 17:09:24 Image size of job updated: 158672
	155  -  MemoryUsage of job (MB)
	158672  -  ResidentSetSize of job (KB)
...
006 (19535740.000.000) 2026-06-02 17:14:24 Image size of job updated: 272072
	266  -  MemoryUsage of job (MB)
	272072  -  ResidentSetSize of job (KB)
...
006 (19535740.000.000) 2026-06-02 17:19:25 Image size of job updated: 290628
	284  -  MemoryUsage of job (MB)
	290628  -  ResidentSetSize of job (KB)
...
006 (19535740.000.000) 2026-06-02 17:22:33 Image size of job updated: 413408
	284  -  MemoryUsage of job (MB)
	290628  -  ResidentSetSize of job (KB)
...
005 (19535740.000.000) 2026-06-02 17:22:33 Job terminated.
	(1) Normal termination (return value 0)
		Usr 0 00:22:18, Sys 0 00:00:14  -  Run Remote Usage
		Usr 0 00:00:00, Sys 0 00:00:00  -  Run Local Usage
		Usr 0 00:22:18, Sys 0 00:00:14  -  Total Remote Usage
		Usr 0 00:00:00, Sys 0 00:00:00  -  Total Local Usage
	0  -  Run Bytes Sent By Job
	0  -  Run Bytes Received By Job
	0  -  Total Bytes Sent By Job
	0  -  Total Bytes Received By Job
	Partitionable Resources :    Usage  Request Allocated 
	   admin_mutex_1         :                           0 
	   admin_mutex_2         :                           0 
	   admin_mutex_3         :                           0 
	   Cpus                  :     0.97        1         1 
	   Disk (KB)             :     7        2048      5480 
	   GPUs                  :                           0 
	   machine_token         :                           0 
	   Memory (MB)           :   284        6000      6016 
	   TimeExecute (s)       :  1403                       
	   TimeSlotBusy (s)      :  1404                       

	Job terminated of its own accord at 2026-06-02T22:22:33Z with exit-code 0.
...
