000 (19535663.000.000) 2026-06-02 15:54:50 Job submitted from host: <10.128.10.103:9618?addrs=10.128.10.103-9618&alias=npx-submitter.icecube.wisc.edu&noUDP&sock=schedd_2449_6386>
    DAG Node: Drootprod_20130916_11546
...
001 (19535663.000.000) 2026-06-02 16:57:02 Job executing on host: <10.128.10.192:35633?addrs=10.128.10.192-35633&alias=n-smepyc-05.icecube.wisc.edu>
	SlotName: slot1_25@n-smepyc-05.icecube.wisc.edu
	admin_mutex_1 = 0
	admin_mutex_2 = 0
	admin_mutex_3 = 0
	CondorScratchDir = "/scratch/condor/dir_281890"
	Cpus = 1
	Disk = 3072
	GPUs = 0
	machine_token = 0
	Memory = 6016
...
006 (19535663.000.000) 2026-06-02 16:57:16 Image size of job updated: 121592
	119  -  MemoryUsage of job (MB)
	121592  -  ResidentSetSize of job (KB)
...
006 (19535663.000.000) 2026-06-02 17:02:17 Image size of job updated: 145400
	142  -  MemoryUsage of job (MB)
	145400  -  ResidentSetSize of job (KB)
...
006 (19535663.000.000) 2026-06-02 17:07:17 Image size of job updated: 273604
	268  -  MemoryUsage of job (MB)
	273604  -  ResidentSetSize of job (KB)
...
006 (19535663.000.000) 2026-06-02 17:12:17 Image size of job updated: 565284
	553  -  MemoryUsage of job (MB)
	565284  -  ResidentSetSize of job (KB)
...
006 (19535663.000.000) 2026-06-02 17:15:44 Image size of job updated: 747308
	553  -  MemoryUsage of job (MB)
	565284  -  ResidentSetSize of job (KB)
...
005 (19535663.000.000) 2026-06-02 17:15:44 Job terminated.
	(1) Normal termination (return value 0)
		Usr 0 00:17:41, Sys 0 00:00:15  -  Run Remote Usage
		Usr 0 00:00:00, Sys 0 00:00:00  -  Run Local Usage
		Usr 0 00:17:41, Sys 0 00:00:15  -  Total Remote Usage
		Usr 0 00:00:00, Sys 0 00:00:00  -  Total Local Usage
	0  -  Run Bytes Sent By Job
	0  -  Run Bytes Received By Job
	0  -  Total Bytes Sent By Job
	0  -  Total Bytes Received By Job
	Partitionable Resources :    Usage  Request Allocated 
	   admin_mutex_1         :                           0 
	   admin_mutex_2         :                           0 
	   admin_mutex_3         :                           0 
	   Cpus                  :     0.98        1         1 
	   Disk (KB)             :    10        2048      3072 
	   GPUs                  :                           0 
	   machine_token         :                           0 
	   Memory (MB)           :   553        6000      6016 
	   TimeExecute (s)       :  1122                       
	   TimeSlotBusy (s)      :  1122                       

	Job terminated of its own accord at 2026-06-02T22:15:44Z with exit-code 0.
...
