000 (19533479.000.000) 2026-06-02 15:50:29 Job submitted from host: <10.128.10.103:9618?addrs=10.128.10.103-9618&alias=npx-submitter.icecube.wisc.edu&noUDP&sock=schedd_2449_6386>
    DAG Node: Drootprod_20130502_85696
...
001 (19533479.000.000) 2026-06-02 16:14:44 Job executing on host: <10.128.10.116:38163?addrs=10.128.10.116-38163&alias=n-gibyte-01.icecube.wisc.edu>
	SlotName: slot1_154@n-gibyte-01.icecube.wisc.edu
	admin_mutex_1 = 0
	admin_mutex_2 = 0
	admin_mutex_3 = 0
	CondorScratchDir = "/scratch/condor/dir_2475603"
	Cpus = 1
	Disk = 5480
	GPUs = 0
	machine_token = 0
	Memory = 6016
...
006 (19533479.000.000) 2026-06-02 16:14:58 Image size of job updated: 119972
	118  -  MemoryUsage of job (MB)
	119972  -  ResidentSetSize of job (KB)
...
006 (19533479.000.000) 2026-06-02 16:19:59 Image size of job updated: 141596
	139  -  MemoryUsage of job (MB)
	141596  -  ResidentSetSize of job (KB)
...
022 (19533479.000.000) 2026-06-02 16:23:27 Job disconnected, attempting to reconnect
    Socket between submit and execute hosts closed unexpectedly
    Trying to reconnect to slot1_154@n-gibyte-01.icecube.wisc.edu <10.128.10.116:38163?addrs=10.128.10.116-38163&alias=n-gibyte-01.icecube.wisc.edu>
...
024 (19533479.000.000) 2026-06-02 17:03:27 Job reconnection failed
    Job disconnected too long: JobLeaseDuration (2400 seconds) expired
    Can not reconnect to slot1_154@n-gibyte-01.icecube.wisc.edu, rescheduling job
...
004 (19533479.000.000) 2026-06-02 17:03:37 Job was evicted.
	(0) CPU times
		Usr 0 00:04:54, Sys 0 00:00:03  -  Run Remote Usage
		Usr 0 00:00:00, Sys 0 00:00:00  -  Run Local Usage
	0  -  Run Bytes Sent By Job
	0  -  Run Bytes Received By Job
	Job disconnected too long: JobLeaseDuration (2400 seconds) expired
	Partitionable Resources :    Usage  Request Allocated 
	   admin_mutex_1         :                           0 
	   admin_mutex_2         :                           0 
	   admin_mutex_3         :                           0 
	   Cpus                  :     0.99        1         1 
	   Disk (KB)             :    10        2048      5480 
	   GPUs                  :                           0 
	   machine_token         :                           0 
	   Memory (MB)           :   139        6000      6016 
...
001 (19533479.000.000) 2026-06-02 17:09:03 Job executing on host: <10.128.10.117:43719?addrs=10.128.10.117-43719&alias=n-gibyte-02.icecube.wisc.edu>
	SlotName: slot1_40@n-gibyte-02.icecube.wisc.edu
	admin_mutex_1 = 0
	admin_mutex_2 = 0
	admin_mutex_3 = 0
	CondorScratchDir = "/scratch/condor/dir_3611644"
	Cpus = 1
	Disk = 5480
	GPUs = 0
	machine_token = 0
	Memory = 6016
...
006 (19533479.000.000) 2026-06-02 17:19:18 Image size of job updated: 161192
	158  -  MemoryUsage of job (MB)
	161192  -  ResidentSetSize of job (KB)
...
006 (19533479.000.000) 2026-06-02 17:24:19 Image size of job updated: 273860
	268  -  MemoryUsage of job (MB)
	273860  -  ResidentSetSize of job (KB)
...
006 (19533479.000.000) 2026-06-02 17:29:19 Image size of job updated: 408316
	399  -  MemoryUsage of job (MB)
	408316  -  ResidentSetSize of job (KB)
...
006 (19533479.000.000) 2026-06-02 17:34:20 Image size of job updated: 424456
	415  -  MemoryUsage of job (MB)
	424456  -  ResidentSetSize of job (KB)
...
006 (19533479.000.000) 2026-06-02 17:39:20 Image size of job updated: 731008
	714  -  MemoryUsage of job (MB)
	731008  -  ResidentSetSize of job (KB)
...
006 (19533479.000.000) 2026-06-02 17:44:21 Image size of job updated: 752336
	735  -  MemoryUsage of job (MB)
	752336  -  ResidentSetSize of job (KB)
...
006 (19533479.000.000) 2026-06-02 17:49:21 Image size of job updated: 777908
	760  -  MemoryUsage of job (MB)
	777908  -  ResidentSetSize of job (KB)
...
006 (19533479.000.000) 2026-06-02 17:51:09 Image size of job updated: 814112
	760  -  MemoryUsage of job (MB)
	777908  -  ResidentSetSize of job (KB)
...
005 (19533479.000.000) 2026-06-02 17:51:09 Job terminated.
	(1) Normal termination (return value 0)
		Usr 0 00:40:36, Sys 0 00:00:25  -  Run Remote Usage
		Usr 0 00:00:00, Sys 0 00:00:00  -  Run Local Usage
		Usr 0 00:45:30, Sys 0 00:00:28  -  Total Remote Usage
		Usr 0 00:00:00, Sys 0 00:00:00  -  Total Local Usage
	0  -  Run Bytes Sent By Job
	0  -  Run Bytes Received By Job
	0  -  Total Bytes Sent By Job
	0  -  Total Bytes Received By Job
	Partitionable Resources :    Usage  Request Allocated 
	   admin_mutex_1         :                           0 
	   admin_mutex_2         :                           0 
	   admin_mutex_3         :                           0 
	   Cpus                  :     0.97        1         1 
	   Disk (KB)             :    10        2048      5480 
	   GPUs                  :                           0 
	   machine_token         :                           0 
	   Memory (MB)           :   760        6000      6016 
	   TimeExecute (s)       :  2526                       
	   TimeSlotBusy (s)      :  2527                       

	Job terminated of its own accord at 2026-06-02T22:51:09Z with exit-code 0.
...
