000 (19536311.000.000) 2026-06-02 15:56:11 Job submitted from host: <10.128.10.103:9618?addrs=10.128.10.103-9618&alias=npx-submitter.icecube.wisc.edu&noUDP&sock=schedd_2449_6386>
    DAG Node: Drootprod_20131031_85340
...
001 (19536311.000.000) 2026-06-02 17:18:07 Job executing on host: <10.128.10.117:43719?addrs=10.128.10.117-43719&alias=n-gibyte-02.icecube.wisc.edu>
	SlotName: slot1_369@n-gibyte-02.icecube.wisc.edu
	admin_mutex_1 = 0
	admin_mutex_2 = 0
	admin_mutex_3 = 0
	CondorScratchDir = "/scratch/condor/dir_3653271"
	Cpus = 1
	Disk = 5480
	GPUs = 0
	machine_token = 0
	Memory = 6016
...
006 (19536311.000.000) 2026-06-02 17:18:20 Image size of job updated: 119216
	117  -  MemoryUsage of job (MB)
	119216  -  ResidentSetSize of job (KB)
...
006 (19536311.000.000) 2026-06-02 17:23:20 Image size of job updated: 141116
	138  -  MemoryUsage of job (MB)
	141116  -  ResidentSetSize of job (KB)
...
006 (19536311.000.000) 2026-06-02 17:28:21 Image size of job updated: 157808
	155  -  MemoryUsage of job (MB)
	157808  -  ResidentSetSize of job (KB)
...
006 (19536311.000.000) 2026-06-02 17:33:21 Image size of job updated: 269664
	264  -  MemoryUsage of job (MB)
	269664  -  ResidentSetSize of job (KB)
...
006 (19536311.000.000) 2026-06-02 17:38:22 Image size of job updated: 286892
	281  -  MemoryUsage of job (MB)
	286892  -  ResidentSetSize of job (KB)
...
006 (19536311.000.000) 2026-06-02 17:43:22 Image size of job updated: 415836
	407  -  MemoryUsage of job (MB)
	415836  -  ResidentSetSize of job (KB)
...
006 (19536311.000.000) 2026-06-02 17:48:23 Image size of job updated: 709356
	693  -  MemoryUsage of job (MB)
	709356  -  ResidentSetSize of job (KB)
...
006 (19536311.000.000) 2026-06-02 17:53:23 Image size of job updated: 733120
	716  -  MemoryUsage of job (MB)
	733120  -  ResidentSetSize of job (KB)
...
006 (19536311.000.000) 2026-06-02 17:56:16 Image size of job updated: 745032
	716  -  MemoryUsage of job (MB)
	733120  -  ResidentSetSize of job (KB)
...
005 (19536311.000.000) 2026-06-02 17:56:16 Job terminated.
	(1) Normal termination (return value 0)
		Usr 0 00:36:47, Sys 0 00:00:22  -  Run Remote Usage
		Usr 0 00:00:00, Sys 0 00:00:00  -  Run Local Usage
		Usr 0 00:36:47, Sys 0 00:00:22  -  Total Remote Usage
		Usr 0 00:00:00, Sys 0 00:00:00  -  Total Local Usage
	0  -  Run Bytes Sent By Job
	0  -  Run Bytes Received By Job
	0  -  Total Bytes Sent By Job
	0  -  Total Bytes Received By Job
	Partitionable Resources :    Usage  Request Allocated 
	   admin_mutex_1         :                           0 
	   admin_mutex_2         :                           0 
	   admin_mutex_3         :                           0 
	   Cpus                  :     0.99        1         1 
	   Disk (KB)             :    10        2048      5480 
	   GPUs                  :                           0 
	   machine_token         :                           0 
	   Memory (MB)           :   716        6000      6016 
	   TimeExecute (s)       :  2289                       
	   TimeSlotBusy (s)      :  2290                       

	Job terminated of its own accord at 2026-06-02T22:56:16Z with exit-code 0.
...
