000 (19532562.000.000) 2026-06-02 15:48:03 Job submitted from host: <10.128.10.103:9618?addrs=10.128.10.103-9618&alias=npx-submitter.icecube.wisc.edu&noUDP&sock=schedd_2449_6386>
    DAG Node: Drootprod_20130212_52427
...
001 (19532562.000.000) 2026-06-02 15:48:09 Job executing on host: <10.128.10.116:38163?addrs=10.128.10.116-38163&alias=n-gibyte-01.icecube.wisc.edu>
	SlotName: slot1_393@n-gibyte-01.icecube.wisc.edu
	admin_mutex_1 = 0
	admin_mutex_2 = 0
	admin_mutex_3 = 0
	CondorScratchDir = "/scratch/condor/dir_2354389"
	Cpus = 1
	Disk = 5480
	GPUs = 0
	machine_token = 0
	Memory = 6016
...
006 (19532562.000.000) 2026-06-02 15:48:17 Image size of job updated: 120676
	118  -  MemoryUsage of job (MB)
	120676  -  ResidentSetSize of job (KB)
...
006 (19532562.000.000) 2026-06-02 15:53:17 Image size of job updated: 143492
	141  -  MemoryUsage of job (MB)
	143492  -  ResidentSetSize of job (KB)
...
006 (19532562.000.000) 2026-06-02 15:58:18 Image size of job updated: 162168
	159  -  MemoryUsage of job (MB)
	162168  -  ResidentSetSize of job (KB)
...
006 (19532562.000.000) 2026-06-02 16:03:18 Image size of job updated: 275884
	270  -  MemoryUsage of job (MB)
	275884  -  ResidentSetSize of job (KB)
...
006 (19532562.000.000) 2026-06-02 16:08:19 Image size of job updated: 408260
	399  -  MemoryUsage of job (MB)
	408260  -  ResidentSetSize of job (KB)
...
006 (19532562.000.000) 2026-06-02 16:13:19 Image size of job updated: 424748
	415  -  MemoryUsage of job (MB)
	424748  -  ResidentSetSize of job (KB)
...
006 (19532562.000.000) 2026-06-02 16:18:20 Image size of job updated: 730800
	714  -  MemoryUsage of job (MB)
	730800  -  ResidentSetSize of job (KB)
...
006 (19532562.000.000) 2026-06-02 16:23:20 Image size of job updated: 751280
	734  -  MemoryUsage of job (MB)
	751280  -  ResidentSetSize of job (KB)
...
022 (19532562.000.000) 2026-06-02 16:23:27 Job disconnected, attempting to reconnect
    Socket between submit and execute hosts closed unexpectedly
    Trying to reconnect to slot1_393@n-gibyte-01.icecube.wisc.edu <10.128.10.116:38163?addrs=10.128.10.116-38163&alias=n-gibyte-01.icecube.wisc.edu>
...
024 (19532562.000.000) 2026-06-02 17:03:27 Job reconnection failed
    Job disconnected too long: JobLeaseDuration (2400 seconds) expired
    Can not reconnect to slot1_393@n-gibyte-01.icecube.wisc.edu, rescheduling job
...
004 (19532562.000.000) 2026-06-02 17:03:37 Job was evicted.
	(0) CPU times
		Usr 0 00:33:28, Sys 0 00:00:21  -  Run Remote Usage
		Usr 0 00:00:00, Sys 0 00:00:00  -  Run Local Usage
	0  -  Run Bytes Sent By Job
	0  -  Run Bytes Received By Job
	Job disconnected too long: JobLeaseDuration (2400 seconds) expired
	Partitionable Resources :    Usage  Request Allocated 
	   admin_mutex_1         :                           0 
	   admin_mutex_2         :                           0 
	   admin_mutex_3         :                           0 
	   Cpus                  :     0.99        1         1 
	   Disk (KB)             :    12        2048      5480 
	   GPUs                  :                           0 
	   machine_token         :                           0 
	   Memory (MB)           :   734        6000      6016 
...
001 (19532562.000.000) 2026-06-02 17:05:00 Job executing on host: <10.128.10.187:34023?addrs=10.128.10.187-34023&alias=n-smepyc-00.icecube.wisc.edu>
	SlotName: slot1_27@n-smepyc-00.icecube.wisc.edu
	admin_mutex_1 = 0
	admin_mutex_2 = 0
	admin_mutex_3 = 0
	CondorScratchDir = "/scratch/condor/dir_1908393"
	Cpus = 1
	Disk = 3072
	GPUs = 0
	machine_token = 0
	Memory = 6016
...
005 (19532562.000.000) 2026-06-02 17:24:09 Job terminated.
	(1) Normal termination (return value 0)
		Usr 0 00:18:16, Sys 0 00:00:16  -  Run Remote Usage
		Usr 0 00:00:00, Sys 0 00:00:00  -  Run Local Usage
		Usr 0 00:51:44, Sys 0 00:00:37  -  Total Remote Usage
		Usr 0 00:00:00, Sys 0 00:00:00  -  Total Local Usage
	0  -  Run Bytes Sent By Job
	0  -  Run Bytes Received By Job
	0  -  Total Bytes Sent By Job
	0  -  Total Bytes Received By Job
	Partitionable Resources :    Usage  Request Allocated 
	   admin_mutex_1         :                           0 
	   admin_mutex_2         :                           0 
	   admin_mutex_3         :                           0 
	   Cpus                  :     0.99        1         1 
	   Disk (KB)             :    12        2048      3072 
	   GPUs                  :                           0 
	   machine_token         :                           0 
	   Memory (MB)           :   977        6000      6016 
	   TimeExecute (s)       :  1148                       
	   TimeSlotBusy (s)      :  1148                       

	Job terminated of its own accord at 2026-06-02T22:24:08Z with exit-code 0.
...
