000 (19535938.000.000) 2026-06-02 15:55:24 Job submitted from host: <10.128.10.103:9618?addrs=10.128.10.103-9618&alias=npx-submitter.icecube.wisc.edu&noUDP&sock=schedd_2449_6386>
    DAG Node: Drootprod_20131005_82843
...
001 (19535938.000.000) 2026-06-02 17:02:56 Job executing on host: <10.128.10.238:43797?addrs=10.128.10.238-43797&alias=n-gpu-42.icecube.wisc.edu>
	SlotName: slot1_40@n-gpu-42.icecube.wisc.edu
	admin_mutex_1 = 0
	admin_mutex_2 = 0
	admin_mutex_3 = 0
	AvailableGPUs = {  }
	CondorScratchDir = "/scratch/condor/dir_2187919"
	Cpus = 1
	Disk = 3072
	GPUs = 0
	machine_token = 0
	Memory = 6016
...
006 (19535938.000.000) 2026-06-02 17:03:09 Image size of job updated: 121832
	119  -  MemoryUsage of job (MB)
	121832  -  ResidentSetSize of job (KB)
...
006 (19535938.000.000) 2026-06-02 17:08:09 Image size of job updated: 153428
	150  -  MemoryUsage of job (MB)
	153428  -  ResidentSetSize of job (KB)
...
006 (19535938.000.000) 2026-06-02 17:13:10 Image size of job updated: 277108
	271  -  MemoryUsage of job (MB)
	277108  -  ResidentSetSize of job (KB)
...
006 (19535938.000.000) 2026-06-02 17:18:10 Image size of job updated: 419036
	410  -  MemoryUsage of job (MB)
	419036  -  ResidentSetSize of job (KB)
...
006 (19535938.000.000) 2026-06-02 17:23:10 Image size of job updated: 735860
	719  -  MemoryUsage of job (MB)
	735860  -  ResidentSetSize of job (KB)
...
006 (19535938.000.000) 2026-06-02 17:23:15 Image size of job updated: 748932
	719  -  MemoryUsage of job (MB)
	735860  -  ResidentSetSize of job (KB)
...
005 (19535938.000.000) 2026-06-02 17:23:15 Job terminated.
	(1) Normal termination (return value 0)
		Usr 0 00:19:04, Sys 0 00:00:18  -  Run Remote Usage
		Usr 0 00:00:00, Sys 0 00:00:00  -  Run Local Usage
		Usr 0 00:19:04, Sys 0 00:00:18  -  Total Remote Usage
		Usr 0 00:00:00, Sys 0 00:00:00  -  Total Local Usage
	0  -  Run Bytes Sent By Job
	0  -  Run Bytes Received By Job
	0  -  Total Bytes Sent By Job
	0  -  Total Bytes Received By Job
	Partitionable Resources :    Usage  Request Allocated 
	   admin_mutex_1         :                           0 
	   admin_mutex_2         :                           0 
	   admin_mutex_3         :                           0 
	   Cpus                  :     0.98        1         1 
	   Disk (KB)             :    10        2048      3072 
	   GPUs                  :                           0 
	   machine_token         :                           0 
	   Memory (MB)           :   719        6000      6016 
	   TimeExecute (s)       :  1219                       
	   TimeSlotBusy (s)      :  1220                       

	Job terminated of its own accord at 2026-06-02T22:23:15Z with exit-code 0.
...
