000 (19537111.000.000) 2026-06-02 15:57:58 Job submitted from host: <10.128.10.103:9618?addrs=10.128.10.103-9618&alias=npx-submitter.icecube.wisc.edu&noUDP&sock=schedd_2449_6386>
    DAG Node: Drootprod_20131226_58821
...
001 (19537111.000.000) 2026-06-02 17:31:54 Job executing on host: <10.128.10.117:43719?addrs=10.128.10.117-43719&alias=n-gibyte-02.icecube.wisc.edu>
	SlotName: slot1_276@n-gibyte-02.icecube.wisc.edu
	admin_mutex_1 = 0
	admin_mutex_2 = 0
	admin_mutex_3 = 0
	CondorScratchDir = "/scratch/condor/dir_3716178"
	Cpus = 1
	Disk = 5480
	GPUs = 0
	machine_token = 0
	Memory = 6016
...
006 (19537111.000.000) 2026-06-02 17:32:07 Image size of job updated: 119204
	117  -  MemoryUsage of job (MB)
	119204  -  ResidentSetSize of job (KB)
...
006 (19537111.000.000) 2026-06-02 17:37:07 Image size of job updated: 139172
	136  -  MemoryUsage of job (MB)
	139172  -  ResidentSetSize of job (KB)
...
006 (19537111.000.000) 2026-06-02 17:42:07 Image size of job updated: 155828
	153  -  MemoryUsage of job (MB)
	155828  -  ResidentSetSize of job (KB)
...
006 (19537111.000.000) 2026-06-02 17:47:08 Image size of job updated: 171716
	168  -  MemoryUsage of job (MB)
	171716  -  ResidentSetSize of job (KB)
...
006 (19537111.000.000) 2026-06-02 17:52:08 Image size of job updated: 281392
	275  -  MemoryUsage of job (MB)
	281392  -  ResidentSetSize of job (KB)
...
006 (19537111.000.000) 2026-06-02 17:57:09 Image size of job updated: 406996
	398  -  MemoryUsage of job (MB)
	406996  -  ResidentSetSize of job (KB)
...
006 (19537111.000.000) 2026-06-02 18:02:10 Image size of job updated: 421848
	412  -  MemoryUsage of job (MB)
	421848  -  ResidentSetSize of job (KB)
...
006 (19537111.000.000) 2026-06-02 18:07:10 Image size of job updated: 720432
	704  -  MemoryUsage of job (MB)
	720432  -  ResidentSetSize of job (KB)
...
006 (19537111.000.000) 2026-06-02 18:12:11 Image size of job updated: 739464
	723  -  MemoryUsage of job (MB)
	739464  -  ResidentSetSize of job (KB)
...
006 (19537111.000.000) 2026-06-02 18:13:13 Image size of job updated: 757716
	723  -  MemoryUsage of job (MB)
	739464  -  ResidentSetSize of job (KB)
...
005 (19537111.000.000) 2026-06-02 18:13:13 Job terminated.
	(1) Normal termination (return value 0)
		Usr 0 00:39:38, Sys 0 00:00:23  -  Run Remote Usage
		Usr 0 00:00:00, Sys 0 00:00:00  -  Run Local Usage
		Usr 0 00:39:38, Sys 0 00:00:23  -  Total Remote Usage
		Usr 0 00:00:00, Sys 0 00:00:00  -  Total Local Usage
	0  -  Run Bytes Sent By Job
	0  -  Run Bytes Received By Job
	0  -  Total Bytes Sent By Job
	0  -  Total Bytes Received By Job
	Partitionable Resources :    Usage  Request Allocated 
	   admin_mutex_1         :                           0 
	   admin_mutex_2         :                           0 
	   admin_mutex_3         :                           0 
	   Cpus                  :     0.98        1         1 
	   Disk (KB)             :    12        2048      5480 
	   GPUs                  :                           0 
	   machine_token         :                           0 
	   Memory (MB)           :   723        6000      6016 
	   TimeExecute (s)       :  2479                       
	   TimeSlotBusy (s)      :  2480                       

	Job terminated of its own accord at 2026-06-02T23:13:13Z with exit-code 0.
...
