000 (19535345.000.000) 2026-06-02 15:54:08 Job submitted from host: <10.128.10.103:9618?addrs=10.128.10.103-9618&alias=npx-submitter.icecube.wisc.edu&noUDP&sock=schedd_2449_6386>
    DAG Node: Drootprod_20130825_85930
...
001 (19535345.000.000) 2026-06-02 16:51:44 Job executing on host: <10.128.10.191:42321?addrs=10.128.10.191-42321&alias=n-smepyc-04.icecube.wisc.edu>
	SlotName: slot1_19@n-smepyc-04.icecube.wisc.edu
	admin_mutex_1 = 0
	admin_mutex_2 = 0
	admin_mutex_3 = 0
	CondorScratchDir = "/scratch/condor/dir_230333"
	Cpus = 1
	Disk = 3072
	GPUs = 0
	machine_token = 0
	Memory = 6016
...
006 (19535345.000.000) 2026-06-02 16:51:58 Image size of job updated: 123976
	122  -  MemoryUsage of job (MB)
	123976  -  ResidentSetSize of job (KB)
...
006 (19535345.000.000) 2026-06-02 16:56:59 Image size of job updated: 160144
	157  -  MemoryUsage of job (MB)
	160144  -  ResidentSetSize of job (KB)
...
006 (19535345.000.000) 2026-06-02 17:01:59 Image size of job updated: 409328
	400  -  MemoryUsage of job (MB)
	409328  -  ResidentSetSize of job (KB)
...
006 (19535345.000.000) 2026-06-02 17:07:00 Image size of job updated: 742388
	725  -  MemoryUsage of job (MB)
	742388  -  ResidentSetSize of job (KB)
...
006 (19535345.000.000) 2026-06-02 17:09:23 Image size of job updated: 789464
	725  -  MemoryUsage of job (MB)
	742388  -  ResidentSetSize of job (KB)
...
005 (19535345.000.000) 2026-06-02 17:09:23 Job terminated.
	(1) Normal termination (return value 0)
		Usr 0 00:16:37, Sys 0 00:00:14  -  Run Remote Usage
		Usr 0 00:00:00, Sys 0 00:00:00  -  Run Local Usage
		Usr 0 00:16:37, Sys 0 00:00:14  -  Total Remote Usage
		Usr 0 00:00:00, Sys 0 00:00:00  -  Total Local Usage
	0  -  Run Bytes Sent By Job
	0  -  Run Bytes Received By Job
	0  -  Total Bytes Sent By Job
	0  -  Total Bytes Received By Job
	Partitionable Resources :    Usage  Request Allocated 
	   admin_mutex_1         :                           0 
	   admin_mutex_2         :                           0 
	   admin_mutex_3         :                           0 
	   Cpus                  :     0.99        1         1 
	   Disk (KB)             :    10        2048      3072 
	   GPUs                  :                           0 
	   machine_token         :                           0 
	   Memory (MB)           :   725        6000      6016 
	   TimeExecute (s)       :  1059                       
	   TimeSlotBusy (s)      :  1059                       

	Job terminated of its own accord at 2026-06-02T22:09:23Z with exit-code 0.
...
