000 (19534182.000.000) 2026-06-02 15:51:57 Job submitted from host: <10.128.10.103:9618?addrs=10.128.10.103-9618&alias=npx-submitter.icecube.wisc.edu&noUDP&sock=schedd_2449_6386>
    DAG Node: Drootprod_20130618_13217
...
001 (19534182.000.000) 2026-06-02 16:29:21 Job executing on host: <10.128.10.189:44027?addrs=10.128.10.189-44027&alias=n-smepyc-02.icecube.wisc.edu>
	SlotName: slot1_18@n-smepyc-02.icecube.wisc.edu
	admin_mutex_1 = 0
	admin_mutex_2 = 0
	admin_mutex_3 = 0
	CondorScratchDir = "/scratch/condor/dir_373436"
	Cpus = 1
	Disk = 3072
	GPUs = 0
	machine_token = 0
	Memory = 6016
...
006 (19534182.000.000) 2026-06-02 16:29:35 Image size of job updated: 122420
	120  -  MemoryUsage of job (MB)
	122420  -  ResidentSetSize of job (KB)
...
006 (19534182.000.000) 2026-06-02 16:34:36 Image size of job updated: 164868
	162  -  MemoryUsage of job (MB)
	164868  -  ResidentSetSize of job (KB)
...
006 (19534182.000.000) 2026-06-02 16:39:36 Image size of job updated: 420380
	411  -  MemoryUsage of job (MB)
	420380  -  ResidentSetSize of job (KB)
...
006 (19534182.000.000) 2026-06-02 16:42:57 Image size of job updated: 745208
	411  -  MemoryUsage of job (MB)
	420380  -  ResidentSetSize of job (KB)
...
005 (19534182.000.000) 2026-06-02 16:42:57 Job terminated.
	(1) Normal termination (return value 0)
		Usr 0 00:12:42, Sys 0 00:00:12  -  Run Remote Usage
		Usr 0 00:00:00, Sys 0 00:00:00  -  Run Local Usage
		Usr 0 00:12:42, Sys 0 00:00:12  -  Total Remote Usage
		Usr 0 00:00:00, Sys 0 00:00:00  -  Total Local Usage
	0  -  Run Bytes Sent By Job
	0  -  Run Bytes Received By Job
	0  -  Total Bytes Sent By Job
	0  -  Total Bytes Received By Job
	Partitionable Resources :    Usage  Request Allocated 
	   admin_mutex_1         :                           0 
	   admin_mutex_2         :                           0 
	   admin_mutex_3         :                           0 
	   Cpus                  :     0.99        1         1 
	   Disk (KB)             :    10        2048      3072 
	   GPUs                  :                           0 
	   machine_token         :                           0 
	   Memory (MB)           :   411        6000      6016 
	   TimeExecute (s)       :   816                       
	   TimeSlotBusy (s)      :   816                       

	Job terminated of its own accord at 2026-06-02T21:42:57Z with exit-code 0.
...
