000 (19532327.000.000) 2026-06-02 15:47:07 Job submitted from host: <10.128.10.103:9618?addrs=10.128.10.103-9618&alias=npx-submitter.icecube.wisc.edu&noUDP&sock=schedd_2449_6386>
    DAG Node: Drootprod_20130112_415
...
001 (19532327.000.000) 2026-06-02 15:47:14 Job executing on host: <10.128.10.116:38163?addrs=10.128.10.116-38163&alias=n-gibyte-01.icecube.wisc.edu>
	SlotName: slot1_254@n-gibyte-01.icecube.wisc.edu
	admin_mutex_1 = 0
	admin_mutex_2 = 0
	admin_mutex_3 = 0
	CondorScratchDir = "/scratch/condor/dir_2330413"
	Cpus = 1
	Disk = 5480
	GPUs = 0
	machine_token = 0
	Memory = 6016
...
006 (19532327.000.000) 2026-06-02 15:47:23 Image size of job updated: 121236
	119  -  MemoryUsage of job (MB)
	121236  -  ResidentSetSize of job (KB)
...
006 (19532327.000.000) 2026-06-02 15:52:24 Image size of job updated: 141372
	139  -  MemoryUsage of job (MB)
	141372  -  ResidentSetSize of job (KB)
...
006 (19532327.000.000) 2026-06-02 15:57:24 Image size of job updated: 158304
	155  -  MemoryUsage of job (MB)
	158304  -  ResidentSetSize of job (KB)
...
006 (19532327.000.000) 2026-06-02 16:02:25 Image size of job updated: 269740
	264  -  MemoryUsage of job (MB)
	269740  -  ResidentSetSize of job (KB)
...
006 (19532327.000.000) 2026-06-02 16:07:25 Image size of job updated: 287360
	277  -  MemoryUsage of job (MB)
	282688  -  ResidentSetSize of job (KB)
...
005 (19532327.000.000) 2026-06-02 16:07:26 Job terminated.
	(1) Normal termination (return value 0)
		Usr 0 00:19:18, Sys 0 00:00:11  -  Run Remote Usage
		Usr 0 00:00:00, Sys 0 00:00:00  -  Run Local Usage
		Usr 0 00:19:18, Sys 0 00:00:11  -  Total Remote Usage
		Usr 0 00:00:00, Sys 0 00:00:00  -  Total Local Usage
	0  -  Run Bytes Sent By Job
	0  -  Run Bytes Received By Job
	0  -  Total Bytes Sent By Job
	0  -  Total Bytes Received By Job
	Partitionable Resources :    Usage  Request Allocated 
	   admin_mutex_1         :                           0 
	   admin_mutex_2         :                           0 
	   admin_mutex_3         :                           0 
	   Cpus                  :     0.99        1         1 
	   Disk (KB)             :     7        2048      5480 
	   GPUs                  :                           0 
	   machine_token         :                           0 
	   Memory (MB)           :   277        6000      6016 
	   TimeExecute (s)       :  1212                       
	   TimeSlotBusy (s)      :  1212                       

	Job terminated of its own accord at 2026-06-02T21:07:26Z with exit-code 0.
...
