000 (19535520.000.000) 2026-06-02 15:54:31 Job submitted from host: <10.128.10.103:9618?addrs=10.128.10.103-9618&alias=npx-submitter.icecube.wisc.edu&noUDP&sock=schedd_2449_6386>
    DAG Node: Drootprod_20130907_78671
...
001 (19535520.000.000) 2026-06-02 16:54:58 Job executing on host: <10.128.10.187:34023?addrs=10.128.10.187-34023&alias=n-smepyc-00.icecube.wisc.edu>
	SlotName: slot1_4@n-smepyc-00.icecube.wisc.edu
	admin_mutex_1 = 0
	admin_mutex_2 = 0
	admin_mutex_3 = 0
	CondorScratchDir = "/scratch/condor/dir_1869491"
	Cpus = 1
	Disk = 3072
	GPUs = 0
	machine_token = 0
	Memory = 6016
...
006 (19535520.000.000) 2026-06-02 16:55:11 Image size of job updated: 122440
	120  -  MemoryUsage of job (MB)
	122440  -  ResidentSetSize of job (KB)
...
006 (19535520.000.000) 2026-06-02 17:00:11 Image size of job updated: 160052
	157  -  MemoryUsage of job (MB)
	160052  -  ResidentSetSize of job (KB)
...
006 (19535520.000.000) 2026-06-02 17:05:11 Image size of job updated: 407708
	399  -  MemoryUsage of job (MB)
	407708  -  ResidentSetSize of job (KB)
...
006 (19535520.000.000) 2026-06-02 17:10:12 Image size of job updated: 729856
	713  -  MemoryUsage of job (MB)
	729856  -  ResidentSetSize of job (KB)
...
006 (19535520.000.000) 2026-06-02 17:11:51 Image size of job updated: 764272
	713  -  MemoryUsage of job (MB)
	729856  -  ResidentSetSize of job (KB)
...
005 (19535520.000.000) 2026-06-02 17:11:51 Job terminated.
	(1) Normal termination (return value 0)
		Usr 0 00:16:06, Sys 0 00:00:14  -  Run Remote Usage
		Usr 0 00:00:00, Sys 0 00:00:00  -  Run Local Usage
		Usr 0 00:16:06, Sys 0 00:00:14  -  Total Remote Usage
		Usr 0 00:00:00, Sys 0 00:00:00  -  Total Local Usage
	0  -  Run Bytes Sent By Job
	0  -  Run Bytes Received By Job
	0  -  Total Bytes Sent By Job
	0  -  Total Bytes Received By Job
	Partitionable Resources :    Usage  Request Allocated 
	   admin_mutex_1         :                           0 
	   admin_mutex_2         :                           0 
	   admin_mutex_3         :                           0 
	   Cpus                  :     1.00        1         1 
	   Disk (KB)             :    10        2048      3072 
	   GPUs                  :                           0 
	   machine_token         :                           0 
	   Memory (MB)           :   713        6000      6016 
	   TimeExecute (s)       :  1013                       
	   TimeSlotBusy (s)      :  1014                       

	Job terminated of its own accord at 2026-06-02T22:11:51Z with exit-code 0.
...
