000 (19536549.000.000) 2026-06-02 15:56:42 Job submitted from host: <10.128.10.103:9618?addrs=10.128.10.103-9618&alias=npx-submitter.icecube.wisc.edu&noUDP&sock=schedd_2449_6386>
    DAG Node: Drootprod_20131116_28405
...
001 (19536549.000.000) 2026-06-02 17:22:37 Job executing on host: <10.128.10.238:43797?addrs=10.128.10.238-43797&alias=n-gpu-42.icecube.wisc.edu>
	SlotName: slot1_65@n-gpu-42.icecube.wisc.edu
	admin_mutex_1 = 0
	admin_mutex_2 = 0
	admin_mutex_3 = 0
	AvailableGPUs = {  }
	CondorScratchDir = "/scratch/condor/dir_2261166"
	Cpus = 1
	Disk = 3072
	GPUs = 0
	machine_token = 0
	Memory = 6016
...
006 (19536549.000.000) 2026-06-02 17:22:51 Image size of job updated: 120584
	118  -  MemoryUsage of job (MB)
	120584  -  ResidentSetSize of job (KB)
...
006 (19536549.000.000) 2026-06-02 17:27:52 Image size of job updated: 150404
	147  -  MemoryUsage of job (MB)
	150404  -  ResidentSetSize of job (KB)
...
006 (19536549.000.000) 2026-06-02 17:32:52 Image size of job updated: 171612
	168  -  MemoryUsage of job (MB)
	171612  -  ResidentSetSize of job (KB)
...
006 (19536549.000.000) 2026-06-02 17:37:52 Image size of job updated: 289856
	284  -  MemoryUsage of job (MB)
	289856  -  ResidentSetSize of job (KB)
...
006 (19536549.000.000) 2026-06-02 17:42:53 Image size of job updated: 423736
	414  -  MemoryUsage of job (MB)
	423736  -  ResidentSetSize of job (KB)
...
006 (19536549.000.000) 2026-06-02 17:47:53 Image size of job updated: 731808
	715  -  MemoryUsage of job (MB)
	731808  -  ResidentSetSize of job (KB)
...
006 (19536549.000.000) 2026-06-02 17:52:53 Image size of job updated: 756932
	740  -  MemoryUsage of job (MB)
	756932  -  ResidentSetSize of job (KB)
...
006 (19536549.000.000) 2026-06-02 17:57:54 Image size of job updated: 793016
	775  -  MemoryUsage of job (MB)
	793016  -  ResidentSetSize of job (KB)
...
006 (19536549.000.000) 2026-06-02 18:00:08 Image size of job updated: 821368
	775  -  MemoryUsage of job (MB)
	793016  -  ResidentSetSize of job (KB)
...
005 (19536549.000.000) 2026-06-02 18:00:08 Job terminated.
	(1) Normal termination (return value 0)
		Usr 0 00:35:53, Sys 0 00:00:26  -  Run Remote Usage
		Usr 0 00:00:00, Sys 0 00:00:00  -  Run Local Usage
		Usr 0 00:35:53, Sys 0 00:00:26  -  Total Remote Usage
		Usr 0 00:00:00, Sys 0 00:00:00  -  Total Local Usage
	0  -  Run Bytes Sent By Job
	0  -  Run Bytes Received By Job
	0  -  Total Bytes Sent By Job
	0  -  Total Bytes Received By Job
	Partitionable Resources :    Usage  Request Allocated 
	   admin_mutex_1         :                           0 
	   admin_mutex_2         :                           0 
	   admin_mutex_3         :                           0 
	   Cpus                  :     0.95        1         1 
	   Disk (KB)             :    15        2048      3072 
	   GPUs                  :                           0 
	   machine_token         :                           0 
	   Memory (MB)           :   775        6000      6016 
	   TimeExecute (s)       :  2251                       
	   TimeSlotBusy (s)      :  2251                       

	Job terminated of its own accord at 2026-06-02T23:00:08Z with exit-code 0.
...
