000 (19536558.000.000) 2026-06-02 15:56:43 Job submitted from host: <10.128.10.103:9618?addrs=10.128.10.103-9618&alias=npx-submitter.icecube.wisc.edu&noUDP&sock=schedd_2449_6386>
    DAG Node: Drootprod_20131117_35853
...
001 (19536558.000.000) 2026-06-02 17:22:47 Job executing on host: <10.128.10.187:34023?addrs=10.128.10.187-34023&alias=n-smepyc-00.icecube.wisc.edu>
	SlotName: slot1_7@n-smepyc-00.icecube.wisc.edu
	admin_mutex_1 = 0
	admin_mutex_2 = 0
	admin_mutex_3 = 0
	CondorScratchDir = "/scratch/condor/dir_1976597"
	Cpus = 1
	Disk = 3072
	GPUs = 0
	machine_token = 0
	Memory = 6016
...
006 (19536558.000.000) 2026-06-02 17:23:01 Image size of job updated: 122000
	120  -  MemoryUsage of job (MB)
	122000  -  ResidentSetSize of job (KB)
...
006 (19536558.000.000) 2026-06-02 17:28:02 Image size of job updated: 162604
	159  -  MemoryUsage of job (MB)
	162604  -  ResidentSetSize of job (KB)
...
006 (19536558.000.000) 2026-06-02 17:33:03 Image size of job updated: 409232
	400  -  MemoryUsage of job (MB)
	409232  -  ResidentSetSize of job (KB)
...
006 (19536558.000.000) 2026-06-02 17:38:03 Image size of job updated: 734784
	718  -  MemoryUsage of job (MB)
	734784  -  ResidentSetSize of job (KB)
...
006 (19536558.000.000) 2026-06-02 17:39:10 Image size of job updated: 767936
	718  -  MemoryUsage of job (MB)
	734784  -  ResidentSetSize of job (KB)
...
005 (19536558.000.000) 2026-06-02 17:39:10 Job terminated.
	(1) Normal termination (return value 0)
		Usr 0 00:15:39, Sys 0 00:00:14  -  Run Remote Usage
		Usr 0 00:00:00, Sys 0 00:00:00  -  Run Local Usage
		Usr 0 00:15:39, Sys 0 00:00:14  -  Total Remote Usage
		Usr 0 00:00:00, Sys 0 00:00:00  -  Total Local Usage
	0  -  Run Bytes Sent By Job
	0  -  Run Bytes Received By Job
	0  -  Total Bytes Sent By Job
	0  -  Total Bytes Received By Job
	Partitionable Resources :    Usage  Request Allocated 
	   admin_mutex_1         :                           0 
	   admin_mutex_2         :                           0 
	   admin_mutex_3         :                           0 
	   Cpus                  :     0.96        1         1 
	   Disk (KB)             :    10        2048      3072 
	   GPUs                  :                           0 
	   machine_token         :                           0 
	   Memory (MB)           :   718        6000      6016 
	   TimeExecute (s)       :   983                       
	   TimeSlotBusy (s)      :   983                       

	Job terminated of its own accord at 2026-06-02T22:39:10Z with exit-code 0.
...
