000 (19534996.000.000) 2026-06-02 15:53:26 Job submitted from host: <10.128.10.103:9618?addrs=10.128.10.103-9618&alias=npx-submitter.icecube.wisc.edu&noUDP&sock=schedd_2449_6386>
    DAG Node: Drootprod_20130804_47543
...
001 (19534996.000.000) 2026-06-02 16:44:45 Job executing on host: <10.128.10.189:44027?addrs=10.128.10.189-44027&alias=n-smepyc-02.icecube.wisc.edu>
	SlotName: slot1_58@n-smepyc-02.icecube.wisc.edu
	admin_mutex_1 = 0
	admin_mutex_2 = 0
	admin_mutex_3 = 0
	CondorScratchDir = "/scratch/condor/dir_433266"
	Cpus = 1
	Disk = 3072
	GPUs = 0
	machine_token = 0
	Memory = 6016
...
006 (19534996.000.000) 2026-06-02 16:44:58 Image size of job updated: 121852
	119  -  MemoryUsage of job (MB)
	121852  -  ResidentSetSize of job (KB)
...
006 (19534996.000.000) 2026-06-02 16:49:58 Image size of job updated: 169196
	166  -  MemoryUsage of job (MB)
	169196  -  ResidentSetSize of job (KB)
...
006 (19534996.000.000) 2026-06-02 16:54:59 Image size of job updated: 566304
	554  -  MemoryUsage of job (MB)
	566304  -  ResidentSetSize of job (KB)
...
006 (19534996.000.000) 2026-06-02 17:00:00 Image size of job updated: 779484
	762  -  MemoryUsage of job (MB)
	779484  -  ResidentSetSize of job (KB)
...
006 (19534996.000.000) 2026-06-02 17:00:07 Image size of job updated: 808788
	762  -  MemoryUsage of job (MB)
	779484  -  ResidentSetSize of job (KB)
...
005 (19534996.000.000) 2026-06-02 17:00:07 Job terminated.
	(1) Normal termination (return value 0)
		Usr 0 00:14:39, Sys 0 00:00:15  -  Run Remote Usage
		Usr 0 00:00:00, Sys 0 00:00:00  -  Run Local Usage
		Usr 0 00:14:39, Sys 0 00:00:15  -  Total Remote Usage
		Usr 0 00:00:00, Sys 0 00:00:00  -  Total Local Usage
	0  -  Run Bytes Sent By Job
	0  -  Run Bytes Received By Job
	0  -  Total Bytes Sent By Job
	0  -  Total Bytes Received By Job
	Partitionable Resources :    Usage  Request Allocated 
	   admin_mutex_1         :                           0 
	   admin_mutex_2         :                           0 
	   admin_mutex_3         :                           0 
	   Cpus                  :     0.96        1         1 
	   Disk (KB)             :    10        2048      3072 
	   GPUs                  :                           0 
	   machine_token         :                           0 
	   Memory (MB)           :   762        6000      6016 
	   TimeExecute (s)       :   922                       
	   TimeSlotBusy (s)      :   922                       

	Job terminated of its own accord at 2026-06-02T22:00:07Z with exit-code 0.
...
