000 (19534277.000.000) 2026-06-02 15:52:07 Job submitted from host: <10.128.10.103:9618?addrs=10.128.10.103-9618&alias=npx-submitter.icecube.wisc.edu&noUDP&sock=schedd_2449_6386>
    DAG Node: Drootprod_20130623_90032
...
001 (19534277.000.000) 2026-06-02 16:30:50 Job executing on host: <10.128.10.192:35633?addrs=10.128.10.192-35633&alias=n-smepyc-05.icecube.wisc.edu>
	SlotName: slot1_21@n-smepyc-05.icecube.wisc.edu
	admin_mutex_1 = 0
	admin_mutex_2 = 0
	admin_mutex_3 = 0
	CondorScratchDir = "/scratch/condor/dir_180518"
	Cpus = 1
	Disk = 3072
	GPUs = 0
	machine_token = 0
	Memory = 6016
...
006 (19534277.000.000) 2026-06-02 16:31:03 Image size of job updated: 122348
	120  -  MemoryUsage of job (MB)
	122348  -  ResidentSetSize of job (KB)
...
006 (19534277.000.000) 2026-06-02 16:36:03 Image size of job updated: 152084
	149  -  MemoryUsage of job (MB)
	152084  -  ResidentSetSize of job (KB)
...
006 (19534277.000.000) 2026-06-02 16:41:04 Image size of job updated: 285940
	280  -  MemoryUsage of job (MB)
	285940  -  ResidentSetSize of job (KB)
...
006 (19534277.000.000) 2026-06-02 16:46:05 Image size of job updated: 707860
	692  -  MemoryUsage of job (MB)
	707860  -  ResidentSetSize of job (KB)
...
006 (19534277.000.000) 2026-06-02 16:49:34 Image size of job updated: 762884
	692  -  MemoryUsage of job (MB)
	707860  -  ResidentSetSize of job (KB)
...
005 (19534277.000.000) 2026-06-02 16:49:34 Job terminated.
	(1) Normal termination (return value 0)
		Usr 0 00:17:55, Sys 0 00:00:15  -  Run Remote Usage
		Usr 0 00:00:00, Sys 0 00:00:00  -  Run Local Usage
		Usr 0 00:17:55, Sys 0 00:00:15  -  Total Remote Usage
		Usr 0 00:00:00, Sys 0 00:00:00  -  Total Local Usage
	0  -  Run Bytes Sent By Job
	0  -  Run Bytes Received By Job
	0  -  Total Bytes Sent By Job
	0  -  Total Bytes Received By Job
	Partitionable Resources :    Usage  Request Allocated 
	   admin_mutex_1         :                           0 
	   admin_mutex_2         :                           0 
	   admin_mutex_3         :                           0 
	   Cpus                  :     0.98        1         1 
	   Disk (KB)             :    10        2048      3072 
	   GPUs                  :                           0 
	   machine_token         :                           0 
	   Memory (MB)           :   692        6000      6016 
	   TimeExecute (s)       :  1124                       
	   TimeSlotBusy (s)      :  1124                       

	Job terminated of its own accord at 2026-06-02T21:49:34Z with exit-code 0.
...
