000 (19534391.000.000) 2026-06-02 15:52:19 Job submitted from host: <10.128.10.103:9618?addrs=10.128.10.103-9618&alias=npx-submitter.icecube.wisc.edu&noUDP&sock=schedd_2449_6386>
    DAG Node: Drootprod_20130630_66327
...
001 (19534391.000.000) 2026-06-02 16:33:24 Job executing on host: <10.128.10.38:40141?addrs=10.128.10.38-40141&alias=n-m610-28.icecube.wisc.edu>
	SlotName: slot1_3@n-m610-28.icecube.wisc.edu
	admin_mutex_1 = 0
	admin_mutex_2 = 0
	admin_mutex_3 = 0
	CondorScratchDir = "/scratch/condor/dir_1027700"
	Cpus = 1
	Disk = 3072
	GPUs = 0
	machine_token = 0
	Memory = 6016
...
006 (19534391.000.000) 2026-06-02 16:33:37 Image size of job updated: 121460
	119  -  MemoryUsage of job (MB)
	121460  -  ResidentSetSize of job (KB)
...
006 (19534391.000.000) 2026-06-02 16:38:37 Image size of job updated: 155280
	152  -  MemoryUsage of job (MB)
	155280  -  ResidentSetSize of job (KB)
...
006 (19534391.000.000) 2026-06-02 16:43:38 Image size of job updated: 282188
	276  -  MemoryUsage of job (MB)
	282188  -  ResidentSetSize of job (KB)
...
006 (19534391.000.000) 2026-06-02 16:48:39 Image size of job updated: 424208
	415  -  MemoryUsage of job (MB)
	424208  -  ResidentSetSize of job (KB)
...
006 (19534391.000.000) 2026-06-02 16:53:39 Image size of job updated: 747372
	730  -  MemoryUsage of job (MB)
	747372  -  ResidentSetSize of job (KB)
...
006 (19534391.000.000) 2026-06-02 16:55:52 Image size of job updated: 793340
	730  -  MemoryUsage of job (MB)
	747372  -  ResidentSetSize of job (KB)
...
005 (19534391.000.000) 2026-06-02 16:55:52 Job terminated.
	(1) Normal termination (return value 0)
		Usr 0 00:21:23, Sys 0 00:00:16  -  Run Remote Usage
		Usr 0 00:00:00, Sys 0 00:00:00  -  Run Local Usage
		Usr 0 00:21:23, Sys 0 00:00:16  -  Total Remote Usage
		Usr 0 00:00:00, Sys 0 00:00:00  -  Total Local Usage
	0  -  Run Bytes Sent By Job
	0  -  Run Bytes Received By Job
	0  -  Total Bytes Sent By Job
	0  -  Total Bytes Received By Job
	Partitionable Resources :    Usage  Request Allocated 
	   admin_mutex_1         :                           0 
	   admin_mutex_2         :                           0 
	   admin_mutex_3         :                           0 
	   Cpus                  :     0.96        1         1 
	   Disk (KB)             :    10        2048      3072 
	   GPUs                  :                           0 
	   machine_token         :                           0 
	   Memory (MB)           :   730        6000      6016 
	   TimeExecute (s)       :  1348                       
	   TimeSlotBusy (s)      :  1348                       

	Job terminated of its own accord at 2026-06-02T21:55:52Z with exit-code 0.
...
