000 (19535261.000.000) 2026-06-02 15:53:57 Job submitted from host: <10.128.10.103:9618?addrs=10.128.10.103-9618&alias=npx-submitter.icecube.wisc.edu&noUDP&sock=schedd_2449_6386>
    DAG Node: Drootprod_20130819_96132
...
001 (19535261.000.000) 2026-06-02 16:49:23 Job executing on host: <10.128.10.233:41317?addrs=10.128.10.233-41317&alias=n-gpu-11.icecube.wisc.edu>
	SlotName: slot1_9@n-gpu-11.icecube.wisc.edu
	admin_mutex_1 = 0
	admin_mutex_2 = 0
	admin_mutex_3 = 0
	AvailableGPUs = {  }
	CondorScratchDir = "/scratch/condor/dir_250838"
	Cpus = 1
	Disk = 3072
	GPUs = 0
	machine_token = 0
	Memory = 6016
...
006 (19535261.000.000) 2026-06-02 16:49:36 Image size of job updated: 122028
	120  -  MemoryUsage of job (MB)
	122028  -  ResidentSetSize of job (KB)
...
006 (19535261.000.000) 2026-06-02 16:54:36 Image size of job updated: 157644
	154  -  MemoryUsage of job (MB)
	157644  -  ResidentSetSize of job (KB)
...
006 (19535261.000.000) 2026-06-02 16:59:37 Image size of job updated: 286492
	280  -  MemoryUsage of job (MB)
	286492  -  ResidentSetSize of job (KB)
...
006 (19535261.000.000) 2026-06-02 17:04:38 Image size of job updated: 711836
	696  -  MemoryUsage of job (MB)
	711836  -  ResidentSetSize of job (KB)
...
006 (19535261.000.000) 2026-06-02 17:08:54 Image size of job updated: 752500
	696  -  MemoryUsage of job (MB)
	711836  -  ResidentSetSize of job (KB)
...
005 (19535261.000.000) 2026-06-02 17:08:54 Job terminated.
	(1) Normal termination (return value 0)
		Usr 0 00:18:19, Sys 0 00:00:16  -  Run Remote Usage
		Usr 0 00:00:00, Sys 0 00:00:00  -  Run Local Usage
		Usr 0 00:18:19, Sys 0 00:00:16  -  Total Remote Usage
		Usr 0 00:00:00, Sys 0 00:00:00  -  Total Local Usage
	0  -  Run Bytes Sent By Job
	0  -  Run Bytes Received By Job
	0  -  Total Bytes Sent By Job
	0  -  Total Bytes Received By Job
	Partitionable Resources :    Usage  Request Allocated 
	   admin_mutex_1         :                           0 
	   admin_mutex_2         :                           0 
	   admin_mutex_3         :                           0 
	   Cpus                  :     0.99        1         1 
	   Disk (KB)             :    10        2048      3072 
	   GPUs                  :                           0 
	   machine_token         :                           0 
	   Memory (MB)           :   696        6000      6016 
	   TimeExecute (s)       :  1171                       
	   TimeSlotBusy (s)      :  1171                       

	Job terminated of its own accord at 2026-06-02T22:08:54Z with exit-code 0.
...
