000 (19536224.000.000) 2026-06-02 15:56:00 Job submitted from host: <10.128.10.103:9618?addrs=10.128.10.103-9618&alias=npx-submitter.icecube.wisc.edu&noUDP&sock=schedd_2449_6386>
    DAG Node: Drootprod_20131025_79476
...
001 (19536224.000.000) 2026-06-02 17:16:29 Job executing on host: <10.128.10.191:42321?addrs=10.128.10.191-42321&alias=n-smepyc-04.icecube.wisc.edu>
	SlotName: slot1_24@n-smepyc-04.icecube.wisc.edu
	admin_mutex_1 = 0
	admin_mutex_2 = 0
	admin_mutex_3 = 0
	CondorScratchDir = "/scratch/condor/dir_327004"
	Cpus = 1
	Disk = 3072
	GPUs = 0
	machine_token = 0
	Memory = 6016
...
006 (19536224.000.000) 2026-06-02 17:16:43 Image size of job updated: 123104
	121  -  MemoryUsage of job (MB)
	123104  -  ResidentSetSize of job (KB)
...
006 (19536224.000.000) 2026-06-02 17:21:44 Image size of job updated: 164496
	161  -  MemoryUsage of job (MB)
	164496  -  ResidentSetSize of job (KB)
...
006 (19536224.000.000) 2026-06-02 17:26:45 Image size of job updated: 419608
	410  -  MemoryUsage of job (MB)
	419608  -  ResidentSetSize of job (KB)
...
006 (19536224.000.000) 2026-06-02 17:31:45 Image size of job updated: 755776
	739  -  MemoryUsage of job (MB)
	755776  -  ResidentSetSize of job (KB)
...
005 (19536224.000.000) 2026-06-02 17:31:49 Job terminated.
	(1) Normal termination (return value 0)
		Usr 0 00:14:38, Sys 0 00:00:17  -  Run Remote Usage
		Usr 0 00:00:00, Sys 0 00:00:00  -  Run Local Usage
		Usr 0 00:14:38, Sys 0 00:00:17  -  Total Remote Usage
		Usr 0 00:00:00, Sys 0 00:00:00  -  Total Local Usage
	0  -  Run Bytes Sent By Job
	0  -  Run Bytes Received By Job
	0  -  Total Bytes Sent By Job
	0  -  Total Bytes Received By Job
	Partitionable Resources :    Usage  Request Allocated 
	   admin_mutex_1         :                           0 
	   admin_mutex_2         :                           0 
	   admin_mutex_3         :                           0 
	   Cpus                  :     1.00        1         1 
	   Disk (KB)             :    10        2048      3072 
	   GPUs                  :                           0 
	   machine_token         :                           0 
	   Memory (MB)           :   739        6000      6016 
	   TimeExecute (s)       :   920                       
	   TimeSlotBusy (s)      :   920                       

	Job terminated of its own accord at 2026-06-02T22:31:49Z with exit-code 0.
...
