000 (19536862.000.000) 2026-06-02 15:57:23 Job submitted from host: <10.128.10.103:9618?addrs=10.128.10.103-9618&alias=npx-submitter.icecube.wisc.edu&noUDP&sock=schedd_2449_6386>
    DAG Node: Drootprod_20131207_89419
...
001 (19536862.000.000) 2026-06-02 17:28:08 Job executing on host: <10.128.10.188:45333?addrs=10.128.10.188-45333&alias=n-smepyc-01.icecube.wisc.edu>
	SlotName: slot1_65@n-smepyc-01.icecube.wisc.edu
	admin_mutex_1 = 0
	admin_mutex_2 = 0
	admin_mutex_3 = 0
	CondorScratchDir = "/scratch/condor/dir_2735"
	Cpus = 1
	Disk = 3072
	GPUs = 0
	machine_token = 0
	Memory = 6016
...
006 (19536862.000.000) 2026-06-02 17:28:22 Image size of job updated: 123212
	121  -  MemoryUsage of job (MB)
	123212  -  ResidentSetSize of job (KB)
...
006 (19536862.000.000) 2026-06-02 17:33:23 Image size of job updated: 167860
	164  -  MemoryUsage of job (MB)
	167860  -  ResidentSetSize of job (KB)
...
006 (19536862.000.000) 2026-06-02 17:38:23 Image size of job updated: 415952
	407  -  MemoryUsage of job (MB)
	415952  -  ResidentSetSize of job (KB)
...
006 (19536862.000.000) 2026-06-02 17:42:52 Image size of job updated: 744304
	407  -  MemoryUsage of job (MB)
	415952  -  ResidentSetSize of job (KB)
...
005 (19536862.000.000) 2026-06-02 17:42:52 Job terminated.
	(1) Normal termination (return value 0)
		Usr 0 00:14:07, Sys 0 00:00:13  -  Run Remote Usage
		Usr 0 00:00:00, Sys 0 00:00:00  -  Run Local Usage
		Usr 0 00:14:07, Sys 0 00:00:13  -  Total Remote Usage
		Usr 0 00:00:00, Sys 0 00:00:00  -  Total Local Usage
	0  -  Run Bytes Sent By Job
	0  -  Run Bytes Received By Job
	0  -  Total Bytes Sent By Job
	0  -  Total Bytes Received By Job
	Partitionable Resources :    Usage  Request Allocated 
	   admin_mutex_1         :                           0 
	   admin_mutex_2         :                           0 
	   admin_mutex_3         :                           0 
	   Cpus                  :     0.98        1         1 
	   Disk (KB)             :    12        2048      3072 
	   GPUs                  :                           0 
	   machine_token         :                           0 
	   Memory (MB)           :   407        6000      6016 
	   TimeExecute (s)       :   884                       
	   TimeSlotBusy (s)      :   884                       

	Job terminated of its own accord at 2026-06-02T22:42:52Z with exit-code 0.
...
