000 (19535492.000.000) 2026-06-02 15:54:28 Job submitted from host: <10.128.10.103:9618?addrs=10.128.10.103-9618&alias=npx-submitter.icecube.wisc.edu&noUDP&sock=schedd_2449_6386>
    DAG Node: Drootprod_20130904_50320
...
001 (19535492.000.000) 2026-06-02 16:54:26 Job executing on host: <10.128.10.191:42321?addrs=10.128.10.191-42321&alias=n-smepyc-04.icecube.wisc.edu>
	SlotName: slot1_75@n-smepyc-04.icecube.wisc.edu
	admin_mutex_1 = 0
	admin_mutex_2 = 0
	admin_mutex_3 = 0
	CondorScratchDir = "/scratch/condor/dir_241505"
	Cpus = 1
	Disk = 3072
	GPUs = 0
	machine_token = 0
	Memory = 6016
...
006 (19535492.000.000) 2026-06-02 16:54:39 Image size of job updated: 122468
	120  -  MemoryUsage of job (MB)
	122468  -  ResidentSetSize of job (KB)
...
006 (19535492.000.000) 2026-06-02 16:59:39 Image size of job updated: 169508
	166  -  MemoryUsage of job (MB)
	169508  -  ResidentSetSize of job (KB)
...
006 (19535492.000.000) 2026-06-02 17:04:39 Image size of job updated: 420784
	411  -  MemoryUsage of job (MB)
	420784  -  ResidentSetSize of job (KB)
...
006 (19535492.000.000) 2026-06-02 17:09:13 Image size of job updated: 753100
	411  -  MemoryUsage of job (MB)
	420784  -  ResidentSetSize of job (KB)
...
005 (19535492.000.000) 2026-06-02 17:09:13 Job terminated.
	(1) Normal termination (return value 0)
		Usr 0 00:13:57, Sys 0 00:00:16  -  Run Remote Usage
		Usr 0 00:00:00, Sys 0 00:00:00  -  Run Local Usage
		Usr 0 00:13:57, Sys 0 00:00:16  -  Total Remote Usage
		Usr 0 00:00:00, Sys 0 00:00:00  -  Total Local Usage
	0  -  Run Bytes Sent By Job
	0  -  Run Bytes Received By Job
	0  -  Total Bytes Sent By Job
	0  -  Total Bytes Received By Job
	Partitionable Resources :    Usage  Request Allocated 
	   admin_mutex_1         :                           0 
	   admin_mutex_2         :                           0 
	   admin_mutex_3         :                           0 
	   Cpus                  :     0.99        1         1 
	   Disk (KB)             :    10        2048      3072 
	   GPUs                  :                           0 
	   machine_token         :                           0 
	   Memory (MB)           :   411        6000      6016 
	   TimeExecute (s)       :   887                       
	   TimeSlotBusy (s)      :   888                       

	Job terminated of its own accord at 2026-06-02T22:09:13Z with exit-code 0.
...
