000 (19532878.000.000) 2026-06-02 15:49:01 Job submitted from host: <10.128.10.103:9618?addrs=10.128.10.103-9618&alias=npx-submitter.icecube.wisc.edu&noUDP&sock=schedd_2449_6386>
    DAG Node: Drootprod_20130316_10807
...
001 (19532878.000.000) 2026-06-02 15:55:53 Job executing on host: <10.128.10.189:44027?addrs=10.128.10.189-44027&alias=n-smepyc-02.icecube.wisc.edu>
	SlotName: slot1_21@n-smepyc-02.icecube.wisc.edu
	admin_mutex_1 = 0
	admin_mutex_2 = 0
	admin_mutex_3 = 0
	CondorScratchDir = "/scratch/condor/dir_240210"
	Cpus = 1
	Disk = 3072
	GPUs = 0
	machine_token = 0
	Memory = 6016
...
006 (19532878.000.000) 2026-06-02 15:56:07 Image size of job updated: 122936
	121  -  MemoryUsage of job (MB)
	122936  -  ResidentSetSize of job (KB)
...
006 (19532878.000.000) 2026-06-02 16:01:08 Image size of job updated: 168816
	165  -  MemoryUsage of job (MB)
	168816  -  ResidentSetSize of job (KB)
...
006 (19532878.000.000) 2026-06-02 16:06:09 Image size of job updated: 423432
	414  -  MemoryUsage of job (MB)
	423432  -  ResidentSetSize of job (KB)
...
006 (19532878.000.000) 2026-06-02 16:11:09 Image size of job updated: 766512
	749  -  MemoryUsage of job (MB)
	766512  -  ResidentSetSize of job (KB)
...
006 (19532878.000.000) 2026-06-02 16:11:24 Image size of job updated: 772144
	749  -  MemoryUsage of job (MB)
	766512  -  ResidentSetSize of job (KB)
...
005 (19532878.000.000) 2026-06-02 16:11:25 Job terminated.
	(1) Normal termination (return value 0)
		Usr 0 00:14:28, Sys 0 00:00:14  -  Run Remote Usage
		Usr 0 00:00:00, Sys 0 00:00:00  -  Run Local Usage
		Usr 0 00:14:28, Sys 0 00:00:14  -  Total Remote Usage
		Usr 0 00:00:00, Sys 0 00:00:00  -  Total Local Usage
	0  -  Run Bytes Sent By Job
	0  -  Run Bytes Received By Job
	0  -  Total Bytes Sent By Job
	0  -  Total Bytes Received By Job
	Partitionable Resources :    Usage  Request Allocated 
	   admin_mutex_1         :                           0 
	   admin_mutex_2         :                           0 
	   admin_mutex_3         :                           0 
	   Cpus                  :     0.96        1         1 
	   Disk (KB)             :    10        2048      3072 
	   GPUs                  :                           0 
	   machine_token         :                           0 
	   Memory (MB)           :   749        6000      6016 
	   TimeExecute (s)       :   931                       
	   TimeSlotBusy (s)      :   932                       

	Job terminated of its own accord at 2026-06-02T21:11:24Z with exit-code 0.
...
