000 (19532575.000.000) 2026-06-02 15:48:05 Job submitted from host: <10.128.10.103:9618?addrs=10.128.10.103-9618&alias=npx-submitter.icecube.wisc.edu&noUDP&sock=schedd_2449_6386>
    DAG Node: Drootprod_20130214_96093
...
001 (19532575.000.000) 2026-06-02 15:48:12 Job executing on host: <10.128.10.116:38163?addrs=10.128.10.116-38163&alias=n-gibyte-01.icecube.wisc.edu>
	SlotName: slot1_403@n-gibyte-01.icecube.wisc.edu
	admin_mutex_1 = 0
	admin_mutex_2 = 0
	admin_mutex_3 = 0
	CondorScratchDir = "/scratch/condor/dir_2355895"
	Cpus = 1
	Disk = 5480
	GPUs = 0
	machine_token = 0
	Memory = 6016
...
006 (19532575.000.000) 2026-06-02 15:48:21 Image size of job updated: 120544
	118  -  MemoryUsage of job (MB)
	120544  -  ResidentSetSize of job (KB)
...
006 (19532575.000.000) 2026-06-02 15:53:22 Image size of job updated: 141288
	138  -  MemoryUsage of job (MB)
	141288  -  ResidentSetSize of job (KB)
...
006 (19532575.000.000) 2026-06-02 15:58:22 Image size of job updated: 160132
	157  -  MemoryUsage of job (MB)
	160132  -  ResidentSetSize of job (KB)
...
006 (19532575.000.000) 2026-06-02 16:03:23 Image size of job updated: 272444
	267  -  MemoryUsage of job (MB)
	272444  -  ResidentSetSize of job (KB)
...
006 (19532575.000.000) 2026-06-02 16:08:23 Image size of job updated: 290688
	284  -  MemoryUsage of job (MB)
	290688  -  ResidentSetSize of job (KB)
...
006 (19532575.000.000) 2026-06-02 16:13:24 Image size of job updated: 420284
	411  -  MemoryUsage of job (MB)
	420284  -  ResidentSetSize of job (KB)
...
006 (19532575.000.000) 2026-06-02 16:18:24 Image size of job updated: 726032
	710  -  MemoryUsage of job (MB)
	726032  -  ResidentSetSize of job (KB)
...
006 (19532575.000.000) 2026-06-02 16:23:25 Image size of job updated: 746936
	730  -  MemoryUsage of job (MB)
	746936  -  ResidentSetSize of job (KB)
...
022 (19532575.000.000) 2026-06-02 16:23:27 Job disconnected, attempting to reconnect
    Socket between submit and execute hosts closed unexpectedly
    Trying to reconnect to slot1_403@n-gibyte-01.icecube.wisc.edu <10.128.10.116:38163?addrs=10.128.10.116-38163&alias=n-gibyte-01.icecube.wisc.edu>
...
024 (19532575.000.000) 2026-06-02 17:03:27 Job reconnection failed
    Job disconnected too long: JobLeaseDuration (2400 seconds) expired
    Can not reconnect to slot1_403@n-gibyte-01.icecube.wisc.edu, rescheduling job
...
004 (19532575.000.000) 2026-06-02 17:03:37 Job was evicted.
	(0) CPU times
		Usr 0 00:33:40, Sys 0 00:00:20  -  Run Remote Usage
		Usr 0 00:00:00, Sys 0 00:00:00  -  Run Local Usage
	0  -  Run Bytes Sent By Job
	0  -  Run Bytes Received By Job
	Job disconnected too long: JobLeaseDuration (2400 seconds) expired
	Partitionable Resources :    Usage  Request Allocated 
	   admin_mutex_1         :                           0 
	   admin_mutex_2         :                           0 
	   admin_mutex_3         :                           0 
	   Cpus                  :     0.99        1         1 
	   Disk (KB)             :    10        2048      5480 
	   GPUs                  :                           0 
	   machine_token         :                           0 
	   Memory (MB)           :   730        6000      6016 
...
001 (19532575.000.000) 2026-06-02 17:05:28 Job executing on host: <10.128.10.206:37305?addrs=10.128.10.206-37305&alias=sm-storage-1.icecube.wisc.edu>
	SlotName: slot1_9@sm-storage-1.icecube.wisc.edu
	admin_mutex_1 = 0
	admin_mutex_2 = 0
	admin_mutex_3 = 0
	CondorScratchDir = "/scratch/condor/dir_3919700"
	Cpus = 1
	Disk = 3072
	GPUs = 0
	machine_token = 0
	Memory = 6016
...
006 (19532575.000.000) 2026-06-02 17:44:50 Image size of job updated: 756780
	733  -  MemoryUsage of job (MB)
	750000  -  ResidentSetSize of job (KB)
...
005 (19532575.000.000) 2026-06-02 17:44:50 Job terminated.
	(1) Normal termination (return value 0)
		Usr 0 00:38:07, Sys 0 00:00:14  -  Run Remote Usage
		Usr 0 00:00:00, Sys 0 00:00:00  -  Run Local Usage
		Usr 0 01:11:47, Sys 0 00:00:34  -  Total Remote Usage
		Usr 0 00:00:00, Sys 0 00:00:00  -  Total Local Usage
	0  -  Run Bytes Sent By Job
	0  -  Run Bytes Received By Job
	0  -  Total Bytes Sent By Job
	0  -  Total Bytes Received By Job
	Partitionable Resources :    Usage  Request Allocated 
	   admin_mutex_1         :                           0 
	   admin_mutex_2         :                           0 
	   admin_mutex_3         :                           0 
	   Cpus                  :     0.96        1         1 
	   Disk (KB)             :    10        2048      3072 
	   GPUs                  :                           0 
	   machine_token         :                           0 
	   Memory (MB)           :   733        6000      6016 
	   TimeExecute (s)       :  2362                       
	   TimeSlotBusy (s)      :  2362                       

	Job terminated of its own accord at 2026-06-02T22:44:50Z with exit-code 0.
...
