000 (19533738.000.000) 2026-06-02 15:51:01 Job submitted from host: <10.128.10.103:9618?addrs=10.128.10.103-9618&alias=npx-submitter.icecube.wisc.edu&noUDP&sock=schedd_2449_6386>
    DAG Node: Drootprod_20130519_56808
...
001 (19533738.000.000) 2026-06-02 16:19:59 Job executing on host: <10.128.10.117:43719?addrs=10.128.10.117-43719&alias=n-gibyte-02.icecube.wisc.edu>
	SlotName: slot1_454@n-gibyte-02.icecube.wisc.edu
	admin_mutex_1 = 0
	admin_mutex_2 = 0
	admin_mutex_3 = 0
	CondorScratchDir = "/scratch/condor/dir_3411536"
	Cpus = 1
	Disk = 5480
	GPUs = 0
	machine_token = 0
	Memory = 6016
...
006 (19533738.000.000) 2026-06-02 16:20:13 Image size of job updated: 119188
	117  -  MemoryUsage of job (MB)
	119188  -  ResidentSetSize of job (KB)
...
006 (19533738.000.000) 2026-06-02 16:25:14 Image size of job updated: 139572
	137  -  MemoryUsage of job (MB)
	139572  -  ResidentSetSize of job (KB)
...
006 (19533738.000.000) 2026-06-02 16:30:14 Image size of job updated: 155960
	153  -  MemoryUsage of job (MB)
	155960  -  ResidentSetSize of job (KB)
...
006 (19533738.000.000) 2026-06-02 16:35:15 Image size of job updated: 170064
	167  -  MemoryUsage of job (MB)
	170064  -  ResidentSetSize of job (KB)
...
006 (19533738.000.000) 2026-06-02 16:40:15 Image size of job updated: 281140
	275  -  MemoryUsage of job (MB)
	281140  -  ResidentSetSize of job (KB)
...
006 (19533738.000.000) 2026-06-02 16:45:16 Image size of job updated: 410272
	401  -  MemoryUsage of job (MB)
	410272  -  ResidentSetSize of job (KB)
...
006 (19533738.000.000) 2026-06-02 16:50:16 Image size of job updated: 426048
	417  -  MemoryUsage of job (MB)
	426048  -  ResidentSetSize of job (KB)
...
006 (19533738.000.000) 2026-06-02 16:55:17 Image size of job updated: 729304
	713  -  MemoryUsage of job (MB)
	729304  -  ResidentSetSize of job (KB)
...
006 (19533738.000.000) 2026-06-02 17:00:17 Image size of job updated: 750116
	733  -  MemoryUsage of job (MB)
	750116  -  ResidentSetSize of job (KB)
...
006 (19533738.000.000) 2026-06-02 17:04:09 Image size of job updated: 776924
	733  -  MemoryUsage of job (MB)
	750116  -  ResidentSetSize of job (KB)
...
005 (19533738.000.000) 2026-06-02 17:04:09 Job terminated.
	(1) Normal termination (return value 0)
		Usr 0 00:42:25, Sys 0 00:00:25  -  Run Remote Usage
		Usr 0 00:00:00, Sys 0 00:00:00  -  Run Local Usage
		Usr 0 00:42:25, Sys 0 00:00:25  -  Total Remote Usage
		Usr 0 00:00:00, Sys 0 00:00:00  -  Total Local Usage
	0  -  Run Bytes Sent By Job
	0  -  Run Bytes Received By Job
	0  -  Total Bytes Sent By Job
	0  -  Total Bytes Received By Job
	Partitionable Resources :    Usage  Request Allocated 
	   admin_mutex_1         :                           0 
	   admin_mutex_2         :                           0 
	   admin_mutex_3         :                           0 
	   Cpus                  :     0.91        1         1 
	   Disk (KB)             :    10        2048      5480 
	   GPUs                  :                           0 
	   machine_token         :                           0 
	   Memory (MB)           :   733        6000      6016 
	   TimeExecute (s)       :  2650                       
	   TimeSlotBusy (s)      :  2651                       

	Job terminated of its own accord at 2026-06-02T22:04:09Z with exit-code 0.
...
