000 (19533292.000.000) 2026-06-02 15:50:05 Job submitted from host: <10.128.10.103:9618?addrs=10.128.10.103-9618&alias=npx-submitter.icecube.wisc.edu&noUDP&sock=schedd_2449_6386>
    DAG Node: Drootprod_20130418_7561
...
001 (19533292.000.000) 2026-06-02 16:11:03 Job executing on host: <10.128.10.192:35633?addrs=10.128.10.192-35633&alias=n-smepyc-05.icecube.wisc.edu>
	SlotName: slot1_42@n-smepyc-05.icecube.wisc.edu
	admin_mutex_1 = 0
	admin_mutex_2 = 0
	admin_mutex_3 = 0
	CondorScratchDir = "/scratch/condor/dir_104934"
	Cpus = 1
	Disk = 3072
	GPUs = 0
	machine_token = 0
	Memory = 6016
...
006 (19533292.000.000) 2026-06-02 16:11:17 Image size of job updated: 122092
	120  -  MemoryUsage of job (MB)
	122092  -  ResidentSetSize of job (KB)
...
006 (19533292.000.000) 2026-06-02 16:16:17 Image size of job updated: 164876
	162  -  MemoryUsage of job (MB)
	164876  -  ResidentSetSize of job (KB)
...
006 (19533292.000.000) 2026-06-02 16:17:21 Image size of job updated: 172580
	162  -  MemoryUsage of job (MB)
	164876  -  ResidentSetSize of job (KB)
...
005 (19533292.000.000) 2026-06-02 16:17:21 Job terminated.
	(1) Normal termination (return value 0)
		Usr 0 00:05:48, Sys 0 00:00:05  -  Run Remote Usage
		Usr 0 00:00:00, Sys 0 00:00:00  -  Run Local Usage
		Usr 0 00:05:48, Sys 0 00:00:05  -  Total Remote Usage
		Usr 0 00:00:00, Sys 0 00:00:00  -  Total Local Usage
	0  -  Run Bytes Sent By Job
	0  -  Run Bytes Received By Job
	0  -  Total Bytes Sent By Job
	0  -  Total Bytes Received By Job
	Partitionable Resources :    Usage  Request Allocated 
	   admin_mutex_1         :                           0 
	   admin_mutex_2         :                           0 
	   admin_mutex_3         :                           0 
	   Cpus                  :     0.92        1         1 
	   Disk (KB)             :     4        2048      3072 
	   GPUs                  :                           0 
	   machine_token         :                           0 
	   Memory (MB)           :   162        6000      6016 
	   TimeExecute (s)       :   378                       
	   TimeSlotBusy (s)      :   378                       

	Job terminated of its own accord at 2026-06-02T21:17:21Z with exit-code 0.
...
