000 (19533165.000.000) 2026-06-02 15:49:46 Job submitted from host: <10.128.10.103:9618?addrs=10.128.10.103-9618&alias=npx-submitter.icecube.wisc.edu&noUDP&sock=schedd_2449_6386>
    DAG Node: Drootprod_20130410_4140
...
001 (19533165.000.000) 2026-06-02 16:06:23 Job executing on host: <10.128.10.187:34023?addrs=10.128.10.187-34023&alias=n-smepyc-00.icecube.wisc.edu>
	SlotName: slot1_49@n-smepyc-00.icecube.wisc.edu
	admin_mutex_1 = 0
	admin_mutex_2 = 0
	admin_mutex_3 = 0
	CondorScratchDir = "/scratch/condor/dir_1679947"
	Cpus = 1
	Disk = 3072
	GPUs = 0
	machine_token = 0
	Memory = 6016
...
006 (19533165.000.000) 2026-06-02 16:06:37 Image size of job updated: 122008
	120  -  MemoryUsage of job (MB)
	122008  -  ResidentSetSize of job (KB)
...
006 (19533165.000.000) 2026-06-02 16:11:38 Image size of job updated: 166724
	163  -  MemoryUsage of job (MB)
	166724  -  ResidentSetSize of job (KB)
...
006 (19533165.000.000) 2026-06-02 16:16:38 Image size of job updated: 410160
	401  -  MemoryUsage of job (MB)
	410160  -  ResidentSetSize of job (KB)
...
006 (19533165.000.000) 2026-06-02 16:21:12 Image size of job updated: 740568
	401  -  MemoryUsage of job (MB)
	410160  -  ResidentSetSize of job (KB)
...
005 (19533165.000.000) 2026-06-02 16:21:12 Job terminated.
	(1) Normal termination (return value 0)
		Usr 0 00:13:49, Sys 0 00:00:13  -  Run Remote Usage
		Usr 0 00:00:00, Sys 0 00:00:00  -  Run Local Usage
		Usr 0 00:13:49, Sys 0 00:00:13  -  Total Remote Usage
		Usr 0 00:00:00, Sys 0 00:00:00  -  Total Local Usage
	0  -  Run Bytes Sent By Job
	0  -  Run Bytes Received By Job
	0  -  Total Bytes Sent By Job
	0  -  Total Bytes Received By Job
	Partitionable Resources :    Usage  Request Allocated 
	   admin_mutex_1         :                           0 
	   admin_mutex_2         :                           0 
	   admin_mutex_3         :                           0 
	   Cpus                  :     0.99        1         1 
	   Disk (KB)             :    10        2048      3072 
	   GPUs                  :                           0 
	   machine_token         :                           0 
	   Memory (MB)           :   401        6000      6016 
	   TimeExecute (s)       :   889                       
	   TimeSlotBusy (s)      :   889                       

	Job terminated of its own accord at 2026-06-02T21:21:12Z with exit-code 0.
...
