000 (19534570.000.000) 2026-06-02 15:52:39 Job submitted from host: <10.128.10.103:9618?addrs=10.128.10.103-9618&alias=npx-submitter.icecube.wisc.edu&noUDP&sock=schedd_2449_6386>
    DAG Node: Drootprod_20130709_50197
...
001 (19534570.000.000) 2026-06-02 16:36:38 Job executing on host: <10.128.10.188:45333?addrs=10.128.10.188-45333&alias=n-smepyc-01.icecube.wisc.edu>
	SlotName: slot1_41@n-smepyc-01.icecube.wisc.edu
	admin_mutex_1 = 0
	admin_mutex_2 = 0
	admin_mutex_3 = 0
	CondorScratchDir = "/scratch/condor/dir_4001092"
	Cpus = 1
	Disk = 3072
	GPUs = 0
	machine_token = 0
	Memory = 6016
...
006 (19534570.000.000) 2026-06-02 16:36:51 Image size of job updated: 122640
	120  -  MemoryUsage of job (MB)
	122640  -  ResidentSetSize of job (KB)
...
006 (19534570.000.000) 2026-06-02 16:41:51 Image size of job updated: 169168
	166  -  MemoryUsage of job (MB)
	169168  -  ResidentSetSize of job (KB)
...
006 (19534570.000.000) 2026-06-02 16:46:52 Image size of job updated: 424724
	415  -  MemoryUsage of job (MB)
	424724  -  ResidentSetSize of job (KB)
...
006 (19534570.000.000) 2026-06-02 16:50:59 Image size of job updated: 753140
	415  -  MemoryUsage of job (MB)
	424724  -  ResidentSetSize of job (KB)
...
005 (19534570.000.000) 2026-06-02 16:50:59 Job terminated.
	(1) Normal termination (return value 0)
		Usr 0 00:13:41, Sys 0 00:00:13  -  Run Remote Usage
		Usr 0 00:00:00, Sys 0 00:00:00  -  Run Local Usage
		Usr 0 00:13:41, Sys 0 00:00:13  -  Total Remote Usage
		Usr 0 00:00:00, Sys 0 00:00:00  -  Total Local Usage
	0  -  Run Bytes Sent By Job
	0  -  Run Bytes Received By Job
	0  -  Total Bytes Sent By Job
	0  -  Total Bytes Received By Job
	Partitionable Resources :    Usage  Request Allocated 
	   admin_mutex_1         :                           0 
	   admin_mutex_2         :                           0 
	   admin_mutex_3         :                           0 
	   Cpus                  :     0.98        1         1 
	   Disk (KB)             :    10        2048      3072 
	   GPUs                  :                           0 
	   machine_token         :                           0 
	   Memory (MB)           :   415        6000      6016 
	   TimeExecute (s)       :   861                       
	   TimeSlotBusy (s)      :   861                       

	Job terminated of its own accord at 2026-06-02T21:50:59Z with exit-code 0.
...
