000 (19533200.000.000) 2026-06-02 15:49:52 Job submitted from host: <10.128.10.103:9618?addrs=10.128.10.103-9618&alias=npx-submitter.icecube.wisc.edu&noUDP&sock=schedd_2449_6386>
    DAG Node: Drootprod_20130411_24527
...
001 (19533200.000.000) 2026-06-02 16:08:25 Job executing on host: <10.128.10.191:42321?addrs=10.128.10.191-42321&alias=n-smepyc-04.icecube.wisc.edu>
	SlotName: slot1_32@n-smepyc-04.icecube.wisc.edu
	admin_mutex_1 = 0
	admin_mutex_2 = 0
	admin_mutex_3 = 0
	CondorScratchDir = "/scratch/condor/dir_56916"
	Cpus = 1
	Disk = 3072
	GPUs = 0
	machine_token = 0
	Memory = 6016
...
006 (19533200.000.000) 2026-06-02 16:08:39 Image size of job updated: 123044
	121  -  MemoryUsage of job (MB)
	123044  -  ResidentSetSize of job (KB)
...
006 (19533200.000.000) 2026-06-02 16:13:40 Image size of job updated: 163628
	160  -  MemoryUsage of job (MB)
	163628  -  ResidentSetSize of job (KB)
...
006 (19533200.000.000) 2026-06-02 16:18:40 Image size of job updated: 416184
	407  -  MemoryUsage of job (MB)
	416184  -  ResidentSetSize of job (KB)
...
006 (19533200.000.000) 2026-06-02 16:23:41 Image size of job updated: 756916
	740  -  MemoryUsage of job (MB)
	756916  -  ResidentSetSize of job (KB)
...
006 (19533200.000.000) 2026-06-02 16:24:37 Image size of job updated: 765484
	740  -  MemoryUsage of job (MB)
	756916  -  ResidentSetSize of job (KB)
...
005 (19533200.000.000) 2026-06-02 16:24:37 Job terminated.
	(1) Normal termination (return value 0)
		Usr 0 00:15:05, Sys 0 00:00:14  -  Run Remote Usage
		Usr 0 00:00:00, Sys 0 00:00:00  -  Run Local Usage
		Usr 0 00:15:05, Sys 0 00:00:14  -  Total Remote Usage
		Usr 0 00:00:00, Sys 0 00:00:00  -  Total Local Usage
	0  -  Run Bytes Sent By Job
	0  -  Run Bytes Received By Job
	0  -  Total Bytes Sent By Job
	0  -  Total Bytes Received By Job
	Partitionable Resources :    Usage  Request Allocated 
	   admin_mutex_1         :                           0 
	   admin_mutex_2         :                           0 
	   admin_mutex_3         :                           0 
	   Cpus                  :     0.85        1         1 
	   Disk (KB)             :    10        2048      3072 
	   GPUs                  :                           0 
	   machine_token         :                           0 
	   Memory (MB)           :   740        6000      6016 
	   TimeExecute (s)       :   972                       
	   TimeSlotBusy (s)      :   972                       

	Job terminated of its own accord at 2026-06-02T21:24:37Z with exit-code 0.
...
