000 (19534141.000.000) 2026-06-02 15:51:53 Job submitted from host: <10.128.10.103:9618?addrs=10.128.10.103-9618&alias=npx-submitter.icecube.wisc.edu&noUDP&sock=schedd_2449_6386>
    DAG Node: Drootprod_20130614_34412
...
001 (19534141.000.000) 2026-06-02 16:28:44 Job executing on host: <10.128.10.117:43719?addrs=10.128.10.117-43719&alias=n-gibyte-02.icecube.wisc.edu>
	SlotName: slot1_186@n-gibyte-02.icecube.wisc.edu
	admin_mutex_1 = 0
	admin_mutex_2 = 0
	admin_mutex_3 = 0
	CondorScratchDir = "/scratch/condor/dir_3448543"
	Cpus = 1
	Disk = 5480
	GPUs = 0
	machine_token = 0
	Memory = 6016
...
006 (19534141.000.000) 2026-06-02 16:28:58 Image size of job updated: 119536
	117  -  MemoryUsage of job (MB)
	119536  -  ResidentSetSize of job (KB)
...
006 (19534141.000.000) 2026-06-02 16:33:59 Image size of job updated: 139924
	137  -  MemoryUsage of job (MB)
	139924  -  ResidentSetSize of job (KB)
...
006 (19534141.000.000) 2026-06-02 16:38:59 Image size of job updated: 155772
	153  -  MemoryUsage of job (MB)
	155772  -  ResidentSetSize of job (KB)
...
006 (19534141.000.000) 2026-06-02 16:44:00 Image size of job updated: 169704
	166  -  MemoryUsage of job (MB)
	169704  -  ResidentSetSize of job (KB)
...
006 (19534141.000.000) 2026-06-02 16:49:00 Image size of job updated: 283388
	277  -  MemoryUsage of job (MB)
	283388  -  ResidentSetSize of job (KB)
...
006 (19534141.000.000) 2026-06-02 16:54:01 Image size of job updated: 408756
	400  -  MemoryUsage of job (MB)
	408756  -  ResidentSetSize of job (KB)
...
006 (19534141.000.000) 2026-06-02 16:59:01 Image size of job updated: 423748
	414  -  MemoryUsage of job (MB)
	423748  -  ResidentSetSize of job (KB)
...
006 (19534141.000.000) 2026-06-02 17:01:25 Image size of job updated: 718828
	414  -  MemoryUsage of job (MB)
	423748  -  ResidentSetSize of job (KB)
...
005 (19534141.000.000) 2026-06-02 17:01:25 Job terminated.
	(1) Normal termination (return value 0)
		Usr 0 00:31:28, Sys 0 00:00:19  -  Run Remote Usage
		Usr 0 00:00:00, Sys 0 00:00:00  -  Run Local Usage
		Usr 0 00:31:28, Sys 0 00:00:19  -  Total Remote Usage
		Usr 0 00:00:00, Sys 0 00:00:00  -  Total Local Usage
	0  -  Run Bytes Sent By Job
	0  -  Run Bytes Received By Job
	0  -  Total Bytes Sent By Job
	0  -  Total Bytes Received By Job
	Partitionable Resources :    Usage  Request Allocated 
	   admin_mutex_1         :                           0 
	   admin_mutex_2         :                           0 
	   admin_mutex_3         :                           0 
	   Cpus                  :     0.97        1         1 
	   Disk (KB)             :     7        2048      5480 
	   GPUs                  :                           0 
	   machine_token         :                           0 
	   Memory (MB)           :   414        6000      6016 
	   TimeExecute (s)       :  1961                       
	   TimeSlotBusy (s)      :  1962                       

	Job terminated of its own accord at 2026-06-02T22:01:25Z with exit-code 0.
...
