000 (19536214.000.000) 2026-06-02 15:55:59 Job submitted from host: <10.128.10.103:9618?addrs=10.128.10.103-9618&alias=npx-submitter.icecube.wisc.edu&noUDP&sock=schedd_2449_6386>
    DAG Node: Drootprod_20131024_33448
...
001 (19536214.000.000) 2026-06-02 17:16:10 Job executing on host: <10.128.11.35:44313?addrs=10.128.11.35-44313&alias=n-smbc-16.icecube.wisc.edu>
	SlotName: slot1_7@n-smbc-16.icecube.wisc.edu
	admin_mutex_1 = 0
	admin_mutex_2 = 0
	admin_mutex_3 = 0
	CondorScratchDir = "/scratch/condor/dir_785890"
	Cpus = 1
	Disk = 3072
	GPUs = 0
	machine_token = 0
	Memory = 6016
...
006 (19536214.000.000) 2026-06-02 17:16:24 Image size of job updated: 120744
	118  -  MemoryUsage of job (MB)
	120744  -  ResidentSetSize of job (KB)
...
006 (19536214.000.000) 2026-06-02 17:21:25 Image size of job updated: 150428
	147  -  MemoryUsage of job (MB)
	150428  -  ResidentSetSize of job (KB)
...
006 (19536214.000.000) 2026-06-02 17:26:25 Image size of job updated: 174056
	170  -  MemoryUsage of job (MB)
	174056  -  ResidentSetSize of job (KB)
...
006 (19536214.000.000) 2026-06-02 17:31:25 Image size of job updated: 298724
	292  -  MemoryUsage of job (MB)
	298724  -  ResidentSetSize of job (KB)
...
006 (19536214.000.000) 2026-06-02 17:36:26 Image size of job updated: 577052
	564  -  MemoryUsage of job (MB)
	577052  -  ResidentSetSize of job (KB)
...
006 (19536214.000.000) 2026-06-02 17:41:26 Image size of job updated: 752296
	735  -  MemoryUsage of job (MB)
	752296  -  ResidentSetSize of job (KB)
...
006 (19536214.000.000) 2026-06-02 17:43:36 Image size of job updated: 783192
	735  -  MemoryUsage of job (MB)
	752296  -  ResidentSetSize of job (KB)
...
005 (19536214.000.000) 2026-06-02 17:43:36 Job terminated.
	(1) Normal termination (return value 0)
		Usr 0 00:26:29, Sys 0 00:00:14  -  Run Remote Usage
		Usr 0 00:00:00, Sys 0 00:00:00  -  Run Local Usage
		Usr 0 00:26:29, Sys 0 00:00:14  -  Total Remote Usage
		Usr 0 00:00:00, Sys 0 00:00:00  -  Total Local Usage
	0  -  Run Bytes Sent By Job
	0  -  Run Bytes Received By Job
	0  -  Total Bytes Sent By Job
	0  -  Total Bytes Received By Job
	Partitionable Resources :    Usage  Request Allocated 
	   admin_mutex_1         :                           0 
	   admin_mutex_2         :                           0 
	   admin_mutex_3         :                           0 
	   Cpus                  :     0.99        1         1 
	   Disk (KB)             :    10        2048      3072 
	   GPUs                  :                           0 
	   machine_token         :                           0 
	   Memory (MB)           :   735        6000      6016 
	   TimeExecute (s)       :  1646                       
	   TimeSlotBusy (s)      :  1646                       

	Job terminated of its own accord at 2026-06-02T22:43:36Z with exit-code 0.
...
