000 (19535586.000.000) 2026-06-02 15:54:40 Job submitted from host: <10.128.10.103:9618?addrs=10.128.10.103-9618&alias=npx-submitter.icecube.wisc.edu&noUDP&sock=schedd_2449_6386>
    DAG Node: Drootprod_20130911_8669
...
001 (19535586.000.000) 2026-06-02 16:55:52 Job executing on host: <10.128.10.188:45333?addrs=10.128.10.188-45333&alias=n-smepyc-01.icecube.wisc.edu>
	SlotName: slot1_31@n-smepyc-01.icecube.wisc.edu
	admin_mutex_1 = 0
	admin_mutex_2 = 0
	admin_mutex_3 = 0
	CondorScratchDir = "/scratch/condor/dir_4074300"
	Cpus = 1
	Disk = 3072
	GPUs = 0
	machine_token = 0
	Memory = 6016
...
006 (19535586.000.000) 2026-06-02 16:56:06 Image size of job updated: 122284
	120  -  MemoryUsage of job (MB)
	122284  -  ResidentSetSize of job (KB)
...
006 (19535586.000.000) 2026-06-02 17:01:07 Image size of job updated: 169560
	166  -  MemoryUsage of job (MB)
	169560  -  ResidentSetSize of job (KB)
...
006 (19535586.000.000) 2026-06-02 17:06:07 Image size of job updated: 420112
	411  -  MemoryUsage of job (MB)
	420112  -  ResidentSetSize of job (KB)
...
006 (19535586.000.000) 2026-06-02 17:10:41 Image size of job updated: 776340
	411  -  MemoryUsage of job (MB)
	420112  -  ResidentSetSize of job (KB)
...
005 (19535586.000.000) 2026-06-02 17:10:41 Job terminated.
	(1) Normal termination (return value 0)
		Usr 0 00:13:57, Sys 0 00:00:14  -  Run Remote Usage
		Usr 0 00:00:00, Sys 0 00:00:00  -  Run Local Usage
		Usr 0 00:13:57, Sys 0 00:00:14  -  Total Remote Usage
		Usr 0 00:00:00, Sys 0 00:00:00  -  Total Local Usage
	0  -  Run Bytes Sent By Job
	0  -  Run Bytes Received By Job
	0  -  Total Bytes Sent By Job
	0  -  Total Bytes Received By Job
	Partitionable Resources :    Usage  Request Allocated 
	   admin_mutex_1         :                           0 
	   admin_mutex_2         :                           0 
	   admin_mutex_3         :                           0 
	   Cpus                  :     1.00        1         1 
	   Disk (KB)             :    10        2048      3072 
	   GPUs                  :                           0 
	   machine_token         :                           0 
	   Memory (MB)           :   411        6000      6016 
	   TimeExecute (s)       :   889                       
	   TimeSlotBusy (s)      :   889                       

	Job terminated of its own accord at 2026-06-02T22:10:41Z with exit-code 0.
...
