000 (19533090.000.000) 2026-06-02 15:49:35 Job submitted from host: <10.128.10.103:9618?addrs=10.128.10.103-9618&alias=npx-submitter.icecube.wisc.edu&noUDP&sock=schedd_2449_6386>
    DAG Node: Drootprod_20130404_1308
...
001 (19533090.000.000) 2026-06-02 16:03:25 Job executing on host: <10.128.10.116:38163?addrs=10.128.10.116-38163&alias=n-gibyte-01.icecube.wisc.edu>
	SlotName: slot1_79@n-gibyte-01.icecube.wisc.edu
	admin_mutex_1 = 0
	admin_mutex_2 = 0
	admin_mutex_3 = 0
	CondorScratchDir = "/scratch/condor/dir_2426428"
	Cpus = 1
	Disk = 5480
	GPUs = 0
	machine_token = 0
	Memory = 6016
...
006 (19533090.000.000) 2026-06-02 16:03:39 Image size of job updated: 119468
	117  -  MemoryUsage of job (MB)
	119468  -  ResidentSetSize of job (KB)
...
006 (19533090.000.000) 2026-06-02 16:08:40 Image size of job updated: 141608
	139  -  MemoryUsage of job (MB)
	141608  -  ResidentSetSize of job (KB)
...
006 (19533090.000.000) 2026-06-02 16:13:40 Image size of job updated: 159712
	156  -  MemoryUsage of job (MB)
	159712  -  ResidentSetSize of job (KB)
...
006 (19533090.000.000) 2026-06-02 16:18:41 Image size of job updated: 272312
	266  -  MemoryUsage of job (MB)
	272312  -  ResidentSetSize of job (KB)
...
022 (19533090.000.000) 2026-06-02 16:23:27 Job disconnected, attempting to reconnect
    Socket between submit and execute hosts closed unexpectedly
    Trying to reconnect to slot1_79@n-gibyte-01.icecube.wisc.edu <10.128.10.116:38163?addrs=10.128.10.116-38163&alias=n-gibyte-01.icecube.wisc.edu>
...
024 (19533090.000.000) 2026-06-02 17:03:27 Job reconnection failed
    Job disconnected too long: JobLeaseDuration (2400 seconds) expired
    Can not reconnect to slot1_79@n-gibyte-01.icecube.wisc.edu, rescheduling job
...
004 (19533090.000.000) 2026-06-02 17:03:37 Job was evicted.
	(0) CPU times
		Usr 0 00:14:29, Sys 0 00:00:09  -  Run Remote Usage
		Usr 0 00:00:00, Sys 0 00:00:00  -  Run Local Usage
	0  -  Run Bytes Sent By Job
	0  -  Run Bytes Received By Job
	Job disconnected too long: JobLeaseDuration (2400 seconds) expired
	Partitionable Resources :    Usage  Request Allocated 
	   admin_mutex_1         :                           0 
	   admin_mutex_2         :                           0 
	   admin_mutex_3         :                           0 
	   Cpus                  :     0.99        1         1 
	   Disk (KB)             :    10        2048      5480 
	   GPUs                  :                           0 
	   machine_token         :                           0 
	   Memory (MB)           :   266        6000      6016 
...
001 (19533090.000.000) 2026-06-02 17:07:18 Job executing on host: <10.128.10.238:43797?addrs=10.128.10.238-43797&alias=n-gpu-42.icecube.wisc.edu>
	SlotName: slot1_26@n-gpu-42.icecube.wisc.edu
	admin_mutex_1 = 0
	admin_mutex_2 = 0
	admin_mutex_3 = 0
	AvailableGPUs = {  }
	CondorScratchDir = "/scratch/condor/dir_2204621"
	Cpus = 1
	Disk = 3072
	GPUs = 0
	machine_token = 0
	Memory = 6016
...
006 (19533090.000.000) 2026-06-02 17:22:32 Image size of job updated: 411848
	403  -  MemoryUsage of job (MB)
	411848  -  ResidentSetSize of job (KB)
...
006 (19533090.000.000) 2026-06-02 17:27:32 Image size of job updated: 726528
	710  -  MemoryUsage of job (MB)
	726528  -  ResidentSetSize of job (KB)
...
006 (19533090.000.000) 2026-06-02 17:32:32 Image size of job updated: 761868
	745  -  MemoryUsage of job (MB)
	761868  -  ResidentSetSize of job (KB)
...
006 (19533090.000.000) 2026-06-02 17:34:17 Image size of job updated: 811876
	745  -  MemoryUsage of job (MB)
	761868  -  ResidentSetSize of job (KB)
...
005 (19533090.000.000) 2026-06-02 17:34:17 Job terminated.
	(1) Normal termination (return value 0)
		Usr 0 00:25:48, Sys 0 00:00:21  -  Run Remote Usage
		Usr 0 00:00:00, Sys 0 00:00:00  -  Run Local Usage
		Usr 0 00:40:17, Sys 0 00:00:30  -  Total Remote Usage
		Usr 0 00:00:00, Sys 0 00:00:00  -  Total Local Usage
	0  -  Run Bytes Sent By Job
	0  -  Run Bytes Received By Job
	0  -  Total Bytes Sent By Job
	0  -  Total Bytes Received By Job
	Partitionable Resources :    Usage  Request Allocated 
	   admin_mutex_1         :                           0 
	   admin_mutex_2         :                           0 
	   admin_mutex_3         :                           0 
	   Cpus                  :     0.93        1         1 
	   Disk (KB)             :    10        2048      3072 
	   GPUs                  :                           0 
	   machine_token         :                           0 
	   Memory (MB)           :   745        6000      6016 
	   TimeExecute (s)       :  1619                       
	   TimeSlotBusy (s)      :  1620                       

	Job terminated of its own accord at 2026-06-02T22:34:17Z with exit-code 0.
...
