000 (19534589.000.000) 2026-06-02 15:52:41 Job submitted from host: <10.128.10.103:9618?addrs=10.128.10.103-9618&alias=npx-submitter.icecube.wisc.edu&noUDP&sock=schedd_2449_6386>
    DAG Node: Drootprod_20130711_73914
...
001 (19534589.000.000) 2026-06-02 16:37:25 Job executing on host: <10.128.10.197:38115?addrs=10.128.10.197-38115&alias=n-18.icecube.wisc.edu>
	SlotName: slot1_9@n-18.icecube.wisc.edu
	admin_mutex_1 = 0
	admin_mutex_2 = 0
	admin_mutex_3 = 0
	CondorScratchDir = "/scratch/condor/dir_556985"
	Cpus = 1
	Disk = 3815
	GPUs = 0
	machine_token = 0
	Memory = 6016
...
006 (19534589.000.000) 2026-06-02 16:37:38 Image size of job updated: 121324
	119  -  MemoryUsage of job (MB)
	121324  -  ResidentSetSize of job (KB)
...
006 (19534589.000.000) 2026-06-02 16:42:38 Image size of job updated: 153852
	151  -  MemoryUsage of job (MB)
	153852  -  ResidentSetSize of job (KB)
...
006 (19534589.000.000) 2026-06-02 16:47:39 Image size of job updated: 278908
	273  -  MemoryUsage of job (MB)
	278908  -  ResidentSetSize of job (KB)
...
006 (19534589.000.000) 2026-06-02 16:52:40 Image size of job updated: 419772
	410  -  MemoryUsage of job (MB)
	419772  -  ResidentSetSize of job (KB)
...
006 (19534589.000.000) 2026-06-02 16:57:40 Image size of job updated: 737576
	721  -  MemoryUsage of job (MB)
	737576  -  ResidentSetSize of job (KB)
...
006 (19534589.000.000) 2026-06-02 17:01:28 Image size of job updated: 798208
	721  -  MemoryUsage of job (MB)
	737576  -  ResidentSetSize of job (KB)
...
005 (19534589.000.000) 2026-06-02 17:01:28 Job terminated.
	(1) Normal termination (return value 0)
		Usr 0 00:22:56, Sys 0 00:00:18  -  Run Remote Usage
		Usr 0 00:00:00, Sys 0 00:00:00  -  Run Local Usage
		Usr 0 00:22:56, Sys 0 00:00:18  -  Total Remote Usage
		Usr 0 00:00:00, Sys 0 00:00:00  -  Total Local Usage
	0  -  Run Bytes Sent By Job
	0  -  Run Bytes Received By Job
	0  -  Total Bytes Sent By Job
	0  -  Total Bytes Received By Job
	Partitionable Resources :    Usage  Request Allocated 
	   admin_mutex_1         :                           0 
	   admin_mutex_2         :                           0 
	   admin_mutex_3         :                           0 
	   Cpus                  :     0.98        1         1 
	   Disk (KB)             :    10        2048      3815 
	   GPUs                  :                           0 
	   machine_token         :                           0 
	   Memory (MB)           :   721        6000      6016 
	   TimeExecute (s)       :  1443                       
	   TimeSlotBusy (s)      :  1443                       

	Job terminated of its own accord at 2026-06-02T22:01:28Z with exit-code 0.
...
