000 (19532977.000.000) 2026-06-02 15:49:19 Job submitted from host: <10.128.10.103:9618?addrs=10.128.10.103-9618&alias=npx-submitter.icecube.wisc.edu&noUDP&sock=schedd_2449_6386>
    DAG Node: Drootprod_20130324_59510
...
001 (19532977.000.000) 2026-06-02 15:58:46 Job executing on host: <10.128.10.117:43719?addrs=10.128.10.117-43719&alias=n-gibyte-02.icecube.wisc.edu>
	SlotName: slot1_144@n-gibyte-02.icecube.wisc.edu
	admin_mutex_1 = 0
	admin_mutex_2 = 0
	admin_mutex_3 = 0
	CondorScratchDir = "/scratch/condor/dir_3333635"
	Cpus = 1
	Disk = 5480
	GPUs = 0
	machine_token = 0
	Memory = 6016
...
006 (19532977.000.000) 2026-06-02 15:58:59 Image size of job updated: 119300
	117  -  MemoryUsage of job (MB)
	119300  -  ResidentSetSize of job (KB)
...
006 (19532977.000.000) 2026-06-02 16:03:59 Image size of job updated: 141400
	139  -  MemoryUsage of job (MB)
	141400  -  ResidentSetSize of job (KB)
...
006 (19532977.000.000) 2026-06-02 16:09:00 Image size of job updated: 159492
	156  -  MemoryUsage of job (MB)
	159492  -  ResidentSetSize of job (KB)
...
006 (19532977.000.000) 2026-06-02 16:14:01 Image size of job updated: 272544
	267  -  MemoryUsage of job (MB)
	272544  -  ResidentSetSize of job (KB)
...
006 (19532977.000.000) 2026-06-02 16:19:01 Image size of job updated: 291132
	285  -  MemoryUsage of job (MB)
	291132  -  ResidentSetSize of job (KB)
...
006 (19532977.000.000) 2026-06-02 16:24:02 Image size of job updated: 421616
	412  -  MemoryUsage of job (MB)
	421616  -  ResidentSetSize of job (KB)
...
006 (19532977.000.000) 2026-06-02 16:29:02 Image size of job updated: 721964
	706  -  MemoryUsage of job (MB)
	721964  -  ResidentSetSize of job (KB)
...
006 (19532977.000.000) 2026-06-02 16:34:03 Image size of job updated: 746216
	729  -  MemoryUsage of job (MB)
	746216  -  ResidentSetSize of job (KB)
...
006 (19532977.000.000) 2026-06-02 16:39:03 Image size of job updated: 767424
	750  -  MemoryUsage of job (MB)
	767424  -  ResidentSetSize of job (KB)
...
006 (19532977.000.000) 2026-06-02 16:42:25 Image size of job updated: 806624
	750  -  MemoryUsage of job (MB)
	767424  -  ResidentSetSize of job (KB)
...
005 (19532977.000.000) 2026-06-02 16:42:25 Job terminated.
	(1) Normal termination (return value 0)
		Usr 0 00:41:44, Sys 0 00:00:27  -  Run Remote Usage
		Usr 0 00:00:00, Sys 0 00:00:00  -  Run Local Usage
		Usr 0 00:41:44, Sys 0 00:00:27  -  Total Remote Usage
		Usr 0 00:00:00, Sys 0 00:00:00  -  Total Local Usage
	0  -  Run Bytes Sent By Job
	0  -  Run Bytes Received By Job
	0  -  Total Bytes Sent By Job
	0  -  Total Bytes Received By Job
	Partitionable Resources :    Usage  Request Allocated 
	   admin_mutex_1         :                           0 
	   admin_mutex_2         :                           0 
	   admin_mutex_3         :                           0 
	   Cpus                  :     0.95        1         1 
	   Disk (KB)             :    10        2048      5480 
	   GPUs                  :                           0 
	   machine_token         :                           0 
	   Memory (MB)           :   750        6000      6016 
	   TimeExecute (s)       :  2619                       
	   TimeSlotBusy (s)      :  2620                       

	Job terminated of its own accord at 2026-06-02T21:42:25Z with exit-code 0.
...
