000 (19536045.000.000) 2026-06-02 15:55:37 Job submitted from host: <10.128.10.103:9618?addrs=10.128.10.103-9618&alias=npx-submitter.icecube.wisc.edu&noUDP&sock=schedd_2449_6386>
    DAG Node: Drootprod_20131013_76224
...
001 (19536045.000.000) 2026-06-02 17:13:01 Job executing on host: <10.128.10.187:34023?addrs=10.128.10.187-34023&alias=n-smepyc-00.icecube.wisc.edu>
	SlotName: slot1_38@n-smepyc-00.icecube.wisc.edu
	admin_mutex_1 = 0
	admin_mutex_2 = 0
	admin_mutex_3 = 0
	CondorScratchDir = "/scratch/condor/dir_1939045"
	Cpus = 1
	Disk = 3072
	GPUs = 0
	machine_token = 0
	Memory = 6016
...
006 (19536045.000.000) 2026-06-02 17:13:14 Image size of job updated: 121652
	119  -  MemoryUsage of job (MB)
	121652  -  ResidentSetSize of job (KB)
...
006 (19536045.000.000) 2026-06-02 17:18:14 Image size of job updated: 162676
	159  -  MemoryUsage of job (MB)
	162676  -  ResidentSetSize of job (KB)
...
006 (19536045.000.000) 2026-06-02 17:23:15 Image size of job updated: 416568
	407  -  MemoryUsage of job (MB)
	416568  -  ResidentSetSize of job (KB)
...
006 (19536045.000.000) 2026-06-02 17:28:15 Image size of job updated: 746812
	730  -  MemoryUsage of job (MB)
	746812  -  ResidentSetSize of job (KB)
...
006 (19536045.000.000) 2026-06-02 17:29:05 Image size of job updated: 772408
	730  -  MemoryUsage of job (MB)
	746812  -  ResidentSetSize of job (KB)
...
005 (19536045.000.000) 2026-06-02 17:29:05 Job terminated.
	(1) Normal termination (return value 0)
		Usr 0 00:15:23, Sys 0 00:00:15  -  Run Remote Usage
		Usr 0 00:00:00, Sys 0 00:00:00  -  Run Local Usage
		Usr 0 00:15:23, Sys 0 00:00:15  -  Total Remote Usage
		Usr 0 00:00:00, Sys 0 00:00:00  -  Total Local Usage
	0  -  Run Bytes Sent By Job
	0  -  Run Bytes Received By Job
	0  -  Total Bytes Sent By Job
	0  -  Total Bytes Received By Job
	Partitionable Resources :    Usage  Request Allocated 
	   admin_mutex_1         :                           0 
	   admin_mutex_2         :                           0 
	   admin_mutex_3         :                           0 
	   Cpus                  :     0.92        1         1 
	   Disk (KB)             :    10        2048      3072 
	   GPUs                  :                           0 
	   machine_token         :                           0 
	   Memory (MB)           :   730        6000      6016 
	   TimeExecute (s)       :   964                       
	   TimeSlotBusy (s)      :   964                       

	Job terminated of its own accord at 2026-06-02T22:29:05Z with exit-code 0.
...
