000 (19532674.000.000) 2026-06-02 15:48:25 Job submitted from host: <10.128.10.103:9618?addrs=10.128.10.103-9618&alias=npx-submitter.icecube.wisc.edu&noUDP&sock=schedd_2449_6386>
    DAG Node: Drootprod_20130224_20633
...
001 (19532674.000.000) 2026-06-02 15:48:39 Job executing on host: <10.128.10.116:38163?addrs=10.128.10.116-38163&alias=n-gibyte-01.icecube.wisc.edu>
	SlotName: slot1_471@n-gibyte-01.icecube.wisc.edu
	admin_mutex_1 = 0
	admin_mutex_2 = 0
	admin_mutex_3 = 0
	CondorScratchDir = "/scratch/condor/dir_2367195"
	Cpus = 1
	Disk = 5480
	GPUs = 0
	machine_token = 0
	Memory = 6016
...
006 (19532674.000.000) 2026-06-02 15:48:48 Image size of job updated: 119616
	117  -  MemoryUsage of job (MB)
	119616  -  ResidentSetSize of job (KB)
...
006 (19532674.000.000) 2026-06-02 15:53:49 Image size of job updated: 142820
	140  -  MemoryUsage of job (MB)
	142820  -  ResidentSetSize of job (KB)
...
006 (19532674.000.000) 2026-06-02 15:58:49 Image size of job updated: 162184
	159  -  MemoryUsage of job (MB)
	162184  -  ResidentSetSize of job (KB)
...
006 (19532674.000.000) 2026-06-02 16:03:50 Image size of job updated: 276052
	270  -  MemoryUsage of job (MB)
	276052  -  ResidentSetSize of job (KB)
...
006 (19532674.000.000) 2026-06-02 16:08:50 Image size of job updated: 408148
	399  -  MemoryUsage of job (MB)
	408148  -  ResidentSetSize of job (KB)
...
006 (19532674.000.000) 2026-06-02 16:13:51 Image size of job updated: 565020
	552  -  MemoryUsage of job (MB)
	565020  -  ResidentSetSize of job (KB)
...
006 (19532674.000.000) 2026-06-02 16:18:51 Image size of job updated: 730404
	714  -  MemoryUsage of job (MB)
	730404  -  ResidentSetSize of job (KB)
...
022 (19532674.000.000) 2026-06-02 16:23:27 Job disconnected, attempting to reconnect
    Socket between submit and execute hosts closed unexpectedly
    Trying to reconnect to slot1_471@n-gibyte-01.icecube.wisc.edu <10.128.10.116:38163?addrs=10.128.10.116-38163&alias=n-gibyte-01.icecube.wisc.edu>
...
024 (19532674.000.000) 2026-06-02 17:03:27 Job reconnection failed
    Job disconnected too long: JobLeaseDuration (2400 seconds) expired
    Can not reconnect to slot1_471@n-gibyte-01.icecube.wisc.edu, rescheduling job
...
004 (19532674.000.000) 2026-06-02 17:03:37 Job was evicted.
	(0) CPU times
		Usr 0 00:28:56, Sys 0 00:00:18  -  Run Remote Usage
		Usr 0 00:00:00, Sys 0 00:00:00  -  Run Local Usage
	0  -  Run Bytes Sent By Job
	0  -  Run Bytes Received By Job
	Job disconnected too long: JobLeaseDuration (2400 seconds) expired
	Partitionable Resources :    Usage  Request Allocated 
	   admin_mutex_1         :                           0 
	   admin_mutex_2         :                           0 
	   admin_mutex_3         :                           0 
	   Cpus                  :     0.85        1         1 
	   Disk (KB)             :    12        2048      5480 
	   GPUs                  :                           0 
	   machine_token         :                           0 
	   Memory (MB)           :   714        6000      6016 
...
001 (19532674.000.000) 2026-06-02 17:05:52 Job executing on host: <10.128.10.115:33587?addrs=10.128.10.115-33587&alias=n-gibyte-00.icecube.wisc.edu>
	SlotName: slot1_490@n-gibyte-00.icecube.wisc.edu
	admin_mutex_1 = 0
	admin_mutex_2 = 0
	admin_mutex_3 = 0
	CondorScratchDir = "/scratch/condor/dir_2306364"
	Cpus = 1
	Disk = 5480
	GPUs = 0
	machine_token = 0
	Memory = 6016
...
006 (19532674.000.000) 2026-06-02 17:41:08 Image size of job updated: 759012
	742  -  MemoryUsage of job (MB)
	759012  -  ResidentSetSize of job (KB)
...
006 (19532674.000.000) 2026-06-02 17:41:59 Image size of job updated: 784856
	742  -  MemoryUsage of job (MB)
	759012  -  ResidentSetSize of job (KB)
...
005 (19532674.000.000) 2026-06-02 17:41:59 Job terminated.
	(1) Normal termination (return value 0)
		Usr 0 00:34:40, Sys 0 00:00:22  -  Run Remote Usage
		Usr 0 00:00:00, Sys 0 00:00:00  -  Run Local Usage
		Usr 0 01:03:36, Sys 0 00:00:40  -  Total Remote Usage
		Usr 0 00:00:00, Sys 0 00:00:00  -  Total Local Usage
	0  -  Run Bytes Sent By Job
	0  -  Run Bytes Received By Job
	0  -  Total Bytes Sent By Job
	0  -  Total Bytes Received By Job
	Partitionable Resources :    Usage  Request Allocated 
	   admin_mutex_1         :                           0 
	   admin_mutex_2         :                           0 
	   admin_mutex_3         :                           0 
	   Cpus                  :     0.98        1         1 
	   Disk (KB)             :    12        2048      5480 
	   GPUs                  :                           0 
	   machine_token         :                           0 
	   Memory (MB)           :   742        6000      6016 
	   TimeExecute (s)       :  2167                       
	   TimeSlotBusy (s)      :  2168                       

	Job terminated of its own accord at 2026-06-02T22:41:59Z with exit-code 0.
...
