000 (19533746.000.000) 2026-06-02 15:51:02 Job submitted from host: <10.128.10.103:9618?addrs=10.128.10.103-9618&alias=npx-submitter.icecube.wisc.edu&noUDP&sock=schedd_2449_6386>
    DAG Node: Drootprod_20130520_23681
...
001 (19533746.000.000) 2026-06-02 16:20:13 Job executing on host: <10.128.10.190:46289?addrs=10.128.10.190-46289&alias=n-smepyc-03.icecube.wisc.edu>
	SlotName: slot1_66@n-smepyc-03.icecube.wisc.edu
	admin_mutex_1 = 0
	admin_mutex_2 = 0
	admin_mutex_3 = 0
	CondorScratchDir = "/scratch/condor/dir_3582053"
	Cpus = 1
	Disk = 3072
	GPUs = 0
	machine_token = 0
	Memory = 6016
...
006 (19533746.000.000) 2026-06-02 16:20:26 Image size of job updated: 122580
	120  -  MemoryUsage of job (MB)
	122580  -  ResidentSetSize of job (KB)
...
006 (19533746.000.000) 2026-06-02 16:25:27 Image size of job updated: 172088
	169  -  MemoryUsage of job (MB)
	172088  -  ResidentSetSize of job (KB)
...
006 (19533746.000.000) 2026-06-02 16:30:28 Image size of job updated: 566288
	554  -  MemoryUsage of job (MB)
	566288  -  ResidentSetSize of job (KB)
...
006 (19533746.000.000) 2026-06-02 16:35:28 Image size of job updated: 794352
	776  -  MemoryUsage of job (MB)
	794352  -  ResidentSetSize of job (KB)
...
006 (19533746.000.000) 2026-06-02 16:35:31 Image size of job updated: 803072
	776  -  MemoryUsage of job (MB)
	794352  -  ResidentSetSize of job (KB)
...
005 (19533746.000.000) 2026-06-02 16:35:31 Job terminated.
	(1) Normal termination (return value 0)
		Usr 0 00:14:16, Sys 0 00:00:14  -  Run Remote Usage
		Usr 0 00:00:00, Sys 0 00:00:00  -  Run Local Usage
		Usr 0 00:14:16, Sys 0 00:00:14  -  Total Remote Usage
		Usr 0 00:00:00, Sys 0 00:00:00  -  Total Local Usage
	0  -  Run Bytes Sent By Job
	0  -  Run Bytes Received By Job
	0  -  Total Bytes Sent By Job
	0  -  Total Bytes Received By Job
	Partitionable Resources :    Usage  Request Allocated 
	   admin_mutex_1         :                           0 
	   admin_mutex_2         :                           0 
	   admin_mutex_3         :                           0 
	   Cpus                  :     0.92        1         1 
	   Disk (KB)             :    10        2048      3072 
	   GPUs                  :                           0 
	   machine_token         :                           0 
	   Memory (MB)           :   776        6000      6016 
	   TimeExecute (s)       :   918                       
	   TimeSlotBusy (s)      :   918                       

	Job terminated of its own accord at 2026-06-02T21:35:31Z with exit-code 0.
...
