000 (19535753.000.000) 2026-06-02 15:55:01 Job submitted from host: <10.128.10.103:9618?addrs=10.128.10.103-9618&alias=npx-submitter.icecube.wisc.edu&noUDP&sock=schedd_2449_6386>
    DAG Node: Drootprod_20130922_88891
...
001 (19535753.000.000) 2026-06-02 16:59:13 Job executing on host: <10.128.10.192:35633?addrs=10.128.10.192-35633&alias=n-smepyc-05.icecube.wisc.edu>
	SlotName: slot1_73@n-smepyc-05.icecube.wisc.edu
	admin_mutex_1 = 0
	admin_mutex_2 = 0
	admin_mutex_3 = 0
	CondorScratchDir = "/scratch/condor/dir_289990"
	Cpus = 1
	Disk = 3072
	GPUs = 0
	machine_token = 0
	Memory = 6016
...
006 (19535753.000.000) 2026-06-02 16:59:26 Image size of job updated: 122328
	120  -  MemoryUsage of job (MB)
	122328  -  ResidentSetSize of job (KB)
...
006 (19535753.000.000) 2026-06-02 17:04:26 Image size of job updated: 167028
	164  -  MemoryUsage of job (MB)
	167028  -  ResidentSetSize of job (KB)
...
006 (19535753.000.000) 2026-06-02 17:09:26 Image size of job updated: 411100
	402  -  MemoryUsage of job (MB)
	411100  -  ResidentSetSize of job (KB)
...
006 (19535753.000.000) 2026-06-02 17:14:27 Image size of job updated: 740484
	724  -  MemoryUsage of job (MB)
	740484  -  ResidentSetSize of job (KB)
...
006 (19535753.000.000) 2026-06-02 17:15:13 Image size of job updated: 751696
	724  -  MemoryUsage of job (MB)
	740484  -  ResidentSetSize of job (KB)
...
005 (19535753.000.000) 2026-06-02 17:15:13 Job terminated.
	(1) Normal termination (return value 0)
		Usr 0 00:14:55, Sys 0 00:00:14  -  Run Remote Usage
		Usr 0 00:00:00, Sys 0 00:00:00  -  Run Local Usage
		Usr 0 00:14:55, Sys 0 00:00:14  -  Total Remote Usage
		Usr 0 00:00:00, Sys 0 00:00:00  -  Total Local Usage
	0  -  Run Bytes Sent By Job
	0  -  Run Bytes Received By Job
	0  -  Total Bytes Sent By Job
	0  -  Total Bytes Received By Job
	Partitionable Resources :    Usage  Request Allocated 
	   admin_mutex_1         :                           0 
	   admin_mutex_2         :                           0 
	   admin_mutex_3         :                           0 
	   Cpus                  :     0.99        1         1 
	   Disk (KB)             :    10        2048      3072 
	   GPUs                  :                           0 
	   machine_token         :                           0 
	   Memory (MB)           :   724        6000      6016 
	   TimeExecute (s)       :   960                       
	   TimeSlotBusy (s)      :   961                       

	Job terminated of its own accord at 2026-06-02T22:15:13Z with exit-code 0.
...
