000 (19535772.000.000) 2026-06-02 15:55:03 Job submitted from host: <10.128.10.103:9618?addrs=10.128.10.103-9618&alias=npx-submitter.icecube.wisc.edu&noUDP&sock=schedd_2449_6386>
    DAG Node: Drootprod_20130924_97334
...
001 (19535772.000.000) 2026-06-02 16:59:30 Job executing on host: <10.128.10.117:43719?addrs=10.128.10.117-43719&alias=n-gibyte-02.icecube.wisc.edu>
	SlotName: slot1_279@n-gibyte-02.icecube.wisc.edu
	admin_mutex_1 = 0
	admin_mutex_2 = 0
	admin_mutex_3 = 0
	CondorScratchDir = "/scratch/condor/dir_3576547"
	Cpus = 1
	Disk = 5480
	GPUs = 0
	machine_token = 0
	Memory = 6016
...
006 (19535772.000.000) 2026-06-02 16:59:44 Image size of job updated: 121028
	119  -  MemoryUsage of job (MB)
	121028  -  ResidentSetSize of job (KB)
...
006 (19535772.000.000) 2026-06-02 17:04:45 Image size of job updated: 141440
	139  -  MemoryUsage of job (MB)
	141440  -  ResidentSetSize of job (KB)
...
006 (19535772.000.000) 2026-06-02 17:09:45 Image size of job updated: 160960
	158  -  MemoryUsage of job (MB)
	160960  -  ResidentSetSize of job (KB)
...
006 (19535772.000.000) 2026-06-02 17:14:46 Image size of job updated: 275724
	270  -  MemoryUsage of job (MB)
	275724  -  ResidentSetSize of job (KB)
...
006 (19535772.000.000) 2026-06-02 17:19:46 Image size of job updated: 409584
	400  -  MemoryUsage of job (MB)
	409584  -  ResidentSetSize of job (KB)
...
006 (19535772.000.000) 2026-06-02 17:24:47 Image size of job updated: 566004
	553  -  MemoryUsage of job (MB)
	566004  -  ResidentSetSize of job (KB)
...
006 (19535772.000.000) 2026-06-02 17:29:47 Image size of job updated: 732288
	716  -  MemoryUsage of job (MB)
	732288  -  ResidentSetSize of job (KB)
...
006 (19535772.000.000) 2026-06-02 17:30:18 Image size of job updated: 734664
	716  -  MemoryUsage of job (MB)
	732288  -  ResidentSetSize of job (KB)
...
005 (19535772.000.000) 2026-06-02 17:30:18 Job terminated.
	(1) Normal termination (return value 0)
		Usr 0 00:29:24, Sys 0 00:00:19  -  Run Remote Usage
		Usr 0 00:00:00, Sys 0 00:00:00  -  Run Local Usage
		Usr 0 00:29:24, Sys 0 00:00:19  -  Total Remote Usage
		Usr 0 00:00:00, Sys 0 00:00:00  -  Total Local Usage
	0  -  Run Bytes Sent By Job
	0  -  Run Bytes Received By Job
	0  -  Total Bytes Sent By Job
	0  -  Total Bytes Received By Job
	Partitionable Resources :    Usage  Request Allocated 
	   admin_mutex_1         :                           0 
	   admin_mutex_2         :                           0 
	   admin_mutex_3         :                           0 
	   Cpus                  :     0.96        1         1 
	   Disk (KB)             :    10        2048      5480 
	   GPUs                  :                           0 
	   machine_token         :                           0 
	   Memory (MB)           :   716        6000      6016 
	   TimeExecute (s)       :  1848                       
	   TimeSlotBusy (s)      :  1848                       

	Job terminated of its own accord at 2026-06-02T22:30:18Z with exit-code 0.
...
