000 (19533815.000.000) 2026-06-02 15:51:12 Job submitted from host: <10.128.10.103:9618?addrs=10.128.10.103-9618&alias=npx-submitter.icecube.wisc.edu&noUDP&sock=schedd_2449_6386>
    DAG Node: Drootprod_20130524_13293
...
001 (19533815.000.000) 2026-06-02 16:20:38 Job executing on host: <10.128.10.116:38163?addrs=10.128.10.116-38163&alias=n-gibyte-01.icecube.wisc.edu>
	SlotName: slot1_288@n-gibyte-01.icecube.wisc.edu
	admin_mutex_1 = 0
	admin_mutex_2 = 0
	admin_mutex_3 = 0
	CondorScratchDir = "/scratch/condor/dir_2506101"
	Cpus = 1
	Disk = 5480
	GPUs = 0
	machine_token = 0
	Memory = 6016
...
006 (19533815.000.000) 2026-06-02 16:20:52 Image size of job updated: 119444
	117  -  MemoryUsage of job (MB)
	119444  -  ResidentSetSize of job (KB)
...
022 (19533815.000.000) 2026-06-02 16:23:27 Job disconnected, attempting to reconnect
    Socket between submit and execute hosts closed unexpectedly
    Trying to reconnect to slot1_288@n-gibyte-01.icecube.wisc.edu <10.128.10.116:38163?addrs=10.128.10.116-38163&alias=n-gibyte-01.icecube.wisc.edu>
...
024 (19533815.000.000) 2026-06-02 17:03:27 Job reconnection failed
    Job disconnected too long: JobLeaseDuration (2400 seconds) expired
    Can not reconnect to slot1_288@n-gibyte-01.icecube.wisc.edu, rescheduling job
...
004 (19533815.000.000) 2026-06-02 17:03:37 Job was evicted.
	(0) CPU times
		Usr 0 00:00:06, Sys 0 00:00:00  -  Run Remote Usage
		Usr 0 00:00:00, Sys 0 00:00:00  -  Run Local Usage
	0  -  Run Bytes Sent By Job
	0  -  Run Bytes Received By Job
	Job disconnected too long: JobLeaseDuration (2400 seconds) expired
	Partitionable Resources :    Usage  Request Allocated 
	   admin_mutex_1         :                           0 
	   admin_mutex_2         :                           0 
	   admin_mutex_3         :                           0 
	   Cpus                  :                 1         1 
	   Disk (KB)             :        7     2048      5480 
	   GPUs                  :                           0 
	   machine_token         :                           0 
	   Memory (MB)           :      117     6000      6016 
...
001 (19533815.000.000) 2026-06-02 17:10:06 Job executing on host: <10.128.11.47:45719?addrs=10.128.11.47-45719&alias=n-smbc-28.icecube.wisc.edu>
	SlotName: slot1_28@n-smbc-28.icecube.wisc.edu
	admin_mutex_1 = 0
	admin_mutex_2 = 0
	admin_mutex_3 = 0
	CondorScratchDir = "/scratch/condor/dir_103102"
	Cpus = 1
	Disk = 3072
	GPUs = 0
	machine_token = 0
	Memory = 6016
...
006 (19533815.000.000) 2026-06-02 17:15:21 Image size of job updated: 128704
	126  -  MemoryUsage of job (MB)
	128704  -  ResidentSetSize of job (KB)
...
006 (19533815.000.000) 2026-06-02 17:20:21 Image size of job updated: 136492
	134  -  MemoryUsage of job (MB)
	136492  -  ResidentSetSize of job (KB)
...
006 (19533815.000.000) 2026-06-02 17:25:22 Image size of job updated: 142384
	140  -  MemoryUsage of job (MB)
	142384  -  ResidentSetSize of job (KB)
...
006 (19533815.000.000) 2026-06-02 17:30:22 Image size of job updated: 150284
	147  -  MemoryUsage of job (MB)
	150284  -  ResidentSetSize of job (KB)
...
006 (19533815.000.000) 2026-06-02 17:35:23 Image size of job updated: 153380
	150  -  MemoryUsage of job (MB)
	153380  -  ResidentSetSize of job (KB)
...
006 (19533815.000.000) 2026-06-02 17:40:23 Image size of job updated: 158572
	155  -  MemoryUsage of job (MB)
	158572  -  ResidentSetSize of job (KB)
...
006 (19533815.000.000) 2026-06-02 17:45:24 Image size of job updated: 163432
	160  -  MemoryUsage of job (MB)
	163432  -  ResidentSetSize of job (KB)
...
006 (19533815.000.000) 2026-06-02 17:50:24 Image size of job updated: 171808
	168  -  MemoryUsage of job (MB)
	171808  -  ResidentSetSize of job (KB)
...
006 (19533815.000.000) 2026-06-02 17:55:25 Image size of job updated: 273216
	267  -  MemoryUsage of job (MB)
	273216  -  ResidentSetSize of job (KB)
...
006 (19533815.000.000) 2026-06-02 18:00:25 Image size of job updated: 281244
	275  -  MemoryUsage of job (MB)
	281244  -  ResidentSetSize of job (KB)
...
006 (19533815.000.000) 2026-06-02 18:05:26 Image size of job updated: 287896
	282  -  MemoryUsage of job (MB)
	287896  -  ResidentSetSize of job (KB)
...
006 (19533815.000.000) 2026-06-02 18:10:26 Image size of job updated: 407300
	398  -  MemoryUsage of job (MB)
	407300  -  ResidentSetSize of job (KB)
...
006 (19533815.000.000) 2026-06-02 18:15:27 Image size of job updated: 414968
	406  -  MemoryUsage of job (MB)
	414968  -  ResidentSetSize of job (KB)
...
006 (19533815.000.000) 2026-06-02 18:20:07 Image size of job updated: 431608
	406  -  MemoryUsage of job (MB)
	414968  -  ResidentSetSize of job (KB)
...
005 (19533815.000.000) 2026-06-02 18:20:07 Job terminated.
	(1) Normal termination (return value 0)
		Usr 0 01:07:58, Sys 0 00:00:35  -  Run Remote Usage
		Usr 0 00:00:00, Sys 0 00:00:00  -  Run Local Usage
		Usr 0 01:08:04, Sys 0 00:00:35  -  Total Remote Usage
		Usr 0 00:00:00, Sys 0 00:00:00  -  Total Local Usage
	0  -  Run Bytes Sent By Job
	0  -  Run Bytes Received By Job
	0  -  Total Bytes Sent By Job
	0  -  Total Bytes Received By Job
	Partitionable Resources :    Usage  Request Allocated 
	   admin_mutex_1         :                           0 
	   admin_mutex_2         :                           0 
	   admin_mutex_3         :                           0 
	   Cpus                  :     0.97        1         1 
	   Disk (KB)             :     7        2048      3072 
	   GPUs                  :                           0 
	   machine_token         :                           0 
	   Memory (MB)           :   406        6000      6016 
	   TimeExecute (s)       :  4201                       
	   TimeSlotBusy (s)      :  4201                       

	Job terminated of its own accord at 2026-06-02T23:20:07Z with exit-code 0.
...
