000 (19536003.000.000) 2026-06-02 15:55:33 Job submitted from host: <10.128.10.103:9618?addrs=10.128.10.103-9618&alias=npx-submitter.icecube.wisc.edu&noUDP&sock=schedd_2449_6386>
    DAG Node: Drootprod_20131009_75025
...
001 (19536003.000.000) 2026-06-02 17:11:33 Job executing on host: <10.128.10.238:43797?addrs=10.128.10.238-43797&alias=n-gpu-42.icecube.wisc.edu>
	SlotName: slot1_51@n-gpu-42.icecube.wisc.edu
	admin_mutex_1 = 0
	admin_mutex_2 = 0
	admin_mutex_3 = 0
	AvailableGPUs = {  }
	CondorScratchDir = "/scratch/condor/dir_2221265"
	Cpus = 1
	Disk = 3072
	GPUs = 0
	machine_token = 0
	Memory = 6016
...
006 (19536003.000.000) 2026-06-02 17:11:46 Image size of job updated: 120992
	119  -  MemoryUsage of job (MB)
	120992  -  ResidentSetSize of job (KB)
...
006 (19536003.000.000) 2026-06-02 17:16:46 Image size of job updated: 153808
	151  -  MemoryUsage of job (MB)
	153808  -  ResidentSetSize of job (KB)
...
006 (19536003.000.000) 2026-06-02 17:21:47 Image size of job updated: 278628
	273  -  MemoryUsage of job (MB)
	278628  -  ResidentSetSize of job (KB)
...
006 (19536003.000.000) 2026-06-02 17:26:47 Image size of job updated: 422796
	413  -  MemoryUsage of job (MB)
	422796  -  ResidentSetSize of job (KB)
...
006 (19536003.000.000) 2026-06-02 17:31:48 Image size of job updated: 744780
	728  -  MemoryUsage of job (MB)
	744780  -  ResidentSetSize of job (KB)
...
006 (19536003.000.000) 2026-06-02 17:32:52 Image size of job updated: 765172
	728  -  MemoryUsage of job (MB)
	744780  -  ResidentSetSize of job (KB)
...
005 (19536003.000.000) 2026-06-02 17:32:52 Job terminated.
	(1) Normal termination (return value 0)
		Usr 0 00:20:11, Sys 0 00:00:20  -  Run Remote Usage
		Usr 0 00:00:00, Sys 0 00:00:00  -  Run Local Usage
		Usr 0 00:20:11, Sys 0 00:00:20  -  Total Remote Usage
		Usr 0 00:00:00, Sys 0 00:00:00  -  Total Local Usage
	0  -  Run Bytes Sent By Job
	0  -  Run Bytes Received By Job
	0  -  Total Bytes Sent By Job
	0  -  Total Bytes Received By Job
	Partitionable Resources :    Usage  Request Allocated 
	   admin_mutex_1         :                           0 
	   admin_mutex_2         :                           0 
	   admin_mutex_3         :                           0 
	   Cpus                  :     0.98        1         1 
	   Disk (KB)             :    10        2048      3072 
	   GPUs                  :                           0 
	   machine_token         :                           0 
	   Memory (MB)           :   728        6000      6016 
	   TimeExecute (s)       :  1279                       
	   TimeSlotBusy (s)      :  1279                       

	Job terminated of its own accord at 2026-06-02T22:32:52Z with exit-code 0.
...
