000 (19533385.000.000) 2026-06-02 15:50:17 Job submitted from host: <10.128.10.103:9618?addrs=10.128.10.103-9618&alias=npx-submitter.icecube.wisc.edu&noUDP&sock=schedd_2449_6386>
    DAG Node: Drootprod_20130425_78916
...
001 (19533385.000.000) 2026-06-02 16:13:17 Job executing on host: <10.128.10.116:38163?addrs=10.128.10.116-38163&alias=n-gibyte-01.icecube.wisc.edu>
	SlotName: slot1_473@n-gibyte-01.icecube.wisc.edu
	admin_mutex_1 = 0
	admin_mutex_2 = 0
	admin_mutex_3 = 0
	CondorScratchDir = "/scratch/condor/dir_2468316"
	Cpus = 1
	Disk = 5480
	GPUs = 0
	machine_token = 0
	Memory = 6016
...
006 (19533385.000.000) 2026-06-02 16:13:31 Image size of job updated: 119524
	117  -  MemoryUsage of job (MB)
	119524  -  ResidentSetSize of job (KB)
...
006 (19533385.000.000) 2026-06-02 16:18:32 Image size of job updated: 140808
	138  -  MemoryUsage of job (MB)
	140808  -  ResidentSetSize of job (KB)
...
022 (19533385.000.000) 2026-06-02 16:23:27 Job disconnected, attempting to reconnect
    Socket between submit and execute hosts closed unexpectedly
    Trying to reconnect to slot1_473@n-gibyte-01.icecube.wisc.edu <10.128.10.116:38163?addrs=10.128.10.116-38163&alias=n-gibyte-01.icecube.wisc.edu>
...
024 (19533385.000.000) 2026-06-02 17:03:27 Job reconnection failed
    Job disconnected too long: JobLeaseDuration (2400 seconds) expired
    Can not reconnect to slot1_473@n-gibyte-01.icecube.wisc.edu, rescheduling job
...
004 (19533385.000.000) 2026-06-02 17:03:37 Job was evicted.
	(0) CPU times
		Usr 0 00:04:56, Sys 0 00:00:03  -  Run Remote Usage
		Usr 0 00:00:00, Sys 0 00:00:00  -  Run Local Usage
	0  -  Run Bytes Sent By Job
	0  -  Run Bytes Received By Job
	Job disconnected too long: JobLeaseDuration (2400 seconds) expired
	Partitionable Resources :    Usage  Request Allocated 
	   admin_mutex_1         :                           0 
	   admin_mutex_2         :                           0 
	   admin_mutex_3         :                           0 
	   Cpus                  :     0.99        1         1 
	   Disk (KB)             :    10        2048      5480 
	   GPUs                  :                           0 
	   machine_token         :                           0 
	   Memory (MB)           :   138        6000      6016 
...
001 (19533385.000.000) 2026-06-02 17:08:28 Job executing on host: <10.128.10.188:45333?addrs=10.128.10.188-45333&alias=n-smepyc-01.icecube.wisc.edu>
	SlotName: slot1_78@n-smepyc-01.icecube.wisc.edu
	admin_mutex_1 = 0
	admin_mutex_2 = 0
	admin_mutex_3 = 0
	CondorScratchDir = "/scratch/condor/dir_4122046"
	Cpus = 1
	Disk = 3072
	GPUs = 0
	machine_token = 0
	Memory = 6016
...
006 (19533385.000.000) 2026-06-02 17:13:43 Image size of job updated: 169532
	166  -  MemoryUsage of job (MB)
	169532  -  ResidentSetSize of job (KB)
...
006 (19533385.000.000) 2026-06-02 17:18:44 Image size of job updated: 422688
	413  -  MemoryUsage of job (MB)
	422688  -  ResidentSetSize of job (KB)
...
006 (19533385.000.000) 2026-06-02 17:23:44 Image size of job updated: 758464
	741  -  MemoryUsage of job (MB)
	758464  -  ResidentSetSize of job (KB)
...
006 (19533385.000.000) 2026-06-02 17:25:07 Image size of job updated: 809376
	741  -  MemoryUsage of job (MB)
	758464  -  ResidentSetSize of job (KB)
...
005 (19533385.000.000) 2026-06-02 17:25:07 Job terminated.
	(1) Normal termination (return value 0)
		Usr 0 00:15:57, Sys 0 00:00:15  -  Run Remote Usage
		Usr 0 00:00:00, Sys 0 00:00:00  -  Run Local Usage
		Usr 0 00:20:53, Sys 0 00:00:18  -  Total Remote Usage
		Usr 0 00:00:00, Sys 0 00:00:00  -  Total Local Usage
	0  -  Run Bytes Sent By Job
	0  -  Run Bytes Received By Job
	0  -  Total Bytes Sent By Job
	0  -  Total Bytes Received By Job
	Partitionable Resources :    Usage  Request Allocated 
	   admin_mutex_1         :                           0 
	   admin_mutex_2         :                           0 
	   admin_mutex_3         :                           0 
	   Cpus                  :     0.99        1         1 
	   Disk (KB)             :    10        2048      3072 
	   GPUs                  :                           0 
	   machine_token         :                           0 
	   Memory (MB)           :   741        6000      6016 
	   TimeExecute (s)       :   999                       
	   TimeSlotBusy (s)      :   999                       

	Job terminated of its own accord at 2026-06-02T22:25:07Z with exit-code 0.
...
