000 (19532695.000.000) 2026-06-02 15:48:29 Job submitted from host: <10.128.10.103:9618?addrs=10.128.10.103-9618&alias=npx-submitter.icecube.wisc.edu&noUDP&sock=schedd_2449_6386>
    DAG Node: Drootprod_20130227_22622
...
001 (19532695.000.000) 2026-06-02 15:48:44 Job executing on host: <10.128.10.116:38163?addrs=10.128.10.116-38163&alias=n-gibyte-01.icecube.wisc.edu>
	SlotName: slot1_483@n-gibyte-01.icecube.wisc.edu
	admin_mutex_1 = 0
	admin_mutex_2 = 0
	admin_mutex_3 = 0
	CondorScratchDir = "/scratch/condor/dir_2369602"
	Cpus = 1
	Disk = 5480
	GPUs = 0
	machine_token = 0
	Memory = 6016
...
006 (19532695.000.000) 2026-06-02 15:48:53 Image size of job updated: 119460
	117  -  MemoryUsage of job (MB)
	119460  -  ResidentSetSize of job (KB)
...
006 (19532695.000.000) 2026-06-02 15:53:54 Image size of job updated: 141252
	138  -  MemoryUsage of job (MB)
	141252  -  ResidentSetSize of job (KB)
...
006 (19532695.000.000) 2026-06-02 15:58:54 Image size of job updated: 159072
	156  -  MemoryUsage of job (MB)
	159072  -  ResidentSetSize of job (KB)
...
006 (19532695.000.000) 2026-06-02 16:03:55 Image size of job updated: 271568
	266  -  MemoryUsage of job (MB)
	271568  -  ResidentSetSize of job (KB)
...
006 (19532695.000.000) 2026-06-02 16:08:55 Image size of job updated: 290000
	284  -  MemoryUsage of job (MB)
	290000  -  ResidentSetSize of job (KB)
...
006 (19532695.000.000) 2026-06-02 16:13:56 Image size of job updated: 418192
	409  -  MemoryUsage of job (MB)
	418192  -  ResidentSetSize of job (KB)
...
006 (19532695.000.000) 2026-06-02 16:18:56 Image size of job updated: 718500
	702  -  MemoryUsage of job (MB)
	718500  -  ResidentSetSize of job (KB)
...
022 (19532695.000.000) 2026-06-02 16:23:27 Job disconnected, attempting to reconnect
    Socket between submit and execute hosts closed unexpectedly
    Trying to reconnect to slot1_483@n-gibyte-01.icecube.wisc.edu <10.128.10.116:38163?addrs=10.128.10.116-38163&alias=n-gibyte-01.icecube.wisc.edu>
...
024 (19532695.000.000) 2026-06-02 17:03:27 Job reconnection failed
    Job disconnected too long: JobLeaseDuration (2400 seconds) expired
    Can not reconnect to slot1_483@n-gibyte-01.icecube.wisc.edu, rescheduling job
...
004 (19532695.000.000) 2026-06-02 17:03:37 Job was evicted.
	(0) CPU times
		Usr 0 00:28:59, Sys 0 00:00:17  -  Run Remote Usage
		Usr 0 00:00:00, Sys 0 00:00:00  -  Run Local Usage
	0  -  Run Bytes Sent By Job
	0  -  Run Bytes Received By Job
	Job disconnected too long: JobLeaseDuration (2400 seconds) expired
	Partitionable Resources :    Usage  Request Allocated 
	   admin_mutex_1         :                           0 
	   admin_mutex_2         :                           0 
	   admin_mutex_3         :                           0 
	   Cpus                  :     0.99        1         1 
	   Disk (KB)             :    12        2048      5480 
	   GPUs                  :                           0 
	   machine_token         :                           0 
	   Memory (MB)           :   702        6000      6016 
...
001 (19532695.000.000) 2026-06-02 17:06:32 Job executing on host: <10.128.11.112:41791?addrs=10.128.11.112-41791&alias=n-r720-53.icecube.wisc.edu>
	SlotName: slot1_11@n-r720-53.icecube.wisc.edu
	admin_mutex_1 = 0
	admin_mutex_2 = 0
	admin_mutex_3 = 0
	CondorScratchDir = "/scratch/condor/dir_1192614"
	Cpus = 1
	Disk = 3717
	GPUs = 0
	machine_token = 0
	Memory = 6016
...
006 (19532695.000.000) 2026-06-02 17:46:50 Image size of job updated: 754288
	737  -  MemoryUsage of job (MB)
	754288  -  ResidentSetSize of job (KB)
...
006 (19532695.000.000) 2026-06-02 17:50:40 Image size of job updated: 795624
	737  -  MemoryUsage of job (MB)
	754288  -  ResidentSetSize of job (KB)
...
005 (19532695.000.000) 2026-06-02 17:50:40 Job terminated.
	(1) Normal termination (return value 0)
		Usr 0 00:42:48, Sys 0 00:00:25  -  Run Remote Usage
		Usr 0 00:00:00, Sys 0 00:00:00  -  Run Local Usage
		Usr 0 01:11:47, Sys 0 00:00:42  -  Total Remote Usage
		Usr 0 00:00:00, Sys 0 00:00:00  -  Total Local Usage
	0  -  Run Bytes Sent By Job
	0  -  Run Bytes Received By Job
	0  -  Total Bytes Sent By Job
	0  -  Total Bytes Received By Job
	Partitionable Resources :    Usage  Request Allocated 
	   admin_mutex_1         :                           0 
	   admin_mutex_2         :                           0 
	   admin_mutex_3         :                           0 
	   Cpus                  :     0.99        1         1 
	   Disk (KB)             :    12        2048      3717 
	   GPUs                  :                           0 
	   machine_token         :                           0 
	   Memory (MB)           :   737        6000      6016 
	   TimeExecute (s)       :  2648                       
	   TimeSlotBusy (s)      :  2648                       

	Job terminated of its own accord at 2026-06-02T22:50:40Z with exit-code 0.
...
