000 (19533283.000.000) 2026-06-02 15:50:03 Job submitted from host: <10.128.10.103:9618?addrs=10.128.10.103-9618&alias=npx-submitter.icecube.wisc.edu&noUDP&sock=schedd_2449_6386>
    DAG Node: Drootprod_20130417_26515
...
001 (19533283.000.000) 2026-06-02 16:11:03 Job executing on host: <10.128.10.190:46289?addrs=10.128.10.190-46289&alias=n-smepyc-03.icecube.wisc.edu>
	SlotName: slot1_65@n-smepyc-03.icecube.wisc.edu
	admin_mutex_1 = 0
	admin_mutex_2 = 0
	admin_mutex_3 = 0
	CondorScratchDir = "/scratch/condor/dir_3544722"
	Cpus = 1
	Disk = 3072
	GPUs = 0
	machine_token = 0
	Memory = 6016
...
006 (19533283.000.000) 2026-06-02 16:11:16 Image size of job updated: 121916
	120  -  MemoryUsage of job (MB)
	121916  -  ResidentSetSize of job (KB)
...
006 (19533283.000.000) 2026-06-02 16:16:16 Image size of job updated: 161664
	158  -  MemoryUsage of job (MB)
	161664  -  ResidentSetSize of job (KB)
...
006 (19533283.000.000) 2026-06-02 16:21:17 Image size of job updated: 291032
	285  -  MemoryUsage of job (MB)
	291032  -  ResidentSetSize of job (KB)
...
006 (19533283.000.000) 2026-06-02 16:26:17 Image size of job updated: 736304
	720  -  MemoryUsage of job (MB)
	736304  -  ResidentSetSize of job (KB)
...
006 (19533283.000.000) 2026-06-02 16:28:23 Image size of job updated: 776056
	720  -  MemoryUsage of job (MB)
	736304  -  ResidentSetSize of job (KB)
...
005 (19533283.000.000) 2026-06-02 16:28:23 Job terminated.
	(1) Normal termination (return value 0)
		Usr 0 00:16:13, Sys 0 00:00:14  -  Run Remote Usage
		Usr 0 00:00:00, Sys 0 00:00:00  -  Run Local Usage
		Usr 0 00:16:13, Sys 0 00:00:14  -  Total Remote Usage
		Usr 0 00:00:00, Sys 0 00:00:00  -  Total Local Usage
	0  -  Run Bytes Sent By Job
	0  -  Run Bytes Received By Job
	0  -  Total Bytes Sent By Job
	0  -  Total Bytes Received By Job
	Partitionable Resources :    Usage  Request Allocated 
	   admin_mutex_1         :                           0 
	   admin_mutex_2         :                           0 
	   admin_mutex_3         :                           0 
	   Cpus                  :     0.94        1         1 
	   Disk (KB)             :    10        2048      3072 
	   GPUs                  :                           0 
	   machine_token         :                           0 
	   Memory (MB)           :   720        6000      6016 
	   TimeExecute (s)       :  1040                       
	   TimeSlotBusy (s)      :  1041                       

	Job terminated of its own accord at 2026-06-02T21:28:23Z with exit-code 0.
...
