000 (19536481.000.000) 2026-06-02 15:56:33 Job submitted from host: <10.128.10.103:9618?addrs=10.128.10.103-9618&alias=npx-submitter.icecube.wisc.edu&noUDP&sock=schedd_2449_6386>
    DAG Node: Drootprod_20131112_15272
...
001 (19536481.000.000) 2026-06-02 17:21:10 Job executing on host: <10.128.10.28:43283?addrs=10.128.10.28-43283&alias=n-m610-18.icecube.wisc.edu>
	SlotName: slot1_7@n-m610-18.icecube.wisc.edu
	admin_mutex_1 = 0
	admin_mutex_2 = 0
	admin_mutex_3 = 0
	CondorScratchDir = "/scratch/condor/dir_1700240"
	Cpus = 1
	Disk = 3072
	GPUs = 0
	machine_token = 0
	Memory = 6016
...
006 (19536481.000.000) 2026-06-02 17:21:23 Image size of job updated: 121384
	119  -  MemoryUsage of job (MB)
	121384  -  ResidentSetSize of job (KB)
...
006 (19536481.000.000) 2026-06-02 17:26:23 Image size of job updated: 155072
	152  -  MemoryUsage of job (MB)
	155072  -  ResidentSetSize of job (KB)
...
006 (19536481.000.000) 2026-06-02 17:31:23 Image size of job updated: 281484
	275  -  MemoryUsage of job (MB)
	281484  -  ResidentSetSize of job (KB)
...
006 (19536481.000.000) 2026-06-02 17:36:24 Image size of job updated: 424308
	415  -  MemoryUsage of job (MB)
	424308  -  ResidentSetSize of job (KB)
...
006 (19536481.000.000) 2026-06-02 17:38:06 Image size of job updated: 722856
	415  -  MemoryUsage of job (MB)
	424308  -  ResidentSetSize of job (KB)
...
005 (19536481.000.000) 2026-06-02 17:38:06 Job terminated.
	(1) Normal termination (return value 0)
		Usr 0 00:16:12, Sys 0 00:00:14  -  Run Remote Usage
		Usr 0 00:00:00, Sys 0 00:00:00  -  Run Local Usage
		Usr 0 00:16:12, Sys 0 00:00:14  -  Total Remote Usage
		Usr 0 00:00:00, Sys 0 00:00:00  -  Total Local Usage
	0  -  Run Bytes Sent By Job
	0  -  Run Bytes Received By Job
	0  -  Total Bytes Sent By Job
	0  -  Total Bytes Received By Job
	Partitionable Resources :    Usage  Request Allocated 
	   admin_mutex_1         :                           0 
	   admin_mutex_2         :                           0 
	   admin_mutex_3         :                           0 
	   Cpus                  :     0.98        1         1 
	   Disk (KB)             :    10        2048      3072 
	   GPUs                  :                           0 
	   machine_token         :                           0 
	   Memory (MB)           :   415        6000      6016 
	   TimeExecute (s)       :  1016                       
	   TimeSlotBusy (s)      :  1017                       

	Job terminated of its own accord at 2026-06-02T22:38:06Z with exit-code 0.
...
