000 (19532638.000.000) 2026-06-02 15:48:17 Job submitted from host: <10.128.10.103:9618?addrs=10.128.10.103-9618&alias=npx-submitter.icecube.wisc.edu&noUDP&sock=schedd_2449_6386>
    DAG Node: Drootprod_20130221_80049
...
001 (19532638.000.000) 2026-06-02 15:48:28 Job executing on host: <10.128.10.116:38163?addrs=10.128.10.116-38163&alias=n-gibyte-01.icecube.wisc.edu>
	SlotName: slot1_444@n-gibyte-01.icecube.wisc.edu
	admin_mutex_1 = 0
	admin_mutex_2 = 0
	admin_mutex_3 = 0
	CondorScratchDir = "/scratch/condor/dir_2362204"
	Cpus = 1
	Disk = 5480
	GPUs = 0
	machine_token = 0
	Memory = 6016
...
006 (19532638.000.000) 2026-06-02 15:48:37 Image size of job updated: 119736
	117  -  MemoryUsage of job (MB)
	119736  -  ResidentSetSize of job (KB)
...
006 (19532638.000.000) 2026-06-02 15:53:37 Image size of job updated: 141052
	138  -  MemoryUsage of job (MB)
	141052  -  ResidentSetSize of job (KB)
...
006 (19532638.000.000) 2026-06-02 15:58:38 Image size of job updated: 158772
	156  -  MemoryUsage of job (MB)
	158772  -  ResidentSetSize of job (KB)
...
006 (19532638.000.000) 2026-06-02 16:03:38 Image size of job updated: 270140
	264  -  MemoryUsage of job (MB)
	270140  -  ResidentSetSize of job (KB)
...
006 (19532638.000.000) 2026-06-02 16:08:38 Image size of job updated: 288188
	282  -  MemoryUsage of job (MB)
	288188  -  ResidentSetSize of job (KB)
...
006 (19532638.000.000) 2026-06-02 16:13:38 Image size of job updated: 415080
	406  -  MemoryUsage of job (MB)
	415080  -  ResidentSetSize of job (KB)
...
006 (19532638.000.000) 2026-06-02 16:18:39 Image size of job updated: 711136
	695  -  MemoryUsage of job (MB)
	711136  -  ResidentSetSize of job (KB)
...
022 (19532638.000.000) 2026-06-02 16:23:27 Job disconnected, attempting to reconnect
    Socket between submit and execute hosts closed unexpectedly
    Trying to reconnect to slot1_444@n-gibyte-01.icecube.wisc.edu <10.128.10.116:38163?addrs=10.128.10.116-38163&alias=n-gibyte-01.icecube.wisc.edu>
...
024 (19532638.000.000) 2026-06-02 17:03:27 Job reconnection failed
    Job disconnected too long: JobLeaseDuration (2400 seconds) expired
    Can not reconnect to slot1_444@n-gibyte-01.icecube.wisc.edu, rescheduling job
...
004 (19532638.000.000) 2026-06-02 17:03:37 Job was evicted.
	(0) CPU times
		Usr 0 00:28:55, Sys 0 00:00:16  -  Run Remote Usage
		Usr 0 00:00:00, Sys 0 00:00:00  -  Run Local Usage
	0  -  Run Bytes Sent By Job
	0  -  Run Bytes Received By Job
	Job disconnected too long: JobLeaseDuration (2400 seconds) expired
	Partitionable Resources :    Usage  Request Allocated 
	   admin_mutex_1         :                           0 
	   admin_mutex_2         :                           0 
	   admin_mutex_3         :                           0 
	   Cpus                  :     1.00        1         1 
	   Disk (KB)             :    12        2048      5480 
	   GPUs                  :                           0 
	   machine_token         :                           0 
	   Memory (MB)           :   695        6000      6016 
...
001 (19532638.000.000) 2026-06-02 17:06:08 Job executing on host: <10.128.10.64:34449?addrs=10.128.10.64-34449&alias=n-m620-54.icecube.wisc.edu>
	SlotName: slot1_17@n-m620-54.icecube.wisc.edu
	admin_mutex_1 = 0
	admin_mutex_2 = 0
	admin_mutex_3 = 0
	CondorScratchDir = "/scratch/condor/dir_370985"
	Cpus = 1
	Disk = 3072
	GPUs = 0
	machine_token = 0
	Memory = 6016
...
006 (19532638.000.000) 2026-06-02 17:41:26 Image size of job updated: 763652
	746  -  MemoryUsage of job (MB)
	763652  -  ResidentSetSize of job (KB)
...
006 (19532638.000.000) 2026-06-02 17:44:27 Image size of job updated: 814400
	746  -  MemoryUsage of job (MB)
	763652  -  ResidentSetSize of job (KB)
...
005 (19532638.000.000) 2026-06-02 17:44:27 Job terminated.
	(1) Normal termination (return value 0)
		Usr 0 00:36:59, Sys 0 00:00:27  -  Run Remote Usage
		Usr 0 00:00:00, Sys 0 00:00:00  -  Run Local Usage
		Usr 0 01:05:54, Sys 0 00:00:43  -  Total Remote Usage
		Usr 0 00:00:00, Sys 0 00:00:00  -  Total Local Usage
	0  -  Run Bytes Sent By Job
	0  -  Run Bytes Received By Job
	0  -  Total Bytes Sent By Job
	0  -  Total Bytes Received By Job
	Partitionable Resources :    Usage  Request Allocated 
	   admin_mutex_1         :                           0 
	   admin_mutex_2         :                           0 
	   admin_mutex_3         :                           0 
	   Cpus                  :     0.99        1         1 
	   Disk (KB)             :    12        2048      3072 
	   GPUs                  :                           0 
	   machine_token         :                           0 
	   Memory (MB)           :   746        6000      6016 
	   TimeExecute (s)       :  2299                       
	   TimeSlotBusy (s)      :  2299                       

	Job terminated of its own accord at 2026-06-02T22:44:27Z with exit-code 0.
...
