000 (19536093.000.000) 2026-06-02 15:55:44 Job submitted from host: <10.128.10.103:9618?addrs=10.128.10.103-9618&alias=npx-submitter.icecube.wisc.edu&noUDP&sock=schedd_2449_6386>
    DAG Node: Drootprod_20131015_32170
...
001 (19536093.000.000) 2026-06-02 17:14:18 Job executing on host: <10.128.11.26:32775?addrs=10.128.11.26-32775&alias=n-smbc-07.icecube.wisc.edu>
	SlotName: slot1_16@n-smbc-07.icecube.wisc.edu
	admin_mutex_1 = 0
	admin_mutex_2 = 0
	admin_mutex_3 = 0
	CondorScratchDir = "/scratch/condor/dir_764212"
	Cpus = 1
	Disk = 3072
	GPUs = 0
	machine_token = 0
	Memory = 6016
...
006 (19536093.000.000) 2026-06-02 17:14:32 Image size of job updated: 120004
	118  -  MemoryUsage of job (MB)
	120004  -  ResidentSetSize of job (KB)
...
006 (19536093.000.000) 2026-06-02 17:19:33 Image size of job updated: 144680
	142  -  MemoryUsage of job (MB)
	144680  -  ResidentSetSize of job (KB)
...
006 (19536093.000.000) 2026-06-02 17:24:33 Image size of job updated: 164372
	161  -  MemoryUsage of job (MB)
	164372  -  ResidentSetSize of job (KB)
...
006 (19536093.000.000) 2026-06-02 17:29:33 Image size of job updated: 279620
	274  -  MemoryUsage of job (MB)
	279620  -  ResidentSetSize of job (KB)
...
006 (19536093.000.000) 2026-06-02 17:34:34 Image size of job updated: 415904
	407  -  MemoryUsage of job (MB)
	415904  -  ResidentSetSize of job (KB)
...
006 (19536093.000.000) 2026-06-02 17:39:35 Image size of job updated: 728212
	712  -  MemoryUsage of job (MB)
	728212  -  ResidentSetSize of job (KB)
...
006 (19536093.000.000) 2026-06-02 17:43:34 Image size of job updated: 752112
	712  -  MemoryUsage of job (MB)
	728212  -  ResidentSetSize of job (KB)
...
005 (19536093.000.000) 2026-06-02 17:43:34 Job terminated.
	(1) Normal termination (return value 0)
		Usr 0 00:28:29, Sys 0 00:00:15  -  Run Remote Usage
		Usr 0 00:00:00, Sys 0 00:00:00  -  Run Local Usage
		Usr 0 00:28:29, Sys 0 00:00:15  -  Total Remote Usage
		Usr 0 00:00:00, Sys 0 00:00:00  -  Total Local Usage
	0  -  Run Bytes Sent By Job
	0  -  Run Bytes Received By Job
	0  -  Total Bytes Sent By Job
	0  -  Total Bytes Received By Job
	Partitionable Resources :    Usage  Request Allocated 
	   admin_mutex_1         :                           0 
	   admin_mutex_2         :                           0 
	   admin_mutex_3         :                           0 
	   Cpus                  :     0.99        1         1 
	   Disk (KB)             :    10        2048      3072 
	   GPUs                  :                           0 
	   machine_token         :                           0 
	   Memory (MB)           :   712        6000      6016 
	   TimeExecute (s)       :  1756                       
	   TimeSlotBusy (s)      :  1756                       

	Job terminated of its own accord at 2026-06-02T22:43:34Z with exit-code 0.
...
