000 (19534802.000.000) 2026-06-02 15:53:04 Job submitted from host: <10.128.10.103:9618?addrs=10.128.10.103-9618&alias=npx-submitter.icecube.wisc.edu&noUDP&sock=schedd_2449_6386>
    DAG Node: Drootprod_20130724_74317
...
001 (19534802.000.000) 2026-06-02 16:41:03 Job executing on host: <10.128.10.115:33587?addrs=10.128.10.115-33587&alias=n-gibyte-00.icecube.wisc.edu>
	SlotName: slot1_365@n-gibyte-00.icecube.wisc.edu
	admin_mutex_1 = 0
	admin_mutex_2 = 0
	admin_mutex_3 = 0
	CondorScratchDir = "/scratch/condor/dir_2207680"
	Cpus = 1
	Disk = 5480
	GPUs = 0
	machine_token = 0
	Memory = 6016
...
006 (19534802.000.000) 2026-06-02 16:41:16 Image size of job updated: 120076
	118  -  MemoryUsage of job (MB)
	120076  -  ResidentSetSize of job (KB)
...
006 (19534802.000.000) 2026-06-02 16:46:16 Image size of job updated: 143380
	141  -  MemoryUsage of job (MB)
	143380  -  ResidentSetSize of job (KB)
...
006 (19534802.000.000) 2026-06-02 16:51:17 Image size of job updated: 162112
	159  -  MemoryUsage of job (MB)
	162112  -  ResidentSetSize of job (KB)
...
006 (19534802.000.000) 2026-06-02 16:56:17 Image size of job updated: 279404
	273  -  MemoryUsage of job (MB)
	279404  -  ResidentSetSize of job (KB)
...
006 (19534802.000.000) 2026-06-02 17:01:18 Image size of job updated: 410056
	401  -  MemoryUsage of job (MB)
	410056  -  ResidentSetSize of job (KB)
...
006 (19534802.000.000) 2026-06-02 17:06:19 Image size of job updated: 708172
	692  -  MemoryUsage of job (MB)
	708172  -  ResidentSetSize of job (KB)
...
006 (19534802.000.000) 2026-06-02 17:11:19 Image size of job updated: 736764
	720  -  MemoryUsage of job (MB)
	736764  -  ResidentSetSize of job (KB)
...
006 (19534802.000.000) 2026-06-02 17:16:20 Image size of job updated: 762616
	745  -  MemoryUsage of job (MB)
	762616  -  ResidentSetSize of job (KB)
...
006 (19534802.000.000) 2026-06-02 17:18:03 Image size of job updated: 803408
	745  -  MemoryUsage of job (MB)
	762616  -  ResidentSetSize of job (KB)
...
005 (19534802.000.000) 2026-06-02 17:18:03 Job terminated.
	(1) Normal termination (return value 0)
		Usr 0 00:35:13, Sys 0 00:00:24  -  Run Remote Usage
		Usr 0 00:00:00, Sys 0 00:00:00  -  Run Local Usage
		Usr 0 00:35:13, Sys 0 00:00:24  -  Total Remote Usage
		Usr 0 00:00:00, Sys 0 00:00:00  -  Total Local Usage
	0  -  Run Bytes Sent By Job
	0  -  Run Bytes Received By Job
	0  -  Total Bytes Sent By Job
	0  -  Total Bytes Received By Job
	Partitionable Resources :    Usage  Request Allocated 
	   admin_mutex_1         :                           0 
	   admin_mutex_2         :                           0 
	   admin_mutex_3         :                           0 
	   Cpus                  :     0.97        1         1 
	   Disk (KB)             :    10        2048      5480 
	   GPUs                  :                           0 
	   machine_token         :                           0 
	   Memory (MB)           :   745        6000      6016 
	   TimeExecute (s)       :  2220                       
	   TimeSlotBusy (s)      :  2221                       

	Job terminated of its own accord at 2026-06-02T22:18:03Z with exit-code 0.
...
