000 (19533159.000.000) 2026-06-02 15:49:45 Job submitted from host: <10.128.10.103:9618?addrs=10.128.10.103-9618&alias=npx-submitter.icecube.wisc.edu&noUDP&sock=schedd_2449_6386>
    DAG Node: Drootprod_20130409_91791
...
001 (19533159.000.000) 2026-06-02 16:06:19 Job executing on host: <10.128.10.192:35633?addrs=10.128.10.192-35633&alias=n-smepyc-05.icecube.wisc.edu>
	SlotName: slot1_21@n-smepyc-05.icecube.wisc.edu
	admin_mutex_1 = 0
	admin_mutex_2 = 0
	admin_mutex_3 = 0
	CondorScratchDir = "/scratch/condor/dir_87444"
	Cpus = 1
	Disk = 3072
	GPUs = 0
	machine_token = 0
	Memory = 6016
...
006 (19533159.000.000) 2026-06-02 16:06:33 Image size of job updated: 121584
	119  -  MemoryUsage of job (MB)
	121584  -  ResidentSetSize of job (KB)
...
006 (19533159.000.000) 2026-06-02 16:11:34 Image size of job updated: 164264
	161  -  MemoryUsage of job (MB)
	164264  -  ResidentSetSize of job (KB)
...
006 (19533159.000.000) 2026-06-02 16:16:35 Image size of job updated: 416668
	407  -  MemoryUsage of job (MB)
	416668  -  ResidentSetSize of job (KB)
...
006 (19533159.000.000) 2026-06-02 16:17:47 Image size of job updated: 575064
	407  -  MemoryUsage of job (MB)
	416668  -  ResidentSetSize of job (KB)
...
005 (19533159.000.000) 2026-06-02 16:17:47 Job terminated.
	(1) Normal termination (return value 0)
		Usr 0 00:10:40, Sys 0 00:00:11  -  Run Remote Usage
		Usr 0 00:00:00, Sys 0 00:00:00  -  Run Local Usage
		Usr 0 00:10:40, Sys 0 00:00:11  -  Total Remote Usage
		Usr 0 00:00:00, Sys 0 00:00:00  -  Total Local Usage
	0  -  Run Bytes Sent By Job
	0  -  Run Bytes Received By Job
	0  -  Total Bytes Sent By Job
	0  -  Total Bytes Received By Job
	Partitionable Resources :    Usage  Request Allocated 
	   admin_mutex_1         :                           0 
	   admin_mutex_2         :                           0 
	   admin_mutex_3         :                           0 
	   Cpus                  :     0.99        1         1 
	   Disk (KB)             :     7        2048      3072 
	   GPUs                  :                           0 
	   machine_token         :                           0 
	   Memory (MB)           :   407        6000      6016 
	   TimeExecute (s)       :   688                       
	   TimeSlotBusy (s)      :   688                       

	Job terminated of its own accord at 2026-06-02T21:17:47Z with exit-code 0.
...
