000 (19536106.000.000) 2026-06-02 15:55:45 Job submitted from host: <10.128.10.103:9618?addrs=10.128.10.103-9618&alias=npx-submitter.icecube.wisc.edu&noUDP&sock=schedd_2449_6386>
    DAG Node: Drootprod_20131016_37000
...
001 (19536106.000.000) 2026-06-02 17:14:27 Job executing on host: <10.128.10.117:43719?addrs=10.128.10.117-43719&alias=n-gibyte-02.icecube.wisc.edu>
	SlotName: slot1_135@n-gibyte-02.icecube.wisc.edu
	admin_mutex_1 = 0
	admin_mutex_2 = 0
	admin_mutex_3 = 0
	CondorScratchDir = "/scratch/condor/dir_3635350"
	Cpus = 1
	Disk = 5480
	GPUs = 0
	machine_token = 0
	Memory = 6016
...
006 (19536106.000.000) 2026-06-02 17:14:41 Image size of job updated: 120208
	118  -  MemoryUsage of job (MB)
	120208  -  ResidentSetSize of job (KB)
...
006 (19536106.000.000) 2026-06-02 17:19:42 Image size of job updated: 140980
	138  -  MemoryUsage of job (MB)
	140980  -  ResidentSetSize of job (KB)
...
006 (19536106.000.000) 2026-06-02 17:24:42 Image size of job updated: 159528
	156  -  MemoryUsage of job (MB)
	159528  -  ResidentSetSize of job (KB)
...
006 (19536106.000.000) 2026-06-02 17:29:43 Image size of job updated: 272524
	267  -  MemoryUsage of job (MB)
	272524  -  ResidentSetSize of job (KB)
...
006 (19536106.000.000) 2026-06-02 17:34:43 Image size of job updated: 291528
	285  -  MemoryUsage of job (MB)
	291528  -  ResidentSetSize of job (KB)
...
006 (19536106.000.000) 2026-06-02 17:39:44 Image size of job updated: 422160
	413  -  MemoryUsage of job (MB)
	422160  -  ResidentSetSize of job (KB)
...
006 (19536106.000.000) 2026-06-02 17:44:44 Image size of job updated: 727456
	711  -  MemoryUsage of job (MB)
	727456  -  ResidentSetSize of job (KB)
...
006 (19536106.000.000) 2026-06-02 17:49:45 Image size of job updated: 746248
	729  -  MemoryUsage of job (MB)
	746248  -  ResidentSetSize of job (KB)
...
006 (19536106.000.000) 2026-06-02 17:54:46 Image size of job updated: 760072
	743  -  MemoryUsage of job (MB)
	760072  -  ResidentSetSize of job (KB)
...
006 (19536106.000.000) 2026-06-02 17:55:56 Image size of job updated: 783208
	743  -  MemoryUsage of job (MB)
	760072  -  ResidentSetSize of job (KB)
...
005 (19536106.000.000) 2026-06-02 17:55:56 Job terminated.
	(1) Normal termination (return value 0)
		Usr 0 00:39:58, Sys 0 00:00:23  -  Run Remote Usage
		Usr 0 00:00:00, Sys 0 00:00:00  -  Run Local Usage
		Usr 0 00:39:58, Sys 0 00:00:23  -  Total Remote Usage
		Usr 0 00:00:00, Sys 0 00:00:00  -  Total Local Usage
	0  -  Run Bytes Sent By Job
	0  -  Run Bytes Received By Job
	0  -  Total Bytes Sent By Job
	0  -  Total Bytes Received By Job
	Partitionable Resources :    Usage  Request Allocated 
	   admin_mutex_1         :                           0 
	   admin_mutex_2         :                           0 
	   admin_mutex_3         :                           0 
	   Cpus                  :     0.99        1         1 
	   Disk (KB)             :    12        2048      5480 
	   GPUs                  :                           0 
	   machine_token         :                           0 
	   Memory (MB)           :   743        6000      6016 
	   TimeExecute (s)       :  2489                       
	   TimeSlotBusy (s)      :  2490                       

	Job terminated of its own accord at 2026-06-02T22:55:56Z with exit-code 0.
...
