000 (19536196.000.000) 2026-06-02 15:55:56 Job submitted from host: <10.128.10.103:9618?addrs=10.128.10.103-9618&alias=npx-submitter.icecube.wisc.edu&noUDP&sock=schedd_2449_6386>
    DAG Node: Drootprod_20131022_29888
...
001 (19536196.000.000) 2026-06-02 17:15:50 Job executing on host: <10.128.10.191:42321?addrs=10.128.10.191-42321&alias=n-smepyc-04.icecube.wisc.edu>
	SlotName: slot1_75@n-smepyc-04.icecube.wisc.edu
	admin_mutex_1 = 0
	admin_mutex_2 = 0
	admin_mutex_3 = 0
	CondorScratchDir = "/scratch/condor/dir_324355"
	Cpus = 1
	Disk = 3072
	GPUs = 0
	machine_token = 0
	Memory = 6016
...
006 (19536196.000.000) 2026-06-02 17:16:03 Image size of job updated: 122092
	120  -  MemoryUsage of job (MB)
	122092  -  ResidentSetSize of job (KB)
...
006 (19536196.000.000) 2026-06-02 17:21:03 Image size of job updated: 165532
	162  -  MemoryUsage of job (MB)
	165532  -  ResidentSetSize of job (KB)
...
006 (19536196.000.000) 2026-06-02 17:26:03 Image size of job updated: 416320
	407  -  MemoryUsage of job (MB)
	416320  -  ResidentSetSize of job (KB)
...
006 (19536196.000.000) 2026-06-02 17:31:04 Image size of job updated: 757464
	740  -  MemoryUsage of job (MB)
	757464  -  ResidentSetSize of job (KB)
...
006 (19536196.000.000) 2026-06-02 17:31:21 Image size of job updated: 759660
	740  -  MemoryUsage of job (MB)
	757464  -  ResidentSetSize of job (KB)
...
005 (19536196.000.000) 2026-06-02 17:31:21 Job terminated.
	(1) Normal termination (return value 0)
		Usr 0 00:14:48, Sys 0 00:00:15  -  Run Remote Usage
		Usr 0 00:00:00, Sys 0 00:00:00  -  Run Local Usage
		Usr 0 00:14:48, Sys 0 00:00:15  -  Total Remote Usage
		Usr 0 00:00:00, Sys 0 00:00:00  -  Total Local Usage
	0  -  Run Bytes Sent By Job
	0  -  Run Bytes Received By Job
	0  -  Total Bytes Sent By Job
	0  -  Total Bytes Received By Job
	Partitionable Resources :    Usage  Request Allocated 
	   admin_mutex_1         :                           0 
	   admin_mutex_2         :                           0 
	   admin_mutex_3         :                           0 
	   Cpus                  :     0.98        1         1 
	   Disk (KB)             :    10        2048      3072 
	   GPUs                  :                           0 
	   machine_token         :                           0 
	   Memory (MB)           :   740        6000      6016 
	   TimeExecute (s)       :   931                       
	   TimeSlotBusy (s)      :   932                       

	Job terminated of its own accord at 2026-06-02T22:31:21Z with exit-code 0.
...
