000 (19533559.000.000) 2026-06-02 15:50:39 Job submitted from host: <10.128.10.103:9618?addrs=10.128.10.103-9618&alias=npx-submitter.icecube.wisc.edu&noUDP&sock=schedd_2449_6386>
    DAG Node: Drootprod_20130507_57724
...
001 (19533559.000.000) 2026-06-02 16:16:34 Job executing on host: <10.128.10.21:35497?addrs=10.128.10.21-35497&alias=n-m610-11.icecube.wisc.edu>
	SlotName: slot1_3@n-m610-11.icecube.wisc.edu
	admin_mutex_1 = 0
	admin_mutex_2 = 0
	admin_mutex_3 = 0
	CondorScratchDir = "/scratch/condor/dir_2412919"
	Cpus = 1
	Disk = 3072
	GPUs = 0
	machine_token = 0
	Memory = 6016
...
006 (19533559.000.000) 2026-06-02 16:16:47 Image size of job updated: 121564
	119  -  MemoryUsage of job (MB)
	121564  -  ResidentSetSize of job (KB)
...
006 (19533559.000.000) 2026-06-02 16:21:47 Image size of job updated: 153332
	150  -  MemoryUsage of job (MB)
	153332  -  ResidentSetSize of job (KB)
...
006 (19533559.000.000) 2026-06-02 16:26:48 Image size of job updated: 281664
	276  -  MemoryUsage of job (MB)
	281664  -  ResidentSetSize of job (KB)
...
006 (19533559.000.000) 2026-06-02 16:31:49 Image size of job updated: 424404
	415  -  MemoryUsage of job (MB)
	424404  -  ResidentSetSize of job (KB)
...
006 (19533559.000.000) 2026-06-02 16:36:49 Image size of job updated: 747108
	730  -  MemoryUsage of job (MB)
	747108  -  ResidentSetSize of job (KB)
...
006 (19533559.000.000) 2026-06-02 16:39:58 Image size of job updated: 805012
	730  -  MemoryUsage of job (MB)
	747108  -  ResidentSetSize of job (KB)
...
005 (19533559.000.000) 2026-06-02 16:39:58 Job terminated.
	(1) Normal termination (return value 0)
		Usr 0 00:22:13, Sys 0 00:00:19  -  Run Remote Usage
		Usr 0 00:00:00, Sys 0 00:00:00  -  Run Local Usage
		Usr 0 00:22:13, Sys 0 00:00:19  -  Total Remote Usage
		Usr 0 00:00:00, Sys 0 00:00:00  -  Total Local Usage
	0  -  Run Bytes Sent By Job
	0  -  Run Bytes Received By Job
	0  -  Total Bytes Sent By Job
	0  -  Total Bytes Received By Job
	Partitionable Resources :    Usage  Request Allocated 
	   admin_mutex_1         :                           0 
	   admin_mutex_2         :                           0 
	   admin_mutex_3         :                           0 
	   Cpus                  :     0.99        1         1 
	   Disk (KB)             :    10        2048      3072 
	   GPUs                  :                           0 
	   machine_token         :                           0 
	   Memory (MB)           :   730        6000      6016 
	   TimeExecute (s)       :  1404                       
	   TimeSlotBusy (s)      :  1404                       

	Job terminated of its own accord at 2026-06-02T21:39:58Z with exit-code 0.
...
