000 (19532428.000.000) 2026-06-02 15:47:32 Job submitted from host: <10.128.10.103:9618?addrs=10.128.10.103-9618&alias=npx-submitter.icecube.wisc.edu&noUDP&sock=schedd_2449_6386>
    DAG Node: Drootprod_20130127_64652
...
001 (19532428.000.000) 2026-06-02 15:47:37 Job executing on host: <10.128.10.116:38163?addrs=10.128.10.116-38163&alias=n-gibyte-01.icecube.wisc.edu>
	SlotName: slot1_305@n-gibyte-01.icecube.wisc.edu
	admin_mutex_1 = 0
	admin_mutex_2 = 0
	admin_mutex_3 = 0
	CondorScratchDir = "/scratch/condor/dir_2339736"
	Cpus = 1
	Disk = 5480
	GPUs = 0
	machine_token = 0
	Memory = 6016
...
006 (19532428.000.000) 2026-06-02 15:47:46 Image size of job updated: 121272
	119  -  MemoryUsage of job (MB)
	121272  -  ResidentSetSize of job (KB)
...
006 (19532428.000.000) 2026-06-02 15:52:46 Image size of job updated: 142168
	139  -  MemoryUsage of job (MB)
	142168  -  ResidentSetSize of job (KB)
...
006 (19532428.000.000) 2026-06-02 15:57:47 Image size of job updated: 158952
	156  -  MemoryUsage of job (MB)
	158952  -  ResidentSetSize of job (KB)
...
006 (19532428.000.000) 2026-06-02 16:02:47 Image size of job updated: 270504
	265  -  MemoryUsage of job (MB)
	270504  -  ResidentSetSize of job (KB)
...
006 (19532428.000.000) 2026-06-02 16:07:48 Image size of job updated: 288224
	282  -  MemoryUsage of job (MB)
	288224  -  ResidentSetSize of job (KB)
...
006 (19532428.000.000) 2026-06-02 16:12:48 Image size of job updated: 415592
	406  -  MemoryUsage of job (MB)
	415592  -  ResidentSetSize of job (KB)
...
006 (19532428.000.000) 2026-06-02 16:17:49 Image size of job updated: 709672
	694  -  MemoryUsage of job (MB)
	709672  -  ResidentSetSize of job (KB)
...
006 (19532428.000.000) 2026-06-02 16:22:49 Image size of job updated: 735676
	719  -  MemoryUsage of job (MB)
	735676  -  ResidentSetSize of job (KB)
...
022 (19532428.000.000) 2026-06-02 16:23:27 Job disconnected, attempting to reconnect
    Socket between submit and execute hosts closed unexpectedly
    Trying to reconnect to slot1_305@n-gibyte-01.icecube.wisc.edu <10.128.10.116:38163?addrs=10.128.10.116-38163&alias=n-gibyte-01.icecube.wisc.edu>
...
024 (19532428.000.000) 2026-06-02 17:03:27 Job reconnection failed
    Job disconnected too long: JobLeaseDuration (2400 seconds) expired
    Can not reconnect to slot1_305@n-gibyte-01.icecube.wisc.edu, rescheduling job
...
004 (19532428.000.000) 2026-06-02 17:03:37 Job was evicted.
	(0) CPU times
		Usr 0 00:33:53, Sys 0 00:00:19  -  Run Remote Usage
		Usr 0 00:00:00, Sys 0 00:00:00  -  Run Local Usage
	0  -  Run Bytes Sent By Job
	0  -  Run Bytes Received By Job
	Job disconnected too long: JobLeaseDuration (2400 seconds) expired
	Partitionable Resources :    Usage  Request Allocated 
	   admin_mutex_1         :                           0 
	   admin_mutex_2         :                           0 
	   admin_mutex_3         :                           0 
	   Cpus                  :     0.99        1         1 
	   Disk (KB)             :    12        2048      5480 
	   GPUs                  :                           0 
	   machine_token         :                           0 
	   Memory (MB)           :   719        6000      6016 
...
001 (19532428.000.000) 2026-06-02 17:03:54 Job executing on host: <10.128.10.117:43719?addrs=10.128.10.117-43719&alias=n-gibyte-02.icecube.wisc.edu>
	SlotName: slot1_278@n-gibyte-02.icecube.wisc.edu
	admin_mutex_1 = 0
	admin_mutex_2 = 0
	admin_mutex_3 = 0
	CondorScratchDir = "/scratch/condor/dir_3592025"
	Cpus = 1
	Disk = 5480
	GPUs = 0
	machine_token = 0
	Memory = 6016
...
006 (19532428.000.000) 2026-06-02 17:41:43 Image size of job updated: 793580
	733  -  MemoryUsage of job (MB)
	750000  -  ResidentSetSize of job (KB)
...
005 (19532428.000.000) 2026-06-02 17:41:43 Job terminated.
	(1) Normal termination (return value 0)
		Usr 0 00:36:25, Sys 0 00:00:22  -  Run Remote Usage
		Usr 0 00:00:00, Sys 0 00:00:00  -  Run Local Usage
		Usr 0 01:10:18, Sys 0 00:00:41  -  Total Remote Usage
		Usr 0 00:00:00, Sys 0 00:00:00  -  Total Local Usage
	0  -  Run Bytes Sent By Job
	0  -  Run Bytes Received By Job
	0  -  Total Bytes Sent By Job
	0  -  Total Bytes Received By Job
	Partitionable Resources :    Usage  Request Allocated 
	   admin_mutex_1         :                           0 
	   admin_mutex_2         :                           0 
	   admin_mutex_3         :                           0 
	   Cpus                  :     0.99        1         1 
	   Disk (KB)             :    12        2048      5480 
	   GPUs                  :                           0 
	   machine_token         :                           0 
	   Memory (MB)           :   733        6000      6016 
	   TimeExecute (s)       :  2269                       
	   TimeSlotBusy (s)      :  2270                       

	Job terminated of its own accord at 2026-06-02T22:41:43Z with exit-code 0.
...
