000 (19532478.000.000) 2026-06-02 15:47:44 Job submitted from host: <10.128.10.103:9618?addrs=10.128.10.103-9618&alias=npx-submitter.icecube.wisc.edu&noUDP&sock=schedd_2449_6386>
    DAG Node: Drootprod_20130203_59366
...
001 (19532478.000.000) 2026-06-02 15:47:49 Job executing on host: <10.128.10.116:38163?addrs=10.128.10.116-38163&alias=n-gibyte-01.icecube.wisc.edu>
	SlotName: slot1_338@n-gibyte-01.icecube.wisc.edu
	admin_mutex_1 = 0
	admin_mutex_2 = 0
	admin_mutex_3 = 0
	CondorScratchDir = "/scratch/condor/dir_2345872"
	Cpus = 1
	Disk = 5480
	GPUs = 0
	machine_token = 0
	Memory = 6016
...
006 (19532478.000.000) 2026-06-02 15:48:03 Image size of job updated: 120840
	119  -  MemoryUsage of job (MB)
	120840  -  ResidentSetSize of job (KB)
...
006 (19532478.000.000) 2026-06-02 15:53:04 Image size of job updated: 141048
	138  -  MemoryUsage of job (MB)
	141048  -  ResidentSetSize of job (KB)
...
006 (19532478.000.000) 2026-06-02 15:58:04 Image size of job updated: 158468
	155  -  MemoryUsage of job (MB)
	158468  -  ResidentSetSize of job (KB)
...
006 (19532478.000.000) 2026-06-02 16:03:04 Image size of job updated: 270272
	264  -  MemoryUsage of job (MB)
	270272  -  ResidentSetSize of job (KB)
...
006 (19532478.000.000) 2026-06-02 16:08:05 Image size of job updated: 288260
	282  -  MemoryUsage of job (MB)
	288260  -  ResidentSetSize of job (KB)
...
006 (19532478.000.000) 2026-06-02 16:13:05 Image size of job updated: 416032
	407  -  MemoryUsage of job (MB)
	416032  -  ResidentSetSize of job (KB)
...
006 (19532478.000.000) 2026-06-02 16:18:06 Image size of job updated: 718476
	702  -  MemoryUsage of job (MB)
	718476  -  ResidentSetSize of job (KB)
...
006 (19532478.000.000) 2026-06-02 16:23:06 Image size of job updated: 742812
	726  -  MemoryUsage of job (MB)
	742812  -  ResidentSetSize of job (KB)
...
022 (19532478.000.000) 2026-06-02 16:23:27 Job disconnected, attempting to reconnect
    Socket between submit and execute hosts closed unexpectedly
    Trying to reconnect to slot1_338@n-gibyte-01.icecube.wisc.edu <10.128.10.116:38163?addrs=10.128.10.116-38163&alias=n-gibyte-01.icecube.wisc.edu>
...
024 (19532478.000.000) 2026-06-02 17:03:27 Job reconnection failed
    Job disconnected too long: JobLeaseDuration (2400 seconds) expired
    Can not reconnect to slot1_338@n-gibyte-01.icecube.wisc.edu, rescheduling job
...
004 (19532478.000.000) 2026-06-02 17:03:37 Job was evicted.
	(0) CPU times
		Usr 0 00:33:47, Sys 0 00:00:19  -  Run Remote Usage
		Usr 0 00:00:00, Sys 0 00:00:00  -  Run Local Usage
	0  -  Run Bytes Sent By Job
	0  -  Run Bytes Received By Job
	Job disconnected too long: JobLeaseDuration (2400 seconds) expired
	Partitionable Resources :    Usage  Request Allocated 
	   admin_mutex_1         :                           0 
	   admin_mutex_2         :                           0 
	   admin_mutex_3         :                           0 
	   Cpus                  :     0.98        1         1 
	   Disk (KB)             :    12        2048      5480 
	   GPUs                  :                           0 
	   machine_token         :                           0 
	   Memory (MB)           :   726        6000      6016 
...
001 (19532478.000.000) 2026-06-02 17:04:25 Job executing on host: <10.128.10.115:33587?addrs=10.128.10.115-33587&alias=n-gibyte-00.icecube.wisc.edu>
	SlotName: slot1_157@n-gibyte-00.icecube.wisc.edu
	admin_mutex_1 = 0
	admin_mutex_2 = 0
	admin_mutex_3 = 0
	CondorScratchDir = "/scratch/condor/dir_2301390"
	Cpus = 1
	Disk = 5480
	GPUs = 0
	machine_token = 0
	Memory = 6016
...
006 (19532478.000.000) 2026-06-02 17:44:43 Image size of job updated: 756792
	740  -  MemoryUsage of job (MB)
	756792  -  ResidentSetSize of job (KB)
...
006 (19532478.000.000) 2026-06-02 17:49:43 Image size of job updated: 778192
	760  -  MemoryUsage of job (MB)
	778192  -  ResidentSetSize of job (KB)
...
006 (19532478.000.000) 2026-06-02 17:49:55 Image size of job updated: 800436
	760  -  MemoryUsage of job (MB)
	778192  -  ResidentSetSize of job (KB)
...
005 (19532478.000.000) 2026-06-02 17:49:55 Job terminated.
	(1) Normal termination (return value 0)
		Usr 0 00:43:49, Sys 0 00:00:26  -  Run Remote Usage
		Usr 0 00:00:00, Sys 0 00:00:00  -  Run Local Usage
		Usr 0 01:17:36, Sys 0 00:00:45  -  Total Remote Usage
		Usr 0 00:00:00, Sys 0 00:00:00  -  Total Local Usage
	0  -  Run Bytes Sent By Job
	0  -  Run Bytes Received By Job
	0  -  Total Bytes Sent By Job
	0  -  Total Bytes Received By Job
	Partitionable Resources :    Usage  Request Allocated 
	   admin_mutex_1         :                           0 
	   admin_mutex_2         :                           0 
	   admin_mutex_3         :                           0 
	   Cpus                  :     0.99        1         1 
	   Disk (KB)             :    12        2048      5480 
	   GPUs                  :                           0 
	   machine_token         :                           0 
	   Memory (MB)           :   760        6000      6016 
	   TimeExecute (s)       :  2730                       
	   TimeSlotBusy (s)      :  2730                       

	Job terminated of its own accord at 2026-06-02T22:49:55Z with exit-code 0.
...
