000 (19535871.000.000) 2026-06-02 15:55:15 Job submitted from host: <10.128.10.103:9618?addrs=10.128.10.103-9618&alias=npx-submitter.icecube.wisc.edu&noUDP&sock=schedd_2449_6386>
    DAG Node: Drootprod_20131001_86405
...
001 (19535871.000.000) 2026-06-02 17:01:24 Job executing on host: <10.128.10.11:37313?addrs=10.128.10.11-37313&alias=n-m610-01.icecube.wisc.edu>
	SlotName: slot1_2@n-m610-01.icecube.wisc.edu
	admin_mutex_1 = 0
	admin_mutex_2 = 0
	admin_mutex_3 = 0
	CondorScratchDir = "/scratch/condor/dir_1387245"
	Cpus = 1
	Disk = 3072
	GPUs = 0
	machine_token = 0
	Memory = 6016
...
006 (19535871.000.000) 2026-06-02 17:01:37 Image size of job updated: 120996
	119  -  MemoryUsage of job (MB)
	120996  -  ResidentSetSize of job (KB)
...
006 (19535871.000.000) 2026-06-02 17:06:37 Image size of job updated: 154684
	152  -  MemoryUsage of job (MB)
	154684  -  ResidentSetSize of job (KB)
...
006 (19535871.000.000) 2026-06-02 17:11:38 Image size of job updated: 281104
	275  -  MemoryUsage of job (MB)
	281104  -  ResidentSetSize of job (KB)
...
006 (19535871.000.000) 2026-06-02 17:16:39 Image size of job updated: 424548
	415  -  MemoryUsage of job (MB)
	424548  -  ResidentSetSize of job (KB)
...
006 (19535871.000.000) 2026-06-02 17:21:39 Image size of job updated: 749032
	732  -  MemoryUsage of job (MB)
	749032  -  ResidentSetSize of job (KB)
...
006 (19535871.000.000) 2026-06-02 17:22:23 Image size of job updated: 770468
	732  -  MemoryUsage of job (MB)
	749032  -  ResidentSetSize of job (KB)
...
005 (19535871.000.000) 2026-06-02 17:22:23 Job terminated.
	(1) Normal termination (return value 0)
		Usr 0 00:19:41, Sys 0 00:00:16  -  Run Remote Usage
		Usr 0 00:00:00, Sys 0 00:00:00  -  Run Local Usage
		Usr 0 00:19:41, Sys 0 00:00:16  -  Total Remote Usage
		Usr 0 00:00:00, Sys 0 00:00:00  -  Total Local Usage
	0  -  Run Bytes Sent By Job
	0  -  Run Bytes Received By Job
	0  -  Total Bytes Sent By Job
	0  -  Total Bytes Received By Job
	Partitionable Resources :    Usage  Request Allocated 
	   admin_mutex_1         :                           0 
	   admin_mutex_2         :                           0 
	   admin_mutex_3         :                           0 
	   Cpus                  :     0.97        1         1 
	   Disk (KB)             :    10        2048      3072 
	   GPUs                  :                           0 
	   machine_token         :                           0 
	   Memory (MB)           :   732        6000      6016 
	   TimeExecute (s)       :  1259                       
	   TimeSlotBusy (s)      :  1259                       

	Job terminated of its own accord at 2026-06-02T22:22:23Z with exit-code 0.
...
