000 (19536803.000.000) 2026-06-02 15:57:14 Job submitted from host: <10.128.10.103:9618?addrs=10.128.10.103-9618&alias=npx-submitter.icecube.wisc.edu&noUDP&sock=schedd_2449_6386>
    DAG Node: Drootprod_20131203_97875
...
001 (19536803.000.000) 2026-06-02 17:27:01 Job executing on host: <10.128.10.117:43719?addrs=10.128.10.117-43719&alias=n-gibyte-02.icecube.wisc.edu>
	SlotName: slot1_454@n-gibyte-02.icecube.wisc.edu
	admin_mutex_1 = 0
	admin_mutex_2 = 0
	admin_mutex_3 = 0
	CondorScratchDir = "/scratch/condor/dir_3693727"
	Cpus = 1
	Disk = 5480
	GPUs = 0
	machine_token = 0
	Memory = 6016
...
006 (19536803.000.000) 2026-06-02 17:27:15 Image size of job updated: 119024
	117  -  MemoryUsage of job (MB)
	119024  -  ResidentSetSize of job (KB)
...
006 (19536803.000.000) 2026-06-02 17:32:16 Image size of job updated: 139828
	137  -  MemoryUsage of job (MB)
	139828  -  ResidentSetSize of job (KB)
...
006 (19536803.000.000) 2026-06-02 17:37:16 Image size of job updated: 156424
	153  -  MemoryUsage of job (MB)
	156424  -  ResidentSetSize of job (KB)
...
006 (19536803.000.000) 2026-06-02 17:42:17 Image size of job updated: 173188
	170  -  MemoryUsage of job (MB)
	173188  -  ResidentSetSize of job (KB)
...
006 (19536803.000.000) 2026-06-02 17:47:17 Image size of job updated: 286128
	280  -  MemoryUsage of job (MB)
	286128  -  ResidentSetSize of job (KB)
...
006 (19536803.000.000) 2026-06-02 17:52:18 Image size of job updated: 409088
	400  -  MemoryUsage of job (MB)
	409088  -  ResidentSetSize of job (KB)
...
006 (19536803.000.000) 2026-06-02 17:57:18 Image size of job updated: 423068
	414  -  MemoryUsage of job (MB)
	423068  -  ResidentSetSize of job (KB)
...
006 (19536803.000.000) 2026-06-02 18:02:18 Image size of job updated: 710788
	695  -  MemoryUsage of job (MB)
	710788  -  ResidentSetSize of job (KB)
...
006 (19536803.000.000) 2026-06-02 18:07:19 Image size of job updated: 730664
	714  -  MemoryUsage of job (MB)
	730664  -  ResidentSetSize of job (KB)
...
006 (19536803.000.000) 2026-06-02 18:09:42 Image size of job updated: 739940
	714  -  MemoryUsage of job (MB)
	730664  -  ResidentSetSize of job (KB)
...
005 (19536803.000.000) 2026-06-02 18:09:42 Job terminated.
	(1) Normal termination (return value 0)
		Usr 0 00:41:06, Sys 0 00:00:22  -  Run Remote Usage
		Usr 0 00:00:00, Sys 0 00:00:00  -  Run Local Usage
		Usr 0 00:41:06, Sys 0 00:00:22  -  Total Remote Usage
		Usr 0 00:00:00, Sys 0 00:00:00  -  Total Local Usage
	0  -  Run Bytes Sent By Job
	0  -  Run Bytes Received By Job
	0  -  Total Bytes Sent By Job
	0  -  Total Bytes Received By Job
	Partitionable Resources :    Usage  Request Allocated 
	   admin_mutex_1         :                           0 
	   admin_mutex_2         :                           0 
	   admin_mutex_3         :                           0 
	   Cpus                  :     0.99        1         1 
	   Disk (KB)             :    10        2048      5480 
	   GPUs                  :                           0 
	   machine_token         :                           0 
	   Memory (MB)           :   714        6000      6016 
	   TimeExecute (s)       :  2561                       
	   TimeSlotBusy (s)      :  2562                       

	Job terminated of its own accord at 2026-06-02T23:09:42Z with exit-code 0.
...
