000 (19533990.000.000) 2026-06-02 15:51:34 Job submitted from host: <10.128.10.103:9618?addrs=10.128.10.103-9618&alias=npx-submitter.icecube.wisc.edu&noUDP&sock=schedd_2449_6386>
    DAG Node: Drootprod_20130605_86562
...
001 (19533990.000.000) 2026-06-02 16:24:37 Job executing on host: <10.128.10.189:44027?addrs=10.128.10.189-44027&alias=n-smepyc-02.icecube.wisc.edu>
	SlotName: slot1_66@n-smepyc-02.icecube.wisc.edu
	admin_mutex_1 = 0
	admin_mutex_2 = 0
	admin_mutex_3 = 0
	CondorScratchDir = "/scratch/condor/dir_354813"
	Cpus = 1
	Disk = 3072
	GPUs = 0
	machine_token = 0
	Memory = 6016
...
006 (19533990.000.000) 2026-06-02 16:24:50 Image size of job updated: 123164
	121  -  MemoryUsage of job (MB)
	123164  -  ResidentSetSize of job (KB)
...
006 (19533990.000.000) 2026-06-02 16:29:50 Image size of job updated: 172448
	169  -  MemoryUsage of job (MB)
	172448  -  ResidentSetSize of job (KB)
...
006 (19533990.000.000) 2026-06-02 16:34:51 Image size of job updated: 565312
	553  -  MemoryUsage of job (MB)
	565312  -  ResidentSetSize of job (KB)
...
006 (19533990.000.000) 2026-06-02 16:39:51 Image size of job updated: 774260
	757  -  MemoryUsage of job (MB)
	774260  -  ResidentSetSize of job (KB)
...
006 (19533990.000.000) 2026-06-02 16:40:19 Image size of job updated: 779496
	757  -  MemoryUsage of job (MB)
	774260  -  ResidentSetSize of job (KB)
...
005 (19533990.000.000) 2026-06-02 16:40:19 Job terminated.
	(1) Normal termination (return value 0)
		Usr 0 00:14:41, Sys 0 00:00:15  -  Run Remote Usage
		Usr 0 00:00:00, Sys 0 00:00:00  -  Run Local Usage
		Usr 0 00:14:41, Sys 0 00:00:15  -  Total Remote Usage
		Usr 0 00:00:00, Sys 0 00:00:00  -  Total Local Usage
	0  -  Run Bytes Sent By Job
	0  -  Run Bytes Received By Job
	0  -  Total Bytes Sent By Job
	0  -  Total Bytes Received By Job
	Partitionable Resources :    Usage  Request Allocated 
	   admin_mutex_1         :                           0 
	   admin_mutex_2         :                           0 
	   admin_mutex_3         :                           0 
	   Cpus                  :     0.99        1         1 
	   Disk (KB)             :    10        2048      3072 
	   GPUs                  :                           0 
	   machine_token         :                           0 
	   Memory (MB)           :   757        6000      6016 
	   TimeExecute (s)       :   942                       
	   TimeSlotBusy (s)      :   942                       

	Job terminated of its own accord at 2026-06-02T21:40:19Z with exit-code 0.
...
