000 (19535354.000.000) 2026-06-02 15:54:09 Job submitted from host: <10.128.10.103:9618?addrs=10.128.10.103-9618&alias=npx-submitter.icecube.wisc.edu&noUDP&sock=schedd_2449_6386>
    DAG Node: Drootprod_20130826_60407
...
001 (19535354.000.000) 2026-06-02 16:51:57 Job executing on host: <10.128.10.117:43719?addrs=10.128.10.117-43719&alias=n-gibyte-02.icecube.wisc.edu>
	SlotName: slot1_5@n-gibyte-02.icecube.wisc.edu
	admin_mutex_1 = 0
	admin_mutex_2 = 0
	admin_mutex_3 = 0
	CondorScratchDir = "/scratch/condor/dir_3543927"
	Cpus = 1
	Disk = 5480
	GPUs = 0
	machine_token = 0
	Memory = 6016
...
006 (19535354.000.000) 2026-06-02 16:52:11 Image size of job updated: 119300
	117  -  MemoryUsage of job (MB)
	119300  -  ResidentSetSize of job (KB)
...
006 (19535354.000.000) 2026-06-02 16:57:12 Image size of job updated: 140352
	138  -  MemoryUsage of job (MB)
	140352  -  ResidentSetSize of job (KB)
...
006 (19535354.000.000) 2026-06-02 17:02:12 Image size of job updated: 158084
	155  -  MemoryUsage of job (MB)
	158084  -  ResidentSetSize of job (KB)
...
006 (19535354.000.000) 2026-06-02 17:07:13 Image size of job updated: 271244
	265  -  MemoryUsage of job (MB)
	271244  -  ResidentSetSize of job (KB)
...
006 (19535354.000.000) 2026-06-02 17:12:13 Image size of job updated: 290036
	284  -  MemoryUsage of job (MB)
	290036  -  ResidentSetSize of job (KB)
...
006 (19535354.000.000) 2026-06-02 17:17:14 Image size of job updated: 419332
	410  -  MemoryUsage of job (MB)
	419332  -  ResidentSetSize of job (KB)
...
006 (19535354.000.000) 2026-06-02 17:22:14 Image size of job updated: 719548
	703  -  MemoryUsage of job (MB)
	719548  -  ResidentSetSize of job (KB)
...
006 (19535354.000.000) 2026-06-02 17:25:58 Image size of job updated: 745404
	703  -  MemoryUsage of job (MB)
	719548  -  ResidentSetSize of job (KB)
...
005 (19535354.000.000) 2026-06-02 17:25:58 Job terminated.
	(1) Normal termination (return value 0)
		Usr 0 00:32:36, Sys 0 00:00:20  -  Run Remote Usage
		Usr 0 00:00:00, Sys 0 00:00:00  -  Run Local Usage
		Usr 0 00:32:36, Sys 0 00:00:20  -  Total Remote Usage
		Usr 0 00:00:00, Sys 0 00:00:00  -  Total Local Usage
	0  -  Run Bytes Sent By Job
	0  -  Run Bytes Received By Job
	0  -  Total Bytes Sent By Job
	0  -  Total Bytes Received By Job
	Partitionable Resources :    Usage  Request Allocated 
	   admin_mutex_1         :                           0 
	   admin_mutex_2         :                           0 
	   admin_mutex_3         :                           0 
	   Cpus                  :     0.96        1         1 
	   Disk (KB)             :    10        2048      5480 
	   GPUs                  :                           0 
	   machine_token         :                           0 
	   Memory (MB)           :   703        6000      6016 
	   TimeExecute (s)       :  2041                       
	   TimeSlotBusy (s)      :  2042                       

	Job terminated of its own accord at 2026-06-02T22:25:58Z with exit-code 0.
...
