000 (19533444.000.000) 2026-06-02 15:50:25 Job submitted from host: <10.128.10.103:9618?addrs=10.128.10.103-9618&alias=npx-submitter.icecube.wisc.edu&noUDP&sock=schedd_2449_6386>
    DAG Node: Drootprod_20130428_18818
...
001 (19533444.000.000) 2026-06-02 16:13:59 Job executing on host: <10.128.10.190:46289?addrs=10.128.10.190-46289&alias=n-smepyc-03.icecube.wisc.edu>
	SlotName: slot1_49@n-smepyc-03.icecube.wisc.edu
	admin_mutex_1 = 0
	admin_mutex_2 = 0
	admin_mutex_3 = 0
	CondorScratchDir = "/scratch/condor/dir_3558373"
	Cpus = 1
	Disk = 3072
	GPUs = 0
	machine_token = 0
	Memory = 6016
...
006 (19533444.000.000) 2026-06-02 16:14:13 Image size of job updated: 123224
	121  -  MemoryUsage of job (MB)
	123224  -  ResidentSetSize of job (KB)
...
006 (19533444.000.000) 2026-06-02 16:19:14 Image size of job updated: 166284
	163  -  MemoryUsage of job (MB)
	166284  -  ResidentSetSize of job (KB)
...
006 (19533444.000.000) 2026-06-02 16:24:14 Image size of job updated: 418216
	409  -  MemoryUsage of job (MB)
	418216  -  ResidentSetSize of job (KB)
...
006 (19533444.000.000) 2026-06-02 16:29:14 Image size of job updated: 757212
	740  -  MemoryUsage of job (MB)
	757212  -  ResidentSetSize of job (KB)
...
006 (19533444.000.000) 2026-06-02 16:30:24 Image size of job updated: 780300
	740  -  MemoryUsage of job (MB)
	757212  -  ResidentSetSize of job (KB)
...
005 (19533444.000.000) 2026-06-02 16:30:24 Job terminated.
	(1) Normal termination (return value 0)
		Usr 0 00:15:23, Sys 0 00:00:16  -  Run Remote Usage
		Usr 0 00:00:00, Sys 0 00:00:00  -  Run Local Usage
		Usr 0 00:15:23, Sys 0 00:00:16  -  Total Remote Usage
		Usr 0 00:00:00, Sys 0 00:00:00  -  Total Local Usage
	0  -  Run Bytes Sent By Job
	0  -  Run Bytes Received By Job
	0  -  Total Bytes Sent By Job
	0  -  Total Bytes Received By Job
	Partitionable Resources :    Usage  Request Allocated 
	   admin_mutex_1         :                           0 
	   admin_mutex_2         :                           0 
	   admin_mutex_3         :                           0 
	   Cpus                  :     0.95        1         1 
	   Disk (KB)             :    10        2048      3072 
	   GPUs                  :                           0 
	   machine_token         :                           0 
	   Memory (MB)           :   740        6000      6016 
	   TimeExecute (s)       :   985                       
	   TimeSlotBusy (s)      :   985                       

	Job terminated of its own accord at 2026-06-02T21:30:24Z with exit-code 0.
...
