000 (19533320.000.000) 2026-06-02 15:50:08 Job submitted from host: <10.128.10.103:9618?addrs=10.128.10.103-9618&alias=npx-submitter.icecube.wisc.edu&noUDP&sock=schedd_2449_6386>
    DAG Node: Drootprod_20130421_45551
...
001 (19533320.000.000) 2026-06-02 16:11:48 Job executing on host: <10.128.10.39:39847?addrs=10.128.10.39-39847&alias=n-m610-29.icecube.wisc.edu>
	SlotName: slot1_6@n-m610-29.icecube.wisc.edu
	admin_mutex_1 = 0
	admin_mutex_2 = 0
	admin_mutex_3 = 0
	CondorScratchDir = "/scratch/condor/dir_1307295"
	Cpus = 1
	Disk = 3072
	GPUs = 0
	machine_token = 0
	Memory = 6016
...
006 (19533320.000.000) 2026-06-02 16:12:01 Image size of job updated: 121292
	119  -  MemoryUsage of job (MB)
	121292  -  ResidentSetSize of job (KB)
...
006 (19533320.000.000) 2026-06-02 16:17:01 Image size of job updated: 155812
	153  -  MemoryUsage of job (MB)
	155812  -  ResidentSetSize of job (KB)
...
006 (19533320.000.000) 2026-06-02 16:22:02 Image size of job updated: 284132
	278  -  MemoryUsage of job (MB)
	284132  -  ResidentSetSize of job (KB)
...
006 (19533320.000.000) 2026-06-02 16:27:03 Image size of job updated: 566388
	554  -  MemoryUsage of job (MB)
	566388  -  ResidentSetSize of job (KB)
...
006 (19533320.000.000) 2026-06-02 16:32:03 Image size of job updated: 751228
	734  -  MemoryUsage of job (MB)
	751228  -  ResidentSetSize of job (KB)
...
006 (19533320.000.000) 2026-06-02 16:33:37 Image size of job updated: 795772
	734  -  MemoryUsage of job (MB)
	751228  -  ResidentSetSize of job (KB)
...
005 (19533320.000.000) 2026-06-02 16:33:37 Job terminated.
	(1) Normal termination (return value 0)
		Usr 0 00:20:36, Sys 0 00:00:16  -  Run Remote Usage
		Usr 0 00:00:00, Sys 0 00:00:00  -  Run Local Usage
		Usr 0 00:20:36, Sys 0 00:00:16  -  Total Remote Usage
		Usr 0 00:00:00, Sys 0 00:00:00  -  Total Local Usage
	0  -  Run Bytes Sent By Job
	0  -  Run Bytes Received By Job
	0  -  Total Bytes Sent By Job
	0  -  Total Bytes Received By Job
	Partitionable Resources :    Usage  Request Allocated 
	   admin_mutex_1         :                           0 
	   admin_mutex_2         :                           0 
	   admin_mutex_3         :                           0 
	   Cpus                  :     0.98        1         1 
	   Disk (KB)             :    10        2048      3072 
	   GPUs                  :                           0 
	   machine_token         :                           0 
	   Memory (MB)           :   734        6000      6016 
	   TimeExecute (s)       :  1309                       
	   TimeSlotBusy (s)      :  1309                       

	Job terminated of its own accord at 2026-06-02T21:33:37Z with exit-code 0.
...
