000 (19536943.000.000) 2026-06-02 15:57:35 Job submitted from host: <10.128.10.103:9618?addrs=10.128.10.103-9618&alias=npx-submitter.icecube.wisc.edu&noUDP&sock=schedd_2449_6386>
    DAG Node: Drootprod_20131213_70316
...
001 (19536943.000.000) 2026-06-02 17:29:25 Job executing on host: <10.128.10.191:42321?addrs=10.128.10.191-42321&alias=n-smepyc-04.icecube.wisc.edu>
	SlotName: slot1_77@n-smepyc-04.icecube.wisc.edu
	admin_mutex_1 = 0
	admin_mutex_2 = 0
	admin_mutex_3 = 0
	CondorScratchDir = "/scratch/condor/dir_376925"
	Cpus = 1
	Disk = 3072
	GPUs = 0
	machine_token = 0
	Memory = 6016
...
006 (19536943.000.000) 2026-06-02 17:29:39 Image size of job updated: 122340
	120  -  MemoryUsage of job (MB)
	122340  -  ResidentSetSize of job (KB)
...
006 (19536943.000.000) 2026-06-02 17:34:40 Image size of job updated: 154728
	152  -  MemoryUsage of job (MB)
	154728  -  ResidentSetSize of job (KB)
...
006 (19536943.000.000) 2026-06-02 17:39:41 Image size of job updated: 289580
	283  -  MemoryUsage of job (MB)
	289580  -  ResidentSetSize of job (KB)
...
006 (19536943.000.000) 2026-06-02 17:44:41 Image size of job updated: 727820
	711  -  MemoryUsage of job (MB)
	727820  -  ResidentSetSize of job (KB)
...
006 (19536943.000.000) 2026-06-02 17:45:39 Image size of job updated: 742388
	711  -  MemoryUsage of job (MB)
	727820  -  ResidentSetSize of job (KB)
...
005 (19536943.000.000) 2026-06-02 17:45:39 Job terminated.
	(1) Normal termination (return value 0)
		Usr 0 00:15:31, Sys 0 00:00:17  -  Run Remote Usage
		Usr 0 00:00:00, Sys 0 00:00:00  -  Run Local Usage
		Usr 0 00:15:31, Sys 0 00:00:17  -  Total Remote Usage
		Usr 0 00:00:00, Sys 0 00:00:00  -  Total Local Usage
	0  -  Run Bytes Sent By Job
	0  -  Run Bytes Received By Job
	0  -  Total Bytes Sent By Job
	0  -  Total Bytes Received By Job
	Partitionable Resources :    Usage  Request Allocated 
	   admin_mutex_1         :                           0 
	   admin_mutex_2         :                           0 
	   admin_mutex_3         :                           0 
	   Cpus                  :     0.99        1         1 
	   Disk (KB)             :    12        2048      3072 
	   GPUs                  :                           0 
	   machine_token         :                           0 
	   Memory (MB)           :   711        6000      6016 
	   TimeExecute (s)       :   974                       
	   TimeSlotBusy (s)      :   974                       

	Job terminated of its own accord at 2026-06-02T22:45:39Z with exit-code 0.
...
