000 (19533131.000.000) 2026-06-02 15:49:42 Job submitted from host: <10.128.10.103:9618?addrs=10.128.10.103-9618&alias=npx-submitter.icecube.wisc.edu&noUDP&sock=schedd_2449_6386>
    DAG Node: Drootprod_20130406_69694
...
001 (19533131.000.000) 2026-06-02 16:05:38 Job executing on host: <10.128.10.117:43719?addrs=10.128.10.117-43719&alias=n-gibyte-02.icecube.wisc.edu>
	SlotName: slot1_113@n-gibyte-02.icecube.wisc.edu
	admin_mutex_1 = 0
	admin_mutex_2 = 0
	admin_mutex_3 = 0
	CondorScratchDir = "/scratch/condor/dir_3360258"
	Cpus = 1
	Disk = 5480
	GPUs = 0
	machine_token = 0
	Memory = 6016
...
006 (19533131.000.000) 2026-06-02 16:05:51 Image size of job updated: 117516
	115  -  MemoryUsage of job (MB)
	117516  -  ResidentSetSize of job (KB)
...
006 (19533131.000.000) 2026-06-02 16:10:51 Image size of job updated: 136944
	134  -  MemoryUsage of job (MB)
	136944  -  ResidentSetSize of job (KB)
...
006 (19533131.000.000) 2026-06-02 16:15:52 Image size of job updated: 154240
	151  -  MemoryUsage of job (MB)
	154240  -  ResidentSetSize of job (KB)
...
006 (19533131.000.000) 2026-06-02 16:20:52 Image size of job updated: 165780
	162  -  MemoryUsage of job (MB)
	165780  -  ResidentSetSize of job (KB)
...
006 (19533131.000.000) 2026-06-02 16:25:53 Image size of job updated: 274820
	269  -  MemoryUsage of job (MB)
	274820  -  ResidentSetSize of job (KB)
...
006 (19533131.000.000) 2026-06-02 16:30:53 Image size of job updated: 408276
	399  -  MemoryUsage of job (MB)
	408276  -  ResidentSetSize of job (KB)
...
006 (19533131.000.000) 2026-06-02 16:35:54 Image size of job updated: 424000
	415  -  MemoryUsage of job (MB)
	424000  -  ResidentSetSize of job (KB)
...
006 (19533131.000.000) 2026-06-02 16:40:54 Image size of job updated: 726992
	710  -  MemoryUsage of job (MB)
	726992  -  ResidentSetSize of job (KB)
...
006 (19533131.000.000) 2026-06-02 16:45:55 Image size of job updated: 746884
	730  -  MemoryUsage of job (MB)
	746884  -  ResidentSetSize of job (KB)
...
006 (19533131.000.000) 2026-06-02 16:50:55 Image size of job updated: 765580
	748  -  MemoryUsage of job (MB)
	765580  -  ResidentSetSize of job (KB)
...
006 (19533131.000.000) 2026-06-02 16:51:44 Image size of job updated: 801104
	748  -  MemoryUsage of job (MB)
	765580  -  ResidentSetSize of job (KB)
...
005 (19533131.000.000) 2026-06-02 16:51:44 Job terminated.
	(1) Normal termination (return value 0)
		Usr 0 00:44:10, Sys 0 00:00:27  -  Run Remote Usage
		Usr 0 00:00:00, Sys 0 00:00:00  -  Run Local Usage
		Usr 0 00:44:10, Sys 0 00:00:27  -  Total Remote Usage
		Usr 0 00:00:00, Sys 0 00:00:00  -  Total Local Usage
	0  -  Run Bytes Sent By Job
	0  -  Run Bytes Received By Job
	0  -  Total Bytes Sent By Job
	0  -  Total Bytes Received By Job
	Partitionable Resources :    Usage  Request Allocated 
	   admin_mutex_1         :                           0 
	   admin_mutex_2         :                           0 
	   admin_mutex_3         :                           0 
	   Cpus                  :     0.98        1         1 
	   Disk (KB)             :    10        2048      5480 
	   GPUs                  :                           0 
	   machine_token         :                           0 
	   Memory (MB)           :   748        6000      6016 
	   TimeExecute (s)       :  2766                       
	   TimeSlotBusy (s)      :  2767                       

	Job terminated of its own accord at 2026-06-02T21:51:44Z with exit-code 0.
...
