000 (19532739.000.000) 2026-06-02 15:48:38 Job submitted from host: <10.128.10.103:9618?addrs=10.128.10.103-9618&alias=npx-submitter.icecube.wisc.edu&noUDP&sock=schedd_2449_6386>
    DAG Node: Drootprod_20130303_64624
...
001 (19532739.000.000) 2026-06-02 15:48:59 Job executing on host: <10.128.10.28:43283?addrs=10.128.10.28-43283&alias=n-m610-18.icecube.wisc.edu>
	SlotName: slot1_7@n-m610-18.icecube.wisc.edu
	admin_mutex_1 = 0
	admin_mutex_2 = 0
	admin_mutex_3 = 0
	CondorScratchDir = "/scratch/condor/dir_1362325"
	Cpus = 1
	Disk = 3072
	GPUs = 0
	machine_token = 0
	Memory = 6016
...
006 (19532739.000.000) 2026-06-02 15:49:13 Image size of job updated: 94476
	93  -  MemoryUsage of job (MB)
	94476  -  ResidentSetSize of job (KB)
...
006 (19532739.000.000) 2026-06-02 15:54:13 Image size of job updated: 153800
	151  -  MemoryUsage of job (MB)
	153800  -  ResidentSetSize of job (KB)
...
006 (19532739.000.000) 2026-06-02 15:56:58 Image size of job updated: 168656
	151  -  MemoryUsage of job (MB)
	153800  -  ResidentSetSize of job (KB)
...
005 (19532739.000.000) 2026-06-02 15:56:58 Job terminated.
	(1) Normal termination (return value 0)
		Usr 0 00:07:23, Sys 0 00:00:06  -  Run Remote Usage
		Usr 0 00:00:00, Sys 0 00:00:00  -  Run Local Usage
		Usr 0 00:07:23, Sys 0 00:00:06  -  Total Remote Usage
		Usr 0 00:00:00, Sys 0 00:00:00  -  Total Local Usage
	0  -  Run Bytes Sent By Job
	0  -  Run Bytes Received By Job
	0  -  Total Bytes Sent By Job
	0  -  Total Bytes Received By Job
	Partitionable Resources :    Usage  Request Allocated 
	   admin_mutex_1         :                           0 
	   admin_mutex_2         :                           0 
	   admin_mutex_3         :                           0 
	   Cpus                  :     0.96        1         1 
	   Disk (KB)             :     4        2048      3072 
	   GPUs                  :                           0 
	   machine_token         :                           0 
	   Memory (MB)           :   151        6000      6016 
	   TimeExecute (s)       :   479                       
	   TimeSlotBusy (s)      :   479                       

	Job terminated of its own accord at 2026-06-02T20:56:58Z with exit-code 0.
...
