000 (19533228.000.000) 2026-06-02 15:49:55 Job submitted from host: <10.128.10.103:9618?addrs=10.128.10.103-9618&alias=npx-submitter.icecube.wisc.edu&noUDP&sock=schedd_2449_6386>
    DAG Node: Drootprod_20130414_97458
...
001 (19533228.000.000) 2026-06-02 16:08:54 Job executing on host: <10.128.10.116:38163?addrs=10.128.10.116-38163&alias=n-gibyte-01.icecube.wisc.edu>
	SlotName: slot1_445@n-gibyte-01.icecube.wisc.edu
	admin_mutex_1 = 0
	admin_mutex_2 = 0
	admin_mutex_3 = 0
	CondorScratchDir = "/scratch/condor/dir_2448042"
	Cpus = 1
	Disk = 5480
	GPUs = 0
	machine_token = 0
	Memory = 6016
...
006 (19533228.000.000) 2026-06-02 16:09:07 Image size of job updated: 118064
	116  -  MemoryUsage of job (MB)
	118064  -  ResidentSetSize of job (KB)
...
006 (19533228.000.000) 2026-06-02 16:14:07 Image size of job updated: 140440
	138  -  MemoryUsage of job (MB)
	140440  -  ResidentSetSize of job (KB)
...
006 (19533228.000.000) 2026-06-02 16:19:08 Image size of job updated: 157936
	155  -  MemoryUsage of job (MB)
	157936  -  ResidentSetSize of job (KB)
...
022 (19533228.000.000) 2026-06-02 16:23:27 Job disconnected, attempting to reconnect
    Socket between submit and execute hosts closed unexpectedly
    Trying to reconnect to slot1_445@n-gibyte-01.icecube.wisc.edu <10.128.10.116:38163?addrs=10.128.10.116-38163&alias=n-gibyte-01.icecube.wisc.edu>
...
024 (19533228.000.000) 2026-06-02 17:03:27 Job reconnection failed
    Job disconnected too long: JobLeaseDuration (2400 seconds) expired
    Can not reconnect to slot1_445@n-gibyte-01.icecube.wisc.edu, rescheduling job
...
004 (19533228.000.000) 2026-06-02 17:03:37 Job was evicted.
	(0) CPU times
		Usr 0 00:09:44, Sys 0 00:00:06  -  Run Remote Usage
		Usr 0 00:00:00, Sys 0 00:00:00  -  Run Local Usage
	0  -  Run Bytes Sent By Job
	0  -  Run Bytes Received By Job
	Job disconnected too long: JobLeaseDuration (2400 seconds) expired
	Partitionable Resources :    Usage  Request Allocated 
	   admin_mutex_1         :                           0 
	   admin_mutex_2         :                           0 
	   admin_mutex_3         :                           0 
	   Cpus                  :     0.98        1         1 
	   Disk (KB)             :    10        2048      5480 
	   GPUs                  :                           0 
	   machine_token         :                           0 
	   Memory (MB)           :   155        6000      6016 
...
001 (19533228.000.000) 2026-06-02 17:07:37 Job executing on host: <10.128.10.115:33587?addrs=10.128.10.115-33587&alias=n-gibyte-00.icecube.wisc.edu>
	SlotName: slot1_318@n-gibyte-00.icecube.wisc.edu
	admin_mutex_1 = 0
	admin_mutex_2 = 0
	admin_mutex_3 = 0
	CondorScratchDir = "/scratch/condor/dir_2314139"
	Cpus = 1
	Disk = 5480
	GPUs = 0
	machine_token = 0
	Memory = 6016
...
006 (19533228.000.000) 2026-06-02 17:22:53 Image size of job updated: 273752
	268  -  MemoryUsage of job (MB)
	273752  -  ResidentSetSize of job (KB)
...
006 (19533228.000.000) 2026-06-02 17:27:53 Image size of job updated: 290776
	284  -  MemoryUsage of job (MB)
	290776  -  ResidentSetSize of job (KB)
...
006 (19533228.000.000) 2026-06-02 17:32:54 Image size of job updated: 421584
	412  -  MemoryUsage of job (MB)
	421584  -  ResidentSetSize of job (KB)
...
006 (19533228.000.000) 2026-06-02 17:37:54 Image size of job updated: 721580
	705  -  MemoryUsage of job (MB)
	721580  -  ResidentSetSize of job (KB)
...
006 (19533228.000.000) 2026-06-02 17:42:55 Image size of job updated: 745820
	729  -  MemoryUsage of job (MB)
	745820  -  ResidentSetSize of job (KB)
...
006 (19533228.000.000) 2026-06-02 17:47:55 Image size of job updated: 766204
	749  -  MemoryUsage of job (MB)
	766204  -  ResidentSetSize of job (KB)
...
006 (19533228.000.000) 2026-06-02 17:49:21 Image size of job updated: 801976
	749  -  MemoryUsage of job (MB)
	766204  -  ResidentSetSize of job (KB)
...
005 (19533228.000.000) 2026-06-02 17:49:21 Job terminated.
	(1) Normal termination (return value 0)
		Usr 0 00:40:10, Sys 0 00:00:25  -  Run Remote Usage
		Usr 0 00:00:00, Sys 0 00:00:00  -  Run Local Usage
		Usr 0 00:49:54, Sys 0 00:00:31  -  Total Remote Usage
		Usr 0 00:00:00, Sys 0 00:00:00  -  Total Local Usage
	0  -  Run Bytes Sent By Job
	0  -  Run Bytes Received By Job
	0  -  Total Bytes Sent By Job
	0  -  Total Bytes Received By Job
	Partitionable Resources :    Usage  Request Allocated 
	   admin_mutex_1         :                           0 
	   admin_mutex_2         :                           0 
	   admin_mutex_3         :                           0 
	   Cpus                  :     0.99        1         1 
	   Disk (KB)             :    10        2048      5480 
	   GPUs                  :                           0 
	   machine_token         :                           0 
	   Memory (MB)           :   749        6000      6016 
	   TimeExecute (s)       :  2504                       
	   TimeSlotBusy (s)      :  2504                       

	Job terminated of its own accord at 2026-06-02T22:49:21Z with exit-code 0.
...
