000 (19537056.000.000) 2026-06-02 15:57:50 Job submitted from host: <10.128.10.103:9618?addrs=10.128.10.103-9618&alias=npx-submitter.icecube.wisc.edu&noUDP&sock=schedd_2449_6386>
    DAG Node: Drootprod_20131223_55192
...
001 (19537056.000.000) 2026-06-02 17:31:37 Job executing on host: <10.128.10.117:43719?addrs=10.128.10.117-43719&alias=n-gibyte-02.icecube.wisc.edu>
	SlotName: slot1_230@n-gibyte-02.icecube.wisc.edu
	admin_mutex_1 = 0
	admin_mutex_2 = 0
	admin_mutex_3 = 0
	CondorScratchDir = "/scratch/condor/dir_3712143"
	Cpus = 1
	Disk = 5480
	GPUs = 0
	machine_token = 0
	Memory = 6016
...
006 (19537056.000.000) 2026-06-02 17:31:51 Image size of job updated: 119596
	117  -  MemoryUsage of job (MB)
	119596  -  ResidentSetSize of job (KB)
...
006 (19537056.000.000) 2026-06-02 17:36:52 Image size of job updated: 140028
	137  -  MemoryUsage of job (MB)
	140028  -  ResidentSetSize of job (KB)
...
006 (19537056.000.000) 2026-06-02 17:41:52 Image size of job updated: 155956
	153  -  MemoryUsage of job (MB)
	155956  -  ResidentSetSize of job (KB)
...
006 (19537056.000.000) 2026-06-02 17:46:53 Image size of job updated: 172016
	168  -  MemoryUsage of job (MB)
	172016  -  ResidentSetSize of job (KB)
...
006 (19537056.000.000) 2026-06-02 17:51:53 Image size of job updated: 281304
	275  -  MemoryUsage of job (MB)
	281304  -  ResidentSetSize of job (KB)
...
006 (19537056.000.000) 2026-06-02 17:56:54 Image size of job updated: 292908
	287  -  MemoryUsage of job (MB)
	292908  -  ResidentSetSize of job (KB)
...
006 (19537056.000.000) 2026-06-02 18:01:55 Image size of job updated: 419136
	410  -  MemoryUsage of job (MB)
	419136  -  ResidentSetSize of job (KB)
...
006 (19537056.000.000) 2026-06-02 18:05:51 Image size of job updated: 708344
	410  -  MemoryUsage of job (MB)
	419136  -  ResidentSetSize of job (KB)
...
005 (19537056.000.000) 2026-06-02 18:05:51 Job terminated.
	(1) Normal termination (return value 0)
		Usr 0 00:32:55, Sys 0 00:00:18  -  Run Remote Usage
		Usr 0 00:00:00, Sys 0 00:00:00  -  Run Local Usage
		Usr 0 00:32:55, Sys 0 00:00:18  -  Total Remote Usage
		Usr 0 00:00:00, Sys 0 00:00:00  -  Total Local Usage
	0  -  Run Bytes Sent By Job
	0  -  Run Bytes Received By Job
	0  -  Total Bytes Sent By Job
	0  -  Total Bytes Received By Job
	Partitionable Resources :    Usage  Request Allocated 
	   admin_mutex_1         :                           0 
	   admin_mutex_2         :                           0 
	   admin_mutex_3         :                           0 
	   Cpus                  :     0.99        1         1 
	   Disk (KB)             :    10        2048      5480 
	   GPUs                  :                           0 
	   machine_token         :                           0 
	   Memory (MB)           :   410        6000      6016 
	   TimeExecute (s)       :  2054                       
	   TimeSlotBusy (s)      :  2055                       

	Job terminated of its own accord at 2026-06-02T23:05:51Z with exit-code 0.
...
