000 (19532940.000.000) 2026-06-02 15:49:12 Job submitted from host: <10.128.10.103:9618?addrs=10.128.10.103-9618&alias=npx-submitter.icecube.wisc.edu&noUDP&sock=schedd_2449_6386>
    DAG Node: Drootprod_20130322_72026
...
001 (19532940.000.000) 2026-06-02 15:58:03 Job executing on host: <10.128.10.238:43797?addrs=10.128.10.238-43797&alias=n-gpu-42.icecube.wisc.edu>
	SlotName: slot1_37@n-gpu-42.icecube.wisc.edu
	admin_mutex_1 = 0
	admin_mutex_2 = 0
	admin_mutex_3 = 0
	AvailableGPUs = {  }
	CondorScratchDir = "/scratch/condor/dir_1916613"
	Cpus = 1
	Disk = 3072
	GPUs = 0
	machine_token = 0
	Memory = 6016
...
006 (19532940.000.000) 2026-06-02 15:58:17 Image size of job updated: 120408
	118  -  MemoryUsage of job (MB)
	120408  -  ResidentSetSize of job (KB)
...
006 (19532940.000.000) 2026-06-02 16:03:18 Image size of job updated: 151508
	148  -  MemoryUsage of job (MB)
	151508  -  ResidentSetSize of job (KB)
...
006 (19532940.000.000) 2026-06-02 16:08:18 Image size of job updated: 274300
	268  -  MemoryUsage of job (MB)
	274300  -  ResidentSetSize of job (KB)
...
006 (19532940.000.000) 2026-06-02 16:13:19 Image size of job updated: 418012
	409  -  MemoryUsage of job (MB)
	418012  -  ResidentSetSize of job (KB)
...
006 (19532940.000.000) 2026-06-02 16:18:19 Image size of job updated: 740232
	723  -  MemoryUsage of job (MB)
	740232  -  ResidentSetSize of job (KB)
...
006 (19532940.000.000) 2026-06-02 16:20:31 Image size of job updated: 758068
	723  -  MemoryUsage of job (MB)
	740232  -  ResidentSetSize of job (KB)
...
005 (19532940.000.000) 2026-06-02 16:20:31 Job terminated.
	(1) Normal termination (return value 0)
		Usr 0 00:20:52, Sys 0 00:00:19  -  Run Remote Usage
		Usr 0 00:00:00, Sys 0 00:00:00  -  Run Local Usage
		Usr 0 00:20:52, Sys 0 00:00:19  -  Total Remote Usage
		Usr 0 00:00:00, Sys 0 00:00:00  -  Total Local Usage
	0  -  Run Bytes Sent By Job
	0  -  Run Bytes Received By Job
	0  -  Total Bytes Sent By Job
	0  -  Total Bytes Received By Job
	Partitionable Resources :    Usage  Request Allocated 
	   admin_mutex_1         :                           0 
	   admin_mutex_2         :                           0 
	   admin_mutex_3         :                           0 
	   Cpus                  :     0.93        1         1 
	   Disk (KB)             :    10        2048      3072 
	   GPUs                  :                           0 
	   machine_token         :                           0 
	   Memory (MB)           :   723        6000      6016 
	   TimeExecute (s)       :  1348                       
	   TimeSlotBusy (s)      :  1348                       

	Job terminated of its own accord at 2026-06-02T21:20:31Z with exit-code 0.
...
