000 (19535424.000.000) 2026-06-02 15:54:19 Job submitted from host: <10.128.10.103:9618?addrs=10.128.10.103-9618&alias=npx-submitter.icecube.wisc.edu&noUDP&sock=schedd_2449_6386>
    DAG Node: Drootprod_20130831_53650
...
001 (19535424.000.000) 2026-06-02 16:53:01 Job executing on host: <10.128.10.115:33587?addrs=10.128.10.115-33587&alias=n-gibyte-00.icecube.wisc.edu>
	SlotName: slot1_326@n-gibyte-00.icecube.wisc.edu
	admin_mutex_1 = 0
	admin_mutex_2 = 0
	admin_mutex_3 = 0
	CondorScratchDir = "/scratch/condor/dir_2255793"
	Cpus = 1
	Disk = 5480
	GPUs = 0
	machine_token = 0
	Memory = 6016
...
006 (19535424.000.000) 2026-06-02 16:53:15 Image size of job updated: 119992
	118  -  MemoryUsage of job (MB)
	119992  -  ResidentSetSize of job (KB)
...
006 (19535424.000.000) 2026-06-02 16:58:16 Image size of job updated: 141892
	139  -  MemoryUsage of job (MB)
	141892  -  ResidentSetSize of job (KB)
...
006 (19535424.000.000) 2026-06-02 17:03:16 Image size of job updated: 160004
	157  -  MemoryUsage of job (MB)
	160004  -  ResidentSetSize of job (KB)
...
006 (19535424.000.000) 2026-06-02 17:08:17 Image size of job updated: 272144
	266  -  MemoryUsage of job (MB)
	272144  -  ResidentSetSize of job (KB)
...
006 (19535424.000.000) 2026-06-02 17:13:17 Image size of job updated: 291336
	285  -  MemoryUsage of job (MB)
	291336  -  ResidentSetSize of job (KB)
...
006 (19535424.000.000) 2026-06-02 17:18:18 Image size of job updated: 421532
	412  -  MemoryUsage of job (MB)
	421532  -  ResidentSetSize of job (KB)
...
006 (19535424.000.000) 2026-06-02 17:23:18 Image size of job updated: 725644
	709  -  MemoryUsage of job (MB)
	725644  -  ResidentSetSize of job (KB)
...
006 (19535424.000.000) 2026-06-02 17:23:51 Image size of job updated: 736888
	709  -  MemoryUsage of job (MB)
	725644  -  ResidentSetSize of job (KB)
...
005 (19535424.000.000) 2026-06-02 17:23:51 Job terminated.
	(1) Normal termination (return value 0)
		Usr 0 00:29:35, Sys 0 00:00:19  -  Run Remote Usage
		Usr 0 00:00:00, Sys 0 00:00:00  -  Run Local Usage
		Usr 0 00:29:35, Sys 0 00:00:19  -  Total Remote Usage
		Usr 0 00:00:00, Sys 0 00:00:00  -  Total Local Usage
	0  -  Run Bytes Sent By Job
	0  -  Run Bytes Received By Job
	0  -  Total Bytes Sent By Job
	0  -  Total Bytes Received By Job
	Partitionable Resources :    Usage  Request Allocated 
	   admin_mutex_1         :                           0 
	   admin_mutex_2         :                           0 
	   admin_mutex_3         :                           0 
	   Cpus                  :     0.98        1         1 
	   Disk (KB)             :    10        2048      5480 
	   GPUs                  :                           0 
	   machine_token         :                           0 
	   Memory (MB)           :   709        6000      6016 
	   TimeExecute (s)       :  1850                       
	   TimeSlotBusy (s)      :  1850                       

	Job terminated of its own accord at 2026-06-02T22:23:51Z with exit-code 0.
...
