000 (19532810.000.000) 2026-06-02 15:48:50 Job submitted from host: <10.128.10.103:9618?addrs=10.128.10.103-9618&alias=npx-submitter.icecube.wisc.edu&noUDP&sock=schedd_2449_6386>
    DAG Node: Drootprod_20130310_77646
...
001 (19532810.000.000) 2026-06-02 15:52:59 Job executing on host: <10.128.10.116:38163?addrs=10.128.10.116-38163&alias=n-gibyte-01.icecube.wisc.edu>
	SlotName: slot1_105@n-gibyte-01.icecube.wisc.edu
	admin_mutex_1 = 0
	admin_mutex_2 = 0
	admin_mutex_3 = 0
	CondorScratchDir = "/scratch/condor/dir_2389276"
	Cpus = 1
	Disk = 5480
	GPUs = 0
	machine_token = 0
	Memory = 6016
...
006 (19532810.000.000) 2026-06-02 15:53:12 Image size of job updated: 117572
	115  -  MemoryUsage of job (MB)
	117572  -  ResidentSetSize of job (KB)
...
006 (19532810.000.000) 2026-06-02 15:58:12 Image size of job updated: 140256
	137  -  MemoryUsage of job (MB)
	140256  -  ResidentSetSize of job (KB)
...
006 (19532810.000.000) 2026-06-02 16:03:13 Image size of job updated: 157912
	155  -  MemoryUsage of job (MB)
	157912  -  ResidentSetSize of job (KB)
...
006 (19532810.000.000) 2026-06-02 16:08:13 Image size of job updated: 269600
	264  -  MemoryUsage of job (MB)
	269600  -  ResidentSetSize of job (KB)
...
006 (19532810.000.000) 2026-06-02 16:13:14 Image size of job updated: 286168
	280  -  MemoryUsage of job (MB)
	286168  -  ResidentSetSize of job (KB)
...
006 (19532810.000.000) 2026-06-02 16:18:14 Image size of job updated: 413784
	405  -  MemoryUsage of job (MB)
	413784  -  ResidentSetSize of job (KB)
...
006 (19532810.000.000) 2026-06-02 16:23:14 Image size of job updated: 709312
	693  -  MemoryUsage of job (MB)
	709312  -  ResidentSetSize of job (KB)
...
022 (19532810.000.000) 2026-06-02 16:23:27 Job disconnected, attempting to reconnect
    Socket between submit and execute hosts closed unexpectedly
    Trying to reconnect to slot1_105@n-gibyte-01.icecube.wisc.edu <10.128.10.116:38163?addrs=10.128.10.116-38163&alias=n-gibyte-01.icecube.wisc.edu>
...
024 (19532810.000.000) 2026-06-02 17:03:27 Job reconnection failed
    Job disconnected too long: JobLeaseDuration (2400 seconds) expired
    Can not reconnect to slot1_105@n-gibyte-01.icecube.wisc.edu, rescheduling job
...
004 (19532810.000.000) 2026-06-02 17:03:37 Job was evicted.
	(0) CPU times
		Usr 0 00:29:00, Sys 0 00:00:16  -  Run Remote Usage
		Usr 0 00:00:00, Sys 0 00:00:00  -  Run Local Usage
	0  -  Run Bytes Sent By Job
	0  -  Run Bytes Received By Job
	Job disconnected too long: JobLeaseDuration (2400 seconds) expired
	Partitionable Resources :    Usage  Request Allocated 
	   admin_mutex_1         :                           0 
	   admin_mutex_2         :                           0 
	   admin_mutex_3         :                           0 
	   Cpus                  :     0.99        1         1 
	   Disk (KB)             :    10        2048      5480 
	   GPUs                  :                           0 
	   machine_token         :                           0 
	   Memory (MB)           :   693        6000      6016 
...
001 (19532810.000.000) 2026-06-02 17:06:33 Job executing on host: <10.128.10.189:44027?addrs=10.128.10.189-44027&alias=n-smepyc-02.icecube.wisc.edu>
	SlotName: slot1_68@n-smepyc-02.icecube.wisc.edu
	admin_mutex_1 = 0
	admin_mutex_2 = 0
	admin_mutex_3 = 0
	CondorScratchDir = "/scratch/condor/dir_516801"
	Cpus = 1
	Disk = 3072
	GPUs = 0
	machine_token = 0
	Memory = 6016
...
005 (19532810.000.000) 2026-06-02 17:23:38 Job terminated.
	(1) Normal termination (return value 0)
		Usr 0 00:16:19, Sys 0 00:00:13  -  Run Remote Usage
		Usr 0 00:00:00, Sys 0 00:00:00  -  Run Local Usage
		Usr 0 00:45:19, Sys 0 00:00:29  -  Total Remote Usage
		Usr 0 00:00:00, Sys 0 00:00:00  -  Total Local Usage
	0  -  Run Bytes Sent By Job
	0  -  Run Bytes Received By Job
	0  -  Total Bytes Sent By Job
	0  -  Total Bytes Received By Job
	Partitionable Resources :    Usage  Request Allocated 
	   admin_mutex_1         :                           0 
	   admin_mutex_2         :                           0 
	   admin_mutex_3         :                           0 
	   Cpus                  :     0.99        1         1 
	   Disk (KB)             :    10        2048      3072 
	   GPUs                  :                           0 
	   machine_token         :                           0 
	   Memory (MB)           :   733        6000      6016 
	   TimeExecute (s)       :  1025                       
	   TimeSlotBusy (s)      :  1026                       

	Job terminated of its own accord at 2026-06-02T22:23:38Z with exit-code 0.
...
