000 (19536356.000.000) 2026-06-02 15:56:18 Job submitted from host: <10.128.10.103:9618?addrs=10.128.10.103-9618&alias=npx-submitter.icecube.wisc.edu&noUDP&sock=schedd_2449_6386>
    DAG Node: Drootprod_20131102_13701
...
001 (19536356.000.000) 2026-06-02 17:19:02 Job executing on host: <10.128.10.191:42321?addrs=10.128.10.191-42321&alias=n-smepyc-04.icecube.wisc.edu>
	SlotName: slot1_84@n-smepyc-04.icecube.wisc.edu
	admin_mutex_1 = 0
	admin_mutex_2 = 0
	admin_mutex_3 = 0
	CondorScratchDir = "/scratch/condor/dir_336084"
	Cpus = 1
	Disk = 3072
	GPUs = 0
	machine_token = 0
	Memory = 6016
...
006 (19536356.000.000) 2026-06-02 17:19:15 Image size of job updated: 122264
	120  -  MemoryUsage of job (MB)
	122264  -  ResidentSetSize of job (KB)
...
006 (19536356.000.000) 2026-06-02 17:24:15 Image size of job updated: 159732
	156  -  MemoryUsage of job (MB)
	159732  -  ResidentSetSize of job (KB)
...
006 (19536356.000.000) 2026-06-02 17:29:15 Image size of job updated: 284544
	278  -  MemoryUsage of job (MB)
	284544  -  ResidentSetSize of job (KB)
...
006 (19536356.000.000) 2026-06-02 17:34:16 Image size of job updated: 721544
	705  -  MemoryUsage of job (MB)
	721544  -  ResidentSetSize of job (KB)
...
006 (19536356.000.000) 2026-06-02 17:38:27 Image size of job updated: 759780
	705  -  MemoryUsage of job (MB)
	721544  -  ResidentSetSize of job (KB)
...
005 (19536356.000.000) 2026-06-02 17:38:27 Job terminated.
	(1) Normal termination (return value 0)
		Usr 0 00:18:39, Sys 0 00:00:18  -  Run Remote Usage
		Usr 0 00:00:00, Sys 0 00:00:00  -  Run Local Usage
		Usr 0 00:18:39, Sys 0 00:00:18  -  Total Remote Usage
		Usr 0 00:00:00, Sys 0 00:00:00  -  Total Local Usage
	0  -  Run Bytes Sent By Job
	0  -  Run Bytes Received By Job
	0  -  Total Bytes Sent By Job
	0  -  Total Bytes Received By Job
	Partitionable Resources :    Usage  Request Allocated 
	   admin_mutex_1         :                           0 
	   admin_mutex_2         :                           0 
	   admin_mutex_3         :                           0 
	   Cpus                  :     0.94        1         1 
	   Disk (KB)             :    10        2048      3072 
	   GPUs                  :                           0 
	   machine_token         :                           0 
	   Memory (MB)           :   705        6000      6016 
	   TimeExecute (s)       :  1165                       
	   TimeSlotBusy (s)      :  1166                       

	Job terminated of its own accord at 2026-06-02T22:38:27Z with exit-code 0.
...
