000 (19536956.000.000) 2026-06-02 15:57:36 Job submitted from host: <10.128.10.103:9618?addrs=10.128.10.103-9618&alias=npx-submitter.icecube.wisc.edu&noUDP&sock=schedd_2449_6386>
    DAG Node: Drootprod_20131214_95856
...
001 (19536956.000.000) 2026-06-02 17:29:51 Job executing on host: <10.128.10.115:33587?addrs=10.128.10.115-33587&alias=n-gibyte-00.icecube.wisc.edu>
	SlotName: slot1_33@n-gibyte-00.icecube.wisc.edu
	admin_mutex_1 = 0
	admin_mutex_2 = 0
	admin_mutex_3 = 0
	CondorScratchDir = "/scratch/condor/dir_2406325"
	Cpus = 1
	Disk = 5480
	GPUs = 0
	machine_token = 0
	Memory = 6016
...
006 (19536956.000.000) 2026-06-02 17:30:05 Image size of job updated: 119148
	117  -  MemoryUsage of job (MB)
	119148  -  ResidentSetSize of job (KB)
...
006 (19536956.000.000) 2026-06-02 17:35:06 Image size of job updated: 140000
	137  -  MemoryUsage of job (MB)
	140000  -  ResidentSetSize of job (KB)
...
006 (19536956.000.000) 2026-06-02 17:40:06 Image size of job updated: 158664
	155  -  MemoryUsage of job (MB)
	158664  -  ResidentSetSize of job (KB)
...
006 (19536956.000.000) 2026-06-02 17:45:07 Image size of job updated: 271432
	266  -  MemoryUsage of job (MB)
	271432  -  ResidentSetSize of job (KB)
...
006 (19536956.000.000) 2026-06-02 17:50:07 Image size of job updated: 288004
	282  -  MemoryUsage of job (MB)
	288004  -  ResidentSetSize of job (KB)
...
006 (19536956.000.000) 2026-06-02 17:55:08 Image size of job updated: 410104
	401  -  MemoryUsage of job (MB)
	410104  -  ResidentSetSize of job (KB)
...
006 (19536956.000.000) 2026-06-02 18:00:09 Image size of job updated: 422740
	413  -  MemoryUsage of job (MB)
	422740  -  ResidentSetSize of job (KB)
...
006 (19536956.000.000) 2026-06-02 18:05:09 Image size of job updated: 719588
	703  -  MemoryUsage of job (MB)
	719588  -  ResidentSetSize of job (KB)
...
006 (19536956.000.000) 2026-06-02 18:10:09 Image size of job updated: 739876
	723  -  MemoryUsage of job (MB)
	739876  -  ResidentSetSize of job (KB)
...
006 (19536956.000.000) 2026-06-02 18:11:12 Image size of job updated: 744816
	723  -  MemoryUsage of job (MB)
	739876  -  ResidentSetSize of job (KB)
...
005 (19536956.000.000) 2026-06-02 18:11:12 Job terminated.
	(1) Normal termination (return value 0)
		Usr 0 00:39:46, Sys 0 00:00:23  -  Run Remote Usage
		Usr 0 00:00:00, Sys 0 00:00:00  -  Run Local Usage
		Usr 0 00:39:46, Sys 0 00:00:23  -  Total Remote Usage
		Usr 0 00:00:00, Sys 0 00:00:00  -  Total Local Usage
	0  -  Run Bytes Sent By Job
	0  -  Run Bytes Received By Job
	0  -  Total Bytes Sent By Job
	0  -  Total Bytes Received By Job
	Partitionable Resources :    Usage  Request Allocated 
	   admin_mutex_1         :                           0 
	   admin_mutex_2         :                           0 
	   admin_mutex_3         :                           0 
	   Cpus                  :     0.98        1         1 
	   Disk (KB)             :    12        2048      5480 
	   GPUs                  :                           0 
	   machine_token         :                           0 
	   Memory (MB)           :   723        6000      6016 
	   TimeExecute (s)       :  2481                       
	   TimeSlotBusy (s)      :  2482                       

	Job terminated of its own accord at 2026-06-02T23:11:12Z with exit-code 0.
...
