000 (19536541.000.000) 2026-06-02 15:56:41 Job submitted from host: <10.128.10.103:9618?addrs=10.128.10.103-9618&alias=npx-submitter.icecube.wisc.edu&noUDP&sock=schedd_2449_6386>
    DAG Node: Drootprod_20131115_9259
...
001 (19536541.000.000) 2026-06-02 17:22:37 Job executing on host: <10.128.10.189:44027?addrs=10.128.10.189-44027&alias=n-smepyc-02.icecube.wisc.edu>
	SlotName: slot1_64@n-smepyc-02.icecube.wisc.edu
	admin_mutex_1 = 0
	admin_mutex_2 = 0
	admin_mutex_3 = 0
	CondorScratchDir = "/scratch/condor/dir_578006"
	Cpus = 1
	Disk = 3072
	GPUs = 0
	machine_token = 0
	Memory = 6016
...
006 (19536541.000.000) 2026-06-02 17:22:50 Image size of job updated: 123244
	121  -  MemoryUsage of job (MB)
	123244  -  ResidentSetSize of job (KB)
...
006 (19536541.000.000) 2026-06-02 17:27:50 Image size of job updated: 167584
	164  -  MemoryUsage of job (MB)
	167584  -  ResidentSetSize of job (KB)
...
006 (19536541.000.000) 2026-06-02 17:32:50 Image size of job updated: 422496
	413  -  MemoryUsage of job (MB)
	422496  -  ResidentSetSize of job (KB)
...
006 (19536541.000.000) 2026-06-02 17:36:39 Image size of job updated: 768840
	413  -  MemoryUsage of job (MB)
	422496  -  ResidentSetSize of job (KB)
...
005 (19536541.000.000) 2026-06-02 17:36:39 Job terminated.
	(1) Normal termination (return value 0)
		Usr 0 00:13:24, Sys 0 00:00:13  -  Run Remote Usage
		Usr 0 00:00:00, Sys 0 00:00:00  -  Run Local Usage
		Usr 0 00:13:24, Sys 0 00:00:13  -  Total Remote Usage
		Usr 0 00:00:00, Sys 0 00:00:00  -  Total Local Usage
	0  -  Run Bytes Sent By Job
	0  -  Run Bytes Received By Job
	0  -  Total Bytes Sent By Job
	0  -  Total Bytes Received By Job
	Partitionable Resources :    Usage  Request Allocated 
	   admin_mutex_1         :                           0 
	   admin_mutex_2         :                           0 
	   admin_mutex_3         :                           0 
	   Cpus                  :     0.93        1         1 
	   Disk (KB)             :    10        2048      3072 
	   GPUs                  :                           0 
	   machine_token         :                           0 
	   Memory (MB)           :   413        6000      6016 
	   TimeExecute (s)       :   842                       
	   TimeSlotBusy (s)      :   843                       

	Job terminated of its own accord at 2026-06-02T22:36:39Z with exit-code 0.
...
