000 (19534698.000.000) 2026-06-02 15:52:53 Job submitted from host: <10.128.10.103:9618?addrs=10.128.10.103-9618&alias=npx-submitter.icecube.wisc.edu&noUDP&sock=schedd_2449_6386>
    DAG Node: Drootprod_20130718_39048
...
001 (19534698.000.000) 2026-06-02 16:39:19 Job executing on host: <10.128.10.117:43719?addrs=10.128.10.117-43719&alias=n-gibyte-02.icecube.wisc.edu>
	SlotName: slot1_265@n-gibyte-02.icecube.wisc.edu
	admin_mutex_1 = 0
	admin_mutex_2 = 0
	admin_mutex_3 = 0
	CondorScratchDir = "/scratch/condor/dir_3489043"
	Cpus = 1
	Disk = 5480
	GPUs = 0
	machine_token = 0
	Memory = 6016
...
006 (19534698.000.000) 2026-06-02 16:39:33 Image size of job updated: 119684
	117  -  MemoryUsage of job (MB)
	119684  -  ResidentSetSize of job (KB)
...
006 (19534698.000.000) 2026-06-02 16:44:34 Image size of job updated: 139708
	137  -  MemoryUsage of job (MB)
	139708  -  ResidentSetSize of job (KB)
...
006 (19534698.000.000) 2026-06-02 16:49:34 Image size of job updated: 153720
	151  -  MemoryUsage of job (MB)
	153720  -  ResidentSetSize of job (KB)
...
006 (19534698.000.000) 2026-06-02 16:54:35 Image size of job updated: 165500
	162  -  MemoryUsage of job (MB)
	165500  -  ResidentSetSize of job (KB)
...
006 (19534698.000.000) 2026-06-02 16:59:35 Image size of job updated: 275560
	270  -  MemoryUsage of job (MB)
	275560  -  ResidentSetSize of job (KB)
...
006 (19534698.000.000) 2026-06-02 17:04:36 Image size of job updated: 292484
	286  -  MemoryUsage of job (MB)
	292484  -  ResidentSetSize of job (KB)
...
006 (19534698.000.000) 2026-06-02 17:09:36 Image size of job updated: 421712
	412  -  MemoryUsage of job (MB)
	421712  -  ResidentSetSize of job (KB)
...
006 (19534698.000.000) 2026-06-02 17:14:37 Image size of job updated: 721524
	705  -  MemoryUsage of job (MB)
	721524  -  ResidentSetSize of job (KB)
...
006 (19534698.000.000) 2026-06-02 17:19:37 Image size of job updated: 742444
	726  -  MemoryUsage of job (MB)
	742444  -  ResidentSetSize of job (KB)
...
006 (19534698.000.000) 2026-06-02 17:24:38 Image size of job updated: 762156
	745  -  MemoryUsage of job (MB)
	762156  -  ResidentSetSize of job (KB)
...
006 (19534698.000.000) 2026-06-02 17:28:22 Image size of job updated: 803092
	745  -  MemoryUsage of job (MB)
	762156  -  ResidentSetSize of job (KB)
...
005 (19534698.000.000) 2026-06-02 17:28:22 Job terminated.
	(1) Normal termination (return value 0)
		Usr 0 00:47:18, Sys 0 00:00:27  -  Run Remote Usage
		Usr 0 00:00:00, Sys 0 00:00:00  -  Run Local Usage
		Usr 0 00:47:18, Sys 0 00:00:27  -  Total Remote Usage
		Usr 0 00:00:00, Sys 0 00:00:00  -  Total Local Usage
	0  -  Run Bytes Sent By Job
	0  -  Run Bytes Received By Job
	0  -  Total Bytes Sent By Job
	0  -  Total Bytes Received By Job
	Partitionable Resources :    Usage  Request Allocated 
	   admin_mutex_1         :                           0 
	   admin_mutex_2         :                           0 
	   admin_mutex_3         :                           0 
	   Cpus                  :     0.99        1         1 
	   Disk (KB)             :    10        2048      5480 
	   GPUs                  :                           0 
	   machine_token         :                           0 
	   Memory (MB)           :   745        6000      6016 
	   TimeExecute (s)       :  2943                       
	   TimeSlotBusy (s)      :  2944                       

	Job terminated of its own accord at 2026-06-02T22:28:22Z with exit-code 0.
...
