000 (19532390.000.000) 2026-06-02 15:47:22 Job submitted from host: <10.128.10.103:9618?addrs=10.128.10.103-9618&alias=npx-submitter.icecube.wisc.edu&noUDP&sock=schedd_2449_6386>
    DAG Node: Drootprod_20130122_54696
...
001 (19532390.000.000) 2026-06-02 15:47:24 Job executing on host: <10.128.10.116:38163?addrs=10.128.10.116-38163&alias=n-gibyte-01.icecube.wisc.edu>
	SlotName: slot1_291@n-gibyte-01.icecube.wisc.edu
	admin_mutex_1 = 0
	admin_mutex_2 = 0
	admin_mutex_3 = 0
	CondorScratchDir = "/scratch/condor/dir_2336650"
	Cpus = 1
	Disk = 5480
	GPUs = 0
	machine_token = 0
	Memory = 6016
...
006 (19532390.000.000) 2026-06-02 15:47:32 Image size of job updated: 119840
	118  -  MemoryUsage of job (MB)
	119840  -  ResidentSetSize of job (KB)
...
006 (19532390.000.000) 2026-06-02 15:52:32 Image size of job updated: 141328
	139  -  MemoryUsage of job (MB)
	141328  -  ResidentSetSize of job (KB)
...
006 (19532390.000.000) 2026-06-02 15:57:33 Image size of job updated: 159876
	157  -  MemoryUsage of job (MB)
	159876  -  ResidentSetSize of job (KB)
...
006 (19532390.000.000) 2026-06-02 16:02:33 Image size of job updated: 272300
	266  -  MemoryUsage of job (MB)
	272300  -  ResidentSetSize of job (KB)
...
006 (19532390.000.000) 2026-06-02 16:07:34 Image size of job updated: 290096
	284  -  MemoryUsage of job (MB)
	290096  -  ResidentSetSize of job (KB)
...
006 (19532390.000.000) 2026-06-02 16:10:43 Image size of job updated: 413744
	284  -  MemoryUsage of job (MB)
	290096  -  ResidentSetSize of job (KB)
...
005 (19532390.000.000) 2026-06-02 16:10:44 Job terminated.
	(1) Normal termination (return value 0)
		Usr 0 00:22:24, Sys 0 00:00:13  -  Run Remote Usage
		Usr 0 00:00:00, Sys 0 00:00:00  -  Run Local Usage
		Usr 0 00:22:24, Sys 0 00:00:13  -  Total Remote Usage
		Usr 0 00:00:00, Sys 0 00:00:00  -  Total Local Usage
	0  -  Run Bytes Sent By Job
	0  -  Run Bytes Received By Job
	0  -  Total Bytes Sent By Job
	0  -  Total Bytes Received By Job
	Partitionable Resources :    Usage  Request Allocated 
	   admin_mutex_1         :                           0 
	   admin_mutex_2         :                           0 
	   admin_mutex_3         :                           0 
	   Cpus                  :     0.98        1         1 
	   Disk (KB)             :     7        2048      5480 
	   GPUs                  :                           0 
	   machine_token         :                           0 
	   Memory (MB)           :   284        6000      6016 
	   TimeExecute (s)       :  1399                       
	   TimeSlotBusy (s)      :  1400                       

	Job terminated of its own accord at 2026-06-02T21:10:43Z with exit-code 0.
...
