000 (19533009.000.000) 2026-06-02 15:49:23 Job submitted from host: <10.128.10.103:9618?addrs=10.128.10.103-9618&alias=npx-submitter.icecube.wisc.edu&noUDP&sock=schedd_2449_6386>
    DAG Node: Drootprod_20130328_97046
...
001 (19533009.000.000) 2026-06-02 15:59:06 Job executing on host: <10.128.10.189:44027?addrs=10.128.10.189-44027&alias=n-smepyc-02.icecube.wisc.edu>
	SlotName: slot1_18@n-smepyc-02.icecube.wisc.edu
	admin_mutex_1 = 0
	admin_mutex_2 = 0
	admin_mutex_3 = 0
	CondorScratchDir = "/scratch/condor/dir_251481"
	Cpus = 1
	Disk = 3072
	GPUs = 0
	machine_token = 0
	Memory = 6016
...
006 (19533009.000.000) 2026-06-02 15:59:20 Image size of job updated: 122452
	120  -  MemoryUsage of job (MB)
	122452  -  ResidentSetSize of job (KB)
...
006 (19533009.000.000) 2026-06-02 16:04:20 Image size of job updated: 163764
	160  -  MemoryUsage of job (MB)
	163764  -  ResidentSetSize of job (KB)
...
006 (19533009.000.000) 2026-06-02 16:09:20 Image size of job updated: 291992
	286  -  MemoryUsage of job (MB)
	291992  -  ResidentSetSize of job (KB)
...
006 (19533009.000.000) 2026-06-02 16:14:21 Image size of job updated: 719644
	703  -  MemoryUsage of job (MB)
	719644  -  ResidentSetSize of job (KB)
...
006 (19533009.000.000) 2026-06-02 16:19:21 Image size of job updated: 814360
	703  -  MemoryUsage of job (MB)
	719644  -  ResidentSetSize of job (KB)
...
005 (19533009.000.000) 2026-06-02 16:19:21 Job terminated.
	(1) Normal termination (return value 0)
		Usr 0 00:19:00, Sys 0 00:00:17  -  Run Remote Usage
		Usr 0 00:00:00, Sys 0 00:00:00  -  Run Local Usage
		Usr 0 00:19:00, Sys 0 00:00:17  -  Total Remote Usage
		Usr 0 00:00:00, Sys 0 00:00:00  -  Total Local Usage
	0  -  Run Bytes Sent By Job
	0  -  Run Bytes Received By Job
	0  -  Total Bytes Sent By Job
	0  -  Total Bytes Received By Job
	Partitionable Resources :    Usage  Request Allocated 
	   admin_mutex_1         :                           0 
	   admin_mutex_2         :                           0 
	   admin_mutex_3         :                           0 
	   Cpus                  :     0.94        1         1 
	   Disk (KB)             :    10        2048      3072 
	   GPUs                  :                           0 
	   machine_token         :                           0 
	   Memory (MB)           :   703        6000      6016 
	   TimeExecute (s)       :  1215                       
	   TimeSlotBusy (s)      :  1215                       

	Job terminated of its own accord at 2026-06-02T21:19:21Z with exit-code 0.
...
