000 (19533960.000.000) 2026-06-02 15:51:31 Job submitted from host: <10.128.10.103:9618?addrs=10.128.10.103-9618&alias=npx-submitter.icecube.wisc.edu&noUDP&sock=schedd_2449_6386>
    DAG Node: Drootprod_20130602_57775
...
001 (19533960.000.000) 2026-06-02 16:24:19 Job executing on host: <10.128.10.117:43719?addrs=10.128.10.117-43719&alias=n-gibyte-02.icecube.wisc.edu>
	SlotName: slot1_337@n-gibyte-02.icecube.wisc.edu
	admin_mutex_1 = 0
	admin_mutex_2 = 0
	admin_mutex_3 = 0
	CondorScratchDir = "/scratch/condor/dir_3431382"
	Cpus = 1
	Disk = 5480
	GPUs = 0
	machine_token = 0
	Memory = 6016
...
006 (19533960.000.000) 2026-06-02 16:24:33 Image size of job updated: 119736
	117  -  MemoryUsage of job (MB)
	119736  -  ResidentSetSize of job (KB)
...
006 (19533960.000.000) 2026-06-02 16:29:34 Image size of job updated: 142512
	140  -  MemoryUsage of job (MB)
	142512  -  ResidentSetSize of job (KB)
...
006 (19533960.000.000) 2026-06-02 16:34:34 Image size of job updated: 160732
	157  -  MemoryUsage of job (MB)
	160732  -  ResidentSetSize of job (KB)
...
006 (19533960.000.000) 2026-06-02 16:39:35 Image size of job updated: 274016
	268  -  MemoryUsage of job (MB)
	274016  -  ResidentSetSize of job (KB)
...
006 (19533960.000.000) 2026-06-02 16:44:35 Image size of job updated: 290312
	284  -  MemoryUsage of job (MB)
	290312  -  ResidentSetSize of job (KB)
...
006 (19533960.000.000) 2026-06-02 16:49:36 Image size of job updated: 420780
	411  -  MemoryUsage of job (MB)
	420780  -  ResidentSetSize of job (KB)
...
006 (19533960.000.000) 2026-06-02 16:54:36 Image size of job updated: 726196
	710  -  MemoryUsage of job (MB)
	726196  -  ResidentSetSize of job (KB)
...
006 (19533960.000.000) 2026-06-02 16:59:37 Image size of job updated: 748032
	731  -  MemoryUsage of job (MB)
	748032  -  ResidentSetSize of job (KB)
...
006 (19533960.000.000) 2026-06-02 17:04:37 Image size of job updated: 774688
	757  -  MemoryUsage of job (MB)
	774688  -  ResidentSetSize of job (KB)
...
006 (19533960.000.000) 2026-06-02 17:06:53 Image size of job updated: 799312
	757  -  MemoryUsage of job (MB)
	774688  -  ResidentSetSize of job (KB)
...
005 (19533960.000.000) 2026-06-02 17:06:54 Job terminated.
	(1) Normal termination (return value 0)
		Usr 0 00:40:53, Sys 0 00:00:26  -  Run Remote Usage
		Usr 0 00:00:00, Sys 0 00:00:00  -  Run Local Usage
		Usr 0 00:40:53, Sys 0 00:00:26  -  Total Remote Usage
		Usr 0 00:00:00, Sys 0 00:00:00  -  Total Local Usage
	0  -  Run Bytes Sent By Job
	0  -  Run Bytes Received By Job
	0  -  Total Bytes Sent By Job
	0  -  Total Bytes Received By Job
	Partitionable Resources :    Usage  Request Allocated 
	   admin_mutex_1         :                           0 
	   admin_mutex_2         :                           0 
	   admin_mutex_3         :                           0 
	   Cpus                  :     0.95        1         1 
	   Disk (KB)             :    10        2048      5480 
	   GPUs                  :                           0 
	   machine_token         :                           0 
	   Memory (MB)           :   757        6000      6016 
	   TimeExecute (s)       :  2554                       
	   TimeSlotBusy (s)      :  2555                       

	Job terminated of its own accord at 2026-06-02T22:06:53Z with exit-code 0.
...
