000 (19532778.000.000) 2026-06-02 15:48:46 Job submitted from host: <10.128.10.103:9618?addrs=10.128.10.103-9618&alias=npx-submitter.icecube.wisc.edu&noUDP&sock=schedd_2449_6386>
    DAG Node: Drootprod_20130306_58384
...
001 (19532778.000.000) 2026-06-02 15:51:51 Job executing on host: <10.128.11.104:41225?addrs=10.128.11.104-41225&alias=n-r720-45.icecube.wisc.edu>
	SlotName: slot1_10@n-r720-45.icecube.wisc.edu
	admin_mutex_1 = 0
	admin_mutex_2 = 0
	admin_mutex_3 = 0
	CondorScratchDir = "/scratch/condor/dir_942080"
	Cpus = 1
	Disk = 3717
	GPUs = 0
	machine_token = 0
	Memory = 6016
...
006 (19532778.000.000) 2026-06-02 15:52:04 Image size of job updated: 119444
	117  -  MemoryUsage of job (MB)
	119444  -  ResidentSetSize of job (KB)
...
006 (19532778.000.000) 2026-06-02 15:57:04 Image size of job updated: 145004
	142  -  MemoryUsage of job (MB)
	145004  -  ResidentSetSize of job (KB)
...
006 (19532778.000.000) 2026-06-02 16:02:05 Image size of job updated: 165356
	162  -  MemoryUsage of job (MB)
	165356  -  ResidentSetSize of job (KB)
...
006 (19532778.000.000) 2026-06-02 16:07:06 Image size of job updated: 283560
	277  -  MemoryUsage of job (MB)
	283560  -  ResidentSetSize of job (KB)
...
006 (19532778.000.000) 2026-06-02 16:12:06 Image size of job updated: 416040
	407  -  MemoryUsage of job (MB)
	416040  -  ResidentSetSize of job (KB)
...
006 (19532778.000.000) 2026-06-02 16:17:07 Image size of job updated: 722456
	706  -  MemoryUsage of job (MB)
	722456  -  ResidentSetSize of job (KB)
...
006 (19532778.000.000) 2026-06-02 16:22:08 Image size of job updated: 749812
	733  -  MemoryUsage of job (MB)
	749812  -  ResidentSetSize of job (KB)
...
006 (19532778.000.000) 2026-06-02 16:26:19 Image size of job updated: 810048
	733  -  MemoryUsage of job (MB)
	749812  -  ResidentSetSize of job (KB)
...
005 (19532778.000.000) 2026-06-02 16:26:19 Job terminated.
	(1) Normal termination (return value 0)
		Usr 0 00:32:52, Sys 0 00:00:22  -  Run Remote Usage
		Usr 0 00:00:00, Sys 0 00:00:00  -  Run Local Usage
		Usr 0 00:32:52, Sys 0 00:00:22  -  Total Remote Usage
		Usr 0 00:00:00, Sys 0 00:00:00  -  Total Local Usage
	0  -  Run Bytes Sent By Job
	0  -  Run Bytes Received By Job
	0  -  Total Bytes Sent By Job
	0  -  Total Bytes Received By Job
	Partitionable Resources :    Usage  Request Allocated 
	   admin_mutex_1         :                           0 
	   admin_mutex_2         :                           0 
	   admin_mutex_3         :                           0 
	   Cpus                  :     0.94        1         1 
	   Disk (KB)             :    12        2048      3717 
	   GPUs                  :                           0 
	   machine_token         :                           0 
	   Memory (MB)           :   733        6000      6016 
	   TimeExecute (s)       :  2068                       
	   TimeSlotBusy (s)      :  2068                       

	Job terminated of its own accord at 2026-06-02T21:26:19Z with exit-code 0.
...
