000 (19532298.000.000) 2026-06-02 15:46:57 Job submitted from host: <10.128.10.103:9618?addrs=10.128.10.103-9618&alias=npx-submitter.icecube.wisc.edu&noUDP&sock=schedd_2449_6386>
    DAG Node: Drootprod_20130108_19335
...
001 (19532298.000.000) 2026-06-02 15:47:12 Job executing on host: <10.128.10.192:35633?addrs=10.128.10.192-35633&alias=n-smepyc-05.icecube.wisc.edu>
	SlotName: slot1_29@n-smepyc-05.icecube.wisc.edu
	admin_mutex_1 = 0
	admin_mutex_2 = 0
	admin_mutex_3 = 0
	CondorScratchDir = "/scratch/condor/dir_17998"
	Cpus = 1
	Disk = 3072
	GPUs = 0
	machine_token = 0
	Memory = 6016
...
006 (19532298.000.000) 2026-06-02 15:47:25 Image size of job updated: 122056
	120  -  MemoryUsage of job (MB)
	122056  -  ResidentSetSize of job (KB)
...
006 (19532298.000.000) 2026-06-02 15:52:25 Image size of job updated: 161668
	158  -  MemoryUsage of job (MB)
	161668  -  ResidentSetSize of job (KB)
...
006 (19532298.000.000) 2026-06-02 15:57:25 Image size of job updated: 406984
	398  -  MemoryUsage of job (MB)
	406984  -  ResidentSetSize of job (KB)
...
006 (19532298.000.000) 2026-06-02 16:02:26 Image size of job updated: 732764
	716  -  MemoryUsage of job (MB)
	732764  -  ResidentSetSize of job (KB)
...
006 (19532298.000.000) 2026-06-02 16:06:23 Image size of job updated: 765420
	716  -  MemoryUsage of job (MB)
	732764  -  ResidentSetSize of job (KB)
...
005 (19532298.000.000) 2026-06-02 16:06:23 Job terminated.
	(1) Normal termination (return value 0)
		Usr 0 00:18:09, Sys 0 00:00:16  -  Run Remote Usage
		Usr 0 00:00:00, Sys 0 00:00:00  -  Run Local Usage
		Usr 0 00:18:09, Sys 0 00:00:16  -  Total Remote Usage
		Usr 0 00:00:00, Sys 0 00:00:00  -  Total Local Usage
	0  -  Run Bytes Sent By Job
	0  -  Run Bytes Received By Job
	0  -  Total Bytes Sent By Job
	0  -  Total Bytes Received By Job
	Partitionable Resources :    Usage  Request Allocated 
	   admin_mutex_1         :                           0 
	   admin_mutex_2         :                           0 
	   admin_mutex_3         :                           0 
	   Cpus                  :     0.99        1         1 
	   Disk (KB)             :    12        2048      3072 
	   GPUs                  :                           0 
	   machine_token         :                           0 
	   Memory (MB)           :   716        6000      6016 
	   TimeExecute (s)       :  1151                       
	   TimeSlotBusy (s)      :  1152                       

	Job terminated of its own accord at 2026-06-02T21:06:23Z with exit-code 0.
...
