000 (19532683.000.000) 2026-06-02 15:48:26 Job submitted from host: <10.128.10.103:9618?addrs=10.128.10.103-9618&alias=npx-submitter.icecube.wisc.edu&noUDP&sock=schedd_2449_6386>
    DAG Node: Drootprod_20130225_49896
...
001 (19532683.000.000) 2026-06-02 15:48:40 Job executing on host: <10.128.10.116:38163?addrs=10.128.10.116-38163&alias=n-gibyte-01.icecube.wisc.edu>
	SlotName: slot1_474@n-gibyte-01.icecube.wisc.edu
	admin_mutex_1 = 0
	admin_mutex_2 = 0
	admin_mutex_3 = 0
	CondorScratchDir = "/scratch/condor/dir_2367746"
	Cpus = 1
	Disk = 5480
	GPUs = 0
	machine_token = 0
	Memory = 6016
...
006 (19532683.000.000) 2026-06-02 15:48:49 Image size of job updated: 119104
	117  -  MemoryUsage of job (MB)
	119104  -  ResidentSetSize of job (KB)
...
006 (19532683.000.000) 2026-06-02 15:53:50 Image size of job updated: 140440
	138  -  MemoryUsage of job (MB)
	140440  -  ResidentSetSize of job (KB)
...
006 (19532683.000.000) 2026-06-02 15:58:50 Image size of job updated: 158404
	155  -  MemoryUsage of job (MB)
	158404  -  ResidentSetSize of job (KB)
...
006 (19532683.000.000) 2026-06-02 16:03:51 Image size of job updated: 270984
	265  -  MemoryUsage of job (MB)
	270984  -  ResidentSetSize of job (KB)
...
006 (19532683.000.000) 2026-06-02 16:08:51 Image size of job updated: 288612
	282  -  MemoryUsage of job (MB)
	288612  -  ResidentSetSize of job (KB)
...
006 (19532683.000.000) 2026-06-02 16:13:51 Image size of job updated: 417708
	408  -  MemoryUsage of job (MB)
	417708  -  ResidentSetSize of job (KB)
...
006 (19532683.000.000) 2026-06-02 16:18:52 Image size of job updated: 718428
	702  -  MemoryUsage of job (MB)
	718428  -  ResidentSetSize of job (KB)
...
006 (19532683.000.000) 2026-06-02 16:20:53 Image size of job updated: 729224
	702  -  MemoryUsage of job (MB)
	718428  -  ResidentSetSize of job (KB)
...
005 (19532683.000.000) 2026-06-02 16:20:53 Job terminated.
	(1) Normal termination (return value 0)
		Usr 0 00:30:47, Sys 0 00:00:18  -  Run Remote Usage
		Usr 0 00:00:00, Sys 0 00:00:00  -  Run Local Usage
		Usr 0 00:30:47, Sys 0 00:00:18  -  Total Remote Usage
		Usr 0 00:00:00, Sys 0 00:00:00  -  Total Local Usage
	0  -  Run Bytes Sent By Job
	0  -  Run Bytes Received By Job
	0  -  Total Bytes Sent By Job
	0  -  Total Bytes Received By Job
	Partitionable Resources :    Usage  Request Allocated 
	   admin_mutex_1         :                           0 
	   admin_mutex_2         :                           0 
	   admin_mutex_3         :                           0 
	   Cpus                  :     0.99        1         1 
	   Disk (KB)             :    10        2048      5480 
	   GPUs                  :                           0 
	   machine_token         :                           0 
	   Memory (MB)           :   702        6000      6016 
	   TimeExecute (s)       :  1933                       
	   TimeSlotBusy (s)      :  1934                       

	Job terminated of its own accord at 2026-06-02T21:20:53Z with exit-code 0.
...
