000 (19533057.000.000) 2026-06-02 15:49:31 Job submitted from host: <10.128.10.103:9618?addrs=10.128.10.103-9618&alias=npx-submitter.icecube.wisc.edu&noUDP&sock=schedd_2449_6386>
    DAG Node: Drootprod_20130331_28861
...
001 (19533057.000.000) 2026-06-02 16:01:15 Job executing on host: <10.128.11.36:45179?addrs=10.128.11.36-45179&alias=n-smbc-17.icecube.wisc.edu>
	SlotName: slot1_16@n-smbc-17.icecube.wisc.edu
	admin_mutex_1 = 0
	admin_mutex_2 = 0
	admin_mutex_3 = 0
	CondorScratchDir = "/scratch/condor/dir_4160934"
	Cpus = 1
	Disk = 3072
	GPUs = 0
	machine_token = 0
	Memory = 6016
...
006 (19533057.000.000) 2026-06-02 16:01:28 Image size of job updated: 122220
	120  -  MemoryUsage of job (MB)
	122220  -  ResidentSetSize of job (KB)
...
006 (19533057.000.000) 2026-06-02 16:06:28 Image size of job updated: 159916
	157  -  MemoryUsage of job (MB)
	159916  -  ResidentSetSize of job (KB)
...
006 (19533057.000.000) 2026-06-02 16:11:28 Image size of job updated: 291064
	285  -  MemoryUsage of job (MB)
	291064  -  ResidentSetSize of job (KB)
...
006 (19533057.000.000) 2026-06-02 16:15:34 Image size of job updated: 711628
	285  -  MemoryUsage of job (MB)
	291064  -  ResidentSetSize of job (KB)
...
005 (19533057.000.000) 2026-06-02 16:15:34 Job terminated.
	(1) Normal termination (return value 0)
		Usr 0 00:13:36, Sys 0 00:00:09  -  Run Remote Usage
		Usr 0 00:00:00, Sys 0 00:00:00  -  Run Local Usage
		Usr 0 00:13:36, Sys 0 00:00:09  -  Total Remote Usage
		Usr 0 00:00:00, Sys 0 00:00:00  -  Total Local Usage
	0  -  Run Bytes Sent By Job
	0  -  Run Bytes Received By Job
	0  -  Total Bytes Sent By Job
	0  -  Total Bytes Received By Job
	Partitionable Resources :    Usage  Request Allocated 
	   admin_mutex_1         :                           0 
	   admin_mutex_2         :                           0 
	   admin_mutex_3         :                           0 
	   Cpus                  :     1.00        1         1 
	   Disk (KB)             :     7        2048      3072 
	   GPUs                  :                           0 
	   machine_token         :                           0 
	   Memory (MB)           :   285        6000      6016 
	   TimeExecute (s)       :   860                       
	   TimeSlotBusy (s)      :   860                       

	Job terminated of its own accord at 2026-06-02T21:15:34Z with exit-code 0.
...
