000 (19532392.000.000) 2026-06-02 15:47:23 Job submitted from host: <10.128.10.103:9618?addrs=10.128.10.103-9618&alias=npx-submitter.icecube.wisc.edu&noUDP&sock=schedd_2449_6386>
    DAG Node: Drootprod_20130123_37802
...
001 (19532392.000.000) 2026-06-02 15:47:33 Job executing on host: <10.128.11.115:42327?addrs=10.128.11.115-42327&alias=n-r720-55.icecube.wisc.edu>
	SlotName: slot1_14@n-r720-55.icecube.wisc.edu
	admin_mutex_1 = 0
	admin_mutex_2 = 0
	admin_mutex_3 = 0
	CondorScratchDir = "/scratch/condor/dir_4028454"
	Cpus = 1
	Disk = 3072
	GPUs = 0
	machine_token = 0
	Memory = 6016
...
006 (19532392.000.000) 2026-06-02 15:47:46 Image size of job updated: 104328
	102  -  MemoryUsage of job (MB)
	104328  -  ResidentSetSize of job (KB)
...
006 (19532392.000.000) 2026-06-02 15:52:46 Image size of job updated: 143716
	141  -  MemoryUsage of job (MB)
	143716  -  ResidentSetSize of job (KB)
...
006 (19532392.000.000) 2026-06-02 15:57:47 Image size of job updated: 165560
	162  -  MemoryUsage of job (MB)
	165560  -  ResidentSetSize of job (KB)
...
006 (19532392.000.000) 2026-06-02 16:02:48 Image size of job updated: 284488
	278  -  MemoryUsage of job (MB)
	284488  -  ResidentSetSize of job (KB)
...
006 (19532392.000.000) 2026-06-02 16:07:48 Image size of job updated: 417360
	408  -  MemoryUsage of job (MB)
	417360  -  ResidentSetSize of job (KB)
...
006 (19532392.000.000) 2026-06-02 16:12:48 Image size of job updated: 726164
	710  -  MemoryUsage of job (MB)
	726164  -  ResidentSetSize of job (KB)
...
006 (19532392.000.000) 2026-06-02 16:14:38 Image size of job updated: 734968
	710  -  MemoryUsage of job (MB)
	726164  -  ResidentSetSize of job (KB)
...
005 (19532392.000.000) 2026-06-02 16:14:38 Job terminated.
	(1) Normal termination (return value 0)
		Usr 0 00:25:46, Sys 0 00:00:20  -  Run Remote Usage
		Usr 0 00:00:00, Sys 0 00:00:00  -  Run Local Usage
		Usr 0 00:25:46, Sys 0 00:00:20  -  Total Remote Usage
		Usr 0 00:00:00, Sys 0 00:00:00  -  Total Local Usage
	0  -  Run Bytes Sent By Job
	0  -  Run Bytes Received By Job
	0  -  Total Bytes Sent By Job
	0  -  Total Bytes Received By Job
	Partitionable Resources :    Usage  Request Allocated 
	   admin_mutex_1         :                           0 
	   admin_mutex_2         :                           0 
	   admin_mutex_3         :                           0 
	   Cpus                  :     0.99        1         1 
	   Disk (KB)             :    10        2048      3072 
	   GPUs                  :                           0 
	   machine_token         :                           0 
	   Memory (MB)           :   710        6000      6016 
	   TimeExecute (s)       :  1626                       
	   TimeSlotBusy (s)      :  1626                       

	Job terminated of its own accord at 2026-06-02T21:14:38Z with exit-code 0.
...
