000 (19532642.000.000) 2026-06-02 15:48:18 Job submitted from host: <10.128.10.103:9618?addrs=10.128.10.103-9618&alias=npx-submitter.icecube.wisc.edu&noUDP&sock=schedd_2449_6386>
    DAG Node: Drootprod_20130222_13731
...
001 (19532642.000.000) 2026-06-02 15:48:30 Job executing on host: <10.128.10.116:38163?addrs=10.128.10.116-38163&alias=n-gibyte-01.icecube.wisc.edu>
	SlotName: slot1_448@n-gibyte-01.icecube.wisc.edu
	admin_mutex_1 = 0
	admin_mutex_2 = 0
	admin_mutex_3 = 0
	CondorScratchDir = "/scratch/condor/dir_2362903"
	Cpus = 1
	Disk = 5480
	GPUs = 0
	machine_token = 0
	Memory = 6016
...
006 (19532642.000.000) 2026-06-02 15:48:38 Image size of job updated: 119828
	118  -  MemoryUsage of job (MB)
	119828  -  ResidentSetSize of job (KB)
...
006 (19532642.000.000) 2026-06-02 15:53:39 Image size of job updated: 142244
	139  -  MemoryUsage of job (MB)
	142244  -  ResidentSetSize of job (KB)
...
006 (19532642.000.000) 2026-06-02 15:58:39 Image size of job updated: 161328
	158  -  MemoryUsage of job (MB)
	161328  -  ResidentSetSize of job (KB)
...
006 (19532642.000.000) 2026-06-02 16:03:40 Image size of job updated: 274276
	268  -  MemoryUsage of job (MB)
	274276  -  ResidentSetSize of job (KB)
...
006 (19532642.000.000) 2026-06-02 16:08:40 Image size of job updated: 406612
	398  -  MemoryUsage of job (MB)
	406612  -  ResidentSetSize of job (KB)
...
006 (19532642.000.000) 2026-06-02 16:13:41 Image size of job updated: 422332
	413  -  MemoryUsage of job (MB)
	422332  -  ResidentSetSize of job (KB)
...
006 (19532642.000.000) 2026-06-02 16:18:41 Image size of job updated: 728176
	712  -  MemoryUsage of job (MB)
	728176  -  ResidentSetSize of job (KB)
...
022 (19532642.000.000) 2026-06-02 16:23:27 Job disconnected, attempting to reconnect
    Socket between submit and execute hosts closed unexpectedly
    Trying to reconnect to slot1_448@n-gibyte-01.icecube.wisc.edu <10.128.10.116:38163?addrs=10.128.10.116-38163&alias=n-gibyte-01.icecube.wisc.edu>
...
024 (19532642.000.000) 2026-06-02 17:03:27 Job reconnection failed
    Job disconnected too long: JobLeaseDuration (2400 seconds) expired
    Can not reconnect to slot1_448@n-gibyte-01.icecube.wisc.edu, rescheduling job
...
004 (19532642.000.000) 2026-06-02 17:03:37 Job was evicted.
	(0) CPU times
		Usr 0 00:28:52, Sys 0 00:00:18  -  Run Remote Usage
		Usr 0 00:00:00, Sys 0 00:00:00  -  Run Local Usage
	0  -  Run Bytes Sent By Job
	0  -  Run Bytes Received By Job
	Job disconnected too long: JobLeaseDuration (2400 seconds) expired
	Partitionable Resources :    Usage  Request Allocated 
	   admin_mutex_1         :                           0 
	   admin_mutex_2         :                           0 
	   admin_mutex_3         :                           0 
	   Cpus                  :     0.91        1         1 
	   Disk (KB)             :    12        2048      5480 
	   GPUs                  :                           0 
	   machine_token         :                           0 
	   Memory (MB)           :   712        6000      6016 
...
001 (19532642.000.000) 2026-06-02 17:05:49 Job executing on host: <10.128.11.28:42045?addrs=10.128.11.28-42045&alias=n-smbc-09.icecube.wisc.edu>
	SlotName: slot1_23@n-smbc-09.icecube.wisc.edu
	admin_mutex_1 = 0
	admin_mutex_2 = 0
	admin_mutex_3 = 0
	CondorScratchDir = "/scratch/condor/dir_4070779"
	Cpus = 1
	Disk = 3072
	GPUs = 0
	machine_token = 0
	Memory = 6016
...
006 (19532642.000.000) 2026-06-02 17:30:18 Image size of job updated: 787744
	733  -  MemoryUsage of job (MB)
	750000  -  ResidentSetSize of job (KB)
...
005 (19532642.000.000) 2026-06-02 17:30:18 Job terminated.
	(1) Normal termination (return value 0)
		Usr 0 00:23:37, Sys 0 00:00:13  -  Run Remote Usage
		Usr 0 00:00:00, Sys 0 00:00:00  -  Run Local Usage
		Usr 0 00:52:29, Sys 0 00:00:31  -  Total Remote Usage
		Usr 0 00:00:00, Sys 0 00:00:00  -  Total Local Usage
	0  -  Run Bytes Sent By Job
	0  -  Run Bytes Received By Job
	0  -  Total Bytes Sent By Job
	0  -  Total Bytes Received By Job
	Partitionable Resources :    Usage  Request Allocated 
	   admin_mutex_1         :                           0 
	   admin_mutex_2         :                           0 
	   admin_mutex_3         :                           0 
	   Cpus                  :     0.99        1         1 
	   Disk (KB)             :    12        2048      3072 
	   GPUs                  :                           0 
	   machine_token         :                           0 
	   Memory (MB)           :   733        6000      6016 
	   TimeExecute (s)       :  1469                       
	   TimeSlotBusy (s)      :  1469                       

	Job terminated of its own accord at 2026-06-02T22:30:18Z with exit-code 0.
...
