000 (19535683.000.000) 2026-06-02 15:54:52 Job submitted from host: <10.128.10.103:9618?addrs=10.128.10.103-9618&alias=npx-submitter.icecube.wisc.edu&noUDP&sock=schedd_2449_6386>
    DAG Node: Drootprod_20130918_19471
...
001 (19535683.000.000) 2026-06-02 16:57:39 Job executing on host: <10.128.10.192:35633?addrs=10.128.10.192-35633&alias=n-smepyc-05.icecube.wisc.edu>
	SlotName: slot1_30@n-smepyc-05.icecube.wisc.edu
	admin_mutex_1 = 0
	admin_mutex_2 = 0
	admin_mutex_3 = 0
	CondorScratchDir = "/scratch/condor/dir_283308"
	Cpus = 1
	Disk = 3072
	GPUs = 0
	machine_token = 0
	Memory = 6016
...
006 (19535683.000.000) 2026-06-02 16:57:53 Image size of job updated: 123320
	121  -  MemoryUsage of job (MB)
	123320  -  ResidentSetSize of job (KB)
...
006 (19535683.000.000) 2026-06-02 17:02:54 Image size of job updated: 166672
	163  -  MemoryUsage of job (MB)
	166672  -  ResidentSetSize of job (KB)
...
006 (19535683.000.000) 2026-06-02 17:07:55 Image size of job updated: 417548
	408  -  MemoryUsage of job (MB)
	417548  -  ResidentSetSize of job (KB)
...
006 (19535683.000.000) 2026-06-02 17:11:59 Image size of job updated: 742364
	408  -  MemoryUsage of job (MB)
	417548  -  ResidentSetSize of job (KB)
...
005 (19535683.000.000) 2026-06-02 17:11:59 Job terminated.
	(1) Normal termination (return value 0)
		Usr 0 00:13:20, Sys 0 00:00:14  -  Run Remote Usage
		Usr 0 00:00:00, Sys 0 00:00:00  -  Run Local Usage
		Usr 0 00:13:20, Sys 0 00:00:14  -  Total Remote Usage
		Usr 0 00:00:00, Sys 0 00:00:00  -  Total Local Usage
	0  -  Run Bytes Sent By Job
	0  -  Run Bytes Received By Job
	0  -  Total Bytes Sent By Job
	0  -  Total Bytes Received By Job
	Partitionable Resources :    Usage  Request Allocated 
	   admin_mutex_1         :                           0 
	   admin_mutex_2         :                           0 
	   admin_mutex_3         :                           0 
	   Cpus                  :     0.99        1         1 
	   Disk (KB)             :    10        2048      3072 
	   GPUs                  :                           0 
	   machine_token         :                           0 
	   Memory (MB)           :   408        6000      6016 
	   TimeExecute (s)       :   860                       
	   TimeSlotBusy (s)      :   860                       

	Job terminated of its own accord at 2026-06-02T22:11:59Z with exit-code 0.
...
