000 (19536934.000.000) 2026-06-02 15:57:34 Job submitted from host: <10.128.10.103:9618?addrs=10.128.10.103-9618&alias=npx-submitter.icecube.wisc.edu&noUDP&sock=schedd_2449_6386>
    DAG Node: Drootprod_20190928_31697
...
001 (19536934.000.000) 2026-06-02 17:29:22 Job executing on host: <10.128.10.39:39847?addrs=10.128.10.39-39847&alias=n-m610-29.icecube.wisc.edu>
	SlotName: slot1_6@n-m610-29.icecube.wisc.edu
	admin_mutex_1 = 0
	admin_mutex_2 = 0
	admin_mutex_3 = 0
	CondorScratchDir = "/scratch/condor/dir_1574655"
	Cpus = 1
	Disk = 3072
	GPUs = 0
	machine_token = 0
	Memory = 6016
...
006 (19536934.000.000) 2026-06-02 17:29:35 Image size of job updated: 121872
	120  -  MemoryUsage of job (MB)
	121872  -  ResidentSetSize of job (KB)
...
006 (19536934.000.000) 2026-06-02 17:34:35 Image size of job updated: 161616
	158  -  MemoryUsage of job (MB)
	161616  -  ResidentSetSize of job (KB)
...
006 (19536934.000.000) 2026-06-02 17:39:35 Image size of job updated: 310996
	304  -  MemoryUsage of job (MB)
	310996  -  ResidentSetSize of job (KB)
...
006 (19536934.000.000) 2026-06-02 17:40:11 Image size of job updated: 314964
	304  -  MemoryUsage of job (MB)
	310996  -  ResidentSetSize of job (KB)
...
005 (19536934.000.000) 2026-06-02 17:40:11 Job terminated.
	(1) Normal termination (return value 0)
		Usr 0 00:10:09, Sys 0 00:00:08  -  Run Remote Usage
		Usr 0 00:00:00, Sys 0 00:00:00  -  Run Local Usage
		Usr 0 00:10:09, Sys 0 00:00:08  -  Total Remote Usage
		Usr 0 00:00:00, Sys 0 00:00:00  -  Total Local Usage
	0  -  Run Bytes Sent By Job
	0  -  Run Bytes Received By Job
	0  -  Total Bytes Sent By Job
	0  -  Total Bytes Received By Job
	Partitionable Resources :    Usage  Request Allocated 
	   admin_mutex_1         :                           0 
	   admin_mutex_2         :                           0 
	   admin_mutex_3         :                           0 
	   Cpus                  :     0.96        1         1 
	   Disk (KB)             :    10        2048      3072 
	   GPUs                  :                           0 
	   machine_token         :                           0 
	   Memory (MB)           :   304        6000      6016 
	   TimeExecute (s)       :   649                       
	   TimeSlotBusy (s)      :   649                       

	Job terminated of its own accord at 2026-06-02T22:40:11Z with exit-code 0.
...
