000 (19537659.000.000) 2026-06-02 15:59:32 Job submitted from host: <10.128.10.103:9618?addrs=10.128.10.103-9618&alias=npx-submitter.icecube.wisc.edu&noUDP&sock=schedd_2449_6386>
    DAG Node: Drootprod_20191129_61218
...
001 (19537659.000.000) 2026-06-02 17:40:30 Job executing on host: <10.128.10.117:43719?addrs=10.128.10.117-43719&alias=n-gibyte-02.icecube.wisc.edu>
	SlotName: slot1_426@n-gibyte-02.icecube.wisc.edu
	admin_mutex_1 = 0
	admin_mutex_2 = 0
	admin_mutex_3 = 0
	CondorScratchDir = "/scratch/condor/dir_3749405"
	Cpus = 1
	Disk = 5480
	GPUs = 0
	machine_token = 0
	Memory = 6016
...
006 (19537659.000.000) 2026-06-02 17:40:44 Image size of job updated: 118364
	116  -  MemoryUsage of job (MB)
	118364  -  ResidentSetSize of job (KB)
...
006 (19537659.000.000) 2026-06-02 17:45:44 Image size of job updated: 139496
	137  -  MemoryUsage of job (MB)
	139496  -  ResidentSetSize of job (KB)
...
006 (19537659.000.000) 2026-06-02 17:50:45 Image size of job updated: 155808
	153  -  MemoryUsage of job (MB)
	155808  -  ResidentSetSize of job (KB)
...
006 (19537659.000.000) 2026-06-02 17:55:45 Image size of job updated: 170544
	167  -  MemoryUsage of job (MB)
	170544  -  ResidentSetSize of job (KB)
...
006 (19537659.000.000) 2026-06-02 18:00:46 Image size of job updated: 293572
	287  -  MemoryUsage of job (MB)
	293572  -  ResidentSetSize of job (KB)
...
006 (19537659.000.000) 2026-06-02 18:03:52 Image size of job updated: 303664
	287  -  MemoryUsage of job (MB)
	293572  -  ResidentSetSize of job (KB)
...
005 (19537659.000.000) 2026-06-02 18:03:52 Job terminated.
	(1) Normal termination (return value 0)
		Usr 0 00:22:23, Sys 0 00:00:12  -  Run Remote Usage
		Usr 0 00:00:00, Sys 0 00:00:00  -  Run Local Usage
		Usr 0 00:22:23, Sys 0 00:00:12  -  Total Remote Usage
		Usr 0 00:00:00, Sys 0 00:00:00  -  Total Local Usage
	0  -  Run Bytes Sent By Job
	0  -  Run Bytes Received By Job
	0  -  Total Bytes Sent By Job
	0  -  Total Bytes Received By Job
	Partitionable Resources :    Usage  Request Allocated 
	   admin_mutex_1         :                           0 
	   admin_mutex_2         :                           0 
	   admin_mutex_3         :                           0 
	   Cpus                  :     0.96        1         1 
	   Disk (KB)             :    15        2048      5480 
	   GPUs                  :                           0 
	   machine_token         :                           0 
	   Memory (MB)           :   287        6000      6016 
	   TimeExecute (s)       :  1402                       
	   TimeSlotBusy (s)      :  1403                       

	Job terminated of its own accord at 2026-06-02T23:03:52Z with exit-code 0.
...
