000 (19534706.000.000) 2026-06-02 15:52:55 Job submitted from host: <10.128.10.103:9618?addrs=10.128.10.103-9618&alias=npx-submitter.icecube.wisc.edu&noUDP&sock=schedd_2449_6386>
    DAG Node: Drootprod_20190502_43113
...
001 (19534706.000.000) 2026-06-02 16:39:23 Job executing on host: <10.128.10.117:43719?addrs=10.128.10.117-43719&alias=n-gibyte-02.icecube.wisc.edu>
	SlotName: slot1_363@n-gibyte-02.icecube.wisc.edu
	admin_mutex_1 = 0
	admin_mutex_2 = 0
	admin_mutex_3 = 0
	CondorScratchDir = "/scratch/condor/dir_3490348"
	Cpus = 1
	Disk = 5480
	GPUs = 0
	machine_token = 0
	Memory = 6016
...
006 (19534706.000.000) 2026-06-02 16:39:37 Image size of job updated: 119652
	117  -  MemoryUsage of job (MB)
	119652  -  ResidentSetSize of job (KB)
...
006 (19534706.000.000) 2026-06-02 16:44:38 Image size of job updated: 145376
	142  -  MemoryUsage of job (MB)
	145376  -  ResidentSetSize of job (KB)
...
006 (19534706.000.000) 2026-06-02 16:49:38 Image size of job updated: 166776
	163  -  MemoryUsage of job (MB)
	166776  -  ResidentSetSize of job (KB)
...
006 (19534706.000.000) 2026-06-02 16:54:39 Image size of job updated: 300208
	294  -  MemoryUsage of job (MB)
	300208  -  ResidentSetSize of job (KB)
...
006 (19534706.000.000) 2026-06-02 16:59:39 Image size of job updated: 321580
	315  -  MemoryUsage of job (MB)
	321580  -  ResidentSetSize of job (KB)
...
006 (19534706.000.000) 2026-06-02 17:00:38 Image size of job updated: 457820
	315  -  MemoryUsage of job (MB)
	321580  -  ResidentSetSize of job (KB)
...
005 (19534706.000.000) 2026-06-02 17:00:38 Job terminated.
	(1) Normal termination (return value 0)
		Usr 0 00:20:12, Sys 0 00:00:13  -  Run Remote Usage
		Usr 0 00:00:00, Sys 0 00:00:00  -  Run Local Usage
		Usr 0 00:20:12, Sys 0 00:00:13  -  Total Remote Usage
		Usr 0 00:00:00, Sys 0 00:00:00  -  Total Local Usage
	0  -  Run Bytes Sent By Job
	0  -  Run Bytes Received By Job
	0  -  Total Bytes Sent By Job
	0  -  Total Bytes Received By Job
	Partitionable Resources :    Usage  Request Allocated 
	   admin_mutex_1         :                           0 
	   admin_mutex_2         :                           0 
	   admin_mutex_3         :                           0 
	   Cpus                  :     0.98        1         1 
	   Disk (KB)             :    12        2048      5480 
	   GPUs                  :                           0 
	   machine_token         :                           0 
	   Memory (MB)           :   315        6000      6016 
	   TimeExecute (s)       :  1275                       
	   TimeSlotBusy (s)      :  1276                       

	Job terminated of its own accord at 2026-06-02T22:00:38Z with exit-code 0.
...
