000 (19536853.000.000) 2026-06-02 15:57:22 Job submitted from host: <10.128.10.103:9618?addrs=10.128.10.103-9618&alias=npx-submitter.icecube.wisc.edu&noUDP&sock=schedd_2449_6386>
    DAG Node: Drootprod_20190922_64864
...
001 (19536853.000.000) 2026-06-02 17:27:57 Job executing on host: <10.128.10.197:38115?addrs=10.128.10.197-38115&alias=n-18.icecube.wisc.edu>
	SlotName: slot1_7@n-18.icecube.wisc.edu
	admin_mutex_1 = 0
	admin_mutex_2 = 0
	admin_mutex_3 = 0
	CondorScratchDir = "/scratch/condor/dir_721636"
	Cpus = 1
	Disk = 3815
	GPUs = 0
	machine_token = 0
	Memory = 6016
...
006 (19536853.000.000) 2026-06-02 17:28:10 Image size of job updated: 121172
	119  -  MemoryUsage of job (MB)
	121172  -  ResidentSetSize of job (KB)
...
006 (19536853.000.000) 2026-06-02 17:33:10 Image size of job updated: 155836
	153  -  MemoryUsage of job (MB)
	155836  -  ResidentSetSize of job (KB)
...
006 (19536853.000.000) 2026-06-02 17:38:11 Image size of job updated: 301168
	295  -  MemoryUsage of job (MB)
	301168  -  ResidentSetSize of job (KB)
...
006 (19536853.000.000) 2026-06-02 17:39:22 Image size of job updated: 308636
	295  -  MemoryUsage of job (MB)
	301168  -  ResidentSetSize of job (KB)
...
005 (19536853.000.000) 2026-06-02 17:39:22 Job terminated.
	(1) Normal termination (return value 0)
		Usr 0 00:10:48, Sys 0 00:00:09  -  Run Remote Usage
		Usr 0 00:00:00, Sys 0 00:00:00  -  Run Local Usage
		Usr 0 00:10:48, Sys 0 00:00:09  -  Total Remote Usage
		Usr 0 00:00:00, Sys 0 00:00:00  -  Total Local Usage
	0  -  Run Bytes Sent By Job
	0  -  Run Bytes Received By Job
	0  -  Total Bytes Sent By Job
	0  -  Total Bytes Received By Job
	Partitionable Resources :    Usage  Request Allocated 
	   admin_mutex_1         :                           0 
	   admin_mutex_2         :                           0 
	   admin_mutex_3         :                           0 
	   Cpus                  :     0.97        1         1 
	   Disk (KB)             :    10        2048      3815 
	   GPUs                  :                           0 
	   machine_token         :                           0 
	   Memory (MB)           :   295        6000      6016 
	   TimeExecute (s)       :   685                       
	   TimeSlotBusy (s)      :   685                       

	Job terminated of its own accord at 2026-06-02T22:39:22Z with exit-code 0.
...
