000 (19533095.000.000) 2026-06-02 15:49:36 Job submitted from host: <10.128.10.103:9618?addrs=10.128.10.103-9618&alias=npx-submitter.icecube.wisc.edu&noUDP&sock=schedd_2449_6386>
    DAG Node: Drootprod_20190116_46128
...
001 (19533095.000.000) 2026-06-02 16:03:26 Job executing on host: <10.128.10.116:38163?addrs=10.128.10.116-38163&alias=n-gibyte-01.icecube.wisc.edu>
	SlotName: slot1_388@n-gibyte-01.icecube.wisc.edu
	admin_mutex_1 = 0
	admin_mutex_2 = 0
	admin_mutex_3 = 0
	CondorScratchDir = "/scratch/condor/dir_2426601"
	Cpus = 1
	Disk = 5480
	GPUs = 0
	machine_token = 0
	Memory = 6016
...
006 (19533095.000.000) 2026-06-02 16:03:40 Image size of job updated: 119160
	117  -  MemoryUsage of job (MB)
	119160  -  ResidentSetSize of job (KB)
...
006 (19533095.000.000) 2026-06-02 16:08:41 Image size of job updated: 143644
	141  -  MemoryUsage of job (MB)
	143644  -  ResidentSetSize of job (KB)
...
006 (19533095.000.000) 2026-06-02 16:13:41 Image size of job updated: 163108
	160  -  MemoryUsage of job (MB)
	163108  -  ResidentSetSize of job (KB)
...
006 (19533095.000.000) 2026-06-02 16:18:42 Image size of job updated: 183776
	180  -  MemoryUsage of job (MB)
	183776  -  ResidentSetSize of job (KB)
...
022 (19533095.000.000) 2026-06-02 16:23:27 Job disconnected, attempting to reconnect
    Socket between submit and execute hosts closed unexpectedly
    Trying to reconnect to slot1_388@n-gibyte-01.icecube.wisc.edu <10.128.10.116:38163?addrs=10.128.10.116-38163&alias=n-gibyte-01.icecube.wisc.edu>
...
024 (19533095.000.000) 2026-06-02 17:03:27 Job reconnection failed
    Job disconnected too long: JobLeaseDuration (2400 seconds) expired
    Can not reconnect to slot1_388@n-gibyte-01.icecube.wisc.edu, rescheduling job
...
004 (19533095.000.000) 2026-06-02 17:03:37 Job was evicted.
	(0) CPU times
		Usr 0 00:14:15, Sys 0 00:00:08  -  Run Remote Usage
		Usr 0 00:00:00, Sys 0 00:00:00  -  Run Local Usage
	0  -  Run Bytes Sent By Job
	0  -  Run Bytes Received By Job
	Job disconnected too long: JobLeaseDuration (2400 seconds) expired
	Partitionable Resources :    Usage  Request Allocated 
	   admin_mutex_1         :                           0 
	   admin_mutex_2         :                           0 
	   admin_mutex_3         :                           0 
	   Cpus                  :     0.87        1         1 
	   Disk (KB)             :    15        2048      5480 
	   GPUs                  :                           0 
	   machine_token         :                           0 
	   Memory (MB)           :   180        6000      6016 
...
001 (19533095.000.000) 2026-06-02 17:07:24 Job executing on host: <10.128.11.31:36665?addrs=10.128.11.31-36665&alias=n-smbc-12.icecube.wisc.edu>
	SlotName: slot1_21@n-smbc-12.icecube.wisc.edu
	admin_mutex_1 = 0
	admin_mutex_2 = 0
	admin_mutex_3 = 0
	CondorScratchDir = "/scratch/condor/dir_4123571"
	Cpus = 1
	Disk = 3072
	GPUs = 0
	machine_token = 0
	Memory = 6016
...
006 (19533095.000.000) 2026-06-02 17:27:41 Image size of job updated: 303176
	297  -  MemoryUsage of job (MB)
	303176  -  ResidentSetSize of job (KB)
...
006 (19533095.000.000) 2026-06-02 17:30:25 Image size of job updated: 311728
	297  -  MemoryUsage of job (MB)
	303176  -  ResidentSetSize of job (KB)
...
005 (19533095.000.000) 2026-06-02 17:30:25 Job terminated.
	(1) Normal termination (return value 0)
		Usr 0 00:21:53, Sys 0 00:00:12  -  Run Remote Usage
		Usr 0 00:00:00, Sys 0 00:00:00  -  Run Local Usage
		Usr 0 00:36:08, Sys 0 00:00:20  -  Total Remote Usage
		Usr 0 00:00:00, Sys 0 00:00:00  -  Total Local Usage
	0  -  Run Bytes Sent By Job
	0  -  Run Bytes Received By Job
	0  -  Total Bytes Sent By Job
	0  -  Total Bytes Received By Job
	Partitionable Resources :    Usage  Request Allocated 
	   admin_mutex_1         :                           0 
	   admin_mutex_2         :                           0 
	   admin_mutex_3         :                           0 
	   Cpus                  :     0.98        1         1 
	   Disk (KB)             :    15        2048      3072 
	   GPUs                  :                           0 
	   machine_token         :                           0 
	   Memory (MB)           :   297        6000      6016 
	   TimeExecute (s)       :  1381                       
	   TimeSlotBusy (s)      :  1381                       

	Job terminated of its own accord at 2026-06-02T22:30:25Z with exit-code 0.
...
