000 (19535904.000.000) 2026-06-02 15:55:21 Job submitted from host: <10.128.10.103:9618?addrs=10.128.10.103-9618&alias=npx-submitter.icecube.wisc.edu&noUDP&sock=schedd_2449_6386>
    DAG Node: Drootprod_20190719_24608
...
001 (19535904.000.000) 2026-06-02 17:02:16 Job executing on host: <10.128.11.115:42327?addrs=10.128.11.115-42327&alias=n-r720-55.icecube.wisc.edu>
	SlotName: slot1_8@n-r720-55.icecube.wisc.edu
	admin_mutex_1 = 0
	admin_mutex_2 = 0
	admin_mutex_3 = 0
	CondorScratchDir = "/scratch/condor/dir_132544"
	Cpus = 1
	Disk = 3072
	GPUs = 0
	machine_token = 0
	Memory = 6016
...
006 (19535904.000.000) 2026-06-02 17:02:29 Image size of job updated: 119344
	117  -  MemoryUsage of job (MB)
	119344  -  ResidentSetSize of job (KB)
...
006 (19535904.000.000) 2026-06-02 17:07:29 Image size of job updated: 149816
	147  -  MemoryUsage of job (MB)
	149816  -  ResidentSetSize of job (KB)
...
006 (19535904.000.000) 2026-06-02 17:12:29 Image size of job updated: 175588
	172  -  MemoryUsage of job (MB)
	175588  -  ResidentSetSize of job (KB)
...
006 (19535904.000.000) 2026-06-02 17:17:30 Image size of job updated: 312228
	305  -  MemoryUsage of job (MB)
	312228  -  ResidentSetSize of job (KB)
...
006 (19535904.000.000) 2026-06-02 17:19:37 Image size of job updated: 322808
	305  -  MemoryUsage of job (MB)
	312228  -  ResidentSetSize of job (KB)
...
005 (19535904.000.000) 2026-06-02 17:19:37 Job terminated.
	(1) Normal termination (return value 0)
		Usr 0 00:16:22, Sys 0 00:00:12  -  Run Remote Usage
		Usr 0 00:00:00, Sys 0 00:00:00  -  Run Local Usage
		Usr 0 00:16:22, Sys 0 00:00:12  -  Total Remote Usage
		Usr 0 00:00:00, Sys 0 00:00:00  -  Total Local Usage
	0  -  Run Bytes Sent By Job
	0  -  Run Bytes Received By Job
	0  -  Total Bytes Sent By Job
	0  -  Total Bytes Received By Job
	Partitionable Resources :    Usage  Request Allocated 
	   admin_mutex_1         :                           0 
	   admin_mutex_2         :                           0 
	   admin_mutex_3         :                           0 
	   Cpus                  :     0.99        1         1 
	   Disk (KB)             :    12        2048      3072 
	   GPUs                  :                           0 
	   machine_token         :                           0 
	   Memory (MB)           :   305        6000      6016 
	   TimeExecute (s)       :  1041                       
	   TimeSlotBusy (s)      :  1042                       

	Job terminated of its own accord at 2026-06-02T22:19:37Z with exit-code 0.
...
