000 (19537607.000.000) 2026-06-02 15:59:22 Job submitted from host: <10.128.10.103:9618?addrs=10.128.10.103-9618&alias=npx-submitter.icecube.wisc.edu&noUDP&sock=schedd_2449_6386>
    DAG Node: Drootprod_20191124_89984
...
001 (19537607.000.000) 2026-06-02 17:40:07 Job executing on host: <10.128.10.181:34113?addrs=10.128.10.181-34113&alias=n-gpu-37.icecube.wisc.edu>
	SlotName: slot1_9@n-gpu-37.icecube.wisc.edu
	admin_mutex_1 = 0
	admin_mutex_2 = 0
	admin_mutex_3 = 0
	AvailableGPUs = {  }
	CondorScratchDir = "/scratch/condor/dir_2382650"
	Cpus = 1
	Disk = 3072
	GPUs = 0
	machine_token = 0
	Memory = 6016
...
006 (19537607.000.000) 2026-06-02 17:40:20 Image size of job updated: 120356
	118  -  MemoryUsage of job (MB)
	120356  -  ResidentSetSize of job (KB)
...
006 (19537607.000.000) 2026-06-02 17:45:20 Image size of job updated: 158580
	155  -  MemoryUsage of job (MB)
	158580  -  ResidentSetSize of job (KB)
...
006 (19537607.000.000) 2026-06-02 17:49:08 Image size of job updated: 293932
	155  -  MemoryUsage of job (MB)
	158580  -  ResidentSetSize of job (KB)
...
005 (19537607.000.000) 2026-06-02 17:49:08 Job terminated.
	(1) Normal termination (return value 0)
		Usr 0 00:08:28, Sys 0 00:00:07  -  Run Remote Usage
		Usr 0 00:00:00, Sys 0 00:00:00  -  Run Local Usage
		Usr 0 00:08:28, Sys 0 00:00:07  -  Total Remote Usage
		Usr 0 00:00:00, Sys 0 00:00:00  -  Total Local Usage
	0  -  Run Bytes Sent By Job
	0  -  Run Bytes Received By Job
	0  -  Total Bytes Sent By Job
	0  -  Total Bytes Received By Job
	Partitionable Resources :    Usage  Request Allocated 
	   admin_mutex_1         :                           0 
	   admin_mutex_2         :                           0 
	   admin_mutex_3         :                           0 
	   Cpus                  :     0.97        1         1 
	   Disk (KB)             :    12        2048      3072 
	   GPUs                  :                           0 
	   machine_token         :                           0 
	   Memory (MB)           :   155        6000      6016 
	   TimeExecute (s)       :   541                       
	   TimeSlotBusy (s)      :   541                       

	Job terminated of its own accord at 2026-06-02T22:49:08Z with exit-code 0.
...
