000 (19535909.000.000) 2026-06-02 15:55:22 Job submitted from host: <10.128.10.103:9618?addrs=10.128.10.103-9618&alias=npx-submitter.icecube.wisc.edu&noUDP&sock=schedd_2449_6386>
    DAG Node: Drootprod_20190720_18208
...
001 (19535909.000.000) 2026-06-02 17:02:24 Job executing on host: <10.128.10.187:34023?addrs=10.128.10.187-34023&alias=n-smepyc-00.icecube.wisc.edu>
	SlotName: slot1_64@n-smepyc-00.icecube.wisc.edu
	admin_mutex_1 = 0
	admin_mutex_2 = 0
	admin_mutex_3 = 0
	CondorScratchDir = "/scratch/condor/dir_1897765"
	Cpus = 1
	Disk = 3072
	GPUs = 0
	machine_token = 0
	Memory = 6016
...
006 (19535909.000.000) 2026-06-02 17:02:37 Image size of job updated: 122424
	120  -  MemoryUsage of job (MB)
	122424  -  ResidentSetSize of job (KB)
...
006 (19535909.000.000) 2026-06-02 17:07:37 Image size of job updated: 169044
	166  -  MemoryUsage of job (MB)
	169044  -  ResidentSetSize of job (KB)
...
006 (19535909.000.000) 2026-06-02 17:12:37 Image size of job updated: 459188
	449  -  MemoryUsage of job (MB)
	459188  -  ResidentSetSize of job (KB)
...
006 (19535909.000.000) 2026-06-02 17:12:50 Image size of job updated: 466416
	449  -  MemoryUsage of job (MB)
	459188  -  ResidentSetSize of job (KB)
...
005 (19535909.000.000) 2026-06-02 17:12:50 Job terminated.
	(1) Normal termination (return value 0)
		Usr 0 00:09:29, Sys 0 00:00:09  -  Run Remote Usage
		Usr 0 00:00:00, Sys 0 00:00:00  -  Run Local Usage
		Usr 0 00:09:29, Sys 0 00:00:09  -  Total Remote Usage
		Usr 0 00:00:00, Sys 0 00:00:00  -  Total Local Usage
	0  -  Run Bytes Sent By Job
	0  -  Run Bytes Received By Job
	0  -  Total Bytes Sent By Job
	0  -  Total Bytes Received By Job
	Partitionable Resources :    Usage  Request Allocated 
	   admin_mutex_1         :                           0 
	   admin_mutex_2         :                           0 
	   admin_mutex_3         :                           0 
	   Cpus                  :     0.99        1         1 
	   Disk (KB)             :    12        2048      3072 
	   GPUs                  :                           0 
	   machine_token         :                           0 
	   Memory (MB)           :   449        6000      6016 
	   TimeExecute (s)       :   626                       
	   TimeSlotBusy (s)      :   627                       

	Job terminated of its own accord at 2026-06-02T22:12:50Z with exit-code 0.
...
