000 (19534120.000.000) 2026-06-02 15:51:50 Job submitted from host: <10.128.10.103:9618?addrs=10.128.10.103-9618&alias=npx-submitter.icecube.wisc.edu&noUDP&sock=schedd_2449_6386>
    DAG Node: Drootprod_20190330_72850
...
001 (19534120.000.000) 2026-06-02 16:28:36 Job executing on host: <10.128.10.192:35633?addrs=10.128.10.192-35633&alias=n-smepyc-05.icecube.wisc.edu>
	SlotName: slot1_31@n-smepyc-05.icecube.wisc.edu
	admin_mutex_1 = 0
	admin_mutex_2 = 0
	admin_mutex_3 = 0
	CondorScratchDir = "/scratch/condor/dir_172123"
	Cpus = 1
	Disk = 3072
	GPUs = 0
	machine_token = 0
	Memory = 6016
...
006 (19534120.000.000) 2026-06-02 16:28:50 Image size of job updated: 120096
	118  -  MemoryUsage of job (MB)
	120096  -  ResidentSetSize of job (KB)
...
006 (19534120.000.000) 2026-06-02 16:33:51 Image size of job updated: 167676
	164  -  MemoryUsage of job (MB)
	167676  -  ResidentSetSize of job (KB)
...
006 (19534120.000.000) 2026-06-02 16:37:48 Image size of job updated: 314156
	164  -  MemoryUsage of job (MB)
	167676  -  ResidentSetSize of job (KB)
...
005 (19534120.000.000) 2026-06-02 16:37:48 Job terminated.
	(1) Normal termination (return value 0)
		Usr 0 00:08:13, Sys 0 00:00:08  -  Run Remote Usage
		Usr 0 00:00:00, Sys 0 00:00:00  -  Run Local Usage
		Usr 0 00:08:13, Sys 0 00:00:08  -  Total Remote Usage
		Usr 0 00:00:00, Sys 0 00:00:00  -  Total Local Usage
	0  -  Run Bytes Sent By Job
	0  -  Run Bytes Received By Job
	0  -  Total Bytes Sent By Job
	0  -  Total Bytes Received By Job
	Partitionable Resources :    Usage  Request Allocated 
	   admin_mutex_1         :                           0 
	   admin_mutex_2         :                           0 
	   admin_mutex_3         :                           0 
	   Cpus                  :     0.94        1         1 
	   Disk (KB)             :    12        2048      3072 
	   GPUs                  :                           0 
	   machine_token         :                           0 
	   Memory (MB)           :   164        6000      6016 
	   TimeExecute (s)       :   552                       
	   TimeSlotBusy (s)      :   552                       

	Job terminated of its own accord at 2026-06-02T21:37:48Z with exit-code 0.
...
