000 (19535246.000.000) 2026-06-02 15:53:55 Job submitted from host: <10.128.10.103:9618?addrs=10.128.10.103-9618&alias=npx-submitter.icecube.wisc.edu&noUDP&sock=schedd_2449_6386>
    DAG Node: Drootprod_20190604_1525
...
001 (19535246.000.000) 2026-06-02 16:49:01 Job executing on host: <10.128.10.115:33587?addrs=10.128.10.115-33587&alias=n-gibyte-00.icecube.wisc.edu>
	SlotName: slot1_269@n-gibyte-00.icecube.wisc.edu
	admin_mutex_1 = 0
	admin_mutex_2 = 0
	admin_mutex_3 = 0
	CondorScratchDir = "/scratch/condor/dir_2240368"
	Cpus = 1
	Disk = 5480
	GPUs = 0
	machine_token = 0
	Memory = 6016
...
006 (19535246.000.000) 2026-06-02 16:49:15 Image size of job updated: 119388
	117  -  MemoryUsage of job (MB)
	119388  -  ResidentSetSize of job (KB)
...
006 (19535246.000.000) 2026-06-02 16:54:16 Image size of job updated: 142572
	140  -  MemoryUsage of job (MB)
	142572  -  ResidentSetSize of job (KB)
...
006 (19535246.000.000) 2026-06-02 16:55:47 Image size of job updated: 167776
	140  -  MemoryUsage of job (MB)
	142572  -  ResidentSetSize of job (KB)
...
005 (19535246.000.000) 2026-06-02 16:55:47 Job terminated.
	(1) Normal termination (return value 0)
		Usr 0 00:06:24, Sys 0 00:00:04  -  Run Remote Usage
		Usr 0 00:00:00, Sys 0 00:00:00  -  Run Local Usage
		Usr 0 00:06:24, Sys 0 00:00:04  -  Total Remote Usage
		Usr 0 00:00:00, Sys 0 00:00:00  -  Total Local Usage
	0  -  Run Bytes Sent By Job
	0  -  Run Bytes Received By Job
	0  -  Total Bytes Sent By Job
	0  -  Total Bytes Received By Job
	Partitionable Resources :    Usage  Request Allocated 
	   admin_mutex_1         :                           0 
	   admin_mutex_2         :                           0 
	   admin_mutex_3         :                           0 
	   Cpus                  :     0.97        1         1 
	   Disk (KB)             :     3        2048      5480 
	   GPUs                  :                           0 
	   machine_token         :                           0 
	   Memory (MB)           :   140        6000      6016 
	   TimeExecute (s)       :   406                       
	   TimeSlotBusy (s)      :   406                       

	Job terminated of its own accord at 2026-06-02T21:55:47Z with exit-code 0.
...
