000 (19537559.000.000) 2026-06-02 15:59:13 Job submitted from host: <10.128.10.103:9618?addrs=10.128.10.103-9618&alias=npx-submitter.icecube.wisc.edu&noUDP&sock=schedd_2449_6386>
    DAG Node: Drootprod_20191120_96460
...
001 (19537559.000.000) 2026-06-02 17:39:40 Job executing on host: <10.128.11.119:37567?addrs=10.128.11.119-37567&alias=n-r720-59.icecube.wisc.edu>
	SlotName: slot1_27@n-r720-59.icecube.wisc.edu
	admin_mutex_1 = 0
	admin_mutex_2 = 0
	admin_mutex_3 = 0
	CondorScratchDir = "/scratch/condor/dir_207970"
	Cpus = 1
	Disk = 3072
	GPUs = 0
	machine_token = 0
	Memory = 6016
...
006 (19537559.000.000) 2026-06-02 17:39:54 Image size of job updated: 118384
	116  -  MemoryUsage of job (MB)
	118384  -  ResidentSetSize of job (KB)
...
006 (19537559.000.000) 2026-06-02 17:44:54 Image size of job updated: 140208
	137  -  MemoryUsage of job (MB)
	140208  -  ResidentSetSize of job (KB)
...
006 (19537559.000.000) 2026-06-02 17:49:54 Image size of job updated: 159572
	156  -  MemoryUsage of job (MB)
	159572  -  ResidentSetSize of job (KB)
...
006 (19537559.000.000) 2026-06-02 17:54:55 Image size of job updated: 178212
	175  -  MemoryUsage of job (MB)
	178212  -  ResidentSetSize of job (KB)
...
006 (19537559.000.000) 2026-06-02 17:59:10 Image size of job updated: 303916
	175  -  MemoryUsage of job (MB)
	178212  -  ResidentSetSize of job (KB)
...
005 (19537559.000.000) 2026-06-02 17:59:10 Job terminated.
	(1) Normal termination (return value 0)
		Usr 0 00:18:42, Sys 0 00:00:12  -  Run Remote Usage
		Usr 0 00:00:00, Sys 0 00:00:00  -  Run Local Usage
		Usr 0 00:18:42, Sys 0 00:00:12  -  Total Remote Usage
		Usr 0 00:00:00, Sys 0 00:00:00  -  Total Local Usage
	0  -  Run Bytes Sent By Job
	0  -  Run Bytes Received By Job
	0  -  Total Bytes Sent By Job
	0  -  Total Bytes Received By Job
	Partitionable Resources :    Usage  Request Allocated 
	   admin_mutex_1         :                           0 
	   admin_mutex_2         :                           0 
	   admin_mutex_3         :                           0 
	   Cpus                  :     0.98        1         1 
	   Disk (KB)             :    15        2048      3072 
	   GPUs                  :                           0 
	   machine_token         :                           0 
	   Memory (MB)           :   175        6000      6016 
	   TimeExecute (s)       :  1170                       
	   TimeSlotBusy (s)      :  1170                       

	Job terminated of its own accord at 2026-06-02T22:59:10Z with exit-code 0.
...
