000 (19534957.000.000) 2026-06-02 15:53:22 Job submitted from host: <10.128.10.103:9618?addrs=10.128.10.103-9618&alias=npx-submitter.icecube.wisc.edu&noUDP&sock=schedd_2449_6386>
    DAG Node: Drootprod_20190518_55979
...
001 (19534957.000.000) 2026-06-02 16:43:44 Job executing on host: <10.128.10.117:43719?addrs=10.128.10.117-43719&alias=n-gibyte-02.icecube.wisc.edu>
	SlotName: slot1_372@n-gibyte-02.icecube.wisc.edu
	admin_mutex_1 = 0
	admin_mutex_2 = 0
	admin_mutex_3 = 0
	CondorScratchDir = "/scratch/condor/dir_3511752"
	Cpus = 1
	Disk = 5480
	GPUs = 0
	machine_token = 0
	Memory = 6016
...
006 (19534957.000.000) 2026-06-02 16:43:57 Image size of job updated: 118864
	117  -  MemoryUsage of job (MB)
	118864  -  ResidentSetSize of job (KB)
...
006 (19534957.000.000) 2026-06-02 16:48:57 Image size of job updated: 144848
	142  -  MemoryUsage of job (MB)
	144848  -  ResidentSetSize of job (KB)
...
006 (19534957.000.000) 2026-06-02 16:53:58 Image size of job updated: 166768
	163  -  MemoryUsage of job (MB)
	166768  -  ResidentSetSize of job (KB)
...
006 (19534957.000.000) 2026-06-02 16:58:58 Image size of job updated: 300632
	294  -  MemoryUsage of job (MB)
	300632  -  ResidentSetSize of job (KB)
...
006 (19534957.000.000) 2026-06-02 17:02:07 Image size of job updated: 315288
	294  -  MemoryUsage of job (MB)
	300632  -  ResidentSetSize of job (KB)
...
005 (19534957.000.000) 2026-06-02 17:02:08 Job terminated.
	(1) Normal termination (return value 0)
		Usr 0 00:17:25, Sys 0 00:00:12  -  Run Remote Usage
		Usr 0 00:00:00, Sys 0 00:00:00  -  Run Local Usage
		Usr 0 00:17:25, Sys 0 00:00:12  -  Total Remote Usage
		Usr 0 00:00:00, Sys 0 00:00:00  -  Total Local Usage
	0  -  Run Bytes Sent By Job
	0  -  Run Bytes Received By Job
	0  -  Total Bytes Sent By Job
	0  -  Total Bytes Received By Job
	Partitionable Resources :    Usage  Request Allocated 
	   admin_mutex_1         :                           0 
	   admin_mutex_2         :                           0 
	   admin_mutex_3         :                           0 
	   Cpus                  :     0.97        1         1 
	   Disk (KB)             :    12        2048      5480 
	   GPUs                  :                           0 
	   machine_token         :                           0 
	   Memory (MB)           :   294        6000      6016 
	   TimeExecute (s)       :  1103                       
	   TimeSlotBusy (s)      :  1105                       

	Job terminated of its own accord at 2026-06-02T22:02:07Z with exit-code 0.
...
