000 (19534826.000.000) 2026-06-02 15:53:08 Job submitted from host: <10.128.10.103:9618?addrs=10.128.10.103-9618&alias=npx-submitter.icecube.wisc.edu&noUDP&sock=schedd_2449_6386>
    DAG Node: Drootprod_20190510_487
...
001 (19534826.000.000) 2026-06-02 16:41:45 Job executing on host: <10.128.10.57:38685?addrs=10.128.10.57-38685&alias=n-m610-47.icecube.wisc.edu>
	SlotName: slot1_4@n-m610-47.icecube.wisc.edu
	admin_mutex_1 = 0
	admin_mutex_2 = 0
	admin_mutex_3 = 0
	CondorScratchDir = "/scratch/condor/dir_495843"
	Cpus = 1
	Disk = 3072
	GPUs = 0
	machine_token = 0
	Memory = 6016
...
006 (19534826.000.000) 2026-06-02 16:41:58 Image size of job updated: 121044
	119  -  MemoryUsage of job (MB)
	121044  -  ResidentSetSize of job (KB)
...
006 (19534826.000.000) 2026-06-02 16:46:58 Image size of job updated: 158440
	155  -  MemoryUsage of job (MB)
	158440  -  ResidentSetSize of job (KB)
...
006 (19534826.000.000) 2026-06-02 16:51:58 Image size of job updated: 307316
	301  -  MemoryUsage of job (MB)
	307316  -  ResidentSetSize of job (KB)
...
006 (19534826.000.000) 2026-06-02 16:53:01 Image size of job updated: 313612
	301  -  MemoryUsage of job (MB)
	307316  -  ResidentSetSize of job (KB)
...
005 (19534826.000.000) 2026-06-02 16:53:01 Job terminated.
	(1) Normal termination (return value 0)
		Usr 0 00:10:42, Sys 0 00:00:08  -  Run Remote Usage
		Usr 0 00:00:00, Sys 0 00:00:00  -  Run Local Usage
		Usr 0 00:10:42, Sys 0 00:00:08  -  Total Remote Usage
		Usr 0 00:00:00, Sys 0 00:00:00  -  Total Local Usage
	0  -  Run Bytes Sent By Job
	0  -  Run Bytes Received By Job
	0  -  Total Bytes Sent By Job
	0  -  Total Bytes Received By Job
	Partitionable Resources :    Usage  Request Allocated 
	   admin_mutex_1         :                           0 
	   admin_mutex_2         :                           0 
	   admin_mutex_3         :                           0 
	   Cpus                  :     0.98        1         1 
	   Disk (KB)             :    10        2048      3072 
	   GPUs                  :                           0 
	   machine_token         :                           0 
	   Memory (MB)           :   301        6000      6016 
	   TimeExecute (s)       :   676                       
	   TimeSlotBusy (s)      :   676                       

	Job terminated of its own accord at 2026-06-02T21:53:01Z with exit-code 0.
...
