000 (19535975.000.000) 2026-06-02 15:55:29 Job submitted from host: <10.128.10.103:9618?addrs=10.128.10.103-9618&alias=npx-submitter.icecube.wisc.edu&noUDP&sock=schedd_2449_6386>
    DAG Node: Drootprod_20190722_93714
...
001 (19535975.000.000) 2026-06-02 17:03:23 Job executing on host: <10.128.11.39:40283?addrs=10.128.11.39-40283&alias=n-smbc-20.icecube.wisc.edu>
	SlotName: slot1_6@n-smbc-20.icecube.wisc.edu
	admin_mutex_1 = 0
	admin_mutex_2 = 0
	admin_mutex_3 = 0
	CondorScratchDir = "/scratch/condor/dir_3222121"
	Cpus = 1
	Disk = 3072
	GPUs = 0
	machine_token = 0
	Memory = 6016
...
006 (19535975.000.000) 2026-06-02 17:03:37 Image size of job updated: 120072
	118  -  MemoryUsage of job (MB)
	120072  -  ResidentSetSize of job (KB)
...
006 (19535975.000.000) 2026-06-02 17:08:38 Image size of job updated: 151864
	149  -  MemoryUsage of job (MB)
	151864  -  ResidentSetSize of job (KB)
...
006 (19535975.000.000) 2026-06-02 17:13:38 Image size of job updated: 179924
	176  -  MemoryUsage of job (MB)
	179924  -  ResidentSetSize of job (KB)
...
006 (19535975.000.000) 2026-06-02 17:17:38 Image size of job updated: 313056
	176  -  MemoryUsage of job (MB)
	179924  -  ResidentSetSize of job (KB)
...
005 (19535975.000.000) 2026-06-02 17:17:38 Job terminated.
	(1) Normal termination (return value 0)
		Usr 0 00:13:37, Sys 0 00:00:09  -  Run Remote Usage
		Usr 0 00:00:00, Sys 0 00:00:00  -  Run Local Usage
		Usr 0 00:13:37, Sys 0 00:00:09  -  Total Remote Usage
		Usr 0 00:00:00, Sys 0 00:00:00  -  Total Local Usage
	0  -  Run Bytes Sent By Job
	0  -  Run Bytes Received By Job
	0  -  Total Bytes Sent By Job
	0  -  Total Bytes Received By Job
	Partitionable Resources :    Usage  Request Allocated 
	   admin_mutex_1         :                           0 
	   admin_mutex_2         :                           0 
	   admin_mutex_3         :                           0 
	   Cpus                  :     0.98        1         1 
	   Disk (KB)             :    10        2048      3072 
	   GPUs                  :                           0 
	   machine_token         :                           0 
	   Memory (MB)           :   176        6000      6016 
	   TimeExecute (s)       :   855                       
	   TimeSlotBusy (s)      :   855                       

	Job terminated of its own accord at 2026-06-02T22:17:38Z with exit-code 0.
...
