000 (19533573.000.000) 2026-06-02 15:50:41 Job submitted from host: <10.128.10.103:9618?addrs=10.128.10.103-9618&alias=npx-submitter.icecube.wisc.edu&noUDP&sock=schedd_2449_6386>
    DAG Node: Drootprod_20190219_25989
...
001 (19533573.000.000) 2026-06-02 16:16:55 Job executing on host: <10.128.10.206:37305?addrs=10.128.10.206-37305&alias=sm-storage-1.icecube.wisc.edu>
	SlotName: slot1_45@sm-storage-1.icecube.wisc.edu
	admin_mutex_1 = 0
	admin_mutex_2 = 0
	admin_mutex_3 = 0
	CondorScratchDir = "/scratch/condor/dir_3754840"
	Cpus = 1
	Disk = 3072
	GPUs = 0
	machine_token = 0
	Memory = 6016
...
006 (19533573.000.000) 2026-06-02 16:17:08 Image size of job updated: 118704
	116  -  MemoryUsage of job (MB)
	118704  -  ResidentSetSize of job (KB)
...
006 (19533573.000.000) 2026-06-02 16:22:08 Image size of job updated: 141404
	139  -  MemoryUsage of job (MB)
	141404  -  ResidentSetSize of job (KB)
...
006 (19533573.000.000) 2026-06-02 16:27:09 Image size of job updated: 160628
	157  -  MemoryUsage of job (MB)
	160628  -  ResidentSetSize of job (KB)
...
006 (19533573.000.000) 2026-06-02 16:32:10 Image size of job updated: 179516
	176  -  MemoryUsage of job (MB)
	179516  -  ResidentSetSize of job (KB)
...
006 (19533573.000.000) 2026-06-02 16:33:23 Image size of job updated: 294864
	176  -  MemoryUsage of job (MB)
	179516  -  ResidentSetSize of job (KB)
...
005 (19533573.000.000) 2026-06-02 16:33:23 Job terminated.
	(1) Normal termination (return value 0)
		Usr 0 00:15:32, Sys 0 00:00:06  -  Run Remote Usage
		Usr 0 00:00:00, Sys 0 00:00:00  -  Run Local Usage
		Usr 0 00:15:32, Sys 0 00:00:06  -  Total Remote Usage
		Usr 0 00:00:00, Sys 0 00:00:00  -  Total Local Usage
	0  -  Run Bytes Sent By Job
	0  -  Run Bytes Received By Job
	0  -  Total Bytes Sent By Job
	0  -  Total Bytes Received By Job
	Partitionable Resources :    Usage  Request Allocated 
	   admin_mutex_1         :                           0 
	   admin_mutex_2         :                           0 
	   admin_mutex_3         :                           0 
	   Cpus                  :     0.94        1         1 
	   Disk (KB)             :    10        2048      3072 
	   GPUs                  :                           0 
	   machine_token         :                           0 
	   Memory (MB)           :   176        6000      6016 
	   TimeExecute (s)       :   988                       
	   TimeSlotBusy (s)      :   988                       

	Job terminated of its own accord at 2026-06-02T21:33:23Z with exit-code 0.
...
