000 (19535136.000.000) 2026-06-02 15:53:43 Job submitted from host: <10.128.10.103:9618?addrs=10.128.10.103-9618&alias=npx-submitter.icecube.wisc.edu&noUDP&sock=schedd_2449_6386>
    DAG Node: Drootprod_20190528_75795
...
001 (19535136.000.000) 2026-06-02 16:47:06 Job executing on host: <10.128.10.188:45333?addrs=10.128.10.188-45333&alias=n-smepyc-01.icecube.wisc.edu>
	SlotName: slot1_26@n-smepyc-01.icecube.wisc.edu
	admin_mutex_1 = 0
	admin_mutex_2 = 0
	admin_mutex_3 = 0
	CondorScratchDir = "/scratch/condor/dir_4041795"
	Cpus = 1
	Disk = 3072
	GPUs = 0
	machine_token = 0
	Memory = 6016
...
006 (19535136.000.000) 2026-06-02 16:47:20 Image size of job updated: 121936
	120  -  MemoryUsage of job (MB)
	121936  -  ResidentSetSize of job (KB)
...
006 (19535136.000.000) 2026-06-02 16:52:21 Image size of job updated: 174956
	171  -  MemoryUsage of job (MB)
	174956  -  ResidentSetSize of job (KB)
...
006 (19535136.000.000) 2026-06-02 16:54:32 Image size of job updated: 304268
	171  -  MemoryUsage of job (MB)
	174956  -  ResidentSetSize of job (KB)
...
005 (19535136.000.000) 2026-06-02 16:54:32 Job terminated.
	(1) Normal termination (return value 0)
		Usr 0 00:06:56, Sys 0 00:00:07  -  Run Remote Usage
		Usr 0 00:00:00, Sys 0 00:00:00  -  Run Local Usage
		Usr 0 00:06:56, Sys 0 00:00:07  -  Total Remote Usage
		Usr 0 00:00:00, Sys 0 00:00:00  -  Total Local Usage
	0  -  Run Bytes Sent By Job
	0  -  Run Bytes Received By Job
	0  -  Total Bytes Sent By Job
	0  -  Total Bytes Received By Job
	Partitionable Resources :    Usage  Request Allocated 
	   admin_mutex_1         :                           0 
	   admin_mutex_2         :                           0 
	   admin_mutex_3         :                           0 
	   Cpus                  :     0.97        1         1 
	   Disk (KB)             :    10        2048      3072 
	   GPUs                  :                           0 
	   machine_token         :                           0 
	   Memory (MB)           :   171        6000      6016 
	   TimeExecute (s)       :   446                       
	   TimeSlotBusy (s)      :   446                       

	Job terminated of its own accord at 2026-06-02T21:54:32Z with exit-code 0.
...
