000 (19535375.000.000) 2026-06-02 15:54:12 Job submitted from host: <10.128.10.103:9618?addrs=10.128.10.103-9618&alias=npx-submitter.icecube.wisc.edu&noUDP&sock=schedd_2449_6386>
    DAG Node: Drootprod_20190611_87221
...
001 (19535375.000.000) 2026-06-02 16:52:05 Job executing on host: <10.128.10.117:43719?addrs=10.128.10.117-43719&alias=n-gibyte-02.icecube.wisc.edu>
	SlotName: slot1_390@n-gibyte-02.icecube.wisc.edu
	admin_mutex_1 = 0
	admin_mutex_2 = 0
	admin_mutex_3 = 0
	CondorScratchDir = "/scratch/condor/dir_3544527"
	Cpus = 1
	Disk = 5480
	GPUs = 0
	machine_token = 0
	Memory = 6016
...
006 (19535375.000.000) 2026-06-02 16:52:18 Image size of job updated: 119512
	117  -  MemoryUsage of job (MB)
	119512  -  ResidentSetSize of job (KB)
...
006 (19535375.000.000) 2026-06-02 16:57:18 Image size of job updated: 150084
	147  -  MemoryUsage of job (MB)
	150084  -  ResidentSetSize of job (KB)
...
006 (19535375.000.000) 2026-06-02 17:02:19 Image size of job updated: 170784
	167  -  MemoryUsage of job (MB)
	170784  -  ResidentSetSize of job (KB)
...
006 (19535375.000.000) 2026-06-02 17:07:19 Image size of job updated: 302512
	296  -  MemoryUsage of job (MB)
	302512  -  ResidentSetSize of job (KB)
...
006 (19535375.000.000) 2026-06-02 17:11:48 Image size of job updated: 455440
	296  -  MemoryUsage of job (MB)
	302512  -  ResidentSetSize of job (KB)
...
005 (19535375.000.000) 2026-06-02 17:11:49 Job terminated.
	(1) Normal termination (return value 0)
		Usr 0 00:18:34, Sys 0 00:00:13  -  Run Remote Usage
		Usr 0 00:00:00, Sys 0 00:00:00  -  Run Local Usage
		Usr 0 00:18:34, Sys 0 00:00:13  -  Total Remote Usage
		Usr 0 00:00:00, Sys 0 00:00:00  -  Total Local Usage
	0  -  Run Bytes Sent By Job
	0  -  Run Bytes Received By Job
	0  -  Total Bytes Sent By Job
	0  -  Total Bytes Received By Job
	Partitionable Resources :    Usage  Request Allocated 
	   admin_mutex_1         :                           0 
	   admin_mutex_2         :                           0 
	   admin_mutex_3         :                           0 
	   Cpus                  :     0.98        1         1 
	   Disk (KB)             :    10        2048      5480 
	   GPUs                  :                           0 
	   machine_token         :                           0 
	   Memory (MB)           :   296        6000      6016 
	   TimeExecute (s)       :  1183                       
	   TimeSlotBusy (s)      :  1185                       

	Job terminated of its own accord at 2026-06-02T22:11:48Z with exit-code 0.
...
