000 (19534419.000.000) 2026-06-02 15:52:23 Job submitted from host: <10.128.10.103:9618?addrs=10.128.10.103-9618&alias=npx-submitter.icecube.wisc.edu&noUDP&sock=schedd_2449_6386>
    DAG Node: Drootprod_20190416_3567
...
001 (19534419.000.000) 2026-06-02 16:34:08 Job executing on host: <10.128.11.35:44313?addrs=10.128.11.35-44313&alias=n-smbc-16.icecube.wisc.edu>
	SlotName: slot1_6@n-smbc-16.icecube.wisc.edu
	admin_mutex_1 = 0
	admin_mutex_2 = 0
	admin_mutex_3 = 0
	CondorScratchDir = "/scratch/condor/dir_643950"
	Cpus = 1
	Disk = 3072
	GPUs = 0
	machine_token = 0
	Memory = 6016
...
006 (19534419.000.000) 2026-06-02 16:34:21 Image size of job updated: 119464
	117  -  MemoryUsage of job (MB)
	119464  -  ResidentSetSize of job (KB)
...
006 (19534419.000.000) 2026-06-02 16:39:21 Image size of job updated: 149596
	147  -  MemoryUsage of job (MB)
	149596  -  ResidentSetSize of job (KB)
...
006 (19534419.000.000) 2026-06-02 16:44:22 Image size of job updated: 173760
	170  -  MemoryUsage of job (MB)
	173760  -  ResidentSetSize of job (KB)
...
006 (19534419.000.000) 2026-06-02 16:48:51 Image size of job updated: 306332
	170  -  MemoryUsage of job (MB)
	173760  -  ResidentSetSize of job (KB)
...
005 (19534419.000.000) 2026-06-02 16:48:51 Job terminated.
	(1) Normal termination (return value 0)
		Usr 0 00:14:02, Sys 0 00:00:07  -  Run Remote Usage
		Usr 0 00:00:00, Sys 0 00:00:00  -  Run Local Usage
		Usr 0 00:14:02, Sys 0 00:00:07  -  Total Remote Usage
		Usr 0 00:00:00, Sys 0 00:00:00  -  Total Local Usage
	0  -  Run Bytes Sent By Job
	0  -  Run Bytes Received By Job
	0  -  Total Bytes Sent By Job
	0  -  Total Bytes Received By Job
	Partitionable Resources :    Usage  Request Allocated 
	   admin_mutex_1         :                           0 
	   admin_mutex_2         :                           0 
	   admin_mutex_3         :                           0 
	   Cpus                  :     0.94        1         1 
	   Disk (KB)             :    10        2048      3072 
	   GPUs                  :                           0 
	   machine_token         :                           0 
	   Memory (MB)           :   170        6000      6016 
	   TimeExecute (s)       :   883                       
	   TimeSlotBusy (s)      :   884                       

	Job terminated of its own accord at 2026-06-02T21:48:51Z with exit-code 0.
...
