000 (19534092.000.000) 2026-06-02 15:51:46 Job submitted from host: <10.128.10.103:9618?addrs=10.128.10.103-9618&alias=npx-submitter.icecube.wisc.edu&noUDP&sock=schedd_2449_6386>
    DAG Node: Drootprod_20190326_3535
...
001 (19534092.000.000) 2026-06-02 16:27:32 Job executing on host: <10.128.10.189:44027?addrs=10.128.10.189-44027&alias=n-smepyc-02.icecube.wisc.edu>
	SlotName: slot1_53@n-smepyc-02.icecube.wisc.edu
	admin_mutex_1 = 0
	admin_mutex_2 = 0
	admin_mutex_3 = 0
	CondorScratchDir = "/scratch/condor/dir_365924"
	Cpus = 1
	Disk = 3072
	GPUs = 0
	machine_token = 0
	Memory = 6016
...
006 (19534092.000.000) 2026-06-02 16:27:46 Image size of job updated: 120192
	118  -  MemoryUsage of job (MB)
	120192  -  ResidentSetSize of job (KB)
...
006 (19534092.000.000) 2026-06-02 16:32:47 Image size of job updated: 177120
	173  -  MemoryUsage of job (MB)
	177120  -  ResidentSetSize of job (KB)
...
006 (19534092.000.000) 2026-06-02 16:35:21 Image size of job updated: 312368
	173  -  MemoryUsage of job (MB)
	177120  -  ResidentSetSize of job (KB)
...
005 (19534092.000.000) 2026-06-02 16:35:21 Job terminated.
	(1) Normal termination (return value 0)
		Usr 0 00:06:48, Sys 0 00:00:07  -  Run Remote Usage
		Usr 0 00:00:00, Sys 0 00:00:00  -  Run Local Usage
		Usr 0 00:06:48, Sys 0 00:00:07  -  Total Remote Usage
		Usr 0 00:00:00, Sys 0 00:00:00  -  Total Local Usage
	0  -  Run Bytes Sent By Job
	0  -  Run Bytes Received By Job
	0  -  Total Bytes Sent By Job
	0  -  Total Bytes Received By Job
	Partitionable Resources :    Usage  Request Allocated 
	   admin_mutex_1         :                           0 
	   admin_mutex_2         :                           0 
	   admin_mutex_3         :                           0 
	   Cpus                  :     0.95        1         1 
	   Disk (KB)             :    12        2048      3072 
	   GPUs                  :                           0 
	   machine_token         :                           0 
	   Memory (MB)           :   173        6000      6016 
	   TimeExecute (s)       :   469                       
	   TimeSlotBusy (s)      :   469                       

	Job terminated of its own accord at 2026-06-02T21:35:21Z with exit-code 0.
...
