000 (19537555.000.000) 2026-06-02 15:59:12 Job submitted from host: <10.128.10.103:9618?addrs=10.128.10.103-9618&alias=npx-submitter.icecube.wisc.edu&noUDP&sock=schedd_2449_6386>
    DAG Node: Drootprod_20191119_54214
...
001 (19537555.000.000) 2026-06-02 17:39:28 Job executing on host: <10.128.10.190:46289?addrs=10.128.10.190-46289&alias=n-smepyc-03.icecube.wisc.edu>
	SlotName: slot1_43@n-smepyc-03.icecube.wisc.edu
	admin_mutex_1 = 0
	admin_mutex_2 = 0
	admin_mutex_3 = 0
	CondorScratchDir = "/scratch/condor/dir_3887442"
	Cpus = 1
	Disk = 3072
	GPUs = 0
	machine_token = 0
	Memory = 6016
...
006 (19537555.000.000) 2026-06-02 17:39:41 Image size of job updated: 122248
	120  -  MemoryUsage of job (MB)
	122248  -  ResidentSetSize of job (KB)
...
006 (19537555.000.000) 2026-06-02 17:44:41 Image size of job updated: 173856
	170  -  MemoryUsage of job (MB)
	173856  -  ResidentSetSize of job (KB)
...
006 (19537555.000.000) 2026-06-02 17:46:14 Image size of job updated: 299760
	170  -  MemoryUsage of job (MB)
	173856  -  ResidentSetSize of job (KB)
...
005 (19537555.000.000) 2026-06-02 17:46:14 Job terminated.
	(1) Normal termination (return value 0)
		Usr 0 00:06:17, Sys 0 00:00:07  -  Run Remote Usage
		Usr 0 00:00:00, Sys 0 00:00:00  -  Run Local Usage
		Usr 0 00:06:17, Sys 0 00:00:07  -  Total Remote Usage
		Usr 0 00:00:00, Sys 0 00:00:00  -  Total Local Usage
	0  -  Run Bytes Sent By Job
	0  -  Run Bytes Received By Job
	0  -  Total Bytes Sent By Job
	0  -  Total Bytes Received By Job
	Partitionable Resources :    Usage  Request Allocated 
	   admin_mutex_1         :                           0 
	   admin_mutex_2         :                           0 
	   admin_mutex_3         :                           0 
	   Cpus                  :     0.99        1         1 
	   Disk (KB)             :    15        2048      3072 
	   GPUs                  :                           0 
	   machine_token         :                           0 
	   Memory (MB)           :   170        6000      6016 
	   TimeExecute (s)       :   406                       
	   TimeSlotBusy (s)      :   407                       

	Job terminated of its own accord at 2026-06-02T22:46:14Z with exit-code 0.
...
