000 (19534113.000.000) 2026-06-02 15:51:49 Job submitted from host: <10.128.10.103:9618?addrs=10.128.10.103-9618&alias=npx-submitter.icecube.wisc.edu&noUDP&sock=schedd_2449_6386>
    DAG Node: Drootprod_20190329_71244
...
001 (19534113.000.000) 2026-06-02 16:28:16 Job executing on host: <10.128.11.36:45179?addrs=10.128.11.36-45179&alias=n-smbc-17.icecube.wisc.edu>
	SlotName: slot1_16@n-smbc-17.icecube.wisc.edu
	admin_mutex_1 = 0
	admin_mutex_2 = 0
	admin_mutex_3 = 0
	CondorScratchDir = "/scratch/condor/dir_63166"
	Cpus = 1
	Disk = 3072
	GPUs = 0
	machine_token = 0
	Memory = 6016
...
006 (19534113.000.000) 2026-06-02 16:28:29 Image size of job updated: 121240
	119  -  MemoryUsage of job (MB)
	121240  -  ResidentSetSize of job (KB)
...
006 (19534113.000.000) 2026-06-02 16:33:29 Image size of job updated: 163952
	161  -  MemoryUsage of job (MB)
	163952  -  ResidentSetSize of job (KB)
...
006 (19534113.000.000) 2026-06-02 16:38:21 Image size of job updated: 313988
	161  -  MemoryUsage of job (MB)
	163952  -  ResidentSetSize of job (KB)
...
005 (19534113.000.000) 2026-06-02 16:38:21 Job terminated.
	(1) Normal termination (return value 0)
		Usr 0 00:09:05, Sys 0 00:00:06  -  Run Remote Usage
		Usr 0 00:00:00, Sys 0 00:00:00  -  Run Local Usage
		Usr 0 00:09:05, Sys 0 00:00:06  -  Total Remote Usage
		Usr 0 00:00:00, Sys 0 00:00:00  -  Total Local Usage
	0  -  Run Bytes Sent By Job
	0  -  Run Bytes Received By Job
	0  -  Total Bytes Sent By Job
	0  -  Total Bytes Received By Job
	Partitionable Resources :    Usage  Request Allocated 
	   admin_mutex_1         :                           0 
	   admin_mutex_2         :                           0 
	   admin_mutex_3         :                           0 
	   Cpus                  :     0.88        1         1 
	   Disk (KB)             :    12        2048      3072 
	   GPUs                  :                           0 
	   machine_token         :                           0 
	   Memory (MB)           :   161        6000      6016 
	   TimeExecute (s)       :   605                       
	   TimeSlotBusy (s)      :   605                       

	Job terminated of its own accord at 2026-06-02T21:38:21Z with exit-code 0.
...
