000 (19536164.000.000) 2026-06-02 15:55:53 Job submitted from host: <10.128.10.103:9618?addrs=10.128.10.103-9618&alias=npx-submitter.icecube.wisc.edu&noUDP&sock=schedd_2449_6386>
    DAG Node: Drootprod_20190805_75683
...
001 (19536164.000.000) 2026-06-02 17:15:08 Job executing on host: <10.128.10.238:43797?addrs=10.128.10.238-43797&alias=n-gpu-42.icecube.wisc.edu>
	SlotName: slot1_87@n-gpu-42.icecube.wisc.edu
	admin_mutex_1 = 0
	admin_mutex_2 = 0
	admin_mutex_3 = 0
	AvailableGPUs = {  }
	CondorScratchDir = "/scratch/condor/dir_2233983"
	Cpus = 1
	Disk = 3072
	GPUs = 0
	machine_token = 0
	Memory = 6016
...
006 (19536164.000.000) 2026-06-02 17:15:21 Image size of job updated: 121244
	119  -  MemoryUsage of job (MB)
	121244  -  ResidentSetSize of job (KB)
...
006 (19536164.000.000) 2026-06-02 17:20:21 Image size of job updated: 160404
	157  -  MemoryUsage of job (MB)
	160404  -  ResidentSetSize of job (KB)
...
006 (19536164.000.000) 2026-06-02 17:25:22 Image size of job updated: 307788
	301  -  MemoryUsage of job (MB)
	307788  -  ResidentSetSize of job (KB)
...
006 (19536164.000.000) 2026-06-02 17:25:52 Image size of job updated: 310812
	301  -  MemoryUsage of job (MB)
	307788  -  ResidentSetSize of job (KB)
...
005 (19536164.000.000) 2026-06-02 17:25:52 Job terminated.
	(1) Normal termination (return value 0)
		Usr 0 00:09:55, Sys 0 00:00:11  -  Run Remote Usage
		Usr 0 00:00:00, Sys 0 00:00:00  -  Run Local Usage
		Usr 0 00:09:55, Sys 0 00:00:11  -  Total Remote Usage
		Usr 0 00:00:00, Sys 0 00:00:00  -  Total Local Usage
	0  -  Run Bytes Sent By Job
	0  -  Run Bytes Received By Job
	0  -  Total Bytes Sent By Job
	0  -  Total Bytes Received By Job
	Partitionable Resources :    Usage  Request Allocated 
	   admin_mutex_1         :                           0 
	   admin_mutex_2         :                           0 
	   admin_mutex_3         :                           0 
	   Cpus                  :     0.93        1         1 
	   Disk (KB)             :    10        2048      3072 
	   GPUs                  :                           0 
	   machine_token         :                           0 
	   Memory (MB)           :   301        6000      6016 
	   TimeExecute (s)       :   644                       
	   TimeSlotBusy (s)      :   644                       

	Job terminated of its own accord at 2026-06-02T22:25:52Z with exit-code 0.
...
