000 (19537902.000.000) 2026-06-02 16:00:30 Job submitted from host: <10.128.10.103:9618?addrs=10.128.10.103-9618&alias=npx-submitter.icecube.wisc.edu&noUDP&sock=schedd_2449_6386>
    DAG Node: Drootprod_20191231_87336
...
001 (19537902.000.000) 2026-06-02 17:42:53 Job executing on host: <10.128.10.191:42321?addrs=10.128.10.191-42321&alias=n-smepyc-04.icecube.wisc.edu>
	SlotName: slot1_6@n-smepyc-04.icecube.wisc.edu
	admin_mutex_1 = 0
	admin_mutex_2 = 0
	admin_mutex_3 = 0
	CondorScratchDir = "/scratch/condor/dir_428808"
	Cpus = 1
	Disk = 3072
	GPUs = 0
	machine_token = 0
	Memory = 6016
...
006 (19537902.000.000) 2026-06-02 17:43:07 Image size of job updated: 123060
	121  -  MemoryUsage of job (MB)
	123060  -  ResidentSetSize of job (KB)
...
006 (19537902.000.000) 2026-06-02 17:48:08 Image size of job updated: 176876
	173  -  MemoryUsage of job (MB)
	176876  -  ResidentSetSize of job (KB)
...
006 (19537902.000.000) 2026-06-02 17:48:42 Image size of job updated: 182192
	173  -  MemoryUsage of job (MB)
	176876  -  ResidentSetSize of job (KB)
...
005 (19537902.000.000) 2026-06-02 17:48:42 Job terminated.
	(1) Normal termination (return value 0)
		Usr 0 00:05:20, Sys 0 00:00:05  -  Run Remote Usage
		Usr 0 00:00:00, Sys 0 00:00:00  -  Run Local Usage
		Usr 0 00:05:20, Sys 0 00:00:05  -  Total Remote Usage
		Usr 0 00:00:00, Sys 0 00:00:00  -  Total Local Usage
	0  -  Run Bytes Sent By Job
	0  -  Run Bytes Received By Job
	0  -  Total Bytes Sent By Job
	0  -  Total Bytes Received By Job
	Partitionable Resources :    Usage  Request Allocated 
	   admin_mutex_1         :                           0 
	   admin_mutex_2         :                           0 
	   admin_mutex_3         :                           0 
	   Cpus                  :     0.92        1         1 
	   Disk (KB)             :    12        2048      3072 
	   GPUs                  :                           0 
	   machine_token         :                           0 
	   Memory (MB)           :   173        6000      6016 
	   TimeExecute (s)       :   349                       
	   TimeSlotBusy (s)      :   349                       

	Job terminated of its own accord at 2026-06-02T22:48:42Z with exit-code 0.
...
