000 (19537300.000.000) 2026-06-02 15:58:28 Job submitted from host: <10.128.10.103:9618?addrs=10.128.10.103-9618&alias=npx-submitter.icecube.wisc.edu&noUDP&sock=schedd_2449_6386>
    DAG Node: Drootprod_20191027_42268
...
001 (19537300.000.000) 2026-06-02 17:35:47 Job executing on host: <10.128.11.28:42045?addrs=10.128.11.28-42045&alias=n-smbc-09.icecube.wisc.edu>
	SlotName: slot1_18@n-smbc-09.icecube.wisc.edu
	admin_mutex_1 = 0
	admin_mutex_2 = 0
	admin_mutex_3 = 0
	CondorScratchDir = "/scratch/condor/dir_4172662"
	Cpus = 1
	Disk = 3072
	GPUs = 0
	machine_token = 0
	Memory = 6016
...
006 (19537300.000.000) 2026-06-02 17:36:00 Image size of job updated: 120636
	118  -  MemoryUsage of job (MB)
	120636  -  ResidentSetSize of job (KB)
...
006 (19537300.000.000) 2026-06-02 17:41:00 Image size of job updated: 159012
	156  -  MemoryUsage of job (MB)
	159012  -  ResidentSetSize of job (KB)
...
006 (19537300.000.000) 2026-06-02 17:46:00 Image size of job updated: 303736
	297  -  MemoryUsage of job (MB)
	303736  -  ResidentSetSize of job (KB)
...
006 (19537300.000.000) 2026-06-02 17:46:31 Image size of job updated: 306104
	297  -  MemoryUsage of job (MB)
	303736  -  ResidentSetSize of job (KB)
...
005 (19537300.000.000) 2026-06-02 17:46:31 Job terminated.
	(1) Normal termination (return value 0)
		Usr 0 00:10:13, Sys 0 00:00:06  -  Run Remote Usage
		Usr 0 00:00:00, Sys 0 00:00:00  -  Run Local Usage
		Usr 0 00:10:13, Sys 0 00:00:06  -  Total Remote Usage
		Usr 0 00:00:00, Sys 0 00:00:00  -  Total Local Usage
	0  -  Run Bytes Sent By Job
	0  -  Run Bytes Received By Job
	0  -  Total Bytes Sent By Job
	0  -  Total Bytes Received By Job
	Partitionable Resources :    Usage  Request Allocated 
	   admin_mutex_1         :                           0 
	   admin_mutex_2         :                           0 
	   admin_mutex_3         :                           0 
	   Cpus                  :     0.95        1         1 
	   Disk (KB)             :    12        2048      3072 
	   GPUs                  :                           0 
	   machine_token         :                           0 
	   Memory (MB)           :   297        6000      6016 
	   TimeExecute (s)       :   645                       
	   TimeSlotBusy (s)      :   645                       

	Job terminated of its own accord at 2026-06-02T22:46:31Z with exit-code 0.
...
