000 (19532958.000.000) 2026-06-02 15:49:16 Job submitted from host: <10.128.10.103:9618?addrs=10.128.10.103-9618&alias=npx-submitter.icecube.wisc.edu&noUDP&sock=schedd_2449_6386>
    DAG Node: Drootprod_20190106_28815
...
001 (19532958.000.000) 2026-06-02 15:58:06 Job executing on host: <10.128.10.238:43797?addrs=10.128.10.238-43797&alias=n-gpu-42.icecube.wisc.edu>
	SlotName: slot1_68@n-gpu-42.icecube.wisc.edu
	admin_mutex_1 = 0
	admin_mutex_2 = 0
	admin_mutex_3 = 0
	AvailableGPUs = {  }
	CondorScratchDir = "/scratch/condor/dir_1916647"
	Cpus = 1
	Disk = 3072
	GPUs = 0
	machine_token = 0
	Memory = 6016
...
006 (19532958.000.000) 2026-06-02 15:58:19 Image size of job updated: 120752
	118  -  MemoryUsage of job (MB)
	120752  -  ResidentSetSize of job (KB)
...
006 (19532958.000.000) 2026-06-02 16:03:19 Image size of job updated: 157448
	154  -  MemoryUsage of job (MB)
	157448  -  ResidentSetSize of job (KB)
...
006 (19532958.000.000) 2026-06-02 16:08:19 Image size of job updated: 297280
	291  -  MemoryUsage of job (MB)
	297280  -  ResidentSetSize of job (KB)
...
006 (19532958.000.000) 2026-06-02 16:10:56 Image size of job updated: 312712
	291  -  MemoryUsage of job (MB)
	297280  -  ResidentSetSize of job (KB)
...
005 (19532958.000.000) 2026-06-02 16:10:56 Job terminated.
	(1) Normal termination (return value 0)
		Usr 0 00:11:23, Sys 0 00:00:11  -  Run Remote Usage
		Usr 0 00:00:00, Sys 0 00:00:00  -  Run Local Usage
		Usr 0 00:11:23, Sys 0 00:00:11  -  Total Remote Usage
		Usr 0 00:00:00, Sys 0 00:00:00  -  Total Local Usage
	0  -  Run Bytes Sent By Job
	0  -  Run Bytes Received By Job
	0  -  Total Bytes Sent By Job
	0  -  Total Bytes Received By Job
	Partitionable Resources :    Usage  Request Allocated 
	   admin_mutex_1         :                           0 
	   admin_mutex_2         :                           0 
	   admin_mutex_3         :                           0 
	   Cpus                  :     0.84        1         1 
	   Disk (KB)             :    15        2048      3072 
	   GPUs                  :                           0 
	   machine_token         :                           0 
	   Memory (MB)           :   291        6000      6016 
	   TimeExecute (s)       :   770                       
	   TimeSlotBusy (s)      :   771                       

	Job terminated of its own accord at 2026-06-02T21:10:56Z with exit-code 0.
...
