000 (19534189.000.000) 2026-06-02 15:51:58 Job submitted from host: <10.128.10.103:9618?addrs=10.128.10.103-9618&alias=npx-submitter.icecube.wisc.edu&noUDP&sock=schedd_2449_6386>
    DAG Node: Drootprod_20190401_39200
...
001 (19534189.000.000) 2026-06-02 16:29:22 Job executing on host: <10.128.10.188:45333?addrs=10.128.10.188-45333&alias=n-smepyc-01.icecube.wisc.edu>
	SlotName: slot1_78@n-smepyc-01.icecube.wisc.edu
	admin_mutex_1 = 0
	admin_mutex_2 = 0
	admin_mutex_3 = 0
	CondorScratchDir = "/scratch/condor/dir_3972772"
	Cpus = 1
	Disk = 3072
	GPUs = 0
	machine_token = 0
	Memory = 6016
...
006 (19534189.000.000) 2026-06-02 16:29:35 Image size of job updated: 123156
	121  -  MemoryUsage of job (MB)
	123156  -  ResidentSetSize of job (KB)
...
006 (19534189.000.000) 2026-06-02 16:34:35 Image size of job updated: 177284
	174  -  MemoryUsage of job (MB)
	177284  -  ResidentSetSize of job (KB)
...
006 (19534189.000.000) 2026-06-02 16:37:45 Image size of job updated: 317676
	174  -  MemoryUsage of job (MB)
	177284  -  ResidentSetSize of job (KB)
...
005 (19534189.000.000) 2026-06-02 16:37:45 Job terminated.
	(1) Normal termination (return value 0)
		Usr 0 00:07:28, Sys 0 00:00:08  -  Run Remote Usage
		Usr 0 00:00:00, Sys 0 00:00:00  -  Run Local Usage
		Usr 0 00:07:28, Sys 0 00:00:08  -  Total Remote Usage
		Usr 0 00:00:00, Sys 0 00:00:00  -  Total Local Usage
	0  -  Run Bytes Sent By Job
	0  -  Run Bytes Received By Job
	0  -  Total Bytes Sent By Job
	0  -  Total Bytes Received By Job
	Partitionable Resources :    Usage  Request Allocated 
	   admin_mutex_1         :                           0 
	   admin_mutex_2         :                           0 
	   admin_mutex_3         :                           0 
	   Cpus                  :     0.87        1         1 
	   Disk (KB)             :    12        2048      3072 
	   GPUs                  :                           0 
	   machine_token         :                           0 
	   Memory (MB)           :   174        6000      6016 
	   TimeExecute (s)       :   503                       
	   TimeSlotBusy (s)      :   503                       

	Job terminated of its own accord at 2026-06-02T21:37:45Z with exit-code 0.
...
