000 (19536439.000.000) 2026-06-02 15:56:29 Job submitted from host: <10.128.10.103:9618?addrs=10.128.10.103-9618&alias=npx-submitter.icecube.wisc.edu&noUDP&sock=schedd_2449_6386>
    DAG Node: Drootprod_20190825_39243
...
001 (19536439.000.000) 2026-06-02 17:20:30 Job executing on host: <10.128.10.117:43719?addrs=10.128.10.117-43719&alias=n-gibyte-02.icecube.wisc.edu>
	SlotName: slot1_122@n-gibyte-02.icecube.wisc.edu
	admin_mutex_1 = 0
	admin_mutex_2 = 0
	admin_mutex_3 = 0
	CondorScratchDir = "/scratch/condor/dir_3665365"
	Cpus = 1
	Disk = 5480
	GPUs = 0
	machine_token = 0
	Memory = 6016
...
006 (19536439.000.000) 2026-06-02 17:20:43 Image size of job updated: 118352
	116  -  MemoryUsage of job (MB)
	118352  -  ResidentSetSize of job (KB)
...
006 (19536439.000.000) 2026-06-02 17:25:43 Image size of job updated: 144168
	141  -  MemoryUsage of job (MB)
	144168  -  ResidentSetSize of job (KB)
...
006 (19536439.000.000) 2026-06-02 17:30:44 Image size of job updated: 165320
	162  -  MemoryUsage of job (MB)
	165320  -  ResidentSetSize of job (KB)
...
006 (19536439.000.000) 2026-06-02 17:35:44 Image size of job updated: 298116
	292  -  MemoryUsage of job (MB)
	298116  -  ResidentSetSize of job (KB)
...
006 (19536439.000.000) 2026-06-02 17:40:10 Image size of job updated: 315424
	292  -  MemoryUsage of job (MB)
	298144  -  ResidentSetSize of job (KB)
...
005 (19536439.000.000) 2026-06-02 17:40:10 Job terminated.
	(1) Normal termination (return value 0)
		Usr 0 00:18:47, Sys 0 00:00:12  -  Run Remote Usage
		Usr 0 00:00:00, Sys 0 00:00:00  -  Run Local Usage
		Usr 0 00:18:47, Sys 0 00:00:12  -  Total Remote Usage
		Usr 0 00:00:00, Sys 0 00:00:00  -  Total Local Usage
	0  -  Run Bytes Sent By Job
	0  -  Run Bytes Received By Job
	0  -  Total Bytes Sent By Job
	0  -  Total Bytes Received By Job
	Partitionable Resources :    Usage  Request Allocated 
	   admin_mutex_1         :                           0 
	   admin_mutex_2         :                           0 
	   admin_mutex_3         :                           0 
	   Cpus                  :     0.99        1         1 
	   Disk (KB)             :    10        2048      5480 
	   GPUs                  :                           0 
	   machine_token         :                           0 
	   Memory (MB)           :   292        6000      6016 
	   TimeExecute (s)       :  1180                       
	   TimeSlotBusy (s)      :  1181                       

	Job terminated of its own accord at 2026-06-02T22:40:10Z with exit-code 0.
...
