000 (19535733.000.000) 2026-06-02 15:55:00 Job submitted from host: <10.128.10.103:9618?addrs=10.128.10.103-9618&alias=npx-submitter.icecube.wisc.edu&noUDP&sock=schedd_2449_6386>
    DAG Node: Drootprod_20190708_63430
...
001 (19535733.000.000) 2026-06-02 16:59:07 Job executing on host: <10.128.10.117:43719?addrs=10.128.10.117-43719&alias=n-gibyte-02.icecube.wisc.edu>
	SlotName: slot1_99@n-gibyte-02.icecube.wisc.edu
	admin_mutex_1 = 0
	admin_mutex_2 = 0
	admin_mutex_3 = 0
	CondorScratchDir = "/scratch/condor/dir_3573301"
	Cpus = 1
	Disk = 5480
	GPUs = 0
	machine_token = 0
	Memory = 6016
...
006 (19535733.000.000) 2026-06-02 16:59:21 Image size of job updated: 118840
	117  -  MemoryUsage of job (MB)
	118840  -  ResidentSetSize of job (KB)
...
006 (19535733.000.000) 2026-06-02 17:04:22 Image size of job updated: 139036
	136  -  MemoryUsage of job (MB)
	139036  -  ResidentSetSize of job (KB)
...
006 (19535733.000.000) 2026-06-02 17:09:22 Image size of job updated: 158400
	155  -  MemoryUsage of job (MB)
	158400  -  ResidentSetSize of job (KB)
...
006 (19535733.000.000) 2026-06-02 17:14:23 Image size of job updated: 177300
	174  -  MemoryUsage of job (MB)
	177300  -  ResidentSetSize of job (KB)
...
006 (19535733.000.000) 2026-06-02 17:18:51 Image size of job updated: 307904
	174  -  MemoryUsage of job (MB)
	177300  -  ResidentSetSize of job (KB)
...
005 (19535733.000.000) 2026-06-02 17:18:51 Job terminated.
	(1) Normal termination (return value 0)
		Usr 0 00:18:37, Sys 0 00:00:11  -  Run Remote Usage
		Usr 0 00:00:00, Sys 0 00:00:00  -  Run Local Usage
		Usr 0 00:18:37, Sys 0 00:00:11  -  Total Remote Usage
		Usr 0 00:00:00, Sys 0 00:00:00  -  Total Local Usage
	0  -  Run Bytes Sent By Job
	0  -  Run Bytes Received By Job
	0  -  Total Bytes Sent By Job
	0  -  Total Bytes Received By Job
	Partitionable Resources :    Usage  Request Allocated 
	   admin_mutex_1         :                           0 
	   admin_mutex_2         :                           0 
	   admin_mutex_3         :                           0 
	   Cpus                  :     0.95        1         1 
	   Disk (KB)             :    10        2048      5480 
	   GPUs                  :                           0 
	   machine_token         :                           0 
	   Memory (MB)           :   174        6000      6016 
	   TimeExecute (s)       :  1184                       
	   TimeSlotBusy (s)      :  1185                       

	Job terminated of its own accord at 2026-06-02T22:18:51Z with exit-code 0.
...
