000 (19537005.000.000) 2026-06-02 15:57:44 Job submitted from host: <10.128.10.103:9618?addrs=10.128.10.103-9618&alias=npx-submitter.icecube.wisc.edu&noUDP&sock=schedd_2449_6386>
    DAG Node: Drootprod_20191003_14484
...
001 (19537005.000.000) 2026-06-02 17:30:37 Job executing on host: <10.128.10.12:43175?addrs=10.128.10.12-43175&alias=n-m610-02.icecube.wisc.edu>
	SlotName: slot1_4@n-m610-02.icecube.wisc.edu
	admin_mutex_1 = 0
	admin_mutex_2 = 0
	admin_mutex_3 = 0
	CondorScratchDir = "/scratch/condor/dir_1477969"
	Cpus = 1
	Disk = 3072
	GPUs = 0
	machine_token = 0
	Memory = 6016
...
006 (19537005.000.000) 2026-06-02 17:30:51 Image size of job updated: 122336
	120  -  MemoryUsage of job (MB)
	122336  -  ResidentSetSize of job (KB)
...
006 (19537005.000.000) 2026-06-02 17:35:52 Image size of job updated: 163992
	161  -  MemoryUsage of job (MB)
	163992  -  ResidentSetSize of job (KB)
...
006 (19537005.000.000) 2026-06-02 17:40:42 Image size of job updated: 313180
	161  -  MemoryUsage of job (MB)
	163992  -  ResidentSetSize of job (KB)
...
005 (19537005.000.000) 2026-06-02 17:40:42 Job terminated.
	(1) Normal termination (return value 0)
		Usr 0 00:09:32, Sys 0 00:00:08  -  Run Remote Usage
		Usr 0 00:00:00, Sys 0 00:00:00  -  Run Local Usage
		Usr 0 00:09:32, Sys 0 00:00:08  -  Total Remote Usage
		Usr 0 00:00:00, Sys 0 00:00:00  -  Total Local Usage
	0  -  Run Bytes Sent By Job
	0  -  Run Bytes Received By Job
	0  -  Total Bytes Sent By Job
	0  -  Total Bytes Received By Job
	Partitionable Resources :    Usage  Request Allocated 
	   admin_mutex_1         :                           0 
	   admin_mutex_2         :                           0 
	   admin_mutex_3         :                           0 
	   Cpus                  :     0.97        1         1 
	   Disk (KB)             :    12        2048      3072 
	   GPUs                  :                           0 
	   machine_token         :                           0 
	   Memory (MB)           :   161        6000      6016 
	   TimeExecute (s)       :   605                       
	   TimeSlotBusy (s)      :   605                       

	Job terminated of its own accord at 2026-06-02T22:40:42Z with exit-code 0.
...
