000 (19533563.000.000) 2026-06-02 15:50:40 Job submitted from host: <10.128.10.103:9618?addrs=10.128.10.103-9618&alias=npx-submitter.icecube.wisc.edu&noUDP&sock=schedd_2449_6386>
    DAG Node: Drootprod_20190218_58614
...
001 (19533563.000.000) 2026-06-02 16:16:55 Job executing on host: <10.128.10.206:37305?addrs=10.128.10.206-37305&alias=sm-storage-1.icecube.wisc.edu>
	SlotName: slot1_3@sm-storage-1.icecube.wisc.edu
	admin_mutex_1 = 0
	admin_mutex_2 = 0
	admin_mutex_3 = 0
	CondorScratchDir = "/scratch/condor/dir_3754839"
	Cpus = 1
	Disk = 3072
	GPUs = 0
	machine_token = 0
	Memory = 6016
...
006 (19533563.000.000) 2026-06-02 16:17:08 Image size of job updated: 118188
	116  -  MemoryUsage of job (MB)
	118188  -  ResidentSetSize of job (KB)
...
006 (19533563.000.000) 2026-06-02 16:22:08 Image size of job updated: 141532
	139  -  MemoryUsage of job (MB)
	141532  -  ResidentSetSize of job (KB)
...
006 (19533563.000.000) 2026-06-02 16:27:09 Image size of job updated: 160912
	158  -  MemoryUsage of job (MB)
	160912  -  ResidentSetSize of job (KB)
...
006 (19533563.000.000) 2026-06-02 16:32:10 Image size of job updated: 179112
	175  -  MemoryUsage of job (MB)
	179112  -  ResidentSetSize of job (KB)
...
006 (19533563.000.000) 2026-06-02 16:35:54 Image size of job updated: 303692
	175  -  MemoryUsage of job (MB)
	179112  -  ResidentSetSize of job (KB)
...
005 (19533563.000.000) 2026-06-02 16:35:54 Job terminated.
	(1) Normal termination (return value 0)
		Usr 0 00:17:40, Sys 0 00:00:07  -  Run Remote Usage
		Usr 0 00:00:00, Sys 0 00:00:00  -  Run Local Usage
		Usr 0 00:17:40, Sys 0 00:00:07  -  Total Remote Usage
		Usr 0 00:00:00, Sys 0 00:00:00  -  Total Local Usage
	0  -  Run Bytes Sent By Job
	0  -  Run Bytes Received By Job
	0  -  Total Bytes Sent By Job
	0  -  Total Bytes Received By Job
	Partitionable Resources :    Usage  Request Allocated 
	   admin_mutex_1         :                           0 
	   admin_mutex_2         :                           0 
	   admin_mutex_3         :                           0 
	   Cpus                  :     0.93        1         1 
	   Disk (KB)             :    12        2048      3072 
	   GPUs                  :                           0 
	   machine_token         :                           0 
	   Memory (MB)           :   175        6000      6016 
	   TimeExecute (s)       :  1139                       
	   TimeSlotBusy (s)      :  1139                       

	Job terminated of its own accord at 2026-06-02T21:35:54Z with exit-code 0.
...
