000 (19536600.000.000) 2026-06-02 15:56:50 Job submitted from host: <10.128.10.103:9618?addrs=10.128.10.103-9618&alias=npx-submitter.icecube.wisc.edu&noUDP&sock=schedd_2449_6386>
    DAG Node: Drootprod_20190905_66126
...
001 (19536600.000.000) 2026-06-02 17:23:48 Job executing on host: <10.128.10.191:42321?addrs=10.128.10.191-42321&alias=n-smepyc-04.icecube.wisc.edu>
	SlotName: slot1_4@n-smepyc-04.icecube.wisc.edu
	admin_mutex_1 = 0
	admin_mutex_2 = 0
	admin_mutex_3 = 0
	CondorScratchDir = "/scratch/condor/dir_353972"
	Cpus = 1
	Disk = 3072
	GPUs = 0
	machine_token = 0
	Memory = 6016
...
006 (19536600.000.000) 2026-06-02 17:24:02 Image size of job updated: 122956
	121  -  MemoryUsage of job (MB)
	122956  -  ResidentSetSize of job (KB)
...
006 (19536600.000.000) 2026-06-02 17:29:02 Image size of job updated: 172612
	169  -  MemoryUsage of job (MB)
	172612  -  ResidentSetSize of job (KB)
...
006 (19536600.000.000) 2026-06-02 17:33:01 Image size of job updated: 314028
	169  -  MemoryUsage of job (MB)
	172612  -  ResidentSetSize of job (KB)
...
005 (19536600.000.000) 2026-06-02 17:33:01 Job terminated.
	(1) Normal termination (return value 0)
		Usr 0 00:08:41, Sys 0 00:00:09  -  Run Remote Usage
		Usr 0 00:00:00, Sys 0 00:00:00  -  Run Local Usage
		Usr 0 00:08:41, Sys 0 00:00:09  -  Total Remote Usage
		Usr 0 00:00:00, Sys 0 00:00:00  -  Total Local Usage
	0  -  Run Bytes Sent By Job
	0  -  Run Bytes Received By Job
	0  -  Total Bytes Sent By Job
	0  -  Total Bytes Received By Job
	Partitionable Resources :    Usage  Request Allocated 
	   admin_mutex_1         :                           0 
	   admin_mutex_2         :                           0 
	   admin_mutex_3         :                           0 
	   Cpus                  :     0.98        1         1 
	   Disk (KB)             :    12        2048      3072 
	   GPUs                  :                           0 
	   machine_token         :                           0 
	   Memory (MB)           :   169        6000      6016 
	   TimeExecute (s)       :   553                       
	   TimeSlotBusy (s)      :   553                       

	Job terminated of its own accord at 2026-06-02T22:33:01Z with exit-code 0.
...
