000 (19537483.000.000) 2026-06-02 15:58:59 Job submitted from host: <10.128.10.103:9618?addrs=10.128.10.103-9618&alias=npx-submitter.icecube.wisc.edu&noUDP&sock=schedd_2449_6386>
    DAG Node: Drootprod_20191111_11939
...
001 (19537483.000.000) 2026-06-02 17:37:55 Job executing on host: <10.128.10.238:43797?addrs=10.128.10.238-43797&alias=n-gpu-42.icecube.wisc.edu>
	SlotName: slot1_63@n-gpu-42.icecube.wisc.edu
	admin_mutex_1 = 0
	admin_mutex_2 = 0
	admin_mutex_3 = 0
	AvailableGPUs = {  }
	CondorScratchDir = "/scratch/condor/dir_2317188"
	Cpus = 1
	Disk = 3072
	GPUs = 0
	machine_token = 0
	Memory = 6016
...
006 (19537483.000.000) 2026-06-02 17:38:09 Image size of job updated: 120076
	118  -  MemoryUsage of job (MB)
	120076  -  ResidentSetSize of job (KB)
...
006 (19537483.000.000) 2026-06-02 17:43:10 Image size of job updated: 155652
	153  -  MemoryUsage of job (MB)
	155652  -  ResidentSetSize of job (KB)
...
006 (19537483.000.000) 2026-06-02 17:48:11 Image size of job updated: 298792
	292  -  MemoryUsage of job (MB)
	298792  -  ResidentSetSize of job (KB)
...
006 (19537483.000.000) 2026-06-02 17:50:14 Image size of job updated: 307644
	292  -  MemoryUsage of job (MB)
	298792  -  ResidentSetSize of job (KB)
...
005 (19537483.000.000) 2026-06-02 17:50:14 Job terminated.
	(1) Normal termination (return value 0)
		Usr 0 00:11:28, Sys 0 00:00:11  -  Run Remote Usage
		Usr 0 00:00:00, Sys 0 00:00:00  -  Run Local Usage
		Usr 0 00:11:28, Sys 0 00:00:11  -  Total Remote Usage
		Usr 0 00:00:00, Sys 0 00:00:00  -  Total Local Usage
	0  -  Run Bytes Sent By Job
	0  -  Run Bytes Received By Job
	0  -  Total Bytes Sent By Job
	0  -  Total Bytes Received By Job
	Partitionable Resources :    Usage  Request Allocated 
	   admin_mutex_1         :                           0 
	   admin_mutex_2         :                           0 
	   admin_mutex_3         :                           0 
	   Cpus                  :     0.94        1         1 
	   Disk (KB)             :    12        2048      3072 
	   GPUs                  :                           0 
	   machine_token         :                           0 
	   Memory (MB)           :   292        6000      6016 
	   TimeExecute (s)       :   739                       
	   TimeSlotBusy (s)      :   739                       

	Job terminated of its own accord at 2026-06-02T22:50:14Z with exit-code 0.
...
