000 (19535115.000.000) 2026-06-02 15:53:40 Job submitted from host: <10.128.10.103:9618?addrs=10.128.10.103-9618&alias=npx-submitter.icecube.wisc.edu&noUDP&sock=schedd_2449_6386>
    DAG Node: Drootprod_20190525_18167
...
001 (19535115.000.000) 2026-06-02 16:46:32 Job executing on host: <10.128.10.192:35633?addrs=10.128.10.192-35633&alias=n-smepyc-05.icecube.wisc.edu>
	SlotName: slot1_67@n-smepyc-05.icecube.wisc.edu
	admin_mutex_1 = 0
	admin_mutex_2 = 0
	admin_mutex_3 = 0
	CondorScratchDir = "/scratch/condor/dir_240060"
	Cpus = 1
	Disk = 3072
	GPUs = 0
	machine_token = 0
	Memory = 6016
...
006 (19535115.000.000) 2026-06-02 16:46:46 Image size of job updated: 122520
	120  -  MemoryUsage of job (MB)
	122520  -  ResidentSetSize of job (KB)
...
006 (19535115.000.000) 2026-06-02 16:51:47 Image size of job updated: 176824
	173  -  MemoryUsage of job (MB)
	176824  -  ResidentSetSize of job (KB)
...
006 (19535115.000.000) 2026-06-02 16:53:36 Image size of job updated: 307396
	173  -  MemoryUsage of job (MB)
	176824  -  ResidentSetSize of job (KB)
...
005 (19535115.000.000) 2026-06-02 16:53:36 Job terminated.
	(1) Normal termination (return value 0)
		Usr 0 00:06:36, Sys 0 00:00:07  -  Run Remote Usage
		Usr 0 00:00:00, Sys 0 00:00:00  -  Run Local Usage
		Usr 0 00:06:36, Sys 0 00:00:07  -  Total Remote Usage
		Usr 0 00:00:00, Sys 0 00:00:00  -  Total Local Usage
	0  -  Run Bytes Sent By Job
	0  -  Run Bytes Received By Job
	0  -  Total Bytes Sent By Job
	0  -  Total Bytes Received By Job
	Partitionable Resources :    Usage  Request Allocated 
	   admin_mutex_1         :                           0 
	   admin_mutex_2         :                           0 
	   admin_mutex_3         :                           0 
	   Cpus                  :     0.97        1         1 
	   Disk (KB)             :    12        2048      3072 
	   GPUs                  :                           0 
	   machine_token         :                           0 
	   Memory (MB)           :   173        6000      6016 
	   TimeExecute (s)       :   424                       
	   TimeSlotBusy (s)      :   424                       

	Job terminated of its own accord at 2026-06-02T21:53:36Z with exit-code 0.
...
