000 (19536664.000.000) 2026-06-02 15:56:57 Job submitted from host: <10.128.10.103:9618?addrs=10.128.10.103-9618&alias=npx-submitter.icecube.wisc.edu&noUDP&sock=schedd_2449_6386>
    DAG Node: Drootprod_20190907_27503
...
001 (19536664.000.000) 2026-06-02 17:24:32 Job executing on host: <10.128.10.117:43719?addrs=10.128.10.117-43719&alias=n-gibyte-02.icecube.wisc.edu>
	SlotName: slot1_499@n-gibyte-02.icecube.wisc.edu
	admin_mutex_1 = 0
	admin_mutex_2 = 0
	admin_mutex_3 = 0
	CondorScratchDir = "/scratch/condor/dir_3683883"
	Cpus = 1
	Disk = 5480
	GPUs = 0
	machine_token = 0
	Memory = 6016
...
006 (19536664.000.000) 2026-06-02 17:24:45 Image size of job updated: 118284
	116  -  MemoryUsage of job (MB)
	118284  -  ResidentSetSize of job (KB)
...
006 (19536664.000.000) 2026-06-02 17:29:45 Image size of job updated: 144412
	142  -  MemoryUsage of job (MB)
	144412  -  ResidentSetSize of job (KB)
...
006 (19536664.000.000) 2026-06-02 17:34:45 Image size of job updated: 166168
	163  -  MemoryUsage of job (MB)
	166168  -  ResidentSetSize of job (KB)
...
006 (19536664.000.000) 2026-06-02 17:39:46 Image size of job updated: 299856
	293  -  MemoryUsage of job (MB)
	299856  -  ResidentSetSize of job (KB)
...
006 (19536664.000.000) 2026-06-02 17:43:28 Image size of job updated: 314704
	293  -  MemoryUsage of job (MB)
	299856  -  ResidentSetSize of job (KB)
...
005 (19536664.000.000) 2026-06-02 17:43:28 Job terminated.
	(1) Normal termination (return value 0)
		Usr 0 00:18:05, Sys 0 00:00:11  -  Run Remote Usage
		Usr 0 00:00:00, Sys 0 00:00:00  -  Run Local Usage
		Usr 0 00:18:05, Sys 0 00:00:11  -  Total Remote Usage
		Usr 0 00:00:00, Sys 0 00:00:00  -  Total Local Usage
	0  -  Run Bytes Sent By Job
	0  -  Run Bytes Received By Job
	0  -  Total Bytes Sent By Job
	0  -  Total Bytes Received By Job
	Partitionable Resources :    Usage  Request Allocated 
	   admin_mutex_1         :                           0 
	   admin_mutex_2         :                           0 
	   admin_mutex_3         :                           0 
	   Cpus                  :     0.98        1         1 
	   Disk (KB)             :    12        2048      5480 
	   GPUs                  :                           0 
	   machine_token         :                           0 
	   Memory (MB)           :   293        6000      6016 
	   TimeExecute (s)       :  1136                       
	   TimeSlotBusy (s)      :  1137                       

	Job terminated of its own accord at 2026-06-02T22:43:28Z with exit-code 0.
...
