000 (19536527.000.000) 2026-06-02 15:56:40 Job submitted from host: <10.128.10.103:9618?addrs=10.128.10.103-9618&alias=npx-submitter.icecube.wisc.edu&noUDP&sock=schedd_2449_6386>
    DAG Node: Drootprod_20190831_26266
...
001 (19536527.000.000) 2026-06-02 17:22:15 Job executing on host: <10.128.10.191:42321?addrs=10.128.10.191-42321&alias=n-smepyc-04.icecube.wisc.edu>
	SlotName: slot1_30@n-smepyc-04.icecube.wisc.edu
	admin_mutex_1 = 0
	admin_mutex_2 = 0
	admin_mutex_3 = 0
	CondorScratchDir = "/scratch/condor/dir_348196"
	Cpus = 1
	Disk = 3072
	GPUs = 0
	machine_token = 0
	Memory = 6016
...
006 (19536527.000.000) 2026-06-02 17:22:29 Image size of job updated: 122484
	120  -  MemoryUsage of job (MB)
	122484  -  ResidentSetSize of job (KB)
...
006 (19536527.000.000) 2026-06-02 17:27:30 Image size of job updated: 169556
	166  -  MemoryUsage of job (MB)
	169556  -  ResidentSetSize of job (KB)
...
006 (19536527.000.000) 2026-06-02 17:30:35 Image size of job updated: 310320
	166  -  MemoryUsage of job (MB)
	169556  -  ResidentSetSize of job (KB)
...
005 (19536527.000.000) 2026-06-02 17:30:35 Job terminated.
	(1) Normal termination (return value 0)
		Usr 0 00:07:53, Sys 0 00:00:07  -  Run Remote Usage
		Usr 0 00:00:00, Sys 0 00:00:00  -  Run Local Usage
		Usr 0 00:07:53, Sys 0 00:00:07  -  Total Remote Usage
		Usr 0 00:00:00, Sys 0 00:00:00  -  Total Local Usage
	0  -  Run Bytes Sent By Job
	0  -  Run Bytes Received By Job
	0  -  Total Bytes Sent By Job
	0  -  Total Bytes Received By Job
	Partitionable Resources :    Usage  Request Allocated 
	   admin_mutex_1         :                           0 
	   admin_mutex_2         :                           0 
	   admin_mutex_3         :                           0 
	   Cpus                  :     0.95        1         1 
	   Disk (KB)             :    10        2048      3072 
	   GPUs                  :                           0 
	   machine_token         :                           0 
	   Memory (MB)           :   166        6000      6016 
	   TimeExecute (s)       :   500                       
	   TimeSlotBusy (s)      :   500                       

	Job terminated of its own accord at 2026-06-02T22:30:35Z with exit-code 0.
...
