000 (19536586.000.000) 2026-06-02 15:56:48 Job submitted from host: <10.128.10.103:9618?addrs=10.128.10.103-9618&alias=npx-submitter.icecube.wisc.edu&noUDP&sock=schedd_2449_6386>
    DAG Node: Drootprod_20190903_51078
...
001 (19536586.000.000) 2026-06-02 17:23:20 Job executing on host: <10.128.10.115:33587?addrs=10.128.10.115-33587&alias=n-gibyte-00.icecube.wisc.edu>
	SlotName: slot1_269@n-gibyte-00.icecube.wisc.edu
	admin_mutex_1 = 0
	admin_mutex_2 = 0
	admin_mutex_3 = 0
	CondorScratchDir = "/scratch/condor/dir_2377516"
	Cpus = 1
	Disk = 5480
	GPUs = 0
	machine_token = 0
	Memory = 6016
...
006 (19536586.000.000) 2026-06-02 17:23:33 Image size of job updated: 118608
	116  -  MemoryUsage of job (MB)
	118608  -  ResidentSetSize of job (KB)
...
006 (19536586.000.000) 2026-06-02 17:28:33 Image size of job updated: 149616
	147  -  MemoryUsage of job (MB)
	149616  -  ResidentSetSize of job (KB)
...
006 (19536586.000.000) 2026-06-02 17:33:34 Image size of job updated: 171328
	168  -  MemoryUsage of job (MB)
	171328  -  ResidentSetSize of job (KB)
...
006 (19536586.000.000) 2026-06-02 17:38:34 Image size of job updated: 305820
	299  -  MemoryUsage of job (MB)
	305820  -  ResidentSetSize of job (KB)
...
006 (19536586.000.000) 2026-06-02 17:39:38 Image size of job updated: 312848
	299  -  MemoryUsage of job (MB)
	305820  -  ResidentSetSize of job (KB)
...
005 (19536586.000.000) 2026-06-02 17:39:38 Job terminated.
	(1) Normal termination (return value 0)
		Usr 0 00:15:30, Sys 0 00:00:11  -  Run Remote Usage
		Usr 0 00:00:00, Sys 0 00:00:00  -  Run Local Usage
		Usr 0 00:15:30, Sys 0 00:00:11  -  Total Remote Usage
		Usr 0 00:00:00, Sys 0 00:00:00  -  Total Local Usage
	0  -  Run Bytes Sent By Job
	0  -  Run Bytes Received By Job
	0  -  Total Bytes Sent By Job
	0  -  Total Bytes Received By Job
	Partitionable Resources :    Usage  Request Allocated 
	   admin_mutex_1         :                           0 
	   admin_mutex_2         :                           0 
	   admin_mutex_3         :                           0 
	   Cpus                  :     0.99        1         1 
	   Disk (KB)             :    10        2048      5480 
	   GPUs                  :                           0 
	   machine_token         :                           0 
	   Memory (MB)           :   299        6000      6016 
	   TimeExecute (s)       :   978                       
	   TimeSlotBusy (s)      :   979                       

	Job terminated of its own accord at 2026-06-02T22:39:38Z with exit-code 0.
...
