000 (19537024.000.000) 2026-06-02 15:57:46 Job submitted from host: <10.128.10.103:9618?addrs=10.128.10.103-9618&alias=npx-submitter.icecube.wisc.edu&noUDP&sock=schedd_2449_6386>
    DAG Node: Drootprod_20191005_46035
...
001 (19537024.000.000) 2026-06-02 17:30:51 Job executing on host: <10.128.10.115:33587?addrs=10.128.10.115-33587&alias=n-gibyte-00.icecube.wisc.edu>
	SlotName: slot1_337@n-gibyte-00.icecube.wisc.edu
	admin_mutex_1 = 0
	admin_mutex_2 = 0
	admin_mutex_3 = 0
	CondorScratchDir = "/scratch/condor/dir_2411140"
	Cpus = 1
	Disk = 5480
	GPUs = 0
	machine_token = 0
	Memory = 6016
...
006 (19537024.000.000) 2026-06-02 17:31:04 Image size of job updated: 118860
	117  -  MemoryUsage of job (MB)
	118860  -  ResidentSetSize of job (KB)
...
006 (19537024.000.000) 2026-06-02 17:36:04 Image size of job updated: 145364
	142  -  MemoryUsage of job (MB)
	145364  -  ResidentSetSize of job (KB)
...
006 (19537024.000.000) 2026-06-02 17:41:05 Image size of job updated: 167776
	164  -  MemoryUsage of job (MB)
	167776  -  ResidentSetSize of job (KB)
...
006 (19537024.000.000) 2026-06-02 17:46:06 Image size of job updated: 298644
	292  -  MemoryUsage of job (MB)
	298644  -  ResidentSetSize of job (KB)
...
006 (19537024.000.000) 2026-06-02 17:51:00 Image size of job updated: 317720
	292  -  MemoryUsage of job (MB)
	298644  -  ResidentSetSize of job (KB)
...
005 (19537024.000.000) 2026-06-02 17:51:00 Job terminated.
	(1) Normal termination (return value 0)
		Usr 0 00:19:10, Sys 0 00:00:12  -  Run Remote Usage
		Usr 0 00:00:00, Sys 0 00:00:00  -  Run Local Usage
		Usr 0 00:19:10, Sys 0 00:00:12  -  Total Remote Usage
		Usr 0 00:00:00, Sys 0 00:00:00  -  Total Local Usage
	0  -  Run Bytes Sent By Job
	0  -  Run Bytes Received By Job
	0  -  Total Bytes Sent By Job
	0  -  Total Bytes Received By Job
	Partitionable Resources :    Usage  Request Allocated 
	   admin_mutex_1         :                           0 
	   admin_mutex_2         :                           0 
	   admin_mutex_3         :                           0 
	   Cpus                  :     0.98        1         1 
	   Disk (KB)             :    15        2048      5480 
	   GPUs                  :                           0 
	   machine_token         :                           0 
	   Memory (MB)           :   292        6000      6016 
	   TimeExecute (s)       :  1209                       
	   TimeSlotBusy (s)      :  1210                       

	Job terminated of its own accord at 2026-06-02T22:51:00Z with exit-code 0.
...
