000 (19534499.000.000) 2026-06-02 15:52:31 Job submitted from host: <10.128.10.103:9618?addrs=10.128.10.103-9618&alias=npx-submitter.icecube.wisc.edu&noUDP&sock=schedd_2449_6386>
    DAG Node: Drootprod_20190419_9190
...
001 (19534499.000.000) 2026-06-02 16:35:34 Job executing on host: <10.128.10.16:46491?addrs=10.128.10.16-46491&alias=n-m610-06.icecube.wisc.edu>
	SlotName: slot1_5@n-m610-06.icecube.wisc.edu
	admin_mutex_1 = 0
	admin_mutex_2 = 0
	admin_mutex_3 = 0
	CondorScratchDir = "/scratch/condor/dir_4037602"
	Cpus = 1
	Disk = 3072
	GPUs = 0
	machine_token = 0
	Memory = 6016
...
006 (19534499.000.000) 2026-06-02 16:35:48 Image size of job updated: 121836
	119  -  MemoryUsage of job (MB)
	121836  -  ResidentSetSize of job (KB)
...
006 (19534499.000.000) 2026-06-02 16:40:49 Image size of job updated: 161592
	158  -  MemoryUsage of job (MB)
	161592  -  ResidentSetSize of job (KB)
...
006 (19534499.000.000) 2026-06-02 16:45:49 Image size of job updated: 309776
	303  -  MemoryUsage of job (MB)
	309776  -  ResidentSetSize of job (KB)
...
006 (19534499.000.000) 2026-06-02 16:45:54 Image size of job updated: 309880
	303  -  MemoryUsage of job (MB)
	309776  -  ResidentSetSize of job (KB)
...
005 (19534499.000.000) 2026-06-02 16:45:54 Job terminated.
	(1) Normal termination (return value 0)
		Usr 0 00:09:41, Sys 0 00:00:08  -  Run Remote Usage
		Usr 0 00:00:00, Sys 0 00:00:00  -  Run Local Usage
		Usr 0 00:09:41, Sys 0 00:00:08  -  Total Remote Usage
		Usr 0 00:00:00, Sys 0 00:00:00  -  Total Local Usage
	0  -  Run Bytes Sent By Job
	0  -  Run Bytes Received By Job
	0  -  Total Bytes Sent By Job
	0  -  Total Bytes Received By Job
	Partitionable Resources :    Usage  Request Allocated 
	   admin_mutex_1         :                           0 
	   admin_mutex_2         :                           0 
	   admin_mutex_3         :                           0 
	   Cpus                  :     0.99        1         1 
	   Disk (KB)             :    10        2048      3072 
	   GPUs                  :                           0 
	   machine_token         :                           0 
	   Memory (MB)           :   303        6000      6016 
	   TimeExecute (s)       :   620                       
	   TimeSlotBusy (s)      :   620                       

	Job terminated of its own accord at 2026-06-02T21:45:54Z with exit-code 0.
...
