000 (19534598.000.000) 2026-06-02 15:52:42 Job submitted from host: <10.128.10.103:9618?addrs=10.128.10.103-9618&alias=npx-submitter.icecube.wisc.edu&noUDP&sock=schedd_2449_6386>
    DAG Node: Drootprod_20190425_28652
...
001 (19534598.000.000) 2026-06-02 16:37:26 Job executing on host: <10.128.10.191:42321?addrs=10.128.10.191-42321&alias=n-smepyc-04.icecube.wisc.edu>
	SlotName: slot1_4@n-smepyc-04.icecube.wisc.edu
	admin_mutex_1 = 0
	admin_mutex_2 = 0
	admin_mutex_3 = 0
	CondorScratchDir = "/scratch/condor/dir_175011"
	Cpus = 1
	Disk = 3072
	GPUs = 0
	machine_token = 0
	Memory = 6016
...
006 (19534598.000.000) 2026-06-02 16:37:39 Image size of job updated: 122440
	120  -  MemoryUsage of job (MB)
	122440  -  ResidentSetSize of job (KB)
...
006 (19534598.000.000) 2026-06-02 16:42:39 Image size of job updated: 168068
	165  -  MemoryUsage of job (MB)
	168068  -  ResidentSetSize of job (KB)
...
006 (19534598.000.000) 2026-06-02 16:46:33 Image size of job updated: 313360
	165  -  MemoryUsage of job (MB)
	168068  -  ResidentSetSize of job (KB)
...
005 (19534598.000.000) 2026-06-02 16:46:35 Job terminated.
	(1) Normal termination (return value 0)
		Usr 0 00:08:31, Sys 0 00:00:08  -  Run Remote Usage
		Usr 0 00:00:00, Sys 0 00:00:00  -  Run Local Usage
		Usr 0 00:08:31, Sys 0 00:00:08  -  Total Remote Usage
		Usr 0 00:00:00, Sys 0 00:00:00  -  Total Local Usage
	0  -  Run Bytes Sent By Job
	0  -  Run Bytes Received By Job
	0  -  Total Bytes Sent By Job
	0  -  Total Bytes Received By Job
	Partitionable Resources :    Usage  Request Allocated 
	   admin_mutex_1         :                           0 
	   admin_mutex_2         :                           0 
	   admin_mutex_3         :                           0 
	   Cpus                  :     0.97        1         1 
	   Disk (KB)             :    12        2048      3072 
	   GPUs                  :                           0 
	   machine_token         :                           0 
	   Memory (MB)           :   165        6000      6016 
	   TimeExecute (s)       :   547                       
	   TimeSlotBusy (s)      :   549                       

	Job terminated of its own accord at 2026-06-02T21:46:33Z with exit-code 0.
...
