000 (19533073.000.000) 2026-06-02 15:49:33 Job submitted from host: <10.128.10.103:9618?addrs=10.128.10.103-9618&alias=npx-submitter.icecube.wisc.edu&noUDP&sock=schedd_2449_6386>
    DAG Node: Drootprod_20190113_694
...
001 (19533073.000.000) 2026-06-02 16:02:40 Job executing on host: <10.128.11.112:41791?addrs=10.128.11.112-41791&alias=n-r720-53.icecube.wisc.edu>
	SlotName: slot1_23@n-r720-53.icecube.wisc.edu
	admin_mutex_1 = 0
	admin_mutex_2 = 0
	admin_mutex_3 = 0
	CondorScratchDir = "/scratch/condor/dir_967416"
	Cpus = 1
	Disk = 3717
	GPUs = 0
	machine_token = 0
	Memory = 6016
...
006 (19533073.000.000) 2026-06-02 16:02:54 Image size of job updated: 119824
	118  -  MemoryUsage of job (MB)
	119824  -  ResidentSetSize of job (KB)
...
006 (19533073.000.000) 2026-06-02 16:07:55 Image size of job updated: 143484
	141  -  MemoryUsage of job (MB)
	143484  -  ResidentSetSize of job (KB)
...
006 (19533073.000.000) 2026-06-02 16:12:55 Image size of job updated: 162460
	159  -  MemoryUsage of job (MB)
	162460  -  ResidentSetSize of job (KB)
...
006 (19533073.000.000) 2026-06-02 16:17:55 Image size of job updated: 183076
	179  -  MemoryUsage of job (MB)
	183076  -  ResidentSetSize of job (KB)
...
006 (19533073.000.000) 2026-06-02 16:22:56 Image size of job updated: 309176
	302  -  MemoryUsage of job (MB)
	309176  -  ResidentSetSize of job (KB)
...
006 (19533073.000.000) 2026-06-02 16:23:07 Image size of job updated: 309512
	302  -  MemoryUsage of job (MB)
	309176  -  ResidentSetSize of job (KB)
...
005 (19533073.000.000) 2026-06-02 16:23:07 Job terminated.
	(1) Normal termination (return value 0)
		Usr 0 00:19:04, Sys 0 00:00:12  -  Run Remote Usage
		Usr 0 00:00:00, Sys 0 00:00:00  -  Run Local Usage
		Usr 0 00:19:04, Sys 0 00:00:12  -  Total Remote Usage
		Usr 0 00:00:00, Sys 0 00:00:00  -  Total Local Usage
	0  -  Run Bytes Sent By Job
	0  -  Run Bytes Received By Job
	0  -  Total Bytes Sent By Job
	0  -  Total Bytes Received By Job
	Partitionable Resources :    Usage  Request Allocated 
	   admin_mutex_1         :                           0 
	   admin_mutex_2         :                           0 
	   admin_mutex_3         :                           0 
	   Cpus                  :     0.94        1         1 
	   Disk (KB)             :    15        2048      3717 
	   GPUs                  :                           0 
	   machine_token         :                           0 
	   Memory (MB)           :   302        6000      6016 
	   TimeExecute (s)       :  1227                       
	   TimeSlotBusy (s)      :  1227                       

	Job terminated of its own accord at 2026-06-02T21:23:07Z with exit-code 0.
...
