000 (19535146.000.000) 2026-06-02 15:53:44 Job submitted from host: <10.128.10.103:9618?addrs=10.128.10.103-9618&alias=npx-submitter.icecube.wisc.edu&noUDP&sock=schedd_2449_6386>
    DAG Node: Drootprod_20190529_38785
...
001 (19535146.000.000) 2026-06-02 16:47:13 Job executing on host: <10.128.11.104:41225?addrs=10.128.11.104-41225&alias=n-r720-45.icecube.wisc.edu>
	SlotName: slot1_10@n-r720-45.icecube.wisc.edu
	admin_mutex_1 = 0
	admin_mutex_2 = 0
	admin_mutex_3 = 0
	CondorScratchDir = "/scratch/condor/dir_1137364"
	Cpus = 1
	Disk = 3717
	GPUs = 0
	machine_token = 0
	Memory = 6016
...
006 (19535146.000.000) 2026-06-02 16:47:27 Image size of job updated: 120584
	118  -  MemoryUsage of job (MB)
	120584  -  ResidentSetSize of job (KB)
...
006 (19535146.000.000) 2026-06-02 16:52:28 Image size of job updated: 149576
	147  -  MemoryUsage of job (MB)
	149576  -  ResidentSetSize of job (KB)
...
006 (19535146.000.000) 2026-06-02 16:57:29 Image size of job updated: 172056
	169  -  MemoryUsage of job (MB)
	172056  -  ResidentSetSize of job (KB)
...
006 (19535146.000.000) 2026-06-02 17:01:53 Image size of job updated: 302332
	169  -  MemoryUsage of job (MB)
	172056  -  ResidentSetSize of job (KB)
...
005 (19535146.000.000) 2026-06-02 17:01:53 Job terminated.
	(1) Normal termination (return value 0)
		Usr 0 00:13:56, Sys 0 00:00:10  -  Run Remote Usage
		Usr 0 00:00:00, Sys 0 00:00:00  -  Run Local Usage
		Usr 0 00:13:56, Sys 0 00:00:10  -  Total Remote Usage
		Usr 0 00:00:00, Sys 0 00:00:00  -  Total Local Usage
	0  -  Run Bytes Sent By Job
	0  -  Run Bytes Received By Job
	0  -  Total Bytes Sent By Job
	0  -  Total Bytes Received By Job
	Partitionable Resources :    Usage  Request Allocated 
	   admin_mutex_1         :                           0 
	   admin_mutex_2         :                           0 
	   admin_mutex_3         :                           0 
	   Cpus                  :     0.93        1         1 
	   Disk (KB)             :    10        2048      3717 
	   GPUs                  :                           0 
	   machine_token         :                           0 
	   Memory (MB)           :   169        6000      6016 
	   TimeExecute (s)       :   880                       
	   TimeSlotBusy (s)      :   880                       

	Job terminated of its own accord at 2026-06-02T22:01:53Z with exit-code 0.
...
