000 (19533317.000.000) 2026-06-02 15:50:07 Job submitted from host: <10.128.10.103:9618?addrs=10.128.10.103-9618&alias=npx-submitter.icecube.wisc.edu&noUDP&sock=schedd_2449_6386>
    DAG Node: Drootprod_20190201_30712
...
001 (19533317.000.000) 2026-06-02 16:11:48 Job executing on host: <10.128.10.197:38115?addrs=10.128.10.197-38115&alias=n-18.icecube.wisc.edu>
	SlotName: slot1_11@n-18.icecube.wisc.edu
	admin_mutex_1 = 0
	admin_mutex_2 = 0
	admin_mutex_3 = 0
	CondorScratchDir = "/scratch/condor/dir_472740"
	Cpus = 1
	Disk = 3815
	GPUs = 0
	machine_token = 0
	Memory = 6016
...
006 (19533317.000.000) 2026-06-02 16:12:01 Image size of job updated: 119392
	117  -  MemoryUsage of job (MB)
	119392  -  ResidentSetSize of job (KB)
...
006 (19533317.000.000) 2026-06-02 16:17:01 Image size of job updated: 157508
	154  -  MemoryUsage of job (MB)
	157508  -  ResidentSetSize of job (KB)
...
006 (19533317.000.000) 2026-06-02 16:22:02 Image size of job updated: 302936
	296  -  MemoryUsage of job (MB)
	302936  -  ResidentSetSize of job (KB)
...
006 (19533317.000.000) 2026-06-02 16:23:33 Image size of job updated: 312876
	296  -  MemoryUsage of job (MB)
	302936  -  ResidentSetSize of job (KB)
...
005 (19533317.000.000) 2026-06-02 16:23:33 Job terminated.
	(1) Normal termination (return value 0)
		Usr 0 00:10:29, Sys 0 00:00:08  -  Run Remote Usage
		Usr 0 00:00:00, Sys 0 00:00:00  -  Run Local Usage
		Usr 0 00:10:29, Sys 0 00:00:08  -  Total Remote Usage
		Usr 0 00:00:00, Sys 0 00:00:00  -  Total Local Usage
	0  -  Run Bytes Sent By Job
	0  -  Run Bytes Received By Job
	0  -  Total Bytes Sent By Job
	0  -  Total Bytes Received By Job
	Partitionable Resources :    Usage  Request Allocated 
	   admin_mutex_1         :                           0 
	   admin_mutex_2         :                           0 
	   admin_mutex_3         :                           0 
	   Cpus                  :     0.90        1         1 
	   Disk (KB)             :    15        2048      3815 
	   GPUs                  :                           0 
	   machine_token         :                           0 
	   Memory (MB)           :   296        6000      6016 
	   TimeExecute (s)       :   705                       
	   TimeSlotBusy (s)      :   705                       

	Job terminated of its own accord at 2026-06-02T21:23:33Z with exit-code 0.
...
