000 (19534931.000.000) 2026-06-02 15:53:20 Job submitted from host: <10.128.10.103:9618?addrs=10.128.10.103-9618&alias=npx-submitter.icecube.wisc.edu&noUDP&sock=schedd_2449_6386>
    DAG Node: Drootprod_20190516_85458
...
001 (19534931.000.000) 2026-06-02 16:43:35 Job executing on host: <10.128.10.117:43719?addrs=10.128.10.117-43719&alias=n-gibyte-02.icecube.wisc.edu>
	SlotName: slot1_34@n-gibyte-02.icecube.wisc.edu
	admin_mutex_1 = 0
	admin_mutex_2 = 0
	admin_mutex_3 = 0
	CondorScratchDir = "/scratch/condor/dir_3509959"
	Cpus = 1
	Disk = 5480
	GPUs = 0
	machine_token = 0
	Memory = 6016
...
006 (19534931.000.000) 2026-06-02 16:43:48 Image size of job updated: 118316
	116  -  MemoryUsage of job (MB)
	118316  -  ResidentSetSize of job (KB)
...
006 (19534931.000.000) 2026-06-02 16:48:48 Image size of job updated: 143228
	140  -  MemoryUsage of job (MB)
	143228  -  ResidentSetSize of job (KB)
...
006 (19534931.000.000) 2026-06-02 16:53:49 Image size of job updated: 164696
	161  -  MemoryUsage of job (MB)
	164696  -  ResidentSetSize of job (KB)
...
006 (19534931.000.000) 2026-06-02 16:58:49 Image size of job updated: 299080
	293  -  MemoryUsage of job (MB)
	299080  -  ResidentSetSize of job (KB)
...
006 (19534931.000.000) 2026-06-02 17:01:41 Image size of job updated: 309648
	293  -  MemoryUsage of job (MB)
	299080  -  ResidentSetSize of job (KB)
...
005 (19534931.000.000) 2026-06-02 17:01:41 Job terminated.
	(1) Normal termination (return value 0)
		Usr 0 00:17:10, Sys 0 00:00:11  -  Run Remote Usage
		Usr 0 00:00:00, Sys 0 00:00:00  -  Run Local Usage
		Usr 0 00:17:10, Sys 0 00:00:11  -  Total Remote Usage
		Usr 0 00:00:00, Sys 0 00:00:00  -  Total Local Usage
	0  -  Run Bytes Sent By Job
	0  -  Run Bytes Received By Job
	0  -  Total Bytes Sent By Job
	0  -  Total Bytes Received By Job
	Partitionable Resources :    Usage  Request Allocated 
	   admin_mutex_1         :                           0 
	   admin_mutex_2         :                           0 
	   admin_mutex_3         :                           0 
	   Cpus                  :     0.97        1         1 
	   Disk (KB)             :    10        2048      5480 
	   GPUs                  :                           0 
	   machine_token         :                           0 
	   Memory (MB)           :   293        6000      6016 
	   TimeExecute (s)       :  1086                       
	   TimeSlotBusy (s)      :  1087                       

	Job terminated of its own accord at 2026-06-02T22:01:41Z with exit-code 0.
...
