000 (19536793.000.000) 2026-06-02 15:57:13 Job submitted from host: <10.128.10.103:9618?addrs=10.128.10.103-9618&alias=npx-submitter.icecube.wisc.edu&noUDP&sock=schedd_2449_6386>
    DAG Node: Drootprod_20190918_5672
...
001 (19536793.000.000) 2026-06-02 17:26:57 Job executing on host: <10.128.10.117:43719?addrs=10.128.10.117-43719&alias=n-gibyte-02.icecube.wisc.edu>
	SlotName: slot1_129@n-gibyte-02.icecube.wisc.edu
	admin_mutex_1 = 0
	admin_mutex_2 = 0
	admin_mutex_3 = 0
	CondorScratchDir = "/scratch/condor/dir_3693181"
	Cpus = 1
	Disk = 5480
	GPUs = 0
	machine_token = 0
	Memory = 6016
...
006 (19536793.000.000) 2026-06-02 17:27:10 Image size of job updated: 118624
	116  -  MemoryUsage of job (MB)
	118624  -  ResidentSetSize of job (KB)
...
006 (19536793.000.000) 2026-06-02 17:32:10 Image size of job updated: 143988
	141  -  MemoryUsage of job (MB)
	143988  -  ResidentSetSize of job (KB)
...
006 (19536793.000.000) 2026-06-02 17:37:11 Image size of job updated: 165392
	162  -  MemoryUsage of job (MB)
	165392  -  ResidentSetSize of job (KB)
...
006 (19536793.000.000) 2026-06-02 17:42:11 Image size of job updated: 298576
	292  -  MemoryUsage of job (MB)
	298576  -  ResidentSetSize of job (KB)
...
006 (19536793.000.000) 2026-06-02 17:46:00 Image size of job updated: 314484
	292  -  MemoryUsage of job (MB)
	298576  -  ResidentSetSize of job (KB)
...
005 (19536793.000.000) 2026-06-02 17:46:00 Job terminated.
	(1) Normal termination (return value 0)
		Usr 0 00:18:14, Sys 0 00:00:12  -  Run Remote Usage
		Usr 0 00:00:00, Sys 0 00:00:00  -  Run Local Usage
		Usr 0 00:18:14, Sys 0 00:00:12  -  Total Remote Usage
		Usr 0 00:00:00, Sys 0 00:00:00  -  Total Local Usage
	0  -  Run Bytes Sent By Job
	0  -  Run Bytes Received By Job
	0  -  Total Bytes Sent By Job
	0  -  Total Bytes Received By Job
	Partitionable Resources :    Usage  Request Allocated 
	   admin_mutex_1         :                           0 
	   admin_mutex_2         :                           0 
	   admin_mutex_3         :                           0 
	   Cpus                  :     0.97        1         1 
	   Disk (KB)             :    10        2048      5480 
	   GPUs                  :                           0 
	   machine_token         :                           0 
	   Memory (MB)           :   292        6000      6016 
	   TimeExecute (s)       :  1143                       
	   TimeSlotBusy (s)      :  1145                       

	Job terminated of its own accord at 2026-06-02T22:46:00Z with exit-code 0.
...
