000 (19535380.000.000) 2026-06-02 15:54:13 Job submitted from host: <10.128.10.103:9618?addrs=10.128.10.103-9618&alias=npx-submitter.icecube.wisc.edu&noUDP&sock=schedd_2449_6386>
    DAG Node: Drootprod_20190612_55295
...
001 (19535380.000.000) 2026-06-02 16:52:07 Job executing on host: <10.128.10.117:43719?addrs=10.128.10.117-43719&alias=n-gibyte-02.icecube.wisc.edu>
	SlotName: slot1_490@n-gibyte-02.icecube.wisc.edu
	admin_mutex_1 = 0
	admin_mutex_2 = 0
	admin_mutex_3 = 0
	CondorScratchDir = "/scratch/condor/dir_3545242"
	Cpus = 1
	Disk = 5480
	GPUs = 0
	machine_token = 0
	Memory = 6016
...
006 (19535380.000.000) 2026-06-02 16:52:20 Image size of job updated: 118424
	116  -  MemoryUsage of job (MB)
	118424  -  ResidentSetSize of job (KB)
...
006 (19535380.000.000) 2026-06-02 16:57:20 Image size of job updated: 146084
	143  -  MemoryUsage of job (MB)
	146084  -  ResidentSetSize of job (KB)
...
006 (19535380.000.000) 2026-06-02 17:02:21 Image size of job updated: 167368
	164  -  MemoryUsage of job (MB)
	167368  -  ResidentSetSize of job (KB)
...
006 (19535380.000.000) 2026-06-02 17:07:21 Image size of job updated: 301068
	295  -  MemoryUsage of job (MB)
	301068  -  ResidentSetSize of job (KB)
...
006 (19535380.000.000) 2026-06-02 17:11:51 Image size of job updated: 456224
	295  -  MemoryUsage of job (MB)
	301068  -  ResidentSetSize of job (KB)
...
005 (19535380.000.000) 2026-06-02 17:11:51 Job terminated.
	(1) Normal termination (return value 0)
		Usr 0 00:18:43, Sys 0 00:00:13  -  Run Remote Usage
		Usr 0 00:00:00, Sys 0 00:00:00  -  Run Local Usage
		Usr 0 00:18:43, Sys 0 00:00:13  -  Total Remote Usage
		Usr 0 00:00:00, Sys 0 00:00:00  -  Total Local Usage
	0  -  Run Bytes Sent By Job
	0  -  Run Bytes Received By Job
	0  -  Total Bytes Sent By Job
	0  -  Total Bytes Received By Job
	Partitionable Resources :    Usage  Request Allocated 
	   admin_mutex_1         :                           0 
	   admin_mutex_2         :                           0 
	   admin_mutex_3         :                           0 
	   Cpus                  :     0.97        1         1 
	   Disk (KB)             :    10        2048      5480 
	   GPUs                  :                           0 
	   machine_token         :                           0 
	   Memory (MB)           :   295        6000      6016 
	   TimeExecute (s)       :  1184                       
	   TimeSlotBusy (s)      :  1185                       

	Job terminated of its own accord at 2026-06-02T22:11:51Z with exit-code 0.
...
