000 (19536751.000.000) 2026-06-02 15:57:08 Job submitted from host: <10.128.10.103:9618?addrs=10.128.10.103-9618&alias=npx-submitter.icecube.wisc.edu&noUDP&sock=schedd_2449_6386>
    DAG Node: Drootprod_20190913_17799
...
001 (19536751.000.000) 2026-06-02 17:25:47 Job executing on host: <10.128.10.192:35633?addrs=10.128.10.192-35633&alias=n-smepyc-05.icecube.wisc.edu>
	SlotName: slot1_59@n-smepyc-05.icecube.wisc.edu
	admin_mutex_1 = 0
	admin_mutex_2 = 0
	admin_mutex_3 = 0
	CondorScratchDir = "/scratch/condor/dir_390421"
	Cpus = 1
	Disk = 3072
	GPUs = 0
	machine_token = 0
	Memory = 6016
...
006 (19536751.000.000) 2026-06-02 17:26:01 Image size of job updated: 121544
	119  -  MemoryUsage of job (MB)
	121544  -  ResidentSetSize of job (KB)
...
006 (19536751.000.000) 2026-06-02 17:31:01 Image size of job updated: 168628
	165  -  MemoryUsage of job (MB)
	168628  -  ResidentSetSize of job (KB)
...
006 (19536751.000.000) 2026-06-02 17:34:30 Image size of job updated: 321436
	165  -  MemoryUsage of job (MB)
	168628  -  ResidentSetSize of job (KB)
...
005 (19536751.000.000) 2026-06-02 17:34:30 Job terminated.
	(1) Normal termination (return value 0)
		Usr 0 00:08:09, Sys 0 00:00:08  -  Run Remote Usage
		Usr 0 00:00:00, Sys 0 00:00:00  -  Run Local Usage
		Usr 0 00:08:09, Sys 0 00:00:08  -  Total Remote Usage
		Usr 0 00:00:00, Sys 0 00:00:00  -  Total Local Usage
	0  -  Run Bytes Sent By Job
	0  -  Run Bytes Received By Job
	0  -  Total Bytes Sent By Job
	0  -  Total Bytes Received By Job
	Partitionable Resources :    Usage  Request Allocated 
	   admin_mutex_1         :                           0 
	   admin_mutex_2         :                           0 
	   admin_mutex_3         :                           0 
	   Cpus                  :     0.97        1         1 
	   Disk (KB)             :    12        2048      3072 
	   GPUs                  :                           0 
	   machine_token         :                           0 
	   Memory (MB)           :   165        6000      6016 
	   TimeExecute (s)       :   523                       
	   TimeSlotBusy (s)      :   523                       

	Job terminated of its own accord at 2026-06-02T22:34:30Z with exit-code 0.
...
