000 (19533857.000.000) 2026-06-02 15:51:17 Job submitted from host: <10.128.10.103:9618?addrs=10.128.10.103-9618&alias=npx-submitter.icecube.wisc.edu&noUDP&sock=schedd_2449_6386>
    DAG Node: Drootprod_20190312_21640
...
001 (19533857.000.000) 2026-06-02 16:21:19 Job executing on host: <10.128.10.187:34023?addrs=10.128.10.187-34023&alias=n-smepyc-00.icecube.wisc.edu>
	SlotName: slot1_49@n-smepyc-00.icecube.wisc.edu
	admin_mutex_1 = 0
	admin_mutex_2 = 0
	admin_mutex_3 = 0
	CondorScratchDir = "/scratch/condor/dir_1740424"
	Cpus = 1
	Disk = 3072
	GPUs = 0
	machine_token = 0
	Memory = 6016
...
006 (19533857.000.000) 2026-06-02 16:21:33 Image size of job updated: 121832
	119  -  MemoryUsage of job (MB)
	121832  -  ResidentSetSize of job (KB)
...
006 (19533857.000.000) 2026-06-02 16:26:34 Image size of job updated: 158452
	155  -  MemoryUsage of job (MB)
	158452  -  ResidentSetSize of job (KB)
...
006 (19533857.000.000) 2026-06-02 16:31:35 Image size of job updated: 309936
	303  -  MemoryUsage of job (MB)
	309936  -  ResidentSetSize of job (KB)
...
006 (19533857.000.000) 2026-06-02 16:31:57 Image size of job updated: 312572
	303  -  MemoryUsage of job (MB)
	309936  -  ResidentSetSize of job (KB)
...
005 (19533857.000.000) 2026-06-02 16:31:57 Job terminated.
	(1) Normal termination (return value 0)
		Usr 0 00:09:48, Sys 0 00:00:08  -  Run Remote Usage
		Usr 0 00:00:00, Sys 0 00:00:00  -  Run Local Usage
		Usr 0 00:09:48, Sys 0 00:00:08  -  Total Remote Usage
		Usr 0 00:00:00, Sys 0 00:00:00  -  Total Local Usage
	0  -  Run Bytes Sent By Job
	0  -  Run Bytes Received By Job
	0  -  Total Bytes Sent By Job
	0  -  Total Bytes Received By Job
	Partitionable Resources :    Usage  Request Allocated 
	   admin_mutex_1         :                           0 
	   admin_mutex_2         :                           0 
	   admin_mutex_3         :                           0 
	   Cpus                  :     0.98        1         1 
	   Disk (KB)             :    12        2048      3072 
	   GPUs                  :                           0 
	   machine_token         :                           0 
	   Memory (MB)           :   303        6000      6016 
	   TimeExecute (s)       :   638                       
	   TimeSlotBusy (s)      :   638                       

	Job terminated of its own accord at 2026-06-02T21:31:57Z with exit-code 0.
...
