000 (19535221.000.000) 2026-06-02 15:53:52 Job submitted from host: <10.128.10.103:9618?addrs=10.128.10.103-9618&alias=npx-submitter.icecube.wisc.edu&noUDP&sock=schedd_2449_6386>
    DAG Node: Drootprod_20190601_99495
...
001 (19535221.000.000) 2026-06-02 16:48:39 Job executing on host: <10.128.11.105:41125?addrs=10.128.11.105-41125&alias=n-r720-46.icecube.wisc.edu>
	SlotName: slot1_19@n-r720-46.icecube.wisc.edu
	admin_mutex_1 = 0
	admin_mutex_2 = 0
	admin_mutex_3 = 0
	CondorScratchDir = "/scratch/condor/dir_3326464"
	Cpus = 1
	Disk = 3717
	GPUs = 0
	machine_token = 0
	Memory = 6016
...
006 (19535221.000.000) 2026-06-02 16:48:52 Image size of job updated: 119600
	117  -  MemoryUsage of job (MB)
	119600  -  ResidentSetSize of job (KB)
...
006 (19535221.000.000) 2026-06-02 16:53:52 Image size of job updated: 150328
	147  -  MemoryUsage of job (MB)
	150328  -  ResidentSetSize of job (KB)
...
006 (19535221.000.000) 2026-06-02 16:58:53 Image size of job updated: 176028
	172  -  MemoryUsage of job (MB)
	176028  -  ResidentSetSize of job (KB)
...
006 (19535221.000.000) 2026-06-02 17:03:54 Image size of job updated: 310396
	304  -  MemoryUsage of job (MB)
	310396  -  ResidentSetSize of job (KB)
...
006 (19535221.000.000) 2026-06-02 17:04:24 Image size of job updated: 312764
	304  -  MemoryUsage of job (MB)
	310396  -  ResidentSetSize of job (KB)
...
005 (19535221.000.000) 2026-06-02 17:04:24 Job terminated.
	(1) Normal termination (return value 0)
		Usr 0 00:14:46, Sys 0 00:00:11  -  Run Remote Usage
		Usr 0 00:00:00, Sys 0 00:00:00  -  Run Local Usage
		Usr 0 00:14:46, Sys 0 00:00:11  -  Total Remote Usage
		Usr 0 00:00:00, Sys 0 00:00:00  -  Total Local Usage
	0  -  Run Bytes Sent By Job
	0  -  Run Bytes Received By Job
	0  -  Total Bytes Sent By Job
	0  -  Total Bytes Received By Job
	Partitionable Resources :    Usage  Request Allocated 
	   admin_mutex_1         :                           0 
	   admin_mutex_2         :                           0 
	   admin_mutex_3         :                           0 
	   Cpus                  :     0.98        1         1 
	   Disk (KB)             :    10        2048      3717 
	   GPUs                  :                           0 
	   machine_token         :                           0 
	   Memory (MB)           :   304        6000      6016 
	   TimeExecute (s)       :   945                       
	   TimeSlotBusy (s)      :   945                       

	Job terminated of its own accord at 2026-06-02T22:04:24Z with exit-code 0.
...
