000 (19537780.000.000) 2026-06-02 15:59:58 Job submitted from host: <10.128.10.103:9618?addrs=10.128.10.103-9618&alias=npx-submitter.icecube.wisc.edu&noUDP&sock=schedd_2449_6386>
    DAG Node: Drootprod_20191215_93301
...
001 (19537780.000.000) 2026-06-02 17:41:40 Job executing on host: <10.128.11.110:33229?addrs=10.128.11.110-33229&alias=n-r720-51.icecube.wisc.edu>
	SlotName: slot1_15@n-r720-51.icecube.wisc.edu
	admin_mutex_1 = 0
	admin_mutex_2 = 0
	admin_mutex_3 = 0
	CondorScratchDir = "/scratch/condor/dir_1689573"
	Cpus = 1
	Disk = 3717
	GPUs = 0
	machine_token = 0
	Memory = 6016
...
006 (19537780.000.000) 2026-06-02 17:41:53 Image size of job updated: 119792
	117  -  MemoryUsage of job (MB)
	119792  -  ResidentSetSize of job (KB)
...
006 (19537780.000.000) 2026-06-02 17:46:53 Image size of job updated: 150044
	147  -  MemoryUsage of job (MB)
	150044  -  ResidentSetSize of job (KB)
...
006 (19537780.000.000) 2026-06-02 17:51:54 Image size of job updated: 168588
	165  -  MemoryUsage of job (MB)
	168588  -  ResidentSetSize of job (KB)
...
006 (19537780.000.000) 2026-06-02 17:56:55 Image size of job updated: 301216
	295  -  MemoryUsage of job (MB)
	301216  -  ResidentSetSize of job (KB)
...
006 (19537780.000.000) 2026-06-02 17:57:09 Image size of job updated: 302004
	295  -  MemoryUsage of job (MB)
	301216  -  ResidentSetSize of job (KB)
...
005 (19537780.000.000) 2026-06-02 17:57:09 Job terminated.
	(1) Normal termination (return value 0)
		Usr 0 00:14:32, Sys 0 00:00:13  -  Run Remote Usage
		Usr 0 00:00:00, Sys 0 00:00:00  -  Run Local Usage
		Usr 0 00:14:32, Sys 0 00:00:13  -  Total Remote Usage
		Usr 0 00:00:00, Sys 0 00:00:00  -  Total Local Usage
	0  -  Run Bytes Sent By Job
	0  -  Run Bytes Received By Job
	0  -  Total Bytes Sent By Job
	0  -  Total Bytes Received By Job
	Partitionable Resources :    Usage  Request Allocated 
	   admin_mutex_1         :                           0 
	   admin_mutex_2         :                           0 
	   admin_mutex_3         :                           0 
	   Cpus                  :     0.95        1         1 
	   Disk (KB)             :    15        2048      3717 
	   GPUs                  :                           0 
	   machine_token         :                           0 
	   Memory (MB)           :   295        6000      6016 
	   TimeExecute (s)       :   929                       
	   TimeSlotBusy (s)      :   929                       

	Job terminated of its own accord at 2026-06-02T22:57:09Z with exit-code 0.
...
