000 (19533001.000.000) 2026-06-02 15:49:22 Job submitted from host: <10.128.10.103:9618?addrs=10.128.10.103-9618&alias=npx-submitter.icecube.wisc.edu&noUDP&sock=schedd_2449_6386>
    DAG Node: Drootprod_20190107_17389
...
001 (19533001.000.000) 2026-06-02 15:58:53 Job executing on host: <10.128.10.117:43719?addrs=10.128.10.117-43719&alias=n-gibyte-02.icecube.wisc.edu>
	SlotName: slot1_455@n-gibyte-02.icecube.wisc.edu
	admin_mutex_1 = 0
	admin_mutex_2 = 0
	admin_mutex_3 = 0
	CondorScratchDir = "/scratch/condor/dir_3334062"
	Cpus = 1
	Disk = 5480
	GPUs = 0
	machine_token = 0
	Memory = 6016
...
006 (19533001.000.000) 2026-06-02 15:59:06 Image size of job updated: 117932
	116  -  MemoryUsage of job (MB)
	117932  -  ResidentSetSize of job (KB)
...
006 (19533001.000.000) 2026-06-02 16:04:06 Image size of job updated: 139612
	137  -  MemoryUsage of job (MB)
	139612  -  ResidentSetSize of job (KB)
...
006 (19533001.000.000) 2026-06-02 16:09:07 Image size of job updated: 157108
	154  -  MemoryUsage of job (MB)
	157108  -  ResidentSetSize of job (KB)
...
006 (19533001.000.000) 2026-06-02 16:14:07 Image size of job updated: 175560
	172  -  MemoryUsage of job (MB)
	175560  -  ResidentSetSize of job (KB)
...
006 (19533001.000.000) 2026-06-02 16:19:07 Image size of job updated: 302552
	296  -  MemoryUsage of job (MB)
	302552  -  ResidentSetSize of job (KB)
...
006 (19533001.000.000) 2026-06-02 16:22:28 Image size of job updated: 316344
	296  -  MemoryUsage of job (MB)
	302552  -  ResidentSetSize of job (KB)
...
005 (19533001.000.000) 2026-06-02 16:22:28 Job terminated.
	(1) Normal termination (return value 0)
		Usr 0 00:22:05, Sys 0 00:00:13  -  Run Remote Usage
		Usr 0 00:00:00, Sys 0 00:00:00  -  Run Local Usage
		Usr 0 00:22:05, Sys 0 00:00:13  -  Total Remote Usage
		Usr 0 00:00:00, Sys 0 00:00:00  -  Total Local Usage
	0  -  Run Bytes Sent By Job
	0  -  Run Bytes Received By Job
	0  -  Total Bytes Sent By Job
	0  -  Total Bytes Received By Job
	Partitionable Resources :    Usage  Request Allocated 
	   admin_mutex_1         :                           0 
	   admin_mutex_2         :                           0 
	   admin_mutex_3         :                           0 
	   Cpus                  :     0.94        1         1 
	   Disk (KB)             :    15        2048      5480 
	   GPUs                  :                           0 
	   machine_token         :                           0 
	   Memory (MB)           :   296        6000      6016 
	   TimeExecute (s)       :  1415                       
	   TimeSlotBusy (s)      :  1416                       

	Job terminated of its own accord at 2026-06-02T21:22:28Z with exit-code 0.
...
