000 (19533742.000.000) 2026-06-02 15:51:02 Job submitted from host: <10.128.10.103:9618?addrs=10.128.10.103-9618&alias=npx-submitter.icecube.wisc.edu&noUDP&sock=schedd_2449_6386>
    DAG Node: Drootprod_20190302_30584
...
001 (19533742.000.000) 2026-06-02 16:20:00 Job executing on host: <10.128.10.117:43719?addrs=10.128.10.117-43719&alias=n-gibyte-02.icecube.wisc.edu>
	SlotName: slot1_477@n-gibyte-02.icecube.wisc.edu
	admin_mutex_1 = 0
	admin_mutex_2 = 0
	admin_mutex_3 = 0
	CondorScratchDir = "/scratch/condor/dir_3411893"
	Cpus = 1
	Disk = 5480
	GPUs = 0
	machine_token = 0
	Memory = 6016
...
006 (19533742.000.000) 2026-06-02 16:20:14 Image size of job updated: 118240
	116  -  MemoryUsage of job (MB)
	118240  -  ResidentSetSize of job (KB)
...
006 (19533742.000.000) 2026-06-02 16:25:15 Image size of job updated: 145600
	143  -  MemoryUsage of job (MB)
	145600  -  ResidentSetSize of job (KB)
...
006 (19533742.000.000) 2026-06-02 16:30:15 Image size of job updated: 166120
	163  -  MemoryUsage of job (MB)
	166120  -  ResidentSetSize of job (KB)
...
006 (19533742.000.000) 2026-06-02 16:35:16 Image size of job updated: 299796
	293  -  MemoryUsage of job (MB)
	299796  -  ResidentSetSize of job (KB)
...
006 (19533742.000.000) 2026-06-02 16:38:40 Image size of job updated: 312464
	293  -  MemoryUsage of job (MB)
	299796  -  ResidentSetSize of job (KB)
...
005 (19533742.000.000) 2026-06-02 16:38:40 Job terminated.
	(1) Normal termination (return value 0)
		Usr 0 00:17:18, Sys 0 00:00:12  -  Run Remote Usage
		Usr 0 00:00:00, Sys 0 00:00:00  -  Run Local Usage
		Usr 0 00:17:18, Sys 0 00:00:12  -  Total Remote Usage
		Usr 0 00:00:00, Sys 0 00:00:00  -  Total Local Usage
	0  -  Run Bytes Sent By Job
	0  -  Run Bytes Received By Job
	0  -  Total Bytes Sent By Job
	0  -  Total Bytes Received By Job
	Partitionable Resources :    Usage  Request Allocated 
	   admin_mutex_1         :                           0 
	   admin_mutex_2         :                           0 
	   admin_mutex_3         :                           0 
	   Cpus                  :     0.98        1         1 
	   Disk (KB)             :    15        2048      5480 
	   GPUs                  :                           0 
	   machine_token         :                           0 
	   Memory (MB)           :   293        6000      6016 
	   TimeExecute (s)       :  1120                       
	   TimeSlotBusy (s)      :  1120                       

	Job terminated of its own accord at 2026-06-02T21:38:40Z with exit-code 0.
...
