000 (19537813.000.000) 2026-06-02 16:00:06 Job submitted from host: <10.128.10.103:9618?addrs=10.128.10.103-9618&alias=npx-submitter.icecube.wisc.edu&noUDP&sock=schedd_2449_6386>
    DAG Node: Drootprod_20191218_84066
...
001 (19537813.000.000) 2026-06-02 17:41:49 Job executing on host: <10.128.10.192:35633?addrs=10.128.10.192-35633&alias=n-smepyc-05.icecube.wisc.edu>
	SlotName: slot1_73@n-smepyc-05.icecube.wisc.edu
	admin_mutex_1 = 0
	admin_mutex_2 = 0
	admin_mutex_3 = 0
	CondorScratchDir = "/scratch/condor/dir_451929"
	Cpus = 1
	Disk = 3072
	GPUs = 0
	machine_token = 0
	Memory = 6016
...
006 (19537813.000.000) 2026-06-02 17:42:02 Image size of job updated: 119696
	117  -  MemoryUsage of job (MB)
	119696  -  ResidentSetSize of job (KB)
...
006 (19537813.000.000) 2026-06-02 17:47:02 Image size of job updated: 160612
	157  -  MemoryUsage of job (MB)
	160612  -  ResidentSetSize of job (KB)
...
006 (19537813.000.000) 2026-06-02 17:51:05 Image size of job updated: 301384
	157  -  MemoryUsage of job (MB)
	160612  -  ResidentSetSize of job (KB)
...
005 (19537813.000.000) 2026-06-02 17:51:05 Job terminated.
	(1) Normal termination (return value 0)
		Usr 0 00:08:44, Sys 0 00:00:07  -  Run Remote Usage
		Usr 0 00:00:00, Sys 0 00:00:00  -  Run Local Usage
		Usr 0 00:08:44, Sys 0 00:00:07  -  Total Remote Usage
		Usr 0 00:00:00, Sys 0 00:00:00  -  Total Local Usage
	0  -  Run Bytes Sent By Job
	0  -  Run Bytes Received By Job
	0  -  Total Bytes Sent By Job
	0  -  Total Bytes Received By Job
	Partitionable Resources :    Usage  Request Allocated 
	   admin_mutex_1         :                           0 
	   admin_mutex_2         :                           0 
	   admin_mutex_3         :                           0 
	   Cpus                  :     0.97        1         1 
	   Disk (KB)             :    15        2048      3072 
	   GPUs                  :                           0 
	   machine_token         :                           0 
	   Memory (MB)           :   157        6000      6016 
	   TimeExecute (s)       :   556                       
	   TimeSlotBusy (s)      :   557                       

	Job terminated of its own accord at 2026-06-02T22:51:05Z with exit-code 0.
...
