000 (19533236.000.000) 2026-06-02 15:49:56 Job submitted from host: <10.128.10.103:9618?addrs=10.128.10.103-9618&alias=npx-submitter.icecube.wisc.edu&noUDP&sock=schedd_2449_6386>
    DAG Node: Drootprod_20190126_44740
...
001 (19533236.000.000) 2026-06-02 16:09:36 Job executing on host: <10.128.11.104:41225?addrs=10.128.11.104-41225&alias=n-r720-45.icecube.wisc.edu>
	SlotName: slot1_5@n-r720-45.icecube.wisc.edu
	admin_mutex_1 = 0
	admin_mutex_2 = 0
	admin_mutex_3 = 0
	CondorScratchDir = "/scratch/condor/dir_1003171"
	Cpus = 1
	Disk = 3717
	GPUs = 0
	machine_token = 0
	Memory = 6016
...
006 (19533236.000.000) 2026-06-02 16:09:49 Image size of job updated: 118336
	116  -  MemoryUsage of job (MB)
	118336  -  ResidentSetSize of job (KB)
...
006 (19533236.000.000) 2026-06-02 16:14:49 Image size of job updated: 149656
	147  -  MemoryUsage of job (MB)
	149656  -  ResidentSetSize of job (KB)
...
006 (19533236.000.000) 2026-06-02 16:19:50 Image size of job updated: 172292
	169  -  MemoryUsage of job (MB)
	172292  -  ResidentSetSize of job (KB)
...
006 (19533236.000.000) 2026-06-02 16:24:50 Image size of job updated: 308460
	302  -  MemoryUsage of job (MB)
	308460  -  ResidentSetSize of job (KB)
...
006 (19533236.000.000) 2026-06-02 16:26:28 Image size of job updated: 319360
	302  -  MemoryUsage of job (MB)
	308460  -  ResidentSetSize of job (KB)
...
005 (19533236.000.000) 2026-06-02 16:26:28 Job terminated.
	(1) Normal termination (return value 0)
		Usr 0 00:15:38, Sys 0 00:00:10  -  Run Remote Usage
		Usr 0 00:00:00, Sys 0 00:00:00  -  Run Local Usage
		Usr 0 00:15:38, Sys 0 00:00:10  -  Total Remote Usage
		Usr 0 00:00:00, Sys 0 00:00:00  -  Total Local Usage
	0  -  Run Bytes Sent By Job
	0  -  Run Bytes Received By Job
	0  -  Total Bytes Sent By Job
	0  -  Total Bytes Received By Job
	Partitionable Resources :    Usage  Request Allocated 
	   admin_mutex_1         :                           0 
	   admin_mutex_2         :                           0 
	   admin_mutex_3         :                           0 
	   Cpus                  :     0.92        1         1 
	   Disk (KB)             :    15        2048      3717 
	   GPUs                  :                           0 
	   machine_token         :                           0 
	   Memory (MB)           :   302        6000      6016 
	   TimeExecute (s)       :  1012                       
	   TimeSlotBusy (s)      :  1012                       

	Job terminated of its own accord at 2026-06-02T21:26:28Z with exit-code 0.
...
