000 (19536428.000.000) 2026-06-02 15:56:28 Job submitted from host: <10.128.10.103:9618?addrs=10.128.10.103-9618&alias=npx-submitter.icecube.wisc.edu&noUDP&sock=schedd_2449_6386>
    DAG Node: Drootprod_20190824_70495
...
001 (19536428.000.000) 2026-06-02 17:20:28 Job executing on host: <10.128.10.117:43719?addrs=10.128.10.117-43719&alias=n-gibyte-02.icecube.wisc.edu>
	SlotName: slot1_6@n-gibyte-02.icecube.wisc.edu
	admin_mutex_1 = 0
	admin_mutex_2 = 0
	admin_mutex_3 = 0
	CondorScratchDir = "/scratch/condor/dir_3665236"
	Cpus = 1
	Disk = 5480
	GPUs = 0
	machine_token = 0
	Memory = 6016
...
006 (19536428.000.000) 2026-06-02 17:20:41 Image size of job updated: 117892
	116  -  MemoryUsage of job (MB)
	117892  -  ResidentSetSize of job (KB)
...
006 (19536428.000.000) 2026-06-02 17:25:41 Image size of job updated: 139820
	137  -  MemoryUsage of job (MB)
	139820  -  ResidentSetSize of job (KB)
...
006 (19536428.000.000) 2026-06-02 17:30:42 Image size of job updated: 158448
	155  -  MemoryUsage of job (MB)
	158448  -  ResidentSetSize of job (KB)
...
006 (19536428.000.000) 2026-06-02 17:35:43 Image size of job updated: 177996
	174  -  MemoryUsage of job (MB)
	177996  -  ResidentSetSize of job (KB)
...
006 (19536428.000.000) 2026-06-02 17:40:43 Image size of job updated: 307520
	301  -  MemoryUsage of job (MB)
	307520  -  ResidentSetSize of job (KB)
...
006 (19536428.000.000) 2026-06-02 17:42:46 Image size of job updated: 317108
	301  -  MemoryUsage of job (MB)
	307520  -  ResidentSetSize of job (KB)
...
005 (19536428.000.000) 2026-06-02 17:42:46 Job terminated.
	(1) Normal termination (return value 0)
		Usr 0 00:21:25, Sys 0 00:00:12  -  Run Remote Usage
		Usr 0 00:00:00, Sys 0 00:00:00  -  Run Local Usage
		Usr 0 00:21:25, Sys 0 00:00:12  -  Total Remote Usage
		Usr 0 00:00:00, Sys 0 00:00:00  -  Total Local Usage
	0  -  Run Bytes Sent By Job
	0  -  Run Bytes Received By Job
	0  -  Total Bytes Sent By Job
	0  -  Total Bytes Received By Job
	Partitionable Resources :    Usage  Request Allocated 
	   admin_mutex_1         :                           0 
	   admin_mutex_2         :                           0 
	   admin_mutex_3         :                           0 
	   Cpus                  :     0.96        1         1 
	   Disk (KB)             :    10        2048      5480 
	   GPUs                  :                           0 
	   machine_token         :                           0 
	   Memory (MB)           :   301        6000      6016 
	   TimeExecute (s)       :  1338                       
	   TimeSlotBusy (s)      :  1339                       

	Job terminated of its own accord at 2026-06-02T22:42:46Z with exit-code 0.
...
