000 (19535470.000.000) 2026-06-02 15:54:26 Job submitted from host: <10.128.10.103:9618?addrs=10.128.10.103-9618&alias=npx-submitter.icecube.wisc.edu&noUDP&sock=schedd_2449_6386>
    DAG Node: Drootprod_20190620_40691
...
001 (19535470.000.000) 2026-06-02 16:53:57 Job executing on host: <10.128.10.189:44027?addrs=10.128.10.189-44027&alias=n-smepyc-02.icecube.wisc.edu>
	SlotName: slot1_71@n-smepyc-02.icecube.wisc.edu
	admin_mutex_1 = 0
	admin_mutex_2 = 0
	admin_mutex_3 = 0
	CondorScratchDir = "/scratch/condor/dir_469168"
	Cpus = 1
	Disk = 3072
	GPUs = 0
	machine_token = 0
	Memory = 6016
...
006 (19535470.000.000) 2026-06-02 16:54:10 Image size of job updated: 122572
	120  -  MemoryUsage of job (MB)
	122572  -  ResidentSetSize of job (KB)
...
006 (19535470.000.000) 2026-06-02 16:59:11 Image size of job updated: 172076
	169  -  MemoryUsage of job (MB)
	172076  -  ResidentSetSize of job (KB)
...
006 (19535470.000.000) 2026-06-02 16:59:53 Image size of job updated: 196612
	169  -  MemoryUsage of job (MB)
	172076  -  ResidentSetSize of job (KB)
...
005 (19535470.000.000) 2026-06-02 16:59:53 Job terminated.
	(1) Normal termination (return value 0)
		Usr 0 00:05:34, Sys 0 00:00:05  -  Run Remote Usage
		Usr 0 00:00:00, Sys 0 00:00:00  -  Run Local Usage
		Usr 0 00:05:34, Sys 0 00:00:05  -  Total Remote Usage
		Usr 0 00:00:00, Sys 0 00:00:00  -  Total Local Usage
	0  -  Run Bytes Sent By Job
	0  -  Run Bytes Received By Job
	0  -  Total Bytes Sent By Job
	0  -  Total Bytes Received By Job
	Partitionable Resources :    Usage  Request Allocated 
	   admin_mutex_1         :                           0 
	   admin_mutex_2         :                           0 
	   admin_mutex_3         :                           0 
	   Cpus                  :     0.96        1         1 
	   Disk (KB)             :    10        2048      3072 
	   GPUs                  :                           0 
	   machine_token         :                           0 
	   Memory (MB)           :   169        6000      6016 
	   TimeExecute (s)       :   356                       
	   TimeSlotBusy (s)      :   356                       

	Job terminated of its own accord at 2026-06-02T21:59:53Z with exit-code 0.
...
