000 (19536338.000.000) 2026-06-02 15:56:17 Job submitted from host: <10.128.10.103:9618?addrs=10.128.10.103-9618&alias=npx-submitter.icecube.wisc.edu&noUDP&sock=schedd_2449_6386>
    DAG Node: Drootprod_20190818_27284
...
001 (19536338.000.000) 2026-06-02 17:18:40 Job executing on host: <10.128.11.108:42175?addrs=10.128.11.108-42175&alias=n-r720-49.icecube.wisc.edu>
	SlotName: slot1_7@n-r720-49.icecube.wisc.edu
	admin_mutex_1 = 0
	admin_mutex_2 = 0
	admin_mutex_3 = 0
	CondorScratchDir = "/scratch/condor/dir_781811"
	Cpus = 1
	Disk = 3717
	GPUs = 0
	machine_token = 0
	Memory = 6016
...
006 (19536338.000.000) 2026-06-02 17:18:54 Image size of job updated: 120436
	118  -  MemoryUsage of job (MB)
	120436  -  ResidentSetSize of job (KB)
...
006 (19536338.000.000) 2026-06-02 17:23:55 Image size of job updated: 149516
	147  -  MemoryUsage of job (MB)
	149516  -  ResidentSetSize of job (KB)
...
006 (19536338.000.000) 2026-06-02 17:28:55 Image size of job updated: 171804
	168  -  MemoryUsage of job (MB)
	171804  -  ResidentSetSize of job (KB)
...
006 (19536338.000.000) 2026-06-02 17:33:56 Image size of job updated: 307644
	301  -  MemoryUsage of job (MB)
	307644  -  ResidentSetSize of job (KB)
...
006 (19536338.000.000) 2026-06-02 17:35:17 Image size of job updated: 316276
	301  -  MemoryUsage of job (MB)
	307644  -  ResidentSetSize of job (KB)
...
005 (19536338.000.000) 2026-06-02 17:35:17 Job terminated.
	(1) Normal termination (return value 0)
		Usr 0 00:15:56, Sys 0 00:00:10  -  Run Remote Usage
		Usr 0 00:00:00, Sys 0 00:00:00  -  Run Local Usage
		Usr 0 00:15:56, Sys 0 00:00:10  -  Total Remote Usage
		Usr 0 00:00:00, Sys 0 00:00:00  -  Total Local Usage
	0  -  Run Bytes Sent By Job
	0  -  Run Bytes Received By Job
	0  -  Total Bytes Sent By Job
	0  -  Total Bytes Received By Job
	Partitionable Resources :    Usage  Request Allocated 
	   admin_mutex_1         :                           0 
	   admin_mutex_2         :                           0 
	   admin_mutex_3         :                           0 
	   Cpus                  :     0.94        1         1 
	   Disk (KB)             :    10        2048      3717 
	   GPUs                  :                           0 
	   machine_token         :                           0 
	   Memory (MB)           :   301        6000      6016 
	   TimeExecute (s)       :   997                       
	   TimeSlotBusy (s)      :   997                       

	Job terminated of its own accord at 2026-06-02T22:35:17Z with exit-code 0.
...
