000 (19537223.000.000) 2026-06-02 15:58:15 Job submitted from host: <10.128.10.103:9618?addrs=10.128.10.103-9618&alias=npx-submitter.icecube.wisc.edu&noUDP&sock=schedd_2449_6386>
    DAG Node: Drootprod_20191019_44562
...
001 (19537223.000.000) 2026-06-02 17:34:22 Job executing on host: <10.128.10.238:43797?addrs=10.128.10.238-43797&alias=n-gpu-42.icecube.wisc.edu>
	SlotName: slot1_26@n-gpu-42.icecube.wisc.edu
	admin_mutex_1 = 0
	admin_mutex_2 = 0
	admin_mutex_3 = 0
	AvailableGPUs = {  }
	CondorScratchDir = "/scratch/condor/dir_2306326"
	Cpus = 1
	Disk = 3072
	GPUs = 0
	machine_token = 0
	Memory = 6016
...
006 (19537223.000.000) 2026-06-02 17:34:35 Image size of job updated: 119720
	117  -  MemoryUsage of job (MB)
	119720  -  ResidentSetSize of job (KB)
...
006 (19537223.000.000) 2026-06-02 17:39:35 Image size of job updated: 155088
	152  -  MemoryUsage of job (MB)
	155088  -  ResidentSetSize of job (KB)
...
006 (19537223.000.000) 2026-06-02 17:44:36 Image size of job updated: 295748
	289  -  MemoryUsage of job (MB)
	295748  -  ResidentSetSize of job (KB)
...
006 (19537223.000.000) 2026-06-02 17:45:58 Image size of job updated: 304020
	289  -  MemoryUsage of job (MB)
	295748  -  ResidentSetSize of job (KB)
...
005 (19537223.000.000) 2026-06-02 17:45:58 Job terminated.
	(1) Normal termination (return value 0)
		Usr 0 00:10:54, Sys 0 00:00:10  -  Run Remote Usage
		Usr 0 00:00:00, Sys 0 00:00:00  -  Run Local Usage
		Usr 0 00:10:54, Sys 0 00:00:10  -  Total Remote Usage
		Usr 0 00:00:00, Sys 0 00:00:00  -  Total Local Usage
	0  -  Run Bytes Sent By Job
	0  -  Run Bytes Received By Job
	0  -  Total Bytes Sent By Job
	0  -  Total Bytes Received By Job
	Partitionable Resources :    Usage  Request Allocated 
	   admin_mutex_1         :                           0 
	   admin_mutex_2         :                           0 
	   admin_mutex_3         :                           0 
	   Cpus                  :     0.94        1         1 
	   Disk (KB)             :    12        2048      3072 
	   GPUs                  :                           0 
	   machine_token         :                           0 
	   Memory (MB)           :   289        6000      6016 
	   TimeExecute (s)       :   696                       
	   TimeSlotBusy (s)      :   697                       

	Job terminated of its own accord at 2026-06-02T22:45:58Z with exit-code 0.
...
