000 (19533864.000.000) 2026-06-02 15:51:18 Job submitted from host: <10.128.10.103:9618?addrs=10.128.10.103-9618&alias=npx-submitter.icecube.wisc.edu&noUDP&sock=schedd_2449_6386>
    DAG Node: Drootprod_20190313_8558
...
001 (19533864.000.000) 2026-06-02 16:21:52 Job executing on host: <10.128.10.191:42321?addrs=10.128.10.191-42321&alias=n-smepyc-04.icecube.wisc.edu>
	SlotName: slot1_78@n-smepyc-04.icecube.wisc.edu
	admin_mutex_1 = 0
	admin_mutex_2 = 0
	admin_mutex_3 = 0
	CondorScratchDir = "/scratch/condor/dir_114612"
	Cpus = 1
	Disk = 3072
	GPUs = 0
	machine_token = 0
	Memory = 6016
...
006 (19533864.000.000) 2026-06-02 16:22:06 Image size of job updated: 122420
	120  -  MemoryUsage of job (MB)
	122420  -  ResidentSetSize of job (KB)
...
006 (19533864.000.000) 2026-06-02 16:27:07 Image size of job updated: 169048
	166  -  MemoryUsage of job (MB)
	169048  -  ResidentSetSize of job (KB)
...
006 (19533864.000.000) 2026-06-02 16:30:52 Image size of job updated: 314000
	166  -  MemoryUsage of job (MB)
	169048  -  ResidentSetSize of job (KB)
...
005 (19533864.000.000) 2026-06-02 16:30:52 Job terminated.
	(1) Normal termination (return value 0)
		Usr 0 00:07:58, Sys 0 00:00:08  -  Run Remote Usage
		Usr 0 00:00:00, Sys 0 00:00:00  -  Run Local Usage
		Usr 0 00:07:58, Sys 0 00:00:08  -  Total Remote Usage
		Usr 0 00:00:00, Sys 0 00:00:00  -  Total Local Usage
	0  -  Run Bytes Sent By Job
	0  -  Run Bytes Received By Job
	0  -  Total Bytes Sent By Job
	0  -  Total Bytes Received By Job
	Partitionable Resources :    Usage  Request Allocated 
	   admin_mutex_1         :                           0 
	   admin_mutex_2         :                           0 
	   admin_mutex_3         :                           0 
	   Cpus                  :     0.94        1         1 
	   Disk (KB)             :    12        2048      3072 
	   GPUs                  :                           0 
	   machine_token         :                           0 
	   Memory (MB)           :   166        6000      6016 
	   TimeExecute (s)       :   540                       
	   TimeSlotBusy (s)      :   540                       

	Job terminated of its own accord at 2026-06-02T21:30:52Z with exit-code 0.
...
