000 (19536875.000.000) 2026-06-02 15:57:24 Job submitted from host: <10.128.10.103:9618?addrs=10.128.10.103-9618&alias=npx-submitter.icecube.wisc.edu&noUDP&sock=schedd_2449_6386>
    DAG Node: Drootprod_20190924_96663
...
001 (19536875.000.000) 2026-06-02 17:28:19 Job executing on host: <10.128.10.189:44027?addrs=10.128.10.189-44027&alias=n-smepyc-02.icecube.wisc.edu>
	SlotName: slot1_75@n-smepyc-02.icecube.wisc.edu
	admin_mutex_1 = 0
	admin_mutex_2 = 0
	admin_mutex_3 = 0
	CondorScratchDir = "/scratch/condor/dir_601416"
	Cpus = 1
	Disk = 3072
	GPUs = 0
	machine_token = 0
	Memory = 6016
...
006 (19536875.000.000) 2026-06-02 17:28:32 Image size of job updated: 122220
	120  -  MemoryUsage of job (MB)
	122220  -  ResidentSetSize of job (KB)
...
006 (19536875.000.000) 2026-06-02 17:33:32 Image size of job updated: 164428
	161  -  MemoryUsage of job (MB)
	164428  -  ResidentSetSize of job (KB)
...
006 (19536875.000.000) 2026-06-02 17:36:55 Image size of job updated: 309008
	161  -  MemoryUsage of job (MB)
	164428  -  ResidentSetSize of job (KB)
...
005 (19536875.000.000) 2026-06-02 17:36:55 Job terminated.
	(1) Normal termination (return value 0)
		Usr 0 00:08:09, Sys 0 00:00:07  -  Run Remote Usage
		Usr 0 00:00:00, Sys 0 00:00:00  -  Run Local Usage
		Usr 0 00:08:09, Sys 0 00:00:07  -  Total Remote Usage
		Usr 0 00:00:00, Sys 0 00:00:00  -  Total Local Usage
	0  -  Run Bytes Sent By Job
	0  -  Run Bytes Received By Job
	0  -  Total Bytes Sent By Job
	0  -  Total Bytes Received By Job
	Partitionable Resources :    Usage  Request Allocated 
	   admin_mutex_1         :                           0 
	   admin_mutex_2         :                           0 
	   admin_mutex_3         :                           0 
	   Cpus                  :     0.99        1         1 
	   Disk (KB)             :    10        2048      3072 
	   GPUs                  :                           0 
	   machine_token         :                           0 
	   Memory (MB)           :   161        6000      6016 
	   TimeExecute (s)       :   517                       
	   TimeSlotBusy (s)      :   517                       

	Job terminated of its own accord at 2026-06-02T22:36:55Z with exit-code 0.
...
