000 (19534505.000.000) 2026-06-02 15:52:32 Job submitted from host: <10.128.10.103:9618?addrs=10.128.10.103-9618&alias=npx-submitter.icecube.wisc.edu&noUDP&sock=schedd_2449_6386>
    DAG Node: Drootprod_20190420_95951
...
001 (19534505.000.000) 2026-06-02 16:35:35 Job executing on host: <10.128.10.189:44027?addrs=10.128.10.189-44027&alias=n-smepyc-02.icecube.wisc.edu>
	SlotName: slot1_20@n-smepyc-02.icecube.wisc.edu
	admin_mutex_1 = 0
	admin_mutex_2 = 0
	admin_mutex_3 = 0
	CondorScratchDir = "/scratch/condor/dir_398367"
	Cpus = 1
	Disk = 3072
	GPUs = 0
	machine_token = 0
	Memory = 6016
...
006 (19534505.000.000) 2026-06-02 16:35:49 Image size of job updated: 122124
	120  -  MemoryUsage of job (MB)
	122124  -  ResidentSetSize of job (KB)
...
006 (19534505.000.000) 2026-06-02 16:40:50 Image size of job updated: 174472
	171  -  MemoryUsage of job (MB)
	174472  -  ResidentSetSize of job (KB)
...
006 (19534505.000.000) 2026-06-02 16:43:08 Image size of job updated: 308332
	171  -  MemoryUsage of job (MB)
	174472  -  ResidentSetSize of job (KB)
...
005 (19534505.000.000) 2026-06-02 16:43:08 Job terminated.
	(1) Normal termination (return value 0)
		Usr 0 00:06:55, Sys 0 00:00:07  -  Run Remote Usage
		Usr 0 00:00:00, Sys 0 00:00:00  -  Run Local Usage
		Usr 0 00:06:55, Sys 0 00:00:07  -  Total Remote Usage
		Usr 0 00:00:00, Sys 0 00:00:00  -  Total Local Usage
	0  -  Run Bytes Sent By Job
	0  -  Run Bytes Received By Job
	0  -  Total Bytes Sent By Job
	0  -  Total Bytes Received By Job
	Partitionable Resources :    Usage  Request Allocated 
	   admin_mutex_1         :                           0 
	   admin_mutex_2         :                           0 
	   admin_mutex_3         :                           0 
	   Cpus                  :     1.00        1         1 
	   Disk (KB)             :    10        2048      3072 
	   GPUs                  :                           0 
	   machine_token         :                           0 
	   Memory (MB)           :   171        6000      6016 
	   TimeExecute (s)       :   453                       
	   TimeSlotBusy (s)      :   453                       

	Job terminated of its own accord at 2026-06-02T21:43:08Z with exit-code 0.
...
