000 (19535745.000.000) 2026-06-02 15:55:01 Job submitted from host: <10.128.10.103:9618?addrs=10.128.10.103-9618&alias=npx-submitter.icecube.wisc.edu&noUDP&sock=schedd_2449_6386>
    DAG Node: Drootprod_20190709_54235
...
001 (19535745.000.000) 2026-06-02 16:59:12 Job executing on host: <10.128.10.117:43719?addrs=10.128.10.117-43719&alias=n-gibyte-02.icecube.wisc.edu>
	SlotName: slot1_326@n-gibyte-02.icecube.wisc.edu
	admin_mutex_1 = 0
	admin_mutex_2 = 0
	admin_mutex_3 = 0
	CondorScratchDir = "/scratch/condor/dir_3573495"
	Cpus = 1
	Disk = 5480
	GPUs = 0
	machine_token = 0
	Memory = 6016
...
006 (19535745.000.000) 2026-06-02 16:59:25 Image size of job updated: 118420
	116  -  MemoryUsage of job (MB)
	118420  -  ResidentSetSize of job (KB)
...
006 (19535745.000.000) 2026-06-02 17:04:25 Image size of job updated: 141696
	139  -  MemoryUsage of job (MB)
	141696  -  ResidentSetSize of job (KB)
...
006 (19535745.000.000) 2026-06-02 17:09:26 Image size of job updated: 160928
	158  -  MemoryUsage of job (MB)
	160928  -  ResidentSetSize of job (KB)
...
006 (19535745.000.000) 2026-06-02 17:14:26 Image size of job updated: 178932
	175  -  MemoryUsage of job (MB)
	178932  -  ResidentSetSize of job (KB)
...
006 (19535745.000.000) 2026-06-02 17:18:54 Image size of job updated: 305508
	175  -  MemoryUsage of job (MB)
	178932  -  ResidentSetSize of job (KB)
...
005 (19535745.000.000) 2026-06-02 17:18:54 Job terminated.
	(1) Normal termination (return value 0)
		Usr 0 00:18:40, Sys 0 00:00:11  -  Run Remote Usage
		Usr 0 00:00:00, Sys 0 00:00:00  -  Run Local Usage
		Usr 0 00:18:40, Sys 0 00:00:11  -  Total Remote Usage
		Usr 0 00:00:00, Sys 0 00:00:00  -  Total Local Usage
	0  -  Run Bytes Sent By Job
	0  -  Run Bytes Received By Job
	0  -  Total Bytes Sent By Job
	0  -  Total Bytes Received By Job
	Partitionable Resources :    Usage  Request Allocated 
	   admin_mutex_1         :                           0 
	   admin_mutex_2         :                           0 
	   admin_mutex_3         :                           0 
	   Cpus                  :     0.98        1         1 
	   Disk (KB)             :    10        2048      5480 
	   GPUs                  :                           0 
	   machine_token         :                           0 
	   Memory (MB)           :   175        6000      6016 
	   TimeExecute (s)       :  1182                       
	   TimeSlotBusy (s)      :  1183                       

	Job terminated of its own accord at 2026-06-02T22:18:54Z with exit-code 0.
...
