000 (19533081.000.000) 2026-06-02 15:49:34 Job submitted from host: <10.128.10.103:9618?addrs=10.128.10.103-9618&alias=npx-submitter.icecube.wisc.edu&noUDP&sock=schedd_2449_6386>
    DAG Node: Drootprod_20190114_49491
...
001 (19533081.000.000) 2026-06-02 16:03:10 Job executing on host: <10.128.10.190:46289?addrs=10.128.10.190-46289&alias=n-smepyc-03.icecube.wisc.edu>
	SlotName: slot1_26@n-smepyc-03.icecube.wisc.edu
	admin_mutex_1 = 0
	admin_mutex_2 = 0
	admin_mutex_3 = 0
	CondorScratchDir = "/scratch/condor/dir_3511330"
	Cpus = 1
	Disk = 3072
	GPUs = 0
	machine_token = 0
	Memory = 6016
...
006 (19533081.000.000) 2026-06-02 16:03:24 Image size of job updated: 122412
	120  -  MemoryUsage of job (MB)
	122412  -  ResidentSetSize of job (KB)
...
006 (19533081.000.000) 2026-06-02 16:08:24 Image size of job updated: 171728
	168  -  MemoryUsage of job (MB)
	171728  -  ResidentSetSize of job (KB)
...
006 (19533081.000.000) 2026-06-02 16:11:19 Image size of job updated: 308560
	168  -  MemoryUsage of job (MB)
	171728  -  ResidentSetSize of job (KB)
...
005 (19533081.000.000) 2026-06-02 16:11:19 Job terminated.
	(1) Normal termination (return value 0)
		Usr 0 00:07:13, Sys 0 00:00:07  -  Run Remote Usage
		Usr 0 00:00:00, Sys 0 00:00:00  -  Run Local Usage
		Usr 0 00:07:13, Sys 0 00:00:07  -  Total Remote Usage
		Usr 0 00:00:00, Sys 0 00:00:00  -  Total Local Usage
	0  -  Run Bytes Sent By Job
	0  -  Run Bytes Received By Job
	0  -  Total Bytes Sent By Job
	0  -  Total Bytes Received By Job
	Partitionable Resources :    Usage  Request Allocated 
	   admin_mutex_1         :                           0 
	   admin_mutex_2         :                           0 
	   admin_mutex_3         :                           0 
	   Cpus                  :     1.00        1         1 
	   Disk (KB)             :    15        2048      3072 
	   GPUs                  :                           0 
	   machine_token         :                           0 
	   Memory (MB)           :   168        6000      6016 
	   TimeExecute (s)       :   489                       
	   TimeSlotBusy (s)      :   489                       

	Job terminated of its own accord at 2026-06-02T21:11:19Z with exit-code 0.
...
