000 (19535818.000.000) 2026-06-02 15:55:10 Job submitted from host: <10.128.10.103:9618?addrs=10.128.10.103-9618&alias=npx-submitter.icecube.wisc.edu&noUDP&sock=schedd_2449_6386>
    DAG Node: Drootprod_20190713_94030
...
001 (19535818.000.000) 2026-06-02 17:00:01 Job executing on host: <10.128.10.188:45333?addrs=10.128.10.188-45333&alias=n-smepyc-01.icecube.wisc.edu>
	SlotName: slot1_54@n-smepyc-01.icecube.wisc.edu
	admin_mutex_1 = 0
	admin_mutex_2 = 0
	admin_mutex_3 = 0
	CondorScratchDir = "/scratch/condor/dir_4090171"
	Cpus = 1
	Disk = 3072
	GPUs = 0
	machine_token = 0
	Memory = 6016
...
006 (19535818.000.000) 2026-06-02 17:00:14 Image size of job updated: 123584
	121  -  MemoryUsage of job (MB)
	123584  -  ResidentSetSize of job (KB)
...
006 (19535818.000.000) 2026-06-02 17:05:14 Image size of job updated: 160916
	158  -  MemoryUsage of job (MB)
	160916  -  ResidentSetSize of job (KB)
...
006 (19535818.000.000) 2026-06-02 17:08:48 Image size of job updated: 306520
	158  -  MemoryUsage of job (MB)
	160916  -  ResidentSetSize of job (KB)
...
005 (19535818.000.000) 2026-06-02 17:08:48 Job terminated.
	(1) Normal termination (return value 0)
		Usr 0 00:07:45, Sys 0 00:00:07  -  Run Remote Usage
		Usr 0 00:00:00, Sys 0 00:00:00  -  Run Local Usage
		Usr 0 00:07:45, Sys 0 00:00:07  -  Total Remote Usage
		Usr 0 00:00:00, Sys 0 00:00:00  -  Total Local Usage
	0  -  Run Bytes Sent By Job
	0  -  Run Bytes Received By Job
	0  -  Total Bytes Sent By Job
	0  -  Total Bytes Received By Job
	Partitionable Resources :    Usage  Request Allocated 
	   admin_mutex_1         :                           0 
	   admin_mutex_2         :                           0 
	   admin_mutex_3         :                           0 
	   Cpus                  :     0.56        1         1 
	   Disk (KB)             :    12        2048      3072 
	   GPUs                  :                           0 
	   machine_token         :                           0 
	   Memory (MB)           :   158        6000      6016 
	   TimeExecute (s)       :   527                       
	   TimeSlotBusy (s)      :   527                       

	Job terminated of its own accord at 2026-06-02T22:08:48Z with exit-code 0.
...
