000 (19537170.000.000) 2026-06-02 15:58:07 Job submitted from host: <10.128.10.103:9618?addrs=10.128.10.103-9618&alias=npx-submitter.icecube.wisc.edu&noUDP&sock=schedd_2449_6386>
    DAG Node: Drootprod_20191016_16530
...
001 (19537170.000.000) 2026-06-02 17:33:13 Job executing on host: <10.128.11.36:45179?addrs=10.128.11.36-45179&alias=n-smbc-17.icecube.wisc.edu>
	SlotName: slot1_14@n-smbc-17.icecube.wisc.edu
	admin_mutex_1 = 0
	admin_mutex_2 = 0
	admin_mutex_3 = 0
	CondorScratchDir = "/scratch/condor/dir_291176"
	Cpus = 1
	Disk = 3072
	GPUs = 0
	machine_token = 0
	Memory = 6016
...
006 (19537170.000.000) 2026-06-02 17:33:27 Image size of job updated: 122596
	120  -  MemoryUsage of job (MB)
	122596  -  ResidentSetSize of job (KB)
...
006 (19537170.000.000) 2026-06-02 17:38:28 Image size of job updated: 167332
	164  -  MemoryUsage of job (MB)
	167332  -  ResidentSetSize of job (KB)
...
006 (19537170.000.000) 2026-06-02 17:42:40 Image size of job updated: 318380
	164  -  MemoryUsage of job (MB)
	167332  -  ResidentSetSize of job (KB)
...
005 (19537170.000.000) 2026-06-02 17:42:40 Job terminated.
	(1) Normal termination (return value 0)
		Usr 0 00:08:59, Sys 0 00:00:06  -  Run Remote Usage
		Usr 0 00:00:00, Sys 0 00:00:00  -  Run Local Usage
		Usr 0 00:08:59, Sys 0 00:00:06  -  Total Remote Usage
		Usr 0 00:00:00, Sys 0 00:00:00  -  Total Local Usage
	0  -  Run Bytes Sent By Job
	0  -  Run Bytes Received By Job
	0  -  Total Bytes Sent By Job
	0  -  Total Bytes Received By Job
	Partitionable Resources :    Usage  Request Allocated 
	   admin_mutex_1         :                           0 
	   admin_mutex_2         :                           0 
	   admin_mutex_3         :                           0 
	   Cpus                  :     0.98        1         1 
	   Disk (KB)             :    12        2048      3072 
	   GPUs                  :                           0 
	   machine_token         :                           0 
	   Memory (MB)           :   164        6000      6016 
	   TimeExecute (s)       :   567                       
	   TimeSlotBusy (s)      :   567                       

	Job terminated of its own accord at 2026-06-02T22:42:40Z with exit-code 0.
...
