000 (19533408.000.000) 2026-06-02 15:50:19 Job submitted from host: <10.128.10.103:9618?addrs=10.128.10.103-9618&alias=npx-submitter.icecube.wisc.edu&noUDP&sock=schedd_2449_6386>
    DAG Node: Drootprod_20190208_71892
...
001 (19533408.000.000) 2026-06-02 16:13:40 Job executing on host: <10.128.10.117:43719?addrs=10.128.10.117-43719&alias=n-gibyte-02.icecube.wisc.edu>
	SlotName: slot1_155@n-gibyte-02.icecube.wisc.edu
	admin_mutex_1 = 0
	admin_mutex_2 = 0
	admin_mutex_3 = 0
	CondorScratchDir = "/scratch/condor/dir_3388598"
	Cpus = 1
	Disk = 5480
	GPUs = 0
	machine_token = 0
	Memory = 6016
...
006 (19533408.000.000) 2026-06-02 16:13:53 Image size of job updated: 118204
	116  -  MemoryUsage of job (MB)
	118204  -  ResidentSetSize of job (KB)
...
006 (19533408.000.000) 2026-06-02 16:18:53 Image size of job updated: 140856
	138  -  MemoryUsage of job (MB)
	140856  -  ResidentSetSize of job (KB)
...
006 (19533408.000.000) 2026-06-02 16:23:54 Image size of job updated: 158612
	155  -  MemoryUsage of job (MB)
	158612  -  ResidentSetSize of job (KB)
...
006 (19533408.000.000) 2026-06-02 16:28:54 Image size of job updated: 177204
	174  -  MemoryUsage of job (MB)
	177204  -  ResidentSetSize of job (KB)
...
006 (19533408.000.000) 2026-06-02 16:33:55 Image size of job updated: 306748
	300  -  MemoryUsage of job (MB)
	306748  -  ResidentSetSize of job (KB)
...
006 (19533408.000.000) 2026-06-02 16:35:53 Image size of job updated: 318336
	300  -  MemoryUsage of job (MB)
	306748  -  ResidentSetSize of job (KB)
...
005 (19533408.000.000) 2026-06-02 16:35:53 Job terminated.
	(1) Normal termination (return value 0)
		Usr 0 00:20:50, Sys 0 00:00:13  -  Run Remote Usage
		Usr 0 00:00:00, Sys 0 00:00:00  -  Run Local Usage
		Usr 0 00:20:50, Sys 0 00:00:13  -  Total Remote Usage
		Usr 0 00:00:00, Sys 0 00:00:00  -  Total Local Usage
	0  -  Run Bytes Sent By Job
	0  -  Run Bytes Received By Job
	0  -  Total Bytes Sent By Job
	0  -  Total Bytes Received By Job
	Partitionable Resources :    Usage  Request Allocated 
	   admin_mutex_1         :                           0 
	   admin_mutex_2         :                           0 
	   admin_mutex_3         :                           0 
	   Cpus                  :     0.90        1         1 
	   Disk (KB)             :    12        2048      5480 
	   GPUs                  :                           0 
	   machine_token         :                           0 
	   Memory (MB)           :   300        6000      6016 
	   TimeExecute (s)       :  1333                       
	   TimeSlotBusy (s)      :  1334                       

	Job terminated of its own accord at 2026-06-02T21:35:53Z with exit-code 0.
...
