000 (19535715.000.000) 2026-06-02 15:54:56 Job submitted from host: <10.128.10.103:9618?addrs=10.128.10.103-9618&alias=npx-submitter.icecube.wisc.edu&noUDP&sock=schedd_2449_6386>
    DAG Node: Drootprod_20190705_56364
...
001 (19535715.000.000) 2026-06-02 16:58:45 Job executing on host: <10.128.10.31:41817?addrs=10.128.10.31-41817&alias=n-m610-21.icecube.wisc.edu>
	SlotName: slot1_3@n-m610-21.icecube.wisc.edu
	admin_mutex_1 = 0
	admin_mutex_2 = 0
	admin_mutex_3 = 0
	CondorScratchDir = "/scratch/condor/dir_1497874"
	Cpus = 1
	Disk = 3072
	GPUs = 0
	machine_token = 0
	Memory = 6016
...
006 (19535715.000.000) 2026-06-02 16:58:59 Image size of job updated: 121864
	120  -  MemoryUsage of job (MB)
	121864  -  ResidentSetSize of job (KB)
...
006 (19535715.000.000) 2026-06-02 17:04:00 Image size of job updated: 160912
	158  -  MemoryUsage of job (MB)
	160912  -  ResidentSetSize of job (KB)
...
006 (19535715.000.000) 2026-06-02 17:09:00 Image size of job updated: 309420
	303  -  MemoryUsage of job (MB)
	309420  -  ResidentSetSize of job (KB)
...
006 (19535715.000.000) 2026-06-02 17:09:20 Image size of job updated: 311316
	303  -  MemoryUsage of job (MB)
	309420  -  ResidentSetSize of job (KB)
...
005 (19535715.000.000) 2026-06-02 17:09:20 Job terminated.
	(1) Normal termination (return value 0)
		Usr 0 00:09:38, Sys 0 00:00:08  -  Run Remote Usage
		Usr 0 00:00:00, Sys 0 00:00:00  -  Run Local Usage
		Usr 0 00:09:38, Sys 0 00:00:08  -  Total Remote Usage
		Usr 0 00:00:00, Sys 0 00:00:00  -  Total Local Usage
	0  -  Run Bytes Sent By Job
	0  -  Run Bytes Received By Job
	0  -  Total Bytes Sent By Job
	0  -  Total Bytes Received By Job
	Partitionable Resources :    Usage  Request Allocated 
	   admin_mutex_1         :                           0 
	   admin_mutex_2         :                           0 
	   admin_mutex_3         :                           0 
	   Cpus                  :     0.97        1         1 
	   Disk (KB)             :    10        2048      3072 
	   GPUs                  :                           0 
	   machine_token         :                           0 
	   Memory (MB)           :   303        6000      6016 
	   TimeExecute (s)       :   635                       
	   TimeSlotBusy (s)      :   635                       

	Job terminated of its own accord at 2026-06-02T22:09:20Z with exit-code 0.
...
