000 (19535540.000.000) 2026-06-02 15:54:34 Job submitted from host: <10.128.10.103:9618?addrs=10.128.10.103-9618&alias=npx-submitter.icecube.wisc.edu&noUDP&sock=schedd_2449_6386>
    DAG Node: Drootprod_20190623_72987
...
001 (19535540.000.000) 2026-06-02 16:55:32 Job executing on host: <10.128.11.28:42045?addrs=10.128.11.28-42045&alias=n-smbc-09.icecube.wisc.edu>
	SlotName: slot1_9@n-smbc-09.icecube.wisc.edu
	admin_mutex_1 = 0
	admin_mutex_2 = 0
	admin_mutex_3 = 0
	CondorScratchDir = "/scratch/condor/dir_4035540"
	Cpus = 1
	Disk = 3072
	GPUs = 0
	machine_token = 0
	Memory = 6016
...
006 (19535540.000.000) 2026-06-02 16:55:45 Image size of job updated: 121980
	120  -  MemoryUsage of job (MB)
	121980  -  ResidentSetSize of job (KB)
...
006 (19535540.000.000) 2026-06-02 17:00:45 Image size of job updated: 156924
	154  -  MemoryUsage of job (MB)
	156924  -  ResidentSetSize of job (KB)
...
006 (19535540.000.000) 2026-06-02 17:05:45 Image size of job updated: 184500
	181  -  MemoryUsage of job (MB)
	184500  -  ResidentSetSize of job (KB)
...
006 (19535540.000.000) 2026-06-02 17:09:44 Image size of job updated: 317788
	181  -  MemoryUsage of job (MB)
	184500  -  ResidentSetSize of job (KB)
...
005 (19535540.000.000) 2026-06-02 17:09:44 Job terminated.
	(1) Normal termination (return value 0)
		Usr 0 00:13:15, Sys 0 00:00:07  -  Run Remote Usage
		Usr 0 00:00:00, Sys 0 00:00:00  -  Run Local Usage
		Usr 0 00:13:15, Sys 0 00:00:07  -  Total Remote Usage
		Usr 0 00:00:00, Sys 0 00:00:00  -  Total Local Usage
	0  -  Run Bytes Sent By Job
	0  -  Run Bytes Received By Job
	0  -  Total Bytes Sent By Job
	0  -  Total Bytes Received By Job
	Partitionable Resources :    Usage  Request Allocated 
	   admin_mutex_1         :                           0 
	   admin_mutex_2         :                           0 
	   admin_mutex_3         :                           0 
	   Cpus                  :     0.97        1         1 
	   Disk (KB)             :    10        2048      3072 
	   GPUs                  :                           0 
	   machine_token         :                           0 
	   Memory (MB)           :   181        6000      6016 
	   TimeExecute (s)       :   852                       
	   TimeSlotBusy (s)      :   852                       

	Job terminated of its own accord at 2026-06-02T22:09:44Z with exit-code 0.
...
