000 (19533477.000.000) 2026-06-02 15:50:29 Job submitted from host: <10.128.10.103:9618?addrs=10.128.10.103-9618&alias=npx-submitter.icecube.wisc.edu&noUDP&sock=schedd_2449_6386>
    DAG Node: Drootprod_20190212_16340
...
001 (19533477.000.000) 2026-06-02 16:14:43 Job executing on host: <10.128.11.104:41225?addrs=10.128.11.104-41225&alias=n-r720-45.icecube.wisc.edu>
	SlotName: slot1_22@n-r720-45.icecube.wisc.edu
	admin_mutex_1 = 0
	admin_mutex_2 = 0
	admin_mutex_3 = 0
	CondorScratchDir = "/scratch/condor/dir_1020866"
	Cpus = 1
	Disk = 3717
	GPUs = 0
	machine_token = 0
	Memory = 6016
...
006 (19533477.000.000) 2026-06-02 16:14:56 Image size of job updated: 118760
	116  -  MemoryUsage of job (MB)
	118760  -  ResidentSetSize of job (KB)
...
006 (19533477.000.000) 2026-06-02 16:19:56 Image size of job updated: 149640
	147  -  MemoryUsage of job (MB)
	149640  -  ResidentSetSize of job (KB)
...
006 (19533477.000.000) 2026-06-02 16:24:56 Image size of job updated: 173300
	170  -  MemoryUsage of job (MB)
	173300  -  ResidentSetSize of job (KB)
...
006 (19533477.000.000) 2026-06-02 16:29:57 Image size of job updated: 307464
	301  -  MemoryUsage of job (MB)
	307464  -  ResidentSetSize of job (KB)
...
006 (19533477.000.000) 2026-06-02 16:30:23 Image size of job updated: 309080
	301  -  MemoryUsage of job (MB)
	307464  -  ResidentSetSize of job (KB)
...
005 (19533477.000.000) 2026-06-02 16:30:23 Job terminated.
	(1) Normal termination (return value 0)
		Usr 0 00:14:24, Sys 0 00:00:13  -  Run Remote Usage
		Usr 0 00:00:00, Sys 0 00:00:00  -  Run Local Usage
		Usr 0 00:14:24, Sys 0 00:00:13  -  Total Remote Usage
		Usr 0 00:00:00, Sys 0 00:00:00  -  Total Local Usage
	0  -  Run Bytes Sent By Job
	0  -  Run Bytes Received By Job
	0  -  Total Bytes Sent By Job
	0  -  Total Bytes Received By Job
	Partitionable Resources :    Usage  Request Allocated 
	   admin_mutex_1         :                           0 
	   admin_mutex_2         :                           0 
	   admin_mutex_3         :                           0 
	   Cpus                  :     0.89        1         1 
	   Disk (KB)             :    12        2048      3717 
	   GPUs                  :                           0 
	   machine_token         :                           0 
	   Memory (MB)           :   301        6000      6016 
	   TimeExecute (s)       :   940                       
	   TimeSlotBusy (s)      :   940                       

	Job terminated of its own accord at 2026-06-02T21:30:23Z with exit-code 0.
...
