000 (19537684.000.000) 2026-06-02 15:59:37 Job submitted from host: <10.128.10.103:9618?addrs=10.128.10.103-9618&alias=npx-submitter.icecube.wisc.edu&noUDP&sock=schedd_2449_6386>
    DAG Node: Drootprod_20191204_70408
...
001 (19537684.000.000) 2026-06-02 17:40:44 Job executing on host: <10.128.11.28:42045?addrs=10.128.11.28-42045&alias=n-smbc-09.icecube.wisc.edu>
	SlotName: slot1_1@n-smbc-09.icecube.wisc.edu
	admin_mutex_1 = 0
	admin_mutex_2 = 0
	admin_mutex_3 = 0
	CondorScratchDir = "/scratch/condor/dir_4190361"
	Cpus = 1
	Disk = 3072
	GPUs = 0
	machine_token = 0
	Memory = 6016
...
006 (19537684.000.000) 2026-06-02 17:40:58 Image size of job updated: 119508
	117  -  MemoryUsage of job (MB)
	119508  -  ResidentSetSize of job (KB)
...
006 (19537684.000.000) 2026-06-02 17:45:58 Image size of job updated: 153556
	150  -  MemoryUsage of job (MB)
	153556  -  ResidentSetSize of job (KB)
...
006 (19537684.000.000) 2026-06-02 17:50:58 Image size of job updated: 183332
	180  -  MemoryUsage of job (MB)
	183332  -  ResidentSetSize of job (KB)
...
006 (19537684.000.000) 2026-06-02 17:52:46 Image size of job updated: 303500
	180  -  MemoryUsage of job (MB)
	183332  -  ResidentSetSize of job (KB)
...
005 (19537684.000.000) 2026-06-02 17:52:46 Job terminated.
	(1) Normal termination (return value 0)
		Usr 0 00:11:30, Sys 0 00:00:06  -  Run Remote Usage
		Usr 0 00:00:00, Sys 0 00:00:00  -  Run Local Usage
		Usr 0 00:11:30, Sys 0 00:00:06  -  Total Remote Usage
		Usr 0 00:00:00, Sys 0 00:00:00  -  Total Local Usage
	0  -  Run Bytes Sent By Job
	0  -  Run Bytes Received By Job
	0  -  Total Bytes Sent By Job
	0  -  Total Bytes Received By Job
	Partitionable Resources :    Usage  Request Allocated 
	   admin_mutex_1         :                           0 
	   admin_mutex_2         :                           0 
	   admin_mutex_3         :                           0 
	   Cpus                  :     1.00        1         1 
	   Disk (KB)             :    15        2048      3072 
	   GPUs                  :                           0 
	   machine_token         :                           0 
	   Memory (MB)           :   180        6000      6016 
	   TimeExecute (s)       :   722                       
	   TimeSlotBusy (s)      :   722                       

	Job terminated of its own accord at 2026-06-02T22:52:46Z with exit-code 0.
...
