000 (19535893.000.000) 2026-06-02 15:55:19 Job submitted from host: <10.128.10.103:9618?addrs=10.128.10.103-9618&alias=npx-submitter.icecube.wisc.edu&noUDP&sock=schedd_2449_6386>
    DAG Node: Drootprod_20190717_7875
...
001 (19535893.000.000) 2026-06-02 17:01:41 Job executing on host: <10.128.10.192:35633?addrs=10.128.10.192-35633&alias=n-smepyc-05.icecube.wisc.edu>
	SlotName: slot1_49@n-smepyc-05.icecube.wisc.edu
	admin_mutex_1 = 0
	admin_mutex_2 = 0
	admin_mutex_3 = 0
	CondorScratchDir = "/scratch/condor/dir_298068"
	Cpus = 1
	Disk = 3072
	GPUs = 0
	machine_token = 0
	Memory = 6016
...
006 (19535893.000.000) 2026-06-02 17:01:55 Image size of job updated: 123004
	121  -  MemoryUsage of job (MB)
	123004  -  ResidentSetSize of job (KB)
...
006 (19535893.000.000) 2026-06-02 17:06:56 Image size of job updated: 165140
	162  -  MemoryUsage of job (MB)
	165140  -  ResidentSetSize of job (KB)
...
006 (19535893.000.000) 2026-06-02 17:10:16 Image size of job updated: 312256
	162  -  MemoryUsage of job (MB)
	165140  -  ResidentSetSize of job (KB)
...
005 (19535893.000.000) 2026-06-02 17:10:16 Job terminated.
	(1) Normal termination (return value 0)
		Usr 0 00:07:41, Sys 0 00:00:08  -  Run Remote Usage
		Usr 0 00:00:00, Sys 0 00:00:00  -  Run Local Usage
		Usr 0 00:07:41, Sys 0 00:00:08  -  Total Remote Usage
		Usr 0 00:00:00, Sys 0 00:00:00  -  Total Local Usage
	0  -  Run Bytes Sent By Job
	0  -  Run Bytes Received By Job
	0  -  Total Bytes Sent By Job
	0  -  Total Bytes Received By Job
	Partitionable Resources :    Usage  Request Allocated 
	   admin_mutex_1         :                           0 
	   admin_mutex_2         :                           0 
	   admin_mutex_3         :                           0 
	   Cpus                  :     0.96        1         1 
	   Disk (KB)             :    12        2048      3072 
	   GPUs                  :                           0 
	   machine_token         :                           0 
	   Memory (MB)           :   162        6000      6016 
	   TimeExecute (s)       :   515                       
	   TimeSlotBusy (s)      :   515                       

	Job terminated of its own accord at 2026-06-02T22:10:16Z with exit-code 0.
...
