000 (19537242.000.000) 2026-06-02 15:58:18 Job submitted from host: <10.128.10.103:9618?addrs=10.128.10.103-9618&alias=npx-submitter.icecube.wisc.edu&noUDP&sock=schedd_2449_6386>
    DAG Node: Drootprod_20191022_94932
...
001 (19537242.000.000) 2026-06-02 17:34:42 Job executing on host: <10.128.10.189:44027?addrs=10.128.10.189-44027&alias=n-smepyc-02.icecube.wisc.edu>
	SlotName: slot1_33@n-smepyc-02.icecube.wisc.edu
	admin_mutex_1 = 0
	admin_mutex_2 = 0
	admin_mutex_3 = 0
	CondorScratchDir = "/scratch/condor/dir_626137"
	Cpus = 1
	Disk = 3072
	GPUs = 0
	machine_token = 0
	Memory = 6016
...
006 (19537242.000.000) 2026-06-02 17:34:56 Image size of job updated: 122580
	120  -  MemoryUsage of job (MB)
	122580  -  ResidentSetSize of job (KB)
...
006 (19537242.000.000) 2026-06-02 17:39:57 Image size of job updated: 168172
	165  -  MemoryUsage of job (MB)
	168172  -  ResidentSetSize of job (KB)
...
006 (19537242.000.000) 2026-06-02 17:43:37 Image size of job updated: 311592
	165  -  MemoryUsage of job (MB)
	168172  -  ResidentSetSize of job (KB)
...
005 (19537242.000.000) 2026-06-02 17:43:37 Job terminated.
	(1) Normal termination (return value 0)
		Usr 0 00:08:21, Sys 0 00:00:08  -  Run Remote Usage
		Usr 0 00:00:00, Sys 0 00:00:00  -  Run Local Usage
		Usr 0 00:08:21, Sys 0 00:00:08  -  Total Remote Usage
		Usr 0 00:00:00, Sys 0 00:00:00  -  Total Local Usage
	0  -  Run Bytes Sent By Job
	0  -  Run Bytes Received By Job
	0  -  Total Bytes Sent By Job
	0  -  Total Bytes Received By Job
	Partitionable Resources :    Usage  Request Allocated 
	   admin_mutex_1         :                           0 
	   admin_mutex_2         :                           0 
	   admin_mutex_3         :                           0 
	   Cpus                  :     0.96        1         1 
	   Disk (KB)             :    12        2048      3072 
	   GPUs                  :                           0 
	   machine_token         :                           0 
	   Memory (MB)           :   165        6000      6016 
	   TimeExecute (s)       :   535                       
	   TimeSlotBusy (s)      :   535                       

	Job terminated of its own accord at 2026-06-02T22:43:37Z with exit-code 0.
...
