000 (19537314.000.000) 2026-06-02 15:58:30 Job submitted from host: <10.128.10.103:9618?addrs=10.128.10.103-9618&alias=npx-submitter.icecube.wisc.edu&noUDP&sock=schedd_2449_6386>
    DAG Node: Drootprod_20191029_70689
...
001 (19537314.000.000) 2026-06-02 17:36:13 Job executing on host: <10.128.10.115:33587?addrs=10.128.10.115-33587&alias=n-gibyte-00.icecube.wisc.edu>
	SlotName: slot1_216@n-gibyte-00.icecube.wisc.edu
	admin_mutex_1 = 0
	admin_mutex_2 = 0
	admin_mutex_3 = 0
	CondorScratchDir = "/scratch/condor/dir_2435306"
	Cpus = 1
	Disk = 5480
	GPUs = 0
	machine_token = 0
	Memory = 6016
...
006 (19537314.000.000) 2026-06-02 17:36:27 Image size of job updated: 119572
	117  -  MemoryUsage of job (MB)
	119572  -  ResidentSetSize of job (KB)
...
006 (19537314.000.000) 2026-06-02 17:41:28 Image size of job updated: 145188
	142  -  MemoryUsage of job (MB)
	145188  -  ResidentSetSize of job (KB)
...
006 (19537314.000.000) 2026-06-02 17:46:28 Image size of job updated: 165292
	162  -  MemoryUsage of job (MB)
	165292  -  ResidentSetSize of job (KB)
...
006 (19537314.000.000) 2026-06-02 17:51:29 Image size of job updated: 179808
	176  -  MemoryUsage of job (MB)
	179808  -  ResidentSetSize of job (KB)
...
006 (19537314.000.000) 2026-06-02 17:56:29 Image size of job updated: 302544
	296  -  MemoryUsage of job (MB)
	302544  -  ResidentSetSize of job (KB)
...
006 (19537314.000.000) 2026-06-02 17:57:01 Image size of job updated: 303724
	296  -  MemoryUsage of job (MB)
	302544  -  ResidentSetSize of job (KB)
...
005 (19537314.000.000) 2026-06-02 17:57:02 Job terminated.
	(1) Normal termination (return value 0)
		Usr 0 00:19:56, Sys 0 00:00:12  -  Run Remote Usage
		Usr 0 00:00:00, Sys 0 00:00:00  -  Run Local Usage
		Usr 0 00:19:56, Sys 0 00:00:12  -  Total Remote Usage
		Usr 0 00:00:00, Sys 0 00:00:00  -  Total Local Usage
	0  -  Run Bytes Sent By Job
	0  -  Run Bytes Received By Job
	0  -  Total Bytes Sent By Job
	0  -  Total Bytes Received By Job
	Partitionable Resources :    Usage  Request Allocated 
	   admin_mutex_1         :                           0 
	   admin_mutex_2         :                           0 
	   admin_mutex_3         :                           0 
	   Cpus                  :     0.99        1         1 
	   Disk (KB)             :    12        2048      5480 
	   GPUs                  :                           0 
	   machine_token         :                           0 
	   Memory (MB)           :   296        6000      6016 
	   TimeExecute (s)       :  1248                       
	   TimeSlotBusy (s)      :  1248                       

	Job terminated of its own accord at 2026-06-02T22:57:01Z with exit-code 0.
...
