000 (19534819.000.000) 2026-06-02 15:53:07 Job submitted from host: <10.128.10.103:9618?addrs=10.128.10.103-9618&alias=npx-submitter.icecube.wisc.edu&noUDP&sock=schedd_2449_6386>
    DAG Node: Drootprod_20190509_45339
...
001 (19534819.000.000) 2026-06-02 16:41:24 Job executing on host: <10.128.10.115:33587?addrs=10.128.10.115-33587&alias=n-gibyte-00.icecube.wisc.edu>
	SlotName: slot1_480@n-gibyte-00.icecube.wisc.edu
	admin_mutex_1 = 0
	admin_mutex_2 = 0
	admin_mutex_3 = 0
	CondorScratchDir = "/scratch/condor/dir_2209376"
	Cpus = 1
	Disk = 5480
	GPUs = 0
	machine_token = 0
	Memory = 6016
...
006 (19534819.000.000) 2026-06-02 16:41:37 Image size of job updated: 119972
	118  -  MemoryUsage of job (MB)
	119972  -  ResidentSetSize of job (KB)
...
006 (19534819.000.000) 2026-06-02 16:46:37 Image size of job updated: 149584
	147  -  MemoryUsage of job (MB)
	149584  -  ResidentSetSize of job (KB)
...
006 (19534819.000.000) 2026-06-02 16:51:38 Image size of job updated: 167924
	164  -  MemoryUsage of job (MB)
	167924  -  ResidentSetSize of job (KB)
...
006 (19534819.000.000) 2026-06-02 16:56:38 Image size of job updated: 299900
	293  -  MemoryUsage of job (MB)
	299900  -  ResidentSetSize of job (KB)
...
006 (19534819.000.000) 2026-06-02 16:59:23 Image size of job updated: 314256
	293  -  MemoryUsage of job (MB)
	299900  -  ResidentSetSize of job (KB)
...
005 (19534819.000.000) 2026-06-02 16:59:23 Job terminated.
	(1) Normal termination (return value 0)
		Usr 0 00:17:06, Sys 0 00:00:12  -  Run Remote Usage
		Usr 0 00:00:00, Sys 0 00:00:00  -  Run Local Usage
		Usr 0 00:17:06, Sys 0 00:00:12  -  Total Remote Usage
		Usr 0 00:00:00, Sys 0 00:00:00  -  Total Local Usage
	0  -  Run Bytes Sent By Job
	0  -  Run Bytes Received By Job
	0  -  Total Bytes Sent By Job
	0  -  Total Bytes Received By Job
	Partitionable Resources :    Usage  Request Allocated 
	   admin_mutex_1         :                           0 
	   admin_mutex_2         :                           0 
	   admin_mutex_3         :                           0 
	   Cpus                  :     0.98        1         1 
	   Disk (KB)             :    10        2048      5480 
	   GPUs                  :                           0 
	   machine_token         :                           0 
	   Memory (MB)           :   293        6000      6016 
	   TimeExecute (s)       :  1079                       
	   TimeSlotBusy (s)      :  1080                       

	Job terminated of its own accord at 2026-06-02T21:59:23Z with exit-code 0.
...
