000 (19535623.000.000) 2026-06-02 15:54:45 Job submitted from host: <10.128.10.103:9618?addrs=10.128.10.103-9618&alias=npx-submitter.icecube.wisc.edu&noUDP&sock=schedd_2449_6386>
    DAG Node: Drootprod_20190629_28244
...
001 (19535623.000.000) 2026-06-02 16:56:36 Job executing on host: <10.128.10.115:33587?addrs=10.128.10.115-33587&alias=n-gibyte-00.icecube.wisc.edu>
	SlotName: slot1_257@n-gibyte-00.icecube.wisc.edu
	admin_mutex_1 = 0
	admin_mutex_2 = 0
	admin_mutex_3 = 0
	CondorScratchDir = "/scratch/condor/dir_2269902"
	Cpus = 1
	Disk = 5480
	GPUs = 0
	machine_token = 0
	Memory = 6016
...
006 (19535623.000.000) 2026-06-02 16:56:49 Image size of job updated: 119384
	117  -  MemoryUsage of job (MB)
	119384  -  ResidentSetSize of job (KB)
...
006 (19535623.000.000) 2026-06-02 17:01:49 Image size of job updated: 150868
	148  -  MemoryUsage of job (MB)
	150868  -  ResidentSetSize of job (KB)
...
006 (19535623.000.000) 2026-06-02 17:02:08 Image size of job updated: 151172
	148  -  MemoryUsage of job (MB)
	150868  -  ResidentSetSize of job (KB)
...
005 (19535623.000.000) 2026-06-02 17:02:08 Job terminated.
	(1) Normal termination (return value 0)
		Usr 0 00:04:58, Sys 0 00:00:04  -  Run Remote Usage
		Usr 0 00:00:00, Sys 0 00:00:00  -  Run Local Usage
		Usr 0 00:04:58, Sys 0 00:00:04  -  Total Remote Usage
		Usr 0 00:00:00, Sys 0 00:00:00  -  Total Local Usage
	0  -  Run Bytes Sent By Job
	0  -  Run Bytes Received By Job
	0  -  Total Bytes Sent By Job
	0  -  Total Bytes Received By Job
	Partitionable Resources :    Usage  Request Allocated 
	   admin_mutex_1         :                           0 
	   admin_mutex_2         :                           0 
	   admin_mutex_3         :                           0 
	   Cpus                  :     0.96        1         1 
	   Disk (KB)             :    10        2048      5480 
	   GPUs                  :                           0 
	   machine_token         :                           0 
	   Memory (MB)           :   148        6000      6016 
	   TimeExecute (s)       :   332                       
	   TimeSlotBusy (s)      :   333                       

	Job terminated of its own accord at 2026-06-02T22:02:08Z with exit-code 0.
...
