000 (19537364.000.000) 2026-06-02 15:58:38 Job submitted from host: <10.128.10.103:9618?addrs=10.128.10.103-9618&alias=npx-submitter.icecube.wisc.edu&noUDP&sock=schedd_2449_6386>
    DAG Node: Drootprod_20191101_93107
...
001 (19537364.000.000) 2026-06-02 17:36:38 Job executing on host: <10.128.10.117:43719?addrs=10.128.10.117-43719&alias=n-gibyte-02.icecube.wisc.edu>
	SlotName: slot1_448@n-gibyte-02.icecube.wisc.edu
	admin_mutex_1 = 0
	admin_mutex_2 = 0
	admin_mutex_3 = 0
	CondorScratchDir = "/scratch/condor/dir_3733427"
	Cpus = 1
	Disk = 5480
	GPUs = 0
	machine_token = 0
	Memory = 6016
...
006 (19537364.000.000) 2026-06-02 17:36:52 Image size of job updated: 118184
	116  -  MemoryUsage of job (MB)
	118184  -  ResidentSetSize of job (KB)
...
006 (19537364.000.000) 2026-06-02 17:41:52 Image size of job updated: 142004
	139  -  MemoryUsage of job (MB)
	142004  -  ResidentSetSize of job (KB)
...
006 (19537364.000.000) 2026-06-02 17:46:53 Image size of job updated: 161704
	158  -  MemoryUsage of job (MB)
	161704  -  ResidentSetSize of job (KB)
...
006 (19537364.000.000) 2026-06-02 17:51:53 Image size of job updated: 180488
	177  -  MemoryUsage of job (MB)
	180488  -  ResidentSetSize of job (KB)
...
006 (19537364.000.000) 2026-06-02 17:55:47 Image size of job updated: 304444
	177  -  MemoryUsage of job (MB)
	180488  -  ResidentSetSize of job (KB)
...
005 (19537364.000.000) 2026-06-02 17:55:47 Job terminated.
	(1) Normal termination (return value 0)
		Usr 0 00:18:16, Sys 0 00:00:11  -  Run Remote Usage
		Usr 0 00:00:00, Sys 0 00:00:00  -  Run Local Usage
		Usr 0 00:18:16, Sys 0 00:00:11  -  Total Remote Usage
		Usr 0 00:00:00, Sys 0 00:00:00  -  Total Local Usage
	0  -  Run Bytes Sent By Job
	0  -  Run Bytes Received By Job
	0  -  Total Bytes Sent By Job
	0  -  Total Bytes Received By Job
	Partitionable Resources :    Usage  Request Allocated 
	   admin_mutex_1         :                           0 
	   admin_mutex_2         :                           0 
	   admin_mutex_3         :                           0 
	   Cpus                  :     0.90        1         1 
	   Disk (KB)             :    15        2048      5480 
	   GPUs                  :                           0 
	   machine_token         :                           0 
	   Memory (MB)           :   177        6000      6016 
	   TimeExecute (s)       :  1149                       
	   TimeSlotBusy (s)      :  1149                       

	Job terminated of its own accord at 2026-06-02T22:55:46Z with exit-code 0.
...
