000 (19533580.000.000) 2026-06-02 15:50:42 Job submitted from host: <10.128.10.103:9618?addrs=10.128.10.103-9618&alias=npx-submitter.icecube.wisc.edu&noUDP&sock=schedd_2449_6386>
    DAG Node: Drootprod_20190220_95139
...
001 (19533580.000.000) 2026-06-02 16:17:03 Job executing on host: <10.128.10.189:44027?addrs=10.128.10.189-44027&alias=n-smepyc-02.icecube.wisc.edu>
	SlotName: slot1_8@n-smepyc-02.icecube.wisc.edu
	admin_mutex_1 = 0
	admin_mutex_2 = 0
	admin_mutex_3 = 0
	CondorScratchDir = "/scratch/condor/dir_327793"
	Cpus = 1
	Disk = 3072
	GPUs = 0
	machine_token = 0
	Memory = 6016
...
006 (19533580.000.000) 2026-06-02 16:17:16 Image size of job updated: 122036
	120  -  MemoryUsage of job (MB)
	122036  -  ResidentSetSize of job (KB)
...
006 (19533580.000.000) 2026-06-02 16:22:16 Image size of job updated: 166288
	163  -  MemoryUsage of job (MB)
	166288  -  ResidentSetSize of job (KB)
...
006 (19533580.000.000) 2026-06-02 16:25:56 Image size of job updated: 309176
	163  -  MemoryUsage of job (MB)
	166288  -  ResidentSetSize of job (KB)
...
005 (19533580.000.000) 2026-06-02 16:25:56 Job terminated.
	(1) Normal termination (return value 0)
		Usr 0 00:07:54, Sys 0 00:00:07  -  Run Remote Usage
		Usr 0 00:00:00, Sys 0 00:00:00  -  Run Local Usage
		Usr 0 00:07:54, Sys 0 00:00:07  -  Total Remote Usage
		Usr 0 00:00:00, Sys 0 00:00:00  -  Total Local Usage
	0  -  Run Bytes Sent By Job
	0  -  Run Bytes Received By Job
	0  -  Total Bytes Sent By Job
	0  -  Total Bytes Received By Job
	Partitionable Resources :    Usage  Request Allocated 
	   admin_mutex_1         :                           0 
	   admin_mutex_2         :                           0 
	   admin_mutex_3         :                           0 
	   Cpus                  :     0.96        1         1 
	   Disk (KB)             :    12        2048      3072 
	   GPUs                  :                           0 
	   machine_token         :                           0 
	   Memory (MB)           :   163        6000      6016 
	   TimeExecute (s)       :   533                       
	   TimeSlotBusy (s)      :   533                       

	Job terminated of its own accord at 2026-06-02T21:25:56Z with exit-code 0.
...
