000 (19533244.000.000) 2026-06-02 15:49:57 Job submitted from host: <10.128.10.103:9618?addrs=10.128.10.103-9618&alias=npx-submitter.icecube.wisc.edu&noUDP&sock=schedd_2449_6386>
    DAG Node: Drootprod_20190127_80043
...
001 (19533244.000.000) 2026-06-02 16:09:37 Job executing on host: <10.128.10.116:38163?addrs=10.128.10.116-38163&alias=n-gibyte-01.icecube.wisc.edu>
	SlotName: slot1_299@n-gibyte-01.icecube.wisc.edu
	admin_mutex_1 = 0
	admin_mutex_2 = 0
	admin_mutex_3 = 0
	CondorScratchDir = "/scratch/condor/dir_2450552"
	Cpus = 1
	Disk = 5480
	GPUs = 0
	machine_token = 0
	Memory = 6016
...
006 (19533244.000.000) 2026-06-02 16:09:50 Image size of job updated: 119168
	117  -  MemoryUsage of job (MB)
	119168  -  ResidentSetSize of job (KB)
...
006 (19533244.000.000) 2026-06-02 16:14:51 Image size of job updated: 145212
	142  -  MemoryUsage of job (MB)
	145212  -  ResidentSetSize of job (KB)
...
006 (19533244.000.000) 2026-06-02 16:19:51 Image size of job updated: 166556
	163  -  MemoryUsage of job (MB)
	166556  -  ResidentSetSize of job (KB)
...
022 (19533244.000.000) 2026-06-02 16:23:27 Job disconnected, attempting to reconnect
    Socket between submit and execute hosts closed unexpectedly
    Trying to reconnect to slot1_299@n-gibyte-01.icecube.wisc.edu <10.128.10.116:38163?addrs=10.128.10.116-38163&alias=n-gibyte-01.icecube.wisc.edu>
...
024 (19533244.000.000) 2026-06-02 17:03:27 Job reconnection failed
    Job disconnected too long: JobLeaseDuration (2400 seconds) expired
    Can not reconnect to slot1_299@n-gibyte-01.icecube.wisc.edu, rescheduling job
...
004 (19533244.000.000) 2026-06-02 17:03:37 Job was evicted.
	(0) CPU times
		Usr 0 00:09:26, Sys 0 00:00:06  -  Run Remote Usage
		Usr 0 00:00:00, Sys 0 00:00:00  -  Run Local Usage
	0  -  Run Bytes Sent By Job
	0  -  Run Bytes Received By Job
	Job disconnected too long: JobLeaseDuration (2400 seconds) expired
	Partitionable Resources :    Usage  Request Allocated 
	   admin_mutex_1         :                           0 
	   admin_mutex_2         :                           0 
	   admin_mutex_3         :                           0 
	   Cpus                  :     0.99        1         1 
	   Disk (KB)             :    15        2048      5480 
	   GPUs                  :                           0 
	   machine_token         :                           0 
	   Memory (MB)           :   163        6000      6016 
...
001 (19533244.000.000) 2026-06-02 17:07:37 Job executing on host: <10.128.10.238:43797?addrs=10.128.10.238-43797&alias=n-gpu-42.icecube.wisc.edu>
	SlotName: slot1_42@n-gpu-42.icecube.wisc.edu
	admin_mutex_1 = 0
	admin_mutex_2 = 0
	admin_mutex_3 = 0
	AvailableGPUs = {  }
	CondorScratchDir = "/scratch/condor/dir_2205664"
	Cpus = 1
	Disk = 3072
	GPUs = 0
	machine_token = 0
	Memory = 6016
...
006 (19533244.000.000) 2026-06-02 17:17:52 Image size of job updated: 305504
	299  -  MemoryUsage of job (MB)
	305504  -  ResidentSetSize of job (KB)
...
006 (19533244.000.000) 2026-06-02 17:19:29 Image size of job updated: 317420
	299  -  MemoryUsage of job (MB)
	305504  -  ResidentSetSize of job (KB)
...
005 (19533244.000.000) 2026-06-02 17:19:29 Job terminated.
	(1) Normal termination (return value 0)
		Usr 0 00:11:01, Sys 0 00:00:11  -  Run Remote Usage
		Usr 0 00:00:00, Sys 0 00:00:00  -  Run Local Usage
		Usr 0 00:20:27, Sys 0 00:00:17  -  Total Remote Usage
		Usr 0 00:00:00, Sys 0 00:00:00  -  Total Local Usage
	0  -  Run Bytes Sent By Job
	0  -  Run Bytes Received By Job
	0  -  Total Bytes Sent By Job
	0  -  Total Bytes Received By Job
	Partitionable Resources :    Usage  Request Allocated 
	   admin_mutex_1         :                           0 
	   admin_mutex_2         :                           0 
	   admin_mutex_3         :                           0 
	   Cpus                  :     0.96        1         1 
	   Disk (KB)             :    15        2048      3072 
	   GPUs                  :                           0 
	   machine_token         :                           0 
	   Memory (MB)           :   299        6000      6016 
	   TimeExecute (s)       :   712                       
	   TimeSlotBusy (s)      :   712                       

	Job terminated of its own accord at 2026-06-02T22:19:29Z with exit-code 0.
...
