000 (19536580.000.000) 2026-06-02 15:56:47 Job submitted from host: <10.128.10.103:9618?addrs=10.128.10.103-9618&alias=npx-submitter.icecube.wisc.edu&noUDP&sock=schedd_2449_6386>
    DAG Node: Drootprod_20190902_56367
...
001 (19536580.000.000) 2026-06-02 17:23:19 Job executing on host: <10.128.11.26:32775?addrs=10.128.11.26-32775&alias=n-smbc-07.icecube.wisc.edu>
	SlotName: slot1_3@n-smbc-07.icecube.wisc.edu
	admin_mutex_1 = 0
	admin_mutex_2 = 0
	admin_mutex_3 = 0
	CondorScratchDir = "/scratch/condor/dir_795124"
	Cpus = 1
	Disk = 3072
	GPUs = 0
	machine_token = 0
	Memory = 6016
...
006 (19536580.000.000) 2026-06-02 17:23:32 Image size of job updated: 119536
	117  -  MemoryUsage of job (MB)
	119536  -  ResidentSetSize of job (KB)
...
006 (19536580.000.000) 2026-06-02 17:28:32 Image size of job updated: 149620
	147  -  MemoryUsage of job (MB)
	149620  -  ResidentSetSize of job (KB)
...
006 (19536580.000.000) 2026-06-02 17:33:32 Image size of job updated: 176648
	173  -  MemoryUsage of job (MB)
	176648  -  ResidentSetSize of job (KB)
...
006 (19536580.000.000) 2026-06-02 17:37:26 Image size of job updated: 312744
	173  -  MemoryUsage of job (MB)
	176648  -  ResidentSetSize of job (KB)
...
005 (19536580.000.000) 2026-06-02 17:37:26 Job terminated.
	(1) Normal termination (return value 0)
		Usr 0 00:13:35, Sys 0 00:00:07  -  Run Remote Usage
		Usr 0 00:00:00, Sys 0 00:00:00  -  Run Local Usage
		Usr 0 00:13:35, Sys 0 00:00:07  -  Total Remote Usage
		Usr 0 00:00:00, Sys 0 00:00:00  -  Total Local Usage
	0  -  Run Bytes Sent By Job
	0  -  Run Bytes Received By Job
	0  -  Total Bytes Sent By Job
	0  -  Total Bytes Received By Job
	Partitionable Resources :    Usage  Request Allocated 
	   admin_mutex_1         :                           0 
	   admin_mutex_2         :                           0 
	   admin_mutex_3         :                           0 
	   Cpus                  :     0.98        1         1 
	   Disk (KB)             :    10        2048      3072 
	   GPUs                  :                           0 
	   machine_token         :                           0 
	   Memory (MB)           :   173        6000      6016 
	   TimeExecute (s)       :   847                       
	   TimeSlotBusy (s)      :   848                       

	Job terminated of its own accord at 2026-06-02T22:37:26Z with exit-code 0.
...
