000 (19537251.000.000) 2026-06-02 15:58:19 Job submitted from host: <10.128.10.103:9618?addrs=10.128.10.103-9618&alias=npx-submitter.icecube.wisc.edu&noUDP&sock=schedd_2449_6386>
    DAG Node: Drootprod_20191023_33585
...
001 (19537251.000.000) 2026-06-02 17:35:04 Job executing on host: <10.128.11.45:36567?addrs=10.128.11.45-36567&alias=n-smbc-26.icecube.wisc.edu>
	SlotName: slot1_6@n-smbc-26.icecube.wisc.edu
	admin_mutex_1 = 0
	admin_mutex_2 = 0
	admin_mutex_3 = 0
	CondorScratchDir = "/scratch/condor/dir_2843637"
	Cpus = 1
	Disk = 3072
	GPUs = 0
	machine_token = 0
	Memory = 6016
...
006 (19537251.000.000) 2026-06-02 17:35:17 Image size of job updated: 27432
	27  -  MemoryUsage of job (MB)
	27432  -  ResidentSetSize of job (KB)
...
006 (19537251.000.000) 2026-06-02 17:40:17 Image size of job updated: 126688
	124  -  MemoryUsage of job (MB)
	126688  -  ResidentSetSize of job (KB)
...
006 (19537251.000.000) 2026-06-02 17:45:18 Image size of job updated: 133724
	131  -  MemoryUsage of job (MB)
	133724  -  ResidentSetSize of job (KB)
...
006 (19537251.000.000) 2026-06-02 17:50:19 Image size of job updated: 139204
	136  -  MemoryUsage of job (MB)
	139204  -  ResidentSetSize of job (KB)
...
006 (19537251.000.000) 2026-06-02 17:55:19 Image size of job updated: 143316
	140  -  MemoryUsage of job (MB)
	143316  -  ResidentSetSize of job (KB)
...
006 (19537251.000.000) 2026-06-02 18:00:19 Image size of job updated: 150508
	147  -  MemoryUsage of job (MB)
	150508  -  ResidentSetSize of job (KB)
...
006 (19537251.000.000) 2026-06-02 18:05:20 Image size of job updated: 156472
	153  -  MemoryUsage of job (MB)
	156472  -  ResidentSetSize of job (KB)
...
006 (19537251.000.000) 2026-06-02 18:10:20 Image size of job updated: 160824
	158  -  MemoryUsage of job (MB)
	160824  -  ResidentSetSize of job (KB)
...
006 (19537251.000.000) 2026-06-02 18:15:21 Image size of job updated: 168920
	165  -  MemoryUsage of job (MB)
	168920  -  ResidentSetSize of job (KB)
...
006 (19537251.000.000) 2026-06-02 18:20:21 Image size of job updated: 175284
	172  -  MemoryUsage of job (MB)
	175284  -  ResidentSetSize of job (KB)
...
006 (19537251.000.000) 2026-06-02 18:25:23 Image size of job updated: 296748
	290  -  MemoryUsage of job (MB)
	296748  -  ResidentSetSize of job (KB)
...
006 (19537251.000.000) 2026-06-02 18:30:22 Image size of job updated: 306128
	290  -  MemoryUsage of job (MB)
	296748  -  ResidentSetSize of job (KB)
...
005 (19537251.000.000) 2026-06-02 18:30:22 Job terminated.
	(1) Normal termination (return value 0)
		Usr 0 00:53:36, Sys 0 00:00:30  -  Run Remote Usage
		Usr 0 00:00:00, Sys 0 00:00:00  -  Run Local Usage
		Usr 0 00:53:36, Sys 0 00:00:30  -  Total Remote Usage
		Usr 0 00:00:00, Sys 0 00:00:00  -  Total Local Usage
	0  -  Run Bytes Sent By Job
	0  -  Run Bytes Received By Job
	0  -  Total Bytes Sent By Job
	0  -  Total Bytes Received By Job
	Partitionable Resources :    Usage  Request Allocated 
	   admin_mutex_1         :                           0 
	   admin_mutex_2         :                           0 
	   admin_mutex_3         :                           0 
	   Cpus                  :     0.98        1         1 
	   Disk (KB)             :    12        2048      3072 
	   GPUs                  :                           0 
	   machine_token         :                           0 
	   Memory (MB)           :   290        6000      6016 
	   TimeExecute (s)       :  3318                       
	   TimeSlotBusy (s)      :  3319                       

	Job terminated of its own accord at 2026-06-02T23:30:22Z with exit-code 0.
...
