000 (19533951.000.000) 2026-06-02 15:51:29 Job submitted from host: <10.128.10.103:9618?addrs=10.128.10.103-9618&alias=npx-submitter.icecube.wisc.edu&noUDP&sock=schedd_2449_6386>
    DAG Node: Drootprod_20190319_76891
...
001 (19533951.000.000) 2026-06-02 16:24:16 Job executing on host: <10.128.10.117:43719?addrs=10.128.10.117-43719&alias=n-gibyte-02.icecube.wisc.edu>
	SlotName: slot1_109@n-gibyte-02.icecube.wisc.edu
	admin_mutex_1 = 0
	admin_mutex_2 = 0
	admin_mutex_3 = 0
	CondorScratchDir = "/scratch/condor/dir_3431026"
	Cpus = 1
	Disk = 5480
	GPUs = 0
	machine_token = 0
	Memory = 6016
...
006 (19533951.000.000) 2026-06-02 16:24:29 Image size of job updated: 118380
	116  -  MemoryUsage of job (MB)
	118380  -  ResidentSetSize of job (KB)
...
006 (19533951.000.000) 2026-06-02 16:29:29 Image size of job updated: 144564
	142  -  MemoryUsage of job (MB)
	144564  -  ResidentSetSize of job (KB)
...
006 (19533951.000.000) 2026-06-02 16:34:30 Image size of job updated: 165308
	162  -  MemoryUsage of job (MB)
	165308  -  ResidentSetSize of job (KB)
...
006 (19533951.000.000) 2026-06-02 16:39:30 Image size of job updated: 299208
	293  -  MemoryUsage of job (MB)
	299208  -  ResidentSetSize of job (KB)
...
006 (19533951.000.000) 2026-06-02 16:42:36 Image size of job updated: 310040
	293  -  MemoryUsage of job (MB)
	299208  -  ResidentSetSize of job (KB)
...
005 (19533951.000.000) 2026-06-02 16:42:36 Job terminated.
	(1) Normal termination (return value 0)
		Usr 0 00:17:12, Sys 0 00:00:11  -  Run Remote Usage
		Usr 0 00:00:00, Sys 0 00:00:00  -  Run Local Usage
		Usr 0 00:17:12, Sys 0 00:00:11  -  Total Remote Usage
		Usr 0 00:00:00, Sys 0 00:00:00  -  Total Local Usage
	0  -  Run Bytes Sent By Job
	0  -  Run Bytes Received By Job
	0  -  Total Bytes Sent By Job
	0  -  Total Bytes Received By Job
	Partitionable Resources :    Usage  Request Allocated 
	   admin_mutex_1         :                           0 
	   admin_mutex_2         :                           0 
	   admin_mutex_3         :                           0 
	   Cpus                  :     0.96        1         1 
	   Disk (KB)             :    10        2048      5480 
	   GPUs                  :                           0 
	   machine_token         :                           0 
	   Memory (MB)           :   293        6000      6016 
	   TimeExecute (s)       :  1100                       
	   TimeSlotBusy (s)      :  1101                       

	Job terminated of its own accord at 2026-06-02T21:42:36Z with exit-code 0.
...
