000 (19534545.000.000) 2026-06-02 15:52:36 Job submitted from host: <10.128.10.103:9618?addrs=10.128.10.103-9618&alias=npx-submitter.icecube.wisc.edu&noUDP&sock=schedd_2449_6386>
    DAG Node: Drootprod_20190424_38964
...
001 (19534545.000.000) 2026-06-02 16:36:12 Job executing on host: <10.128.10.115:33587?addrs=10.128.10.115-33587&alias=n-gibyte-00.icecube.wisc.edu>
	SlotName: slot1_349@n-gibyte-00.icecube.wisc.edu
	admin_mutex_1 = 0
	admin_mutex_2 = 0
	admin_mutex_3 = 0
	CondorScratchDir = "/scratch/condor/dir_2189931"
	Cpus = 1
	Disk = 5480
	GPUs = 0
	machine_token = 0
	Memory = 6016
...
006 (19534545.000.000) 2026-06-02 16:36:25 Image size of job updated: 119364
	117  -  MemoryUsage of job (MB)
	119364  -  ResidentSetSize of job (KB)
...
006 (19534545.000.000) 2026-06-02 16:41:25 Image size of job updated: 141716
	139  -  MemoryUsage of job (MB)
	141716  -  ResidentSetSize of job (KB)
...
006 (19534545.000.000) 2026-06-02 16:46:26 Image size of job updated: 163576
	160  -  MemoryUsage of job (MB)
	163576  -  ResidentSetSize of job (KB)
...
006 (19534545.000.000) 2026-06-02 16:51:26 Image size of job updated: 298472
	292  -  MemoryUsage of job (MB)
	298472  -  ResidentSetSize of job (KB)
...
006 (19534545.000.000) 2026-06-02 16:54:17 Image size of job updated: 310624
	292  -  MemoryUsage of job (MB)
	298472  -  ResidentSetSize of job (KB)
...
005 (19534545.000.000) 2026-06-02 16:54:17 Job terminated.
	(1) Normal termination (return value 0)
		Usr 0 00:17:08, Sys 0 00:00:12  -  Run Remote Usage
		Usr 0 00:00:00, Sys 0 00:00:00  -  Run Local Usage
		Usr 0 00:17:08, Sys 0 00:00:12  -  Total Remote Usage
		Usr 0 00:00:00, Sys 0 00:00:00  -  Total Local Usage
	0  -  Run Bytes Sent By Job
	0  -  Run Bytes Received By Job
	0  -  Total Bytes Sent By Job
	0  -  Total Bytes Received By Job
	Partitionable Resources :    Usage  Request Allocated 
	   admin_mutex_1         :                           0 
	   admin_mutex_2         :                           0 
	   admin_mutex_3         :                           0 
	   Cpus                  :     0.75        1         1 
	   Disk (KB)             :    12        2048      5480 
	   GPUs                  :                           0 
	   machine_token         :                           0 
	   Memory (MB)           :   292        6000      6016 
	   TimeExecute (s)       :  1085                       
	   TimeSlotBusy (s)      :  1086                       

	Job terminated of its own accord at 2026-06-02T21:54:17Z with exit-code 0.
...
