000 (19532939.000.000) 2026-06-02 15:49:12 Job submitted from host: <10.128.10.103:9618?addrs=10.128.10.103-9618&alias=npx-submitter.icecube.wisc.edu&noUDP&sock=schedd_2449_6386>
    DAG Node: Drootprod_20190102_26199
...
001 (19532939.000.000) 2026-06-02 15:58:03 Job executing on host: <10.128.10.238:43797?addrs=10.128.10.238-43797&alias=n-gpu-42.icecube.wisc.edu>
	SlotName: slot1_36@n-gpu-42.icecube.wisc.edu
	admin_mutex_1 = 0
	admin_mutex_2 = 0
	admin_mutex_3 = 0
	AvailableGPUs = {  }
	CondorScratchDir = "/scratch/condor/dir_1916612"
	Cpus = 1
	Disk = 3072
	GPUs = 0
	machine_token = 0
	Memory = 6016
...
006 (19532939.000.000) 2026-06-02 15:58:17 Image size of job updated: 121236
	119  -  MemoryUsage of job (MB)
	121236  -  ResidentSetSize of job (KB)
...
006 (19532939.000.000) 2026-06-02 16:03:18 Image size of job updated: 154828
	152  -  MemoryUsage of job (MB)
	154828  -  ResidentSetSize of job (KB)
...
006 (19532939.000.000) 2026-06-02 16:08:18 Image size of job updated: 295700
	289  -  MemoryUsage of job (MB)
	295700  -  ResidentSetSize of job (KB)
...
006 (19532939.000.000) 2026-06-02 16:11:35 Image size of job updated: 320740
	289  -  MemoryUsage of job (MB)
	295700  -  ResidentSetSize of job (KB)
...
005 (19532939.000.000) 2026-06-02 16:11:35 Job terminated.
	(1) Normal termination (return value 0)
		Usr 0 00:12:02, Sys 0 00:00:11  -  Run Remote Usage
		Usr 0 00:00:00, Sys 0 00:00:00  -  Run Local Usage
		Usr 0 00:12:02, Sys 0 00:00:11  -  Total Remote Usage
		Usr 0 00:00:00, Sys 0 00:00:00  -  Total Local Usage
	0  -  Run Bytes Sent By Job
	0  -  Run Bytes Received By Job
	0  -  Total Bytes Sent By Job
	0  -  Total Bytes Received By Job
	Partitionable Resources :    Usage  Request Allocated 
	   admin_mutex_1         :                           0 
	   admin_mutex_2         :                           0 
	   admin_mutex_3         :                           0 
	   Cpus                  :     0.77        1         1 
	   Disk (KB)             :    15        2048      3072 
	   GPUs                  :                           0 
	   machine_token         :                           0 
	   Memory (MB)           :   289        6000      6016 
	   TimeExecute (s)       :   812                       
	   TimeSlotBusy (s)      :   812                       

	Job terminated of its own accord at 2026-06-02T21:11:35Z with exit-code 0.
...
