000 (19533226.000.000) 2026-06-02 15:49:55 Job submitted from host: <10.128.10.103:9618?addrs=10.128.10.103-9618&alias=npx-submitter.icecube.wisc.edu&noUDP&sock=schedd_2449_6386>
    DAG Node: Drootprod_20190125_86352
...
001 (19533226.000.000) 2026-06-02 16:08:53 Job executing on host: <10.128.10.115:33587?addrs=10.128.10.115-33587&alias=n-gibyte-00.icecube.wisc.edu>
	SlotName: slot1_120@n-gibyte-00.icecube.wisc.edu
	admin_mutex_1 = 0
	admin_mutex_2 = 0
	admin_mutex_3 = 0
	CondorScratchDir = "/scratch/condor/dir_2089401"
	Cpus = 1
	Disk = 5480
	GPUs = 0
	machine_token = 0
	Memory = 6016
...
006 (19533226.000.000) 2026-06-02 16:09:07 Image size of job updated: 119740
	117  -  MemoryUsage of job (MB)
	119740  -  ResidentSetSize of job (KB)
...
006 (19533226.000.000) 2026-06-02 16:14:08 Image size of job updated: 149660
	147  -  MemoryUsage of job (MB)
	149660  -  ResidentSetSize of job (KB)
...
006 (19533226.000.000) 2026-06-02 16:19:08 Image size of job updated: 172468
	169  -  MemoryUsage of job (MB)
	172468  -  ResidentSetSize of job (KB)
...
006 (19533226.000.000) 2026-06-02 16:24:09 Image size of job updated: 304736
	298  -  MemoryUsage of job (MB)
	304736  -  ResidentSetSize of job (KB)
...
006 (19533226.000.000) 2026-06-02 16:27:32 Image size of job updated: 319352
	298  -  MemoryUsage of job (MB)
	304736  -  ResidentSetSize of job (KB)
...
005 (19533226.000.000) 2026-06-02 16:27:33 Job terminated.
	(1) Normal termination (return value 0)
		Usr 0 00:17:12, Sys 0 00:00:13  -  Run Remote Usage
		Usr 0 00:00:00, Sys 0 00:00:00  -  Run Local Usage
		Usr 0 00:17:12, Sys 0 00:00:13  -  Total Remote Usage
		Usr 0 00:00:00, Sys 0 00:00:00  -  Total Local Usage
	0  -  Run Bytes Sent By Job
	0  -  Run Bytes Received By Job
	0  -  Total Bytes Sent By Job
	0  -  Total Bytes Received By Job
	Partitionable Resources :    Usage  Request Allocated 
	   admin_mutex_1         :                           0 
	   admin_mutex_2         :                           0 
	   admin_mutex_3         :                           0 
	   Cpus                  :     0.93        1         1 
	   Disk (KB)             :    15        2048      5480 
	   GPUs                  :                           0 
	   machine_token         :                           0 
	   Memory (MB)           :   298        6000      6016 
	   TimeExecute (s)       :  1119                       
	   TimeSlotBusy (s)      :  1119                       

	Job terminated of its own accord at 2026-06-02T21:27:32Z with exit-code 0.
...
