000 (19534020.000.000) 2026-06-02 15:51:37 Job submitted from host: <10.128.10.103:9618?addrs=10.128.10.103-9618&alias=npx-submitter.icecube.wisc.edu&noUDP&sock=schedd_2449_6386>
    DAG Node: Drootprod_20190322_89255
...
001 (19534020.000.000) 2026-06-02 16:25:43 Job executing on host: <10.128.10.115:33587?addrs=10.128.10.115-33587&alias=n-gibyte-00.icecube.wisc.edu>
	SlotName: slot1_293@n-gibyte-00.icecube.wisc.edu
	admin_mutex_1 = 0
	admin_mutex_2 = 0
	admin_mutex_3 = 0
	CondorScratchDir = "/scratch/condor/dir_2150093"
	Cpus = 1
	Disk = 5480
	GPUs = 0
	machine_token = 0
	Memory = 6016
...
006 (19534020.000.000) 2026-06-02 16:25:57 Image size of job updated: 119460
	117  -  MemoryUsage of job (MB)
	119460  -  ResidentSetSize of job (KB)
...
006 (19534020.000.000) 2026-06-02 16:30:58 Image size of job updated: 145240
	142  -  MemoryUsage of job (MB)
	145240  -  ResidentSetSize of job (KB)
...
006 (19534020.000.000) 2026-06-02 16:35:58 Image size of job updated: 167372
	164  -  MemoryUsage of job (MB)
	167372  -  ResidentSetSize of job (KB)
...
006 (19534020.000.000) 2026-06-02 16:40:59 Image size of job updated: 302004
	295  -  MemoryUsage of job (MB)
	302004  -  ResidentSetSize of job (KB)
...
006 (19534020.000.000) 2026-06-02 16:42:59 Image size of job updated: 309836
	295  -  MemoryUsage of job (MB)
	302004  -  ResidentSetSize of job (KB)
...
005 (19534020.000.000) 2026-06-02 16:42:59 Job terminated.
	(1) Normal termination (return value 0)
		Usr 0 00:16:06, Sys 0 00:00:11  -  Run Remote Usage
		Usr 0 00:00:00, Sys 0 00:00:00  -  Run Local Usage
		Usr 0 00:16:06, Sys 0 00:00:11  -  Total Remote Usage
		Usr 0 00:00:00, Sys 0 00:00:00  -  Total Local Usage
	0  -  Run Bytes Sent By Job
	0  -  Run Bytes Received By Job
	0  -  Total Bytes Sent By Job
	0  -  Total Bytes Received By Job
	Partitionable Resources :    Usage  Request Allocated 
	   admin_mutex_1         :                           0 
	   admin_mutex_2         :                           0 
	   admin_mutex_3         :                           0 
	   Cpus                  :     0.98        1         1 
	   Disk (KB)             :    10        2048      5480 
	   GPUs                  :                           0 
	   machine_token         :                           0 
	   Memory (MB)           :   295        6000      6016 
	   TimeExecute (s)       :  1036                       
	   TimeSlotBusy (s)      :  1036                       

	Job terminated of its own accord at 2026-06-02T21:42:59Z with exit-code 0.
...
