000 (19534300.000.000) 2026-06-02 15:52:10 Job submitted from host: <10.128.10.103:9618?addrs=10.128.10.103-9618&alias=npx-submitter.icecube.wisc.edu&noUDP&sock=schedd_2449_6386>
    DAG Node: Drootprod_20190408_65557
...
001 (19534300.000.000) 2026-06-02 16:31:34 Job executing on host: <10.128.10.46:38435?addrs=10.128.10.46-38435&alias=n-m610-36.icecube.wisc.edu>
	SlotName: slot1_3@n-m610-36.icecube.wisc.edu
	admin_mutex_1 = 0
	admin_mutex_2 = 0
	admin_mutex_3 = 0
	CondorScratchDir = "/scratch/condor/dir_792850"
	Cpus = 1
	Disk = 3072
	GPUs = 0
	machine_token = 0
	Memory = 6016
...
006 (19534300.000.000) 2026-06-02 16:31:47 Image size of job updated: 121268
	119  -  MemoryUsage of job (MB)
	121268  -  ResidentSetSize of job (KB)
...
006 (19534300.000.000) 2026-06-02 16:36:47 Image size of job updated: 160836
	158  -  MemoryUsage of job (MB)
	160836  -  ResidentSetSize of job (KB)
...
006 (19534300.000.000) 2026-06-02 16:41:48 Image size of job updated: 309516
	303  -  MemoryUsage of job (MB)
	309516  -  ResidentSetSize of job (KB)
...
006 (19534300.000.000) 2026-06-02 16:42:22 Image size of job updated: 313440
	303  -  MemoryUsage of job (MB)
	309516  -  ResidentSetSize of job (KB)
...
005 (19534300.000.000) 2026-06-02 16:42:22 Job terminated.
	(1) Normal termination (return value 0)
		Usr 0 00:09:54, Sys 0 00:00:08  -  Run Remote Usage
		Usr 0 00:00:00, Sys 0 00:00:00  -  Run Local Usage
		Usr 0 00:09:54, Sys 0 00:00:08  -  Total Remote Usage
		Usr 0 00:00:00, Sys 0 00:00:00  -  Total Local Usage
	0  -  Run Bytes Sent By Job
	0  -  Run Bytes Received By Job
	0  -  Total Bytes Sent By Job
	0  -  Total Bytes Received By Job
	Partitionable Resources :    Usage  Request Allocated 
	   admin_mutex_1         :                           0 
	   admin_mutex_2         :                           0 
	   admin_mutex_3         :                           0 
	   Cpus                  :     0.98        1         1 
	   Disk (KB)             :    10        2048      3072 
	   GPUs                  :                           0 
	   machine_token         :                           0 
	   Memory (MB)           :   303        6000      6016 
	   TimeExecute (s)       :   648                       
	   TimeSlotBusy (s)      :   648                       

	Job terminated of its own accord at 2026-06-02T21:42:22Z with exit-code 0.
...
