000 (19537564.000.000) 2026-06-02 15:59:14 Job submitted from host: <10.128.10.103:9618?addrs=10.128.10.103-9618&alias=npx-submitter.icecube.wisc.edu&noUDP&sock=schedd_2449_6386>
    DAG Node: Drootprod_20191121_94148
...
001 (19537564.000.000) 2026-06-02 17:39:41 Job executing on host: <10.128.10.192:35633?addrs=10.128.10.192-35633&alias=n-smepyc-05.icecube.wisc.edu>
	SlotName: slot1_42@n-smepyc-05.icecube.wisc.edu
	admin_mutex_1 = 0
	admin_mutex_2 = 0
	admin_mutex_3 = 0
	CondorScratchDir = "/scratch/condor/dir_443142"
	Cpus = 1
	Disk = 3072
	GPUs = 0
	machine_token = 0
	Memory = 6016
...
006 (19537564.000.000) 2026-06-02 17:39:54 Image size of job updated: 121964
	120  -  MemoryUsage of job (MB)
	121964  -  ResidentSetSize of job (KB)
...
006 (19537564.000.000) 2026-06-02 17:44:54 Image size of job updated: 163072
	160  -  MemoryUsage of job (MB)
	163072  -  ResidentSetSize of job (KB)
...
006 (19537564.000.000) 2026-06-02 17:48:14 Image size of job updated: 298016
	160  -  MemoryUsage of job (MB)
	163072  -  ResidentSetSize of job (KB)
...
005 (19537564.000.000) 2026-06-02 17:48:14 Job terminated.
	(1) Normal termination (return value 0)
		Usr 0 00:08:05, Sys 0 00:00:07  -  Run Remote Usage
		Usr 0 00:00:00, Sys 0 00:00:00  -  Run Local Usage
		Usr 0 00:08:05, Sys 0 00:00:07  -  Total Remote Usage
		Usr 0 00:00:00, Sys 0 00:00:00  -  Total Local Usage
	0  -  Run Bytes Sent By Job
	0  -  Run Bytes Received By Job
	0  -  Total Bytes Sent By Job
	0  -  Total Bytes Received By Job
	Partitionable Resources :    Usage  Request Allocated 
	   admin_mutex_1         :                           0 
	   admin_mutex_2         :                           0 
	   admin_mutex_3         :                           0 
	   Cpus                  :     1.00        1         1 
	   Disk (KB)             :    15        2048      3072 
	   GPUs                  :                           0 
	   machine_token         :                           0 
	   Memory (MB)           :   160        6000      6016 
	   TimeExecute (s)       :   513                       
	   TimeSlotBusy (s)      :   514                       

	Job terminated of its own accord at 2026-06-02T22:48:14Z with exit-code 0.
...
