000 (19533103.000.000) 2026-06-02 15:49:38 Job submitted from host: <10.128.10.103:9618?addrs=10.128.10.103-9618&alias=npx-submitter.icecube.wisc.edu&noUDP&sock=schedd_2449_6386>
    DAG Node: Drootprod_20190118_4495
...
001 (19533103.000.000) 2026-06-02 16:04:09 Job executing on host: <10.128.10.115:33587?addrs=10.128.10.115-33587&alias=n-gibyte-00.icecube.wisc.edu>
	SlotName: slot1_7@n-gibyte-00.icecube.wisc.edu
	admin_mutex_1 = 0
	admin_mutex_2 = 0
	admin_mutex_3 = 0
	CondorScratchDir = "/scratch/condor/dir_2071539"
	Cpus = 1
	Disk = 5480
	GPUs = 0
	machine_token = 0
	Memory = 6016
...
006 (19533103.000.000) 2026-06-02 16:04:22 Image size of job updated: 119296
	117  -  MemoryUsage of job (MB)
	119296  -  ResidentSetSize of job (KB)
...
006 (19533103.000.000) 2026-06-02 16:09:22 Image size of job updated: 143516
	141  -  MemoryUsage of job (MB)
	143516  -  ResidentSetSize of job (KB)
...
006 (19533103.000.000) 2026-06-02 16:14:22 Image size of job updated: 165648
	162  -  MemoryUsage of job (MB)
	165648  -  ResidentSetSize of job (KB)
...
006 (19533103.000.000) 2026-06-02 16:19:23 Image size of job updated: 300308
	294  -  MemoryUsage of job (MB)
	300308  -  ResidentSetSize of job (KB)
...
006 (19533103.000.000) 2026-06-02 16:21:57 Image size of job updated: 311048
	294  -  MemoryUsage of job (MB)
	300308  -  ResidentSetSize of job (KB)
...
005 (19533103.000.000) 2026-06-02 16:21:57 Job terminated.
	(1) Normal termination (return value 0)
		Usr 0 00:16:18, Sys 0 00:00:12  -  Run Remote Usage
		Usr 0 00:00:00, Sys 0 00:00:00  -  Run Local Usage
		Usr 0 00:16:18, Sys 0 00:00:12  -  Total Remote Usage
		Usr 0 00:00:00, Sys 0 00:00:00  -  Total Local Usage
	0  -  Run Bytes Sent By Job
	0  -  Run Bytes Received By Job
	0  -  Total Bytes Sent By Job
	0  -  Total Bytes Received By Job
	Partitionable Resources :    Usage  Request Allocated 
	   admin_mutex_1         :                           0 
	   admin_mutex_2         :                           0 
	   admin_mutex_3         :                           0 
	   Cpus                  :     0.98        1         1 
	   Disk (KB)             :    15        2048      5480 
	   GPUs                  :                           0 
	   machine_token         :                           0 
	   Memory (MB)           :   294        6000      6016 
	   TimeExecute (s)       :  1068                       
	   TimeSlotBusy (s)      :  1069                       

	Job terminated of its own accord at 2026-06-02T21:21:57Z with exit-code 0.
...
