000 (19533243.000.000) 2026-06-02 15:49:57 Job submitted from host: <10.128.10.103:9618?addrs=10.128.10.103-9618&alias=npx-submitter.icecube.wisc.edu&noUDP&sock=schedd_2449_6386>
    DAG Node: Drootprod_20180211_82774
...
001 (19533243.000.000) 2026-06-02 16:09:36 Job executing on host: <10.128.11.104:41225?addrs=10.128.11.104-41225&alias=n-r720-45.icecube.wisc.edu>
	SlotName: slot1_28@n-r720-45.icecube.wisc.edu
	admin_mutex_1 = 0
	admin_mutex_2 = 0
	admin_mutex_3 = 0
	CondorScratchDir = "/scratch/condor/dir_1003172"
	Cpus = 1
	Disk = 3717
	GPUs = 0
	machine_token = 0
	Memory = 6016
...
006 (19533243.000.000) 2026-06-02 16:09:50 Image size of job updated: 118796
	117  -  MemoryUsage of job (MB)
	118796  -  ResidentSetSize of job (KB)
...
006 (19533243.000.000) 2026-06-02 16:14:51 Image size of job updated: 149776
	147  -  MemoryUsage of job (MB)
	149776  -  ResidentSetSize of job (KB)
...
006 (19533243.000.000) 2026-06-02 16:19:52 Image size of job updated: 173816
	170  -  MemoryUsage of job (MB)
	173816  -  ResidentSetSize of job (KB)
...
006 (19533243.000.000) 2026-06-02 16:24:52 Image size of job updated: 309460
	303  -  MemoryUsage of job (MB)
	309460  -  ResidentSetSize of job (KB)
...
006 (19533243.000.000) 2026-06-02 16:27:27 Image size of job updated: 454328
	303  -  MemoryUsage of job (MB)
	309460  -  ResidentSetSize of job (KB)
...
005 (19533243.000.000) 2026-06-02 16:27:27 Job terminated.
	(1) Normal termination (return value 0)
		Usr 0 00:16:22, Sys 0 00:00:15  -  Run Remote Usage
		Usr 0 00:00:00, Sys 0 00:00:00  -  Run Local Usage
		Usr 0 00:16:22, Sys 0 00:00:15  -  Total Remote Usage
		Usr 0 00:00:00, Sys 0 00:00:00  -  Total Local Usage
	0  -  Run Bytes Sent By Job
	0  -  Run Bytes Received By Job
	0  -  Total Bytes Sent By Job
	0  -  Total Bytes Received By Job
	Partitionable Resources :    Usage  Request Allocated 
	   admin_mutex_1         :                           0 
	   admin_mutex_2         :                           0 
	   admin_mutex_3         :                           0 
	   Cpus                  :     0.93        1         1 
	   Disk (KB)             :    12        2048      3717 
	   GPUs                  :                           0 
	   machine_token         :                           0 
	   Memory (MB)           :   303        6000      6016 
	   TimeExecute (s)       :  1071                       
	   TimeSlotBusy (s)      :  1071                       

	Job terminated of its own accord at 2026-06-02T21:27:27Z with exit-code 0.
...
