000 (19537419.000.000) 2026-06-02 15:58:48 Job submitted from host: <10.128.10.103:9618?addrs=10.128.10.103-9618&alias=npx-submitter.icecube.wisc.edu&noUDP&sock=schedd_2449_6386>
    DAG Node: Drootprod_20181122_87781
...
001 (19537419.000.000) 2026-06-02 17:37:32 Job executing on host: <10.128.11.112:41791?addrs=10.128.11.112-41791&alias=n-r720-53.icecube.wisc.edu>
	SlotName: slot1_4@n-r720-53.icecube.wisc.edu
	admin_mutex_1 = 0
	admin_mutex_2 = 0
	admin_mutex_3 = 0
	CondorScratchDir = "/scratch/condor/dir_1300596"
	Cpus = 1
	Disk = 3717
	GPUs = 0
	machine_token = 0
	Memory = 6016
...
006 (19537419.000.000) 2026-06-02 17:37:46 Image size of job updated: 119420
	117  -  MemoryUsage of job (MB)
	119420  -  ResidentSetSize of job (KB)
...
006 (19537419.000.000) 2026-06-02 17:42:47 Image size of job updated: 142844
	140  -  MemoryUsage of job (MB)
	142844  -  ResidentSetSize of job (KB)
...
006 (19537419.000.000) 2026-06-02 17:47:47 Image size of job updated: 162844
	160  -  MemoryUsage of job (MB)
	162844  -  ResidentSetSize of job (KB)
...
006 (19537419.000.000) 2026-06-02 17:52:48 Image size of job updated: 294020
	288  -  MemoryUsage of job (MB)
	294020  -  ResidentSetSize of job (KB)
...
006 (19537419.000.000) 2026-06-02 17:53:41 Image size of job updated: 297080
	288  -  MemoryUsage of job (MB)
	294020  -  ResidentSetSize of job (KB)
...
005 (19537419.000.000) 2026-06-02 17:53:41 Job terminated.
	(1) Normal termination (return value 0)
		Usr 0 00:15:30, Sys 0 00:00:09  -  Run Remote Usage
		Usr 0 00:00:00, Sys 0 00:00:00  -  Run Local Usage
		Usr 0 00:15:30, Sys 0 00:00:09  -  Total Remote Usage
		Usr 0 00:00:00, Sys 0 00:00:00  -  Total Local Usage
	0  -  Run Bytes Sent By Job
	0  -  Run Bytes Received By Job
	0  -  Total Bytes Sent By Job
	0  -  Total Bytes Received By Job
	Partitionable Resources :    Usage  Request Allocated 
	   admin_mutex_1         :                           0 
	   admin_mutex_2         :                           0 
	   admin_mutex_3         :                           0 
	   Cpus                  :     0.96        1         1 
	   Disk (KB)             :    10        2048      3717 
	   GPUs                  :                           0 
	   machine_token         :                           0 
	   Memory (MB)           :   288        6000      6016 
	   TimeExecute (s)       :   969                       
	   TimeSlotBusy (s)      :   969                       

	Job terminated of its own accord at 2026-06-02T22:53:41Z with exit-code 0.
...
