000 (19533693.000.000) 2026-06-02 15:50:57 Job submitted from host: <10.128.10.103:9618?addrs=10.128.10.103-9618&alias=npx-submitter.icecube.wisc.edu&noUDP&sock=schedd_2449_6386>
    DAG Node: Drootprod_20180317_27937
...
001 (19533693.000.000) 2026-06-02 16:19:29 Job executing on host: <10.128.10.189:44027?addrs=10.128.10.189-44027&alias=n-smepyc-02.icecube.wisc.edu>
	SlotName: slot1_18@n-smepyc-02.icecube.wisc.edu
	admin_mutex_1 = 0
	admin_mutex_2 = 0
	admin_mutex_3 = 0
	CondorScratchDir = "/scratch/condor/dir_336631"
	Cpus = 1
	Disk = 3072
	GPUs = 0
	machine_token = 0
	Memory = 6016
...
006 (19533693.000.000) 2026-06-02 16:19:43 Image size of job updated: 122760
	120  -  MemoryUsage of job (MB)
	122760  -  ResidentSetSize of job (KB)
...
006 (19533693.000.000) 2026-06-02 16:24:44 Image size of job updated: 173488
	170  -  MemoryUsage of job (MB)
	173488  -  ResidentSetSize of job (KB)
...
006 (19533693.000.000) 2026-06-02 16:29:21 Image size of job updated: 467300
	170  -  MemoryUsage of job (MB)
	173488  -  ResidentSetSize of job (KB)
...
005 (19533693.000.000) 2026-06-02 16:29:21 Job terminated.
	(1) Normal termination (return value 0)
		Usr 0 00:08:56, Sys 0 00:00:09  -  Run Remote Usage
		Usr 0 00:00:00, Sys 0 00:00:00  -  Run Local Usage
		Usr 0 00:08:56, Sys 0 00:00:09  -  Total Remote Usage
		Usr 0 00:00:00, Sys 0 00:00:00  -  Total Local Usage
	0  -  Run Bytes Sent By Job
	0  -  Run Bytes Received By Job
	0  -  Total Bytes Sent By Job
	0  -  Total Bytes Received By Job
	Partitionable Resources :    Usage  Request Allocated 
	   admin_mutex_1         :                           0 
	   admin_mutex_2         :                           0 
	   admin_mutex_3         :                           0 
	   Cpus                  :     0.91        1         1 
	   Disk (KB)             :    10        2048      3072 
	   GPUs                  :                           0 
	   machine_token         :                           0 
	   Memory (MB)           :   170        6000      6016 
	   TimeExecute (s)       :   592                       
	   TimeSlotBusy (s)      :   592                       

	Job terminated of its own accord at 2026-06-02T21:29:21Z with exit-code 0.
...
