000 (19536234.000.000) 2026-06-02 15:56:02 Job submitted from host: <10.128.10.103:9618?addrs=10.128.10.103-9618&alias=npx-submitter.icecube.wisc.edu&noUDP&sock=schedd_2449_6386>
    DAG Node: Drootprod_20180825_74960
...
001 (19536234.000.000) 2026-06-02 17:16:33 Job executing on host: <10.128.10.115:33587?addrs=10.128.10.115-33587&alias=n-gibyte-00.icecube.wisc.edu>
	SlotName: slot1_359@n-gibyte-00.icecube.wisc.edu
	admin_mutex_1 = 0
	admin_mutex_2 = 0
	admin_mutex_3 = 0
	CondorScratchDir = "/scratch/condor/dir_2350496"
	Cpus = 1
	Disk = 5480
	GPUs = 0
	machine_token = 0
	Memory = 6016
...
006 (19536234.000.000) 2026-06-02 17:16:46 Image size of job updated: 119520
	117  -  MemoryUsage of job (MB)
	119520  -  ResidentSetSize of job (KB)
...
006 (19536234.000.000) 2026-06-02 17:21:46 Image size of job updated: 144724
	142  -  MemoryUsage of job (MB)
	144724  -  ResidentSetSize of job (KB)
...
006 (19536234.000.000) 2026-06-02 17:26:46 Image size of job updated: 168760
	165  -  MemoryUsage of job (MB)
	168760  -  ResidentSetSize of job (KB)
...
006 (19536234.000.000) 2026-06-02 17:31:47 Image size of job updated: 303684
	297  -  MemoryUsage of job (MB)
	303684  -  ResidentSetSize of job (KB)
...
006 (19536234.000.000) 2026-06-02 17:35:52 Image size of job updated: 459848
	297  -  MemoryUsage of job (MB)
	303684  -  ResidentSetSize of job (KB)
...
005 (19536234.000.000) 2026-06-02 17:35:52 Job terminated.
	(1) Normal termination (return value 0)
		Usr 0 00:18:23, Sys 0 00:00:13  -  Run Remote Usage
		Usr 0 00:00:00, Sys 0 00:00:00  -  Run Local Usage
		Usr 0 00:18:23, Sys 0 00:00:13  -  Total Remote Usage
		Usr 0 00:00:00, Sys 0 00:00:00  -  Total Local Usage
	0  -  Run Bytes Sent By Job
	0  -  Run Bytes Received By Job
	0  -  Total Bytes Sent By Job
	0  -  Total Bytes Received By Job
	Partitionable Resources :    Usage  Request Allocated 
	   admin_mutex_1         :                           0 
	   admin_mutex_2         :                           0 
	   admin_mutex_3         :                           0 
	   Cpus                  :     0.99        1         1 
	   Disk (KB)             :    10        2048      5480 
	   GPUs                  :                           0 
	   machine_token         :                           0 
	   Memory (MB)           :   297        6000      6016 
	   TimeExecute (s)       :  1159                       
	   TimeSlotBusy (s)      :  1160                       

	Job terminated of its own accord at 2026-06-02T22:35:52Z with exit-code 0.
...
