000 (19536533.000.000) 2026-06-02 15:56:40 Job submitted from host: <10.128.10.103:9618?addrs=10.128.10.103-9618&alias=npx-submitter.icecube.wisc.edu&noUDP&sock=schedd_2449_6386>
    DAG Node: Drootprod_20180917_68367
...
001 (19536533.000.000) 2026-06-02 17:22:34 Job executing on host: <10.128.10.47:33717?addrs=10.128.10.47-33717&alias=n-m610-37.icecube.wisc.edu>
	SlotName: slot1_3@n-m610-37.icecube.wisc.edu
	admin_mutex_1 = 0
	admin_mutex_2 = 0
	admin_mutex_3 = 0
	CondorScratchDir = "/scratch/condor/dir_2070919"
	Cpus = 1
	Disk = 3072
	GPUs = 0
	machine_token = 0
	Memory = 6016
...
006 (19536533.000.000) 2026-06-02 17:22:48 Image size of job updated: 121616
	119  -  MemoryUsage of job (MB)
	121616  -  ResidentSetSize of job (KB)
...
006 (19536533.000.000) 2026-06-02 17:27:49 Image size of job updated: 157964
	155  -  MemoryUsage of job (MB)
	157964  -  ResidentSetSize of job (KB)
...
006 (19536533.000.000) 2026-06-02 17:32:50 Image size of job updated: 302744
	296  -  MemoryUsage of job (MB)
	302744  -  ResidentSetSize of job (KB)
...
006 (19536533.000.000) 2026-06-02 17:36:25 Image size of job updated: 459672
	296  -  MemoryUsage of job (MB)
	302744  -  ResidentSetSize of job (KB)
...
005 (19536533.000.000) 2026-06-02 17:36:25 Job terminated.
	(1) Normal termination (return value 0)
		Usr 0 00:13:11, Sys 0 00:00:10  -  Run Remote Usage
		Usr 0 00:00:00, Sys 0 00:00:00  -  Run Local Usage
		Usr 0 00:13:11, Sys 0 00:00:10  -  Total Remote Usage
		Usr 0 00:00:00, Sys 0 00:00:00  -  Total Local Usage
	0  -  Run Bytes Sent By Job
	0  -  Run Bytes Received By Job
	0  -  Total Bytes Sent By Job
	0  -  Total Bytes Received By Job
	Partitionable Resources :    Usage  Request Allocated 
	   admin_mutex_1         :                           0 
	   admin_mutex_2         :                           0 
	   admin_mutex_3         :                           0 
	   Cpus                  :     0.97        1         1 
	   Disk (KB)             :    12        2048      3072 
	   GPUs                  :                           0 
	   machine_token         :                           0 
	   Memory (MB)           :   296        6000      6016 
	   TimeExecute (s)       :   831                       
	   TimeSlotBusy (s)      :   831                       

	Job terminated of its own accord at 2026-06-02T22:36:25Z with exit-code 0.
...
