000 (19532828.000.000) 2026-06-02 15:48:54 Job submitted from host: <10.128.10.103:9618?addrs=10.128.10.103-9618&alias=npx-submitter.icecube.wisc.edu&noUDP&sock=schedd_2449_6386>
    DAG Node: Drootprod_20180110_9396
...
001 (19532828.000.000) 2026-06-02 15:53:21 Job executing on host: <10.128.10.116:38163?addrs=10.128.10.116-38163&alias=n-gibyte-01.icecube.wisc.edu>
	SlotName: slot1_99@n-gibyte-01.icecube.wisc.edu
	admin_mutex_1 = 0
	admin_mutex_2 = 0
	admin_mutex_3 = 0
	CondorScratchDir = "/scratch/condor/dir_2390211"
	Cpus = 1
	Disk = 5480
	GPUs = 0
	machine_token = 0
	Memory = 6016
...
006 (19532828.000.000) 2026-06-02 15:53:35 Image size of job updated: 119344
	117  -  MemoryUsage of job (MB)
	119344  -  ResidentSetSize of job (KB)
...
006 (19532828.000.000) 2026-06-02 15:58:36 Image size of job updated: 144156
	141  -  MemoryUsage of job (MB)
	144156  -  ResidentSetSize of job (KB)
...
006 (19532828.000.000) 2026-06-02 16:03:36 Image size of job updated: 163856
	161  -  MemoryUsage of job (MB)
	163856  -  ResidentSetSize of job (KB)
...
006 (19532828.000.000) 2026-06-02 16:08:37 Image size of job updated: 295428
	289  -  MemoryUsage of job (MB)
	295428  -  ResidentSetSize of job (KB)
...
006 (19532828.000.000) 2026-06-02 16:13:37 Image size of job updated: 313692
	307  -  MemoryUsage of job (MB)
	313692  -  ResidentSetSize of job (KB)
...
006 (19532828.000.000) 2026-06-02 16:18:18 Image size of job updated: 466584
	307  -  MemoryUsage of job (MB)
	313692  -  ResidentSetSize of job (KB)
...
005 (19532828.000.000) 2026-06-02 16:18:18 Job terminated.
	(1) Normal termination (return value 0)
		Usr 0 00:23:32, Sys 0 00:00:13  -  Run Remote Usage
		Usr 0 00:00:00, Sys 0 00:00:00  -  Run Local Usage
		Usr 0 00:23:32, Sys 0 00:00:13  -  Total Remote Usage
		Usr 0 00:00:00, Sys 0 00:00:00  -  Total Local Usage
	0  -  Run Bytes Sent By Job
	0  -  Run Bytes Received By Job
	0  -  Total Bytes Sent By Job
	0  -  Total Bytes Received By Job
	Partitionable Resources :    Usage  Request Allocated 
	   admin_mutex_1         :                           0 
	   admin_mutex_2         :                           0 
	   admin_mutex_3         :                           0 
	   Cpus                  :     0.99        1         1 
	   Disk (KB)             :    15        2048      5480 
	   GPUs                  :                           0 
	   machine_token         :                           0 
	   Memory (MB)           :   307        6000      6016 
	   TimeExecute (s)       :  1497                       
	   TimeSlotBusy (s)      :  1497                       

	Job terminated of its own accord at 2026-06-02T21:18:18Z with exit-code 0.
...
