000 (19536753.000.000) 2026-06-02 15:57:09 Job submitted from host: <10.128.10.103:9618?addrs=10.128.10.103-9618&alias=npx-submitter.icecube.wisc.edu&noUDP&sock=schedd_2449_6386>
    DAG Node: Drootprod_20180930_85404
...
001 (19536753.000.000) 2026-06-02 17:26:12 Job executing on host: <10.128.10.192:35633?addrs=10.128.10.192-35633&alias=n-smepyc-05.icecube.wisc.edu>
	SlotName: slot1_31@n-smepyc-05.icecube.wisc.edu
	admin_mutex_1 = 0
	admin_mutex_2 = 0
	admin_mutex_3 = 0
	CondorScratchDir = "/scratch/condor/dir_392311"
	Cpus = 1
	Disk = 3072
	GPUs = 0
	machine_token = 0
	Memory = 6016
...
006 (19536753.000.000) 2026-06-02 17:26:25 Image size of job updated: 122004
	120  -  MemoryUsage of job (MB)
	122004  -  ResidentSetSize of job (KB)
...
006 (19536753.000.000) 2026-06-02 17:31:25 Image size of job updated: 166572
	163  -  MemoryUsage of job (MB)
	166572  -  ResidentSetSize of job (KB)
...
006 (19536753.000.000) 2026-06-02 17:36:26 Image size of job updated: 454992
	445  -  MemoryUsage of job (MB)
	454992  -  ResidentSetSize of job (KB)
...
006 (19536753.000.000) 2026-06-02 17:37:11 Image size of job updated: 460076
	445  -  MemoryUsage of job (MB)
	454992  -  ResidentSetSize of job (KB)
...
005 (19536753.000.000) 2026-06-02 17:37:11 Job terminated.
	(1) Normal termination (return value 0)
		Usr 0 00:10:25, Sys 0 00:00:09  -  Run Remote Usage
		Usr 0 00:00:00, Sys 0 00:00:00  -  Run Local Usage
		Usr 0 00:10:25, Sys 0 00:00:09  -  Total Remote Usage
		Usr 0 00:00:00, Sys 0 00:00:00  -  Total Local Usage
	0  -  Run Bytes Sent By Job
	0  -  Run Bytes Received By Job
	0  -  Total Bytes Sent By Job
	0  -  Total Bytes Received By Job
	Partitionable Resources :    Usage  Request Allocated 
	   admin_mutex_1         :                           0 
	   admin_mutex_2         :                           0 
	   admin_mutex_3         :                           0 
	   Cpus                  :     0.98        1         1 
	   Disk (KB)             :    10        2048      3072 
	   GPUs                  :                           0 
	   machine_token         :                           0 
	   Memory (MB)           :   445        6000      6016 
	   TimeExecute (s)       :   659                       
	   TimeSlotBusy (s)      :   659                       

	Job terminated of its own accord at 2026-06-02T22:37:11Z with exit-code 0.
...
