000 (19535212.000.000) 2026-06-02 15:53:51 Job submitted from host: <10.128.10.103:9618?addrs=10.128.10.103-9618&alias=npx-submitter.icecube.wisc.edu&noUDP&sock=schedd_2449_6386>
    DAG Node: Drootprod_20180616_80813
...
001 (19535212.000.000) 2026-06-02 16:48:18 Job executing on host: <10.128.10.166:41035?addrs=10.128.10.166-41035&alias=n-gpu-30.icecube.wisc.edu>
	SlotName: slot1_6@n-gpu-30.icecube.wisc.edu
	admin_mutex_1 = 0
	admin_mutex_2 = 0
	admin_mutex_3 = 0
	AvailableGPUs = {  }
	CondorScratchDir = "/scratch/condor/dir_2285896"
	Cpus = 1
	Disk = 3072
	GPUs = 0
	machine_token = 0
	Memory = 6016
...
006 (19535212.000.000) 2026-06-02 16:48:31 Image size of job updated: 122000
	120  -  MemoryUsage of job (MB)
	122000  -  ResidentSetSize of job (KB)
...
006 (19535212.000.000) 2026-06-02 16:53:31 Image size of job updated: 166168
	163  -  MemoryUsage of job (MB)
	166168  -  ResidentSetSize of job (KB)
...
006 (19535212.000.000) 2026-06-02 16:58:12 Image size of job updated: 310912
	163  -  MemoryUsage of job (MB)
	166168  -  ResidentSetSize of job (KB)
...
005 (19535212.000.000) 2026-06-02 16:58:13 Job terminated.
	(1) Normal termination (return value 0)
		Usr 0 00:09:21, Sys 0 00:00:08  -  Run Remote Usage
		Usr 0 00:00:00, Sys 0 00:00:00  -  Run Local Usage
		Usr 0 00:09:21, Sys 0 00:00:08  -  Total Remote Usage
		Usr 0 00:00:00, Sys 0 00:00:00  -  Total Local Usage
	0  -  Run Bytes Sent By Job
	0  -  Run Bytes Received By Job
	0  -  Total Bytes Sent By Job
	0  -  Total Bytes Received By Job
	Partitionable Resources :    Usage  Request Allocated 
	   admin_mutex_1         :                           0 
	   admin_mutex_2         :                           0 
	   admin_mutex_3         :                           0 
	   Cpus                  :     0.97        1         1 
	   Disk (KB)             :    10        2048      3072 
	   GPUs                  :                           0 
	   machine_token         :                           0 
	   Memory (MB)           :   163        6000      6016 
	   TimeExecute (s)       :   594                       
	   TimeSlotBusy (s)      :   594                       

	Job terminated of its own accord at 2026-06-02T21:58:12Z with exit-code 0.
...
