000 (19534309.000.000) 2026-06-02 15:52:11 Job submitted from host: <10.128.10.103:9618?addrs=10.128.10.103-9618&alias=npx-submitter.icecube.wisc.edu&noUDP&sock=schedd_2449_6386>
    DAG Node: Drootprod_20180425_80207
...
001 (19534309.000.000) 2026-06-02 16:31:56 Job executing on host: <10.128.11.112:41791?addrs=10.128.11.112-41791&alias=n-r720-53.icecube.wisc.edu>
	SlotName: slot1_2@n-r720-53.icecube.wisc.edu
	admin_mutex_1 = 0
	admin_mutex_2 = 0
	admin_mutex_3 = 0
	CondorScratchDir = "/scratch/condor/dir_1071189"
	Cpus = 1
	Disk = 3717
	GPUs = 0
	machine_token = 0
	Memory = 6016
...
006 (19534309.000.000) 2026-06-02 16:32:09 Image size of job updated: 118864
	117  -  MemoryUsage of job (MB)
	118864  -  ResidentSetSize of job (KB)
...
006 (19534309.000.000) 2026-06-02 16:37:09 Image size of job updated: 143324
	140  -  MemoryUsage of job (MB)
	143324  -  ResidentSetSize of job (KB)
...
006 (19534309.000.000) 2026-06-02 16:42:09 Image size of job updated: 163428
	160  -  MemoryUsage of job (MB)
	163428  -  ResidentSetSize of job (KB)
...
006 (19534309.000.000) 2026-06-02 16:47:10 Image size of job updated: 294632
	288  -  MemoryUsage of job (MB)
	294632  -  ResidentSetSize of job (KB)
...
006 (19534309.000.000) 2026-06-02 16:52:10 Image size of job updated: 313524
	307  -  MemoryUsage of job (MB)
	313524  -  ResidentSetSize of job (KB)
...
006 (19534309.000.000) 2026-06-02 16:55:04 Image size of job updated: 459184
	307  -  MemoryUsage of job (MB)
	313524  -  ResidentSetSize of job (KB)
...
005 (19534309.000.000) 2026-06-02 16:55:04 Job terminated.
	(1) Normal termination (return value 0)
		Usr 0 00:22:08, Sys 0 00:00:14  -  Run Remote Usage
		Usr 0 00:00:00, Sys 0 00:00:00  -  Run Local Usage
		Usr 0 00:22:08, Sys 0 00:00:14  -  Total Remote Usage
		Usr 0 00:00:00, Sys 0 00:00:00  -  Total Local Usage
	0  -  Run Bytes Sent By Job
	0  -  Run Bytes Received By Job
	0  -  Total Bytes Sent By Job
	0  -  Total Bytes Received By Job
	Partitionable Resources :    Usage  Request Allocated 
	   admin_mutex_1         :                           0 
	   admin_mutex_2         :                           0 
	   admin_mutex_3         :                           0 
	   Cpus                  :     0.98        1         1 
	   Disk (KB)             :    10        2048      3717 
	   GPUs                  :                           0 
	   machine_token         :                           0 
	   Memory (MB)           :   307        6000      6016 
	   TimeExecute (s)       :  1389                       
	   TimeSlotBusy (s)      :  1389                       

	Job terminated of its own accord at 2026-06-02T21:55:04Z with exit-code 0.
...
