000 (19533162.000.000) 2026-06-02 15:49:46 Job submitted from host: <10.128.10.103:9618?addrs=10.128.10.103-9618&alias=npx-submitter.icecube.wisc.edu&noUDP&sock=schedd_2449_6386>
    DAG Node: Drootprod_20180205_43637
...
001 (19533162.000.000) 2026-06-02 16:06:20 Job executing on host: <10.128.10.115:33587?addrs=10.128.10.115-33587&alias=n-gibyte-00.icecube.wisc.edu>
	SlotName: slot1_418@n-gibyte-00.icecube.wisc.edu
	admin_mutex_1 = 0
	admin_mutex_2 = 0
	admin_mutex_3 = 0
	CondorScratchDir = "/scratch/condor/dir_2079062"
	Cpus = 1
	Disk = 5480
	GPUs = 0
	machine_token = 0
	Memory = 6016
...
006 (19533162.000.000) 2026-06-02 16:06:34 Image size of job updated: 119092
	117  -  MemoryUsage of job (MB)
	119092  -  ResidentSetSize of job (KB)
...
006 (19533162.000.000) 2026-06-02 16:11:35 Image size of job updated: 143512
	141  -  MemoryUsage of job (MB)
	143512  -  ResidentSetSize of job (KB)
...
006 (19533162.000.000) 2026-06-02 16:16:36 Image size of job updated: 170604
	167  -  MemoryUsage of job (MB)
	170604  -  ResidentSetSize of job (KB)
...
006 (19533162.000.000) 2026-06-02 16:21:36 Image size of job updated: 304788
	298  -  MemoryUsage of job (MB)
	304788  -  ResidentSetSize of job (KB)
...
006 (19533162.000.000) 2026-06-02 16:26:37 Image size of job updated: 460764
	450  -  MemoryUsage of job (MB)
	460764  -  ResidentSetSize of job (KB)
...
006 (19533162.000.000) 2026-06-02 16:27:23 Image size of job updated: 463728
	450  -  MemoryUsage of job (MB)
	460764  -  ResidentSetSize of job (KB)
...
005 (19533162.000.000) 2026-06-02 16:27:23 Job terminated.
	(1) Normal termination (return value 0)
		Usr 0 00:19:35, Sys 0 00:00:14  -  Run Remote Usage
		Usr 0 00:00:00, Sys 0 00:00:00  -  Run Local Usage
		Usr 0 00:19:35, Sys 0 00:00:14  -  Total Remote Usage
		Usr 0 00:00:00, Sys 0 00:00:00  -  Total Local Usage
	0  -  Run Bytes Sent By Job
	0  -  Run Bytes Received By Job
	0  -  Total Bytes Sent By Job
	0  -  Total Bytes Received By Job
	Partitionable Resources :    Usage  Request Allocated 
	   admin_mutex_1         :                           0 
	   admin_mutex_2         :                           0 
	   admin_mutex_3         :                           0 
	   Cpus                  :     0.97        1         1 
	   Disk (KB)             :    12        2048      5480 
	   GPUs                  :                           0 
	   machine_token         :                           0 
	   Memory (MB)           :   450        6000      6016 
	   TimeExecute (s)       :  1263                       
	   TimeSlotBusy (s)      :  1263                       

	Job terminated of its own accord at 2026-06-02T21:27:23Z with exit-code 0.
...
