000 (19535371.000.000) 2026-06-02 15:54:11 Job submitted from host: <10.128.10.103:9618?addrs=10.128.10.103-9618&alias=npx-submitter.icecube.wisc.edu&noUDP&sock=schedd_2449_6386>
    DAG Node: Drootprod_20180626_36168
...
001 (19535371.000.000) 2026-06-02 16:52:02 Job executing on host: <10.128.10.117:43719?addrs=10.128.10.117-43719&alias=n-gibyte-02.icecube.wisc.edu>
	SlotName: slot1_268@n-gibyte-02.icecube.wisc.edu
	admin_mutex_1 = 0
	admin_mutex_2 = 0
	admin_mutex_3 = 0
	CondorScratchDir = "/scratch/condor/dir_3544075"
	Cpus = 1
	Disk = 5480
	GPUs = 0
	machine_token = 0
	Memory = 6016
...
006 (19535371.000.000) 2026-06-02 16:52:16 Image size of job updated: 119344
	117  -  MemoryUsage of job (MB)
	119344  -  ResidentSetSize of job (KB)
...
006 (19535371.000.000) 2026-06-02 16:57:17 Image size of job updated: 142656
	140  -  MemoryUsage of job (MB)
	142656  -  ResidentSetSize of job (KB)
...
006 (19535371.000.000) 2026-06-02 17:02:17 Image size of job updated: 161592
	158  -  MemoryUsage of job (MB)
	161592  -  ResidentSetSize of job (KB)
...
006 (19535371.000.000) 2026-06-02 17:07:18 Image size of job updated: 295028
	289  -  MemoryUsage of job (MB)
	295028  -  ResidentSetSize of job (KB)
...
006 (19535371.000.000) 2026-06-02 17:12:18 Image size of job updated: 313140
	306  -  MemoryUsage of job (MB)
	313140  -  ResidentSetSize of job (KB)
...
006 (19535371.000.000) 2026-06-02 17:14:07 Image size of job updated: 319484
	306  -  MemoryUsage of job (MB)
	313140  -  ResidentSetSize of job (KB)
...
005 (19535371.000.000) 2026-06-02 17:14:07 Job terminated.
	(1) Normal termination (return value 0)
		Usr 0 00:21:02, Sys 0 00:00:13  -  Run Remote Usage
		Usr 0 00:00:00, Sys 0 00:00:00  -  Run Local Usage
		Usr 0 00:21:02, Sys 0 00:00:13  -  Total Remote Usage
		Usr 0 00:00:00, Sys 0 00:00:00  -  Total Local Usage
	0  -  Run Bytes Sent By Job
	0  -  Run Bytes Received By Job
	0  -  Total Bytes Sent By Job
	0  -  Total Bytes Received By Job
	Partitionable Resources :    Usage  Request Allocated 
	   admin_mutex_1         :                           0 
	   admin_mutex_2         :                           0 
	   admin_mutex_3         :                           0 
	   Cpus                  :     0.99        1         1 
	   Disk (KB)             :    12        2048      5480 
	   GPUs                  :                           0 
	   machine_token         :                           0 
	   Memory (MB)           :   306        6000      6016 
	   TimeExecute (s)       :  1325                       
	   TimeSlotBusy (s)      :  1326                       

	Job terminated of its own accord at 2026-06-02T22:14:07Z with exit-code 0.
...
