000 (19537355.000.000) 2026-06-02 15:58:36 Job submitted from host: <10.128.10.103:9618?addrs=10.128.10.103-9618&alias=npx-submitter.icecube.wisc.edu&noUDP&sock=schedd_2449_6386>
    DAG Node: Drootprod_20181116_60478
...
001 (19537355.000.000) 2026-06-02 17:36:35 Job executing on host: <10.128.10.117:43719?addrs=10.128.10.117-43719&alias=n-gibyte-02.icecube.wisc.edu>
	SlotName: slot1_266@n-gibyte-02.icecube.wisc.edu
	admin_mutex_1 = 0
	admin_mutex_2 = 0
	admin_mutex_3 = 0
	CondorScratchDir = "/scratch/condor/dir_3732512"
	Cpus = 1
	Disk = 5480
	GPUs = 0
	machine_token = 0
	Memory = 6016
...
006 (19537355.000.000) 2026-06-02 17:36:49 Image size of job updated: 119848
	118  -  MemoryUsage of job (MB)
	119848  -  ResidentSetSize of job (KB)
...
006 (19537355.000.000) 2026-06-02 17:41:50 Image size of job updated: 145228
	142  -  MemoryUsage of job (MB)
	145228  -  ResidentSetSize of job (KB)
...
006 (19537355.000.000) 2026-06-02 17:46:50 Image size of job updated: 167752
	164  -  MemoryUsage of job (MB)
	167752  -  ResidentSetSize of job (KB)
...
006 (19537355.000.000) 2026-06-02 17:51:51 Image size of job updated: 182844
	179  -  MemoryUsage of job (MB)
	182844  -  ResidentSetSize of job (KB)
...
006 (19537355.000.000) 2026-06-02 17:56:52 Image size of job updated: 305680
	299  -  MemoryUsage of job (MB)
	305680  -  ResidentSetSize of job (KB)
...
006 (19537355.000.000) 2026-06-02 18:01:52 Image size of job updated: 318416
	311  -  MemoryUsage of job (MB)
	318416  -  ResidentSetSize of job (KB)
...
006 (19537355.000.000) 2026-06-02 18:03:20 Image size of job updated: 459600
	311  -  MemoryUsage of job (MB)
	318416  -  ResidentSetSize of job (KB)
...
005 (19537355.000.000) 2026-06-02 18:03:20 Job terminated.
	(1) Normal termination (return value 0)
		Usr 0 00:25:41, Sys 0 00:00:14  -  Run Remote Usage
		Usr 0 00:00:00, Sys 0 00:00:00  -  Run Local Usage
		Usr 0 00:25:41, Sys 0 00:00:14  -  Total Remote Usage
		Usr 0 00:00:00, Sys 0 00:00:00  -  Total Local Usage
	0  -  Run Bytes Sent By Job
	0  -  Run Bytes Received By Job
	0  -  Total Bytes Sent By Job
	0  -  Total Bytes Received By Job
	Partitionable Resources :    Usage  Request Allocated 
	   admin_mutex_1         :                           0 
	   admin_mutex_2         :                           0 
	   admin_mutex_3         :                           0 
	   Cpus                  :     0.98        1         1 
	   Disk (KB)             :    15        2048      5480 
	   GPUs                  :                           0 
	   machine_token         :                           0 
	   Memory (MB)           :   311        6000      6016 
	   TimeExecute (s)       :  1605                       
	   TimeSlotBusy (s)      :  1606                       

	Job terminated of its own accord at 2026-06-02T23:03:20Z with exit-code 0.
...
