000 (19535541.000.000) 2026-06-02 15:54:34 Job submitted from host: <10.128.10.103:9618?addrs=10.128.10.103-9618&alias=npx-submitter.icecube.wisc.edu&noUDP&sock=schedd_2449_6386>
    DAG Node: Drootprod_20180709_33830
...
001 (19535541.000.000) 2026-06-02 16:55:31 Job executing on host: <10.128.11.120:43379?addrs=10.128.11.120-43379&alias=n-r720-60.icecube.wisc.edu>
	SlotName: slot1_1@n-r720-60.icecube.wisc.edu
	admin_mutex_1 = 0
	admin_mutex_2 = 0
	admin_mutex_3 = 0
	CondorScratchDir = "/scratch/condor/dir_2453461"
	Cpus = 1
	Disk = 3072
	GPUs = 0
	machine_token = 0
	Memory = 6016
...
006 (19535541.000.000) 2026-06-02 16:55:45 Image size of job updated: 122772
	120  -  MemoryUsage of job (MB)
	122772  -  ResidentSetSize of job (KB)
...
006 (19535541.000.000) 2026-06-02 17:00:46 Image size of job updated: 177228
	174  -  MemoryUsage of job (MB)
	177228  -  ResidentSetSize of job (KB)
...
006 (19535541.000.000) 2026-06-02 17:02:07 Image size of job updated: 300224
	174  -  MemoryUsage of job (MB)
	177228  -  ResidentSetSize of job (KB)
...
005 (19535541.000.000) 2026-06-02 17:02:07 Job terminated.
	(1) Normal termination (return value 0)
		Usr 0 00:06:09, Sys 0 00:00:05  -  Run Remote Usage
		Usr 0 00:00:00, Sys 0 00:00:00  -  Run Local Usage
		Usr 0 00:06:09, Sys 0 00:00:05  -  Total Remote Usage
		Usr 0 00:00:00, Sys 0 00:00:00  -  Total Local Usage
	0  -  Run Bytes Sent By Job
	0  -  Run Bytes Received By Job
	0  -  Total Bytes Sent By Job
	0  -  Total Bytes Received By Job
	Partitionable Resources :    Usage  Request Allocated 
	   admin_mutex_1         :                           0 
	   admin_mutex_2         :                           0 
	   admin_mutex_3         :                           0 
	   Cpus                  :     0.99        1         1 
	   Disk (KB)             :     7        2048      3072 
	   GPUs                  :                           0 
	   machine_token         :                           0 
	   Memory (MB)           :   174        6000      6016 
	   TimeExecute (s)       :   396                       
	   TimeSlotBusy (s)      :   396                       

	Job terminated of its own accord at 2026-06-02T22:02:07Z with exit-code 0.
...
