000 (19537723.000.000) 2026-06-02 15:59:46 Job submitted from host: <10.128.10.103:9618?addrs=10.128.10.103-9618&alias=npx-submitter.icecube.wisc.edu&noUDP&sock=schedd_2449_6386>
    DAG Node: Drootprod_20181225_89138
...
001 (19537723.000.000) 2026-06-02 17:41:06 Job executing on host: <10.128.10.192:35633?addrs=10.128.10.192-35633&alias=n-smepyc-05.icecube.wisc.edu>
	SlotName: slot1_38@n-smepyc-05.icecube.wisc.edu
	admin_mutex_1 = 0
	admin_mutex_2 = 0
	admin_mutex_3 = 0
	CondorScratchDir = "/scratch/condor/dir_449840"
	Cpus = 1
	Disk = 3072
	GPUs = 0
	machine_token = 0
	Memory = 6016
...
006 (19537723.000.000) 2026-06-02 17:41:20 Image size of job updated: 122340
	120  -  MemoryUsage of job (MB)
	122340  -  ResidentSetSize of job (KB)
...
006 (19537723.000.000) 2026-06-02 17:46:20 Image size of job updated: 171312
	168  -  MemoryUsage of job (MB)
	171312  -  ResidentSetSize of job (KB)
...
006 (19537723.000.000) 2026-06-02 17:50:11 Image size of job updated: 311296
	168  -  MemoryUsage of job (MB)
	171312  -  ResidentSetSize of job (KB)
...
005 (19537723.000.000) 2026-06-02 17:50:11 Job terminated.
	(1) Normal termination (return value 0)
		Usr 0 00:08:32, Sys 0 00:00:08  -  Run Remote Usage
		Usr 0 00:00:00, Sys 0 00:00:00  -  Run Local Usage
		Usr 0 00:08:32, Sys 0 00:00:08  -  Total Remote Usage
		Usr 0 00:00:00, Sys 0 00:00:00  -  Total Local Usage
	0  -  Run Bytes Sent By Job
	0  -  Run Bytes Received By Job
	0  -  Total Bytes Sent By Job
	0  -  Total Bytes Received By Job
	Partitionable Resources :    Usage  Request Allocated 
	   admin_mutex_1         :                           0 
	   admin_mutex_2         :                           0 
	   admin_mutex_3         :                           0 
	   Cpus                  :     1.00        1         1 
	   Disk (KB)             :    15        2048      3072 
	   GPUs                  :                           0 
	   machine_token         :                           0 
	   Memory (MB)           :   168        6000      6016 
	   TimeExecute (s)       :   545                       
	   TimeSlotBusy (s)      :   545                       

	Job terminated of its own accord at 2026-06-02T22:50:11Z with exit-code 0.
...
