000 (19534430.000.000) 2026-06-02 15:52:24 Job submitted from host: <10.128.10.103:9618?addrs=10.128.10.103-9618&alias=npx-submitter.icecube.wisc.edu&noUDP&sock=schedd_2449_6386>
    DAG Node: Drootprod_20180503_27748
...
001 (19534430.000.000) 2026-06-02 16:34:17 Job executing on host: <10.128.10.192:35633?addrs=10.128.10.192-35633&alias=n-smepyc-05.icecube.wisc.edu>
	SlotName: slot1_43@n-smepyc-05.icecube.wisc.edu
	admin_mutex_1 = 0
	admin_mutex_2 = 0
	admin_mutex_3 = 0
	CondorScratchDir = "/scratch/condor/dir_194596"
	Cpus = 1
	Disk = 3072
	GPUs = 0
	machine_token = 0
	Memory = 6016
...
006 (19534430.000.000) 2026-06-02 16:34:30 Image size of job updated: 122548
	120  -  MemoryUsage of job (MB)
	122548  -  ResidentSetSize of job (KB)
...
006 (19534430.000.000) 2026-06-02 16:39:30 Image size of job updated: 159668
	156  -  MemoryUsage of job (MB)
	159668  -  ResidentSetSize of job (KB)
...
006 (19534430.000.000) 2026-06-02 16:44:30 Image size of job updated: 309212
	302  -  MemoryUsage of job (MB)
	309212  -  ResidentSetSize of job (KB)
...
006 (19534430.000.000) 2026-06-02 16:46:30 Image size of job updated: 460384
	302  -  MemoryUsage of job (MB)
	309212  -  ResidentSetSize of job (KB)
...
005 (19534430.000.000) 2026-06-02 16:46:30 Job terminated.
	(1) Normal termination (return value 0)
		Usr 0 00:11:34, Sys 0 00:00:10  -  Run Remote Usage
		Usr 0 00:00:00, Sys 0 00:00:00  -  Run Local Usage
		Usr 0 00:11:34, Sys 0 00:00:10  -  Total Remote Usage
		Usr 0 00:00:00, Sys 0 00:00:00  -  Total Local Usage
	0  -  Run Bytes Sent By Job
	0  -  Run Bytes Received By Job
	0  -  Total Bytes Sent By Job
	0  -  Total Bytes Received By Job
	Partitionable Resources :    Usage  Request Allocated 
	   admin_mutex_1         :                           0 
	   admin_mutex_2         :                           0 
	   admin_mutex_3         :                           0 
	   Cpus                  :     0.99        1         1 
	   Disk (KB)             :    12        2048      3072 
	   GPUs                  :                           0 
	   machine_token         :                           0 
	   Memory (MB)           :   302        6000      6016 
	   TimeExecute (s)       :   733                       
	   TimeSlotBusy (s)      :   734                       

	Job terminated of its own accord at 2026-06-02T21:46:30Z with exit-code 0.
...
