000 (19532898.000.000) 2026-06-02 15:49:07 Job submitted from host: <10.128.10.103:9618?addrs=10.128.10.103-9618&alias=npx-submitter.icecube.wisc.edu&noUDP&sock=schedd_2449_6386>
    DAG Node: Drootprod_20180117_14388
...
001 (19532898.000.000) 2026-06-02 15:56:59 Job executing on host: <10.128.10.116:38163?addrs=10.128.10.116-38163&alias=n-gibyte-01.icecube.wisc.edu>
	SlotName: slot1_45@n-gibyte-01.icecube.wisc.edu
	admin_mutex_1 = 0
	admin_mutex_2 = 0
	admin_mutex_3 = 0
	CondorScratchDir = "/scratch/condor/dir_2403250"
	Cpus = 1
	Disk = 5480
	GPUs = 0
	machine_token = 0
	Memory = 6016
...
006 (19532898.000.000) 2026-06-02 15:57:13 Image size of job updated: 118824
	117  -  MemoryUsage of job (MB)
	118824  -  ResidentSetSize of job (KB)
...
006 (19532898.000.000) 2026-06-02 16:02:14 Image size of job updated: 144488
	142  -  MemoryUsage of job (MB)
	144488  -  ResidentSetSize of job (KB)
...
006 (19532898.000.000) 2026-06-02 16:07:14 Image size of job updated: 166228
	163  -  MemoryUsage of job (MB)
	166228  -  ResidentSetSize of job (KB)
...
006 (19532898.000.000) 2026-06-02 16:12:15 Image size of job updated: 298056
	292  -  MemoryUsage of job (MB)
	298056  -  ResidentSetSize of job (KB)
...
006 (19532898.000.000) 2026-06-02 16:17:15 Image size of job updated: 451840
	442  -  MemoryUsage of job (MB)
	451840  -  ResidentSetSize of job (KB)
...
006 (19532898.000.000) 2026-06-02 16:22:16 Image size of job updated: 477272
	467  -  MemoryUsage of job (MB)
	477272  -  ResidentSetSize of job (KB)
...
006 (19532898.000.000) 2026-06-02 16:22:58 Image size of job updated: 662720
	467  -  MemoryUsage of job (MB)
	477272  -  ResidentSetSize of job (KB)
...
005 (19532898.000.000) 2026-06-02 16:22:58 Job terminated.
	(1) Normal termination (return value 0)
		Usr 0 00:24:22, Sys 0 00:00:15  -  Run Remote Usage
		Usr 0 00:00:00, Sys 0 00:00:00  -  Run Local Usage
		Usr 0 00:24:22, Sys 0 00:00:15  -  Total Remote Usage
		Usr 0 00:00:00, Sys 0 00:00:00  -  Total Local Usage
	0  -  Run Bytes Sent By Job
	0  -  Run Bytes Received By Job
	0  -  Total Bytes Sent By Job
	0  -  Total Bytes Received By Job
	Partitionable Resources :    Usage  Request Allocated 
	   admin_mutex_1         :                           0 
	   admin_mutex_2         :                           0 
	   admin_mutex_3         :                           0 
	   Cpus                  :     0.83        1         1 
	   Disk (KB)             :    15        2048      5480 
	   GPUs                  :                           0 
	   machine_token         :                           0 
	   Memory (MB)           :   467        6000      6016 
	   TimeExecute (s)       :  1559                       
	   TimeSlotBusy (s)      :  1560                       

	Job terminated of its own accord at 2026-06-02T21:22:58Z with exit-code 0.
...
