000 (19536082.000.000) 2026-06-02 15:55:44 Job submitted from host: <10.128.10.103:9618?addrs=10.128.10.103-9618&alias=npx-submitter.icecube.wisc.edu&noUDP&sock=schedd_2449_6386>
    DAG Node: Drootprod_20180817_67078
...
001 (19536082.000.000) 2026-06-02 17:14:02 Job executing on host: <10.128.11.112:41791?addrs=10.128.11.112-41791&alias=n-r720-53.icecube.wisc.edu>
	SlotName: slot1_19@n-r720-53.icecube.wisc.edu
	admin_mutex_1 = 0
	admin_mutex_2 = 0
	admin_mutex_3 = 0
	CondorScratchDir = "/scratch/condor/dir_1217905"
	Cpus = 1
	Disk = 3717
	GPUs = 0
	machine_token = 0
	Memory = 6016
...
006 (19536082.000.000) 2026-06-02 17:14:16 Image size of job updated: 119948
	118  -  MemoryUsage of job (MB)
	119948  -  ResidentSetSize of job (KB)
...
006 (19536082.000.000) 2026-06-02 17:19:17 Image size of job updated: 143444
	141  -  MemoryUsage of job (MB)
	143444  -  ResidentSetSize of job (KB)
...
006 (19536082.000.000) 2026-06-02 17:24:17 Image size of job updated: 163968
	161  -  MemoryUsage of job (MB)
	163968  -  ResidentSetSize of job (KB)
...
006 (19536082.000.000) 2026-06-02 17:29:18 Image size of job updated: 296520
	290  -  MemoryUsage of job (MB)
	296520  -  ResidentSetSize of job (KB)
...
006 (19536082.000.000) 2026-06-02 17:34:19 Image size of job updated: 315532
	309  -  MemoryUsage of job (MB)
	315532  -  ResidentSetSize of job (KB)
...
006 (19536082.000.000) 2026-06-02 17:35:29 Image size of job updated: 458440
	309  -  MemoryUsage of job (MB)
	315532  -  ResidentSetSize of job (KB)
...
005 (19536082.000.000) 2026-06-02 17:35:29 Job terminated.
	(1) Normal termination (return value 0)
		Usr 0 00:20:38, Sys 0 00:00:13  -  Run Remote Usage
		Usr 0 00:00:00, Sys 0 00:00:00  -  Run Local Usage
		Usr 0 00:20:38, Sys 0 00:00:13  -  Total Remote Usage
		Usr 0 00:00:00, Sys 0 00:00:00  -  Total Local Usage
	0  -  Run Bytes Sent By Job
	0  -  Run Bytes Received By Job
	0  -  Total Bytes Sent By Job
	0  -  Total Bytes Received By Job
	Partitionable Resources :    Usage  Request Allocated 
	   admin_mutex_1         :                           0 
	   admin_mutex_2         :                           0 
	   admin_mutex_3         :                           0 
	   Cpus                  :     0.97        1         1 
	   Disk (KB)             :    10        2048      3717 
	   GPUs                  :                           0 
	   machine_token         :                           0 
	   Memory (MB)           :   309        6000      6016 
	   TimeExecute (s)       :  1287                       
	   TimeSlotBusy (s)      :  1287                       

	Job terminated of its own accord at 2026-06-02T22:35:29Z with exit-code 0.
...
