000 (19536511.000.000) 2026-06-02 15:56:38 Job submitted from host: <10.128.10.103:9618?addrs=10.128.10.103-9618&alias=npx-submitter.icecube.wisc.edu&noUDP&sock=schedd_2449_6386>
    DAG Node: Drootprod_20180915_59562
...
001 (19536511.000.000) 2026-06-02 17:21:53 Job executing on host: <10.128.10.206:37305?addrs=10.128.10.206-37305&alias=sm-storage-1.icecube.wisc.edu>
	SlotName: slot1_60@sm-storage-1.icecube.wisc.edu
	admin_mutex_1 = 0
	admin_mutex_2 = 0
	admin_mutex_3 = 0
	CondorScratchDir = "/scratch/condor/dir_3975806"
	Cpus = 1
	Disk = 3072
	GPUs = 0
	machine_token = 0
	Memory = 6016
...
006 (19536511.000.000) 2026-06-02 17:22:07 Image size of job updated: 119980
	118  -  MemoryUsage of job (MB)
	119980  -  ResidentSetSize of job (KB)
...
006 (19536511.000.000) 2026-06-02 17:27:08 Image size of job updated: 144052
	141  -  MemoryUsage of job (MB)
	144052  -  ResidentSetSize of job (KB)
...
006 (19536511.000.000) 2026-06-02 17:32:09 Image size of job updated: 165164
	162  -  MemoryUsage of job (MB)
	165164  -  ResidentSetSize of job (KB)
...
006 (19536511.000.000) 2026-06-02 17:37:09 Image size of job updated: 297820
	291  -  MemoryUsage of job (MB)
	297820  -  ResidentSetSize of job (KB)
...
006 (19536511.000.000) 2026-06-02 17:42:10 Image size of job updated: 318196
	311  -  MemoryUsage of job (MB)
	318196  -  ResidentSetSize of job (KB)
...
006 (19536511.000.000) 2026-06-02 17:45:05 Image size of job updated: 463820
	311  -  MemoryUsage of job (MB)
	318196  -  ResidentSetSize of job (KB)
...
005 (19536511.000.000) 2026-06-02 17:45:05 Job terminated.
	(1) Normal termination (return value 0)
		Usr 0 00:22:21, Sys 0 00:00:09  -  Run Remote Usage
		Usr 0 00:00:00, Sys 0 00:00:00  -  Run Local Usage
		Usr 0 00:22:21, Sys 0 00:00:09  -  Total Remote Usage
		Usr 0 00:00:00, Sys 0 00:00:00  -  Total Local Usage
	0  -  Run Bytes Sent By Job
	0  -  Run Bytes Received By Job
	0  -  Total Bytes Sent By Job
	0  -  Total Bytes Received By Job
	Partitionable Resources :    Usage  Request Allocated 
	   admin_mutex_1         :                           0 
	   admin_mutex_2         :                           0 
	   admin_mutex_3         :                           0 
	   Cpus                  :     0.98        1         1 
	   Disk (KB)             :    12        2048      3072 
	   GPUs                  :                           0 
	   machine_token         :                           0 
	   Memory (MB)           :   311        6000      6016 
	   TimeExecute (s)       :  1392                       
	   TimeSlotBusy (s)      :  1392                       

	Job terminated of its own accord at 2026-06-02T22:45:05Z with exit-code 0.
...
