000 (19535454.000.000) 2026-06-02 15:54:23 Job submitted from host: <10.128.10.103:9618?addrs=10.128.10.103-9618&alias=npx-submitter.icecube.wisc.edu&noUDP&sock=schedd_2449_6386>
    DAG Node: Drootprod_20180703_56899
...
001 (19535454.000.000) 2026-06-02 16:53:44 Job executing on host: <10.128.10.238:43797?addrs=10.128.10.238-43797&alias=n-gpu-42.icecube.wisc.edu>
	SlotName: slot1_29@n-gpu-42.icecube.wisc.edu
	admin_mutex_1 = 0
	admin_mutex_2 = 0
	admin_mutex_3 = 0
	AvailableGPUs = {  }
	CondorScratchDir = "/scratch/condor/dir_2153435"
	Cpus = 1
	Disk = 3072
	GPUs = 0
	machine_token = 0
	Memory = 6016
...
006 (19535454.000.000) 2026-06-02 16:53:57 Image size of job updated: 121196
	119  -  MemoryUsage of job (MB)
	121196  -  ResidentSetSize of job (KB)
...
006 (19535454.000.000) 2026-06-02 16:58:57 Image size of job updated: 158372
	155  -  MemoryUsage of job (MB)
	158372  -  ResidentSetSize of job (KB)
...
006 (19535454.000.000) 2026-06-02 17:03:58 Image size of job updated: 302940
	296  -  MemoryUsage of job (MB)
	302940  -  ResidentSetSize of job (KB)
...
006 (19535454.000.000) 2026-06-02 17:06:38 Image size of job updated: 452980
	296  -  MemoryUsage of job (MB)
	302940  -  ResidentSetSize of job (KB)
...
005 (19535454.000.000) 2026-06-02 17:06:38 Job terminated.
	(1) Normal termination (return value 0)
		Usr 0 00:11:54, Sys 0 00:00:11  -  Run Remote Usage
		Usr 0 00:00:00, Sys 0 00:00:00  -  Run Local Usage
		Usr 0 00:11:54, Sys 0 00:00:11  -  Total Remote Usage
		Usr 0 00:00:00, Sys 0 00:00:00  -  Total Local Usage
	0  -  Run Bytes Sent By Job
	0  -  Run Bytes Received By Job
	0  -  Total Bytes Sent By Job
	0  -  Total Bytes Received By Job
	Partitionable Resources :    Usage  Request Allocated 
	   admin_mutex_1         :                           0 
	   admin_mutex_2         :                           0 
	   admin_mutex_3         :                           0 
	   Cpus                  :     0.99        1         1 
	   Disk (KB)             :    10        2048      3072 
	   GPUs                  :                           0 
	   machine_token         :                           0 
	   Memory (MB)           :   296        6000      6016 
	   TimeExecute (s)       :   774                       
	   TimeSlotBusy (s)      :   775                       

	Job terminated of its own accord at 2026-06-02T22:06:38Z with exit-code 0.
...
