000 (19535630.000.000) 2026-06-02 15:54:46 Job submitted from host: <10.128.10.103:9618?addrs=10.128.10.103-9618&alias=npx-submitter.icecube.wisc.edu&noUDP&sock=schedd_2449_6386>
    DAG Node: Drootprod_20180716_36319
...
001 (19535630.000.000) 2026-06-02 16:56:56 Job executing on host: <10.128.10.191:42321?addrs=10.128.10.191-42321&alias=n-smepyc-04.icecube.wisc.edu>
	SlotName: slot1_41@n-smepyc-04.icecube.wisc.edu
	admin_mutex_1 = 0
	admin_mutex_2 = 0
	admin_mutex_3 = 0
	CondorScratchDir = "/scratch/condor/dir_251357"
	Cpus = 1
	Disk = 3072
	GPUs = 0
	machine_token = 0
	Memory = 6016
...
006 (19535630.000.000) 2026-06-02 16:57:09 Image size of job updated: 122328
	120  -  MemoryUsage of job (MB)
	122328  -  ResidentSetSize of job (KB)
...
006 (19535630.000.000) 2026-06-02 17:02:09 Image size of job updated: 155960
	153  -  MemoryUsage of job (MB)
	155960  -  ResidentSetSize of job (KB)
...
006 (19535630.000.000) 2026-06-02 17:07:10 Image size of job updated: 311456
	305  -  MemoryUsage of job (MB)
	311456  -  ResidentSetSize of job (KB)
...
006 (19535630.000.000) 2026-06-02 17:08:40 Image size of job updated: 458800
	305  -  MemoryUsage of job (MB)
	311456  -  ResidentSetSize of job (KB)
...
005 (19535630.000.000) 2026-06-02 17:08:40 Job terminated.
	(1) Normal termination (return value 0)
		Usr 0 00:10:58, Sys 0 00:00:10  -  Run Remote Usage
		Usr 0 00:00:00, Sys 0 00:00:00  -  Run Local Usage
		Usr 0 00:10:58, Sys 0 00:00:10  -  Total Remote Usage
		Usr 0 00:00:00, Sys 0 00:00:00  -  Total Local Usage
	0  -  Run Bytes Sent By Job
	0  -  Run Bytes Received By Job
	0  -  Total Bytes Sent By Job
	0  -  Total Bytes Received By Job
	Partitionable Resources :    Usage  Request Allocated 
	   admin_mutex_1         :                           0 
	   admin_mutex_2         :                           0 
	   admin_mutex_3         :                           0 
	   Cpus                  :     0.99        1         1 
	   Disk (KB)             :    10        2048      3072 
	   GPUs                  :                           0 
	   machine_token         :                           0 
	   Memory (MB)           :   305        6000      6016 
	   TimeExecute (s)       :   704                       
	   TimeSlotBusy (s)      :   704                       

	Job terminated of its own accord at 2026-06-02T22:08:40Z with exit-code 0.
...
