000 (19533266.000.000) 2026-06-02 15:50:01 Job submitted from host: <10.128.10.103:9618?addrs=10.128.10.103-9618&alias=npx-submitter.icecube.wisc.edu&noUDP&sock=schedd_2449_6386>
    DAG Node: Drootprod_20180215_29333
...
001 (19533266.000.000) 2026-06-02 16:10:20 Job executing on host: <10.128.10.190:46289?addrs=10.128.10.190-46289&alias=n-smepyc-03.icecube.wisc.edu>
	SlotName: slot1_55@n-smepyc-03.icecube.wisc.edu
	admin_mutex_1 = 0
	admin_mutex_2 = 0
	admin_mutex_3 = 0
	CondorScratchDir = "/scratch/condor/dir_3541237"
	Cpus = 1
	Disk = 3072
	GPUs = 0
	machine_token = 0
	Memory = 6016
...
006 (19533266.000.000) 2026-06-02 16:10:33 Image size of job updated: 122476
	120  -  MemoryUsage of job (MB)
	122476  -  ResidentSetSize of job (KB)
...
006 (19533266.000.000) 2026-06-02 16:15:33 Image size of job updated: 178748
	175  -  MemoryUsage of job (MB)
	178748  -  ResidentSetSize of job (KB)
...
006 (19533266.000.000) 2026-06-02 16:19:23 Image size of job updated: 464096
	175  -  MemoryUsage of job (MB)
	178748  -  ResidentSetSize of job (KB)
...
005 (19533266.000.000) 2026-06-02 16:19:23 Job terminated.
	(1) Normal termination (return value 0)
		Usr 0 00:08:09, Sys 0 00:00:09  -  Run Remote Usage
		Usr 0 00:00:00, Sys 0 00:00:00  -  Run Local Usage
		Usr 0 00:08:09, Sys 0 00:00:09  -  Total Remote Usage
		Usr 0 00:00:00, Sys 0 00:00:00  -  Total Local Usage
	0  -  Run Bytes Sent By Job
	0  -  Run Bytes Received By Job
	0  -  Total Bytes Sent By Job
	0  -  Total Bytes Received By Job
	Partitionable Resources :    Usage  Request Allocated 
	   admin_mutex_1         :                           0 
	   admin_mutex_2         :                           0 
	   admin_mutex_3         :                           0 
	   Cpus                  :     0.97        1         1 
	   Disk (KB)             :    12        2048      3072 
	   GPUs                  :                           0 
	   machine_token         :                           0 
	   Memory (MB)           :   175        6000      6016 
	   TimeExecute (s)       :   543                       
	   TimeSlotBusy (s)      :   543                       

	Job terminated of its own accord at 2026-06-02T21:19:23Z with exit-code 0.
...
