000 (19535976.000.000) 2026-06-02 15:55:30 Job submitted from host: <10.128.10.103:9618?addrs=10.128.10.103-9618&alias=npx-submitter.icecube.wisc.edu&noUDP&sock=schedd_2449_6386>
    DAG Node: Drootprod_20180808_15303
...
001 (19535976.000.000) 2026-06-02 17:03:23 Job executing on host: <10.128.10.187:34023?addrs=10.128.10.187-34023&alias=n-smepyc-00.icecube.wisc.edu>
	SlotName: slot1_57@n-smepyc-00.icecube.wisc.edu
	admin_mutex_1 = 0
	admin_mutex_2 = 0
	admin_mutex_3 = 0
	CondorScratchDir = "/scratch/condor/dir_1901724"
	Cpus = 1
	Disk = 3072
	GPUs = 0
	machine_token = 0
	Memory = 6016
...
006 (19535976.000.000) 2026-06-02 17:03:36 Image size of job updated: 121632
	119  -  MemoryUsage of job (MB)
	121632  -  ResidentSetSize of job (KB)
...
006 (19535976.000.000) 2026-06-02 17:08:36 Image size of job updated: 162268
	159  -  MemoryUsage of job (MB)
	162268  -  ResidentSetSize of job (KB)
...
006 (19535976.000.000) 2026-06-02 17:10:37 Image size of job updated: 177032
	159  -  MemoryUsage of job (MB)
	162268  -  ResidentSetSize of job (KB)
...
005 (19535976.000.000) 2026-06-02 17:10:37 Job terminated.
	(1) Normal termination (return value 0)
		Usr 0 00:06:37, Sys 0 00:00:05  -  Run Remote Usage
		Usr 0 00:00:00, Sys 0 00:00:00  -  Run Local Usage
		Usr 0 00:06:37, Sys 0 00:00:05  -  Total Remote Usage
		Usr 0 00:00:00, Sys 0 00:00:00  -  Total Local Usage
	0  -  Run Bytes Sent By Job
	0  -  Run Bytes Received By Job
	0  -  Total Bytes Sent By Job
	0  -  Total Bytes Received By Job
	Partitionable Resources :    Usage  Request Allocated 
	   admin_mutex_1         :                           0 
	   admin_mutex_2         :                           0 
	   admin_mutex_3         :                           0 
	   Cpus                  :     1.00        1         1 
	   Disk (KB)             :     7        2048      3072 
	   GPUs                  :                           0 
	   machine_token         :                           0 
	   Memory (MB)           :   159        6000      6016 
	   TimeExecute (s)       :   434                       
	   TimeSlotBusy (s)      :   434                       

	Job terminated of its own accord at 2026-06-02T22:10:37Z with exit-code 0.
...
