000 (19532944.000.000) 2026-06-02 15:49:13 Job submitted from host: <10.128.10.103:9618?addrs=10.128.10.103-9618&alias=npx-submitter.icecube.wisc.edu&noUDP&sock=schedd_2449_6386>
    DAG Node: Drootprod_20180118_66540
...
001 (19532944.000.000) 2026-06-02 15:58:04 Job executing on host: <10.128.10.238:43797?addrs=10.128.10.238-43797&alias=n-gpu-42.icecube.wisc.edu>
	SlotName: slot1_42@n-gpu-42.icecube.wisc.edu
	admin_mutex_1 = 0
	admin_mutex_2 = 0
	admin_mutex_3 = 0
	AvailableGPUs = {  }
	CondorScratchDir = "/scratch/condor/dir_1916617"
	Cpus = 1
	Disk = 3072
	GPUs = 0
	machine_token = 0
	Memory = 6016
...
006 (19532944.000.000) 2026-06-02 15:58:17 Image size of job updated: 120160
	118  -  MemoryUsage of job (MB)
	120160  -  ResidentSetSize of job (KB)
...
006 (19532944.000.000) 2026-06-02 16:03:17 Image size of job updated: 153792
	151  -  MemoryUsage of job (MB)
	153792  -  ResidentSetSize of job (KB)
...
006 (19532944.000.000) 2026-06-02 16:08:18 Image size of job updated: 294772
	288  -  MemoryUsage of job (MB)
	294772  -  ResidentSetSize of job (KB)
...
006 (19532944.000.000) 2026-06-02 16:13:18 Image size of job updated: 460888
	451  -  MemoryUsage of job (MB)
	460888  -  ResidentSetSize of job (KB)
...
006 (19532944.000.000) 2026-06-02 16:13:27 Image size of job updated: 467188
	451  -  MemoryUsage of job (MB)
	460888  -  ResidentSetSize of job (KB)
...
005 (19532944.000.000) 2026-06-02 16:13:27 Job terminated.
	(1) Normal termination (return value 0)
		Usr 0 00:13:23, Sys 0 00:00:13  -  Run Remote Usage
		Usr 0 00:00:00, Sys 0 00:00:00  -  Run Local Usage
		Usr 0 00:13:23, Sys 0 00:00:13  -  Total Remote Usage
		Usr 0 00:00:00, Sys 0 00:00:00  -  Total Local Usage
	0  -  Run Bytes Sent By Job
	0  -  Run Bytes Received By Job
	0  -  Total Bytes Sent By Job
	0  -  Total Bytes Received By Job
	Partitionable Resources :    Usage  Request Allocated 
	   admin_mutex_1         :                           0 
	   admin_mutex_2         :                           0 
	   admin_mutex_3         :                           0 
	   Cpus                  :     0.96        1         1 
	   Disk (KB)             :    15        2048      3072 
	   GPUs                  :                           0 
	   machine_token         :                           0 
	   Memory (MB)           :   451        6000      6016 
	   TimeExecute (s)       :   923                       
	   TimeSlotBusy (s)      :   923                       

	Job terminated of its own accord at 2026-06-02T21:13:27Z with exit-code 0.
...
