000 (19536434.000.000) 2026-06-02 15:56:28 Job submitted from host: <10.128.10.103:9618?addrs=10.128.10.103-9618&alias=npx-submitter.icecube.wisc.edu&noUDP&sock=schedd_2449_6386>
    DAG Node: Drootprod_20180910_98753
...
001 (19536434.000.000) 2026-06-02 17:20:29 Job executing on host: <10.128.10.117:43719?addrs=10.128.10.117-43719&alias=n-gibyte-02.icecube.wisc.edu>
	SlotName: slot1_99@n-gibyte-02.icecube.wisc.edu
	admin_mutex_1 = 0
	admin_mutex_2 = 0
	admin_mutex_3 = 0
	CondorScratchDir = "/scratch/condor/dir_3665363"
	Cpus = 1
	Disk = 5480
	GPUs = 0
	machine_token = 0
	Memory = 6016
...
006 (19536434.000.000) 2026-06-02 17:20:43 Image size of job updated: 119168
	117  -  MemoryUsage of job (MB)
	119168  -  ResidentSetSize of job (KB)
...
006 (19536434.000.000) 2026-06-02 17:25:44 Image size of job updated: 144648
	142  -  MemoryUsage of job (MB)
	144648  -  ResidentSetSize of job (KB)
...
006 (19536434.000.000) 2026-06-02 17:30:44 Image size of job updated: 166460
	163  -  MemoryUsage of job (MB)
	166460  -  ResidentSetSize of job (KB)
...
006 (19536434.000.000) 2026-06-02 17:35:45 Image size of job updated: 300264
	294  -  MemoryUsage of job (MB)
	300264  -  ResidentSetSize of job (KB)
...
006 (19536434.000.000) 2026-06-02 17:40:45 Image size of job updated: 454776
	445  -  MemoryUsage of job (MB)
	454776  -  ResidentSetSize of job (KB)
...
006 (19536434.000.000) 2026-06-02 17:42:19 Image size of job updated: 461456
	445  -  MemoryUsage of job (MB)
	454776  -  ResidentSetSize of job (KB)
...
005 (19536434.000.000) 2026-06-02 17:42:19 Job terminated.
	(1) Normal termination (return value 0)
		Usr 0 00:20:54, Sys 0 00:00:13  -  Run Remote Usage
		Usr 0 00:00:00, Sys 0 00:00:00  -  Run Local Usage
		Usr 0 00:20:54, Sys 0 00:00:13  -  Total Remote Usage
		Usr 0 00:00:00, Sys 0 00:00:00  -  Total Local Usage
	0  -  Run Bytes Sent By Job
	0  -  Run Bytes Received By Job
	0  -  Total Bytes Sent By Job
	0  -  Total Bytes Received By Job
	Partitionable Resources :    Usage  Request Allocated 
	   admin_mutex_1         :                           0 
	   admin_mutex_2         :                           0 
	   admin_mutex_3         :                           0 
	   Cpus                  :     0.98        1         1 
	   Disk (KB)             :    10        2048      5480 
	   GPUs                  :                           0 
	   machine_token         :                           0 
	   Memory (MB)           :   445        6000      6016 
	   TimeExecute (s)       :  1310                       
	   TimeSlotBusy (s)      :  1311                       

	Job terminated of its own accord at 2026-06-02T22:42:19Z with exit-code 0.
...
