000 (19535389.000.000) 2026-06-02 15:54:15 Job submitted from host: <10.128.10.103:9618?addrs=10.128.10.103-9618&alias=npx-submitter.icecube.wisc.edu&noUDP&sock=schedd_2449_6386>
    DAG Node: Drootprod_20180630_31060
...
001 (19535389.000.000) 2026-06-02 16:52:18 Job executing on host: <10.128.10.24:38353?addrs=10.128.10.24-38353&alias=n-m610-14.icecube.wisc.edu>
	SlotName: slot1_4@n-m610-14.icecube.wisc.edu
	admin_mutex_1 = 0
	admin_mutex_2 = 0
	admin_mutex_3 = 0
	CondorScratchDir = "/scratch/condor/dir_845081"
	Cpus = 1
	Disk = 3072
	GPUs = 0
	machine_token = 0
	Memory = 6016
...
006 (19535389.000.000) 2026-06-02 16:52:31 Image size of job updated: 121396
	119  -  MemoryUsage of job (MB)
	121396  -  ResidentSetSize of job (KB)
...
006 (19535389.000.000) 2026-06-02 16:57:31 Image size of job updated: 161868
	159  -  MemoryUsage of job (MB)
	161868  -  ResidentSetSize of job (KB)
...
006 (19535389.000.000) 2026-06-02 17:02:32 Image size of job updated: 309664
	303  -  MemoryUsage of job (MB)
	309664  -  ResidentSetSize of job (KB)
...
006 (19535389.000.000) 2026-06-02 17:04:21 Image size of job updated: 455660
	303  -  MemoryUsage of job (MB)
	309664  -  ResidentSetSize of job (KB)
...
005 (19535389.000.000) 2026-06-02 17:04:21 Job terminated.
	(1) Normal termination (return value 0)
		Usr 0 00:11:06, Sys 0 00:00:09  -  Run Remote Usage
		Usr 0 00:00:00, Sys 0 00:00:00  -  Run Local Usage
		Usr 0 00:11:06, Sys 0 00:00:09  -  Total Remote Usage
		Usr 0 00:00:00, Sys 0 00:00:00  -  Total Local Usage
	0  -  Run Bytes Sent By Job
	0  -  Run Bytes Received By Job
	0  -  Total Bytes Sent By Job
	0  -  Total Bytes Received By Job
	Partitionable Resources :    Usage  Request Allocated 
	   admin_mutex_1         :                           0 
	   admin_mutex_2         :                           0 
	   admin_mutex_3         :                           0 
	   Cpus                  :     0.96        1         1 
	   Disk (KB)             :    12        2048      3072 
	   GPUs                  :                           0 
	   machine_token         :                           0 
	   Memory (MB)           :   303        6000      6016 
	   TimeExecute (s)       :   723                       
	   TimeSlotBusy (s)      :   723                       

	Job terminated of its own accord at 2026-06-02T22:04:21Z with exit-code 0.
...
