000 (19536071.000.000) 2026-06-02 15:55:42 Job submitted from host: <10.128.10.103:9618?addrs=10.128.10.103-9618&alias=npx-submitter.icecube.wisc.edu&noUDP&sock=schedd_2449_6386>
    DAG Node: Drootprod_20180815_12885
...
001 (19536071.000.000) 2026-06-02 17:13:42 Job executing on host: <10.128.10.115:33587?addrs=10.128.10.115-33587&alias=n-gibyte-00.icecube.wisc.edu>
	SlotName: slot1_214@n-gibyte-00.icecube.wisc.edu
	admin_mutex_1 = 0
	admin_mutex_2 = 0
	admin_mutex_3 = 0
	CondorScratchDir = "/scratch/condor/dir_2337852"
	Cpus = 1
	Disk = 5480
	GPUs = 0
	machine_token = 0
	Memory = 6016
...
006 (19536071.000.000) 2026-06-02 17:13:56 Image size of job updated: 118896
	117  -  MemoryUsage of job (MB)
	118896  -  ResidentSetSize of job (KB)
...
006 (19536071.000.000) 2026-06-02 17:18:57 Image size of job updated: 150148
	147  -  MemoryUsage of job (MB)
	150148  -  ResidentSetSize of job (KB)
...
006 (19536071.000.000) 2026-06-02 17:23:57 Image size of job updated: 172020
	168  -  MemoryUsage of job (MB)
	172020  -  ResidentSetSize of job (KB)
...
006 (19536071.000.000) 2026-06-02 17:28:57 Image size of job updated: 303756
	297  -  MemoryUsage of job (MB)
	303756  -  ResidentSetSize of job (KB)
...
006 (19536071.000.000) 2026-06-02 17:32:10 Image size of job updated: 458048
	297  -  MemoryUsage of job (MB)
	303756  -  ResidentSetSize of job (KB)
...
005 (19536071.000.000) 2026-06-02 17:32:10 Job terminated.
	(1) Normal termination (return value 0)
		Usr 0 00:17:31, Sys 0 00:00:13  -  Run Remote Usage
		Usr 0 00:00:00, Sys 0 00:00:00  -  Run Local Usage
		Usr 0 00:17:31, Sys 0 00:00:13  -  Total Remote Usage
		Usr 0 00:00:00, Sys 0 00:00:00  -  Total Local Usage
	0  -  Run Bytes Sent By Job
	0  -  Run Bytes Received By Job
	0  -  Total Bytes Sent By Job
	0  -  Total Bytes Received By Job
	Partitionable Resources :    Usage  Request Allocated 
	   admin_mutex_1         :                           0 
	   admin_mutex_2         :                           0 
	   admin_mutex_3         :                           0 
	   Cpus                  :     0.96        1         1 
	   Disk (KB)             :    10        2048      5480 
	   GPUs                  :                           0 
	   machine_token         :                           0 
	   Memory (MB)           :   297        6000      6016 
	   TimeExecute (s)       :  1108                       
	   TimeSlotBusy (s)      :  1108                       

	Job terminated of its own accord at 2026-06-02T22:32:10Z with exit-code 0.
...
