000 (19535566.000.000) 2026-06-02 15:54:38 Job submitted from host: <10.128.10.103:9618?addrs=10.128.10.103-9618&alias=npx-submitter.icecube.wisc.edu&noUDP&sock=schedd_2449_6386>
    DAG Node: Drootprod_20180713_44884
...
001 (19535566.000.000) 2026-06-02 16:55:41 Job executing on host: <10.128.10.117:43719?addrs=10.128.10.117-43719&alias=n-gibyte-02.icecube.wisc.edu>
	SlotName: slot1_466@n-gibyte-02.icecube.wisc.edu
	admin_mutex_1 = 0
	admin_mutex_2 = 0
	admin_mutex_3 = 0
	CondorScratchDir = "/scratch/condor/dir_3559079"
	Cpus = 1
	Disk = 5480
	GPUs = 0
	machine_token = 0
	Memory = 6016
...
006 (19535566.000.000) 2026-06-02 16:55:55 Image size of job updated: 119568
	117  -  MemoryUsage of job (MB)
	119568  -  ResidentSetSize of job (KB)
...
006 (19535566.000.000) 2026-06-02 17:00:56 Image size of job updated: 144500
	142  -  MemoryUsage of job (MB)
	144500  -  ResidentSetSize of job (KB)
...
006 (19535566.000.000) 2026-06-02 17:05:57 Image size of job updated: 165432
	162  -  MemoryUsage of job (MB)
	165432  -  ResidentSetSize of job (KB)
...
006 (19535566.000.000) 2026-06-02 17:10:58 Image size of job updated: 298372
	292  -  MemoryUsage of job (MB)
	298372  -  ResidentSetSize of job (KB)
...
006 (19535566.000.000) 2026-06-02 17:15:59 Image size of job updated: 453832
	444  -  MemoryUsage of job (MB)
	453832  -  ResidentSetSize of job (KB)
...
006 (19535566.000.000) 2026-06-02 17:17:10 Image size of job updated: 466688
	444  -  MemoryUsage of job (MB)
	453832  -  ResidentSetSize of job (KB)
...
005 (19535566.000.000) 2026-06-02 17:17:10 Job terminated.
	(1) Normal termination (return value 0)
		Usr 0 00:20:29, Sys 0 00:00:14  -  Run Remote Usage
		Usr 0 00:00:00, Sys 0 00:00:00  -  Run Local Usage
		Usr 0 00:20:29, Sys 0 00:00:14  -  Total Remote Usage
		Usr 0 00:00:00, Sys 0 00:00:00  -  Total Local Usage
	0  -  Run Bytes Sent By Job
	0  -  Run Bytes Received By Job
	0  -  Total Bytes Sent By Job
	0  -  Total Bytes Received By Job
	Partitionable Resources :    Usage  Request Allocated 
	   admin_mutex_1         :                           0 
	   admin_mutex_2         :                           0 
	   admin_mutex_3         :                           0 
	   Cpus                  :     0.99        1         1 
	   Disk (KB)             :    10        2048      5480 
	   GPUs                  :                           0 
	   machine_token         :                           0 
	   Memory (MB)           :   444        6000      6016 
	   TimeExecute (s)       :  1289                       
	   TimeSlotBusy (s)      :  1290                       

	Job terminated of its own accord at 2026-06-02T22:17:10Z with exit-code 0.
...
