000 (19537762.000.000) 2026-06-02 15:59:54 Job submitted from host: <10.128.10.103:9618?addrs=10.128.10.103-9618&alias=npx-submitter.icecube.wisc.edu&noUDP&sock=schedd_2449_6386>
    DAG Node: Drootprod_20181228_33649
...
001 (19537762.000.000) 2026-06-02 17:41:28 Job executing on host: <10.128.10.115:33587?addrs=10.128.10.115-33587&alias=n-gibyte-00.icecube.wisc.edu>
	SlotName: slot1_65@n-gibyte-00.icecube.wisc.edu
	admin_mutex_1 = 0
	admin_mutex_2 = 0
	admin_mutex_3 = 0
	CondorScratchDir = "/scratch/condor/dir_2457116"
	Cpus = 1
	Disk = 5480
	GPUs = 0
	machine_token = 0
	Memory = 6016
...
006 (19537762.000.000) 2026-06-02 17:41:42 Image size of job updated: 119664
	117  -  MemoryUsage of job (MB)
	119664  -  ResidentSetSize of job (KB)
...
006 (19537762.000.000) 2026-06-02 17:46:43 Image size of job updated: 143328
	140  -  MemoryUsage of job (MB)
	143328  -  ResidentSetSize of job (KB)
...
006 (19537762.000.000) 2026-06-02 17:51:43 Image size of job updated: 158784
	156  -  MemoryUsage of job (MB)
	158784  -  ResidentSetSize of job (KB)
...
006 (19537762.000.000) 2026-06-02 17:56:43 Image size of job updated: 173988
	170  -  MemoryUsage of job (MB)
	173988  -  ResidentSetSize of job (KB)
...
006 (19537762.000.000) 2026-06-02 18:01:44 Image size of job updated: 297760
	291  -  MemoryUsage of job (MB)
	297760  -  ResidentSetSize of job (KB)
...
006 (19537762.000.000) 2026-06-02 18:06:44 Image size of job updated: 312312
	305  -  MemoryUsage of job (MB)
	312312  -  ResidentSetSize of job (KB)
...
006 (19537762.000.000) 2026-06-02 18:07:33 Image size of job updated: 317216
	305  -  MemoryUsage of job (MB)
	312312  -  ResidentSetSize of job (KB)
...
005 (19537762.000.000) 2026-06-02 18:07:33 Job terminated.
	(1) Normal termination (return value 0)
		Usr 0 00:24:40, Sys 0 00:00:14  -  Run Remote Usage
		Usr 0 00:00:00, Sys 0 00:00:00  -  Run Local Usage
		Usr 0 00:24:40, Sys 0 00:00:14  -  Total Remote Usage
		Usr 0 00:00:00, Sys 0 00:00:00  -  Total Local Usage
	0  -  Run Bytes Sent By Job
	0  -  Run Bytes Received By Job
	0  -  Total Bytes Sent By Job
	0  -  Total Bytes Received By Job
	Partitionable Resources :    Usage  Request Allocated 
	   admin_mutex_1         :                           0 
	   admin_mutex_2         :                           0 
	   admin_mutex_3         :                           0 
	   Cpus                  :     0.94        1         1 
	   Disk (KB)             :    15        2048      5480 
	   GPUs                  :                           0 
	   machine_token         :                           0 
	   Memory (MB)           :   305        6000      6016 
	   TimeExecute (s)       :  1565                       
	   TimeSlotBusy (s)      :  1566                       

	Job terminated of its own accord at 2026-06-02T23:07:33Z with exit-code 0.
...
