000 (19536324.000.000) 2026-06-02 15:56:14 Job submitted from host: <10.128.10.103:9618?addrs=10.128.10.103-9618&alias=npx-submitter.icecube.wisc.edu&noUDP&sock=schedd_2449_6386>
    DAG Node: Drootprod_20180901_77718
...
001 (19536324.000.000) 2026-06-02 17:18:11 Job executing on host: <10.128.10.117:43719?addrs=10.128.10.117-43719&alias=n-gibyte-02.icecube.wisc.edu>
	SlotName: slot1_483@n-gibyte-02.icecube.wisc.edu
	admin_mutex_1 = 0
	admin_mutex_2 = 0
	admin_mutex_3 = 0
	CondorScratchDir = "/scratch/condor/dir_3654932"
	Cpus = 1
	Disk = 5480
	GPUs = 0
	machine_token = 0
	Memory = 6016
...
006 (19536324.000.000) 2026-06-02 17:18:25 Image size of job updated: 118728
	116  -  MemoryUsage of job (MB)
	118728  -  ResidentSetSize of job (KB)
...
006 (19536324.000.000) 2026-06-02 17:23:26 Image size of job updated: 143080
	140  -  MemoryUsage of job (MB)
	143080  -  ResidentSetSize of job (KB)
...
006 (19536324.000.000) 2026-06-02 17:28:26 Image size of job updated: 164820
	161  -  MemoryUsage of job (MB)
	164820  -  ResidentSetSize of job (KB)
...
006 (19536324.000.000) 2026-06-02 17:33:27 Image size of job updated: 295712
	289  -  MemoryUsage of job (MB)
	295712  -  ResidentSetSize of job (KB)
...
006 (19536324.000.000) 2026-06-02 17:38:27 Image size of job updated: 314996
	308  -  MemoryUsage of job (MB)
	314996  -  ResidentSetSize of job (KB)
...
006 (19536324.000.000) 2026-06-02 17:43:00 Image size of job updated: 467512
	308  -  MemoryUsage of job (MB)
	314996  -  ResidentSetSize of job (KB)
...
005 (19536324.000.000) 2026-06-02 17:43:00 Job terminated.
	(1) Normal termination (return value 0)
		Usr 0 00:23:45, Sys 0 00:00:15  -  Run Remote Usage
		Usr 0 00:00:00, Sys 0 00:00:00  -  Run Local Usage
		Usr 0 00:23:45, Sys 0 00:00:15  -  Total Remote Usage
		Usr 0 00:00:00, Sys 0 00:00:00  -  Total Local Usage
	0  -  Run Bytes Sent By Job
	0  -  Run Bytes Received By Job
	0  -  Total Bytes Sent By Job
	0  -  Total Bytes Received By Job
	Partitionable Resources :    Usage  Request Allocated 
	   admin_mutex_1         :                           0 
	   admin_mutex_2         :                           0 
	   admin_mutex_3         :                           0 
	   Cpus                  :     0.98        1         1 
	   Disk (KB)             :    10        2048      5480 
	   GPUs                  :                           0 
	   machine_token         :                           0 
	   Memory (MB)           :   308        6000      6016 
	   TimeExecute (s)       :  1489                       
	   TimeSlotBusy (s)      :  1490                       

	Job terminated of its own accord at 2026-06-02T22:43:00Z with exit-code 0.
...
