000 (19536937.000.000) 2026-06-02 15:57:34 Job submitted from host: <10.128.10.103:9618?addrs=10.128.10.103-9618&alias=npx-submitter.icecube.wisc.edu&noUDP&sock=schedd_2449_6386>
    DAG Node: Drootprod_20181015_33922
...
001 (19536937.000.000) 2026-06-02 17:29:22 Job executing on host: <10.128.11.36:45179?addrs=10.128.11.36-45179&alias=n-smbc-17.icecube.wisc.edu>
	SlotName: slot1_16@n-smbc-17.icecube.wisc.edu
	admin_mutex_1 = 0
	admin_mutex_2 = 0
	admin_mutex_3 = 0
	CondorScratchDir = "/scratch/condor/dir_276061"
	Cpus = 1
	Disk = 3072
	GPUs = 0
	machine_token = 0
	Memory = 6016
...
006 (19536937.000.000) 2026-06-02 17:29:35 Image size of job updated: 122428
	120  -  MemoryUsage of job (MB)
	122428  -  ResidentSetSize of job (KB)
...
006 (19536937.000.000) 2026-06-02 17:34:35 Image size of job updated: 167324
	164  -  MemoryUsage of job (MB)
	167324  -  ResidentSetSize of job (KB)
...
006 (19536937.000.000) 2026-06-02 17:39:35 Image size of job updated: 455224
	445  -  MemoryUsage of job (MB)
	455224  -  ResidentSetSize of job (KB)
...
006 (19536937.000.000) 2026-06-02 17:39:48 Image size of job updated: 462200
	445  -  MemoryUsage of job (MB)
	455224  -  ResidentSetSize of job (KB)
...
005 (19536937.000.000) 2026-06-02 17:39:48 Job terminated.
	(1) Normal termination (return value 0)
		Usr 0 00:09:55, Sys 0 00:00:06  -  Run Remote Usage
		Usr 0 00:00:00, Sys 0 00:00:00  -  Run Local Usage
		Usr 0 00:09:55, Sys 0 00:00:06  -  Total Remote Usage
		Usr 0 00:00:00, Sys 0 00:00:00  -  Total Local Usage
	0  -  Run Bytes Sent By Job
	0  -  Run Bytes Received By Job
	0  -  Total Bytes Sent By Job
	0  -  Total Bytes Received By Job
	Partitionable Resources :    Usage  Request Allocated 
	   admin_mutex_1         :                           0 
	   admin_mutex_2         :                           0 
	   admin_mutex_3         :                           0 
	   Cpus                  :     0.98        1         1 
	   Disk (KB)             :    12        2048      3072 
	   GPUs                  :                           0 
	   machine_token         :                           0 
	   Memory (MB)           :   445        6000      6016 
	   TimeExecute (s)       :   626                       
	   TimeSlotBusy (s)      :   626                       

	Job terminated of its own accord at 2026-06-02T22:39:48Z with exit-code 0.
...
