000 (19537433.000.000) 2026-06-02 15:58:51 Job submitted from host: <10.128.10.103:9618?addrs=10.128.10.103-9618&alias=npx-submitter.icecube.wisc.edu&noUDP&sock=schedd_2449_6386>
    DAG Node: Drootprod_20181125_35932
...
001 (19537433.000.000) 2026-06-02 17:37:33 Job executing on host: <10.128.10.191:42321?addrs=10.128.10.191-42321&alias=n-smepyc-04.icecube.wisc.edu>
	SlotName: slot1_10@n-smepyc-04.icecube.wisc.edu
	admin_mutex_1 = 0
	admin_mutex_2 = 0
	admin_mutex_3 = 0
	CondorScratchDir = "/scratch/condor/dir_408655"
	Cpus = 1
	Disk = 3072
	GPUs = 0
	machine_token = 0
	Memory = 6016
...
006 (19537433.000.000) 2026-06-02 17:37:46 Image size of job updated: 122688
	120  -  MemoryUsage of job (MB)
	122688  -  ResidentSetSize of job (KB)
...
006 (19537433.000.000) 2026-06-02 17:42:46 Image size of job updated: 169372
	166  -  MemoryUsage of job (MB)
	169372  -  ResidentSetSize of job (KB)
...
006 (19537433.000.000) 2026-06-02 17:45:29 Image size of job updated: 307872
	166  -  MemoryUsage of job (MB)
	169372  -  ResidentSetSize of job (KB)
...
005 (19537433.000.000) 2026-06-02 17:45:29 Job terminated.
	(1) Normal termination (return value 0)
		Usr 0 00:07:26, Sys 0 00:00:07  -  Run Remote Usage
		Usr 0 00:00:00, Sys 0 00:00:00  -  Run Local Usage
		Usr 0 00:07:26, Sys 0 00:00:07  -  Total Remote Usage
		Usr 0 00:00:00, Sys 0 00:00:00  -  Total Local Usage
	0  -  Run Bytes Sent By Job
	0  -  Run Bytes Received By Job
	0  -  Total Bytes Sent By Job
	0  -  Total Bytes Received By Job
	Partitionable Resources :    Usage  Request Allocated 
	   admin_mutex_1         :                           0 
	   admin_mutex_2         :                           0 
	   admin_mutex_3         :                           0 
	   Cpus                  :     0.99        1         1 
	   Disk (KB)             :    12        2048      3072 
	   GPUs                  :                           0 
	   machine_token         :                           0 
	   Memory (MB)           :   166        6000      6016 
	   TimeExecute (s)       :   476                       
	   TimeSlotBusy (s)      :   477                       

	Job terminated of its own accord at 2026-06-02T22:45:29Z with exit-code 0.
...
