000 (19536759.000.000) 2026-06-02 15:57:10 Job submitted from host: <10.128.10.103:9618?addrs=10.128.10.103-9618&alias=npx-submitter.icecube.wisc.edu&noUDP&sock=schedd_2449_6386>
    DAG Node: Drootprod_20181001_83770
...
001 (19536759.000.000) 2026-06-02 17:26:25 Job executing on host: <10.128.10.190:46289?addrs=10.128.10.190-46289&alias=n-smepyc-03.icecube.wisc.edu>
	SlotName: slot1_25@n-smepyc-03.icecube.wisc.edu
	admin_mutex_1 = 0
	admin_mutex_2 = 0
	admin_mutex_3 = 0
	CondorScratchDir = "/scratch/condor/dir_3836967"
	Cpus = 1
	Disk = 3072
	GPUs = 0
	machine_token = 0
	Memory = 6016
...
006 (19536759.000.000) 2026-06-02 17:26:38 Image size of job updated: 122868
	120  -  MemoryUsage of job (MB)
	122868  -  ResidentSetSize of job (KB)
...
006 (19536759.000.000) 2026-06-02 17:31:38 Image size of job updated: 171584
	168  -  MemoryUsage of job (MB)
	171584  -  ResidentSetSize of job (KB)
...
006 (19536759.000.000) 2026-06-02 17:35:45 Image size of job updated: 458300
	168  -  MemoryUsage of job (MB)
	171584  -  ResidentSetSize of job (KB)
...
005 (19536759.000.000) 2026-06-02 17:35:45 Job terminated.
	(1) Normal termination (return value 0)
		Usr 0 00:08:47, Sys 0 00:00:08  -  Run Remote Usage
		Usr 0 00:00:00, Sys 0 00:00:00  -  Run Local Usage
		Usr 0 00:08:47, Sys 0 00:00:08  -  Total Remote Usage
		Usr 0 00:00:00, Sys 0 00:00:00  -  Total Local Usage
	0  -  Run Bytes Sent By Job
	0  -  Run Bytes Received By Job
	0  -  Total Bytes Sent By Job
	0  -  Total Bytes Received By Job
	Partitionable Resources :    Usage  Request Allocated 
	   admin_mutex_1         :                           0 
	   admin_mutex_2         :                           0 
	   admin_mutex_3         :                           0 
	   Cpus                  :     0.91        1         1 
	   Disk (KB)             :    10        2048      3072 
	   GPUs                  :                           0 
	   machine_token         :                           0 
	   Memory (MB)           :   168        6000      6016 
	   TimeExecute (s)       :   560                       
	   TimeSlotBusy (s)      :   560                       

	Job terminated of its own accord at 2026-06-02T22:35:45Z with exit-code 0.
...
