000 (19536498.000.000) 2026-06-02 15:56:36 Job submitted from host: <10.128.10.103:9618?addrs=10.128.10.103-9618&alias=npx-submitter.icecube.wisc.edu&noUDP&sock=schedd_2449_6386>
    DAG Node: Drootprod_20180913_88133
...
001 (19536498.000.000) 2026-06-02 17:21:32 Job executing on host: <10.128.10.115:33587?addrs=10.128.10.115-33587&alias=n-gibyte-00.icecube.wisc.edu>
	SlotName: slot1_386@n-gibyte-00.icecube.wisc.edu
	admin_mutex_1 = 0
	admin_mutex_2 = 0
	admin_mutex_3 = 0
	CondorScratchDir = "/scratch/condor/dir_2370675"
	Cpus = 1
	Disk = 5480
	GPUs = 0
	machine_token = 0
	Memory = 6016
...
006 (19536498.000.000) 2026-06-02 17:21:45 Image size of job updated: 119948
	118  -  MemoryUsage of job (MB)
	119948  -  ResidentSetSize of job (KB)
...
006 (19536498.000.000) 2026-06-02 17:26:45 Image size of job updated: 145736
	143  -  MemoryUsage of job (MB)
	145736  -  ResidentSetSize of job (KB)
...
006 (19536498.000.000) 2026-06-02 17:31:46 Image size of job updated: 170208
	167  -  MemoryUsage of job (MB)
	170208  -  ResidentSetSize of job (KB)
...
006 (19536498.000.000) 2026-06-02 17:36:46 Image size of job updated: 303592
	297  -  MemoryUsage of job (MB)
	303592  -  ResidentSetSize of job (KB)
...
006 (19536498.000.000) 2026-06-02 17:41:47 Image size of job updated: 458420
	448  -  MemoryUsage of job (MB)
	458420  -  ResidentSetSize of job (KB)
...
006 (19536498.000.000) 2026-06-02 17:42:12 Image size of job updated: 463108
	448  -  MemoryUsage of job (MB)
	458420  -  ResidentSetSize of job (KB)
...
005 (19536498.000.000) 2026-06-02 17:42:12 Job terminated.
	(1) Normal termination (return value 0)
		Usr 0 00:19:43, Sys 0 00:00:13  -  Run Remote Usage
		Usr 0 00:00:00, Sys 0 00:00:00  -  Run Local Usage
		Usr 0 00:19:43, Sys 0 00:00:13  -  Total Remote Usage
		Usr 0 00:00:00, Sys 0 00:00:00  -  Total Local Usage
	0  -  Run Bytes Sent By Job
	0  -  Run Bytes Received By Job
	0  -  Total Bytes Sent By Job
	0  -  Total Bytes Received By Job
	Partitionable Resources :    Usage  Request Allocated 
	   admin_mutex_1         :                           0 
	   admin_mutex_2         :                           0 
	   admin_mutex_3         :                           0 
	   Cpus                  :     0.98        1         1 
	   Disk (KB)             :    10        2048      5480 
	   GPUs                  :                           0 
	   machine_token         :                           0 
	   Memory (MB)           :   448        6000      6016 
	   TimeExecute (s)       :  1240                       
	   TimeSlotBusy (s)      :  1241                       

	Job terminated of its own accord at 2026-06-02T22:42:12Z with exit-code 0.
...
