000 (19534348.000.000) 2026-06-02 15:52:15 Job submitted from host: <10.128.10.103:9618?addrs=10.128.10.103-9618&alias=npx-submitter.icecube.wisc.edu&noUDP&sock=schedd_2449_6386>
    DAG Node: Drootprod_20180429_4315
...
001 (19534348.000.000) 2026-06-02 16:32:41 Job executing on host: <10.128.10.187:34023?addrs=10.128.10.187-34023&alias=n-smepyc-00.icecube.wisc.edu>
	SlotName: slot1_64@n-smepyc-00.icecube.wisc.edu
	admin_mutex_1 = 0
	admin_mutex_2 = 0
	admin_mutex_3 = 0
	CondorScratchDir = "/scratch/condor/dir_1785159"
	Cpus = 1
	Disk = 3072
	GPUs = 0
	machine_token = 0
	Memory = 6016
...
006 (19534348.000.000) 2026-06-02 16:32:54 Image size of job updated: 122204
	120  -  MemoryUsage of job (MB)
	122204  -  ResidentSetSize of job (KB)
...
006 (19534348.000.000) 2026-06-02 16:37:54 Image size of job updated: 162348
	159  -  MemoryUsage of job (MB)
	162348  -  ResidentSetSize of job (KB)
...
006 (19534348.000.000) 2026-06-02 16:42:55 Image size of job updated: 319576
	313  -  MemoryUsage of job (MB)
	319576  -  ResidentSetSize of job (KB)
...
006 (19534348.000.000) 2026-06-02 16:45:51 Image size of job updated: 650696
	313  -  MemoryUsage of job (MB)
	319576  -  ResidentSetSize of job (KB)
...
005 (19534348.000.000) 2026-06-02 16:45:51 Job terminated.
	(1) Normal termination (return value 0)
		Usr 0 00:12:17, Sys 0 00:00:11  -  Run Remote Usage
		Usr 0 00:00:00, Sys 0 00:00:00  -  Run Local Usage
		Usr 0 00:12:17, Sys 0 00:00:11  -  Total Remote Usage
		Usr 0 00:00:00, Sys 0 00:00:00  -  Total Local Usage
	0  -  Run Bytes Sent By Job
	0  -  Run Bytes Received By Job
	0  -  Total Bytes Sent By Job
	0  -  Total Bytes Received By Job
	Partitionable Resources :    Usage  Request Allocated 
	   admin_mutex_1         :                           0 
	   admin_mutex_2         :                           0 
	   admin_mutex_3         :                           0 
	   Cpus                  :     0.99        1         1 
	   Disk (KB)             :    12        2048      3072 
	   GPUs                  :                           0 
	   machine_token         :                           0 
	   Memory (MB)           :   313        6000      6016 
	   TimeExecute (s)       :   790                       
	   TimeSlotBusy (s)      :   791                       

	Job terminated of its own accord at 2026-06-02T21:45:51Z with exit-code 0.
...
