000 (19533405.000.000) 2026-06-02 15:50:19 Job submitted from host: <10.128.10.103:9618?addrs=10.128.10.103-9618&alias=npx-submitter.icecube.wisc.edu&noUDP&sock=schedd_2449_6386>
    DAG Node: Drootprod_20180223_47865
...
001 (19533405.000.000) 2026-06-02 16:13:39 Job executing on host: <10.128.10.117:43719?addrs=10.128.10.117-43719&alias=n-gibyte-02.icecube.wisc.edu>
	SlotName: slot1_150@n-gibyte-02.icecube.wisc.edu
	admin_mutex_1 = 0
	admin_mutex_2 = 0
	admin_mutex_3 = 0
	CondorScratchDir = "/scratch/condor/dir_3388593"
	Cpus = 1
	Disk = 5480
	GPUs = 0
	machine_token = 0
	Memory = 6016
...
006 (19533405.000.000) 2026-06-02 16:13:53 Image size of job updated: 118520
	116  -  MemoryUsage of job (MB)
	118520  -  ResidentSetSize of job (KB)
...
006 (19533405.000.000) 2026-06-02 16:18:54 Image size of job updated: 145772
	143  -  MemoryUsage of job (MB)
	145772  -  ResidentSetSize of job (KB)
...
006 (19533405.000.000) 2026-06-02 16:23:54 Image size of job updated: 168124
	165  -  MemoryUsage of job (MB)
	168124  -  ResidentSetSize of job (KB)
...
006 (19533405.000.000) 2026-06-02 16:28:55 Image size of job updated: 300756
	294  -  MemoryUsage of job (MB)
	300756  -  ResidentSetSize of job (KB)
...
006 (19533405.000.000) 2026-06-02 16:33:37 Image size of job updated: 452980
	294  -  MemoryUsage of job (MB)
	300756  -  ResidentSetSize of job (KB)
...
005 (19533405.000.000) 2026-06-02 16:33:37 Job terminated.
	(1) Normal termination (return value 0)
		Usr 0 00:18:33, Sys 0 00:00:13  -  Run Remote Usage
		Usr 0 00:00:00, Sys 0 00:00:00  -  Run Local Usage
		Usr 0 00:18:33, Sys 0 00:00:13  -  Total Remote Usage
		Usr 0 00:00:00, Sys 0 00:00:00  -  Total Local Usage
	0  -  Run Bytes Sent By Job
	0  -  Run Bytes Received By Job
	0  -  Total Bytes Sent By Job
	0  -  Total Bytes Received By Job
	Partitionable Resources :    Usage  Request Allocated 
	   admin_mutex_1         :                           0 
	   admin_mutex_2         :                           0 
	   admin_mutex_3         :                           0 
	   Cpus                  :     0.95        1         1 
	   Disk (KB)             :    10        2048      5480 
	   GPUs                  :                           0 
	   machine_token         :                           0 
	   Memory (MB)           :   294        6000      6016 
	   TimeExecute (s)       :  1198                       
	   TimeSlotBusy (s)      :  1198                       

	Job terminated of its own accord at 2026-06-02T21:33:37Z with exit-code 0.
...
