000 (19533441.000.000) 2026-06-02 15:50:24 Job submitted from host: <10.128.10.103:9618?addrs=10.128.10.103-9618&alias=npx-submitter.icecube.wisc.edu&noUDP&sock=schedd_2449_6386>
    DAG Node: Drootprod_20180228_89345
...
001 (19533441.000.000) 2026-06-02 16:14:00 Job executing on host: <10.128.10.115:33587?addrs=10.128.10.115-33587&alias=n-gibyte-00.icecube.wisc.edu>
	SlotName: slot1_162@n-gibyte-00.icecube.wisc.edu
	admin_mutex_1 = 0
	admin_mutex_2 = 0
	admin_mutex_3 = 0
	CondorScratchDir = "/scratch/condor/dir_2108057"
	Cpus = 1
	Disk = 5480
	GPUs = 0
	machine_token = 0
	Memory = 6016
...
006 (19533441.000.000) 2026-06-02 16:14:13 Image size of job updated: 118648
	116  -  MemoryUsage of job (MB)
	118648  -  ResidentSetSize of job (KB)
...
006 (19533441.000.000) 2026-06-02 16:19:13 Image size of job updated: 145012
	142  -  MemoryUsage of job (MB)
	145012  -  ResidentSetSize of job (KB)
...
006 (19533441.000.000) 2026-06-02 16:24:14 Image size of job updated: 166584
	163  -  MemoryUsage of job (MB)
	166584  -  ResidentSetSize of job (KB)
...
006 (19533441.000.000) 2026-06-02 16:29:15 Image size of job updated: 294920
	289  -  MemoryUsage of job (MB)
	294920  -  ResidentSetSize of job (KB)
...
006 (19533441.000.000) 2026-06-02 16:34:15 Image size of job updated: 315892
	309  -  MemoryUsage of job (MB)
	315892  -  ResidentSetSize of job (KB)
...
006 (19533441.000.000) 2026-06-02 16:37:13 Image size of job updated: 468700
	309  -  MemoryUsage of job (MB)
	315892  -  ResidentSetSize of job (KB)
...
005 (19533441.000.000) 2026-06-02 16:37:13 Job terminated.
	(1) Normal termination (return value 0)
		Usr 0 00:21:42, Sys 0 00:00:15  -  Run Remote Usage
		Usr 0 00:00:00, Sys 0 00:00:00  -  Run Local Usage
		Usr 0 00:21:42, Sys 0 00:00:15  -  Total Remote Usage
		Usr 0 00:00:00, Sys 0 00:00:00  -  Total Local Usage
	0  -  Run Bytes Sent By Job
	0  -  Run Bytes Received By Job
	0  -  Total Bytes Sent By Job
	0  -  Total Bytes Received By Job
	Partitionable Resources :    Usage  Request Allocated 
	   admin_mutex_1         :                           0 
	   admin_mutex_2         :                           0 
	   admin_mutex_3         :                           0 
	   Cpus                  :     0.95        1         1 
	   Disk (KB)             :    12        2048      5480 
	   GPUs                  :                           0 
	   machine_token         :                           0 
	   Memory (MB)           :   309        6000      6016 
	   TimeExecute (s)       :  1393                       
	   TimeSlotBusy (s)      :  1394                       

	Job terminated of its own accord at 2026-06-02T21:37:13Z with exit-code 0.
...
