000 (19536747.000.000) 2026-06-02 15:57:08 Job submitted from host: <10.128.10.103:9618?addrs=10.128.10.103-9618&alias=npx-submitter.icecube.wisc.edu&noUDP&sock=schedd_2449_6386>
    DAG Node: Drootprod_20180929_36583
...
001 (19536747.000.000) 2026-06-02 17:25:47 Job executing on host: <10.128.10.189:44027?addrs=10.128.10.189-44027&alias=n-smepyc-02.icecube.wisc.edu>
	SlotName: slot1_26@n-smepyc-02.icecube.wisc.edu
	admin_mutex_1 = 0
	admin_mutex_2 = 0
	admin_mutex_3 = 0
	CondorScratchDir = "/scratch/condor/dir_590671"
	Cpus = 1
	Disk = 3072
	GPUs = 0
	machine_token = 0
	Memory = 6016
...
006 (19536747.000.000) 2026-06-02 17:26:01 Image size of job updated: 123420
	121  -  MemoryUsage of job (MB)
	123420  -  ResidentSetSize of job (KB)
...
006 (19536747.000.000) 2026-06-02 17:31:02 Image size of job updated: 183164
	179  -  MemoryUsage of job (MB)
	183164  -  ResidentSetSize of job (KB)
...
006 (19536747.000.000) 2026-06-02 17:34:12 Image size of job updated: 461760
	179  -  MemoryUsage of job (MB)
	183164  -  ResidentSetSize of job (KB)
...
005 (19536747.000.000) 2026-06-02 17:34:12 Job terminated.
	(1) Normal termination (return value 0)
		Usr 0 00:07:55, Sys 0 00:00:08  -  Run Remote Usage
		Usr 0 00:00:00, Sys 0 00:00:00  -  Run Local Usage
		Usr 0 00:07:55, Sys 0 00:00:08  -  Total Remote Usage
		Usr 0 00:00:00, Sys 0 00:00:00  -  Total Local Usage
	0  -  Run Bytes Sent By Job
	0  -  Run Bytes Received By Job
	0  -  Total Bytes Sent By Job
	0  -  Total Bytes Received By Job
	Partitionable Resources :    Usage  Request Allocated 
	   admin_mutex_1         :                           0 
	   admin_mutex_2         :                           0 
	   admin_mutex_3         :                           0 
	   Cpus                  :     0.95        1         1 
	   Disk (KB)             :    10        2048      3072 
	   GPUs                  :                           0 
	   machine_token         :                           0 
	   Memory (MB)           :   179        6000      6016 
	   TimeExecute (s)       :   505                       
	   TimeSlotBusy (s)      :   505                       

	Job terminated of its own accord at 2026-06-02T22:34:12Z with exit-code 0.
...
