000 (19537766.000.000) 2026-06-02 15:59:55 Job submitted from host: <10.128.10.103:9618?addrs=10.128.10.103-9618&alias=npx-submitter.icecube.wisc.edu&noUDP&sock=schedd_2449_6386>
    DAG Node: Drootprod_20181229_60758
...
001 (19537766.000.000) 2026-06-02 17:41:28 Job executing on host: <10.128.10.238:43797?addrs=10.128.10.238-43797&alias=n-gpu-42.icecube.wisc.edu>
	SlotName: slot1_49@n-gpu-42.icecube.wisc.edu
	admin_mutex_1 = 0
	admin_mutex_2 = 0
	admin_mutex_3 = 0
	AvailableGPUs = {  }
	CondorScratchDir = "/scratch/condor/dir_2330366"
	Cpus = 1
	Disk = 3072
	GPUs = 0
	machine_token = 0
	Memory = 6016
...
006 (19537766.000.000) 2026-06-02 17:41:42 Image size of job updated: 120384
	118  -  MemoryUsage of job (MB)
	120384  -  ResidentSetSize of job (KB)
...
006 (19537766.000.000) 2026-06-02 17:46:43 Image size of job updated: 151656
	149  -  MemoryUsage of job (MB)
	151656  -  ResidentSetSize of job (KB)
...
006 (19537766.000.000) 2026-06-02 17:51:44 Image size of job updated: 177608
	174  -  MemoryUsage of job (MB)
	177608  -  ResidentSetSize of job (KB)
...
006 (19537766.000.000) 2026-06-02 17:53:00 Image size of job updated: 293608
	174  -  MemoryUsage of job (MB)
	177608  -  ResidentSetSize of job (KB)
...
005 (19537766.000.000) 2026-06-02 17:53:00 Job terminated.
	(1) Normal termination (return value 0)
		Usr 0 00:10:47, Sys 0 00:00:09  -  Run Remote Usage
		Usr 0 00:00:00, Sys 0 00:00:00  -  Run Local Usage
		Usr 0 00:10:47, Sys 0 00:00:09  -  Total Remote Usage
		Usr 0 00:00:00, Sys 0 00:00:00  -  Total Local Usage
	0  -  Run Bytes Sent By Job
	0  -  Run Bytes Received By Job
	0  -  Total Bytes Sent By Job
	0  -  Total Bytes Received By Job
	Partitionable Resources :    Usage  Request Allocated 
	   admin_mutex_1         :                           0 
	   admin_mutex_2         :                           0 
	   admin_mutex_3         :                           0 
	   Cpus                  :     0.97        1         1 
	   Disk (KB)             :    12        2048      3072 
	   GPUs                  :                           0 
	   machine_token         :                           0 
	   Memory (MB)           :   174        6000      6016 
	   TimeExecute (s)       :   692                       
	   TimeSlotBusy (s)      :   692                       

	Job terminated of its own accord at 2026-06-02T22:53:00Z with exit-code 0.
...
