000 (19536167.000.000) 2026-06-02 15:55:54 Job submitted from host: <10.128.10.103:9618?addrs=10.128.10.103-9618&alias=npx-submitter.icecube.wisc.edu&noUDP&sock=schedd_2449_6386>
    DAG Node: Drootprod_20180822_44720
...
001 (19536167.000.000) 2026-06-02 17:15:13 Job executing on host: <10.128.10.115:33587?addrs=10.128.10.115-33587&alias=n-gibyte-00.icecube.wisc.edu>
	SlotName: slot1_473@n-gibyte-00.icecube.wisc.edu
	admin_mutex_1 = 0
	admin_mutex_2 = 0
	admin_mutex_3 = 0
	CondorScratchDir = "/scratch/condor/dir_2343400"
	Cpus = 1
	Disk = 5480
	GPUs = 0
	machine_token = 0
	Memory = 6016
...
006 (19536167.000.000) 2026-06-02 17:15:26 Image size of job updated: 118832
	117  -  MemoryUsage of job (MB)
	118832  -  ResidentSetSize of job (KB)
...
006 (19536167.000.000) 2026-06-02 17:20:26 Image size of job updated: 149652
	147  -  MemoryUsage of job (MB)
	149652  -  ResidentSetSize of job (KB)
...
006 (19536167.000.000) 2026-06-02 17:25:26 Image size of job updated: 170748
	167  -  MemoryUsage of job (MB)
	170748  -  ResidentSetSize of job (KB)
...
006 (19536167.000.000) 2026-06-02 17:30:27 Image size of job updated: 304636
	298  -  MemoryUsage of job (MB)
	304636  -  ResidentSetSize of job (KB)
...
006 (19536167.000.000) 2026-06-02 17:34:53 Image size of job updated: 456596
	298  -  MemoryUsage of job (MB)
	304636  -  ResidentSetSize of job (KB)
...
005 (19536167.000.000) 2026-06-02 17:34:53 Job terminated.
	(1) Normal termination (return value 0)
		Usr 0 00:18:45, Sys 0 00:00:13  -  Run Remote Usage
		Usr 0 00:00:00, Sys 0 00:00:00  -  Run Local Usage
		Usr 0 00:18:45, Sys 0 00:00:13  -  Total Remote Usage
		Usr 0 00:00:00, Sys 0 00:00:00  -  Total Local Usage
	0  -  Run Bytes Sent By Job
	0  -  Run Bytes Received By Job
	0  -  Total Bytes Sent By Job
	0  -  Total Bytes Received By Job
	Partitionable Resources :    Usage  Request Allocated 
	   admin_mutex_1         :                           0 
	   admin_mutex_2         :                           0 
	   admin_mutex_3         :                           0 
	   Cpus                  :     0.99        1         1 
	   Disk (KB)             :    12        2048      5480 
	   GPUs                  :                           0 
	   machine_token         :                           0 
	   Memory (MB)           :   298        6000      6016 
	   TimeExecute (s)       :  1180                       
	   TimeSlotBusy (s)      :  1180                       

	Job terminated of its own accord at 2026-06-02T22:34:52Z with exit-code 0.
...
