000 (19535637.000.000) 2026-06-02 15:54:47 Job submitted from host: <10.128.10.103:9618?addrs=10.128.10.103-9618&alias=npx-submitter.icecube.wisc.edu&noUDP&sock=schedd_2449_6386>
    DAG Node: Drootprod_20180717_15038
...
001 (19535637.000.000) 2026-06-02 16:56:57 Job executing on host: <10.128.10.115:33587?addrs=10.128.10.115-33587&alias=n-gibyte-00.icecube.wisc.edu>
	SlotName: slot1_293@n-gibyte-00.icecube.wisc.edu
	admin_mutex_1 = 0
	admin_mutex_2 = 0
	admin_mutex_3 = 0
	CondorScratchDir = "/scratch/condor/dir_2270721"
	Cpus = 1
	Disk = 5480
	GPUs = 0
	machine_token = 0
	Memory = 6016
...
006 (19535637.000.000) 2026-06-02 16:57:11 Image size of job updated: 120096
	118  -  MemoryUsage of job (MB)
	120096  -  ResidentSetSize of job (KB)
...
006 (19535637.000.000) 2026-06-02 17:02:12 Image size of job updated: 143976
	141  -  MemoryUsage of job (MB)
	143976  -  ResidentSetSize of job (KB)
...
006 (19535637.000.000) 2026-06-02 17:07:12 Image size of job updated: 165956
	163  -  MemoryUsage of job (MB)
	165956  -  ResidentSetSize of job (KB)
...
006 (19535637.000.000) 2026-06-02 17:12:13 Image size of job updated: 299260
	293  -  MemoryUsage of job (MB)
	299260  -  ResidentSetSize of job (KB)
...
006 (19535637.000.000) 2026-06-02 17:17:13 Image size of job updated: 453760
	444  -  MemoryUsage of job (MB)
	453760  -  ResidentSetSize of job (KB)
...
006 (19535637.000.000) 2026-06-02 17:18:12 Image size of job updated: 457324
	444  -  MemoryUsage of job (MB)
	453760  -  ResidentSetSize of job (KB)
...
005 (19535637.000.000) 2026-06-02 17:18:12 Job terminated.
	(1) Normal termination (return value 0)
		Usr 0 00:20:09, Sys 0 00:00:14  -  Run Remote Usage
		Usr 0 00:00:00, Sys 0 00:00:00  -  Run Local Usage
		Usr 0 00:20:09, Sys 0 00:00:14  -  Total Remote Usage
		Usr 0 00:00:00, Sys 0 00:00:00  -  Total Local Usage
	0  -  Run Bytes Sent By Job
	0  -  Run Bytes Received By Job
	0  -  Total Bytes Sent By Job
	0  -  Total Bytes Received By Job
	Partitionable Resources :    Usage  Request Allocated 
	   admin_mutex_1         :                           0 
	   admin_mutex_2         :                           0 
	   admin_mutex_3         :                           0 
	   Cpus                  :     0.98        1         1 
	   Disk (KB)             :    10        2048      5480 
	   GPUs                  :                           0 
	   machine_token         :                           0 
	   Memory (MB)           :   444        6000      6016 
	   TimeExecute (s)       :  1275                       
	   TimeSlotBusy (s)      :  1276                       

	Job terminated of its own accord at 2026-06-02T22:18:12Z with exit-code 0.
...
