000 (19537181.000.000) 2026-06-02 15:58:08 Job submitted from host: <10.128.10.103:9618?addrs=10.128.10.103-9618&alias=npx-submitter.icecube.wisc.edu&noUDP&sock=schedd_2449_6386>
    DAG Node: Drootprod_20181103_96713
...
001 (19537181.000.000) 2026-06-02 17:33:19 Job executing on host: <10.128.11.29:39259?addrs=10.128.11.29-39259&alias=n-smbc-10.icecube.wisc.edu>
	SlotName: slot1_5@n-smbc-10.icecube.wisc.edu
	admin_mutex_1 = 0
	admin_mutex_2 = 0
	admin_mutex_3 = 0
	CondorScratchDir = "/scratch/condor/dir_2416"
	Cpus = 1
	Disk = 3072
	GPUs = 0
	machine_token = 0
	Memory = 6016
...
006 (19537181.000.000) 2026-06-02 17:33:32 Image size of job updated: 120068
	118  -  MemoryUsage of job (MB)
	120068  -  ResidentSetSize of job (KB)
...
006 (19537181.000.000) 2026-06-02 17:38:32 Image size of job updated: 150184
	147  -  MemoryUsage of job (MB)
	150184  -  ResidentSetSize of job (KB)
...
006 (19537181.000.000) 2026-06-02 17:43:33 Image size of job updated: 174540
	171  -  MemoryUsage of job (MB)
	174540  -  ResidentSetSize of job (KB)
...
006 (19537181.000.000) 2026-06-02 17:48:34 Image size of job updated: 310492
	304  -  MemoryUsage of job (MB)
	310492  -  ResidentSetSize of job (KB)
...
006 (19537181.000.000) 2026-06-02 17:51:22 Image size of job updated: 457260
	304  -  MemoryUsage of job (MB)
	310492  -  ResidentSetSize of job (KB)
...
005 (19537181.000.000) 2026-06-02 17:51:22 Job terminated.
	(1) Normal termination (return value 0)
		Usr 0 00:17:25, Sys 0 00:00:09  -  Run Remote Usage
		Usr 0 00:00:00, Sys 0 00:00:00  -  Run Local Usage
		Usr 0 00:17:25, Sys 0 00:00:09  -  Total Remote Usage
		Usr 0 00:00:00, Sys 0 00:00:00  -  Total Local Usage
	0  -  Run Bytes Sent By Job
	0  -  Run Bytes Received By Job
	0  -  Total Bytes Sent By Job
	0  -  Total Bytes Received By Job
	Partitionable Resources :    Usage  Request Allocated 
	   admin_mutex_1         :                           0 
	   admin_mutex_2         :                           0 
	   admin_mutex_3         :                           0 
	   Cpus                  :     0.99        1         1 
	   Disk (KB)             :    12        2048      3072 
	   GPUs                  :                           0 
	   machine_token         :                           0 
	   Memory (MB)           :   304        6000      6016 
	   TimeExecute (s)       :  1083                       
	   TimeSlotBusy (s)      :  1084                       

	Job terminated of its own accord at 2026-06-02T22:51:22Z with exit-code 0.
...
