000 (19537007.000.000) 2026-06-02 15:57:44 Job submitted from host: <10.128.10.103:9618?addrs=10.128.10.103-9618&alias=npx-submitter.icecube.wisc.edu&noUDP&sock=schedd_2449_6386>
    DAG Node: Drootprod_20181020_10128
...
001 (19537007.000.000) 2026-06-02 17:30:39 Job executing on host: <10.128.10.53:39595?addrs=10.128.10.53-39595&alias=n-m610-43.icecube.wisc.edu>
	SlotName: slot1_5@n-m610-43.icecube.wisc.edu
	admin_mutex_1 = 0
	admin_mutex_2 = 0
	admin_mutex_3 = 0
	CondorScratchDir = "/scratch/condor/dir_1644829"
	Cpus = 1
	Disk = 3072
	GPUs = 0
	machine_token = 0
	Memory = 6016
...
006 (19537007.000.000) 2026-06-02 17:30:52 Image size of job updated: 121064
	119  -  MemoryUsage of job (MB)
	121064  -  ResidentSetSize of job (KB)
...
006 (19537007.000.000) 2026-06-02 17:35:52 Image size of job updated: 160440
	157  -  MemoryUsage of job (MB)
	160440  -  ResidentSetSize of job (KB)
...
006 (19537007.000.000) 2026-06-02 17:40:52 Image size of job updated: 309436
	303  -  MemoryUsage of job (MB)
	309436  -  ResidentSetSize of job (KB)
...
006 (19537007.000.000) 2026-06-02 17:42:59 Image size of job updated: 458244
	303  -  MemoryUsage of job (MB)
	309436  -  ResidentSetSize of job (KB)
...
005 (19537007.000.000) 2026-06-02 17:42:59 Job terminated.
	(1) Normal termination (return value 0)
		Usr 0 00:11:37, Sys 0 00:00:10  -  Run Remote Usage
		Usr 0 00:00:00, Sys 0 00:00:00  -  Run Local Usage
		Usr 0 00:11:37, Sys 0 00:00:10  -  Total Remote Usage
		Usr 0 00:00:00, Sys 0 00:00:00  -  Total Local Usage
	0  -  Run Bytes Sent By Job
	0  -  Run Bytes Received By Job
	0  -  Total Bytes Sent By Job
	0  -  Total Bytes Received By Job
	Partitionable Resources :    Usage  Request Allocated 
	   admin_mutex_1         :                           0 
	   admin_mutex_2         :                           0 
	   admin_mutex_3         :                           0 
	   Cpus                  :     0.91        1         1 
	   Disk (KB)             :    10        2048      3072 
	   GPUs                  :                           0 
	   machine_token         :                           0 
	   Memory (MB)           :   303        6000      6016 
	   TimeExecute (s)       :   740                       
	   TimeSlotBusy (s)      :   740                       

	Job terminated of its own accord at 2026-06-02T22:42:59Z with exit-code 0.
...
