000 (19537656.000.000) 2026-06-02 15:59:31 Job submitted from host: <10.128.10.103:9618?addrs=10.128.10.103-9618&alias=npx-submitter.icecube.wisc.edu&noUDP&sock=schedd_2449_6386>
    DAG Node: Drootprod_20181215_17522
...
001 (19537656.000.000) 2026-06-02 17:40:29 Job executing on host: <10.128.10.117:43719?addrs=10.128.10.117-43719&alias=n-gibyte-02.icecube.wisc.edu>
	SlotName: slot1_402@n-gibyte-02.icecube.wisc.edu
	admin_mutex_1 = 0
	admin_mutex_2 = 0
	admin_mutex_3 = 0
	CondorScratchDir = "/scratch/condor/dir_3749273"
	Cpus = 1
	Disk = 5480
	GPUs = 0
	machine_token = 0
	Memory = 6016
...
006 (19537656.000.000) 2026-06-02 17:40:42 Image size of job updated: 119264
	117  -  MemoryUsage of job (MB)
	119264  -  ResidentSetSize of job (KB)
...
006 (19537656.000.000) 2026-06-02 17:45:42 Image size of job updated: 144384
	141  -  MemoryUsage of job (MB)
	144384  -  ResidentSetSize of job (KB)
...
006 (19537656.000.000) 2026-06-02 17:50:43 Image size of job updated: 161132
	158  -  MemoryUsage of job (MB)
	161132  -  ResidentSetSize of job (KB)
...
006 (19537656.000.000) 2026-06-02 17:55:43 Image size of job updated: 174560
	171  -  MemoryUsage of job (MB)
	174560  -  ResidentSetSize of job (KB)
...
006 (19537656.000.000) 2026-06-02 18:00:43 Image size of job updated: 298092
	292  -  MemoryUsage of job (MB)
	298092  -  ResidentSetSize of job (KB)
...
006 (19537656.000.000) 2026-06-02 18:05:44 Image size of job updated: 310024
	303  -  MemoryUsage of job (MB)
	310024  -  ResidentSetSize of job (KB)
...
006 (19537656.000.000) 2026-06-02 18:06:21 Image size of job updated: 311624
	303  -  MemoryUsage of job (MB)
	310024  -  ResidentSetSize of job (KB)
...
005 (19537656.000.000) 2026-06-02 18:06:21 Job terminated.
	(1) Normal termination (return value 0)
		Usr 0 00:24:28, Sys 0 00:00:13  -  Run Remote Usage
		Usr 0 00:00:00, Sys 0 00:00:00  -  Run Local Usage
		Usr 0 00:24:28, Sys 0 00:00:13  -  Total Remote Usage
		Usr 0 00:00:00, Sys 0 00:00:00  -  Total Local Usage
	0  -  Run Bytes Sent By Job
	0  -  Run Bytes Received By Job
	0  -  Total Bytes Sent By Job
	0  -  Total Bytes Received By Job
	Partitionable Resources :    Usage  Request Allocated 
	   admin_mutex_1         :                           0 
	   admin_mutex_2         :                           0 
	   admin_mutex_3         :                           0 
	   Cpus                  :     0.98        1         1 
	   Disk (KB)             :    15        2048      5480 
	   GPUs                  :                           0 
	   machine_token         :                           0 
	   Memory (MB)           :   303        6000      6016 
	   TimeExecute (s)       :  1552                       
	   TimeSlotBusy (s)      :  1553                       

	Job terminated of its own accord at 2026-06-02T23:06:21Z with exit-code 0.
...
