000 (19534456.000.000) 2026-06-02 15:52:26 Job submitted from host: <10.128.10.103:9618?addrs=10.128.10.103-9618&alias=npx-submitter.icecube.wisc.edu&noUDP&sock=schedd_2449_6386>
    DAG Node: Drootprod_20180505_70532
...
001 (19534456.000.000) 2026-06-02 16:34:33 Job executing on host: <10.128.10.117:43719?addrs=10.128.10.117-43719&alias=n-gibyte-02.icecube.wisc.edu>
	SlotName: slot1_175@n-gibyte-02.icecube.wisc.edu
	admin_mutex_1 = 0
	admin_mutex_2 = 0
	admin_mutex_3 = 0
	CondorScratchDir = "/scratch/condor/dir_3472175"
	Cpus = 1
	Disk = 5480
	GPUs = 0
	machine_token = 0
	Memory = 6016
...
006 (19534456.000.000) 2026-06-02 16:34:47 Image size of job updated: 118396
	116  -  MemoryUsage of job (MB)
	118396  -  ResidentSetSize of job (KB)
...
006 (19534456.000.000) 2026-06-02 16:39:48 Image size of job updated: 145680
	143  -  MemoryUsage of job (MB)
	145680  -  ResidentSetSize of job (KB)
...
006 (19534456.000.000) 2026-06-02 16:44:49 Image size of job updated: 167712
	164  -  MemoryUsage of job (MB)
	167712  -  ResidentSetSize of job (KB)
...
006 (19534456.000.000) 2026-06-02 16:49:49 Image size of job updated: 301216
	295  -  MemoryUsage of job (MB)
	301216  -  ResidentSetSize of job (KB)
...
006 (19534456.000.000) 2026-06-02 16:54:50 Image size of job updated: 454828
	445  -  MemoryUsage of job (MB)
	454828  -  ResidentSetSize of job (KB)
...
006 (19534456.000.000) 2026-06-02 16:56:40 Image size of job updated: 463204
	445  -  MemoryUsage of job (MB)
	454828  -  ResidentSetSize of job (KB)
...
005 (19534456.000.000) 2026-06-02 16:56:40 Job terminated.
	(1) Normal termination (return value 0)
		Usr 0 00:21:04, Sys 0 00:00:14  -  Run Remote Usage
		Usr 0 00:00:00, Sys 0 00:00:00  -  Run Local Usage
		Usr 0 00:21:04, Sys 0 00:00:14  -  Total Remote Usage
		Usr 0 00:00:00, Sys 0 00:00:00  -  Total Local Usage
	0  -  Run Bytes Sent By Job
	0  -  Run Bytes Received By Job
	0  -  Total Bytes Sent By Job
	0  -  Total Bytes Received By Job
	Partitionable Resources :    Usage  Request Allocated 
	   admin_mutex_1         :                           0 
	   admin_mutex_2         :                           0 
	   admin_mutex_3         :                           0 
	   Cpus                  :     0.81        1         1 
	   Disk (KB)             :    12        2048      5480 
	   GPUs                  :                           0 
	   machine_token         :                           0 
	   Memory (MB)           :   445        6000      6016 
	   TimeExecute (s)       :  1327                       
	   TimeSlotBusy (s)      :  1327                       

	Job terminated of its own accord at 2026-06-02T21:56:40Z with exit-code 0.
...
