000 (19534138.000.000) 2026-06-02 15:51:53 Job submitted from host: <10.128.10.103:9618?addrs=10.128.10.103-9618&alias=npx-submitter.icecube.wisc.edu&noUDP&sock=schedd_2449_6386>
    DAG Node: Drootprod_20180417_9131
...
001 (19534138.000.000) 2026-06-02 16:28:42 Job executing on host: <10.128.10.117:43719?addrs=10.128.10.117-43719&alias=n-gibyte-02.icecube.wisc.edu>
	SlotName: slot1_139@n-gibyte-02.icecube.wisc.edu
	admin_mutex_1 = 0
	admin_mutex_2 = 0
	admin_mutex_3 = 0
	CondorScratchDir = "/scratch/condor/dir_3448537"
	Cpus = 1
	Disk = 5480
	GPUs = 0
	machine_token = 0
	Memory = 6016
...
006 (19534138.000.000) 2026-06-02 16:28:56 Image size of job updated: 119432
	117  -  MemoryUsage of job (MB)
	119432  -  ResidentSetSize of job (KB)
...
006 (19534138.000.000) 2026-06-02 16:33:56 Image size of job updated: 145676
	143  -  MemoryUsage of job (MB)
	145676  -  ResidentSetSize of job (KB)
...
006 (19534138.000.000) 2026-06-02 16:38:57 Image size of job updated: 170456
	167  -  MemoryUsage of job (MB)
	170456  -  ResidentSetSize of job (KB)
...
006 (19534138.000.000) 2026-06-02 16:43:57 Image size of job updated: 303852
	297  -  MemoryUsage of job (MB)
	303852  -  ResidentSetSize of job (KB)
...
006 (19534138.000.000) 2026-06-02 16:48:52 Image size of job updated: 466884
	297  -  MemoryUsage of job (MB)
	303852  -  ResidentSetSize of job (KB)
...
005 (19534138.000.000) 2026-06-02 16:48:52 Job terminated.
	(1) Normal termination (return value 0)
		Usr 0 00:19:08, Sys 0 00:00:14  -  Run Remote Usage
		Usr 0 00:00:00, Sys 0 00:00:00  -  Run Local Usage
		Usr 0 00:19:08, Sys 0 00:00:14  -  Total Remote Usage
		Usr 0 00:00:00, Sys 0 00:00:00  -  Total Local Usage
	0  -  Run Bytes Sent By Job
	0  -  Run Bytes Received By Job
	0  -  Total Bytes Sent By Job
	0  -  Total Bytes Received By Job
	Partitionable Resources :    Usage  Request Allocated 
	   admin_mutex_1         :                           0 
	   admin_mutex_2         :                           0 
	   admin_mutex_3         :                           0 
	   Cpus                  :     0.98        1         1 
	   Disk (KB)             :    10        2048      5480 
	   GPUs                  :                           0 
	   machine_token         :                           0 
	   Memory (MB)           :   297        6000      6016 
	   TimeExecute (s)       :  1210                       
	   TimeSlotBusy (s)      :  1210                       

	Job terminated of its own accord at 2026-06-02T21:48:52Z with exit-code 0.
...
