000 (19534106.000.000) 2026-06-02 15:51:48 Job submitted from host: <10.128.10.103:9618?addrs=10.128.10.103-9618&alias=npx-submitter.icecube.wisc.edu&noUDP&sock=schedd_2449_6386>
    DAG Node: Drootprod_20180413_15362
...
001 (19534106.000.000) 2026-06-02 16:27:54 Job executing on host: <10.128.10.191:42321?addrs=10.128.10.191-42321&alias=n-smepyc-04.icecube.wisc.edu>
	SlotName: slot1_4@n-smepyc-04.icecube.wisc.edu
	admin_mutex_1 = 0
	admin_mutex_2 = 0
	admin_mutex_3 = 0
	CondorScratchDir = "/scratch/condor/dir_138816"
	Cpus = 1
	Disk = 3072
	GPUs = 0
	machine_token = 0
	Memory = 6016
...
006 (19534106.000.000) 2026-06-02 16:28:07 Image size of job updated: 122204
	120  -  MemoryUsage of job (MB)
	122204  -  ResidentSetSize of job (KB)
...
006 (19534106.000.000) 2026-06-02 16:33:07 Image size of job updated: 176944
	173  -  MemoryUsage of job (MB)
	176944  -  ResidentSetSize of job (KB)
...
006 (19534106.000.000) 2026-06-02 16:37:25 Image size of job updated: 465428
	173  -  MemoryUsage of job (MB)
	176944  -  ResidentSetSize of job (KB)
...
005 (19534106.000.000) 2026-06-02 16:37:25 Job terminated.
	(1) Normal termination (return value 0)
		Usr 0 00:08:32, Sys 0 00:00:09  -  Run Remote Usage
		Usr 0 00:00:00, Sys 0 00:00:00  -  Run Local Usage
		Usr 0 00:08:32, Sys 0 00:00:09  -  Total Remote Usage
		Usr 0 00:00:00, Sys 0 00:00:00  -  Total Local Usage
	0  -  Run Bytes Sent By Job
	0  -  Run Bytes Received By Job
	0  -  Total Bytes Sent By Job
	0  -  Total Bytes Received By Job
	Partitionable Resources :    Usage  Request Allocated 
	   admin_mutex_1         :                           0 
	   admin_mutex_2         :                           0 
	   admin_mutex_3         :                           0 
	   Cpus                  :     1.00        1         1 
	   Disk (KB)             :    10        2048      3072 
	   GPUs                  :                           0 
	   machine_token         :                           0 
	   Memory (MB)           :   173        6000      6016 
	   TimeExecute (s)       :   571                       
	   TimeSlotBusy (s)      :   571                       

	Job terminated of its own accord at 2026-06-02T21:37:25Z with exit-code 0.
...
