000 (19536576.000.000) 2026-06-02 15:56:46 Job submitted from host: <10.128.10.103:9618?addrs=10.128.10.103-9618&alias=npx-submitter.icecube.wisc.edu&noUDP&sock=schedd_2449_6386>
    DAG Node: Drootprod_20180918_8383
...
001 (19536576.000.000) 2026-06-02 17:23:19 Job executing on host: <10.128.11.105:41125?addrs=10.128.11.105-41125&alias=n-r720-46.icecube.wisc.edu>
	SlotName: slot1_24@n-r720-46.icecube.wisc.edu
	admin_mutex_1 = 0
	admin_mutex_2 = 0
	admin_mutex_3 = 0
	CondorScratchDir = "/scratch/condor/dir_3450849"
	Cpus = 1
	Disk = 3717
	GPUs = 0
	machine_token = 0
	Memory = 6016
...
006 (19536576.000.000) 2026-06-02 17:23:32 Image size of job updated: 119928
	118  -  MemoryUsage of job (MB)
	119928  -  ResidentSetSize of job (KB)
...
006 (19536576.000.000) 2026-06-02 17:28:32 Image size of job updated: 149616
	147  -  MemoryUsage of job (MB)
	149616  -  ResidentSetSize of job (KB)
...
006 (19536576.000.000) 2026-06-02 17:33:32 Image size of job updated: 174536
	171  -  MemoryUsage of job (MB)
	174536  -  ResidentSetSize of job (KB)
...
006 (19536576.000.000) 2026-06-02 17:38:33 Image size of job updated: 311156
	304  -  MemoryUsage of job (MB)
	311156  -  ResidentSetSize of job (KB)
...
006 (19536576.000.000) 2026-06-02 17:42:06 Image size of job updated: 469996
	304  -  MemoryUsage of job (MB)
	311156  -  ResidentSetSize of job (KB)
...
005 (19536576.000.000) 2026-06-02 17:42:06 Job terminated.
	(1) Normal termination (return value 0)
		Usr 0 00:17:58, Sys 0 00:00:14  -  Run Remote Usage
		Usr 0 00:00:00, Sys 0 00:00:00  -  Run Local Usage
		Usr 0 00:17:58, Sys 0 00:00:14  -  Total Remote Usage
		Usr 0 00:00:00, Sys 0 00:00:00  -  Total Local Usage
	0  -  Run Bytes Sent By Job
	0  -  Run Bytes Received By Job
	0  -  Total Bytes Sent By Job
	0  -  Total Bytes Received By Job
	Partitionable Resources :    Usage  Request Allocated 
	   admin_mutex_1         :                           0 
	   admin_mutex_2         :                           0 
	   admin_mutex_3         :                           0 
	   Cpus                  :     0.97        1         1 
	   Disk (KB)             :    12        2048      3717 
	   GPUs                  :                           0 
	   machine_token         :                           0 
	   Memory (MB)           :   304        6000      6016 
	   TimeExecute (s)       :  1127                       
	   TimeSlotBusy (s)      :  1128                       

	Job terminated of its own accord at 2026-06-02T22:42:06Z with exit-code 0.
...
