000 (19534732.000.000) 2026-06-02 15:52:58 Job submitted from host: <10.128.10.103:9618?addrs=10.128.10.103-9618&alias=npx-submitter.icecube.wisc.edu&noUDP&sock=schedd_2449_6386>
    DAG Node: Drootprod_20180521_4998
...
001 (19534732.000.000) 2026-06-02 16:39:56 Job executing on host: <10.128.11.26:32775?addrs=10.128.11.26-32775&alias=n-smbc-07.icecube.wisc.edu>
	SlotName: slot1_3@n-smbc-07.icecube.wisc.edu
	admin_mutex_1 = 0
	admin_mutex_2 = 0
	admin_mutex_3 = 0
	CondorScratchDir = "/scratch/condor/dir_648680"
	Cpus = 1
	Disk = 3072
	GPUs = 0
	machine_token = 0
	Memory = 6016
...
006 (19534732.000.000) 2026-06-02 16:40:10 Image size of job updated: 119712
	117  -  MemoryUsage of job (MB)
	119712  -  ResidentSetSize of job (KB)
...
006 (19534732.000.000) 2026-06-02 16:45:11 Image size of job updated: 144132
	141  -  MemoryUsage of job (MB)
	144132  -  ResidentSetSize of job (KB)
...
006 (19534732.000.000) 2026-06-02 16:50:11 Image size of job updated: 166608
	163  -  MemoryUsage of job (MB)
	166608  -  ResidentSetSize of job (KB)
...
006 (19534732.000.000) 2026-06-02 16:55:11 Image size of job updated: 297648
	291  -  MemoryUsage of job (MB)
	297648  -  ResidentSetSize of job (KB)
...
006 (19534732.000.000) 2026-06-02 16:59:17 Image size of job updated: 456652
	291  -  MemoryUsage of job (MB)
	297648  -  ResidentSetSize of job (KB)
...
005 (19534732.000.000) 2026-06-02 16:59:17 Job terminated.
	(1) Normal termination (return value 0)
		Usr 0 00:18:44, Sys 0 00:00:10  -  Run Remote Usage
		Usr 0 00:00:00, Sys 0 00:00:00  -  Run Local Usage
		Usr 0 00:18:44, Sys 0 00:00:10  -  Total Remote Usage
		Usr 0 00:00:00, Sys 0 00:00:00  -  Total Local Usage
	0  -  Run Bytes Sent By Job
	0  -  Run Bytes Received By Job
	0  -  Total Bytes Sent By Job
	0  -  Total Bytes Received By Job
	Partitionable Resources :    Usage  Request Allocated 
	   admin_mutex_1         :                           0 
	   admin_mutex_2         :                           0 
	   admin_mutex_3         :                           0 
	   Cpus                  :     0.98        1         1 
	   Disk (KB)             :    10        2048      3072 
	   GPUs                  :                           0 
	   machine_token         :                           0 
	   Memory (MB)           :   291        6000      6016 
	   TimeExecute (s)       :  1161                       
	   TimeSlotBusy (s)      :  1161                       

	Job terminated of its own accord at 2026-06-02T21:59:17Z with exit-code 0.
...
