000 (19536925.000.000) 2026-06-02 15:57:32 Job submitted from host: <10.128.10.103:9618?addrs=10.128.10.103-9618&alias=npx-submitter.icecube.wisc.edu&noUDP&sock=schedd_2449_6386>
    DAG Node: Drootprod_20181013_59665
...
001 (19536925.000.000) 2026-06-02 17:29:07 Job executing on host: <10.128.10.188:45333?addrs=10.128.10.188-45333&alias=n-smepyc-01.icecube.wisc.edu>
	SlotName: slot1_25@n-smepyc-01.icecube.wisc.edu
	admin_mutex_1 = 0
	admin_mutex_2 = 0
	admin_mutex_3 = 0
	CondorScratchDir = "/scratch/condor/dir_6861"
	Cpus = 1
	Disk = 3072
	GPUs = 0
	machine_token = 0
	Memory = 6016
...
006 (19536925.000.000) 2026-06-02 17:29:21 Image size of job updated: 122804
	120  -  MemoryUsage of job (MB)
	122804  -  ResidentSetSize of job (KB)
...
006 (19536925.000.000) 2026-06-02 17:34:22 Image size of job updated: 174104
	171  -  MemoryUsage of job (MB)
	174104  -  ResidentSetSize of job (KB)
...
006 (19536925.000.000) 2026-06-02 17:38:01 Image size of job updated: 453788
	171  -  MemoryUsage of job (MB)
	174104  -  ResidentSetSize of job (KB)
...
005 (19536925.000.000) 2026-06-02 17:38:01 Job terminated.
	(1) Normal termination (return value 0)
		Usr 0 00:08:20, Sys 0 00:00:09  -  Run Remote Usage
		Usr 0 00:00:00, Sys 0 00:00:00  -  Run Local Usage
		Usr 0 00:08:20, Sys 0 00:00:09  -  Total Remote Usage
		Usr 0 00:00:00, Sys 0 00:00:00  -  Total Local Usage
	0  -  Run Bytes Sent By Job
	0  -  Run Bytes Received By Job
	0  -  Total Bytes Sent By Job
	0  -  Total Bytes Received By Job
	Partitionable Resources :    Usage  Request Allocated 
	   admin_mutex_1         :                           0 
	   admin_mutex_2         :                           0 
	   admin_mutex_3         :                           0 
	   Cpus                  :     0.98        1         1 
	   Disk (KB)             :    12        2048      3072 
	   GPUs                  :                           0 
	   machine_token         :                           0 
	   Memory (MB)           :   171        6000      6016 
	   TimeExecute (s)       :   534                       
	   TimeSlotBusy (s)      :   534                       

	Job terminated of its own accord at 2026-06-02T22:38:01Z with exit-code 0.
...
