000 (19536588.000.000) 2026-06-02 15:56:48 Job submitted from host: <10.128.10.103:9618?addrs=10.128.10.103-9618&alias=npx-submitter.icecube.wisc.edu&noUDP&sock=schedd_2449_6386>
    DAG Node: Drootprod_20180920_38545
...
001 (19536588.000.000) 2026-06-02 17:23:20 Job executing on host: <10.128.10.197:38115?addrs=10.128.10.197-38115&alias=n-18.icecube.wisc.edu>
	SlotName: slot1_10@n-18.icecube.wisc.edu
	admin_mutex_1 = 0
	admin_mutex_2 = 0
	admin_mutex_3 = 0
	CondorScratchDir = "/scratch/condor/dir_706911"
	Cpus = 1
	Disk = 3815
	GPUs = 0
	machine_token = 0
	Memory = 6016
...
006 (19536588.000.000) 2026-06-02 17:23:35 Image size of job updated: 122136
	120  -  MemoryUsage of job (MB)
	122136  -  ResidentSetSize of job (KB)
...
006 (19536588.000.000) 2026-06-02 17:28:35 Image size of job updated: 157576
	154  -  MemoryUsage of job (MB)
	157576  -  ResidentSetSize of job (KB)
...
006 (19536588.000.000) 2026-06-02 17:33:35 Image size of job updated: 302504
	296  -  MemoryUsage of job (MB)
	302504  -  ResidentSetSize of job (KB)
...
006 (19536588.000.000) 2026-06-02 17:37:11 Image size of job updated: 462400
	296  -  MemoryUsage of job (MB)
	302504  -  ResidentSetSize of job (KB)
...
005 (19536588.000.000) 2026-06-02 17:37:11 Job terminated.
	(1) Normal termination (return value 0)
		Usr 0 00:13:09, Sys 0 00:00:11  -  Run Remote Usage
		Usr 0 00:00:00, Sys 0 00:00:00  -  Run Local Usage
		Usr 0 00:13:09, Sys 0 00:00:11  -  Total Remote Usage
		Usr 0 00:00:00, Sys 0 00:00:00  -  Total Local Usage
	0  -  Run Bytes Sent By Job
	0  -  Run Bytes Received By Job
	0  -  Total Bytes Sent By Job
	0  -  Total Bytes Received By Job
	Partitionable Resources :    Usage  Request Allocated 
	   admin_mutex_1         :                           0 
	   admin_mutex_2         :                           0 
	   admin_mutex_3         :                           0 
	   Cpus                  :     0.99        1         1 
	   Disk (KB)             :    12        2048      3815 
	   GPUs                  :                           0 
	   machine_token         :                           0 
	   Memory (MB)           :   296        6000      6016 
	   TimeExecute (s)       :   831                       
	   TimeSlotBusy (s)      :   831                       

	Job terminated of its own accord at 2026-06-02T22:37:11Z with exit-code 0.
...
