000 (19535547.000.000) 2026-06-02 15:54:35 Job submitted from host: <10.128.10.103:9618?addrs=10.128.10.103-9618&alias=npx-submitter.icecube.wisc.edu&noUDP&sock=schedd_2449_6386>
    DAG Node: Drootprod_20180710_78044
...
001 (19535547.000.000) 2026-06-02 16:55:32 Job executing on host: <10.128.11.115:42327?addrs=10.128.11.115-42327&alias=n-r720-55.icecube.wisc.edu>
	SlotName: slot1_8@n-r720-55.icecube.wisc.edu
	admin_mutex_1 = 0
	admin_mutex_2 = 0
	admin_mutex_3 = 0
	CondorScratchDir = "/scratch/condor/dir_106663"
	Cpus = 1
	Disk = 3072
	GPUs = 0
	machine_token = 0
	Memory = 6016
...
006 (19535547.000.000) 2026-06-02 16:55:45 Image size of job updated: 119164
	117  -  MemoryUsage of job (MB)
	119164  -  ResidentSetSize of job (KB)
...
006 (19535547.000.000) 2026-06-02 17:00:45 Image size of job updated: 149484
	146  -  MemoryUsage of job (MB)
	149484  -  ResidentSetSize of job (KB)
...
006 (19535547.000.000) 2026-06-02 17:02:02 Image size of job updated: 155648
	146  -  MemoryUsage of job (MB)
	149484  -  ResidentSetSize of job (KB)
...
005 (19535547.000.000) 2026-06-02 17:02:02 Job terminated.
	(1) Normal termination (return value 0)
		Usr 0 00:06:06, Sys 0 00:00:05  -  Run Remote Usage
		Usr 0 00:00:00, Sys 0 00:00:00  -  Run Local Usage
		Usr 0 00:06:06, Sys 0 00:00:05  -  Total Remote Usage
		Usr 0 00:00:00, Sys 0 00:00:00  -  Total Local Usage
	0  -  Run Bytes Sent By Job
	0  -  Run Bytes Received By Job
	0  -  Total Bytes Sent By Job
	0  -  Total Bytes Received By Job
	Partitionable Resources :    Usage  Request Allocated 
	   admin_mutex_1         :                           0 
	   admin_mutex_2         :                           0 
	   admin_mutex_3         :                           0 
	   Cpus                  :     0.95        1         1 
	   Disk (KB)             :     4        2048      3072 
	   GPUs                  :                           0 
	   machine_token         :                           0 
	   Memory (MB)           :   146        6000      6016 
	   TimeExecute (s)       :   390                       
	   TimeSlotBusy (s)      :   390                       

	Job terminated of its own accord at 2026-06-02T22:02:02Z with exit-code 0.
...
