000 (19532956.000.000) 2026-06-02 15:49:16 Job submitted from host: <10.128.10.103:9618?addrs=10.128.10.103-9618&alias=npx-submitter.icecube.wisc.edu&noUDP&sock=schedd_2449_6386>
    DAG Node: Drootprod_20180121_96733
...
001 (19532956.000.000) 2026-06-02 15:58:05 Job executing on host: <10.128.10.238:43797?addrs=10.128.10.238-43797&alias=n-gpu-42.icecube.wisc.edu>
	SlotName: slot1_65@n-gpu-42.icecube.wisc.edu
	admin_mutex_1 = 0
	admin_mutex_2 = 0
	admin_mutex_3 = 0
	AvailableGPUs = {  }
	CondorScratchDir = "/scratch/condor/dir_1916645"
	Cpus = 1
	Disk = 3072
	GPUs = 0
	machine_token = 0
	Memory = 6016
...
006 (19532956.000.000) 2026-06-02 15:58:19 Image size of job updated: 120520
	118  -  MemoryUsage of job (MB)
	120520  -  ResidentSetSize of job (KB)
...
006 (19532956.000.000) 2026-06-02 16:03:20 Image size of job updated: 159064
	156  -  MemoryUsage of job (MB)
	159064  -  ResidentSetSize of job (KB)
...
006 (19532956.000.000) 2026-06-02 16:08:20 Image size of job updated: 305620
	299  -  MemoryUsage of job (MB)
	305620  -  ResidentSetSize of job (KB)
...
006 (19532956.000.000) 2026-06-02 16:10:57 Image size of job updated: 464140
	299  -  MemoryUsage of job (MB)
	305620  -  ResidentSetSize of job (KB)
...
005 (19532956.000.000) 2026-06-02 16:10:57 Job terminated.
	(1) Normal termination (return value 0)
		Usr 0 00:11:18, Sys 0 00:00:12  -  Run Remote Usage
		Usr 0 00:00:00, Sys 0 00:00:00  -  Run Local Usage
		Usr 0 00:11:18, Sys 0 00:00:12  -  Total Remote Usage
		Usr 0 00:00:00, Sys 0 00:00:00  -  Total Local Usage
	0  -  Run Bytes Sent By Job
	0  -  Run Bytes Received By Job
	0  -  Total Bytes Sent By Job
	0  -  Total Bytes Received By Job
	Partitionable Resources :    Usage  Request Allocated 
	   admin_mutex_1         :                           0 
	   admin_mutex_2         :                           0 
	   admin_mutex_3         :                           0 
	   Cpus                  :     0.88        1         1 
	   Disk (KB)             :    15        2048      3072 
	   GPUs                  :                           0 
	   machine_token         :                           0 
	   Memory (MB)           :   299        6000      6016 
	   TimeExecute (s)       :   772                       
	   TimeSlotBusy (s)      :   772                       

	Job terminated of its own accord at 2026-06-02T21:10:57Z with exit-code 0.
...
