000 (19533525.000.000) 2026-06-02 15:50:35 Job submitted from host: <10.128.10.103:9618?addrs=10.128.10.103-9618&alias=npx-submitter.icecube.wisc.edu&noUDP&sock=schedd_2449_6386>
    DAG Node: Drootprod_20180306_61716
...
001 (19533525.000.000) 2026-06-02 16:15:52 Job executing on host: <10.128.10.188:45333?addrs=10.128.10.188-45333&alias=n-smepyc-01.icecube.wisc.edu>
	SlotName: slot1_22@n-smepyc-01.icecube.wisc.edu
	admin_mutex_1 = 0
	admin_mutex_2 = 0
	admin_mutex_3 = 0
	CondorScratchDir = "/scratch/condor/dir_3922166"
	Cpus = 1
	Disk = 3072
	GPUs = 0
	machine_token = 0
	Memory = 6016
...
006 (19533525.000.000) 2026-06-02 16:16:06 Image size of job updated: 122352
	120  -  MemoryUsage of job (MB)
	122352  -  ResidentSetSize of job (KB)
...
006 (19533525.000.000) 2026-06-02 16:21:06 Image size of job updated: 175144
	172  -  MemoryUsage of job (MB)
	175144  -  ResidentSetSize of job (KB)
...
006 (19533525.000.000) 2026-06-02 16:25:33 Image size of job updated: 463720
	172  -  MemoryUsage of job (MB)
	175144  -  ResidentSetSize of job (KB)
...
005 (19533525.000.000) 2026-06-02 16:25:33 Job terminated.
	(1) Normal termination (return value 0)
		Usr 0 00:08:43, Sys 0 00:00:10  -  Run Remote Usage
		Usr 0 00:00:00, Sys 0 00:00:00  -  Run Local Usage
		Usr 0 00:08:43, Sys 0 00:00:10  -  Total Remote Usage
		Usr 0 00:00:00, Sys 0 00:00:00  -  Total Local Usage
	0  -  Run Bytes Sent By Job
	0  -  Run Bytes Received By Job
	0  -  Total Bytes Sent By Job
	0  -  Total Bytes Received By Job
	Partitionable Resources :    Usage  Request Allocated 
	   admin_mutex_1         :                           0 
	   admin_mutex_2         :                           0 
	   admin_mutex_3         :                           0 
	   Cpus                  :     0.94        1         1 
	   Disk (KB)             :    12        2048      3072 
	   GPUs                  :                           0 
	   machine_token         :                           0 
	   Memory (MB)           :   172        6000      6016 
	   TimeExecute (s)       :   581                       
	   TimeSlotBusy (s)      :   581                       

	Job terminated of its own accord at 2026-06-02T21:25:33Z with exit-code 0.
...
