000 (19533014.000.000) 2026-06-02 15:49:24 Job submitted from host: <10.128.10.103:9618?addrs=10.128.10.103-9618&alias=npx-submitter.icecube.wisc.edu&noUDP&sock=schedd_2449_6386>
    DAG Node: Drootprod_20180124_23351
...
001 (19533014.000.000) 2026-06-02 15:59:24 Job executing on host: <10.128.10.188:45333?addrs=10.128.10.188-45333&alias=n-smepyc-01.icecube.wisc.edu>
	SlotName: slot1_54@n-smepyc-01.icecube.wisc.edu
	admin_mutex_1 = 0
	admin_mutex_2 = 0
	admin_mutex_3 = 0
	CondorScratchDir = "/scratch/condor/dir_3855237"
	Cpus = 1
	Disk = 3072
	GPUs = 0
	machine_token = 0
	Memory = 6016
...
006 (19533014.000.000) 2026-06-02 15:59:37 Image size of job updated: 122372
	120  -  MemoryUsage of job (MB)
	122372  -  ResidentSetSize of job (KB)
...
006 (19533014.000.000) 2026-06-02 16:04:38 Image size of job updated: 175216
	172  -  MemoryUsage of job (MB)
	175216  -  ResidentSetSize of job (KB)
...
006 (19533014.000.000) 2026-06-02 16:07:12 Image size of job updated: 310988
	172  -  MemoryUsage of job (MB)
	175216  -  ResidentSetSize of job (KB)
...
005 (19533014.000.000) 2026-06-02 16:07:12 Job terminated.
	(1) Normal termination (return value 0)
		Usr 0 00:06:57, Sys 0 00:00:07  -  Run Remote Usage
		Usr 0 00:00:00, Sys 0 00:00:00  -  Run Local Usage
		Usr 0 00:06:57, Sys 0 00:00:07  -  Total Remote Usage
		Usr 0 00:00:00, Sys 0 00:00:00  -  Total Local Usage
	0  -  Run Bytes Sent By Job
	0  -  Run Bytes Received By Job
	0  -  Total Bytes Sent By Job
	0  -  Total Bytes Received By Job
	Partitionable Resources :    Usage  Request Allocated 
	   admin_mutex_1         :                           0 
	   admin_mutex_2         :                           0 
	   admin_mutex_3         :                           0 
	   Cpus                  :     0.95        1         1 
	   Disk (KB)             :    12        2048      3072 
	   GPUs                  :                           0 
	   machine_token         :                           0 
	   Memory (MB)           :   172        6000      6016 
	   TimeExecute (s)       :   468                       
	   TimeSlotBusy (s)      :   468                       

	Job terminated of its own accord at 2026-06-02T21:07:12Z with exit-code 0.
...
