000 (19537441.000.000) 2026-06-02 15:58:52 Job submitted from host: <10.128.10.103:9618?addrs=10.128.10.103-9618&alias=npx-submitter.icecube.wisc.edu&noUDP&sock=schedd_2449_6386>
    DAG Node: Drootprod_20181126_48627
...
001 (19537441.000.000) 2026-06-02 17:37:46 Job executing on host: <10.128.10.190:46289?addrs=10.128.10.190-46289&alias=n-smepyc-03.icecube.wisc.edu>
	SlotName: slot1_76@n-smepyc-03.icecube.wisc.edu
	admin_mutex_1 = 0
	admin_mutex_2 = 0
	admin_mutex_3 = 0
	CondorScratchDir = "/scratch/condor/dir_3880730"
	Cpus = 1
	Disk = 3072
	GPUs = 0
	machine_token = 0
	Memory = 6016
...
006 (19537441.000.000) 2026-06-02 17:37:59 Image size of job updated: 120096
	118  -  MemoryUsage of job (MB)
	120064  -  ResidentSetSize of job (KB)
...
006 (19537441.000.000) 2026-06-02 17:42:59 Image size of job updated: 177640
	174  -  MemoryUsage of job (MB)
	177640  -  ResidentSetSize of job (KB)
...
006 (19537441.000.000) 2026-06-02 17:45:56 Image size of job updated: 306624
	174  -  MemoryUsage of job (MB)
	177640  -  ResidentSetSize of job (KB)
...
005 (19537441.000.000) 2026-06-02 17:45:56 Job terminated.
	(1) Normal termination (return value 0)
		Usr 0 00:07:41, Sys 0 00:00:07  -  Run Remote Usage
		Usr 0 00:00:00, Sys 0 00:00:00  -  Run Local Usage
		Usr 0 00:07:41, Sys 0 00:00:07  -  Total Remote Usage
		Usr 0 00:00:00, Sys 0 00:00:00  -  Total Local Usage
	0  -  Run Bytes Sent By Job
	0  -  Run Bytes Received By Job
	0  -  Total Bytes Sent By Job
	0  -  Total Bytes Received By Job
	Partitionable Resources :    Usage  Request Allocated 
	   admin_mutex_1         :                           0 
	   admin_mutex_2         :                           0 
	   admin_mutex_3         :                           0 
	   Cpus                  :     1.00        1         1 
	   Disk (KB)             :    12        2048      3072 
	   GPUs                  :                           0 
	   machine_token         :                           0 
	   Memory (MB)           :   174        6000      6016 
	   TimeExecute (s)       :   490                       
	   TimeSlotBusy (s)      :   490                       

	Job terminated of its own accord at 2026-06-02T22:45:56Z with exit-code 0.
...
