000 (19533175.000.000) 2026-06-02 15:49:49 Job submitted from host: <10.128.10.103:9618?addrs=10.128.10.103-9618&alias=npx-submitter.icecube.wisc.edu&noUDP&sock=schedd_2449_6386>
    DAG Node: Drootprod_20180208_27995
...
001 (19533175.000.000) 2026-06-02 16:07:03 Job executing on host: <10.128.10.192:35633?addrs=10.128.10.192-35633&alias=n-smepyc-05.icecube.wisc.edu>
	SlotName: slot1_73@n-smepyc-05.icecube.wisc.edu
	admin_mutex_1 = 0
	admin_mutex_2 = 0
	admin_mutex_3 = 0
	CondorScratchDir = "/scratch/condor/dir_90834"
	Cpus = 1
	Disk = 3072
	GPUs = 0
	machine_token = 0
	Memory = 6016
...
006 (19533175.000.000) 2026-06-02 16:07:16 Image size of job updated: 122628
	120  -  MemoryUsage of job (MB)
	122628  -  ResidentSetSize of job (KB)
...
006 (19533175.000.000) 2026-06-02 16:12:16 Image size of job updated: 174496
	171  -  MemoryUsage of job (MB)
	174496  -  ResidentSetSize of job (KB)
...
006 (19533175.000.000) 2026-06-02 16:17:17 Image size of job updated: 469104
	459  -  MemoryUsage of job (MB)
	469104  -  ResidentSetSize of job (KB)
...
006 (19533175.000.000) 2026-06-02 16:18:06 Image size of job updated: 660960
	459  -  MemoryUsage of job (MB)
	469104  -  ResidentSetSize of job (KB)
...
005 (19533175.000.000) 2026-06-02 16:18:06 Job terminated.
	(1) Normal termination (return value 0)
		Usr 0 00:09:55, Sys 0 00:00:11  -  Run Remote Usage
		Usr 0 00:00:00, Sys 0 00:00:00  -  Run Local Usage
		Usr 0 00:09:55, Sys 0 00:00:11  -  Total Remote Usage
		Usr 0 00:00:00, Sys 0 00:00:00  -  Total Local Usage
	0  -  Run Bytes Sent By Job
	0  -  Run Bytes Received By Job
	0  -  Total Bytes Sent By Job
	0  -  Total Bytes Received By Job
	Partitionable Resources :    Usage  Request Allocated 
	   admin_mutex_1         :                           0 
	   admin_mutex_2         :                           0 
	   admin_mutex_3         :                           0 
	   Cpus                  :     0.97        1         1 
	   Disk (KB)             :    15        2048      3072 
	   GPUs                  :                           0 
	   machine_token         :                           0 
	   Memory (MB)           :   459        6000      6016 
	   TimeExecute (s)       :   663                       
	   TimeSlotBusy (s)      :   663                       

	Job terminated of its own accord at 2026-06-02T21:18:06Z with exit-code 0.
...
