000 (19536679.000.000) 2026-06-02 15:57:00 Job submitted from host: <10.128.10.103:9618?addrs=10.128.10.103-9618&alias=npx-submitter.icecube.wisc.edu&noUDP&sock=schedd_2449_6386>
    DAG Node: Drootprod_20180926_44194
...
001 (19536679.000.000) 2026-06-02 17:24:44 Job executing on host: <10.128.10.187:34023?addrs=10.128.10.187-34023&alias=n-smepyc-00.icecube.wisc.edu>
	SlotName: slot1_61@n-smepyc-00.icecube.wisc.edu
	admin_mutex_1 = 0
	admin_mutex_2 = 0
	admin_mutex_3 = 0
	CondorScratchDir = "/scratch/condor/dir_1984121"
	Cpus = 1
	Disk = 3072
	GPUs = 0
	machine_token = 0
	Memory = 6016
...
006 (19536679.000.000) 2026-06-02 17:24:57 Image size of job updated: 121880
	120  -  MemoryUsage of job (MB)
	121880  -  ResidentSetSize of job (KB)
...
006 (19536679.000.000) 2026-06-02 17:29:57 Image size of job updated: 168628
	165  -  MemoryUsage of job (MB)
	168628  -  ResidentSetSize of job (KB)
...
006 (19536679.000.000) 2026-06-02 17:34:33 Image size of job updated: 457268
	165  -  MemoryUsage of job (MB)
	168628  -  ResidentSetSize of job (KB)
...
005 (19536679.000.000) 2026-06-02 17:34:33 Job terminated.
	(1) Normal termination (return value 0)
		Usr 0 00:09:15, Sys 0 00:00:09  -  Run Remote Usage
		Usr 0 00:00:00, Sys 0 00:00:00  -  Run Local Usage
		Usr 0 00:09:15, Sys 0 00:00:09  -  Total Remote Usage
		Usr 0 00:00:00, Sys 0 00:00:00  -  Total Local Usage
	0  -  Run Bytes Sent By Job
	0  -  Run Bytes Received By Job
	0  -  Total Bytes Sent By Job
	0  -  Total Bytes Received By Job
	Partitionable Resources :    Usage  Request Allocated 
	   admin_mutex_1         :                           0 
	   admin_mutex_2         :                           0 
	   admin_mutex_3         :                           0 
	   Cpus                  :     0.98        1         1 
	   Disk (KB)             :    10        2048      3072 
	   GPUs                  :                           0 
	   machine_token         :                           0 
	   Memory (MB)           :   165        6000      6016 
	   TimeExecute (s)       :   589                       
	   TimeSlotBusy (s)      :   590                       

	Job terminated of its own accord at 2026-06-02T22:34:33Z with exit-code 0.
...
