000 (19537244.000.000) 2026-06-02 15:58:18 Job submitted from host: <10.128.10.103:9618?addrs=10.128.10.103-9618&alias=npx-submitter.icecube.wisc.edu&noUDP&sock=schedd_2449_6386>
    DAG Node: Drootprod_20181108_29509
...
001 (19537244.000.000) 2026-06-02 17:34:58 Job executing on host: <10.128.11.28:42045?addrs=10.128.11.28-42045&alias=n-smbc-09.icecube.wisc.edu>
	SlotName: slot1_22@n-smbc-09.icecube.wisc.edu
	admin_mutex_1 = 0
	admin_mutex_2 = 0
	admin_mutex_3 = 0
	CondorScratchDir = "/scratch/condor/dir_4170222"
	Cpus = 1
	Disk = 3072
	GPUs = 0
	machine_token = 0
	Memory = 6016
...
006 (19537244.000.000) 2026-06-02 17:35:11 Image size of job updated: 120600
	118  -  MemoryUsage of job (MB)
	120600  -  ResidentSetSize of job (KB)
...
006 (19537244.000.000) 2026-06-02 17:40:11 Image size of job updated: 158520
	155  -  MemoryUsage of job (MB)
	158520  -  ResidentSetSize of job (KB)
...
006 (19537244.000.000) 2026-06-02 17:45:12 Image size of job updated: 304800
	298  -  MemoryUsage of job (MB)
	304800  -  ResidentSetSize of job (KB)
...
006 (19537244.000.000) 2026-06-02 17:46:19 Image size of job updated: 311844
	298  -  MemoryUsage of job (MB)
	304800  -  ResidentSetSize of job (KB)
...
005 (19537244.000.000) 2026-06-02 17:46:19 Job terminated.
	(1) Normal termination (return value 0)
		Usr 0 00:10:49, Sys 0 00:00:07  -  Run Remote Usage
		Usr 0 00:00:00, Sys 0 00:00:00  -  Run Local Usage
		Usr 0 00:10:49, Sys 0 00:00:07  -  Total Remote Usage
		Usr 0 00:00:00, Sys 0 00:00:00  -  Total Local Usage
	0  -  Run Bytes Sent By Job
	0  -  Run Bytes Received By Job
	0  -  Total Bytes Sent By Job
	0  -  Total Bytes Received By Job
	Partitionable Resources :    Usage  Request Allocated 
	   admin_mutex_1         :                           0 
	   admin_mutex_2         :                           0 
	   admin_mutex_3         :                           0 
	   Cpus                  :     0.98        1         1 
	   Disk (KB)             :    12        2048      3072 
	   GPUs                  :                           0 
	   machine_token         :                           0 
	   Memory (MB)           :   298        6000      6016 
	   TimeExecute (s)       :   681                       
	   TimeSlotBusy (s)      :   681                       

	Job terminated of its own accord at 2026-06-02T22:46:19Z with exit-code 0.
...
