000 (19535124.000.000) 2026-06-02 15:53:42 Job submitted from host: <10.128.10.103:9618?addrs=10.128.10.103-9618&alias=npx-submitter.icecube.wisc.edu&noUDP&sock=schedd_2449_6386>
    DAG Node: Drootprod_20180612_57599
...
001 (19535124.000.000) 2026-06-02 16:46:51 Job executing on host: <10.128.11.40:34561?addrs=10.128.11.40-34561&alias=n-smbc-21.icecube.wisc.edu>
	SlotName: slot1_10@n-smbc-21.icecube.wisc.edu
	admin_mutex_1 = 0
	admin_mutex_2 = 0
	admin_mutex_3 = 0
	CondorScratchDir = "/scratch/condor/dir_670580"
	Cpus = 1
	Disk = 3072
	GPUs = 0
	machine_token = 0
	Memory = 6016
...
006 (19535124.000.000) 2026-06-02 16:47:05 Image size of job updated: 72588
	71  -  MemoryUsage of job (MB)
	72588  -  ResidentSetSize of job (KB)
...
006 (19535124.000.000) 2026-06-02 16:52:06 Image size of job updated: 129420
	127  -  MemoryUsage of job (MB)
	129420  -  ResidentSetSize of job (KB)
...
006 (19535124.000.000) 2026-06-02 16:57:06 Image size of job updated: 135772
	133  -  MemoryUsage of job (MB)
	135772  -  ResidentSetSize of job (KB)
...
006 (19535124.000.000) 2026-06-02 17:02:07 Image size of job updated: 142976
	140  -  MemoryUsage of job (MB)
	142976  -  ResidentSetSize of job (KB)
...
006 (19535124.000.000) 2026-06-02 17:07:07 Image size of job updated: 154136
	151  -  MemoryUsage of job (MB)
	154136  -  ResidentSetSize of job (KB)
...
006 (19535124.000.000) 2026-06-02 17:12:08 Image size of job updated: 161500
	158  -  MemoryUsage of job (MB)
	161500  -  ResidentSetSize of job (KB)
...
006 (19535124.000.000) 2026-06-02 17:17:08 Image size of job updated: 171004
	167  -  MemoryUsage of job (MB)
	171004  -  ResidentSetSize of job (KB)
...
006 (19535124.000.000) 2026-06-02 17:22:09 Image size of job updated: 177952
	174  -  MemoryUsage of job (MB)
	177952  -  ResidentSetSize of job (KB)
...
006 (19535124.000.000) 2026-06-02 17:27:09 Image size of job updated: 297444
	291  -  MemoryUsage of job (MB)
	297444  -  ResidentSetSize of job (KB)
...
006 (19535124.000.000) 2026-06-02 17:32:10 Image size of job updated: 304876
	298  -  MemoryUsage of job (MB)
	304876  -  ResidentSetSize of job (KB)
...
006 (19535124.000.000) 2026-06-02 17:32:52 Image size of job updated: 306360
	298  -  MemoryUsage of job (MB)
	304876  -  ResidentSetSize of job (KB)
...
005 (19535124.000.000) 2026-06-02 17:32:52 Job terminated.
	(1) Normal termination (return value 0)
		Usr 0 00:44:37, Sys 0 00:00:25  -  Run Remote Usage
		Usr 0 00:00:00, Sys 0 00:00:00  -  Run Local Usage
		Usr 0 00:44:37, Sys 0 00:00:25  -  Total Remote Usage
		Usr 0 00:00:00, Sys 0 00:00:00  -  Total Local Usage
	0  -  Run Bytes Sent By Job
	0  -  Run Bytes Received By Job
	0  -  Total Bytes Sent By Job
	0  -  Total Bytes Received By Job
	Partitionable Resources :    Usage  Request Allocated 
	   admin_mutex_1         :                           0 
	   admin_mutex_2         :                           0 
	   admin_mutex_3         :                           0 
	   Cpus                  :     0.98        1         1 
	   Disk (KB)             :    10        2048      3072 
	   GPUs                  :                           0 
	   machine_token         :                           0 
	   Memory (MB)           :   298        6000      6016 
	   TimeExecute (s)       :  2761                       
	   TimeSlotBusy (s)      :  2761                       

	Job terminated of its own accord at 2026-06-02T22:32:52Z with exit-code 0.
...
