000 (19534932.000.000) 2026-06-02 15:53:20 Job submitted from host: <10.128.10.103:9618?addrs=10.128.10.103-9618&alias=npx-submitter.icecube.wisc.edu&noUDP&sock=schedd_2449_6386>
    DAG Node: Drootprod_20180601_12023
...
001 (19534932.000.000) 2026-06-02 16:43:35 Job executing on host: <10.128.10.117:43719?addrs=10.128.10.117-43719&alias=n-gibyte-02.icecube.wisc.edu>
	SlotName: slot1_81@n-gibyte-02.icecube.wisc.edu
	admin_mutex_1 = 0
	admin_mutex_2 = 0
	admin_mutex_3 = 0
	CondorScratchDir = "/scratch/condor/dir_3510010"
	Cpus = 1
	Disk = 5480
	GPUs = 0
	machine_token = 0
	Memory = 6016
...
006 (19534932.000.000) 2026-06-02 16:43:49 Image size of job updated: 118700
	116  -  MemoryUsage of job (MB)
	118700  -  ResidentSetSize of job (KB)
...
006 (19534932.000.000) 2026-06-02 16:48:50 Image size of job updated: 141968
	139  -  MemoryUsage of job (MB)
	141968  -  ResidentSetSize of job (KB)
...
006 (19534932.000.000) 2026-06-02 16:53:50 Image size of job updated: 164660
	161  -  MemoryUsage of job (MB)
	164660  -  ResidentSetSize of job (KB)
...
006 (19534932.000.000) 2026-06-02 16:58:51 Image size of job updated: 295844
	289  -  MemoryUsage of job (MB)
	295844  -  ResidentSetSize of job (KB)
...
006 (19534932.000.000) 2026-06-02 17:03:51 Image size of job updated: 315724
	309  -  MemoryUsage of job (MB)
	315724  -  ResidentSetSize of job (KB)
...
006 (19534932.000.000) 2026-06-02 17:04:00 Image size of job updated: 315852
	309  -  MemoryUsage of job (MB)
	315724  -  ResidentSetSize of job (KB)
...
005 (19534932.000.000) 2026-06-02 17:04:00 Job terminated.
	(1) Normal termination (return value 0)
		Usr 0 00:19:30, Sys 0 00:00:13  -  Run Remote Usage
		Usr 0 00:00:00, Sys 0 00:00:00  -  Run Local Usage
		Usr 0 00:19:30, Sys 0 00:00:13  -  Total Remote Usage
		Usr 0 00:00:00, Sys 0 00:00:00  -  Total Local Usage
	0  -  Run Bytes Sent By Job
	0  -  Run Bytes Received By Job
	0  -  Total Bytes Sent By Job
	0  -  Total Bytes Received By Job
	Partitionable Resources :    Usage  Request Allocated 
	   admin_mutex_1         :                           0 
	   admin_mutex_2         :                           0 
	   admin_mutex_3         :                           0 
	   Cpus                  :     0.96        1         1 
	   Disk (KB)             :    12        2048      5480 
	   GPUs                  :                           0 
	   machine_token         :                           0 
	   Memory (MB)           :   309        6000      6016 
	   TimeExecute (s)       :  1225                       
	   TimeSlotBusy (s)      :  1226                       

	Job terminated of its own accord at 2026-06-02T22:04:00Z with exit-code 0.
...
