000 (19536505.000.000) 2026-06-02 15:56:37 Job submitted from host: <10.128.10.103:9618?addrs=10.128.10.103-9618&alias=npx-submitter.icecube.wisc.edu&noUDP&sock=schedd_2449_6386>
    DAG Node: Drootprod_20180914_93281
...
001 (19536505.000.000) 2026-06-02 17:21:43 Job executing on host: <10.128.10.189:44027?addrs=10.128.10.189-44027&alias=n-smepyc-02.icecube.wisc.edu>
	SlotName: slot1_49@n-smepyc-02.icecube.wisc.edu
	admin_mutex_1 = 0
	admin_mutex_2 = 0
	admin_mutex_3 = 0
	CondorScratchDir = "/scratch/condor/dir_574269"
	Cpus = 1
	Disk = 3072
	GPUs = 0
	machine_token = 0
	Memory = 6016
...
006 (19536505.000.000) 2026-06-02 17:21:57 Image size of job updated: 123196
	121  -  MemoryUsage of job (MB)
	123196  -  ResidentSetSize of job (KB)
...
006 (19536505.000.000) 2026-06-02 17:26:58 Image size of job updated: 169652
	166  -  MemoryUsage of job (MB)
	169652  -  ResidentSetSize of job (KB)
...
006 (19536505.000.000) 2026-06-02 17:31:53 Image size of job updated: 463624
	166  -  MemoryUsage of job (MB)
	169652  -  ResidentSetSize of job (KB)
...
005 (19536505.000.000) 2026-06-02 17:31:53 Job terminated.
	(1) Normal termination (return value 0)
		Usr 0 00:09:35, Sys 0 00:00:09  -  Run Remote Usage
		Usr 0 00:00:00, Sys 0 00:00:00  -  Run Local Usage
		Usr 0 00:09:35, Sys 0 00:00:09  -  Total Remote Usage
		Usr 0 00:00:00, Sys 0 00:00:00  -  Total Local Usage
	0  -  Run Bytes Sent By Job
	0  -  Run Bytes Received By Job
	0  -  Total Bytes Sent By Job
	0  -  Total Bytes Received By Job
	Partitionable Resources :    Usage  Request Allocated 
	   admin_mutex_1         :                           0 
	   admin_mutex_2         :                           0 
	   admin_mutex_3         :                           0 
	   Cpus                  :     0.99        1         1 
	   Disk (KB)             :    12        2048      3072 
	   GPUs                  :                           0 
	   machine_token         :                           0 
	   Memory (MB)           :   166        6000      6016 
	   TimeExecute (s)       :   610                       
	   TimeSlotBusy (s)      :   610                       

	Job terminated of its own accord at 2026-06-02T22:31:53Z with exit-code 0.
...
