000 (19536064.000.000) 2026-06-02 15:55:41 Job submitted from host: <10.128.10.103:9618?addrs=10.128.10.103-9618&alias=npx-submitter.icecube.wisc.edu&noUDP&sock=schedd_2449_6386>
    DAG Node: Drootprod_20180814_18613
...
001 (19536064.000.000) 2026-06-02 17:13:41 Job executing on host: <10.128.11.104:41225?addrs=10.128.11.104-41225&alias=n-r720-45.icecube.wisc.edu>
	SlotName: slot1_7@n-r720-45.icecube.wisc.edu
	admin_mutex_1 = 0
	admin_mutex_2 = 0
	admin_mutex_3 = 0
	CondorScratchDir = "/scratch/condor/dir_1228998"
	Cpus = 1
	Disk = 3717
	GPUs = 0
	machine_token = 0
	Memory = 6016
...
006 (19536064.000.000) 2026-06-02 17:13:55 Image size of job updated: 119512
	117  -  MemoryUsage of job (MB)
	119512  -  ResidentSetSize of job (KB)
...
006 (19536064.000.000) 2026-06-02 17:18:55 Image size of job updated: 149516
	147  -  MemoryUsage of job (MB)
	149516  -  ResidentSetSize of job (KB)
...
006 (19536064.000.000) 2026-06-02 17:23:55 Image size of job updated: 172452
	169  -  MemoryUsage of job (MB)
	172452  -  ResidentSetSize of job (KB)
...
006 (19536064.000.000) 2026-06-02 17:28:56 Image size of job updated: 307020
	300  -  MemoryUsage of job (MB)
	307020  -  ResidentSetSize of job (KB)
...
006 (19536064.000.000) 2026-06-02 17:30:11 Image size of job updated: 312360
	300  -  MemoryUsage of job (MB)
	307020  -  ResidentSetSize of job (KB)
...
005 (19536064.000.000) 2026-06-02 17:30:11 Job terminated.
	(1) Normal termination (return value 0)
		Usr 0 00:15:44, Sys 0 00:00:10  -  Run Remote Usage
		Usr 0 00:00:00, Sys 0 00:00:00  -  Run Local Usage
		Usr 0 00:15:44, Sys 0 00:00:10  -  Total Remote Usage
		Usr 0 00:00:00, Sys 0 00:00:00  -  Total Local Usage
	0  -  Run Bytes Sent By Job
	0  -  Run Bytes Received By Job
	0  -  Total Bytes Sent By Job
	0  -  Total Bytes Received By Job
	Partitionable Resources :    Usage  Request Allocated 
	   admin_mutex_1         :                           0 
	   admin_mutex_2         :                           0 
	   admin_mutex_3         :                           0 
	   Cpus                  :     0.99        1         1 
	   Disk (KB)             :    10        2048      3717 
	   GPUs                  :                           0 
	   machine_token         :                           0 
	   Memory (MB)           :   300        6000      6016 
	   TimeExecute (s)       :   990                       
	   TimeSlotBusy (s)      :   990                       

	Job terminated of its own accord at 2026-06-02T22:30:11Z with exit-code 0.
...
