000 (19537481.000.000) 2026-06-02 15:58:58 Job submitted from host: <10.128.10.103:9618?addrs=10.128.10.103-9618&alias=npx-submitter.icecube.wisc.edu&noUDP&sock=schedd_2449_6386>
    DAG Node: Drootprod_20181127_20103
...
001 (19537481.000.000) 2026-06-02 17:37:55 Job executing on host: <10.128.10.238:43797?addrs=10.128.10.238-43797&alias=n-gpu-42.icecube.wisc.edu>
	SlotName: slot1_43@n-gpu-42.icecube.wisc.edu
	admin_mutex_1 = 0
	admin_mutex_2 = 0
	admin_mutex_3 = 0
	AvailableGPUs = {  }
	CondorScratchDir = "/scratch/condor/dir_2317166"
	Cpus = 1
	Disk = 3072
	GPUs = 0
	machine_token = 0
	Memory = 6016
...
006 (19537481.000.000) 2026-06-02 17:38:09 Image size of job updated: 120024
	118  -  MemoryUsage of job (MB)
	120024  -  ResidentSetSize of job (KB)
...
006 (19537481.000.000) 2026-06-02 17:43:10 Image size of job updated: 152516
	149  -  MemoryUsage of job (MB)
	152516  -  ResidentSetSize of job (KB)
...
006 (19537481.000.000) 2026-06-02 17:47:12 Image size of job updated: 176680
	149  -  MemoryUsage of job (MB)
	152516  -  ResidentSetSize of job (KB)
...
005 (19537481.000.000) 2026-06-02 17:47:12 Job terminated.
	(1) Normal termination (return value 0)
		Usr 0 00:08:41, Sys 0 00:00:08  -  Run Remote Usage
		Usr 0 00:00:00, Sys 0 00:00:00  -  Run Local Usage
		Usr 0 00:08:41, Sys 0 00:00:08  -  Total Remote Usage
		Usr 0 00:00:00, Sys 0 00:00:00  -  Total Local Usage
	0  -  Run Bytes Sent By Job
	0  -  Run Bytes Received By Job
	0  -  Total Bytes Sent By Job
	0  -  Total Bytes Received By Job
	Partitionable Resources :    Usage  Request Allocated 
	   admin_mutex_1         :                           0 
	   admin_mutex_2         :                           0 
	   admin_mutex_3         :                           0 
	   Cpus                  :     0.96        1         1 
	   Disk (KB)             :    10        2048      3072 
	   GPUs                  :                           0 
	   machine_token         :                           0 
	   Memory (MB)           :   149        6000      6016 
	   TimeExecute (s)       :   557                       
	   TimeSlotBusy (s)      :   558                       

	Job terminated of its own accord at 2026-06-02T22:47:12Z with exit-code 0.
...
