000 (19534112.000.000) 2026-06-02 15:51:49 Job submitted from host: <10.128.10.103:9618?addrs=10.128.10.103-9618&alias=npx-submitter.icecube.wisc.edu&noUDP&sock=schedd_2449_6386>
    DAG Node: Drootprod_20180414_69519
...
001 (19534112.000.000) 2026-06-02 16:28:16 Job executing on host: <10.128.10.115:33587?addrs=10.128.10.115-33587&alias=n-gibyte-00.icecube.wisc.edu>
	SlotName: slot1_475@n-gibyte-00.icecube.wisc.edu
	admin_mutex_1 = 0
	admin_mutex_2 = 0
	admin_mutex_3 = 0
	CondorScratchDir = "/scratch/condor/dir_2160902"
	Cpus = 1
	Disk = 5480
	GPUs = 0
	machine_token = 0
	Memory = 6016
...
006 (19534112.000.000) 2026-06-02 16:28:30 Image size of job updated: 118816
	117  -  MemoryUsage of job (MB)
	118816  -  ResidentSetSize of job (KB)
...
006 (19534112.000.000) 2026-06-02 16:33:31 Image size of job updated: 145684
	143  -  MemoryUsage of job (MB)
	145684  -  ResidentSetSize of job (KB)
...
006 (19534112.000.000) 2026-06-02 16:38:31 Image size of job updated: 168168
	165  -  MemoryUsage of job (MB)
	168168  -  ResidentSetSize of job (KB)
...
006 (19534112.000.000) 2026-06-02 16:43:32 Image size of job updated: 305248
	299  -  MemoryUsage of job (MB)
	305248  -  ResidentSetSize of job (KB)
...
006 (19534112.000.000) 2026-06-02 16:47:32 Image size of job updated: 459224
	299  -  MemoryUsage of job (MB)
	305248  -  ResidentSetSize of job (KB)
...
005 (19534112.000.000) 2026-06-02 16:47:32 Job terminated.
	(1) Normal termination (return value 0)
		Usr 0 00:18:10, Sys 0 00:00:14  -  Run Remote Usage
		Usr 0 00:00:00, Sys 0 00:00:00  -  Run Local Usage
		Usr 0 00:18:10, Sys 0 00:00:14  -  Total Remote Usage
		Usr 0 00:00:00, Sys 0 00:00:00  -  Total Local Usage
	0  -  Run Bytes Sent By Job
	0  -  Run Bytes Received By Job
	0  -  Total Bytes Sent By Job
	0  -  Total Bytes Received By Job
	Partitionable Resources :    Usage  Request Allocated 
	   admin_mutex_1         :                           0 
	   admin_mutex_2         :                           0 
	   admin_mutex_3         :                           0 
	   Cpus                  :     0.99        1         1 
	   Disk (KB)             :    10        2048      5480 
	   GPUs                  :                           0 
	   machine_token         :                           0 
	   Memory (MB)           :   299        6000      6016 
	   TimeExecute (s)       :  1156                       
	   TimeSlotBusy (s)      :  1156                       

	Job terminated of its own accord at 2026-06-02T21:47:32Z with exit-code 0.
...
