000 (19532822.000.000) 2026-06-02 15:48:52 Job submitted from host: <10.128.10.103:9618?addrs=10.128.10.103-9618&alias=npx-submitter.icecube.wisc.edu&noUDP&sock=schedd_2449_6386>
    DAG Node: Drootprod_20180108_3301
...
001 (19532822.000.000) 2026-06-02 15:53:41 Job executing on host: <10.128.10.202:35183?addrs=10.128.10.202-35183&alias=n-r710-22.icecube.wisc.edu>
	SlotName: slot1_1@n-r710-22.icecube.wisc.edu
	admin_mutex_1 = 0
	admin_mutex_2 = 0
	admin_mutex_3 = 0
	CondorScratchDir = "/scratch/condor/dir_1216725"
	Cpus = 1
	Disk = 3072
	GPUs = 0
	machine_token = 0
	Memory = 6016
...
006 (19532822.000.000) 2026-06-02 15:53:55 Image size of job updated: 108440
	106  -  MemoryUsage of job (MB)
	108440  -  ResidentSetSize of job (KB)
...
006 (19532822.000.000) 2026-06-02 15:58:56 Image size of job updated: 149612
	147  -  MemoryUsage of job (MB)
	149612  -  ResidentSetSize of job (KB)
...
006 (19532822.000.000) 2026-06-02 16:03:56 Image size of job updated: 171156
	168  -  MemoryUsage of job (MB)
	171156  -  ResidentSetSize of job (KB)
...
006 (19532822.000.000) 2026-06-02 16:08:56 Image size of job updated: 304856
	298  -  MemoryUsage of job (MB)
	304856  -  ResidentSetSize of job (KB)
...
006 (19532822.000.000) 2026-06-02 16:12:27 Image size of job updated: 454156
	298  -  MemoryUsage of job (MB)
	304856  -  ResidentSetSize of job (KB)
...
005 (19532822.000.000) 2026-06-02 16:12:27 Job terminated.
	(1) Normal termination (return value 0)
		Usr 0 00:17:18, Sys 0 00:00:15  -  Run Remote Usage
		Usr 0 00:00:00, Sys 0 00:00:00  -  Run Local Usage
		Usr 0 00:17:18, Sys 0 00:00:15  -  Total Remote Usage
		Usr 0 00:00:00, Sys 0 00:00:00  -  Total Local Usage
	0  -  Run Bytes Sent By Job
	0  -  Run Bytes Received By Job
	0  -  Total Bytes Sent By Job
	0  -  Total Bytes Received By Job
	Partitionable Resources :    Usage  Request Allocated 
	   admin_mutex_1         :                           0 
	   admin_mutex_2         :                           0 
	   admin_mutex_3         :                           0 
	   Cpus                  :     0.97        1         1 
	   Disk (KB)             :    15        2048      3072 
	   GPUs                  :                           0 
	   machine_token         :                           0 
	   Memory (MB)           :   298        6000      6016 
	   TimeExecute (s)       :  1126                       
	   TimeSlotBusy (s)      :  1126                       

	Job terminated of its own accord at 2026-06-02T21:12:27Z with exit-code 0.
...
