000 (19537714.000.000) 2026-06-02 15:59:44 Job submitted from host: <10.128.10.103:9618?addrs=10.128.10.103-9618&alias=npx-submitter.icecube.wisc.edu&noUDP&sock=schedd_2449_6386>
    DAG Node: Drootprod_20181223_35714
...
001 (19537714.000.000) 2026-06-02 17:41:03 Job executing on host: <10.128.10.172:41457?addrs=10.128.10.172-41457&alias=n-gpu-33.icecube.wisc.edu>
	SlotName: slot1_10@n-gpu-33.icecube.wisc.edu
	admin_mutex_1 = 0
	admin_mutex_2 = 0
	admin_mutex_3 = 0
	AvailableGPUs = {  }
	CondorScratchDir = "/scratch/condor/dir_744300"
	Cpus = 1
	Disk = 3072
	GPUs = 0
	machine_token = 0
	Memory = 6016
...
006 (19537714.000.000) 2026-06-02 17:41:16 Image size of job updated: 122152
	120  -  MemoryUsage of job (MB)
	122152  -  ResidentSetSize of job (KB)
...
006 (19537714.000.000) 2026-06-02 17:46:16 Image size of job updated: 160864
	158  -  MemoryUsage of job (MB)
	160864  -  ResidentSetSize of job (KB)
...
006 (19537714.000.000) 2026-06-02 17:51:17 Image size of job updated: 308528
	302  -  MemoryUsage of job (MB)
	308528  -  ResidentSetSize of job (KB)
...
006 (19537714.000.000) 2026-06-02 17:51:29 Image size of job updated: 309520
	302  -  MemoryUsage of job (MB)
	308528  -  ResidentSetSize of job (KB)
...
005 (19537714.000.000) 2026-06-02 17:51:29 Job terminated.
	(1) Normal termination (return value 0)
		Usr 0 00:09:41, Sys 0 00:00:09  -  Run Remote Usage
		Usr 0 00:00:00, Sys 0 00:00:00  -  Run Local Usage
		Usr 0 00:09:41, Sys 0 00:00:09  -  Total Remote Usage
		Usr 0 00:00:00, Sys 0 00:00:00  -  Total Local Usage
	0  -  Run Bytes Sent By Job
	0  -  Run Bytes Received By Job
	0  -  Total Bytes Sent By Job
	0  -  Total Bytes Received By Job
	Partitionable Resources :    Usage  Request Allocated 
	   admin_mutex_1         :                           0 
	   admin_mutex_2         :                           0 
	   admin_mutex_3         :                           0 
	   Cpus                  :     0.97        1         1 
	   Disk (KB)             :    15        2048      3072 
	   GPUs                  :                           0 
	   machine_token         :                           0 
	   Memory (MB)           :   302        6000      6016 
	   TimeExecute (s)       :   626                       
	   TimeSlotBusy (s)      :   626                       

	Job terminated of its own accord at 2026-06-02T22:51:29Z with exit-code 0.
...
