000 (19535810.000.000) 2026-06-02 15:55:09 Job submitted from host: <10.128.10.103:9618?addrs=10.128.10.103-9618&alias=npx-submitter.icecube.wisc.edu&noUDP&sock=schedd_2449_6386>
    DAG Node: Drootprod_20180728_22651
...
001 (19535810.000.000) 2026-06-02 16:59:48 Job executing on host: <10.128.10.238:43797?addrs=10.128.10.238-43797&alias=n-gpu-42.icecube.wisc.edu>
	SlotName: slot1_81@n-gpu-42.icecube.wisc.edu
	admin_mutex_1 = 0
	admin_mutex_2 = 0
	admin_mutex_3 = 0
	AvailableGPUs = {  }
	CondorScratchDir = "/scratch/condor/dir_2176601"
	Cpus = 1
	Disk = 3072
	GPUs = 0
	machine_token = 0
	Memory = 6016
...
006 (19535810.000.000) 2026-06-02 17:00:01 Image size of job updated: 121036
	119  -  MemoryUsage of job (MB)
	121036  -  ResidentSetSize of job (KB)
...
006 (19535810.000.000) 2026-06-02 17:05:01 Image size of job updated: 158984
	156  -  MemoryUsage of job (MB)
	158984  -  ResidentSetSize of job (KB)
...
006 (19535810.000.000) 2026-06-02 17:10:02 Image size of job updated: 306648
	300  -  MemoryUsage of job (MB)
	306648  -  ResidentSetSize of job (KB)
...
006 (19535810.000.000) 2026-06-02 17:10:56 Image size of job updated: 312876
	300  -  MemoryUsage of job (MB)
	306648  -  ResidentSetSize of job (KB)
...
005 (19535810.000.000) 2026-06-02 17:10:56 Job terminated.
	(1) Normal termination (return value 0)
		Usr 0 00:09:56, Sys 0 00:00:11  -  Run Remote Usage
		Usr 0 00:00:00, Sys 0 00:00:00  -  Run Local Usage
		Usr 0 00:09:56, Sys 0 00:00:11  -  Total Remote Usage
		Usr 0 00:00:00, Sys 0 00:00:00  -  Total Local Usage
	0  -  Run Bytes Sent By Job
	0  -  Run Bytes Received By Job
	0  -  Total Bytes Sent By Job
	0  -  Total Bytes Received By Job
	Partitionable Resources :    Usage  Request Allocated 
	   admin_mutex_1         :                           0 
	   admin_mutex_2         :                           0 
	   admin_mutex_3         :                           0 
	   Cpus                  :     0.98        1         1 
	   Disk (KB)             :    10        2048      3072 
	   GPUs                  :                           0 
	   machine_token         :                           0 
	   Memory (MB)           :   300        6000      6016 
	   TimeExecute (s)       :   668                       
	   TimeSlotBusy (s)      :   668                       

	Job terminated of its own accord at 2026-06-02T22:10:56Z with exit-code 0.
...
