000 (19534406.000.000) 2026-06-02 15:52:21 Job submitted from host: <10.128.10.103:9618?addrs=10.128.10.103-9618&alias=npx-submitter.icecube.wisc.edu&noUDP&sock=schedd_2449_6386>
    DAG Node: Drootprod_20180430_72214
...
001 (19534406.000.000) 2026-06-02 16:34:02 Job executing on host: <10.128.11.39:40283?addrs=10.128.11.39-40283&alias=n-smbc-20.icecube.wisc.edu>
	SlotName: slot1_8@n-smbc-20.icecube.wisc.edu
	admin_mutex_1 = 0
	admin_mutex_2 = 0
	admin_mutex_3 = 0
	CondorScratchDir = "/scratch/condor/dir_3126968"
	Cpus = 1
	Disk = 3072
	GPUs = 0
	machine_token = 0
	Memory = 6016
...
006 (19534406.000.000) 2026-06-02 16:34:16 Image size of job updated: 116460
	114  -  MemoryUsage of job (MB)
	116460  -  ResidentSetSize of job (KB)
...
006 (19534406.000.000) 2026-06-02 16:39:17 Image size of job updated: 149588
	147  -  MemoryUsage of job (MB)
	149588  -  ResidentSetSize of job (KB)
...
006 (19534406.000.000) 2026-06-02 16:44:17 Image size of job updated: 175712
	172  -  MemoryUsage of job (MB)
	175712  -  ResidentSetSize of job (KB)
...
006 (19534406.000.000) 2026-06-02 16:49:18 Image size of job updated: 312524
	306  -  MemoryUsage of job (MB)
	312524  -  ResidentSetSize of job (KB)
...
006 (19534406.000.000) 2026-06-02 16:52:25 Image size of job updated: 468444
	306  -  MemoryUsage of job (MB)
	312524  -  ResidentSetSize of job (KB)
...
005 (19534406.000.000) 2026-06-02 16:52:25 Job terminated.
	(1) Normal termination (return value 0)
		Usr 0 00:17:36, Sys 0 00:00:12  -  Run Remote Usage
		Usr 0 00:00:00, Sys 0 00:00:00  -  Run Local Usage
		Usr 0 00:17:36, Sys 0 00:00:12  -  Total Remote Usage
		Usr 0 00:00:00, Sys 0 00:00:00  -  Total Local Usage
	0  -  Run Bytes Sent By Job
	0  -  Run Bytes Received By Job
	0  -  Total Bytes Sent By Job
	0  -  Total Bytes Received By Job
	Partitionable Resources :    Usage  Request Allocated 
	   admin_mutex_1         :                           0 
	   admin_mutex_2         :                           0 
	   admin_mutex_3         :                           0 
	   Cpus                  :     0.98        1         1 
	   Disk (KB)             :    10        2048      3072 
	   GPUs                  :                           0 
	   machine_token         :                           0 
	   Memory (MB)           :   306        6000      6016 
	   TimeExecute (s)       :  1103                       
	   TimeSlotBusy (s)      :  1103                       

	Job terminated of its own accord at 2026-06-02T21:52:25Z with exit-code 0.
...
