000 (19534333.000.000) 2026-06-02 15:52:14 Job submitted from host: <10.128.10.103:9618?addrs=10.128.10.103-9618&alias=npx-submitter.icecube.wisc.edu&noUDP&sock=schedd_2449_6386>
    DAG Node: Drootprod_20180428_5538
...
001 (19534333.000.000) 2026-06-02 16:32:21 Job executing on host: <10.128.10.188:45333?addrs=10.128.10.188-45333&alias=n-smepyc-01.icecube.wisc.edu>
	SlotName: slot1_31@n-smepyc-01.icecube.wisc.edu
	admin_mutex_1 = 0
	admin_mutex_2 = 0
	admin_mutex_3 = 0
	CondorScratchDir = "/scratch/condor/dir_3984105"
	Cpus = 1
	Disk = 3072
	GPUs = 0
	machine_token = 0
	Memory = 6016
...
006 (19534333.000.000) 2026-06-02 16:32:35 Image size of job updated: 123092
	121  -  MemoryUsage of job (MB)
	123092  -  ResidentSetSize of job (KB)
...
006 (19534333.000.000) 2026-06-02 16:37:36 Image size of job updated: 174556
	171  -  MemoryUsage of job (MB)
	174556  -  ResidentSetSize of job (KB)
...
006 (19534333.000.000) 2026-06-02 16:41:46 Image size of job updated: 463276
	171  -  MemoryUsage of job (MB)
	174556  -  ResidentSetSize of job (KB)
...
005 (19534333.000.000) 2026-06-02 16:41:46 Job terminated.
	(1) Normal termination (return value 0)
		Usr 0 00:08:38, Sys 0 00:00:09  -  Run Remote Usage
		Usr 0 00:00:00, Sys 0 00:00:00  -  Run Local Usage
		Usr 0 00:08:38, Sys 0 00:00:09  -  Total Remote Usage
		Usr 0 00:00:00, Sys 0 00:00:00  -  Total Local Usage
	0  -  Run Bytes Sent By Job
	0  -  Run Bytes Received By Job
	0  -  Total Bytes Sent By Job
	0  -  Total Bytes Received By Job
	Partitionable Resources :    Usage  Request Allocated 
	   admin_mutex_1         :                           0 
	   admin_mutex_2         :                           0 
	   admin_mutex_3         :                           0 
	   Cpus                  :     0.97        1         1 
	   Disk (KB)             :    10        2048      3072 
	   GPUs                  :                           0 
	   machine_token         :                           0 
	   Memory (MB)           :   171        6000      6016 
	   TimeExecute (s)       :   565                       
	   TimeSlotBusy (s)      :   565                       

	Job terminated of its own accord at 2026-06-02T21:41:46Z with exit-code 0.
...
