000 (19533856.000.000) 2026-06-02 15:51:17 Job submitted from host: <10.128.10.103:9618?addrs=10.128.10.103-9618&alias=npx-submitter.icecube.wisc.edu&noUDP&sock=schedd_2449_6386>
    DAG Node: Drootprod_20180327_75320
...
001 (19533856.000.000) 2026-06-02 16:21:19 Job executing on host: <10.128.10.17:46673?addrs=10.128.10.17-46673&alias=n-m610-07.icecube.wisc.edu>
	SlotName: slot1_2@n-m610-07.icecube.wisc.edu
	admin_mutex_1 = 0
	admin_mutex_2 = 0
	admin_mutex_3 = 0
	CondorScratchDir = "/scratch/condor/dir_1042928"
	Cpus = 1
	Disk = 3072
	GPUs = 0
	machine_token = 0
	Memory = 6016
...
006 (19533856.000.000) 2026-06-02 16:21:32 Image size of job updated: 120536
	118  -  MemoryUsage of job (MB)
	120536  -  ResidentSetSize of job (KB)
...
006 (19533856.000.000) 2026-06-02 16:26:32 Image size of job updated: 155852
	153  -  MemoryUsage of job (MB)
	155852  -  ResidentSetSize of job (KB)
...
006 (19533856.000.000) 2026-06-02 16:31:33 Image size of job updated: 295908
	289  -  MemoryUsage of job (MB)
	295908  -  ResidentSetSize of job (KB)
...
006 (19533856.000.000) 2026-06-02 16:33:55 Image size of job updated: 310392
	289  -  MemoryUsage of job (MB)
	295908  -  ResidentSetSize of job (KB)
...
005 (19533856.000.000) 2026-06-02 16:33:55 Job terminated.
	(1) Normal termination (return value 0)
		Usr 0 00:11:40, Sys 0 00:00:09  -  Run Remote Usage
		Usr 0 00:00:00, Sys 0 00:00:00  -  Run Local Usage
		Usr 0 00:11:40, Sys 0 00:00:09  -  Total Remote Usage
		Usr 0 00:00:00, Sys 0 00:00:00  -  Total Local Usage
	0  -  Run Bytes Sent By Job
	0  -  Run Bytes Received By Job
	0  -  Total Bytes Sent By Job
	0  -  Total Bytes Received By Job
	Partitionable Resources :    Usage  Request Allocated 
	   admin_mutex_1         :                           0 
	   admin_mutex_2         :                           0 
	   admin_mutex_3         :                           0 
	   Cpus                  :     0.93        1         1 
	   Disk (KB)             :    10        2048      3072 
	   GPUs                  :                           0 
	   machine_token         :                           0 
	   Memory (MB)           :   289        6000      6016 
	   TimeExecute (s)       :   756                       
	   TimeSlotBusy (s)      :   756                       

	Job terminated of its own accord at 2026-06-02T21:33:55Z with exit-code 0.
...
