000 (19532835.000.000) 2026-06-02 15:48:55 Job submitted from host: <10.128.10.103:9618?addrs=10.128.10.103-9618&alias=npx-submitter.icecube.wisc.edu&noUDP&sock=schedd_2449_6386>
    DAG Node: Drootprod_20180111_36883
...
001 (19532835.000.000) 2026-06-02 15:53:42 Job executing on host: <10.128.10.187:34023?addrs=10.128.10.187-34023&alias=n-smepyc-00.icecube.wisc.edu>
	SlotName: slot1_46@n-smepyc-00.icecube.wisc.edu
	admin_mutex_1 = 0
	admin_mutex_2 = 0
	admin_mutex_3 = 0
	CondorScratchDir = "/scratch/condor/dir_1632865"
	Cpus = 1
	Disk = 3072
	GPUs = 0
	machine_token = 0
	Memory = 6016
...
006 (19532835.000.000) 2026-06-02 15:53:55 Image size of job updated: 122296
	120  -  MemoryUsage of job (MB)
	122296  -  ResidentSetSize of job (KB)
...
006 (19532835.000.000) 2026-06-02 15:58:55 Image size of job updated: 170560
	167  -  MemoryUsage of job (MB)
	170560  -  ResidentSetSize of job (KB)
...
006 (19532835.000.000) 2026-06-02 16:00:20 Image size of job updated: 290800
	167  -  MemoryUsage of job (MB)
	170560  -  ResidentSetSize of job (KB)
...
005 (19532835.000.000) 2026-06-02 16:00:20 Job terminated.
	(1) Normal termination (return value 0)
		Usr 0 00:05:56, Sys 0 00:00:06  -  Run Remote Usage
		Usr 0 00:00:00, Sys 0 00:00:00  -  Run Local Usage
		Usr 0 00:05:56, Sys 0 00:00:06  -  Total Remote Usage
		Usr 0 00:00:00, Sys 0 00:00:00  -  Total Local Usage
	0  -  Run Bytes Sent By Job
	0  -  Run Bytes Received By Job
	0  -  Total Bytes Sent By Job
	0  -  Total Bytes Received By Job
	Partitionable Resources :    Usage  Request Allocated 
	   admin_mutex_1         :                           0 
	   admin_mutex_2         :                           0 
	   admin_mutex_3         :                           0 
	   Cpus                  :     0.99        1         1 
	   Disk (KB)             :    10        2048      3072 
	   GPUs                  :                           0 
	   machine_token         :                           0 
	   Memory (MB)           :   167        6000      6016 
	   TimeExecute (s)       :   398                       
	   TimeSlotBusy (s)      :   399                       

	Job terminated of its own accord at 2026-06-02T21:00:20Z with exit-code 0.
...
