000 (19535318.000.000) 2026-06-02 15:54:05 Job submitted from host: <10.128.10.103:9618?addrs=10.128.10.103-9618&alias=npx-submitter.icecube.wisc.edu&noUDP&sock=schedd_2449_6386>
    DAG Node: Drootprod_20180625_41854
...
001 (19535318.000.000) 2026-06-02 16:50:51 Job executing on host: <10.128.10.46:38435?addrs=10.128.10.46-38435&alias=n-m610-36.icecube.wisc.edu>
	SlotName: slot1_4@n-m610-36.icecube.wisc.edu
	admin_mutex_1 = 0
	admin_mutex_2 = 0
	admin_mutex_3 = 0
	CondorScratchDir = "/scratch/condor/dir_860709"
	Cpus = 1
	Disk = 3072
	GPUs = 0
	machine_token = 0
	Memory = 6016
...
006 (19535318.000.000) 2026-06-02 16:51:05 Image size of job updated: 122052
	120  -  MemoryUsage of job (MB)
	122052  -  ResidentSetSize of job (KB)
...
006 (19535318.000.000) 2026-06-02 16:56:06 Image size of job updated: 162240
	159  -  MemoryUsage of job (MB)
	162240  -  ResidentSetSize of job (KB)
...
006 (19535318.000.000) 2026-06-02 17:01:06 Image size of job updated: 308488
	302  -  MemoryUsage of job (MB)
	308488  -  ResidentSetSize of job (KB)
...
006 (19535318.000.000) 2026-06-02 17:01:33 Image size of job updated: 314776
	302  -  MemoryUsage of job (MB)
	308488  -  ResidentSetSize of job (KB)
...
005 (19535318.000.000) 2026-06-02 17:01:33 Job terminated.
	(1) Normal termination (return value 0)
		Usr 0 00:09:59, Sys 0 00:00:08  -  Run Remote Usage
		Usr 0 00:00:00, Sys 0 00:00:00  -  Run Local Usage
		Usr 0 00:09:59, Sys 0 00:00:08  -  Total Remote Usage
		Usr 0 00:00:00, Sys 0 00:00:00  -  Total Local Usage
	0  -  Run Bytes Sent By Job
	0  -  Run Bytes Received By Job
	0  -  Total Bytes Sent By Job
	0  -  Total Bytes Received By Job
	Partitionable Resources :    Usage  Request Allocated 
	   admin_mutex_1         :                           0 
	   admin_mutex_2         :                           0 
	   admin_mutex_3         :                           0 
	   Cpus                  :     0.94        1         1 
	   Disk (KB)             :    10        2048      3072 
	   GPUs                  :                           0 
	   machine_token         :                           0 
	   Memory (MB)           :   302        6000      6016 
	   TimeExecute (s)       :   642                       
	   TimeSlotBusy (s)      :   642                       

	Job terminated of its own accord at 2026-06-02T22:01:33Z with exit-code 0.
...
