000 (19534024.000.000) 2026-06-02 15:51:38 Job submitted from host: <10.128.10.103:9618?addrs=10.128.10.103-9618&alias=npx-submitter.icecube.wisc.edu&noUDP&sock=schedd_2449_6386>
    DAG Node: Drootprod_20180408_89931
...
001 (19534024.000.000) 2026-06-02 16:25:45 Job executing on host: <10.128.10.188:45333?addrs=10.128.10.188-45333&alias=n-smepyc-01.icecube.wisc.edu>
	SlotName: slot1_65@n-smepyc-01.icecube.wisc.edu
	admin_mutex_1 = 0
	admin_mutex_2 = 0
	admin_mutex_3 = 0
	CondorScratchDir = "/scratch/condor/dir_3960087"
	Cpus = 1
	Disk = 3072
	GPUs = 0
	machine_token = 0
	Memory = 6016
...
006 (19534024.000.000) 2026-06-02 16:25:58 Image size of job updated: 121300
	119  -  MemoryUsage of job (MB)
	121300  -  ResidentSetSize of job (KB)
...
006 (19534024.000.000) 2026-06-02 16:30:58 Image size of job updated: 170692
	167  -  MemoryUsage of job (MB)
	170692  -  ResidentSetSize of job (KB)
...
006 (19534024.000.000) 2026-06-02 16:32:08 Image size of job updated: 182772
	167  -  MemoryUsage of job (MB)
	170692  -  ResidentSetSize of job (KB)
...
005 (19534024.000.000) 2026-06-02 16:32:08 Job terminated.
	(1) Normal termination (return value 0)
		Usr 0 00:05:43, Sys 0 00:00:06  -  Run Remote Usage
		Usr 0 00:00:00, Sys 0 00:00:00  -  Run Local Usage
		Usr 0 00:05:43, Sys 0 00:00:06  -  Total Remote Usage
		Usr 0 00:00:00, Sys 0 00:00:00  -  Total Local Usage
	0  -  Run Bytes Sent By Job
	0  -  Run Bytes Received By Job
	0  -  Total Bytes Sent By Job
	0  -  Total Bytes Received By Job
	Partitionable Resources :    Usage  Request Allocated 
	   admin_mutex_1         :                           0 
	   admin_mutex_2         :                           0 
	   admin_mutex_3         :                           0 
	   Cpus                  :     0.95        1         1 
	   Disk (KB)             :    10        2048      3072 
	   GPUs                  :                           0 
	   machine_token         :                           0 
	   Memory (MB)           :   167        6000      6016 
	   TimeExecute (s)       :   383                       
	   TimeSlotBusy (s)      :   384                       

	Job terminated of its own accord at 2026-06-02T21:32:08Z with exit-code 0.
...
