000 (19534827.000.000) 2026-06-02 15:53:09 Job submitted from host: <10.128.10.103:9618?addrs=10.128.10.103-9618&alias=npx-submitter.icecube.wisc.edu&noUDP&sock=schedd_2449_6386>
    DAG Node: Drootprod_20180526_40665
...
001 (19534827.000.000) 2026-06-02 16:41:45 Job executing on host: <10.128.10.115:33587?addrs=10.128.10.115-33587&alias=n-gibyte-00.icecube.wisc.edu>
	SlotName: slot1_281@n-gibyte-00.icecube.wisc.edu
	admin_mutex_1 = 0
	admin_mutex_2 = 0
	admin_mutex_3 = 0
	CondorScratchDir = "/scratch/condor/dir_2210313"
	Cpus = 1
	Disk = 5480
	GPUs = 0
	machine_token = 0
	Memory = 6016
...
006 (19534827.000.000) 2026-06-02 16:41:59 Image size of job updated: 119956
	118  -  MemoryUsage of job (MB)
	119956  -  ResidentSetSize of job (KB)
...
006 (19534827.000.000) 2026-06-02 16:47:00 Image size of job updated: 149548
	147  -  MemoryUsage of job (MB)
	149548  -  ResidentSetSize of job (KB)
...
006 (19534827.000.000) 2026-06-02 16:52:01 Image size of job updated: 172392
	169  -  MemoryUsage of job (MB)
	172392  -  ResidentSetSize of job (KB)
...
006 (19534827.000.000) 2026-06-02 16:57:01 Image size of job updated: 306360
	300  -  MemoryUsage of job (MB)
	306360  -  ResidentSetSize of job (KB)
...
006 (19534827.000.000) 2026-06-02 17:01:26 Image size of job updated: 461072
	300  -  MemoryUsage of job (MB)
	306360  -  ResidentSetSize of job (KB)
...
005 (19534827.000.000) 2026-06-02 17:01:26 Job terminated.
	(1) Normal termination (return value 0)
		Usr 0 00:18:33, Sys 0 00:00:14  -  Run Remote Usage
		Usr 0 00:00:00, Sys 0 00:00:00  -  Run Local Usage
		Usr 0 00:18:33, Sys 0 00:00:14  -  Total Remote Usage
		Usr 0 00:00:00, Sys 0 00:00:00  -  Total Local Usage
	0  -  Run Bytes Sent By Job
	0  -  Run Bytes Received By Job
	0  -  Total Bytes Sent By Job
	0  -  Total Bytes Received By Job
	Partitionable Resources :    Usage  Request Allocated 
	   admin_mutex_1         :                           0 
	   admin_mutex_2         :                           0 
	   admin_mutex_3         :                           0 
	   Cpus                  :     0.96        1         1 
	   Disk (KB)             :    10        2048      5480 
	   GPUs                  :                           0 
	   machine_token         :                           0 
	   Memory (MB)           :   300        6000      6016 
	   TimeExecute (s)       :  1181                       
	   TimeSlotBusy (s)      :  1181                       

	Job terminated of its own accord at 2026-06-02T22:01:26Z with exit-code 0.
...
