000 (19535104.000.000) 2026-06-02 15:53:38 Job submitted from host: <10.128.10.103:9618?addrs=10.128.10.103-9618&alias=npx-submitter.icecube.wisc.edu&noUDP&sock=schedd_2449_6386>
    DAG Node: Drootprod_20180608_36700
...
001 (19535104.000.000) 2026-06-02 16:46:30 Job executing on host: <10.128.10.238:43797?addrs=10.128.10.238-43797&alias=n-gpu-42.icecube.wisc.edu>
	SlotName: slot1_41@n-gpu-42.icecube.wisc.edu
	admin_mutex_1 = 0
	admin_mutex_2 = 0
	admin_mutex_3 = 0
	AvailableGPUs = {  }
	CondorScratchDir = "/scratch/condor/dir_2126646"
	Cpus = 1
	Disk = 3072
	GPUs = 0
	machine_token = 0
	Memory = 6016
...
006 (19535104.000.000) 2026-06-02 16:46:43 Image size of job updated: 121256
	119  -  MemoryUsage of job (MB)
	121256  -  ResidentSetSize of job (KB)
...
006 (19535104.000.000) 2026-06-02 16:51:43 Image size of job updated: 155048
	152  -  MemoryUsage of job (MB)
	155048  -  ResidentSetSize of job (KB)
...
006 (19535104.000.000) 2026-06-02 16:56:44 Image size of job updated: 301236
	295  -  MemoryUsage of job (MB)
	301236  -  ResidentSetSize of job (KB)
...
006 (19535104.000.000) 2026-06-02 17:00:07 Image size of job updated: 464960
	295  -  MemoryUsage of job (MB)
	301236  -  ResidentSetSize of job (KB)
...
005 (19535104.000.000) 2026-06-02 17:00:07 Job terminated.
	(1) Normal termination (return value 0)
		Usr 0 00:12:52, Sys 0 00:00:12  -  Run Remote Usage
		Usr 0 00:00:00, Sys 0 00:00:00  -  Run Local Usage
		Usr 0 00:12:52, Sys 0 00:00:12  -  Total Remote Usage
		Usr 0 00:00:00, Sys 0 00:00:00  -  Total Local Usage
	0  -  Run Bytes Sent By Job
	0  -  Run Bytes Received By Job
	0  -  Total Bytes Sent By Job
	0  -  Total Bytes Received By Job
	Partitionable Resources :    Usage  Request Allocated 
	   admin_mutex_1         :                           0 
	   admin_mutex_2         :                           0 
	   admin_mutex_3         :                           0 
	   Cpus                  :     0.95        1         1 
	   Disk (KB)             :    10        2048      3072 
	   GPUs                  :                           0 
	   machine_token         :                           0 
	   Memory (MB)           :   295        6000      6016 
	   TimeExecute (s)       :   817                       
	   TimeSlotBusy (s)      :   817                       

	Job terminated of its own accord at 2026-06-02T22:00:07Z with exit-code 0.
...
