000 (19533255.000.000) 2026-06-02 15:49:59 Job submitted from host: <10.128.10.103:9618?addrs=10.128.10.103-9618&alias=npx-submitter.icecube.wisc.edu&noUDP&sock=schedd_2449_6386>
    DAG Node: Drootprod_20180213_19821
...
001 (19533255.000.000) 2026-06-02 16:09:59 Job executing on host: <10.128.10.115:33587?addrs=10.128.10.115-33587&alias=n-gibyte-00.icecube.wisc.edu>
	SlotName: slot1_204@n-gibyte-00.icecube.wisc.edu
	admin_mutex_1 = 0
	admin_mutex_2 = 0
	admin_mutex_3 = 0
	CondorScratchDir = "/scratch/condor/dir_2093227"
	Cpus = 1
	Disk = 5480
	GPUs = 0
	machine_token = 0
	Memory = 6016
...
006 (19533255.000.000) 2026-06-02 16:10:12 Image size of job updated: 118556
	116  -  MemoryUsage of job (MB)
	118556  -  ResidentSetSize of job (KB)
...
006 (19533255.000.000) 2026-06-02 16:15:12 Image size of job updated: 149576
	147  -  MemoryUsage of job (MB)
	149576  -  ResidentSetSize of job (KB)
...
006 (19533255.000.000) 2026-06-02 16:20:13 Image size of job updated: 170372
	167  -  MemoryUsage of job (MB)
	170372  -  ResidentSetSize of job (KB)
...
006 (19533255.000.000) 2026-06-02 16:25:13 Image size of job updated: 303740
	297  -  MemoryUsage of job (MB)
	303740  -  ResidentSetSize of job (KB)
...
006 (19533255.000.000) 2026-06-02 16:30:14 Image size of job updated: 458872
	449  -  MemoryUsage of job (MB)
	458872  -  ResidentSetSize of job (KB)
...
006 (19533255.000.000) 2026-06-02 16:31:43 Image size of job updated: 473256
	449  -  MemoryUsage of job (MB)
	458872  -  ResidentSetSize of job (KB)
...
005 (19533255.000.000) 2026-06-02 16:31:43 Job terminated.
	(1) Normal termination (return value 0)
		Usr 0 00:20:17, Sys 0 00:00:15  -  Run Remote Usage
		Usr 0 00:00:00, Sys 0 00:00:00  -  Run Local Usage
		Usr 0 00:20:17, Sys 0 00:00:15  -  Total Remote Usage
		Usr 0 00:00:00, Sys 0 00:00:00  -  Total Local Usage
	0  -  Run Bytes Sent By Job
	0  -  Run Bytes Received By Job
	0  -  Total Bytes Sent By Job
	0  -  Total Bytes Received By Job
	Partitionable Resources :    Usage  Request Allocated 
	   admin_mutex_1         :                           0 
	   admin_mutex_2         :                           0 
	   admin_mutex_3         :                           0 
	   Cpus                  :     0.89        1         1 
	   Disk (KB)             :    12        2048      5480 
	   GPUs                  :                           0 
	   machine_token         :                           0 
	   Memory (MB)           :   449        6000      6016 
	   TimeExecute (s)       :  1304                       
	   TimeSlotBusy (s)      :  1305                       

	Job terminated of its own accord at 2026-06-02T21:31:43Z with exit-code 0.
...
