000 (19532605.000.000) 2026-06-02 15:48:13 Job submitted from host: <10.128.10.103:9618?addrs=10.128.10.103-9618&alias=npx-submitter.icecube.wisc.edu&noUDP&sock=schedd_2449_6386>
    DAG Node: Drootprod_20170104_19828
...
001 (19532605.000.000) 2026-06-02 15:48:20 Job executing on host: <10.128.10.116:38163?addrs=10.128.10.116-38163&alias=n-gibyte-01.icecube.wisc.edu>
	SlotName: slot1_424@n-gibyte-01.icecube.wisc.edu
	admin_mutex_1 = 0
	admin_mutex_2 = 0
	admin_mutex_3 = 0
	CondorScratchDir = "/scratch/condor/dir_2358989"
	Cpus = 1
	Disk = 5480
	GPUs = 0
	machine_token = 0
	Memory = 6016
...
006 (19532605.000.000) 2026-06-02 15:48:28 Image size of job updated: 120248
	118  -  MemoryUsage of job (MB)
	120248  -  ResidentSetSize of job (KB)
...
006 (19532605.000.000) 2026-06-02 15:53:28 Image size of job updated: 143448
	141  -  MemoryUsage of job (MB)
	143448  -  ResidentSetSize of job (KB)
...
006 (19532605.000.000) 2026-06-02 15:58:29 Image size of job updated: 163280
	160  -  MemoryUsage of job (MB)
	163280  -  ResidentSetSize of job (KB)
...
006 (19532605.000.000) 2026-06-02 16:03:29 Image size of job updated: 292924
	287  -  MemoryUsage of job (MB)
	292924  -  ResidentSetSize of job (KB)
...
006 (19532605.000.000) 2026-06-02 16:08:30 Image size of job updated: 311296
	304  -  MemoryUsage of job (MB)
	311296  -  ResidentSetSize of job (KB)
...
006 (19532605.000.000) 2026-06-02 16:13:26 Image size of job updated: 464456
	304  -  MemoryUsage of job (MB)
	311296  -  ResidentSetSize of job (KB)
...
005 (19532605.000.000) 2026-06-02 16:13:26 Job terminated.
	(1) Normal termination (return value 0)
		Usr 0 00:23:45, Sys 0 00:00:14  -  Run Remote Usage
		Usr 0 00:00:00, Sys 0 00:00:00  -  Run Local Usage
		Usr 0 00:23:45, Sys 0 00:00:14  -  Total Remote Usage
		Usr 0 00:00:00, Sys 0 00:00:00  -  Total Local Usage
	0  -  Run Bytes Sent By Job
	0  -  Run Bytes Received By Job
	0  -  Total Bytes Sent By Job
	0  -  Total Bytes Received By Job
	Partitionable Resources :    Usage  Request Allocated 
	   admin_mutex_1         :                           0 
	   admin_mutex_2         :                           0 
	   admin_mutex_3         :                           0 
	   Cpus                  :     0.98        1         1 
	   Disk (KB)             :    12        2048      5480 
	   GPUs                  :                           0 
	   machine_token         :                           0 
	   Memory (MB)           :   304        6000      6016 
	   TimeExecute (s)       :  1506                       
	   TimeSlotBusy (s)      :  1507                       

	Job terminated of its own accord at 2026-06-02T21:13:26Z with exit-code 0.
...
