000 (19534243.000.000) 2026-06-02 15:52:04 Job submitted from host: <10.128.10.103:9618?addrs=10.128.10.103-9618&alias=npx-submitter.icecube.wisc.edu&noUDP&sock=schedd_2449_6386>
    DAG Node: Drootprod_20170507_80637
...
001 (19534243.000.000) 2026-06-02 16:30:28 Job executing on host: <10.128.11.55:33595?addrs=10.128.11.55-33595&alias=n-smbc-36.icecube.wisc.edu>
	SlotName: slot1_5@n-smbc-36.icecube.wisc.edu
	admin_mutex_1 = 0
	admin_mutex_2 = 0
	admin_mutex_3 = 0
	CondorScratchDir = "/scratch/condor/dir_1492756"
	Cpus = 1
	Disk = 3072
	GPUs = 0
	machine_token = 0
	Memory = 6016
...
006 (19534243.000.000) 2026-06-02 16:30:42 Image size of job updated: 34236
	34  -  MemoryUsage of job (MB)
	34236  -  ResidentSetSize of job (KB)
...
006 (19534243.000.000) 2026-06-02 16:35:43 Image size of job updated: 130932
	128  -  MemoryUsage of job (MB)
	130932  -  ResidentSetSize of job (KB)
...
006 (19534243.000.000) 2026-06-02 16:40:44 Image size of job updated: 136112
	133  -  MemoryUsage of job (MB)
	136112  -  ResidentSetSize of job (KB)
...
006 (19534243.000.000) 2026-06-02 16:45:45 Image size of job updated: 143664
	141  -  MemoryUsage of job (MB)
	143664  -  ResidentSetSize of job (KB)
...
006 (19534243.000.000) 2026-06-02 16:50:45 Image size of job updated: 153704
	151  -  MemoryUsage of job (MB)
	153704  -  ResidentSetSize of job (KB)
...
006 (19534243.000.000) 2026-06-02 16:55:46 Image size of job updated: 159656
	156  -  MemoryUsage of job (MB)
	159656  -  ResidentSetSize of job (KB)
...
006 (19534243.000.000) 2026-06-02 17:00:46 Image size of job updated: 166176
	163  -  MemoryUsage of job (MB)
	166176  -  ResidentSetSize of job (KB)
...
006 (19534243.000.000) 2026-06-02 17:05:46 Image size of job updated: 174220
	171  -  MemoryUsage of job (MB)
	174220  -  ResidentSetSize of job (KB)
...
006 (19534243.000.000) 2026-06-02 17:10:47 Image size of job updated: 179484
	176  -  MemoryUsage of job (MB)
	179484  -  ResidentSetSize of job (KB)
...
006 (19534243.000.000) 2026-06-02 17:15:47 Image size of job updated: 298256
	292  -  MemoryUsage of job (MB)
	298256  -  ResidentSetSize of job (KB)
...
006 (19534243.000.000) 2026-06-02 17:20:48 Image size of job updated: 303604
	297  -  MemoryUsage of job (MB)
	303604  -  ResidentSetSize of job (KB)
...
006 (19534243.000.000) 2026-06-02 17:25:48 Image size of job updated: 311704
	305  -  MemoryUsage of job (MB)
	311704  -  ResidentSetSize of job (KB)
...
006 (19534243.000.000) 2026-06-02 17:30:49 Image size of job updated: 318148
	311  -  MemoryUsage of job (MB)
	318148  -  ResidentSetSize of job (KB)
...
006 (19534243.000.000) 2026-06-02 17:35:49 Image size of job updated: 454556
	444  -  MemoryUsage of job (MB)
	454556  -  ResidentSetSize of job (KB)
...
006 (19534243.000.000) 2026-06-02 17:40:50 Image size of job updated: 469000
	452  -  MemoryUsage of job (MB)
	462712  -  ResidentSetSize of job (KB)
...
006 (19534243.000.000) 2026-06-02 17:45:50 Image size of job updated: 469708
	459  -  MemoryUsage of job (MB)
	469708  -  ResidentSetSize of job (KB)
...
006 (19534243.000.000) 2026-06-02 17:50:50 Image size of job updated: 477960
	467  -  MemoryUsage of job (MB)
	477960  -  ResidentSetSize of job (KB)
...
006 (19534243.000.000) 2026-06-02 17:53:19 Image size of job updated: 661772
	467  -  MemoryUsage of job (MB)
	477960  -  ResidentSetSize of job (KB)
...
005 (19534243.000.000) 2026-06-02 17:53:19 Job terminated.
	(1) Normal termination (return value 0)
		Usr 0 01:20:26, Sys 0 00:00:46  -  Run Remote Usage
		Usr 0 00:00:00, Sys 0 00:00:00  -  Run Local Usage
		Usr 0 01:20:26, Sys 0 00:00:46  -  Total Remote Usage
		Usr 0 00:00:00, Sys 0 00:00:00  -  Total Local Usage
	0  -  Run Bytes Sent By Job
	0  -  Run Bytes Received By Job
	0  -  Total Bytes Sent By Job
	0  -  Total Bytes Received By Job
	Partitionable Resources :    Usage  Request Allocated 
	   admin_mutex_1         :                           0 
	   admin_mutex_2         :                           0 
	   admin_mutex_3         :                           0 
	   Cpus                  :     0.99        1         1 
	   Disk (KB)             :    10        2048      3072 
	   GPUs                  :                           0 
	   machine_token         :                           0 
	   Memory (MB)           :   467        6000      6016 
	   TimeExecute (s)       :  4971                       
	   TimeSlotBusy (s)      :  4971                       

	Job terminated of its own accord at 2026-06-02T22:53:19Z with exit-code 0.
...
