000 (19536940.000.000) 2026-06-02 15:57:34 Job submitted from host: <10.128.10.103:9618?addrs=10.128.10.103-9618&alias=npx-submitter.icecube.wisc.edu&noUDP&sock=schedd_2449_6386>
    DAG Node: Drootprod_20171030_1676
...
001 (19536940.000.000) 2026-06-02 17:29:23 Job executing on host: <10.128.10.189:44027?addrs=10.128.10.189-44027&alias=n-smepyc-02.icecube.wisc.edu>
	SlotName: slot1_20@n-smepyc-02.icecube.wisc.edu
	admin_mutex_1 = 0
	admin_mutex_2 = 0
	admin_mutex_3 = 0
	CondorScratchDir = "/scratch/condor/dir_605231"
	Cpus = 1
	Disk = 3072
	GPUs = 0
	machine_token = 0
	Memory = 6016
...
006 (19536940.000.000) 2026-06-02 17:29:36 Image size of job updated: 122560
	120  -  MemoryUsage of job (MB)
	122560  -  ResidentSetSize of job (KB)
...
006 (19536940.000.000) 2026-06-02 17:34:36 Image size of job updated: 177772
	174  -  MemoryUsage of job (MB)
	177772  -  ResidentSetSize of job (KB)
...
006 (19536940.000.000) 2026-06-02 17:38:38 Image size of job updated: 466760
	174  -  MemoryUsage of job (MB)
	177772  -  ResidentSetSize of job (KB)
...
005 (19536940.000.000) 2026-06-02 17:38:38 Job terminated.
	(1) Normal termination (return value 0)
		Usr 0 00:08:39, Sys 0 00:00:09  -  Run Remote Usage
		Usr 0 00:00:00, Sys 0 00:00:00  -  Run Local Usage
		Usr 0 00:08:39, Sys 0 00:00:09  -  Total Remote Usage
		Usr 0 00:00:00, Sys 0 00:00:00  -  Total Local Usage
	0  -  Run Bytes Sent By Job
	0  -  Run Bytes Received By Job
	0  -  Total Bytes Sent By Job
	0  -  Total Bytes Received By Job
	Partitionable Resources :    Usage  Request Allocated 
	   admin_mutex_1         :                           0 
	   admin_mutex_2         :                           0 
	   admin_mutex_3         :                           0 
	   Cpus                  :     0.97        1         1 
	   Disk (KB)             :    12        2048      3072 
	   GPUs                  :                           0 
	   machine_token         :                           0 
	   Memory (MB)           :   174        6000      6016 
	   TimeExecute (s)       :   555                       
	   TimeSlotBusy (s)      :   556                       

	Job terminated of its own accord at 2026-06-02T22:38:38Z with exit-code 0.
...
