000 (19536645.000.000) 2026-06-02 15:56:54 Job submitted from host: <10.128.10.103:9618?addrs=10.128.10.103-9618&alias=npx-submitter.icecube.wisc.edu&noUDP&sock=schedd_2449_6386>
    DAG Node: Drootprod_20171010_44538
...
001 (19536645.000.000) 2026-06-02 17:24:24 Job executing on host: <10.128.10.117:43719?addrs=10.128.10.117-43719&alias=n-gibyte-02.icecube.wisc.edu>
	SlotName: slot1_156@n-gibyte-02.icecube.wisc.edu
	admin_mutex_1 = 0
	admin_mutex_2 = 0
	admin_mutex_3 = 0
	CondorScratchDir = "/scratch/condor/dir_3682517"
	Cpus = 1
	Disk = 5480
	GPUs = 0
	machine_token = 0
	Memory = 6016
...
006 (19536645.000.000) 2026-06-02 17:24:38 Image size of job updated: 118952
	117  -  MemoryUsage of job (MB)
	118952  -  ResidentSetSize of job (KB)
...
006 (19536645.000.000) 2026-06-02 17:29:39 Image size of job updated: 143936
	141  -  MemoryUsage of job (MB)
	143936  -  ResidentSetSize of job (KB)
...
006 (19536645.000.000) 2026-06-02 17:34:40 Image size of job updated: 162524
	159  -  MemoryUsage of job (MB)
	162524  -  ResidentSetSize of job (KB)
...
006 (19536645.000.000) 2026-06-02 17:39:40 Image size of job updated: 184072
	180  -  MemoryUsage of job (MB)
	184072  -  ResidentSetSize of job (KB)
...
006 (19536645.000.000) 2026-06-02 17:44:41 Image size of job updated: 312480
	306  -  MemoryUsage of job (MB)
	312480  -  ResidentSetSize of job (KB)
...
006 (19536645.000.000) 2026-06-02 17:49:41 Image size of job updated: 464032
	454  -  MemoryUsage of job (MB)
	464032  -  ResidentSetSize of job (KB)
...
006 (19536645.000.000) 2026-06-02 17:50:54 Image size of job updated: 476308
	454  -  MemoryUsage of job (MB)
	464032  -  ResidentSetSize of job (KB)
...
005 (19536645.000.000) 2026-06-02 17:50:54 Job terminated.
	(1) Normal termination (return value 0)
		Usr 0 00:25:28, Sys 0 00:00:15  -  Run Remote Usage
		Usr 0 00:00:00, Sys 0 00:00:00  -  Run Local Usage
		Usr 0 00:25:28, Sys 0 00:00:15  -  Total Remote Usage
		Usr 0 00:00:00, Sys 0 00:00:00  -  Total Local Usage
	0  -  Run Bytes Sent By Job
	0  -  Run Bytes Received By Job
	0  -  Total Bytes Sent By Job
	0  -  Total Bytes Received By Job
	Partitionable Resources :    Usage  Request Allocated 
	   admin_mutex_1         :                           0 
	   admin_mutex_2         :                           0 
	   admin_mutex_3         :                           0 
	   Cpus                  :     0.99        1         1 
	   Disk (KB)             :    10        2048      5480 
	   GPUs                  :                           0 
	   machine_token         :                           0 
	   Memory (MB)           :   454        6000      6016 
	   TimeExecute (s)       :  1590                       
	   TimeSlotBusy (s)      :  1590                       

	Job terminated of its own accord at 2026-06-02T22:50:54Z with exit-code 0.
...
