000 (19536381.000.000) 2026-06-02 15:56:21 Job submitted from host: <10.128.10.103:9618?addrs=10.128.10.103-9618&alias=npx-submitter.icecube.wisc.edu&noUDP&sock=schedd_2449_6386>
    DAG Node: Drootprod_20170922_30600
...
001 (19536381.000.000) 2026-06-02 17:19:40 Job executing on host: <10.128.10.192:35633?addrs=10.128.10.192-35633&alias=n-smepyc-05.icecube.wisc.edu>
	SlotName: slot1_21@n-smepyc-05.icecube.wisc.edu
	admin_mutex_1 = 0
	admin_mutex_2 = 0
	admin_mutex_3 = 0
	CondorScratchDir = "/scratch/condor/dir_366777"
	Cpus = 1
	Disk = 3072
	GPUs = 0
	machine_token = 0
	Memory = 6016
...
006 (19536381.000.000) 2026-06-02 17:19:53 Image size of job updated: 121960
	120  -  MemoryUsage of job (MB)
	121960  -  ResidentSetSize of job (KB)
...
006 (19536381.000.000) 2026-06-02 17:24:53 Image size of job updated: 178532
	175  -  MemoryUsage of job (MB)
	178532  -  ResidentSetSize of job (KB)
...
006 (19536381.000.000) 2026-06-02 17:29:53 Image size of job updated: 479660
	469  -  MemoryUsage of job (MB)
	479660  -  ResidentSetSize of job (KB)
...
006 (19536381.000.000) 2026-06-02 17:30:48 Image size of job updated: 815352
	469  -  MemoryUsage of job (MB)
	479660  -  ResidentSetSize of job (KB)
...
005 (19536381.000.000) 2026-06-02 17:30:48 Job terminated.
	(1) Normal termination (return value 0)
		Usr 0 00:10:33, Sys 0 00:00:12  -  Run Remote Usage
		Usr 0 00:00:00, Sys 0 00:00:00  -  Run Local Usage
		Usr 0 00:10:33, Sys 0 00:00:12  -  Total Remote Usage
		Usr 0 00:00:00, Sys 0 00:00:00  -  Total Local Usage
	0  -  Run Bytes Sent By Job
	0  -  Run Bytes Received By Job
	0  -  Total Bytes Sent By Job
	0  -  Total Bytes Received By Job
	Partitionable Resources :    Usage  Request Allocated 
	   admin_mutex_1         :                           0 
	   admin_mutex_2         :                           0 
	   admin_mutex_3         :                           0 
	   Cpus                  :     0.99        1         1 
	   Disk (KB)             :    10        2048      3072 
	   GPUs                  :                           0 
	   machine_token         :                           0 
	   Memory (MB)           :   469        6000      6016 
	   TimeExecute (s)       :   668                       
	   TimeSlotBusy (s)      :   669                       

	Job terminated of its own accord at 2026-06-02T22:30:48Z with exit-code 0.
...
