000 (19535592.000.000) 2026-06-02 15:54:41 Job submitted from host: <10.128.10.103:9618?addrs=10.128.10.103-9618&alias=npx-submitter.icecube.wisc.edu&noUDP&sock=schedd_2449_6386>
    DAG Node: Drootprod_20170730_2444
...
001 (19535592.000.000) 2026-06-02 16:56:07 Job executing on host: <10.128.10.24:38353?addrs=10.128.10.24-38353&alias=n-m610-14.icecube.wisc.edu>
	SlotName: slot1_2@n-m610-14.icecube.wisc.edu
	admin_mutex_1 = 0
	admin_mutex_2 = 0
	admin_mutex_3 = 0
	CondorScratchDir = "/scratch/condor/dir_858829"
	Cpus = 1
	Disk = 3072
	GPUs = 0
	machine_token = 0
	Memory = 6016
...
006 (19535592.000.000) 2026-06-02 16:56:20 Image size of job updated: 121604
	119  -  MemoryUsage of job (MB)
	121604  -  ResidentSetSize of job (KB)
...
006 (19535592.000.000) 2026-06-02 17:01:20 Image size of job updated: 162632
	159  -  MemoryUsage of job (MB)
	162632  -  ResidentSetSize of job (KB)
...
006 (19535592.000.000) 2026-06-02 17:06:21 Image size of job updated: 312296
	305  -  MemoryUsage of job (MB)
	312296  -  ResidentSetSize of job (KB)
...
006 (19535592.000.000) 2026-06-02 17:07:12 Image size of job updated: 318424
	305  -  MemoryUsage of job (MB)
	312296  -  ResidentSetSize of job (KB)
...
005 (19535592.000.000) 2026-06-02 17:07:12 Job terminated.
	(1) Normal termination (return value 0)
		Usr 0 00:10:14, Sys 0 00:00:09  -  Run Remote Usage
		Usr 0 00:00:00, Sys 0 00:00:00  -  Run Local Usage
		Usr 0 00:10:14, Sys 0 00:00:09  -  Total Remote Usage
		Usr 0 00:00:00, Sys 0 00:00:00  -  Total Local Usage
	0  -  Run Bytes Sent By Job
	0  -  Run Bytes Received By Job
	0  -  Total Bytes Sent By Job
	0  -  Total Bytes Received By Job
	Partitionable Resources :    Usage  Request Allocated 
	   admin_mutex_1         :                           0 
	   admin_mutex_2         :                           0 
	   admin_mutex_3         :                           0 
	   Cpus                  :     0.97        1         1 
	   Disk (KB)             :    10        2048      3072 
	   GPUs                  :                           0 
	   machine_token         :                           0 
	   Memory (MB)           :   305        6000      6016 
	   TimeExecute (s)       :   665                       
	   TimeSlotBusy (s)      :   665                       

	Job terminated of its own accord at 2026-06-02T22:07:12Z with exit-code 0.
...
