000 (19533895.000.000) 2026-06-02 15:51:22 Job submitted from host: <10.128.10.103:9618?addrs=10.128.10.103-9618&alias=npx-submitter.icecube.wisc.edu&noUDP&sock=schedd_2449_6386>
    DAG Node: Drootprod_20170415_1515
...
001 (19533895.000.000) 2026-06-02 16:22:25 Job executing on host: <10.128.10.115:33587?addrs=10.128.10.115-33587&alias=n-gibyte-00.icecube.wisc.edu>
	SlotName: slot1_320@n-gibyte-00.icecube.wisc.edu
	admin_mutex_1 = 0
	admin_mutex_2 = 0
	admin_mutex_3 = 0
	CondorScratchDir = "/scratch/condor/dir_2137757"
	Cpus = 1
	Disk = 5480
	GPUs = 0
	machine_token = 0
	Memory = 6016
...
006 (19533895.000.000) 2026-06-02 16:22:39 Image size of job updated: 119528
	117  -  MemoryUsage of job (MB)
	119528  -  ResidentSetSize of job (KB)
...
006 (19533895.000.000) 2026-06-02 16:27:40 Image size of job updated: 145252
	142  -  MemoryUsage of job (MB)
	145252  -  ResidentSetSize of job (KB)
...
006 (19533895.000.000) 2026-06-02 16:32:41 Image size of job updated: 166760
	163  -  MemoryUsage of job (MB)
	166760  -  ResidentSetSize of job (KB)
...
006 (19533895.000.000) 2026-06-02 16:37:41 Image size of job updated: 297012
	291  -  MemoryUsage of job (MB)
	297012  -  ResidentSetSize of job (KB)
...
006 (19533895.000.000) 2026-06-02 16:41:00 Image size of job updated: 307192
	291  -  MemoryUsage of job (MB)
	297012  -  ResidentSetSize of job (KB)
...
005 (19533895.000.000) 2026-06-02 16:41:00 Job terminated.
	(1) Normal termination (return value 0)
		Usr 0 00:17:34, Sys 0 00:00:11  -  Run Remote Usage
		Usr 0 00:00:00, Sys 0 00:00:00  -  Run Local Usage
		Usr 0 00:17:34, Sys 0 00:00:11  -  Total Remote Usage
		Usr 0 00:00:00, Sys 0 00:00:00  -  Total Local Usage
	0  -  Run Bytes Sent By Job
	0  -  Run Bytes Received By Job
	0  -  Total Bytes Sent By Job
	0  -  Total Bytes Received By Job
	Partitionable Resources :    Usage  Request Allocated 
	   admin_mutex_1         :                           0 
	   admin_mutex_2         :                           0 
	   admin_mutex_3         :                           0 
	   Cpus                  :     0.97        1         1 
	   Disk (KB)             :     7        2048      5480 
	   GPUs                  :                           0 
	   machine_token         :                           0 
	   Memory (MB)           :   291        6000      6016 
	   TimeExecute (s)       :  1115                       
	   TimeSlotBusy (s)      :  1115                       

	Job terminated of its own accord at 2026-06-02T21:41:00Z with exit-code 0.
...
