000 (19533952.000.000) 2026-06-02 15:51:30 Job submitted from host: <10.128.10.103:9618?addrs=10.128.10.103-9618&alias=npx-submitter.icecube.wisc.edu&noUDP&sock=schedd_2449_6386>
    DAG Node: Drootprod_20170418_49814
...
001 (19533952.000.000) 2026-06-02 16:24:16 Job executing on host: <10.128.10.117:43719?addrs=10.128.10.117-43719&alias=n-gibyte-02.icecube.wisc.edu>
	SlotName: slot1_165@n-gibyte-02.icecube.wisc.edu
	admin_mutex_1 = 0
	admin_mutex_2 = 0
	admin_mutex_3 = 0
	CondorScratchDir = "/scratch/condor/dir_3431069"
	Cpus = 1
	Disk = 5480
	GPUs = 0
	machine_token = 0
	Memory = 6016
...
006 (19533952.000.000) 2026-06-02 16:24:30 Image size of job updated: 119936
	118  -  MemoryUsage of job (MB)
	119936  -  ResidentSetSize of job (KB)
...
006 (19533952.000.000) 2026-06-02 16:29:31 Image size of job updated: 143692
	141  -  MemoryUsage of job (MB)
	143692  -  ResidentSetSize of job (KB)
...
006 (19533952.000.000) 2026-06-02 16:34:31 Image size of job updated: 162540
	159  -  MemoryUsage of job (MB)
	162540  -  ResidentSetSize of job (KB)
...
006 (19533952.000.000) 2026-06-02 16:39:31 Image size of job updated: 183932
	180  -  MemoryUsage of job (MB)
	183932  -  ResidentSetSize of job (KB)
...
006 (19533952.000.000) 2026-06-02 16:44:32 Image size of job updated: 313652
	307  -  MemoryUsage of job (MB)
	313652  -  ResidentSetSize of job (KB)
...
006 (19533952.000.000) 2026-06-02 16:49:32 Image size of job updated: 469912
	459  -  MemoryUsage of job (MB)
	469912  -  ResidentSetSize of job (KB)
...
006 (19533952.000.000) 2026-06-02 16:50:02 Image size of job updated: 479368
	459  -  MemoryUsage of job (MB)
	469912  -  ResidentSetSize of job (KB)
...
005 (19533952.000.000) 2026-06-02 16:50:02 Job terminated.
	(1) Normal termination (return value 0)
		Usr 0 00:24:29, Sys 0 00:00:16  -  Run Remote Usage
		Usr 0 00:00:00, Sys 0 00:00:00  -  Run Local Usage
		Usr 0 00:24:29, Sys 0 00:00:16  -  Total Remote Usage
		Usr 0 00:00:00, Sys 0 00:00:00  -  Total Local Usage
	0  -  Run Bytes Sent By Job
	0  -  Run Bytes Received By Job
	0  -  Total Bytes Sent By Job
	0  -  Total Bytes Received By Job
	Partitionable Resources :    Usage  Request Allocated 
	   admin_mutex_1         :                           0 
	   admin_mutex_2         :                           0 
	   admin_mutex_3         :                           0 
	   Cpus                  :     0.98        1         1 
	   Disk (KB)             :    10        2048      5480 
	   GPUs                  :                           0 
	   machine_token         :                           0 
	   Memory (MB)           :   459        6000      6016 
	   TimeExecute (s)       :  1546                       
	   TimeSlotBusy (s)      :  1547                       

	Job terminated of its own accord at 2026-06-02T21:50:02Z with exit-code 0.
...
