000 (19536042.000.000) 2026-06-02 15:55:37 Job submitted from host: <10.128.10.103:9618?addrs=10.128.10.103-9618&alias=npx-submitter.icecube.wisc.edu&noUDP&sock=schedd_2449_6386>
    DAG Node: Drootprod_20170830_71089
...
001 (19536042.000.000) 2026-06-02 17:12:48 Job executing on host: <10.128.11.36:45179?addrs=10.128.11.36-45179&alias=n-smbc-17.icecube.wisc.edu>
	SlotName: slot1_14@n-smbc-17.icecube.wisc.edu
	admin_mutex_1 = 0
	admin_mutex_2 = 0
	admin_mutex_3 = 0
	CondorScratchDir = "/scratch/condor/dir_218744"
	Cpus = 1
	Disk = 3072
	GPUs = 0
	machine_token = 0
	Memory = 6016
...
006 (19536042.000.000) 2026-06-02 17:13:02 Image size of job updated: 122732
	120  -  MemoryUsage of job (MB)
	122732  -  ResidentSetSize of job (KB)
...
006 (19536042.000.000) 2026-06-02 17:18:03 Image size of job updated: 171128
	168  -  MemoryUsage of job (MB)
	171128  -  ResidentSetSize of job (KB)
...
006 (19536042.000.000) 2026-06-02 17:23:04 Image size of job updated: 461968
	452  -  MemoryUsage of job (MB)
	461968  -  ResidentSetSize of job (KB)
...
006 (19536042.000.000) 2026-06-02 17:25:34 Image size of job updated: 812248
	452  -  MemoryUsage of job (MB)
	461968  -  ResidentSetSize of job (KB)
...
005 (19536042.000.000) 2026-06-02 17:25:34 Job terminated.
	(1) Normal termination (return value 0)
		Usr 0 00:12:11, Sys 0 00:00:08  -  Run Remote Usage
		Usr 0 00:00:00, Sys 0 00:00:00  -  Run Local Usage
		Usr 0 00:12:11, Sys 0 00:00:08  -  Total Remote Usage
		Usr 0 00:00:00, Sys 0 00:00:00  -  Total Local Usage
	0  -  Run Bytes Sent By Job
	0  -  Run Bytes Received By Job
	0  -  Total Bytes Sent By Job
	0  -  Total Bytes Received By Job
	Partitionable Resources :    Usage  Request Allocated 
	   admin_mutex_1         :                           0 
	   admin_mutex_2         :                           0 
	   admin_mutex_3         :                           0 
	   Cpus                  :     0.99        1         1 
	   Disk (KB)             :    12        2048      3072 
	   GPUs                  :                           0 
	   machine_token         :                           0 
	   Memory (MB)           :   452        6000      6016 
	   TimeExecute (s)       :   766                       
	   TimeSlotBusy (s)      :   766                       

	Job terminated of its own accord at 2026-06-02T22:25:34Z with exit-code 0.
...
