000 (19533515.000.000) 2026-06-02 15:50:34 Job submitted from host: <10.128.10.103:9618?addrs=10.128.10.103-9618&alias=npx-submitter.icecube.wisc.edu&noUDP&sock=schedd_2449_6386>
    DAG Node: Drootprod_20170319_81387
...
001 (19533515.000.000) 2026-06-02 16:15:34 Job executing on host: <10.128.11.36:45179?addrs=10.128.11.36-45179&alias=n-smbc-17.icecube.wisc.edu>
	SlotName: slot1_16@n-smbc-17.icecube.wisc.edu
	admin_mutex_1 = 0
	admin_mutex_2 = 0
	admin_mutex_3 = 0
	CondorScratchDir = "/scratch/condor/dir_18584"
	Cpus = 1
	Disk = 3072
	GPUs = 0
	machine_token = 0
	Memory = 6016
...
006 (19533515.000.000) 2026-06-02 16:15:47 Image size of job updated: 121992
	120  -  MemoryUsage of job (MB)
	121992  -  ResidentSetSize of job (KB)
...
006 (19533515.000.000) 2026-06-02 16:20:47 Image size of job updated: 165204
	162  -  MemoryUsage of job (MB)
	165204  -  ResidentSetSize of job (KB)
...
006 (19533515.000.000) 2026-06-02 16:25:48 Image size of job updated: 316772
	310  -  MemoryUsage of job (MB)
	316772  -  ResidentSetSize of job (KB)
...
006 (19533515.000.000) 2026-06-02 16:28:06 Image size of job updated: 476792
	310  -  MemoryUsage of job (MB)
	316772  -  ResidentSetSize of job (KB)
...
005 (19533515.000.000) 2026-06-02 16:28:06 Job terminated.
	(1) Normal termination (return value 0)
		Usr 0 00:11:34, Sys 0 00:00:07  -  Run Remote Usage
		Usr 0 00:00:00, Sys 0 00:00:00  -  Run Local Usage
		Usr 0 00:11:34, Sys 0 00:00:07  -  Total Remote Usage
		Usr 0 00:00:00, Sys 0 00:00:00  -  Total Local Usage
	0  -  Run Bytes Sent By Job
	0  -  Run Bytes Received By Job
	0  -  Total Bytes Sent By Job
	0  -  Total Bytes Received By Job
	Partitionable Resources :    Usage  Request Allocated 
	   admin_mutex_1         :                           0 
	   admin_mutex_2         :                           0 
	   admin_mutex_3         :                           0 
	   Cpus                  :     0.96        1         1 
	   Disk (KB)             :    10        2048      3072 
	   GPUs                  :                           0 
	   machine_token         :                           0 
	   Memory (MB)           :   310        6000      6016 
	   TimeExecute (s)       :   752                       
	   TimeSlotBusy (s)      :   752                       

	Job terminated of its own accord at 2026-06-02T21:28:06Z with exit-code 0.
...
