000 (19535859.000.000) 2026-06-02 15:55:14 Job submitted from host: <10.128.10.103:9618?addrs=10.128.10.103-9618&alias=npx-submitter.icecube.wisc.edu&noUDP&sock=schedd_2449_6386>
    DAG Node: Drootprod_20170817_65500
...
001 (19535859.000.000) 2026-06-02 17:00:49 Job executing on host: <10.128.11.39:40283?addrs=10.128.11.39-40283&alias=n-smbc-20.icecube.wisc.edu>
	SlotName: slot1_19@n-smbc-20.icecube.wisc.edu
	admin_mutex_1 = 0
	admin_mutex_2 = 0
	admin_mutex_3 = 0
	CondorScratchDir = "/scratch/condor/dir_3214425"
	Cpus = 1
	Disk = 3072
	GPUs = 0
	machine_token = 0
	Memory = 6016
...
006 (19535859.000.000) 2026-06-02 17:01:04 Image size of job updated: 104092
	102  -  MemoryUsage of job (MB)
	104092  -  ResidentSetSize of job (KB)
...
006 (19535859.000.000) 2026-06-02 17:06:04 Image size of job updated: 149504
	146  -  MemoryUsage of job (MB)
	149504  -  ResidentSetSize of job (KB)
...
006 (19535859.000.000) 2026-06-02 17:11:04 Image size of job updated: 173752
	170  -  MemoryUsage of job (MB)
	173752  -  ResidentSetSize of job (KB)
...
006 (19535859.000.000) 2026-06-02 17:16:05 Image size of job updated: 309808
	303  -  MemoryUsage of job (MB)
	309808  -  ResidentSetSize of job (KB)
...
006 (19535859.000.000) 2026-06-02 17:21:05 Image size of job updated: 468760
	458  -  MemoryUsage of job (MB)
	468760  -  ResidentSetSize of job (KB)
...
006 (19535859.000.000) 2026-06-02 17:21:23 Image size of job updated: 479068
	458  -  MemoryUsage of job (MB)
	468760  -  ResidentSetSize of job (KB)
...
005 (19535859.000.000) 2026-06-02 17:21:23 Job terminated.
	(1) Normal termination (return value 0)
		Usr 0 00:19:34, Sys 0 00:00:12  -  Run Remote Usage
		Usr 0 00:00:00, Sys 0 00:00:00  -  Run Local Usage
		Usr 0 00:19:34, Sys 0 00:00:12  -  Total Remote Usage
		Usr 0 00:00:00, Sys 0 00:00:00  -  Total Local Usage
	0  -  Run Bytes Sent By Job
	0  -  Run Bytes Received By Job
	0  -  Total Bytes Sent By Job
	0  -  Total Bytes Received By Job
	Partitionable Resources :    Usage  Request Allocated 
	   admin_mutex_1         :                           0 
	   admin_mutex_2         :                           0 
	   admin_mutex_3         :                           0 
	   Cpus                  :     0.98        1         1 
	   Disk (KB)             :    10        2048      3072 
	   GPUs                  :                           0 
	   machine_token         :                           0 
	   Memory (MB)           :   458        6000      6016 
	   TimeExecute (s)       :  1234                       
	   TimeSlotBusy (s)      :  1234                       

	Job terminated of its own accord at 2026-06-02T22:21:23Z with exit-code 0.
...
