000 (19534449.000.000) 2026-06-02 15:52:26 Job submitted from host: <10.128.10.103:9618?addrs=10.128.10.103-9618&alias=npx-submitter.icecube.wisc.edu&noUDP&sock=schedd_2449_6386>
    DAG Node: Drootprod_20170519_53354
...
001 (19534449.000.000) 2026-06-02 16:34:32 Job executing on host: <10.128.10.117:43719?addrs=10.128.10.117-43719&alias=n-gibyte-02.icecube.wisc.edu>
	SlotName: slot1_145@n-gibyte-02.icecube.wisc.edu
	admin_mutex_1 = 0
	admin_mutex_2 = 0
	admin_mutex_3 = 0
	CondorScratchDir = "/scratch/condor/dir_3472151"
	Cpus = 1
	Disk = 5480
	GPUs = 0
	machine_token = 0
	Memory = 6016
...
006 (19534449.000.000) 2026-06-02 16:34:46 Image size of job updated: 118612
	116  -  MemoryUsage of job (MB)
	118612  -  ResidentSetSize of job (KB)
...
006 (19534449.000.000) 2026-06-02 16:39:47 Image size of job updated: 141740
	139  -  MemoryUsage of job (MB)
	141740  -  ResidentSetSize of job (KB)
...
006 (19534449.000.000) 2026-06-02 16:44:48 Image size of job updated: 165580
	162  -  MemoryUsage of job (MB)
	165580  -  ResidentSetSize of job (KB)
...
006 (19534449.000.000) 2026-06-02 16:49:48 Image size of job updated: 297616
	291  -  MemoryUsage of job (MB)
	297616  -  ResidentSetSize of job (KB)
...
006 (19534449.000.000) 2026-06-02 16:54:49 Image size of job updated: 453288
	443  -  MemoryUsage of job (MB)
	453288  -  ResidentSetSize of job (KB)
...
006 (19534449.000.000) 2026-06-02 16:59:49 Image size of job updated: 473604
	463  -  MemoryUsage of job (MB)
	473604  -  ResidentSetSize of job (KB)
...
006 (19534449.000.000) 2026-06-02 17:00:37 Image size of job updated: 489020
	463  -  MemoryUsage of job (MB)
	473604  -  ResidentSetSize of job (KB)
...
005 (19534449.000.000) 2026-06-02 17:00:37 Job terminated.
	(1) Normal termination (return value 0)
		Usr 0 00:24:55, Sys 0 00:00:16  -  Run Remote Usage
		Usr 0 00:00:00, Sys 0 00:00:00  -  Run Local Usage
		Usr 0 00:24:55, Sys 0 00:00:16  -  Total Remote Usage
		Usr 0 00:00:00, Sys 0 00:00:00  -  Total Local Usage
	0  -  Run Bytes Sent By Job
	0  -  Run Bytes Received By Job
	0  -  Total Bytes Sent By Job
	0  -  Total Bytes Received By Job
	Partitionable Resources :    Usage  Request Allocated 
	   admin_mutex_1         :                           0 
	   admin_mutex_2         :                           0 
	   admin_mutex_3         :                           0 
	   Cpus                  :     0.99        1         1 
	   Disk (KB)             :    10        2048      5480 
	   GPUs                  :                           0 
	   machine_token         :                           0 
	   Memory (MB)           :   463        6000      6016 
	   TimeExecute (s)       :  1565                       
	   TimeSlotBusy (s)      :  1566                       

	Job terminated of its own accord at 2026-06-02T22:00:37Z with exit-code 0.
...
