000 (19532924.000.000) 2026-06-02 15:49:10 Job submitted from host: <10.128.10.103:9618?addrs=10.128.10.103-9618&alias=npx-submitter.icecube.wisc.edu&noUDP&sock=schedd_2449_6386>
    DAG Node: Drootprod_20170204_75738
...
001 (19532924.000.000) 2026-06-02 15:58:02 Job executing on host: <10.128.10.238:43797?addrs=10.128.10.238-43797&alias=n-gpu-42.icecube.wisc.edu>
	SlotName: slot1_9@n-gpu-42.icecube.wisc.edu
	admin_mutex_1 = 0
	admin_mutex_2 = 0
	admin_mutex_3 = 0
	AvailableGPUs = {  }
	CondorScratchDir = "/scratch/condor/dir_1916585"
	Cpus = 1
	Disk = 3072
	GPUs = 0
	machine_token = 0
	Memory = 6016
...
006 (19532924.000.000) 2026-06-02 15:58:15 Image size of job updated: 120512
	118  -  MemoryUsage of job (MB)
	120512  -  ResidentSetSize of job (KB)
...
006 (19532924.000.000) 2026-06-02 16:03:15 Image size of job updated: 159416
	156  -  MemoryUsage of job (MB)
	159416  -  ResidentSetSize of job (KB)
...
006 (19532924.000.000) 2026-06-02 16:08:16 Image size of job updated: 302104
	296  -  MemoryUsage of job (MB)
	302104  -  ResidentSetSize of job (KB)
...
006 (19532924.000.000) 2026-06-02 16:12:37 Image size of job updated: 463788
	296  -  MemoryUsage of job (MB)
	302104  -  ResidentSetSize of job (KB)
...
005 (19532924.000.000) 2026-06-02 16:12:37 Job terminated.
	(1) Normal termination (return value 0)
		Usr 0 00:13:10, Sys 0 00:00:13  -  Run Remote Usage
		Usr 0 00:00:00, Sys 0 00:00:00  -  Run Local Usage
		Usr 0 00:13:10, Sys 0 00:00:13  -  Total Remote Usage
		Usr 0 00:00:00, Sys 0 00:00:00  -  Total Local Usage
	0  -  Run Bytes Sent By Job
	0  -  Run Bytes Received By Job
	0  -  Total Bytes Sent By Job
	0  -  Total Bytes Received By Job
	Partitionable Resources :    Usage  Request Allocated 
	   admin_mutex_1         :                           0 
	   admin_mutex_2         :                           0 
	   admin_mutex_3         :                           0 
	   Cpus                  :     0.98        1         1 
	   Disk (KB)             :    12        2048      3072 
	   GPUs                  :                           0 
	   machine_token         :                           0 
	   Memory (MB)           :   296        6000      6016 
	   TimeExecute (s)       :   875                       
	   TimeSlotBusy (s)      :   876                       

	Job terminated of its own accord at 2026-06-02T21:12:37Z with exit-code 0.
...
