000 (19537021.000.000) 2026-06-02 15:57:46 Job submitted from host: <10.128.10.103:9618?addrs=10.128.10.103-9618&alias=npx-submitter.icecube.wisc.edu&noUDP&sock=schedd_2449_6386>
    DAG Node: Drootprod_20171105_21023
...
001 (19537021.000.000) 2026-06-02 17:30:50 Job executing on host: <10.128.10.115:33587?addrs=10.128.10.115-33587&alias=n-gibyte-00.icecube.wisc.edu>
	SlotName: slot1_192@n-gibyte-00.icecube.wisc.edu
	admin_mutex_1 = 0
	admin_mutex_2 = 0
	admin_mutex_3 = 0
	CondorScratchDir = "/scratch/condor/dir_2411013"
	Cpus = 1
	Disk = 5480
	GPUs = 0
	machine_token = 0
	Memory = 6016
...
006 (19537021.000.000) 2026-06-02 17:31:03 Image size of job updated: 118892
	117  -  MemoryUsage of job (MB)
	118892  -  ResidentSetSize of job (KB)
...
006 (19537021.000.000) 2026-06-02 17:36:03 Image size of job updated: 149608
	147  -  MemoryUsage of job (MB)
	149608  -  ResidentSetSize of job (KB)
...
006 (19537021.000.000) 2026-06-02 17:41:04 Image size of job updated: 172140
	169  -  MemoryUsage of job (MB)
	172140  -  ResidentSetSize of job (KB)
...
006 (19537021.000.000) 2026-06-02 17:46:04 Image size of job updated: 306072
	299  -  MemoryUsage of job (MB)
	306072  -  ResidentSetSize of job (KB)
...
006 (19537021.000.000) 2026-06-02 17:51:05 Image size of job updated: 456252
	446  -  MemoryUsage of job (MB)
	456252  -  ResidentSetSize of job (KB)
...
006 (19537021.000.000) 2026-06-02 17:53:39 Image size of job updated: 472992
	446  -  MemoryUsage of job (MB)
	456252  -  ResidentSetSize of job (KB)
...
005 (19537021.000.000) 2026-06-02 17:53:39 Job terminated.
	(1) Normal termination (return value 0)
		Usr 0 00:21:42, Sys 0 00:00:15  -  Run Remote Usage
		Usr 0 00:00:00, Sys 0 00:00:00  -  Run Local Usage
		Usr 0 00:21:42, Sys 0 00:00:15  -  Total Remote Usage
		Usr 0 00:00:00, Sys 0 00:00:00  -  Total Local Usage
	0  -  Run Bytes Sent By Job
	0  -  Run Bytes Received By Job
	0  -  Total Bytes Sent By Job
	0  -  Total Bytes Received By Job
	Partitionable Resources :    Usage  Request Allocated 
	   admin_mutex_1         :                           0 
	   admin_mutex_2         :                           0 
	   admin_mutex_3         :                           0 
	   Cpus                  :     0.99        1         1 
	   Disk (KB)             :    12        2048      5480 
	   GPUs                  :                           0 
	   machine_token         :                           0 
	   Memory (MB)           :   446        6000      6016 
	   TimeExecute (s)       :  1369                       
	   TimeSlotBusy (s)      :  1370                       

	Job terminated of its own accord at 2026-06-02T22:53:39Z with exit-code 0.
...
