000 (19534232.000.000) 2026-06-02 15:52:03 Job submitted from host: <10.128.10.103:9618?addrs=10.128.10.103-9618&alias=npx-submitter.icecube.wisc.edu&noUDP&sock=schedd_2449_6386>
    DAG Node: Drootprod_20170506_21920
...
001 (19534232.000.000) 2026-06-02 16:30:24 Job executing on host: <10.128.10.190:46289?addrs=10.128.10.190-46289&alias=n-smepyc-03.icecube.wisc.edu>
	SlotName: slot1_49@n-smepyc-03.icecube.wisc.edu
	admin_mutex_1 = 0
	admin_mutex_2 = 0
	admin_mutex_3 = 0
	CondorScratchDir = "/scratch/condor/dir_3620855"
	Cpus = 1
	Disk = 3072
	GPUs = 0
	machine_token = 0
	Memory = 6016
...
006 (19534232.000.000) 2026-06-02 16:30:38 Image size of job updated: 123108
	121  -  MemoryUsage of job (MB)
	123108  -  ResidentSetSize of job (KB)
...
006 (19534232.000.000) 2026-06-02 16:35:38 Image size of job updated: 178052
	174  -  MemoryUsage of job (MB)
	178052  -  ResidentSetSize of job (KB)
...
006 (19534232.000.000) 2026-06-02 16:40:38 Image size of job updated: 663140
	648  -  MemoryUsage of job (MB)
	663140  -  ResidentSetSize of job (KB)
...
005 (19534232.000.000) 2026-06-02 16:40:40 Job terminated.
	(1) Normal termination (return value 0)
		Usr 0 00:09:24, Sys 0 00:00:10  -  Run Remote Usage
		Usr 0 00:00:00, Sys 0 00:00:00  -  Run Local Usage
		Usr 0 00:09:24, Sys 0 00:00:10  -  Total Remote Usage
		Usr 0 00:00:00, Sys 0 00:00:00  -  Total Local Usage
	0  -  Run Bytes Sent By Job
	0  -  Run Bytes Received By Job
	0  -  Total Bytes Sent By Job
	0  -  Total Bytes Received By Job
	Partitionable Resources :    Usage  Request Allocated 
	   admin_mutex_1         :                           0 
	   admin_mutex_2         :                           0 
	   admin_mutex_3         :                           0 
	   Cpus                  :     0.90        1         1 
	   Disk (KB)             :    10        2048      3072 
	   GPUs                  :                           0 
	   machine_token         :                           0 
	   Memory (MB)           :   648        6000      6016 
	   TimeExecute (s)       :   616                       
	   TimeSlotBusy (s)      :   616                       

	Job terminated of its own accord at 2026-06-02T21:40:40Z with exit-code 0.
...
