000 (19536211.000.000) 2026-06-02 15:55:59 Job submitted from host: <10.128.10.103:9618?addrs=10.128.10.103-9618&alias=npx-submitter.icecube.wisc.edu&noUDP&sock=schedd_2449_6386>
    DAG Node: Drootprod_20170910_60032
...
001 (19536211.000.000) 2026-06-02 17:16:10 Job executing on host: <10.128.11.104:41225?addrs=10.128.11.104-41225&alias=n-r720-45.icecube.wisc.edu>
	SlotName: slot1_8@n-r720-45.icecube.wisc.edu
	admin_mutex_1 = 0
	admin_mutex_2 = 0
	admin_mutex_3 = 0
	CondorScratchDir = "/scratch/condor/dir_1237043"
	Cpus = 1
	Disk = 3717
	GPUs = 0
	machine_token = 0
	Memory = 6016
...
006 (19536211.000.000) 2026-06-02 17:16:24 Image size of job updated: 119520
	117  -  MemoryUsage of job (MB)
	119520  -  ResidentSetSize of job (KB)
...
006 (19536211.000.000) 2026-06-02 17:21:24 Image size of job updated: 152436
	149  -  MemoryUsage of job (MB)
	152436  -  ResidentSetSize of job (KB)
...
006 (19536211.000.000) 2026-06-02 17:26:24 Image size of job updated: 177552
	174  -  MemoryUsage of job (MB)
	177552  -  ResidentSetSize of job (KB)
...
006 (19536211.000.000) 2026-06-02 17:31:25 Image size of job updated: 311624
	305  -  MemoryUsage of job (MB)
	311624  -  ResidentSetSize of job (KB)
...
006 (19536211.000.000) 2026-06-02 17:36:26 Image size of job updated: 467056
	457  -  MemoryUsage of job (MB)
	467056  -  ResidentSetSize of job (KB)
...
006 (19536211.000.000) 2026-06-02 17:39:22 Image size of job updated: 652468
	457  -  MemoryUsage of job (MB)
	467056  -  ResidentSetSize of job (KB)
...
005 (19536211.000.000) 2026-06-02 17:39:22 Job terminated.
	(1) Normal termination (return value 0)
		Usr 0 00:21:56, Sys 0 00:00:21  -  Run Remote Usage
		Usr 0 00:00:00, Sys 0 00:00:00  -  Run Local Usage
		Usr 0 00:21:56, Sys 0 00:00:21  -  Total Remote Usage
		Usr 0 00:00:00, Sys 0 00:00:00  -  Total Local Usage
	0  -  Run Bytes Sent By Job
	0  -  Run Bytes Received By Job
	0  -  Total Bytes Sent By Job
	0  -  Total Bytes Received By Job
	Partitionable Resources :    Usage  Request Allocated 
	   admin_mutex_1         :                           0 
	   admin_mutex_2         :                           0 
	   admin_mutex_3         :                           0 
	   Cpus                  :     0.98        1         1 
	   Disk (KB)             :    10        2048      3717 
	   GPUs                  :                           0 
	   machine_token         :                           0 
	   Memory (MB)           :   457        6000      6016 
	   TimeExecute (s)       :  1392                       
	   TimeSlotBusy (s)      :  1392                       

	Job terminated of its own accord at 2026-06-02T22:39:22Z with exit-code 0.
...
