000 (19534424.000.000) 2026-06-02 15:52:24 Job submitted from host: <10.128.10.103:9618?addrs=10.128.10.103-9618&alias=npx-submitter.icecube.wisc.edu&noUDP&sock=schedd_2449_6386>
    DAG Node: Drootprod_20170517_86040
...
001 (19534424.000.000) 2026-06-02 16:34:08 Job executing on host: <10.128.10.192:35633?addrs=10.128.10.192-35633&alias=n-smepyc-05.icecube.wisc.edu>
	SlotName: slot1_9@n-smepyc-05.icecube.wisc.edu
	admin_mutex_1 = 0
	admin_mutex_2 = 0
	admin_mutex_3 = 0
	CondorScratchDir = "/scratch/condor/dir_194018"
	Cpus = 1
	Disk = 3072
	GPUs = 0
	machine_token = 0
	Memory = 6016
...
006 (19534424.000.000) 2026-06-02 16:34:22 Image size of job updated: 124304
	122  -  MemoryUsage of job (MB)
	124304  -  ResidentSetSize of job (KB)
...
006 (19534424.000.000) 2026-06-02 16:39:23 Image size of job updated: 178372
	175  -  MemoryUsage of job (MB)
	178372  -  ResidentSetSize of job (KB)
...
006 (19534424.000.000) 2026-06-02 16:43:21 Image size of job updated: 464244
	175  -  MemoryUsage of job (MB)
	178372  -  ResidentSetSize of job (KB)
...
005 (19534424.000.000) 2026-06-02 16:43:21 Job terminated.
	(1) Normal termination (return value 0)
		Usr 0 00:08:36, Sys 0 00:00:09  -  Run Remote Usage
		Usr 0 00:00:00, Sys 0 00:00:00  -  Run Local Usage
		Usr 0 00:08:36, Sys 0 00:00:09  -  Total Remote Usage
		Usr 0 00:00:00, Sys 0 00:00:00  -  Total Local Usage
	0  -  Run Bytes Sent By Job
	0  -  Run Bytes Received By Job
	0  -  Total Bytes Sent By Job
	0  -  Total Bytes Received By Job
	Partitionable Resources :    Usage  Request Allocated 
	   admin_mutex_1         :                           0 
	   admin_mutex_2         :                           0 
	   admin_mutex_3         :                           0 
	   Cpus                  :     0.87        1         1 
	   Disk (KB)             :    10        2048      3072 
	   GPUs                  :                           0 
	   machine_token         :                           0 
	   Memory (MB)           :   175        6000      6016 
	   TimeExecute (s)       :   553                       
	   TimeSlotBusy (s)      :   553                       

	Job terminated of its own accord at 2026-06-02T21:43:21Z with exit-code 0.
...
