000 (19537372.000.000) 2026-06-02 15:58:40 Job submitted from host: <10.128.10.103:9618?addrs=10.128.10.103-9618&alias=npx-submitter.icecube.wisc.edu&noUDP&sock=schedd_2449_6386>
    DAG Node: Drootprod_20171204_4047
...
001 (19537372.000.000) 2026-06-02 17:36:41 Job executing on host: <10.128.10.191:42321?addrs=10.128.10.191-42321&alias=n-smepyc-04.icecube.wisc.edu>
	SlotName: slot1_30@n-smepyc-04.icecube.wisc.edu
	admin_mutex_1 = 0
	admin_mutex_2 = 0
	admin_mutex_3 = 0
	CondorScratchDir = "/scratch/condor/dir_404573"
	Cpus = 1
	Disk = 3072
	GPUs = 0
	machine_token = 0
	Memory = 6016
...
006 (19537372.000.000) 2026-06-02 17:36:55 Image size of job updated: 122160
	120  -  MemoryUsage of job (MB)
	122160  -  ResidentSetSize of job (KB)
...
006 (19537372.000.000) 2026-06-02 17:41:56 Image size of job updated: 159364
	156  -  MemoryUsage of job (MB)
	159364  -  ResidentSetSize of job (KB)
...
006 (19537372.000.000) 2026-06-02 17:46:56 Image size of job updated: 317040
	310  -  MemoryUsage of job (MB)
	317040  -  ResidentSetSize of job (KB)
...
006 (19537372.000.000) 2026-06-02 17:48:31 Image size of job updated: 467296
	310  -  MemoryUsage of job (MB)
	317040  -  ResidentSetSize of job (KB)
...
005 (19537372.000.000) 2026-06-02 17:48:31 Job terminated.
	(1) Normal termination (return value 0)
		Usr 0 00:11:15, Sys 0 00:00:09  -  Run Remote Usage
		Usr 0 00:00:00, Sys 0 00:00:00  -  Run Local Usage
		Usr 0 00:11:15, Sys 0 00:00:09  -  Total Remote Usage
		Usr 0 00:00:00, Sys 0 00:00:00  -  Total Local Usage
	0  -  Run Bytes Sent By Job
	0  -  Run Bytes Received By Job
	0  -  Total Bytes Sent By Job
	0  -  Total Bytes Received By Job
	Partitionable Resources :    Usage  Request Allocated 
	   admin_mutex_1         :                           0 
	   admin_mutex_2         :                           0 
	   admin_mutex_3         :                           0 
	   Cpus                  :     0.94        1         1 
	   Disk (KB)             :    15        2048      3072 
	   GPUs                  :                           0 
	   machine_token         :                           0 
	   Memory (MB)           :   310        6000      6016 
	   TimeExecute (s)       :   710                       
	   TimeSlotBusy (s)      :   710                       

	Job terminated of its own accord at 2026-06-02T22:48:31Z with exit-code 0.
...
