000 (19537628.000.000) 2026-06-02 15:59:26 Job submitted from host: <10.128.10.103:9618?addrs=10.128.10.103-9618&alias=npx-submitter.icecube.wisc.edu&noUDP&sock=schedd_2449_6386>
    DAG Node: Drootprod_20171229_31687
...
001 (19537628.000.000) 2026-06-02 17:40:24 Job executing on host: <10.128.10.115:33587?addrs=10.128.10.115-33587&alias=n-gibyte-00.icecube.wisc.edu>
	SlotName: slot1_380@n-gibyte-00.icecube.wisc.edu
	admin_mutex_1 = 0
	admin_mutex_2 = 0
	admin_mutex_3 = 0
	CondorScratchDir = "/scratch/condor/dir_2451773"
	Cpus = 1
	Disk = 5480
	GPUs = 0
	machine_token = 0
	Memory = 6016
...
006 (19537628.000.000) 2026-06-02 17:40:38 Image size of job updated: 118956
	117  -  MemoryUsage of job (MB)
	118956  -  ResidentSetSize of job (KB)
...
006 (19537628.000.000) 2026-06-02 17:45:39 Image size of job updated: 143184
	140  -  MemoryUsage of job (MB)
	143184  -  ResidentSetSize of job (KB)
...
006 (19537628.000.000) 2026-06-02 17:50:39 Image size of job updated: 157068
	154  -  MemoryUsage of job (MB)
	157068  -  ResidentSetSize of job (KB)
...
006 (19537628.000.000) 2026-06-02 17:55:39 Image size of job updated: 171200
	168  -  MemoryUsage of job (MB)
	171200  -  ResidentSetSize of job (KB)
...
006 (19537628.000.000) 2026-06-02 18:00:40 Image size of job updated: 296276
	290  -  MemoryUsage of job (MB)
	296276  -  ResidentSetSize of job (KB)
...
006 (19537628.000.000) 2026-06-02 18:04:15 Image size of job updated: 306860
	290  -  MemoryUsage of job (MB)
	296276  -  ResidentSetSize of job (KB)
...
005 (19537628.000.000) 2026-06-02 18:04:15 Job terminated.
	(1) Normal termination (return value 0)
		Usr 0 00:22:51, Sys 0 00:00:13  -  Run Remote Usage
		Usr 0 00:00:00, Sys 0 00:00:00  -  Run Local Usage
		Usr 0 00:22:51, Sys 0 00:00:13  -  Total Remote Usage
		Usr 0 00:00:00, Sys 0 00:00:00  -  Total Local Usage
	0  -  Run Bytes Sent By Job
	0  -  Run Bytes Received By Job
	0  -  Total Bytes Sent By Job
	0  -  Total Bytes Received By Job
	Partitionable Resources :    Usage  Request Allocated 
	   admin_mutex_1         :                           0 
	   admin_mutex_2         :                           0 
	   admin_mutex_3         :                           0 
	   Cpus                  :     0.98        1         1 
	   Disk (KB)             :    12        2048      5480 
	   GPUs                  :                           0 
	   machine_token         :                           0 
	   Memory (MB)           :   290        6000      6016 
	   TimeExecute (s)       :  1431                       
	   TimeSlotBusy (s)      :  1431                       

	Job terminated of its own accord at 2026-06-02T23:04:15Z with exit-code 0.
...
