000 (19533138.000.000) 2026-06-02 15:49:43 Job submitted from host: <10.128.10.103:9618?addrs=10.128.10.103-9618&alias=npx-submitter.icecube.wisc.edu&noUDP&sock=schedd_2449_6386>
    DAG Node: Drootprod_20170222_17480
...
001 (19533138.000.000) 2026-06-02 16:05:40 Job executing on host: <10.128.10.117:43719?addrs=10.128.10.117-43719&alias=n-gibyte-02.icecube.wisc.edu>
	SlotName: slot1_219@n-gibyte-02.icecube.wisc.edu
	admin_mutex_1 = 0
	admin_mutex_2 = 0
	admin_mutex_3 = 0
	CondorScratchDir = "/scratch/condor/dir_3360388"
	Cpus = 1
	Disk = 5480
	GPUs = 0
	machine_token = 0
	Memory = 6016
...
006 (19533138.000.000) 2026-06-02 16:05:54 Image size of job updated: 119756
	117  -  MemoryUsage of job (MB)
	119756  -  ResidentSetSize of job (KB)
...
006 (19533138.000.000) 2026-06-02 16:10:55 Image size of job updated: 145132
	142  -  MemoryUsage of job (MB)
	145132  -  ResidentSetSize of job (KB)
...
006 (19533138.000.000) 2026-06-02 16:15:55 Image size of job updated: 165548
	162  -  MemoryUsage of job (MB)
	165548  -  ResidentSetSize of job (KB)
...
006 (19533138.000.000) 2026-06-02 16:20:56 Image size of job updated: 296940
	290  -  MemoryUsage of job (MB)
	296940  -  ResidentSetSize of job (KB)
...
006 (19533138.000.000) 2026-06-02 16:25:56 Image size of job updated: 316508
	310  -  MemoryUsage of job (MB)
	316508  -  ResidentSetSize of job (KB)
...
006 (19533138.000.000) 2026-06-02 16:28:40 Image size of job updated: 461536
	310  -  MemoryUsage of job (MB)
	316508  -  ResidentSetSize of job (KB)
...
005 (19533138.000.000) 2026-06-02 16:28:42 Job terminated.
	(1) Normal termination (return value 0)
		Usr 0 00:21:37, Sys 0 00:00:15  -  Run Remote Usage
		Usr 0 00:00:00, Sys 0 00:00:00  -  Run Local Usage
		Usr 0 00:21:37, Sys 0 00:00:15  -  Total Remote Usage
		Usr 0 00:00:00, Sys 0 00:00:00  -  Total Local Usage
	0  -  Run Bytes Sent By Job
	0  -  Run Bytes Received By Job
	0  -  Total Bytes Sent By Job
	0  -  Total Bytes Received By Job
	Partitionable Resources :    Usage  Request Allocated 
	   admin_mutex_1         :                           0 
	   admin_mutex_2         :                           0 
	   admin_mutex_3         :                           0 
	   Cpus                  :     0.99        1         1 
	   Disk (KB)             :    12        2048      5480 
	   GPUs                  :                           0 
	   machine_token         :                           0 
	   Memory (MB)           :   310        6000      6016 
	   TimeExecute (s)       :  1380                       
	   TimeSlotBusy (s)      :  1382                       

	Job terminated of its own accord at 2026-06-02T21:28:40Z with exit-code 0.
...
