000 (19535233.000.000) 2026-06-02 15:53:53 Job submitted from host: <10.128.10.103:9618?addrs=10.128.10.103-9618&alias=npx-submitter.icecube.wisc.edu&noUDP&sock=schedd_2449_6386>
    DAG Node: Drootprod_20170703_27076
...
001 (19535233.000.000) 2026-06-02 16:48:39 Job executing on host: <10.128.10.192:35633?addrs=10.128.10.192-35633&alias=n-smepyc-05.icecube.wisc.edu>
	SlotName: slot1_49@n-smepyc-05.icecube.wisc.edu
	admin_mutex_1 = 0
	admin_mutex_2 = 0
	admin_mutex_3 = 0
	CondorScratchDir = "/scratch/condor/dir_247871"
	Cpus = 1
	Disk = 3072
	GPUs = 0
	machine_token = 0
	Memory = 6016
...
006 (19535233.000.000) 2026-06-02 16:48:53 Image size of job updated: 121876
	120  -  MemoryUsage of job (MB)
	121876  -  ResidentSetSize of job (KB)
...
006 (19535233.000.000) 2026-06-02 16:53:54 Image size of job updated: 162628
	159  -  MemoryUsage of job (MB)
	162628  -  ResidentSetSize of job (KB)
...
006 (19535233.000.000) 2026-06-02 16:58:55 Image size of job updated: 316172
	309  -  MemoryUsage of job (MB)
	316172  -  ResidentSetSize of job (KB)
...
006 (19535233.000.000) 2026-06-02 17:01:41 Image size of job updated: 489824
	309  -  MemoryUsage of job (MB)
	316172  -  ResidentSetSize of job (KB)
...
005 (19535233.000.000) 2026-06-02 17:01:41 Job terminated.
	(1) Normal termination (return value 0)
		Usr 0 00:12:15, Sys 0 00:00:11  -  Run Remote Usage
		Usr 0 00:00:00, Sys 0 00:00:00  -  Run Local Usage
		Usr 0 00:12:15, Sys 0 00:00:11  -  Total Remote Usage
		Usr 0 00:00:00, Sys 0 00:00:00  -  Total Local Usage
	0  -  Run Bytes Sent By Job
	0  -  Run Bytes Received By Job
	0  -  Total Bytes Sent By Job
	0  -  Total Bytes Received By Job
	Partitionable Resources :    Usage  Request Allocated 
	   admin_mutex_1         :                           0 
	   admin_mutex_2         :                           0 
	   admin_mutex_3         :                           0 
	   Cpus                  :     0.96        1         1 
	   Disk (KB)             :    10        2048      3072 
	   GPUs                  :                           0 
	   machine_token         :                           0 
	   Memory (MB)           :   309        6000      6016 
	   TimeExecute (s)       :   782                       
	   TimeSlotBusy (s)      :   782                       

	Job terminated of its own accord at 2026-06-02T22:01:41Z with exit-code 0.
...
