000 (19536257.000.000) 2026-06-02 15:56:06 Job submitted from host: <10.128.10.103:9618?addrs=10.128.10.103-9618&alias=npx-submitter.icecube.wisc.edu&noUDP&sock=schedd_2449_6386>
    DAG Node: Drootprod_20170912_78753
...
001 (19536257.000.000) 2026-06-02 17:17:15 Job executing on host: <10.128.11.30:45417?addrs=10.128.11.30-45417&alias=n-smbc-11.icecube.wisc.edu>
	SlotName: slot1_8@n-smbc-11.icecube.wisc.edu
	admin_mutex_1 = 0
	admin_mutex_2 = 0
	admin_mutex_3 = 0
	CondorScratchDir = "/scratch/condor/dir_180379"
	Cpus = 1
	Disk = 3072
	GPUs = 0
	machine_token = 0
	Memory = 6016
...
006 (19536257.000.000) 2026-06-02 17:17:29 Image size of job updated: 121924
	120  -  MemoryUsage of job (MB)
	121924  -  ResidentSetSize of job (KB)
...
006 (19536257.000.000) 2026-06-02 17:22:30 Image size of job updated: 163244
	160  -  MemoryUsage of job (MB)
	163244  -  ResidentSetSize of job (KB)
...
006 (19536257.000.000) 2026-06-02 17:27:30 Image size of job updated: 313660
	307  -  MemoryUsage of job (MB)
	313660  -  ResidentSetSize of job (KB)
...
006 (19536257.000.000) 2026-06-02 17:31:07 Image size of job updated: 489404
	307  -  MemoryUsage of job (MB)
	313660  -  ResidentSetSize of job (KB)
...
005 (19536257.000.000) 2026-06-02 17:31:07 Job terminated.
	(1) Normal termination (return value 0)
		Usr 0 00:13:20, Sys 0 00:00:08  -  Run Remote Usage
		Usr 0 00:00:00, Sys 0 00:00:00  -  Run Local Usage
		Usr 0 00:13:20, Sys 0 00:00:08  -  Total Remote Usage
		Usr 0 00:00:00, Sys 0 00:00:00  -  Total Local Usage
	0  -  Run Bytes Sent By Job
	0  -  Run Bytes Received By Job
	0  -  Total Bytes Sent By Job
	0  -  Total Bytes Received By Job
	Partitionable Resources :    Usage  Request Allocated 
	   admin_mutex_1         :                           0 
	   admin_mutex_2         :                           0 
	   admin_mutex_3         :                           0 
	   Cpus                  :     0.98        1         1 
	   Disk (KB)             :    10        2048      3072 
	   GPUs                  :                           0 
	   machine_token         :                           0 
	   Memory (MB)           :   307        6000      6016 
	   TimeExecute (s)       :   832                       
	   TimeSlotBusy (s)      :   832                       

	Job terminated of its own accord at 2026-06-02T22:31:07Z with exit-code 0.
...
