000 (19533064.000.000) 2026-06-02 15:49:32 Job submitted from host: <10.128.10.103:9618?addrs=10.128.10.103-9618&alias=npx-submitter.icecube.wisc.edu&noUDP&sock=schedd_2449_6386>
    DAG Node: Drootprod_20170216_64667
...
001 (19533064.000.000) 2026-06-02 16:01:58 Job executing on host: <10.128.10.206:37305?addrs=10.128.10.206-37305&alias=sm-storage-1.icecube.wisc.edu>
	SlotName: slot1_47@sm-storage-1.icecube.wisc.edu
	admin_mutex_1 = 0
	admin_mutex_2 = 0
	admin_mutex_3 = 0
	CondorScratchDir = "/scratch/condor/dir_3704398"
	Cpus = 1
	Disk = 3072
	GPUs = 0
	machine_token = 0
	Memory = 6016
...
006 (19533064.000.000) 2026-06-02 16:02:11 Image size of job updated: 119152
	117  -  MemoryUsage of job (MB)
	119152  -  ResidentSetSize of job (KB)
...
006 (19533064.000.000) 2026-06-02 16:07:11 Image size of job updated: 144132
	141  -  MemoryUsage of job (MB)
	144132  -  ResidentSetSize of job (KB)
...
006 (19533064.000.000) 2026-06-02 16:12:11 Image size of job updated: 164192
	161  -  MemoryUsage of job (MB)
	164192  -  ResidentSetSize of job (KB)
...
006 (19533064.000.000) 2026-06-02 16:17:12 Image size of job updated: 295304
	289  -  MemoryUsage of job (MB)
	295304  -  ResidentSetSize of job (KB)
...
006 (19533064.000.000) 2026-06-02 16:22:12 Image size of job updated: 314888
	308  -  MemoryUsage of job (MB)
	314888  -  ResidentSetSize of job (KB)
...
006 (19533064.000.000) 2026-06-02 16:27:12 Image size of job updated: 469348
	459  -  MemoryUsage of job (MB)
	469348  -  ResidentSetSize of job (KB)
...
006 (19533064.000.000) 2026-06-02 16:27:38 Image size of job updated: 470728
	459  -  MemoryUsage of job (MB)
	469348  -  ResidentSetSize of job (KB)
...
005 (19533064.000.000) 2026-06-02 16:27:38 Job terminated.
	(1) Normal termination (return value 0)
		Usr 0 00:24:24, Sys 0 00:00:10  -  Run Remote Usage
		Usr 0 00:00:00, Sys 0 00:00:00  -  Run Local Usage
		Usr 0 00:24:24, Sys 0 00:00:10  -  Total Remote Usage
		Usr 0 00:00:00, Sys 0 00:00:00  -  Total Local Usage
	0  -  Run Bytes Sent By Job
	0  -  Run Bytes Received By Job
	0  -  Total Bytes Sent By Job
	0  -  Total Bytes Received By Job
	Partitionable Resources :    Usage  Request Allocated 
	   admin_mutex_1         :                           0 
	   admin_mutex_2         :                           0 
	   admin_mutex_3         :                           0 
	   Cpus                  :     0.99        1         1 
	   Disk (KB)             :    12        2048      3072 
	   GPUs                  :                           0 
	   machine_token         :                           0 
	   Memory (MB)           :   459        6000      6016 
	   TimeExecute (s)       :  1540                       
	   TimeSlotBusy (s)      :  1541                       

	Job terminated of its own accord at 2026-06-02T21:27:38Z with exit-code 0.
...
