000 (19537500.000.000) 2026-06-02 15:59:03 Job submitted from host: <10.128.10.103:9618?addrs=10.128.10.103-9618&alias=npx-submitter.icecube.wisc.edu&noUDP&sock=schedd_2449_6386>
    DAG Node: Drootprod_20171216_45394
...
001 (19537500.000.000) 2026-06-02 17:38:37 Job executing on host: <10.128.10.115:33587?addrs=10.128.10.115-33587&alias=n-gibyte-00.icecube.wisc.edu>
	SlotName: slot1_185@n-gibyte-00.icecube.wisc.edu
	admin_mutex_1 = 0
	admin_mutex_2 = 0
	admin_mutex_3 = 0
	CondorScratchDir = "/scratch/condor/dir_2445444"
	Cpus = 1
	Disk = 5480
	GPUs = 0
	machine_token = 0
	Memory = 6016
...
006 (19537500.000.000) 2026-06-02 17:38:51 Image size of job updated: 120016
	118  -  MemoryUsage of job (MB)
	120016  -  ResidentSetSize of job (KB)
...
006 (19537500.000.000) 2026-06-02 17:43:52 Image size of job updated: 145252
	142  -  MemoryUsage of job (MB)
	145252  -  ResidentSetSize of job (KB)
...
006 (19537500.000.000) 2026-06-02 17:48:52 Image size of job updated: 163624
	160  -  MemoryUsage of job (MB)
	163624  -  ResidentSetSize of job (KB)
...
006 (19537500.000.000) 2026-06-02 17:53:53 Image size of job updated: 177456
	174  -  MemoryUsage of job (MB)
	177456  -  ResidentSetSize of job (KB)
...
006 (19537500.000.000) 2026-06-02 17:58:54 Image size of job updated: 295712
	289  -  MemoryUsage of job (MB)
	295712  -  ResidentSetSize of job (KB)
...
006 (19537500.000.000) 2026-06-02 18:01:39 Image size of job updated: 304156
	289  -  MemoryUsage of job (MB)
	295712  -  ResidentSetSize of job (KB)
...
005 (19537500.000.000) 2026-06-02 18:01:39 Job terminated.
	(1) Normal termination (return value 0)
		Usr 0 00:21:56, Sys 0 00:00:13  -  Run Remote Usage
		Usr 0 00:00:00, Sys 0 00:00:00  -  Run Local Usage
		Usr 0 00:21:56, Sys 0 00:00:13  -  Total Remote Usage
		Usr 0 00:00:00, Sys 0 00:00:00  -  Total Local Usage
	0  -  Run Bytes Sent By Job
	0  -  Run Bytes Received By Job
	0  -  Total Bytes Sent By Job
	0  -  Total Bytes Received By Job
	Partitionable Resources :    Usage  Request Allocated 
	   admin_mutex_1         :                           0 
	   admin_mutex_2         :                           0 
	   admin_mutex_3         :                           0 
	   Cpus                  :     0.99        1         1 
	   Disk (KB)             :    15        2048      5480 
	   GPUs                  :                           0 
	   machine_token         :                           0 
	   Memory (MB)           :   289        6000      6016 
	   TimeExecute (s)       :  1382                       
	   TimeSlotBusy (s)      :  1382                       

	Job terminated of its own accord at 2026-06-02T23:01:39Z with exit-code 0.
...
