000 (19533463.000.000) 2026-06-02 15:50:27 Job submitted from host: <10.128.10.103:9618?addrs=10.128.10.103-9618&alias=npx-submitter.icecube.wisc.edu&noUDP&sock=schedd_2449_6386>
    DAG Node: Drootprod_20170317_19032
...
001 (19533463.000.000) 2026-06-02 16:14:21 Job executing on host: <10.128.10.18:40229?addrs=10.128.10.18-40229&alias=n-m610-08.icecube.wisc.edu>
	SlotName: slot1_1@n-m610-08.icecube.wisc.edu
	admin_mutex_1 = 0
	admin_mutex_2 = 0
	admin_mutex_3 = 0
	CondorScratchDir = "/scratch/condor/dir_448724"
	Cpus = 1
	Disk = 3072
	GPUs = 0
	machine_token = 0
	Memory = 6016
...
006 (19533463.000.000) 2026-06-02 16:14:34 Image size of job updated: 121492
	119  -  MemoryUsage of job (MB)
	121492  -  ResidentSetSize of job (KB)
...
006 (19533463.000.000) 2026-06-02 16:19:34 Image size of job updated: 162864
	160  -  MemoryUsage of job (MB)
	162864  -  ResidentSetSize of job (KB)
...
006 (19533463.000.000) 2026-06-02 16:24:35 Image size of job updated: 311160
	304  -  MemoryUsage of job (MB)
	311160  -  ResidentSetSize of job (KB)
...
006 (19533463.000.000) 2026-06-02 16:28:18 Image size of job updated: 486364
	304  -  MemoryUsage of job (MB)
	311160  -  ResidentSetSize of job (KB)
...
005 (19533463.000.000) 2026-06-02 16:28:18 Job terminated.
	(1) Normal termination (return value 0)
		Usr 0 00:12:54, Sys 0 00:00:11  -  Run Remote Usage
		Usr 0 00:00:00, Sys 0 00:00:00  -  Run Local Usage
		Usr 0 00:12:54, Sys 0 00:00:11  -  Total Remote Usage
		Usr 0 00:00:00, Sys 0 00:00:00  -  Total Local Usage
	0  -  Run Bytes Sent By Job
	0  -  Run Bytes Received By Job
	0  -  Total Bytes Sent By Job
	0  -  Total Bytes Received By Job
	Partitionable Resources :    Usage  Request Allocated 
	   admin_mutex_1         :                           0 
	   admin_mutex_2         :                           0 
	   admin_mutex_3         :                           0 
	   Cpus                  :     0.93        1         1 
	   Disk (KB)             :    10        2048      3072 
	   GPUs                  :                           0 
	   machine_token         :                           0 
	   Memory (MB)           :   304        6000      6016 
	   TimeExecute (s)       :   837                       
	   TimeSlotBusy (s)      :   837                       

	Job terminated of its own accord at 2026-06-02T21:28:18Z with exit-code 0.
...
