000 (19535476.000.000) 2026-06-02 15:54:27 Job submitted from host: <10.128.10.103:9618?addrs=10.128.10.103-9618&alias=npx-submitter.icecube.wisc.edu&noUDP&sock=schedd_2449_6386>
    DAG Node: Drootprod_20170721_34639
...
001 (19535476.000.000) 2026-06-02 16:54:04 Job executing on host: <10.128.10.39:39847?addrs=10.128.10.39-39847&alias=n-m610-29.icecube.wisc.edu>
	SlotName: slot1_6@n-m610-29.icecube.wisc.edu
	admin_mutex_1 = 0
	admin_mutex_2 = 0
	admin_mutex_3 = 0
	CondorScratchDir = "/scratch/condor/dir_1452663"
	Cpus = 1
	Disk = 3072
	GPUs = 0
	machine_token = 0
	Memory = 6016
...
006 (19535476.000.000) 2026-06-02 16:54:18 Image size of job updated: 122312
	120  -  MemoryUsage of job (MB)
	122312  -  ResidentSetSize of job (KB)
...
006 (19535476.000.000) 2026-06-02 16:59:19 Image size of job updated: 163860
	161  -  MemoryUsage of job (MB)
	163860  -  ResidentSetSize of job (KB)
...
006 (19535476.000.000) 2026-06-02 17:04:19 Image size of job updated: 311188
	304  -  MemoryUsage of job (MB)
	311188  -  ResidentSetSize of job (KB)
...
006 (19535476.000.000) 2026-06-02 17:06:57 Image size of job updated: 474844
	304  -  MemoryUsage of job (MB)
	311188  -  ResidentSetSize of job (KB)
...
005 (19535476.000.000) 2026-06-02 17:06:57 Job terminated.
	(1) Normal termination (return value 0)
		Usr 0 00:12:05, Sys 0 00:00:11  -  Run Remote Usage
		Usr 0 00:00:00, Sys 0 00:00:00  -  Run Local Usage
		Usr 0 00:12:05, Sys 0 00:00:11  -  Total Remote Usage
		Usr 0 00:00:00, Sys 0 00:00:00  -  Total Local Usage
	0  -  Run Bytes Sent By Job
	0  -  Run Bytes Received By Job
	0  -  Total Bytes Sent By Job
	0  -  Total Bytes Received By Job
	Partitionable Resources :    Usage  Request Allocated 
	   admin_mutex_1         :                           0 
	   admin_mutex_2         :                           0 
	   admin_mutex_3         :                           0 
	   Cpus                  :     0.98        1         1 
	   Disk (KB)             :    10        2048      3072 
	   GPUs                  :                           0 
	   machine_token         :                           0 
	   Memory (MB)           :   304        6000      6016 
	   TimeExecute (s)       :   773                       
	   TimeSlotBusy (s)      :   773                       

	Job terminated of its own accord at 2026-06-02T22:06:57Z with exit-code 0.
...
