000 (19535334.000.000) 2026-06-02 15:54:07 Job submitted from host: <10.128.10.103:9618?addrs=10.128.10.103-9618&alias=npx-submitter.icecube.wisc.edu&noUDP&sock=schedd_2449_6386>
    DAG Node: Drootprod_20170711_65470
...
001 (19535334.000.000) 2026-06-02 16:51:35 Job executing on host: <10.128.10.115:33587?addrs=10.128.10.115-33587&alias=n-gibyte-00.icecube.wisc.edu>
	SlotName: slot1_204@n-gibyte-00.icecube.wisc.edu
	admin_mutex_1 = 0
	admin_mutex_2 = 0
	admin_mutex_3 = 0
	CondorScratchDir = "/scratch/condor/dir_2250601"
	Cpus = 1
	Disk = 5480
	GPUs = 0
	machine_token = 0
	Memory = 6016
...
006 (19535334.000.000) 2026-06-02 16:51:48 Image size of job updated: 119940
	118  -  MemoryUsage of job (MB)
	119940  -  ResidentSetSize of job (KB)
...
006 (19535334.000.000) 2026-06-02 16:56:48 Image size of job updated: 149612
	147  -  MemoryUsage of job (MB)
	149612  -  ResidentSetSize of job (KB)
...
006 (19535334.000.000) 2026-06-02 17:01:49 Image size of job updated: 172716
	169  -  MemoryUsage of job (MB)
	172716  -  ResidentSetSize of job (KB)
...
006 (19535334.000.000) 2026-06-02 17:06:49 Image size of job updated: 308812
	302  -  MemoryUsage of job (MB)
	308812  -  ResidentSetSize of job (KB)
...
006 (19535334.000.000) 2026-06-02 17:11:50 Image size of job updated: 465772
	455  -  MemoryUsage of job (MB)
	465772  -  ResidentSetSize of job (KB)
...
006 (19535334.000.000) 2026-06-02 17:15:28 Image size of job updated: 812496
	455  -  MemoryUsage of job (MB)
	465772  -  ResidentSetSize of job (KB)
...
005 (19535334.000.000) 2026-06-02 17:15:28 Job terminated.
	(1) Normal termination (return value 0)
		Usr 0 00:22:32, Sys 0 00:00:17  -  Run Remote Usage
		Usr 0 00:00:00, Sys 0 00:00:00  -  Run Local Usage
		Usr 0 00:22:32, Sys 0 00:00:17  -  Total Remote Usage
		Usr 0 00:00:00, Sys 0 00:00:00  -  Total Local Usage
	0  -  Run Bytes Sent By Job
	0  -  Run Bytes Received By Job
	0  -  Total Bytes Sent By Job
	0  -  Total Bytes Received By Job
	Partitionable Resources :    Usage  Request Allocated 
	   admin_mutex_1         :                           0 
	   admin_mutex_2         :                           0 
	   admin_mutex_3         :                           0 
	   Cpus                  :     0.98        1         1 
	   Disk (KB)             :    10        2048      5480 
	   GPUs                  :                           0 
	   machine_token         :                           0 
	   Memory (MB)           :   455        6000      6016 
	   TimeExecute (s)       :  1433                       
	   TimeSlotBusy (s)      :  1434                       

	Job terminated of its own accord at 2026-06-02T22:15:28Z with exit-code 0.
...
