000 (19534875.000.000) 2026-06-02 15:53:13 Job submitted from host: <10.128.10.103:9618?addrs=10.128.10.103-9618&alias=npx-submitter.icecube.wisc.edu&noUDP&sock=schedd_2449_6386>
    DAG Node: Drootprod_20170614_43404
...
001 (19534875.000.000) 2026-06-02 16:42:40 Job executing on host: <10.128.10.41:32869?addrs=10.128.10.41-32869&alias=n-m610-31.icecube.wisc.edu>
	SlotName: slot1_1@n-m610-31.icecube.wisc.edu
	admin_mutex_1 = 0
	admin_mutex_2 = 0
	admin_mutex_3 = 0
	CondorScratchDir = "/scratch/condor/dir_1015762"
	Cpus = 1
	Disk = 3072
	GPUs = 0
	machine_token = 0
	Memory = 6016
...
006 (19534875.000.000) 2026-06-02 16:42:54 Image size of job updated: 121648
	119  -  MemoryUsage of job (MB)
	121648  -  ResidentSetSize of job (KB)
...
006 (19534875.000.000) 2026-06-02 16:47:54 Image size of job updated: 163296
	160  -  MemoryUsage of job (MB)
	163296  -  ResidentSetSize of job (KB)
...
006 (19534875.000.000) 2026-06-02 16:52:54 Image size of job updated: 313740
	307  -  MemoryUsage of job (MB)
	313740  -  ResidentSetSize of job (KB)
...
006 (19534875.000.000) 2026-06-02 16:56:06 Image size of job updated: 472356
	307  -  MemoryUsage of job (MB)
	313740  -  ResidentSetSize of job (KB)
...
005 (19534875.000.000) 2026-06-02 16:56:06 Job terminated.
	(1) Normal termination (return value 0)
		Usr 0 00:12:43, Sys 0 00:00:11  -  Run Remote Usage
		Usr 0 00:00:00, Sys 0 00:00:00  -  Run Local Usage
		Usr 0 00:12:43, Sys 0 00:00:11  -  Total Remote Usage
		Usr 0 00:00:00, Sys 0 00:00:00  -  Total Local Usage
	0  -  Run Bytes Sent By Job
	0  -  Run Bytes Received By Job
	0  -  Total Bytes Sent By Job
	0  -  Total Bytes Received By Job
	Partitionable Resources :    Usage  Request Allocated 
	   admin_mutex_1         :                           0 
	   admin_mutex_2         :                           0 
	   admin_mutex_3         :                           0 
	   Cpus                  :     0.99        1         1 
	   Disk (KB)             :    10        2048      3072 
	   GPUs                  :                           0 
	   machine_token         :                           0 
	   Memory (MB)           :   307        6000      6016 
	   TimeExecute (s)       :   806                       
	   TimeSlotBusy (s)      :   806                       

	Job terminated of its own accord at 2026-06-02T21:56:06Z with exit-code 0.
...
