000 (19535179.000.000) 2026-06-02 15:53:47 Job submitted from host: <10.128.10.103:9618?addrs=10.128.10.103-9618&alias=npx-submitter.icecube.wisc.edu&noUDP&sock=schedd_2449_6386>
    DAG Node: Drootprod_20170702_81536
...
001 (19535179.000.000) 2026-06-02 16:47:40 Job executing on host: <10.128.10.117:43719?addrs=10.128.10.117-43719&alias=n-gibyte-02.icecube.wisc.edu>
	SlotName: slot1_418@n-gibyte-02.icecube.wisc.edu
	admin_mutex_1 = 0
	admin_mutex_2 = 0
	admin_mutex_3 = 0
	CondorScratchDir = "/scratch/condor/dir_3526205"
	Cpus = 1
	Disk = 5480
	GPUs = 0
	machine_token = 0
	Memory = 6016
...
006 (19535179.000.000) 2026-06-02 16:47:54 Image size of job updated: 119188
	117  -  MemoryUsage of job (MB)
	119188  -  ResidentSetSize of job (KB)
...
006 (19535179.000.000) 2026-06-02 16:52:55 Image size of job updated: 145280
	142  -  MemoryUsage of job (MB)
	145280  -  ResidentSetSize of job (KB)
...
006 (19535179.000.000) 2026-06-02 16:57:55 Image size of job updated: 168560
	165  -  MemoryUsage of job (MB)
	168560  -  ResidentSetSize of job (KB)
...
006 (19535179.000.000) 2026-06-02 17:02:56 Image size of job updated: 301836
	295  -  MemoryUsage of job (MB)
	301836  -  ResidentSetSize of job (KB)
...
006 (19535179.000.000) 2026-06-02 17:07:11 Image size of job updated: 320136
	295  -  MemoryUsage of job (MB)
	301836  -  ResidentSetSize of job (KB)
...
005 (19535179.000.000) 2026-06-02 17:07:11 Job terminated.
	(1) Normal termination (return value 0)
		Usr 0 00:18:18, Sys 0 00:00:12  -  Run Remote Usage
		Usr 0 00:00:00, Sys 0 00:00:00  -  Run Local Usage
		Usr 0 00:18:18, Sys 0 00:00:12  -  Total Remote Usage
		Usr 0 00:00:00, Sys 0 00:00:00  -  Total Local Usage
	0  -  Run Bytes Sent By Job
	0  -  Run Bytes Received By Job
	0  -  Total Bytes Sent By Job
	0  -  Total Bytes Received By Job
	Partitionable Resources :    Usage  Request Allocated 
	   admin_mutex_1         :                           0 
	   admin_mutex_2         :                           0 
	   admin_mutex_3         :                           0 
	   Cpus                  :     0.96        1         1 
	   Disk (KB)             :    10        2048      5480 
	   GPUs                  :                           0 
	   machine_token         :                           0 
	   Memory (MB)           :   295        6000      6016 
	   TimeExecute (s)       :  1171                       
	   TimeSlotBusy (s)      :  1172                       

	Job terminated of its own accord at 2026-06-02T22:07:11Z with exit-code 0.
...
