000 (19532592.000.000) 2026-06-02 15:48:10 Job submitted from host: <10.128.10.103:9618?addrs=10.128.10.103-9618&alias=npx-submitter.icecube.wisc.edu&noUDP&sock=schedd_2449_6386>
    DAG Node: Drootprod_20170101_13582
...
001 (19532592.000.000) 2026-06-02 15:48:16 Job executing on host: <10.128.10.115:33587?addrs=10.128.10.115-33587&alias=n-gibyte-00.icecube.wisc.edu>
	SlotName: slot1_120@n-gibyte-00.icecube.wisc.edu
	admin_mutex_1 = 0
	admin_mutex_2 = 0
	admin_mutex_3 = 0
	CondorScratchDir = "/scratch/condor/dir_2015398"
	Cpus = 1
	Disk = 5480
	GPUs = 0
	machine_token = 0
	Memory = 6016
...
006 (19532592.000.000) 2026-06-02 15:48:29 Image size of job updated: 120744
	118  -  MemoryUsage of job (MB)
	120744  -  ResidentSetSize of job (KB)
...
006 (19532592.000.000) 2026-06-02 15:53:29 Image size of job updated: 151496
	148  -  MemoryUsage of job (MB)
	151496  -  ResidentSetSize of job (KB)
...
006 (19532592.000.000) 2026-06-02 15:58:30 Image size of job updated: 175832
	172  -  MemoryUsage of job (MB)
	175832  -  ResidentSetSize of job (KB)
...
006 (19532592.000.000) 2026-06-02 16:03:30 Image size of job updated: 308708
	302  -  MemoryUsage of job (MB)
	308708  -  ResidentSetSize of job (KB)
...
006 (19532592.000.000) 2026-06-02 16:08:30 Image size of job updated: 467048
	457  -  MemoryUsage of job (MB)
	467048  -  ResidentSetSize of job (KB)
...
006 (19532592.000.000) 2026-06-02 16:08:37 Image size of job updated: 467256
	457  -  MemoryUsage of job (MB)
	467048  -  ResidentSetSize of job (KB)
...
005 (19532592.000.000) 2026-06-02 16:08:37 Job terminated.
	(1) Normal termination (return value 0)
		Usr 0 00:18:57, Sys 0 00:00:15  -  Run Remote Usage
		Usr 0 00:00:00, Sys 0 00:00:00  -  Run Local Usage
		Usr 0 00:18:57, Sys 0 00:00:15  -  Total Remote Usage
		Usr 0 00:00:00, Sys 0 00:00:00  -  Total Local Usage
	0  -  Run Bytes Sent By Job
	0  -  Run Bytes Received By Job
	0  -  Total Bytes Sent By Job
	0  -  Total Bytes Received By Job
	Partitionable Resources :    Usage  Request Allocated 
	   admin_mutex_1         :                           0 
	   admin_mutex_2         :                           0 
	   admin_mutex_3         :                           0 
	   Cpus                  :     0.99        1         1 
	   Disk (KB)             :    12        2048      5480 
	   GPUs                  :                           0 
	   machine_token         :                           0 
	   Memory (MB)           :   457        6000      6016 
	   TimeExecute (s)       :  1221                       
	   TimeSlotBusy (s)      :  1222                       

	Job terminated of its own accord at 2026-06-02T21:08:37Z with exit-code 0.
...
