000 (19535660.000.000) 2026-06-02 15:54:50 Job submitted from host: <10.128.10.103:9618?addrs=10.128.10.103-9618&alias=npx-submitter.icecube.wisc.edu&noUDP&sock=schedd_2449_6386>
    DAG Node: Drootprod_20170803_93287
...
001 (19535660.000.000) 2026-06-02 16:56:57 Job executing on host: <10.128.10.238:43797?addrs=10.128.10.238-43797&alias=n-gpu-42.icecube.wisc.edu>
	SlotName: slot1_68@n-gpu-42.icecube.wisc.edu
	admin_mutex_1 = 0
	admin_mutex_2 = 0
	admin_mutex_3 = 0
	AvailableGPUs = {  }
	CondorScratchDir = "/scratch/condor/dir_2164735"
	Cpus = 1
	Disk = 3072
	GPUs = 0
	machine_token = 0
	Memory = 6016
...
006 (19535660.000.000) 2026-06-02 16:57:11 Image size of job updated: 121852
	119  -  MemoryUsage of job (MB)
	121852  -  ResidentSetSize of job (KB)
...
006 (19535660.000.000) 2026-06-02 17:02:12 Image size of job updated: 161108
	158  -  MemoryUsage of job (MB)
	161108  -  ResidentSetSize of job (KB)
...
006 (19535660.000.000) 2026-06-02 17:07:12 Image size of job updated: 307728
	301  -  MemoryUsage of job (MB)
	307728  -  ResidentSetSize of job (KB)
...
006 (19535660.000.000) 2026-06-02 17:12:01 Image size of job updated: 659232
	301  -  MemoryUsage of job (MB)
	307728  -  ResidentSetSize of job (KB)
...
005 (19535660.000.000) 2026-06-02 17:12:01 Job terminated.
	(1) Normal termination (return value 0)
		Usr 0 00:13:42, Sys 0 00:00:15  -  Run Remote Usage
		Usr 0 00:00:00, Sys 0 00:00:00  -  Run Local Usage
		Usr 0 00:13:42, Sys 0 00:00:15  -  Total Remote Usage
		Usr 0 00:00:00, Sys 0 00:00:00  -  Total Local Usage
	0  -  Run Bytes Sent By Job
	0  -  Run Bytes Received By Job
	0  -  Total Bytes Sent By Job
	0  -  Total Bytes Received By Job
	Partitionable Resources :    Usage  Request Allocated 
	   admin_mutex_1         :                           0 
	   admin_mutex_2         :                           0 
	   admin_mutex_3         :                           0 
	   Cpus                  :     0.99        1         1 
	   Disk (KB)             :    12        2048      3072 
	   GPUs                  :                           0 
	   machine_token         :                           0 
	   Memory (MB)           :   301        6000      6016 
	   TimeExecute (s)       :   904                       
	   TimeSlotBusy (s)      :   904                       

	Job terminated of its own accord at 2026-06-02T22:12:01Z with exit-code 0.
...
