000 (19535671.000.000) 2026-06-02 15:54:51 Job submitted from host: <10.128.10.103:9618?addrs=10.128.10.103-9618&alias=npx-submitter.icecube.wisc.edu&noUDP&sock=schedd_2449_6386>
    DAG Node: Drootprod_20170804_12897
...
001 (19535671.000.000) 2026-06-02 16:57:15 Job executing on host: <10.128.10.115:33587?addrs=10.128.10.115-33587&alias=n-gibyte-00.icecube.wisc.edu>
	SlotName: slot1_386@n-gibyte-00.icecube.wisc.edu
	admin_mutex_1 = 0
	admin_mutex_2 = 0
	admin_mutex_3 = 0
	CondorScratchDir = "/scratch/condor/dir_2272898"
	Cpus = 1
	Disk = 5480
	GPUs = 0
	machine_token = 0
	Memory = 6016
...
006 (19535671.000.000) 2026-06-02 16:57:29 Image size of job updated: 120676
	118  -  MemoryUsage of job (MB)
	120676  -  ResidentSetSize of job (KB)
...
006 (19535671.000.000) 2026-06-02 17:02:30 Image size of job updated: 149820
	147  -  MemoryUsage of job (MB)
	149820  -  ResidentSetSize of job (KB)
...
006 (19535671.000.000) 2026-06-02 17:07:30 Image size of job updated: 168348
	165  -  MemoryUsage of job (MB)
	168348  -  ResidentSetSize of job (KB)
...
006 (19535671.000.000) 2026-06-02 17:12:31 Image size of job updated: 303816
	297  -  MemoryUsage of job (MB)
	303816  -  ResidentSetSize of job (KB)
...
006 (19535671.000.000) 2026-06-02 17:17:32 Image size of job updated: 458624
	448  -  MemoryUsage of job (MB)
	458624  -  ResidentSetSize of job (KB)
...
006 (19535671.000.000) 2026-06-02 17:21:15 Image size of job updated: 478200
	448  -  MemoryUsage of job (MB)
	458624  -  ResidentSetSize of job (KB)
...
005 (19535671.000.000) 2026-06-02 17:21:15 Job terminated.
	(1) Normal termination (return value 0)
		Usr 0 00:22:48, Sys 0 00:00:15  -  Run Remote Usage
		Usr 0 00:00:00, Sys 0 00:00:00  -  Run Local Usage
		Usr 0 00:22:48, Sys 0 00:00:15  -  Total Remote Usage
		Usr 0 00:00:00, Sys 0 00:00:00  -  Total Local Usage
	0  -  Run Bytes Sent By Job
	0  -  Run Bytes Received By Job
	0  -  Total Bytes Sent By Job
	0  -  Total Bytes Received By Job
	Partitionable Resources :    Usage  Request Allocated 
	   admin_mutex_1         :                           0 
	   admin_mutex_2         :                           0 
	   admin_mutex_3         :                           0 
	   Cpus                  :     0.98        1         1 
	   Disk (KB)             :    12        2048      5480 
	   GPUs                  :                           0 
	   machine_token         :                           0 
	   Memory (MB)           :   448        6000      6016 
	   TimeExecute (s)       :  1440                       
	   TimeSlotBusy (s)      :  1441                       

	Job terminated of its own accord at 2026-06-02T22:21:15Z with exit-code 0.
...
