000 (19536810.000.000) 2026-06-02 15:57:15 Job submitted from host: <10.128.10.103:9618?addrs=10.128.10.103-9618&alias=npx-submitter.icecube.wisc.edu&noUDP&sock=schedd_2449_6386>
    DAG Node: Drootprod_20171021_69522
...
001 (19536810.000.000) 2026-06-02 17:27:01 Job executing on host: <10.128.10.117:43719?addrs=10.128.10.117-43719&alias=n-gibyte-02.icecube.wisc.edu>
	SlotName: slot1_386@n-gibyte-02.icecube.wisc.edu
	admin_mutex_1 = 0
	admin_mutex_2 = 0
	admin_mutex_3 = 0
	CondorScratchDir = "/scratch/condor/dir_3693577"
	Cpus = 1
	Disk = 5480
	GPUs = 0
	machine_token = 0
	Memory = 6016
...
006 (19536810.000.000) 2026-06-02 17:27:14 Image size of job updated: 118972
	117  -  MemoryUsage of job (MB)
	118972  -  ResidentSetSize of job (KB)
...
006 (19536810.000.000) 2026-06-02 17:32:14 Image size of job updated: 145312
	142  -  MemoryUsage of job (MB)
	145312  -  ResidentSetSize of job (KB)
...
006 (19536810.000.000) 2026-06-02 17:37:15 Image size of job updated: 165700
	162  -  MemoryUsage of job (MB)
	165700  -  ResidentSetSize of job (KB)
...
006 (19536810.000.000) 2026-06-02 17:42:15 Image size of job updated: 299208
	293  -  MemoryUsage of job (MB)
	299208  -  ResidentSetSize of job (KB)
...
006 (19536810.000.000) 2026-06-02 17:47:16 Image size of job updated: 454244
	444  -  MemoryUsage of job (MB)
	454244  -  ResidentSetSize of job (KB)
...
006 (19536810.000.000) 2026-06-02 17:50:54 Image size of job updated: 464544
	444  -  MemoryUsage of job (MB)
	454244  -  ResidentSetSize of job (KB)
...
005 (19536810.000.000) 2026-06-02 17:50:54 Job terminated.
	(1) Normal termination (return value 0)
		Usr 0 00:22:52, Sys 0 00:00:15  -  Run Remote Usage
		Usr 0 00:00:00, Sys 0 00:00:00  -  Run Local Usage
		Usr 0 00:22:52, Sys 0 00:00:15  -  Total Remote Usage
		Usr 0 00:00:00, Sys 0 00:00:00  -  Total Local Usage
	0  -  Run Bytes Sent By Job
	0  -  Run Bytes Received By Job
	0  -  Total Bytes Sent By Job
	0  -  Total Bytes Received By Job
	Partitionable Resources :    Usage  Request Allocated 
	   admin_mutex_1         :                           0 
	   admin_mutex_2         :                           0 
	   admin_mutex_3         :                           0 
	   Cpus                  :     0.99        1         1 
	   Disk (KB)             :    12        2048      5480 
	   GPUs                  :                           0 
	   machine_token         :                           0 
	   Memory (MB)           :   444        6000      6016 
	   TimeExecute (s)       :  1433                       
	   TimeSlotBusy (s)      :  1434                       

	Job terminated of its own accord at 2026-06-02T22:50:54Z with exit-code 0.
...
