000 (19536268.000.000) 2026-06-02 15:56:07 Job submitted from host: <10.128.10.103:9618?addrs=10.128.10.103-9618&alias=npx-submitter.icecube.wisc.edu&noUDP&sock=schedd_2449_6386>
    DAG Node: Drootprod_20170913_28839
...
001 (19536268.000.000) 2026-06-02 17:17:34 Job executing on host: <10.128.10.187:34023?addrs=10.128.10.187-34023&alias=n-smepyc-00.icecube.wisc.edu>
	SlotName: slot1_55@n-smepyc-00.icecube.wisc.edu
	admin_mutex_1 = 0
	admin_mutex_2 = 0
	admin_mutex_3 = 0
	CondorScratchDir = "/scratch/condor/dir_1957368"
	Cpus = 1
	Disk = 3072
	GPUs = 0
	machine_token = 0
	Memory = 6016
...
006 (19536268.000.000) 2026-06-02 17:17:47 Image size of job updated: 121876
	120  -  MemoryUsage of job (MB)
	121876  -  ResidentSetSize of job (KB)
...
006 (19536268.000.000) 2026-06-02 17:22:47 Image size of job updated: 171432
	168  -  MemoryUsage of job (MB)
	171432  -  ResidentSetSize of job (KB)
...
006 (19536268.000.000) 2026-06-02 17:27:47 Image size of job updated: 464720
	454  -  MemoryUsage of job (MB)
	464720  -  ResidentSetSize of job (KB)
...
006 (19536268.000.000) 2026-06-02 17:29:28 Image size of job updated: 652764
	454  -  MemoryUsage of job (MB)
	464720  -  ResidentSetSize of job (KB)
...
005 (19536268.000.000) 2026-06-02 17:29:28 Job terminated.
	(1) Normal termination (return value 0)
		Usr 0 00:11:18, Sys 0 00:00:12  -  Run Remote Usage
		Usr 0 00:00:00, Sys 0 00:00:00  -  Run Local Usage
		Usr 0 00:11:18, Sys 0 00:00:12  -  Total Remote Usage
		Usr 0 00:00:00, Sys 0 00:00:00  -  Total Local Usage
	0  -  Run Bytes Sent By Job
	0  -  Run Bytes Received By Job
	0  -  Total Bytes Sent By Job
	0  -  Total Bytes Received By Job
	Partitionable Resources :    Usage  Request Allocated 
	   admin_mutex_1         :                           0 
	   admin_mutex_2         :                           0 
	   admin_mutex_3         :                           0 
	   Cpus                  :     1.00        1         1 
	   Disk (KB)             :    10        2048      3072 
	   GPUs                  :                           0 
	   machine_token         :                           0 
	   Memory (MB)           :   454        6000      6016 
	   TimeExecute (s)       :   714                       
	   TimeSlotBusy (s)      :   714                       

	Job terminated of its own accord at 2026-06-02T22:29:28Z with exit-code 0.
...
