000 (19537572.000.000) 2026-06-02 15:59:15 Job submitted from host: <10.128.10.103:9618?addrs=10.128.10.103-9618&alias=npx-submitter.icecube.wisc.edu&noUDP&sock=schedd_2449_6386>
    DAG Node: Drootprod_20171223_892
...
001 (19537572.000.000) 2026-06-02 17:39:50 Job executing on host: <10.128.10.187:34023?addrs=10.128.10.187-34023&alias=n-smepyc-00.icecube.wisc.edu>
	SlotName: slot1_75@n-smepyc-00.icecube.wisc.edu
	admin_mutex_1 = 0
	admin_mutex_2 = 0
	admin_mutex_3 = 0
	CondorScratchDir = "/scratch/condor/dir_2042761"
	Cpus = 1
	Disk = 3072
	GPUs = 0
	machine_token = 0
	Memory = 6016
...
006 (19537572.000.000) 2026-06-02 17:40:04 Image size of job updated: 123256
	121  -  MemoryUsage of job (MB)
	123256  -  ResidentSetSize of job (KB)
...
006 (19537572.000.000) 2026-06-02 17:45:05 Image size of job updated: 158632
	155  -  MemoryUsage of job (MB)
	158632  -  ResidentSetSize of job (KB)
...
006 (19537572.000.000) 2026-06-02 17:50:06 Image size of job updated: 302112
	296  -  MemoryUsage of job (MB)
	302112  -  ResidentSetSize of job (KB)
...
006 (19537572.000.000) 2026-06-02 17:52:20 Image size of job updated: 455280
	296  -  MemoryUsage of job (MB)
	302112  -  ResidentSetSize of job (KB)
...
005 (19537572.000.000) 2026-06-02 17:52:20 Job terminated.
	(1) Normal termination (return value 0)
		Usr 0 00:11:56, Sys 0 00:00:09  -  Run Remote Usage
		Usr 0 00:00:00, Sys 0 00:00:00  -  Run Local Usage
		Usr 0 00:11:56, Sys 0 00:00:09  -  Total Remote Usage
		Usr 0 00:00:00, Sys 0 00:00:00  -  Total Local Usage
	0  -  Run Bytes Sent By Job
	0  -  Run Bytes Received By Job
	0  -  Total Bytes Sent By Job
	0  -  Total Bytes Received By Job
	Partitionable Resources :    Usage  Request Allocated 
	   admin_mutex_1         :                           0 
	   admin_mutex_2         :                           0 
	   admin_mutex_3         :                           0 
	   Cpus                  :     0.85        1         1 
	   Disk (KB)             :    15        2048      3072 
	   GPUs                  :                           0 
	   machine_token         :                           0 
	   Memory (MB)           :   296        6000      6016 
	   TimeExecute (s)       :   750                       
	   TimeSlotBusy (s)      :   750                       

	Job terminated of its own accord at 2026-06-02T22:52:20Z with exit-code 0.
...
