000 (19533865.000.000) 2026-06-02 15:51:19 Job submitted from host: <10.128.10.103:9618?addrs=10.128.10.103-9618&alias=npx-submitter.icecube.wisc.edu&noUDP&sock=schedd_2449_6386>
    DAG Node: Drootprod_20170412_48334
...
001 (19533865.000.000) 2026-06-02 16:21:42 Job executing on host: <10.128.10.116:38163?addrs=10.128.10.116-38163&alias=n-gibyte-01.icecube.wisc.edu>
	SlotName: slot1_23@n-gibyte-01.icecube.wisc.edu
	admin_mutex_1 = 0
	admin_mutex_2 = 0
	admin_mutex_3 = 0
	CondorScratchDir = "/scratch/condor/dir_2512618"
	Cpus = 1
	Disk = 5480
	GPUs = 0
	machine_token = 0
	Memory = 6016
...
006 (19533865.000.000) 2026-06-02 16:21:55 Image size of job updated: 120328
	118  -  MemoryUsage of job (MB)
	120328  -  ResidentSetSize of job (KB)
...
022 (19533865.000.000) 2026-06-02 16:23:27 Job disconnected, attempting to reconnect
    Socket between submit and execute hosts closed unexpectedly
    Trying to reconnect to slot1_23@n-gibyte-01.icecube.wisc.edu <10.128.10.116:38163?addrs=10.128.10.116-38163&alias=n-gibyte-01.icecube.wisc.edu>
...
024 (19533865.000.000) 2026-06-02 17:03:27 Job reconnection failed
    Job disconnected too long: JobLeaseDuration (2400 seconds) expired
    Can not reconnect to slot1_23@n-gibyte-01.icecube.wisc.edu, rescheduling job
...
004 (19533865.000.000) 2026-06-02 17:03:37 Job was evicted.
	(0) CPU times
		Usr 0 00:00:06, Sys 0 00:00:00  -  Run Remote Usage
		Usr 0 00:00:00, Sys 0 00:00:00  -  Run Local Usage
	0  -  Run Bytes Sent By Job
	0  -  Run Bytes Received By Job
	Job disconnected too long: JobLeaseDuration (2400 seconds) expired
	Partitionable Resources :    Usage  Request Allocated 
	   admin_mutex_1         :                           0 
	   admin_mutex_2         :                           0 
	   admin_mutex_3         :                           0 
	   Cpus                  :                 1         1 
	   Disk (KB)             :       10     2048      5480 
	   GPUs                  :                           0 
	   machine_token         :                           0 
	   Memory (MB)           :      118     6000      6016 
...
001 (19533865.000.000) 2026-06-02 17:10:47 Job executing on host: <10.128.11.30:45417?addrs=10.128.11.30-45417&alias=n-smbc-11.icecube.wisc.edu>
	SlotName: slot1_20@n-smbc-11.icecube.wisc.edu
	admin_mutex_1 = 0
	admin_mutex_2 = 0
	admin_mutex_3 = 0
	CondorScratchDir = "/scratch/condor/dir_157691"
	Cpus = 1
	Disk = 3072
	GPUs = 0
	machine_token = 0
	Memory = 6016
...
006 (19533865.000.000) 2026-06-02 17:16:02 Image size of job updated: 163128
	160  -  MemoryUsage of job (MB)
	163128  -  ResidentSetSize of job (KB)
...
006 (19533865.000.000) 2026-06-02 17:21:03 Image size of job updated: 310132
	303  -  MemoryUsage of job (MB)
	310132  -  ResidentSetSize of job (KB)
...
006 (19533865.000.000) 2026-06-02 17:25:08 Image size of job updated: 477816
	303  -  MemoryUsage of job (MB)
	310132  -  ResidentSetSize of job (KB)
...
005 (19533865.000.000) 2026-06-02 17:25:08 Job terminated.
	(1) Normal termination (return value 0)
		Usr 0 00:13:49, Sys 0 00:00:08  -  Run Remote Usage
		Usr 0 00:00:00, Sys 0 00:00:00  -  Run Local Usage
		Usr 0 00:13:55, Sys 0 00:00:08  -  Total Remote Usage
		Usr 0 00:00:00, Sys 0 00:00:00  -  Total Local Usage
	0  -  Run Bytes Sent By Job
	0  -  Run Bytes Received By Job
	0  -  Total Bytes Sent By Job
	0  -  Total Bytes Received By Job
	Partitionable Resources :    Usage  Request Allocated 
	   admin_mutex_1         :                           0 
	   admin_mutex_2         :                           0 
	   admin_mutex_3         :                           0 
	   Cpus                  :     0.98        1         1 
	   Disk (KB)             :    10        2048      3072 
	   GPUs                  :                           0 
	   machine_token         :                           0 
	   Memory (MB)           :   303        6000      6016 
	   TimeExecute (s)       :   861                       
	   TimeSlotBusy (s)      :   861                       

	Job terminated of its own accord at 2026-06-02T22:25:08Z with exit-code 0.
...
