000 (19535090.000.000) 2026-06-02 15:53:36 Job submitted from host: <10.128.10.103:9618?addrs=10.128.10.103-9618&alias=npx-submitter.icecube.wisc.edu&noUDP&sock=schedd_2449_6386>
    DAG Node: Drootprod_20170626_89942
...
001 (19535090.000.000) 2026-06-02 16:46:30 Job executing on host: <10.128.10.206:37305?addrs=10.128.10.206-37305&alias=sm-storage-1.icecube.wisc.edu>
	SlotName: slot1_14@sm-storage-1.icecube.wisc.edu
	admin_mutex_1 = 0
	admin_mutex_2 = 0
	admin_mutex_3 = 0
	CondorScratchDir = "/scratch/condor/dir_3856318"
	Cpus = 1
	Disk = 3072
	GPUs = 0
	machine_token = 0
	Memory = 6016
...
006 (19535090.000.000) 2026-06-02 16:46:43 Image size of job updated: 119084
	117  -  MemoryUsage of job (MB)
	119084  -  ResidentSetSize of job (KB)
...
006 (19535090.000.000) 2026-06-02 16:51:43 Image size of job updated: 143476
	141  -  MemoryUsage of job (MB)
	143476  -  ResidentSetSize of job (KB)
...
006 (19535090.000.000) 2026-06-02 16:56:43 Image size of job updated: 164932
	162  -  MemoryUsage of job (MB)
	164932  -  ResidentSetSize of job (KB)
...
006 (19535090.000.000) 2026-06-02 17:01:44 Image size of job updated: 297744
	291  -  MemoryUsage of job (MB)
	297744  -  ResidentSetSize of job (KB)
...
006 (19535090.000.000) 2026-06-02 17:06:44 Image size of job updated: 317304
	310  -  MemoryUsage of job (MB)
	317304  -  ResidentSetSize of job (KB)
...
006 (19535090.000.000) 2026-06-02 17:11:44 Image size of job updated: 472084
	462  -  MemoryUsage of job (MB)
	472084  -  ResidentSetSize of job (KB)
...
006 (19535090.000.000) 2026-06-02 17:14:03 Image size of job updated: 824252
	462  -  MemoryUsage of job (MB)
	472084  -  ResidentSetSize of job (KB)
...
005 (19535090.000.000) 2026-06-02 17:14:03 Job terminated.
	(1) Normal termination (return value 0)
		Usr 0 00:26:26, Sys 0 00:00:10  -  Run Remote Usage
		Usr 0 00:00:00, Sys 0 00:00:00  -  Run Local Usage
		Usr 0 00:26:26, Sys 0 00:00:10  -  Total Remote Usage
		Usr 0 00:00:00, Sys 0 00:00:00  -  Total Local Usage
	0  -  Run Bytes Sent By Job
	0  -  Run Bytes Received By Job
	0  -  Total Bytes Sent By Job
	0  -  Total Bytes Received By Job
	Partitionable Resources :    Usage  Request Allocated 
	   admin_mutex_1         :                           0 
	   admin_mutex_2         :                           0 
	   admin_mutex_3         :                           0 
	   Cpus                  :     0.98        1         1 
	   Disk (KB)             :    10        2048      3072 
	   GPUs                  :                           0 
	   machine_token         :                           0 
	   Memory (MB)           :   462        6000      6016 
	   TimeExecute (s)       :  1653                       
	   TimeSlotBusy (s)      :  1654                       

	Job terminated of its own accord at 2026-06-02T22:14:03Z with exit-code 0.
...
