000 (19535527.000.000) 2026-06-02 15:54:32 Job submitted from host: <10.128.10.103:9618?addrs=10.128.10.103-9618&alias=npx-submitter.icecube.wisc.edu&noUDP&sock=schedd_2449_6386>
    DAG Node: Drootprod_20170726_47735
...
001 (19535527.000.000) 2026-06-02 16:55:10 Job executing on host: <10.128.10.41:32869?addrs=10.128.10.41-32869&alias=n-m610-31.icecube.wisc.edu>
	SlotName: slot1_6@n-m610-31.icecube.wisc.edu
	admin_mutex_1 = 0
	admin_mutex_2 = 0
	admin_mutex_3 = 0
	CondorScratchDir = "/scratch/condor/dir_1059449"
	Cpus = 1
	Disk = 3072
	GPUs = 0
	machine_token = 0
	Memory = 6016
...
006 (19535527.000.000) 2026-06-02 16:55:23 Image size of job updated: 121380
	119  -  MemoryUsage of job (MB)
	121380  -  ResidentSetSize of job (KB)
...
006 (19535527.000.000) 2026-06-02 17:00:23 Image size of job updated: 162928
	160  -  MemoryUsage of job (MB)
	162928  -  ResidentSetSize of job (KB)
...
006 (19535527.000.000) 2026-06-02 17:05:23 Image size of job updated: 310556
	304  -  MemoryUsage of job (MB)
	310556  -  ResidentSetSize of job (KB)
...
006 (19535527.000.000) 2026-06-02 17:06:56 Image size of job updated: 460868
	304  -  MemoryUsage of job (MB)
	310556  -  ResidentSetSize of job (KB)
...
005 (19535527.000.000) 2026-06-02 17:06:56 Job terminated.
	(1) Normal termination (return value 0)
		Usr 0 00:11:03, Sys 0 00:00:10  -  Run Remote Usage
		Usr 0 00:00:00, Sys 0 00:00:00  -  Run Local Usage
		Usr 0 00:11:03, Sys 0 00:00:10  -  Total Remote Usage
		Usr 0 00:00:00, Sys 0 00:00:00  -  Total Local Usage
	0  -  Run Bytes Sent By Job
	0  -  Run Bytes Received By Job
	0  -  Total Bytes Sent By Job
	0  -  Total Bytes Received By Job
	Partitionable Resources :    Usage  Request Allocated 
	   admin_mutex_1         :                           0 
	   admin_mutex_2         :                           0 
	   admin_mutex_3         :                           0 
	   Cpus                  :     1.00        1         1 
	   Disk (KB)             :    10        2048      3072 
	   GPUs                  :                           0 
	   machine_token         :                           0 
	   Memory (MB)           :   304        6000      6016 
	   TimeExecute (s)       :   707                       
	   TimeSlotBusy (s)      :   707                       

	Job terminated of its own accord at 2026-06-02T22:06:56Z with exit-code 0.
...
