000 (19535266.000.000) 2026-06-02 15:53:57 Job submitted from host: <10.128.10.103:9618?addrs=10.128.10.103-9618&alias=npx-submitter.icecube.wisc.edu&noUDP&sock=schedd_2449_6386>
    DAG Node: Drootprod_20170707_34330
...
001 (19535266.000.000) 2026-06-02 16:49:24 Job executing on host: <10.128.10.115:33587?addrs=10.128.10.115-33587&alias=n-gibyte-00.icecube.wisc.edu>
	SlotName: slot1_367@n-gibyte-00.icecube.wisc.edu
	admin_mutex_1 = 0
	admin_mutex_2 = 0
	admin_mutex_3 = 0
	CondorScratchDir = "/scratch/condor/dir_2242607"
	Cpus = 1
	Disk = 5480
	GPUs = 0
	machine_token = 0
	Memory = 6016
...
006 (19535266.000.000) 2026-06-02 16:49:38 Image size of job updated: 119652
	117  -  MemoryUsage of job (MB)
	119652  -  ResidentSetSize of job (KB)
...
006 (19535266.000.000) 2026-06-02 16:54:39 Image size of job updated: 149520
	147  -  MemoryUsage of job (MB)
	149520  -  ResidentSetSize of job (KB)
...
006 (19535266.000.000) 2026-06-02 16:59:39 Image size of job updated: 174024
	170  -  MemoryUsage of job (MB)
	174024  -  ResidentSetSize of job (KB)
...
006 (19535266.000.000) 2026-06-02 17:04:40 Image size of job updated: 311624
	305  -  MemoryUsage of job (MB)
	311624  -  ResidentSetSize of job (KB)
...
006 (19535266.000.000) 2026-06-02 17:09:40 Image size of job updated: 470824
	460  -  MemoryUsage of job (MB)
	470824  -  ResidentSetSize of job (KB)
...
006 (19535266.000.000) 2026-06-02 17:10:37 Image size of job updated: 488808
	460  -  MemoryUsage of job (MB)
	470824  -  ResidentSetSize of job (KB)
...
005 (19535266.000.000) 2026-06-02 17:10:37 Job terminated.
	(1) Normal termination (return value 0)
		Usr 0 00:20:09, Sys 0 00:00:15  -  Run Remote Usage
		Usr 0 00:00:00, Sys 0 00:00:00  -  Run Local Usage
		Usr 0 00:20:09, Sys 0 00:00:15  -  Total Remote Usage
		Usr 0 00:00:00, Sys 0 00:00:00  -  Total Local Usage
	0  -  Run Bytes Sent By Job
	0  -  Run Bytes Received By Job
	0  -  Total Bytes Sent By Job
	0  -  Total Bytes Received By Job
	Partitionable Resources :    Usage  Request Allocated 
	   admin_mutex_1         :                           0 
	   admin_mutex_2         :                           0 
	   admin_mutex_3         :                           0 
	   Cpus                  :     0.92        1         1 
	   Disk (KB)             :    12        2048      5480 
	   GPUs                  :                           0 
	   machine_token         :                           0 
	   Memory (MB)           :   460        6000      6016 
	   TimeExecute (s)       :  1273                       
	   TimeSlotBusy (s)      :  1274                       

	Job terminated of its own accord at 2026-06-02T22:10:37Z with exit-code 0.
...
