000 (19537240.000.000) 2026-06-02 15:58:18 Job submitted from host: <10.128.10.103:9618?addrs=10.128.10.103-9618&alias=npx-submitter.icecube.wisc.edu&noUDP&sock=schedd_2449_6386>
    DAG Node: Drootprod_20171122_10030
...
001 (19537240.000.000) 2026-06-02 17:34:43 Job executing on host: <10.128.10.115:33587?addrs=10.128.10.115-33587&alias=n-gibyte-00.icecube.wisc.edu>
	SlotName: slot1_443@n-gibyte-00.icecube.wisc.edu
	admin_mutex_1 = 0
	admin_mutex_2 = 0
	admin_mutex_3 = 0
	CondorScratchDir = "/scratch/condor/dir_2428598"
	Cpus = 1
	Disk = 5480
	GPUs = 0
	machine_token = 0
	Memory = 6016
...
006 (19537240.000.000) 2026-06-02 17:34:56 Image size of job updated: 119244
	117  -  MemoryUsage of job (MB)
	119244  -  ResidentSetSize of job (KB)
...
006 (19537240.000.000) 2026-06-02 17:39:56 Image size of job updated: 143760
	141  -  MemoryUsage of job (MB)
	143760  -  ResidentSetSize of job (KB)
...
006 (19537240.000.000) 2026-06-02 17:44:56 Image size of job updated: 164100
	161  -  MemoryUsage of job (MB)
	164100  -  ResidentSetSize of job (KB)
...
006 (19537240.000.000) 2026-06-02 17:49:57 Image size of job updated: 179068
	175  -  MemoryUsage of job (MB)
	179068  -  ResidentSetSize of job (KB)
...
006 (19537240.000.000) 2026-06-02 17:54:57 Image size of job updated: 305276
	299  -  MemoryUsage of job (MB)
	305276  -  ResidentSetSize of job (KB)
...
006 (19537240.000.000) 2026-06-02 17:59:58 Image size of job updated: 454008
	444  -  MemoryUsage of job (MB)
	454008  -  ResidentSetSize of job (KB)
...
006 (19537240.000.000) 2026-06-02 18:03:54 Image size of job updated: 467940
	444  -  MemoryUsage of job (MB)
	454008  -  ResidentSetSize of job (KB)
...
005 (19537240.000.000) 2026-06-02 18:03:54 Job terminated.
	(1) Normal termination (return value 0)
		Usr 0 00:27:58, Sys 0 00:00:16  -  Run Remote Usage
		Usr 0 00:00:00, Sys 0 00:00:00  -  Run Local Usage
		Usr 0 00:27:58, Sys 0 00:00:16  -  Total Remote Usage
		Usr 0 00:00:00, Sys 0 00:00:00  -  Total Local Usage
	0  -  Run Bytes Sent By Job
	0  -  Run Bytes Received By Job
	0  -  Total Bytes Sent By Job
	0  -  Total Bytes Received By Job
	Partitionable Resources :    Usage  Request Allocated 
	   admin_mutex_1         :                           0 
	   admin_mutex_2         :                           0 
	   admin_mutex_3         :                           0 
	   Cpus                  :     0.99        1         1 
	   Disk (KB)             :    15        2048      5480 
	   GPUs                  :                           0 
	   machine_token         :                           0 
	   Memory (MB)           :   444        6000      6016 
	   TimeExecute (s)       :  1751                       
	   TimeSlotBusy (s)      :  1752                       

	Job terminated of its own accord at 2026-06-02T23:03:54Z with exit-code 0.
...
