000 (19534928.000.000) 2026-06-02 15:53:20 Job submitted from host: <10.128.10.103:9618?addrs=10.128.10.103-9618&alias=npx-submitter.icecube.wisc.edu&noUDP&sock=schedd_2449_6386>
    DAG Node: Drootprod_20170615_18823
...
001 (19534928.000.000) 2026-06-02 16:43:34 Job executing on host: <10.128.10.192:35633?addrs=10.128.10.192-35633&alias=n-smepyc-05.icecube.wisc.edu>
	SlotName: slot1_9@n-smepyc-05.icecube.wisc.edu
	admin_mutex_1 = 0
	admin_mutex_2 = 0
	admin_mutex_3 = 0
	CondorScratchDir = "/scratch/condor/dir_229126"
	Cpus = 1
	Disk = 3072
	GPUs = 0
	machine_token = 0
	Memory = 6016
...
006 (19534928.000.000) 2026-06-02 16:43:47 Image size of job updated: 122580
	120  -  MemoryUsage of job (MB)
	122580  -  ResidentSetSize of job (KB)
...
006 (19534928.000.000) 2026-06-02 16:48:47 Image size of job updated: 168256
	165  -  MemoryUsage of job (MB)
	168256  -  ResidentSetSize of job (KB)
...
006 (19534928.000.000) 2026-06-02 16:53:48 Image size of job updated: 453112
	443  -  MemoryUsage of job (MB)
	453112  -  ResidentSetSize of job (KB)
...
006 (19534928.000.000) 2026-06-02 16:56:11 Image size of job updated: 486360
	443  -  MemoryUsage of job (MB)
	453112  -  ResidentSetSize of job (KB)
...
005 (19534928.000.000) 2026-06-02 16:56:11 Job terminated.
	(1) Normal termination (return value 0)
		Usr 0 00:12:03, Sys 0 00:00:11  -  Run Remote Usage
		Usr 0 00:00:00, Sys 0 00:00:00  -  Run Local Usage
		Usr 0 00:12:03, Sys 0 00:00:11  -  Total Remote Usage
		Usr 0 00:00:00, Sys 0 00:00:00  -  Total Local Usage
	0  -  Run Bytes Sent By Job
	0  -  Run Bytes Received By Job
	0  -  Total Bytes Sent By Job
	0  -  Total Bytes Received By Job
	Partitionable Resources :    Usage  Request Allocated 
	   admin_mutex_1         :                           0 
	   admin_mutex_2         :                           0 
	   admin_mutex_3         :                           0 
	   Cpus                  :     0.99        1         1 
	   Disk (KB)             :    10        2048      3072 
	   GPUs                  :                           0 
	   machine_token         :                           0 
	   Memory (MB)           :   443        6000      6016 
	   TimeExecute (s)       :   757                       
	   TimeSlotBusy (s)      :   757                       

	Job terminated of its own accord at 2026-06-02T21:56:11Z with exit-code 0.
...
