000 (19532719.000.000) 2026-06-02 15:48:35 Job submitted from host: <10.128.10.103:9618?addrs=10.128.10.103-9618&alias=npx-submitter.icecube.wisc.edu&noUDP&sock=schedd_2449_6386>
    DAG Node: Drootprod_20170116_78007
...
001 (19532719.000.000) 2026-06-02 15:48:52 Job executing on host: <10.128.10.116:38163?addrs=10.128.10.116-38163&alias=n-gibyte-01.icecube.wisc.edu>
	SlotName: slot1_501@n-gibyte-01.icecube.wisc.edu
	admin_mutex_1 = 0
	admin_mutex_2 = 0
	admin_mutex_3 = 0
	CondorScratchDir = "/scratch/condor/dir_2372413"
	Cpus = 1
	Disk = 5480
	GPUs = 0
	machine_token = 0
	Memory = 6016
...
006 (19532719.000.000) 2026-06-02 15:49:01 Image size of job updated: 119372
	117  -  MemoryUsage of job (MB)
	119372  -  ResidentSetSize of job (KB)
...
006 (19532719.000.000) 2026-06-02 15:54:02 Image size of job updated: 144236
	141  -  MemoryUsage of job (MB)
	144236  -  ResidentSetSize of job (KB)
...
006 (19532719.000.000) 2026-06-02 15:59:02 Image size of job updated: 164744
	161  -  MemoryUsage of job (MB)
	164744  -  ResidentSetSize of job (KB)
...
006 (19532719.000.000) 2026-06-02 16:04:03 Image size of job updated: 294980
	289  -  MemoryUsage of job (MB)
	294980  -  ResidentSetSize of job (KB)
...
006 (19532719.000.000) 2026-06-02 16:05:21 Image size of job updated: 299888
	289  -  MemoryUsage of job (MB)
	294980  -  ResidentSetSize of job (KB)
...
005 (19532719.000.000) 2026-06-02 16:05:21 Job terminated.
	(1) Normal termination (return value 0)
		Usr 0 00:15:42, Sys 0 00:00:09  -  Run Remote Usage
		Usr 0 00:00:00, Sys 0 00:00:00  -  Run Local Usage
		Usr 0 00:15:42, Sys 0 00:00:09  -  Total Remote Usage
		Usr 0 00:00:00, Sys 0 00:00:00  -  Total Local Usage
	0  -  Run Bytes Sent By Job
	0  -  Run Bytes Received By Job
	0  -  Total Bytes Sent By Job
	0  -  Total Bytes Received By Job
	Partitionable Resources :    Usage  Request Allocated 
	   admin_mutex_1         :                           0 
	   admin_mutex_2         :                           0 
	   admin_mutex_3         :                           0 
	   Cpus                  :     0.98        1         1 
	   Disk (KB)             :     7        2048      5480 
	   GPUs                  :                           0 
	   machine_token         :                           0 
	   Memory (MB)           :   289        6000      6016 
	   TimeExecute (s)       :   989                       
	   TimeSlotBusy (s)      :   990                       

	Job terminated of its own accord at 2026-06-02T21:05:21Z with exit-code 0.
...
