000 (19533445.000.000) 2026-06-02 15:50:25 Job submitted from host: <10.128.10.103:9618?addrs=10.128.10.103-9618&alias=npx-submitter.icecube.wisc.edu&noUDP&sock=schedd_2449_6386>
    DAG Node: Drootprod_20170315_35563
...
001 (19533445.000.000) 2026-06-02 16:13:59 Job executing on host: <10.128.10.189:44027?addrs=10.128.10.189-44027&alias=n-smepyc-02.icecube.wisc.edu>
	SlotName: slot1_68@n-smepyc-02.icecube.wisc.edu
	admin_mutex_1 = 0
	admin_mutex_2 = 0
	admin_mutex_3 = 0
	CondorScratchDir = "/scratch/condor/dir_315308"
	Cpus = 1
	Disk = 3072
	GPUs = 0
	machine_token = 0
	Memory = 6016
...
006 (19533445.000.000) 2026-06-02 16:14:13 Image size of job updated: 124056
	122  -  MemoryUsage of job (MB)
	124056  -  ResidentSetSize of job (KB)
...
006 (19533445.000.000) 2026-06-02 16:19:14 Image size of job updated: 169740
	166  -  MemoryUsage of job (MB)
	169740  -  ResidentSetSize of job (KB)
...
006 (19533445.000.000) 2026-06-02 16:24:14 Image size of job updated: 457524
	447  -  MemoryUsage of job (MB)
	457524  -  ResidentSetSize of job (KB)
...
006 (19533445.000.000) 2026-06-02 16:25:50 Image size of job updated: 471104
	447  -  MemoryUsage of job (MB)
	457524  -  ResidentSetSize of job (KB)
...
005 (19533445.000.000) 2026-06-02 16:25:50 Job terminated.
	(1) Normal termination (return value 0)
		Usr 0 00:10:53, Sys 0 00:00:10  -  Run Remote Usage
		Usr 0 00:00:00, Sys 0 00:00:00  -  Run Local Usage
		Usr 0 00:10:53, Sys 0 00:00:10  -  Total Remote Usage
		Usr 0 00:00:00, Sys 0 00:00:00  -  Total Local Usage
	0  -  Run Bytes Sent By Job
	0  -  Run Bytes Received By Job
	0  -  Total Bytes Sent By Job
	0  -  Total Bytes Received By Job
	Partitionable Resources :    Usage  Request Allocated 
	   admin_mutex_1         :                           0 
	   admin_mutex_2         :                           0 
	   admin_mutex_3         :                           0 
	   Cpus                  :     0.94        1         1 
	   Disk (KB)             :    10        2048      3072 
	   GPUs                  :                           0 
	   machine_token         :                           0 
	   Memory (MB)           :   447        6000      6016 
	   TimeExecute (s)       :   711                       
	   TimeSlotBusy (s)      :   711                       

	Job terminated of its own accord at 2026-06-02T21:25:50Z with exit-code 0.
...
