000 (19532836.000.000) 2026-06-02 15:48:55 Job submitted from host: <10.128.10.103:9618?addrs=10.128.10.103-9618&alias=npx-submitter.icecube.wisc.edu&noUDP&sock=schedd_2449_6386>
    DAG Node: Drootprod_20170126_7892
...
001 (19532836.000.000) 2026-06-02 15:53:42 Job executing on host: <10.128.10.187:34023?addrs=10.128.10.187-34023&alias=n-smepyc-00.icecube.wisc.edu>
	SlotName: slot1_82@n-smepyc-00.icecube.wisc.edu
	admin_mutex_1 = 0
	admin_mutex_2 = 0
	admin_mutex_3 = 0
	CondorScratchDir = "/scratch/condor/dir_1632866"
	Cpus = 1
	Disk = 3072
	GPUs = 0
	machine_token = 0
	Memory = 6016
...
006 (19532836.000.000) 2026-06-02 15:53:55 Image size of job updated: 122400
	120  -  MemoryUsage of job (MB)
	122400  -  ResidentSetSize of job (KB)
...
006 (19532836.000.000) 2026-06-02 15:58:55 Image size of job updated: 174232
	171  -  MemoryUsage of job (MB)
	174232  -  ResidentSetSize of job (KB)
...
006 (19532836.000.000) 2026-06-02 16:03:55 Image size of job updated: 465036
	455  -  MemoryUsage of job (MB)
	465036  -  ResidentSetSize of job (KB)
...
006 (19532836.000.000) 2026-06-02 16:04:24 Image size of job updated: 477340
	455  -  MemoryUsage of job (MB)
	465036  -  ResidentSetSize of job (KB)
...
005 (19532836.000.000) 2026-06-02 16:04:24 Job terminated.
	(1) Normal termination (return value 0)
		Usr 0 00:09:52, Sys 0 00:00:10  -  Run Remote Usage
		Usr 0 00:00:00, Sys 0 00:00:00  -  Run Local Usage
		Usr 0 00:09:52, Sys 0 00:00:10  -  Total Remote Usage
		Usr 0 00:00:00, Sys 0 00:00:00  -  Total Local Usage
	0  -  Run Bytes Sent By Job
	0  -  Run Bytes Received By Job
	0  -  Total Bytes Sent By Job
	0  -  Total Bytes Received By Job
	Partitionable Resources :    Usage  Request Allocated 
	   admin_mutex_1         :                           0 
	   admin_mutex_2         :                           0 
	   admin_mutex_3         :                           0 
	   Cpus                  :     0.99        1         1 
	   Disk (KB)             :    12        2048      3072 
	   GPUs                  :                           0 
	   machine_token         :                           0 
	   Memory (MB)           :   455        6000      6016 
	   TimeExecute (s)       :   642                       
	   TimeSlotBusy (s)      :   643                       

	Job terminated of its own accord at 2026-06-02T21:04:24Z with exit-code 0.
...
