000 (19535574.000.000) 2026-06-02 15:54:39 Job submitted from host: <10.128.10.103:9618?addrs=10.128.10.103-9618&alias=npx-submitter.icecube.wisc.edu&noUDP&sock=schedd_2449_6386>
    DAG Node: Drootprod_20170728_59717
...
001 (19535574.000.000) 2026-06-02 16:55:47 Job executing on host: <10.128.10.235:40961?addrs=10.128.10.235-40961&alias=n-gpu-13.icecube.wisc.edu>
	SlotName: slot1_11@n-gpu-13.icecube.wisc.edu
	admin_mutex_1 = 0
	admin_mutex_2 = 0
	admin_mutex_3 = 0
	AvailableGPUs = {  }
	CondorScratchDir = "/scratch/condor/dir_3288264"
	Cpus = 1
	Disk = 3072
	GPUs = 0
	machine_token = 0
	Memory = 6016
...
006 (19535574.000.000) 2026-06-02 16:56:01 Image size of job updated: 122040
	120  -  MemoryUsage of job (MB)
	122040  -  ResidentSetSize of job (KB)
...
006 (19535574.000.000) 2026-06-02 17:01:02 Image size of job updated: 165756
	162  -  MemoryUsage of job (MB)
	165756  -  ResidentSetSize of job (KB)
...
006 (19535574.000.000) 2026-06-02 17:06:03 Image size of job updated: 318716
	312  -  MemoryUsage of job (MB)
	318716  -  ResidentSetSize of job (KB)
...
006 (19535574.000.000) 2026-06-02 17:09:39 Image size of job updated: 826924
	312  -  MemoryUsage of job (MB)
	318716  -  ResidentSetSize of job (KB)
...
005 (19535574.000.000) 2026-06-02 17:09:39 Job terminated.
	(1) Normal termination (return value 0)
		Usr 0 00:12:38, Sys 0 00:00:13  -  Run Remote Usage
		Usr 0 00:00:00, Sys 0 00:00:00  -  Run Local Usage
		Usr 0 00:12:38, Sys 0 00:00:13  -  Total Remote Usage
		Usr 0 00:00:00, Sys 0 00:00:00  -  Total Local Usage
	0  -  Run Bytes Sent By Job
	0  -  Run Bytes Received By Job
	0  -  Total Bytes Sent By Job
	0  -  Total Bytes Received By Job
	Partitionable Resources :    Usage  Request Allocated 
	   admin_mutex_1         :                           0 
	   admin_mutex_2         :                           0 
	   admin_mutex_3         :                           0 
	   Cpus                  :     0.98        1         1 
	   Disk (KB)             :    10        2048      3072 
	   GPUs                  :                           0 
	   machine_token         :                           0 
	   Memory (MB)           :   312        6000      6016 
	   TimeExecute (s)       :   832                       
	   TimeSlotBusy (s)      :   832                       

	Job terminated of its own accord at 2026-06-02T22:09:39Z with exit-code 0.
...
