000 (19532648.000.000) 2026-06-02 15:48:21 Job submitted from host: <10.128.10.103:9618?addrs=10.128.10.103-9618&alias=npx-submitter.icecube.wisc.edu&noUDP&sock=schedd_2449_6386>
    DAG Node: Drootprod_20170107_40316
...
001 (19532648.000.000) 2026-06-02 15:48:32 Job executing on host: <10.128.10.116:38163?addrs=10.128.10.116-38163&alias=n-gibyte-01.icecube.wisc.edu>
	SlotName: slot1_454@n-gibyte-01.icecube.wisc.edu
	admin_mutex_1 = 0
	admin_mutex_2 = 0
	admin_mutex_3 = 0
	CondorScratchDir = "/scratch/condor/dir_2363801"
	Cpus = 1
	Disk = 5480
	GPUs = 0
	machine_token = 0
	Memory = 6016
...
006 (19532648.000.000) 2026-06-02 15:48:41 Image size of job updated: 120840
	119  -  MemoryUsage of job (MB)
	120840  -  ResidentSetSize of job (KB)
...
006 (19532648.000.000) 2026-06-02 15:53:42 Image size of job updated: 144852
	142  -  MemoryUsage of job (MB)
	144852  -  ResidentSetSize of job (KB)
...
006 (19532648.000.000) 2026-06-02 15:58:42 Image size of job updated: 166012
	163  -  MemoryUsage of job (MB)
	166012  -  ResidentSetSize of job (KB)
...
006 (19532648.000.000) 2026-06-02 16:03:43 Image size of job updated: 296572
	290  -  MemoryUsage of job (MB)
	296572  -  ResidentSetSize of job (KB)
...
006 (19532648.000.000) 2026-06-02 16:08:43 Image size of job updated: 450200
	440  -  MemoryUsage of job (MB)
	450200  -  ResidentSetSize of job (KB)
...
006 (19532648.000.000) 2026-06-02 16:12:55 Image size of job updated: 477352
	440  -  MemoryUsage of job (MB)
	450200  -  ResidentSetSize of job (KB)
...
005 (19532648.000.000) 2026-06-02 16:12:55 Job terminated.
	(1) Normal termination (return value 0)
		Usr 0 00:23:06, Sys 0 00:00:15  -  Run Remote Usage
		Usr 0 00:00:00, Sys 0 00:00:00  -  Run Local Usage
		Usr 0 00:23:06, Sys 0 00:00:15  -  Total Remote Usage
		Usr 0 00:00:00, Sys 0 00:00:00  -  Total Local Usage
	0  -  Run Bytes Sent By Job
	0  -  Run Bytes Received By Job
	0  -  Total Bytes Sent By Job
	0  -  Total Bytes Received By Job
	Partitionable Resources :    Usage  Request Allocated 
	   admin_mutex_1         :                           0 
	   admin_mutex_2         :                           0 
	   admin_mutex_3         :                           0 
	   Cpus                  :     0.99        1         1 
	   Disk (KB)             :    12        2048      5480 
	   GPUs                  :                           0 
	   machine_token         :                           0 
	   Memory (MB)           :   440        6000      6016 
	   TimeExecute (s)       :  1463                       
	   TimeSlotBusy (s)      :  1464                       

	Job terminated of its own accord at 2026-06-02T21:12:55Z with exit-code 0.
...
