000 (19532802.000.000) 2026-06-02 15:48:48 Job submitted from host: <10.128.10.103:9618?addrs=10.128.10.103-9618&alias=npx-submitter.icecube.wisc.edu&noUDP&sock=schedd_2449_6386>
    DAG Node: Drootprod_20170124_72347
...
001 (19532802.000.000) 2026-06-02 15:52:40 Job executing on host: <10.128.10.117:43719?addrs=10.128.10.117-43719&alias=n-gibyte-02.icecube.wisc.edu>
	SlotName: slot1_236@n-gibyte-02.icecube.wisc.edu
	admin_mutex_1 = 0
	admin_mutex_2 = 0
	admin_mutex_3 = 0
	CondorScratchDir = "/scratch/condor/dir_3312743"
	Cpus = 1
	Disk = 5480
	GPUs = 0
	machine_token = 0
	Memory = 6016
...
006 (19532802.000.000) 2026-06-02 15:52:53 Image size of job updated: 118448
	116  -  MemoryUsage of job (MB)
	118448  -  ResidentSetSize of job (KB)
...
006 (19532802.000.000) 2026-06-02 15:57:53 Image size of job updated: 144532
	142  -  MemoryUsage of job (MB)
	144532  -  ResidentSetSize of job (KB)
...
006 (19532802.000.000) 2026-06-02 16:02:54 Image size of job updated: 163232
	160  -  MemoryUsage of job (MB)
	163232  -  ResidentSetSize of job (KB)
...
006 (19532802.000.000) 2026-06-02 16:07:54 Image size of job updated: 179896
	176  -  MemoryUsage of job (MB)
	179896  -  ResidentSetSize of job (KB)
...
006 (19532802.000.000) 2026-06-02 16:10:25 Image size of job updated: 296544
	176  -  MemoryUsage of job (MB)
	179896  -  ResidentSetSize of job (KB)
...
005 (19532802.000.000) 2026-06-02 16:10:25 Job terminated.
	(1) Normal termination (return value 0)
		Usr 0 00:16:48, Sys 0 00:00:10  -  Run Remote Usage
		Usr 0 00:00:00, Sys 0 00:00:00  -  Run Local Usage
		Usr 0 00:16:48, Sys 0 00:00:10  -  Total Remote Usage
		Usr 0 00:00:00, Sys 0 00:00:00  -  Total Local Usage
	0  -  Run Bytes Sent By Job
	0  -  Run Bytes Received By Job
	0  -  Total Bytes Sent By Job
	0  -  Total Bytes Received By Job
	Partitionable Resources :    Usage  Request Allocated 
	   admin_mutex_1         :                           0 
	   admin_mutex_2         :                           0 
	   admin_mutex_3         :                           0 
	   Cpus                  :     0.99        1         1 
	   Disk (KB)             :    10        2048      5480 
	   GPUs                  :                           0 
	   machine_token         :                           0 
	   Memory (MB)           :   176        6000      6016 
	   TimeExecute (s)       :  1065                       
	   TimeSlotBusy (s)      :  1067                       

	Job terminated of its own accord at 2026-06-02T21:10:25Z with exit-code 0.
...
