000 (19534677.000.000) 2026-06-02 15:52:50 Job submitted from host: <10.128.10.103:9618?addrs=10.128.10.103-9618&alias=npx-submitter.icecube.wisc.edu&noUDP&sock=schedd_2449_6386>
    DAG Node: Drootprod_20170602_81181
...
001 (19534677.000.000) 2026-06-02 16:39:12 Job executing on host: <10.128.10.187:34023?addrs=10.128.10.187-34023&alias=n-smepyc-00.icecube.wisc.edu>
	SlotName: slot1_7@n-smepyc-00.icecube.wisc.edu
	admin_mutex_1 = 0
	admin_mutex_2 = 0
	admin_mutex_3 = 0
	CondorScratchDir = "/scratch/condor/dir_1809641"
	Cpus = 1
	Disk = 3072
	GPUs = 0
	machine_token = 0
	Memory = 6016
...
006 (19534677.000.000) 2026-06-02 16:39:26 Image size of job updated: 122184
	120  -  MemoryUsage of job (MB)
	122184  -  ResidentSetSize of job (KB)
...
006 (19534677.000.000) 2026-06-02 16:44:27 Image size of job updated: 174812
	171  -  MemoryUsage of job (MB)
	174812  -  ResidentSetSize of job (KB)
...
006 (19534677.000.000) 2026-06-02 16:49:27 Image size of job updated: 462684
	452  -  MemoryUsage of job (MB)
	462684  -  ResidentSetSize of job (KB)
...
006 (19534677.000.000) 2026-06-02 16:50:39 Image size of job updated: 479776
	452  -  MemoryUsage of job (MB)
	462684  -  ResidentSetSize of job (KB)
...
005 (19534677.000.000) 2026-06-02 16:50:39 Job terminated.
	(1) Normal termination (return value 0)
		Usr 0 00:10:54, Sys 0 00:00:10  -  Run Remote Usage
		Usr 0 00:00:00, Sys 0 00:00:00  -  Run Local Usage
		Usr 0 00:10:54, Sys 0 00:00:10  -  Total Remote Usage
		Usr 0 00:00:00, Sys 0 00:00:00  -  Total Local Usage
	0  -  Run Bytes Sent By Job
	0  -  Run Bytes Received By Job
	0  -  Total Bytes Sent By Job
	0  -  Total Bytes Received By Job
	Partitionable Resources :    Usage  Request Allocated 
	   admin_mutex_1         :                           0 
	   admin_mutex_2         :                           0 
	   admin_mutex_3         :                           0 
	   Cpus                  :     0.99        1         1 
	   Disk (KB)             :    10        2048      3072 
	   GPUs                  :                           0 
	   machine_token         :                           0 
	   Memory (MB)           :   452        6000      6016 
	   TimeExecute (s)       :   687                       
	   TimeSlotBusy (s)      :   687                       

	Job terminated of its own accord at 2026-06-02T21:50:39Z with exit-code 0.
...
