000 (19534476.000.000) 2026-06-02 15:52:28 Job submitted from host: <10.128.10.103:9618?addrs=10.128.10.103-9618&alias=npx-submitter.icecube.wisc.edu&noUDP&sock=schedd_2449_6386>
    DAG Node: Drootprod_20170521_95495
...
001 (19534476.000.000) 2026-06-02 16:34:51 Job executing on host: <10.128.11.51:41189?addrs=10.128.11.51-41189&alias=n-smbc-32.icecube.wisc.edu>
	SlotName: slot1_13@n-smbc-32.icecube.wisc.edu
	admin_mutex_1 = 0
	admin_mutex_2 = 0
	admin_mutex_3 = 0
	CondorScratchDir = "/scratch/condor/dir_2035761"
	Cpus = 1
	Disk = 3072
	GPUs = 0
	machine_token = 0
	Memory = 6016
...
006 (19534476.000.000) 2026-06-02 16:35:05 Image size of job updated: 27232
	27  -  MemoryUsage of job (MB)
	27232  -  ResidentSetSize of job (KB)
...
006 (19534476.000.000) 2026-06-02 16:40:06 Image size of job updated: 125096
	123  -  MemoryUsage of job (MB)
	125096  -  ResidentSetSize of job (KB)
...
006 (19534476.000.000) 2026-06-02 16:45:07 Image size of job updated: 128504
	126  -  MemoryUsage of job (MB)
	128504  -  ResidentSetSize of job (KB)
...
006 (19534476.000.000) 2026-06-02 16:50:07 Image size of job updated: 132476
	130  -  MemoryUsage of job (MB)
	132476  -  ResidentSetSize of job (KB)
...
006 (19534476.000.000) 2026-06-02 16:55:08 Image size of job updated: 136396
	134  -  MemoryUsage of job (MB)
	136396  -  ResidentSetSize of job (KB)
...
006 (19534476.000.000) 2026-06-02 17:00:09 Image size of job updated: 139688
	137  -  MemoryUsage of job (MB)
	139688  -  ResidentSetSize of job (KB)
...
006 (19534476.000.000) 2026-06-02 17:05:09 Image size of job updated: 143076
	140  -  MemoryUsage of job (MB)
	143076  -  ResidentSetSize of job (KB)
...
006 (19534476.000.000) 2026-06-02 17:10:10 Image size of job updated: 149756
	147  -  MemoryUsage of job (MB)
	149756  -  ResidentSetSize of job (KB)
...
006 (19534476.000.000) 2026-06-02 17:15:11 Image size of job updated: 150780
	148  -  MemoryUsage of job (MB)
	150780  -  ResidentSetSize of job (KB)
...
006 (19534476.000.000) 2026-06-02 17:20:11 Image size of job updated: 154092
	151  -  MemoryUsage of job (MB)
	154092  -  ResidentSetSize of job (KB)
...
006 (19534476.000.000) 2026-06-02 17:25:12 Image size of job updated: 157076
	154  -  MemoryUsage of job (MB)
	157076  -  ResidentSetSize of job (KB)
...
006 (19534476.000.000) 2026-06-02 17:30:12 Image size of job updated: 160408
	157  -  MemoryUsage of job (MB)
	160408  -  ResidentSetSize of job (KB)
...
006 (19534476.000.000) 2026-06-02 17:35:13 Image size of job updated: 163172
	160  -  MemoryUsage of job (MB)
	163172  -  ResidentSetSize of job (KB)
...
006 (19534476.000.000) 2026-06-02 17:40:13 Image size of job updated: 166632
	163  -  MemoryUsage of job (MB)
	166632  -  ResidentSetSize of job (KB)
...
006 (19534476.000.000) 2026-06-02 17:45:14 Image size of job updated: 170480
	167  -  MemoryUsage of job (MB)
	170480  -  ResidentSetSize of job (KB)
...
006 (19534476.000.000) 2026-06-02 17:50:14 Image size of job updated: 173484
	170  -  MemoryUsage of job (MB)
	173484  -  ResidentSetSize of job (KB)
...
006 (19534476.000.000) 2026-06-02 17:55:15 Image size of job updated: 175984
	172  -  MemoryUsage of job (MB)
	175984  -  ResidentSetSize of job (KB)
...
006 (19534476.000.000) 2026-06-02 18:00:15 Image size of job updated: 178296
	175  -  MemoryUsage of job (MB)
	178296  -  ResidentSetSize of job (KB)
...
006 (19534476.000.000) 2026-06-02 18:05:15 Image size of job updated: 182988
	179  -  MemoryUsage of job (MB)
	182988  -  ResidentSetSize of job (KB)
...
006 (19534476.000.000) 2026-06-02 18:10:16 Image size of job updated: 299496
	293  -  MemoryUsage of job (MB)
	299496  -  ResidentSetSize of job (KB)
...
006 (19534476.000.000) 2026-06-02 18:15:16 Image size of job updated: 306312
	300  -  MemoryUsage of job (MB)
	306312  -  ResidentSetSize of job (KB)
...
006 (19534476.000.000) 2026-06-02 18:20:18 Image size of job updated: 311820
	305  -  MemoryUsage of job (MB)
	311820  -  ResidentSetSize of job (KB)
...
006 (19534476.000.000) 2026-06-02 18:25:18 Image size of job updated: 319172
	312  -  MemoryUsage of job (MB)
	319172  -  ResidentSetSize of job (KB)
...
006 (19534476.000.000) 2026-06-02 18:30:19 Image size of job updated: 457844
	448  -  MemoryUsage of job (MB)
	457844  -  ResidentSetSize of job (KB)
...
006 (19534476.000.000) 2026-06-02 18:35:19 Image size of job updated: 463272
	453  -  MemoryUsage of job (MB)
	463272  -  ResidentSetSize of job (KB)
...
006 (19534476.000.000) 2026-06-02 18:40:20 Image size of job updated: 468824
	458  -  MemoryUsage of job (MB)
	468824  -  ResidentSetSize of job (KB)
...
006 (19534476.000.000) 2026-06-02 18:43:42 Image size of job updated: 488700
	458  -  MemoryUsage of job (MB)
	468824  -  ResidentSetSize of job (KB)
...
005 (19534476.000.000) 2026-06-02 18:43:42 Job terminated.
	(1) Normal termination (return value 0)
		Usr 0 02:06:02, Sys 0 00:00:51  -  Run Remote Usage
		Usr 0 00:00:00, Sys 0 00:00:00  -  Run Local Usage
		Usr 0 02:06:02, Sys 0 00:00:51  -  Total Remote Usage
		Usr 0 00:00:00, Sys 0 00:00:00  -  Total Local Usage
	0  -  Run Bytes Sent By Job
	0  -  Run Bytes Received By Job
	0  -  Total Bytes Sent By Job
	0  -  Total Bytes Received By Job
	Partitionable Resources :    Usage  Request Allocated 
	   admin_mutex_1         :                           0 
	   admin_mutex_2         :                           0 
	   admin_mutex_3         :                           0 
	   Cpus                  :     0.99        1         1 
	   Disk (KB)             :    10        2048      3072 
	   GPUs                  :                           0 
	   machine_token         :                           0 
	   Memory (MB)           :   458        6000      6016 
	   TimeExecute (s)       :  7731                       
	   TimeSlotBusy (s)      :  7731                       

	Job terminated of its own accord at 2026-06-02T23:43:42Z with exit-code 0.
...
