000 (19536691.000.000) 2026-06-02 15:57:01 Job submitted from host: <10.128.10.103:9618?addrs=10.128.10.103-9618&alias=npx-submitter.icecube.wisc.edu&noUDP&sock=schedd_2449_6386>
    DAG Node: Drootprod_20171012_86127
...
001 (19536691.000.000) 2026-06-02 17:25:05 Job executing on host: <10.128.10.191:42321?addrs=10.128.10.191-42321&alias=n-smepyc-04.icecube.wisc.edu>
	SlotName: slot1_36@n-smepyc-04.icecube.wisc.edu
	admin_mutex_1 = 0
	admin_mutex_2 = 0
	admin_mutex_3 = 0
	CondorScratchDir = "/scratch/condor/dir_358832"
	Cpus = 1
	Disk = 3072
	GPUs = 0
	machine_token = 0
	Memory = 6016
...
006 (19536691.000.000) 2026-06-02 17:25:18 Image size of job updated: 122532
	120  -  MemoryUsage of job (MB)
	122532  -  ResidentSetSize of job (KB)
...
006 (19536691.000.000) 2026-06-02 17:30:18 Image size of job updated: 179612
	176  -  MemoryUsage of job (MB)
	179612  -  ResidentSetSize of job (KB)
...
006 (19536691.000.000) 2026-06-02 17:35:18 Image size of job updated: 470844
	460  -  MemoryUsage of job (MB)
	470844  -  ResidentSetSize of job (KB)
...
006 (19536691.000.000) 2026-06-02 17:35:34 Image size of job updated: 474644
	460  -  MemoryUsage of job (MB)
	470844  -  ResidentSetSize of job (KB)
...
005 (19536691.000.000) 2026-06-02 17:35:34 Job terminated.
	(1) Normal termination (return value 0)
		Usr 0 00:09:59, Sys 0 00:00:10  -  Run Remote Usage
		Usr 0 00:00:00, Sys 0 00:00:00  -  Run Local Usage
		Usr 0 00:09:59, Sys 0 00:00:10  -  Total Remote Usage
		Usr 0 00:00:00, Sys 0 00:00:00  -  Total Local Usage
	0  -  Run Bytes Sent By Job
	0  -  Run Bytes Received By Job
	0  -  Total Bytes Sent By Job
	0  -  Total Bytes Received By Job
	Partitionable Resources :    Usage  Request Allocated 
	   admin_mutex_1         :                           0 
	   admin_mutex_2         :                           0 
	   admin_mutex_3         :                           0 
	   Cpus                  :     0.97        1         1 
	   Disk (KB)             :    10        2048      3072 
	   GPUs                  :                           0 
	   machine_token         :                           0 
	   Memory (MB)           :   460        6000      6016 
	   TimeExecute (s)       :   629                       
	   TimeSlotBusy (s)      :   630                       

	Job terminated of its own accord at 2026-06-02T22:35:34Z with exit-code 0.
...
