000 (19533905.000.000) 2026-06-02 15:51:23 Job submitted from host: <10.128.10.103:9618?addrs=10.128.10.103-9618&alias=npx-submitter.icecube.wisc.edu&noUDP&sock=schedd_2449_6386>
    DAG Node: Drootprod_20170416_98941
...
001 (19533905.000.000) 2026-06-02 16:22:29 Job executing on host: <10.128.10.115:33587?addrs=10.128.10.115-33587&alias=n-gibyte-00.icecube.wisc.edu>
	SlotName: slot1_482@n-gibyte-00.icecube.wisc.edu
	admin_mutex_1 = 0
	admin_mutex_2 = 0
	admin_mutex_3 = 0
	CondorScratchDir = "/scratch/condor/dir_2137881"
	Cpus = 1
	Disk = 5480
	GPUs = 0
	machine_token = 0
	Memory = 6016
...
006 (19533905.000.000) 2026-06-02 16:22:43 Image size of job updated: 120028
	118  -  MemoryUsage of job (MB)
	120028  -  ResidentSetSize of job (KB)
...
006 (19533905.000.000) 2026-06-02 16:27:44 Image size of job updated: 150328
	147  -  MemoryUsage of job (MB)
	150328  -  ResidentSetSize of job (KB)
...
006 (19533905.000.000) 2026-06-02 16:32:45 Image size of job updated: 174684
	171  -  MemoryUsage of job (MB)
	174684  -  ResidentSetSize of job (KB)
...
006 (19533905.000.000) 2026-06-02 16:37:45 Image size of job updated: 305840
	299  -  MemoryUsage of job (MB)
	305840  -  ResidentSetSize of job (KB)
...
006 (19533905.000.000) 2026-06-02 16:42:46 Image size of job updated: 464292
	454  -  MemoryUsage of job (MB)
	464292  -  ResidentSetSize of job (KB)
...
006 (19533905.000.000) 2026-06-02 16:45:41 Image size of job updated: 651164
	454  -  MemoryUsage of job (MB)
	464292  -  ResidentSetSize of job (KB)
...
005 (19533905.000.000) 2026-06-02 16:45:41 Job terminated.
	(1) Normal termination (return value 0)
		Usr 0 00:21:51, Sys 0 00:00:16  -  Run Remote Usage
		Usr 0 00:00:00, Sys 0 00:00:00  -  Run Local Usage
		Usr 0 00:21:51, Sys 0 00:00:16  -  Total Remote Usage
		Usr 0 00:00:00, Sys 0 00:00:00  -  Total Local Usage
	0  -  Run Bytes Sent By Job
	0  -  Run Bytes Received By Job
	0  -  Total Bytes Sent By Job
	0  -  Total Bytes Received By Job
	Partitionable Resources :    Usage  Request Allocated 
	   admin_mutex_1         :                           0 
	   admin_mutex_2         :                           0 
	   admin_mutex_3         :                           0 
	   Cpus                  :     0.99        1         1 
	   Disk (KB)             :    10        2048      5480 
	   GPUs                  :                           0 
	   machine_token         :                           0 
	   Memory (MB)           :   454        6000      6016 
	   TimeExecute (s)       :  1392                       
	   TimeSlotBusy (s)      :  1392                       

	Job terminated of its own accord at 2026-06-02T21:45:41Z with exit-code 0.
...
