000 (19533290.000.000) 2026-06-02 15:50:04 Job submitted from host: <10.128.10.103:9618?addrs=10.128.10.103-9618&alias=npx-submitter.icecube.wisc.edu&noUDP&sock=schedd_2449_6386>
    DAG Node: Drootprod_20170305_24111
...
001 (19533290.000.000) 2026-06-02 16:11:04 Job executing on host: <10.128.10.116:38163?addrs=10.128.10.116-38163&alias=n-gibyte-01.icecube.wisc.edu>
	SlotName: slot1_42@n-gibyte-01.icecube.wisc.edu
	admin_mutex_1 = 0
	admin_mutex_2 = 0
	admin_mutex_3 = 0
	CondorScratchDir = "/scratch/condor/dir_2456916"
	Cpus = 1
	Disk = 5480
	GPUs = 0
	machine_token = 0
	Memory = 6016
...
006 (19533290.000.000) 2026-06-02 16:11:18 Image size of job updated: 119520
	117  -  MemoryUsage of job (MB)
	119520  -  ResidentSetSize of job (KB)
...
006 (19533290.000.000) 2026-06-02 16:16:19 Image size of job updated: 143668
	141  -  MemoryUsage of job (MB)
	143668  -  ResidentSetSize of job (KB)
...
006 (19533290.000.000) 2026-06-02 16:21:19 Image size of job updated: 163820
	160  -  MemoryUsage of job (MB)
	163820  -  ResidentSetSize of job (KB)
...
022 (19533290.000.000) 2026-06-02 16:23:27 Job disconnected, attempting to reconnect
    Socket between submit and execute hosts closed unexpectedly
    Trying to reconnect to slot1_42@n-gibyte-01.icecube.wisc.edu <10.128.10.116:38163?addrs=10.128.10.116-38163&alias=n-gibyte-01.icecube.wisc.edu>
...
024 (19533290.000.000) 2026-06-02 17:03:27 Job reconnection failed
    Job disconnected too long: JobLeaseDuration (2400 seconds) expired
    Can not reconnect to slot1_42@n-gibyte-01.icecube.wisc.edu, rescheduling job
...
004 (19533290.000.000) 2026-06-02 17:03:37 Job was evicted.
	(0) CPU times
		Usr 0 00:09:41, Sys 0 00:00:06  -  Run Remote Usage
		Usr 0 00:00:00, Sys 0 00:00:00  -  Run Local Usage
	0  -  Run Bytes Sent By Job
	0  -  Run Bytes Received By Job
	Job disconnected too long: JobLeaseDuration (2400 seconds) expired
	Partitionable Resources :    Usage  Request Allocated 
	   admin_mutex_1         :                           0 
	   admin_mutex_2         :                           0 
	   admin_mutex_3         :                           0 
	   Cpus                  :     0.90        1         1 
	   Disk (KB)             :    10        2048      5480 
	   GPUs                  :                           0 
	   machine_token         :                           0 
	   Memory (MB)           :   160        6000      6016 
...
001 (19533290.000.000) 2026-06-02 17:07:38 Job executing on host: <10.128.10.238:43797?addrs=10.128.10.238-43797&alias=n-gpu-42.icecube.wisc.edu>
	SlotName: slot1_82@n-gpu-42.icecube.wisc.edu
	admin_mutex_1 = 0
	admin_mutex_2 = 0
	admin_mutex_3 = 0
	AvailableGPUs = {  }
	CondorScratchDir = "/scratch/condor/dir_2205671"
	Cpus = 1
	Disk = 3072
	GPUs = 0
	machine_token = 0
	Memory = 6016
...
006 (19533290.000.000) 2026-06-02 17:17:54 Image size of job updated: 303668
	297  -  MemoryUsage of job (MB)
	303668  -  ResidentSetSize of job (KB)
...
006 (19533290.000.000) 2026-06-02 17:21:01 Image size of job updated: 460128
	297  -  MemoryUsage of job (MB)
	303668  -  ResidentSetSize of job (KB)
...
005 (19533290.000.000) 2026-06-02 17:21:01 Job terminated.
	(1) Normal termination (return value 0)
		Usr 0 00:12:28, Sys 0 00:00:13  -  Run Remote Usage
		Usr 0 00:00:00, Sys 0 00:00:00  -  Run Local Usage
		Usr 0 00:22:09, Sys 0 00:00:19  -  Total Remote Usage
		Usr 0 00:00:00, Sys 0 00:00:00  -  Total Local Usage
	0  -  Run Bytes Sent By Job
	0  -  Run Bytes Received By Job
	0  -  Total Bytes Sent By Job
	0  -  Total Bytes Received By Job
	Partitionable Resources :    Usage  Request Allocated 
	   admin_mutex_1         :                           0 
	   admin_mutex_2         :                           0 
	   admin_mutex_3         :                           0 
	   Cpus                  :     0.96        1         1 
	   Disk (KB)             :    10        2048      3072 
	   GPUs                  :                           0 
	   machine_token         :                           0 
	   Memory (MB)           :   297        6000      6016 
	   TimeExecute (s)       :   803                       
	   TimeSlotBusy (s)      :   803                       

	Job terminated of its own accord at 2026-06-02T22:21:01Z with exit-code 0.
...
