000 (19534825.000.000) 2026-06-02 15:53:08 Job submitted from host: <10.128.10.103:9618?addrs=10.128.10.103-9618&alias=npx-submitter.icecube.wisc.edu&noUDP&sock=schedd_2449_6386>
    DAG Node: Drootprod_20170609_39968
...
001 (19534825.000.000) 2026-06-02 16:41:46 Job executing on host: <10.128.11.52:39593?addrs=10.128.11.52-39593&alias=n-smbc-33.icecube.wisc.edu>
	SlotName: slot1_11@n-smbc-33.icecube.wisc.edu
	admin_mutex_1 = 0
	admin_mutex_2 = 0
	admin_mutex_3 = 0
	CondorScratchDir = "/scratch/condor/dir_2465842"
	Cpus = 1
	Disk = 3072
	GPUs = 0
	machine_token = 0
	Memory = 6016
...
006 (19534825.000.000) 2026-06-02 16:41:59 Image size of job updated: 17120
	17  -  MemoryUsage of job (MB)
	17120  -  ResidentSetSize of job (KB)
...
006 (19534825.000.000) 2026-06-02 16:46:59 Image size of job updated: 123264
	121  -  MemoryUsage of job (MB)
	123264  -  ResidentSetSize of job (KB)
...
006 (19534825.000.000) 2026-06-02 16:51:59 Image size of job updated: 125184
	123  -  MemoryUsage of job (MB)
	125184  -  ResidentSetSize of job (KB)
...
006 (19534825.000.000) 2026-06-02 16:56:59 Image size of job updated: 126692
	124  -  MemoryUsage of job (MB)
	126692  -  ResidentSetSize of job (KB)
...
006 (19534825.000.000) 2026-06-02 17:01:59 Image size of job updated: 128188
	126  -  MemoryUsage of job (MB)
	128188  -  ResidentSetSize of job (KB)
...
006 (19534825.000.000) 2026-06-02 17:06:59 Image size of job updated: 129420
	127  -  MemoryUsage of job (MB)
	129420  -  ResidentSetSize of job (KB)
...
006 (19534825.000.000) 2026-06-02 17:12:00 Image size of job updated: 130160
	128  -  MemoryUsage of job (MB)
	130160  -  ResidentSetSize of job (KB)
...
006 (19534825.000.000) 2026-06-02 17:17:01 Image size of job updated: 130896
	128  -  MemoryUsage of job (MB)
	130896  -  ResidentSetSize of job (KB)
...
006 (19534825.000.000) 2026-06-02 17:22:02 Image size of job updated: 132372
	130  -  MemoryUsage of job (MB)
	132372  -  ResidentSetSize of job (KB)
...
006 (19534825.000.000) 2026-06-02 17:27:03 Image size of job updated: 133740
	131  -  MemoryUsage of job (MB)
	133740  -  ResidentSetSize of job (KB)
...
006 (19534825.000.000) 2026-06-02 17:32:04 Image size of job updated: 135132
	132  -  MemoryUsage of job (MB)
	135132  -  ResidentSetSize of job (KB)
...
006 (19534825.000.000) 2026-06-02 17:37:05 Image size of job updated: 135460
	133  -  MemoryUsage of job (MB)
	135460  -  ResidentSetSize of job (KB)
...
006 (19534825.000.000) 2026-06-02 17:42:05 Image size of job updated: 136044
	133  -  MemoryUsage of job (MB)
	136044  -  ResidentSetSize of job (KB)
...
006 (19534825.000.000) 2026-06-02 17:47:05 Image size of job updated: 136960
	134  -  MemoryUsage of job (MB)
	136960  -  ResidentSetSize of job (KB)
...
006 (19534825.000.000) 2026-06-02 17:52:05 Image size of job updated: 137992
	135  -  MemoryUsage of job (MB)
	137992  -  ResidentSetSize of job (KB)
...
006 (19534825.000.000) 2026-06-02 17:57:05 Image size of job updated: 138780
	136  -  MemoryUsage of job (MB)
	138780  -  ResidentSetSize of job (KB)
...
006 (19534825.000.000) 2026-06-02 18:02:05 Image size of job updated: 139612
	137  -  MemoryUsage of job (MB)
	139612  -  ResidentSetSize of job (KB)
...
006 (19534825.000.000) 2026-06-02 18:07:06 Image size of job updated: 140444
	138  -  MemoryUsage of job (MB)
	140444  -  ResidentSetSize of job (KB)
...
006 (19534825.000.000) 2026-06-02 18:12:07 Image size of job updated: 141124
	138  -  MemoryUsage of job (MB)
	141124  -  ResidentSetSize of job (KB)
...
006 (19534825.000.000) 2026-06-02 18:17:07 Image size of job updated: 141896
	139  -  MemoryUsage of job (MB)
	141896  -  ResidentSetSize of job (KB)
...
006 (19534825.000.000) 2026-06-02 18:22:07 Image size of job updated: 142728
	140  -  MemoryUsage of job (MB)
	142728  -  ResidentSetSize of job (KB)
...
006 (19534825.000.000) 2026-06-02 18:27:07 Image size of job updated: 143580
	141  -  MemoryUsage of job (MB)
	143580  -  ResidentSetSize of job (KB)
...
006 (19534825.000.000) 2026-06-02 18:32:07 Image size of job updated: 144296
	141  -  MemoryUsage of job (MB)
	144296  -  ResidentSetSize of job (KB)
...
006 (19534825.000.000) 2026-06-02 18:37:07 Image size of job updated: 145116
	142  -  MemoryUsage of job (MB)
	145116  -  ResidentSetSize of job (KB)
...
006 (19534825.000.000) 2026-06-02 18:42:07 Image size of job updated: 150008
	147  -  MemoryUsage of job (MB)
	150008  -  ResidentSetSize of job (KB)
...
006 (19534825.000.000) 2026-06-02 18:52:09 Image size of job updated: 150728
	148  -  MemoryUsage of job (MB)
	150728  -  ResidentSetSize of job (KB)
...
006 (19534825.000.000) 2026-06-02 18:57:09 Image size of job updated: 152224
	149  -  MemoryUsage of job (MB)
	152224  -  ResidentSetSize of job (KB)
...
006 (19534825.000.000) 2026-06-02 19:02:09 Image size of job updated: 153472
	150  -  MemoryUsage of job (MB)
	153472  -  ResidentSetSize of job (KB)
...
006 (19534825.000.000) 2026-06-02 19:07:09 Image size of job updated: 154188
	151  -  MemoryUsage of job (MB)
	154188  -  ResidentSetSize of job (KB)
...
006 (19534825.000.000) 2026-06-02 19:12:09 Image size of job updated: 155008
	152  -  MemoryUsage of job (MB)
	155008  -  ResidentSetSize of job (KB)
...
006 (19534825.000.000) 2026-06-02 19:17:09 Image size of job updated: 155740
	153  -  MemoryUsage of job (MB)
	155740  -  ResidentSetSize of job (KB)
...
006 (19534825.000.000) 2026-06-02 19:22:09 Image size of job updated: 156532
	153  -  MemoryUsage of job (MB)
	156532  -  ResidentSetSize of job (KB)
...
006 (19534825.000.000) 2026-06-02 19:27:09 Image size of job updated: 157392
	154  -  MemoryUsage of job (MB)
	157392  -  ResidentSetSize of job (KB)
...
006 (19534825.000.000) 2026-06-02 19:32:09 Image size of job updated: 158348
	155  -  MemoryUsage of job (MB)
	158348  -  ResidentSetSize of job (KB)
...
006 (19534825.000.000) 2026-06-02 19:37:09 Image size of job updated: 159172
	156  -  MemoryUsage of job (MB)
	159172  -  ResidentSetSize of job (KB)
...
006 (19534825.000.000) 2026-06-02 19:42:09 Image size of job updated: 160088
	157  -  MemoryUsage of job (MB)
	160088  -  ResidentSetSize of job (KB)
...
006 (19534825.000.000) 2026-06-02 19:47:09 Image size of job updated: 161548
	158  -  MemoryUsage of job (MB)
	161548  -  ResidentSetSize of job (KB)
...
006 (19534825.000.000) 2026-06-02 19:52:09 Image size of job updated: 162188
	159  -  MemoryUsage of job (MB)
	162188  -  ResidentSetSize of job (KB)
...
006 (19534825.000.000) 2026-06-02 19:57:09 Image size of job updated: 162960
	160  -  MemoryUsage of job (MB)
	162960  -  ResidentSetSize of job (KB)
...
006 (19534825.000.000) 2026-06-02 20:02:09 Image size of job updated: 164240
	161  -  MemoryUsage of job (MB)
	164240  -  ResidentSetSize of job (KB)
...
006 (19534825.000.000) 2026-06-02 20:07:09 Image size of job updated: 165184
	162  -  MemoryUsage of job (MB)
	165184  -  ResidentSetSize of job (KB)
...
006 (19534825.000.000) 2026-06-02 20:12:10 Image size of job updated: 166320
	163  -  MemoryUsage of job (MB)
	166320  -  ResidentSetSize of job (KB)
...
006 (19534825.000.000) 2026-06-02 20:17:11 Image size of job updated: 167448
	164  -  MemoryUsage of job (MB)
	167448  -  ResidentSetSize of job (KB)
...
006 (19534825.000.000) 2026-06-02 20:22:11 Image size of job updated: 168632
	165  -  MemoryUsage of job (MB)
	168632  -  ResidentSetSize of job (KB)
...
006 (19534825.000.000) 2026-06-02 20:27:12 Image size of job updated: 169996
	167  -  MemoryUsage of job (MB)
	169996  -  ResidentSetSize of job (KB)
...
006 (19534825.000.000) 2026-06-02 20:32:13 Image size of job updated: 171224
	168  -  MemoryUsage of job (MB)
	171224  -  ResidentSetSize of job (KB)
...
006 (19534825.000.000) 2026-06-02 20:37:13 Image size of job updated: 172016
	168  -  MemoryUsage of job (MB)
	172016  -  ResidentSetSize of job (KB)
...
006 (19534825.000.000) 2026-06-02 20:42:13 Image size of job updated: 173260
	170  -  MemoryUsage of job (MB)
	173260  -  ResidentSetSize of job (KB)
...
006 (19534825.000.000) 2026-06-02 20:47:13 Image size of job updated: 174172
	171  -  MemoryUsage of job (MB)
	174172  -  ResidentSetSize of job (KB)
...
006 (19534825.000.000) 2026-06-02 20:52:14 Image size of job updated: 175376
	172  -  MemoryUsage of job (MB)
	175376  -  ResidentSetSize of job (KB)
...
006 (19534825.000.000) 2026-06-02 20:57:14 Image size of job updated: 176248
	173  -  MemoryUsage of job (MB)
	176248  -  ResidentSetSize of job (KB)
...
006 (19534825.000.000) 2026-06-02 21:02:14 Image size of job updated: 177380
	174  -  MemoryUsage of job (MB)
	177380  -  ResidentSetSize of job (KB)
...
006 (19534825.000.000) 2026-06-02 21:07:15 Image size of job updated: 178520
	175  -  MemoryUsage of job (MB)
	178520  -  ResidentSetSize of job (KB)
...
006 (19534825.000.000) 2026-06-02 21:12:15 Image size of job updated: 179892
	176  -  MemoryUsage of job (MB)
	179892  -  ResidentSetSize of job (KB)
...
006 (19534825.000.000) 2026-06-02 21:17:15 Image size of job updated: 182760
	179  -  MemoryUsage of job (MB)
	182760  -  ResidentSetSize of job (KB)
...
006 (19534825.000.000) 2026-06-02 21:22:16 Image size of job updated: 184284
	180  -  MemoryUsage of job (MB)
	184284  -  ResidentSetSize of job (KB)
...
006 (19534825.000.000) 2026-06-02 21:27:16 Image size of job updated: 294152
	288  -  MemoryUsage of job (MB)
	294152  -  ResidentSetSize of job (KB)
...
006 (19534825.000.000) 2026-06-02 21:32:17 Image size of job updated: 295288
	289  -  MemoryUsage of job (MB)
	295288  -  ResidentSetSize of job (KB)
...
006 (19534825.000.000) 2026-06-02 21:37:18 Image size of job updated: 296448
	290  -  MemoryUsage of job (MB)
	296448  -  ResidentSetSize of job (KB)
...
006 (19534825.000.000) 2026-06-02 21:42:18 Image size of job updated: 297488
	291  -  MemoryUsage of job (MB)
	297488  -  ResidentSetSize of job (KB)
...
006 (19534825.000.000) 2026-06-02 21:47:19 Image size of job updated: 298464
	292  -  MemoryUsage of job (MB)
	298464  -  ResidentSetSize of job (KB)
...
006 (19534825.000.000) 2026-06-02 21:52:19 Image size of job updated: 299644
	293  -  MemoryUsage of job (MB)
	299644  -  ResidentSetSize of job (KB)
...
006 (19534825.000.000) 2026-06-02 21:57:19 Image size of job updated: 300700
	294  -  MemoryUsage of job (MB)
	300700  -  ResidentSetSize of job (KB)
...
006 (19534825.000.000) 2026-06-02 22:02:20 Image size of job updated: 301756
	295  -  MemoryUsage of job (MB)
	301756  -  ResidentSetSize of job (KB)
...
006 (19534825.000.000) 2026-06-02 22:07:20 Image size of job updated: 302916
	296  -  MemoryUsage of job (MB)
	302916  -  ResidentSetSize of job (KB)
...
006 (19534825.000.000) 2026-06-02 22:12:20 Image size of job updated: 304164
	298  -  MemoryUsage of job (MB)
	304164  -  ResidentSetSize of job (KB)
...
006 (19534825.000.000) 2026-06-02 22:17:21 Image size of job updated: 305036
	298  -  MemoryUsage of job (MB)
	305036  -  ResidentSetSize of job (KB)
...
006 (19534825.000.000) 2026-06-02 22:22:21 Image size of job updated: 306308
	300  -  MemoryUsage of job (MB)
	306308  -  ResidentSetSize of job (KB)
...
006 (19534825.000.000) 2026-06-02 22:27:22 Image size of job updated: 307092
	300  -  MemoryUsage of job (MB)
	307092  -  ResidentSetSize of job (KB)
...
006 (19534825.000.000) 2026-06-02 22:32:23 Image size of job updated: 308156
	301  -  MemoryUsage of job (MB)
	308156  -  ResidentSetSize of job (KB)
...
006 (19534825.000.000) 2026-06-02 22:37:23 Image size of job updated: 309224
	302  -  MemoryUsage of job (MB)
	309224  -  ResidentSetSize of job (KB)
...
006 (19534825.000.000) 2026-06-02 22:42:24 Image size of job updated: 310648
	304  -  MemoryUsage of job (MB)
	310648  -  ResidentSetSize of job (KB)
...
006 (19534825.000.000) 2026-06-02 22:47:24 Image size of job updated: 313580
	307  -  MemoryUsage of job (MB)
	313580  -  ResidentSetSize of job (KB)
...
006 (19534825.000.000) 2026-06-02 22:52:25 Image size of job updated: 316240
	309  -  MemoryUsage of job (MB)
	316240  -  ResidentSetSize of job (KB)
...
006 (19534825.000.000) 2026-06-02 22:57:26 Image size of job updated: 317548
	311  -  MemoryUsage of job (MB)
	317548  -  ResidentSetSize of job (KB)
...
006 (19534825.000.000) 2026-06-02 23:02:26 Image size of job updated: 319016
	312  -  MemoryUsage of job (MB)
	319016  -  ResidentSetSize of job (KB)
...
006 (19534825.000.000) 2026-06-02 23:07:27 Image size of job updated: 453792
	444  -  MemoryUsage of job (MB)
	453792  -  ResidentSetSize of job (KB)
...
006 (19534825.000.000) 2026-06-02 23:12:27 Image size of job updated: 457540
	447  -  MemoryUsage of job (MB)
	457540  -  ResidentSetSize of job (KB)
...
006 (19534825.000.000) 2026-06-02 23:17:28 Image size of job updated: 460992
	451  -  MemoryUsage of job (MB)
	460992  -  ResidentSetSize of job (KB)
...
006 (19534825.000.000) 2026-06-02 23:22:28 Image size of job updated: 462300
	452  -  MemoryUsage of job (MB)
	462300  -  ResidentSetSize of job (KB)
...
006 (19534825.000.000) 2026-06-02 23:27:29 Image size of job updated: 463520
	453  -  MemoryUsage of job (MB)
	463520  -  ResidentSetSize of job (KB)
...
006 (19534825.000.000) 2026-06-02 23:32:30 Image size of job updated: 464920
	455  -  MemoryUsage of job (MB)
	464920  -  ResidentSetSize of job (KB)
...
006 (19534825.000.000) 2026-06-02 23:37:30 Image size of job updated: 466216
	456  -  MemoryUsage of job (MB)
	466216  -  ResidentSetSize of job (KB)
...
006 (19534825.000.000) 2026-06-02 23:42:31 Image size of job updated: 467380
	457  -  MemoryUsage of job (MB)
	467380  -  ResidentSetSize of job (KB)
...
006 (19534825.000.000) 2026-06-02 23:47:31 Image size of job updated: 468676
	458  -  MemoryUsage of job (MB)
	468676  -  ResidentSetSize of job (KB)
...
006 (19534825.000.000) 2026-06-02 23:52:32 Image size of job updated: 470160
	460  -  MemoryUsage of job (MB)
	470160  -  ResidentSetSize of job (KB)
...
006 (19534825.000.000) 2026-06-02 23:54:30 Image size of job updated: 480616
	460  -  MemoryUsage of job (MB)
	470160  -  ResidentSetSize of job (KB)
...
005 (19534825.000.000) 2026-06-02 23:54:30 Job terminated.
	(1) Normal termination (return value 0)
		Usr 0 07:01:39, Sys 0 00:02:41  -  Run Remote Usage
		Usr 0 00:00:00, Sys 0 00:00:00  -  Run Local Usage
		Usr 0 07:01:39, Sys 0 00:02:41  -  Total Remote Usage
		Usr 0 00:00:00, Sys 0 00:00:00  -  Total Local Usage
	0  -  Run Bytes Sent By Job
	0  -  Run Bytes Received By Job
	0  -  Total Bytes Sent By Job
	0  -  Total Bytes Received By Job
	Partitionable Resources :    Usage  Request Allocated 
	   admin_mutex_1         :                           0 
	   admin_mutex_2         :                           0 
	   admin_mutex_3         :                           0 
	   Cpus                  :     0.98        1         1 
	   Disk (KB)             :    12        2048      3072 
	   GPUs                  :                           0 
	   machine_token         :                           0 
	   Memory (MB)           :   460        6000      6016 
	   TimeExecute (s)       : 25964                       
	   TimeSlotBusy (s)      : 25965                       

	Job terminated of its own accord at 2026-06-03T04:54:30Z with exit-code 0.
...
