000 (19535508.000.000) 2026-06-02 15:54:30 Job submitted from host: <10.128.10.103:9618?addrs=10.128.10.103-9618&alias=npx-submitter.icecube.wisc.edu&noUDP&sock=schedd_2449_6386>
    DAG Node: Drootprod_20170724_36730
...
001 (19535508.000.000) 2026-06-02 16:54:42 Job executing on host: <10.128.10.189:44027?addrs=10.128.10.189-44027&alias=n-smepyc-02.icecube.wisc.edu>
	SlotName: slot1_20@n-smepyc-02.icecube.wisc.edu
	admin_mutex_1 = 0
	admin_mutex_2 = 0
	admin_mutex_3 = 0
	CondorScratchDir = "/scratch/condor/dir_471172"
	Cpus = 1
	Disk = 3072
	GPUs = 0
	machine_token = 0
	Memory = 6016
...
006 (19535508.000.000) 2026-06-02 16:54:55 Image size of job updated: 123072
	121  -  MemoryUsage of job (MB)
	123072  -  ResidentSetSize of job (KB)
...
006 (19535508.000.000) 2026-06-02 16:59:55 Image size of job updated: 171892
	168  -  MemoryUsage of job (MB)
	171892  -  ResidentSetSize of job (KB)
...
006 (19535508.000.000) 2026-06-02 17:04:56 Image size of job updated: 454868
	445  -  MemoryUsage of job (MB)
	454868  -  ResidentSetSize of job (KB)
...
006 (19535508.000.000) 2026-06-02 17:07:06 Image size of job updated: 474968
	445  -  MemoryUsage of job (MB)
	454868  -  ResidentSetSize of job (KB)
...
005 (19535508.000.000) 2026-06-02 17:07:06 Job terminated.
	(1) Normal termination (return value 0)
		Usr 0 00:11:24, Sys 0 00:00:10  -  Run Remote Usage
		Usr 0 00:00:00, Sys 0 00:00:00  -  Run Local Usage
		Usr 0 00:11:24, Sys 0 00:00:10  -  Total Remote Usage
		Usr 0 00:00:00, Sys 0 00:00:00  -  Total Local Usage
	0  -  Run Bytes Sent By Job
	0  -  Run Bytes Received By Job
	0  -  Total Bytes Sent By Job
	0  -  Total Bytes Received By Job
	Partitionable Resources :    Usage  Request Allocated 
	   admin_mutex_1         :                           0 
	   admin_mutex_2         :                           0 
	   admin_mutex_3         :                           0 
	   Cpus                  :     0.91        1         1 
	   Disk (KB)             :    10        2048      3072 
	   GPUs                  :                           0 
	   machine_token         :                           0 
	   Memory (MB)           :   445        6000      6016 
	   TimeExecute (s)       :   744                       
	   TimeSlotBusy (s)      :   744                       

	Job terminated of its own accord at 2026-06-02T22:07:06Z with exit-code 0.
...
