000 (19533557.000.000) 2026-06-02 15:50:39 Job submitted from host: <10.128.10.103:9618?addrs=10.128.10.103-9618&alias=npx-submitter.icecube.wisc.edu&noUDP&sock=schedd_2449_6386>
    DAG Node: Drootprod_20170324_8455
...
001 (19533557.000.000) 2026-06-02 16:16:35 Job executing on host: <10.128.10.116:38163?addrs=10.128.10.116-38163&alias=n-gibyte-01.icecube.wisc.edu>
	SlotName: slot1_302@n-gibyte-01.icecube.wisc.edu
	admin_mutex_1 = 0
	admin_mutex_2 = 0
	admin_mutex_3 = 0
	CondorScratchDir = "/scratch/condor/dir_2485244"
	Cpus = 1
	Disk = 5480
	GPUs = 0
	machine_token = 0
	Memory = 6016
...
006 (19533557.000.000) 2026-06-02 16:16:48 Image size of job updated: 118720
	116  -  MemoryUsage of job (MB)
	118720  -  ResidentSetSize of job (KB)
...
006 (19533557.000.000) 2026-06-02 16:21:48 Image size of job updated: 143992
	141  -  MemoryUsage of job (MB)
	143992  -  ResidentSetSize of job (KB)
...
022 (19533557.000.000) 2026-06-02 16:23:27 Job disconnected, attempting to reconnect
    Socket between submit and execute hosts closed unexpectedly
    Trying to reconnect to slot1_302@n-gibyte-01.icecube.wisc.edu <10.128.10.116:38163?addrs=10.128.10.116-38163&alias=n-gibyte-01.icecube.wisc.edu>
...
024 (19533557.000.000) 2026-06-02 17:03:27 Job reconnection failed
    Job disconnected too long: JobLeaseDuration (2400 seconds) expired
    Can not reconnect to slot1_302@n-gibyte-01.icecube.wisc.edu, rescheduling job
...
004 (19533557.000.000) 2026-06-02 17:03:37 Job was evicted.
	(0) CPU times
		Usr 0 00:04:51, Sys 0 00:00:03  -  Run Remote Usage
		Usr 0 00:00:00, Sys 0 00:00:00  -  Run Local Usage
	0  -  Run Bytes Sent By Job
	0  -  Run Bytes Received By Job
	Job disconnected too long: JobLeaseDuration (2400 seconds) expired
	Partitionable Resources :    Usage  Request Allocated 
	   admin_mutex_1         :                           0 
	   admin_mutex_2         :                           0 
	   admin_mutex_3         :                           0 
	   Cpus                  :     0.99        1         1 
	   Disk (KB)             :    10        2048      5480 
	   GPUs                  :                           0 
	   machine_token         :                           0 
	   Memory (MB)           :   141        6000      6016 
...
001 (19533557.000.000) 2026-06-02 17:09:13 Job executing on host: <10.128.10.117:43719?addrs=10.128.10.117-43719&alias=n-gibyte-02.icecube.wisc.edu>
	SlotName: slot1_446@n-gibyte-02.icecube.wisc.edu
	admin_mutex_1 = 0
	admin_mutex_2 = 0
	admin_mutex_3 = 0
	CondorScratchDir = "/scratch/condor/dir_3613329"
	Cpus = 1
	Disk = 5480
	GPUs = 0
	machine_token = 0
	Memory = 6016
...
006 (19533557.000.000) 2026-06-02 17:19:27 Image size of job updated: 160720
	157  -  MemoryUsage of job (MB)
	160720  -  ResidentSetSize of job (KB)
...
006 (19533557.000.000) 2026-06-02 17:24:27 Image size of job updated: 178960
	175  -  MemoryUsage of job (MB)
	178960  -  ResidentSetSize of job (KB)
...
006 (19533557.000.000) 2026-06-02 17:29:28 Image size of job updated: 306708
	300  -  MemoryUsage of job (MB)
	306708  -  ResidentSetSize of job (KB)
...
006 (19533557.000.000) 2026-06-02 17:34:28 Image size of job updated: 461488
	451  -  MemoryUsage of job (MB)
	461488  -  ResidentSetSize of job (KB)
...
006 (19533557.000.000) 2026-06-02 17:36:37 Image size of job updated: 478692
	451  -  MemoryUsage of job (MB)
	461488  -  ResidentSetSize of job (KB)
...
005 (19533557.000.000) 2026-06-02 17:36:38 Job terminated.
	(1) Normal termination (return value 0)
		Usr 0 00:26:19, Sys 0 00:00:15  -  Run Remote Usage
		Usr 0 00:00:00, Sys 0 00:00:00  -  Run Local Usage
		Usr 0 00:31:10, Sys 0 00:00:18  -  Total Remote Usage
		Usr 0 00:00:00, Sys 0 00:00:00  -  Total Local Usage
	0  -  Run Bytes Sent By Job
	0  -  Run Bytes Received By Job
	0  -  Total Bytes Sent By Job
	0  -  Total Bytes Received By Job
	Partitionable Resources :    Usage  Request Allocated 
	   admin_mutex_1         :                           0 
	   admin_mutex_2         :                           0 
	   admin_mutex_3         :                           0 
	   Cpus                  :     0.98        1         1 
	   Disk (KB)             :    10        2048      5480 
	   GPUs                  :                           0 
	   machine_token         :                           0 
	   Memory (MB)           :   451        6000      6016 
	   TimeExecute (s)       :  1644                       
	   TimeSlotBusy (s)      :  1646                       

	Job terminated of its own accord at 2026-06-02T22:36:37Z with exit-code 0.
...
