000 (19534033.000.000) 2026-06-02 15:51:40 Job submitted from host: <10.128.10.103:9618?addrs=10.128.10.103-9618&alias=npx-submitter.icecube.wisc.edu&noUDP&sock=schedd_2449_6386>
    DAG Node: Drootprod_20170423_60281
...
001 (19534033.000.000) 2026-06-02 16:26:04 Job executing on host: <10.128.11.31:36665?addrs=10.128.11.31-36665&alias=n-smbc-12.icecube.wisc.edu>
	SlotName: slot1_9@n-smbc-12.icecube.wisc.edu
	admin_mutex_1 = 0
	admin_mutex_2 = 0
	admin_mutex_3 = 0
	CondorScratchDir = "/scratch/condor/dir_3985698"
	Cpus = 1
	Disk = 3072
	GPUs = 0
	machine_token = 0
	Memory = 6016
...
006 (19534033.000.000) 2026-06-02 16:26:17 Image size of job updated: 118960
	117  -  MemoryUsage of job (MB)
	118960  -  ResidentSetSize of job (KB)
...
006 (19534033.000.000) 2026-06-02 16:31:17 Image size of job updated: 144244
	141  -  MemoryUsage of job (MB)
	144244  -  ResidentSetSize of job (KB)
...
006 (19534033.000.000) 2026-06-02 16:36:18 Image size of job updated: 165464
	162  -  MemoryUsage of job (MB)
	165464  -  ResidentSetSize of job (KB)
...
006 (19534033.000.000) 2026-06-02 16:41:18 Image size of job updated: 297848
	291  -  MemoryUsage of job (MB)
	297848  -  ResidentSetSize of job (KB)
...
006 (19534033.000.000) 2026-06-02 16:46:18 Image size of job updated: 317008
	310  -  MemoryUsage of job (MB)
	317008  -  ResidentSetSize of job (KB)
...
006 (19534033.000.000) 2026-06-02 16:51:19 Image size of job updated: 469840
	459  -  MemoryUsage of job (MB)
	469840  -  ResidentSetSize of job (KB)
...
006 (19534033.000.000) 2026-06-02 16:52:46 Image size of job updated: 488628
	459  -  MemoryUsage of job (MB)
	469840  -  ResidentSetSize of job (KB)
...
005 (19534033.000.000) 2026-06-02 16:52:46 Job terminated.
	(1) Normal termination (return value 0)
		Usr 0 00:25:44, Sys 0 00:00:14  -  Run Remote Usage
		Usr 0 00:00:00, Sys 0 00:00:00  -  Run Local Usage
		Usr 0 00:25:44, Sys 0 00:00:14  -  Total Remote Usage
		Usr 0 00:00:00, Sys 0 00:00:00  -  Total Local Usage
	0  -  Run Bytes Sent By Job
	0  -  Run Bytes Received By Job
	0  -  Total Bytes Sent By Job
	0  -  Total Bytes Received By Job
	Partitionable Resources :    Usage  Request Allocated 
	   admin_mutex_1         :                           0 
	   admin_mutex_2         :                           0 
	   admin_mutex_3         :                           0 
	   Cpus                  :     0.99        1         1 
	   Disk (KB)             :    10        2048      3072 
	   GPUs                  :                           0 
	   machine_token         :                           0 
	   Memory (MB)           :   459        6000      6016 
	   TimeExecute (s)       :  1602                       
	   TimeSlotBusy (s)      :  1602                       

	Job terminated of its own accord at 2026-06-02T21:52:46Z with exit-code 0.
...
