000 (19533346.000.000) 2026-06-02 15:50:12 Job submitted from host: <10.128.10.103:9618?addrs=10.128.10.103-9618&alias=npx-submitter.icecube.wisc.edu&noUDP&sock=schedd_2449_6386>
    DAG Node: Drootprod_20170308_96419
...
001 (19533346.000.000) 2026-06-02 16:12:53 Job executing on host: <10.128.10.87:33505?addrs=10.128.10.87-33505&alias=n-r710-6.icecube.wisc.edu>
	SlotName: slot1_2@n-r710-6.icecube.wisc.edu
	admin_mutex_1 = 0
	admin_mutex_2 = 0
	admin_mutex_3 = 0
	CondorScratchDir = "/scratch/condor/dir_1715832"
	Cpus = 1
	Disk = 3072
	GPUs = 0
	machine_token = 0
	Memory = 6016
...
006 (19533346.000.000) 2026-06-02 16:13:06 Image size of job updated: 120900
	119  -  MemoryUsage of job (MB)
	120900  -  ResidentSetSize of job (KB)
...
006 (19533346.000.000) 2026-06-02 16:18:06 Image size of job updated: 153144
	150  -  MemoryUsage of job (MB)
	153144  -  ResidentSetSize of job (KB)
...
006 (19533346.000.000) 2026-06-02 16:23:06 Image size of job updated: 180136
	176  -  MemoryUsage of job (MB)
	180136  -  ResidentSetSize of job (KB)
...
006 (19533346.000.000) 2026-06-02 16:28:07 Image size of job updated: 454972
	445  -  MemoryUsage of job (MB)
	454972  -  ResidentSetSize of job (KB)
...
006 (19533346.000.000) 2026-06-02 16:30:31 Image size of job updated: 483304
	445  -  MemoryUsage of job (MB)
	454972  -  ResidentSetSize of job (KB)
...
005 (19533346.000.000) 2026-06-02 16:30:31 Job terminated.
	(1) Normal termination (return value 0)
		Usr 0 00:16:04, Sys 0 00:00:13  -  Run Remote Usage
		Usr 0 00:00:00, Sys 0 00:00:00  -  Run Local Usage
		Usr 0 00:16:04, Sys 0 00:00:13  -  Total Remote Usage
		Usr 0 00:00:00, Sys 0 00:00:00  -  Total Local Usage
	0  -  Run Bytes Sent By Job
	0  -  Run Bytes Received By Job
	0  -  Total Bytes Sent By Job
	0  -  Total Bytes Received By Job
	Partitionable Resources :    Usage  Request Allocated 
	   admin_mutex_1         :                           0 
	   admin_mutex_2         :                           0 
	   admin_mutex_3         :                           0 
	   Cpus                  :     0.96        1         1 
	   Disk (KB)             :    12        2048      3072 
	   GPUs                  :                           0 
	   machine_token         :                           0 
	   Memory (MB)           :   445        6000      6016 
	   TimeExecute (s)       :  1058                       
	   TimeSlotBusy (s)      :  1058                       

	Job terminated of its own accord at 2026-06-02T21:30:31Z with exit-code 0.
...
