000 (19536478.000.000) 2026-06-02 15:56:33 Job submitted from host: <10.128.10.103:9618?addrs=10.128.10.103-9618&alias=npx-submitter.icecube.wisc.edu&noUDP&sock=schedd_2449_6386>
    DAG Node: Drootprod_20170929_79869
...
001 (19536478.000.000) 2026-06-02 17:21:03 Job executing on host: <10.128.10.192:35633?addrs=10.128.10.192-35633&alias=n-smepyc-05.icecube.wisc.edu>
	SlotName: slot1_9@n-smepyc-05.icecube.wisc.edu
	admin_mutex_1 = 0
	admin_mutex_2 = 0
	admin_mutex_3 = 0
	CondorScratchDir = "/scratch/condor/dir_371954"
	Cpus = 1
	Disk = 3072
	GPUs = 0
	machine_token = 0
	Memory = 6016
...
006 (19536478.000.000) 2026-06-02 17:21:17 Image size of job updated: 122612
	120  -  MemoryUsage of job (MB)
	122612  -  ResidentSetSize of job (KB)
...
006 (19536478.000.000) 2026-06-02 17:26:18 Image size of job updated: 164568
	161  -  MemoryUsage of job (MB)
	164568  -  ResidentSetSize of job (KB)
...
006 (19536478.000.000) 2026-06-02 17:31:18 Image size of job updated: 318132
	311  -  MemoryUsage of job (MB)
	318132  -  ResidentSetSize of job (KB)
...
006 (19536478.000.000) 2026-06-02 17:33:29 Image size of job updated: 468612
	311  -  MemoryUsage of job (MB)
	318132  -  ResidentSetSize of job (KB)
...
005 (19536478.000.000) 2026-06-02 17:33:29 Job terminated.
	(1) Normal termination (return value 0)
		Usr 0 00:11:52, Sys 0 00:00:10  -  Run Remote Usage
		Usr 0 00:00:00, Sys 0 00:00:00  -  Run Local Usage
		Usr 0 00:11:52, Sys 0 00:00:10  -  Total Remote Usage
		Usr 0 00:00:00, Sys 0 00:00:00  -  Total Local Usage
	0  -  Run Bytes Sent By Job
	0  -  Run Bytes Received By Job
	0  -  Total Bytes Sent By Job
	0  -  Total Bytes Received By Job
	Partitionable Resources :    Usage  Request Allocated 
	   admin_mutex_1         :                           0 
	   admin_mutex_2         :                           0 
	   admin_mutex_3         :                           0 
	   Cpus                  :     0.98        1         1 
	   Disk (KB)             :    12        2048      3072 
	   GPUs                  :                           0 
	   machine_token         :                           0 
	   Memory (MB)           :   311        6000      6016 
	   TimeExecute (s)       :   746                       
	   TimeSlotBusy (s)      :   746                       

	Job terminated of its own accord at 2026-06-02T22:33:29Z with exit-code 0.
...
