000 (19534224.000.000) 2026-06-02 15:52:02 Job submitted from host: <10.128.10.103:9618?addrs=10.128.10.103-9618&alias=npx-submitter.icecube.wisc.edu&noUDP&sock=schedd_2449_6386>
    DAG Node: Drootprod_20170505_72959
...
001 (19534224.000.000) 2026-06-02 16:30:06 Job executing on host: <10.128.10.187:34023?addrs=10.128.10.187-34023&alias=n-smepyc-00.icecube.wisc.edu>
	SlotName: slot1_44@n-smepyc-00.icecube.wisc.edu
	admin_mutex_1 = 0
	admin_mutex_2 = 0
	admin_mutex_3 = 0
	CondorScratchDir = "/scratch/condor/dir_1773900"
	Cpus = 1
	Disk = 3072
	GPUs = 0
	machine_token = 0
	Memory = 6016
...
006 (19534224.000.000) 2026-06-02 16:30:20 Image size of job updated: 122384
	120  -  MemoryUsage of job (MB)
	122384  -  ResidentSetSize of job (KB)
...
006 (19534224.000.000) 2026-06-02 16:35:21 Image size of job updated: 163068
	160  -  MemoryUsage of job (MB)
	163068  -  ResidentSetSize of job (KB)
...
006 (19534224.000.000) 2026-06-02 16:40:22 Image size of job updated: 318060
	311  -  MemoryUsage of job (MB)
	318060  -  ResidentSetSize of job (KB)
...
006 (19534224.000.000) 2026-06-02 16:43:09 Image size of job updated: 665880
	311  -  MemoryUsage of job (MB)
	318060  -  ResidentSetSize of job (KB)
...
005 (19534224.000.000) 2026-06-02 16:43:09 Job terminated.
	(1) Normal termination (return value 0)
		Usr 0 00:12:16, Sys 0 00:00:11  -  Run Remote Usage
		Usr 0 00:00:00, Sys 0 00:00:00  -  Run Local Usage
		Usr 0 00:12:16, Sys 0 00:00:11  -  Total Remote Usage
		Usr 0 00:00:00, Sys 0 00:00:00  -  Total Local Usage
	0  -  Run Bytes Sent By Job
	0  -  Run Bytes Received By Job
	0  -  Total Bytes Sent By Job
	0  -  Total Bytes Received By Job
	Partitionable Resources :    Usage  Request Allocated 
	   admin_mutex_1         :                           0 
	   admin_mutex_2         :                           0 
	   admin_mutex_3         :                           0 
	   Cpus                  :     0.98        1         1 
	   Disk (KB)             :    10        2048      3072 
	   GPUs                  :                           0 
	   machine_token         :                           0 
	   Memory (MB)           :   311        6000      6016 
	   TimeExecute (s)       :   783                       
	   TimeSlotBusy (s)      :   783                       

	Job terminated of its own accord at 2026-06-02T21:43:09Z with exit-code 0.
...
