000 (19535680.000.000) 2026-06-02 15:54:52 Job submitted from host: <10.128.10.103:9618?addrs=10.128.10.103-9618&alias=npx-submitter.icecube.wisc.edu&noUDP&sock=schedd_2449_6386>
    DAG Node: Drootprod_20170805_85906
...
001 (19535680.000.000) 2026-06-02 16:57:17 Job executing on host: <10.128.10.188:45333?addrs=10.128.10.188-45333&alias=n-smepyc-01.icecube.wisc.edu>
	SlotName: slot1_78@n-smepyc-01.icecube.wisc.edu
	admin_mutex_1 = 0
	admin_mutex_2 = 0
	admin_mutex_3 = 0
	CondorScratchDir = "/scratch/condor/dir_4079292"
	Cpus = 1
	Disk = 3072
	GPUs = 0
	machine_token = 0
	Memory = 6016
...
006 (19535680.000.000) 2026-06-02 16:57:31 Image size of job updated: 122548
	120  -  MemoryUsage of job (MB)
	122548  -  ResidentSetSize of job (KB)
...
006 (19535680.000.000) 2026-06-02 17:02:32 Image size of job updated: 173416
	170  -  MemoryUsage of job (MB)
	173416  -  ResidentSetSize of job (KB)
...
006 (19535680.000.000) 2026-06-02 17:07:32 Image size of job updated: 464512
	454  -  MemoryUsage of job (MB)
	464512  -  ResidentSetSize of job (KB)
...
006 (19535680.000.000) 2026-06-02 17:08:28 Image size of job updated: 477120
	454  -  MemoryUsage of job (MB)
	464512  -  ResidentSetSize of job (KB)
...
005 (19535680.000.000) 2026-06-02 17:08:28 Job terminated.
	(1) Normal termination (return value 0)
		Usr 0 00:10:12, Sys 0 00:00:10  -  Run Remote Usage
		Usr 0 00:00:00, Sys 0 00:00:00  -  Run Local Usage
		Usr 0 00:10:12, Sys 0 00:00:10  -  Total Remote Usage
		Usr 0 00:00:00, Sys 0 00:00:00  -  Total Local Usage
	0  -  Run Bytes Sent By Job
	0  -  Run Bytes Received By Job
	0  -  Total Bytes Sent By Job
	0  -  Total Bytes Received By Job
	Partitionable Resources :    Usage  Request Allocated 
	   admin_mutex_1         :                           0 
	   admin_mutex_2         :                           0 
	   admin_mutex_3         :                           0 
	   Cpus                  :     0.98        1         1 
	   Disk (KB)             :    12        2048      3072 
	   GPUs                  :                           0 
	   machine_token         :                           0 
	   Memory (MB)           :   454        6000      6016 
	   TimeExecute (s)       :   671                       
	   TimeSlotBusy (s)      :   671                       

	Job terminated of its own accord at 2026-06-02T22:08:28Z with exit-code 0.
...
