000 (19536971.000.000) 2026-06-02 15:57:38 Job submitted from host: <10.128.10.103:9618?addrs=10.128.10.103-9618&alias=npx-submitter.icecube.wisc.edu&noUDP&sock=schedd_2449_6386>
    DAG Node: Drootprod_20171102_66398
...
001 (19536971.000.000) 2026-06-02 17:30:06 Job executing on host: <10.128.10.187:34023?addrs=10.128.10.187-34023&alias=n-smepyc-00.icecube.wisc.edu>
	SlotName: slot1_46@n-smepyc-00.icecube.wisc.edu
	admin_mutex_1 = 0
	admin_mutex_2 = 0
	admin_mutex_3 = 0
	CondorScratchDir = "/scratch/condor/dir_2005724"
	Cpus = 1
	Disk = 3072
	GPUs = 0
	machine_token = 0
	Memory = 6016
...
006 (19536971.000.000) 2026-06-02 17:30:19 Image size of job updated: 122296
	120  -  MemoryUsage of job (MB)
	122296  -  ResidentSetSize of job (KB)
...
006 (19536971.000.000) 2026-06-02 17:35:19 Image size of job updated: 170236
	167  -  MemoryUsage of job (MB)
	170236  -  ResidentSetSize of job (KB)
...
006 (19536971.000.000) 2026-06-02 17:40:20 Image size of job updated: 455232
	445  -  MemoryUsage of job (MB)
	455232  -  ResidentSetSize of job (KB)
...
006 (19536971.000.000) 2026-06-02 17:41:42 Image size of job updated: 466520
	445  -  MemoryUsage of job (MB)
	455232  -  ResidentSetSize of job (KB)
...
005 (19536971.000.000) 2026-06-02 17:41:42 Job terminated.
	(1) Normal termination (return value 0)
		Usr 0 00:11:03, Sys 0 00:00:10  -  Run Remote Usage
		Usr 0 00:00:00, Sys 0 00:00:00  -  Run Local Usage
		Usr 0 00:11:03, Sys 0 00:00:10  -  Total Remote Usage
		Usr 0 00:00:00, Sys 0 00:00:00  -  Total Local Usage
	0  -  Run Bytes Sent By Job
	0  -  Run Bytes Received By Job
	0  -  Total Bytes Sent By Job
	0  -  Total Bytes Received By Job
	Partitionable Resources :    Usage  Request Allocated 
	   admin_mutex_1         :                           0 
	   admin_mutex_2         :                           0 
	   admin_mutex_3         :                           0 
	   Cpus                  :     0.99        1         1 
	   Disk (KB)             :    12        2048      3072 
	   GPUs                  :                           0 
	   machine_token         :                           0 
	   Memory (MB)           :   445        6000      6016 
	   TimeExecute (s)       :   696                       
	   TimeSlotBusy (s)      :   697                       

	Job terminated of its own accord at 2026-06-02T22:41:42Z with exit-code 0.
...
