000 (19533113.000.000) 2026-06-02 15:49:40 Job submitted from host: <10.128.10.103:9618?addrs=10.128.10.103-9618&alias=npx-submitter.icecube.wisc.edu&noUDP&sock=schedd_2449_6386>
    DAG Node: Drootprod_20170219_35934
...
001 (19533113.000.000) 2026-06-02 16:04:30 Job executing on host: <10.128.10.191:42321?addrs=10.128.10.191-42321&alias=n-smepyc-04.icecube.wisc.edu>
	SlotName: slot1_70@n-smepyc-04.icecube.wisc.edu
	admin_mutex_1 = 0
	admin_mutex_2 = 0
	admin_mutex_3 = 0
	CondorScratchDir = "/scratch/condor/dir_38457"
	Cpus = 1
	Disk = 3072
	GPUs = 0
	machine_token = 0
	Memory = 6016
...
006 (19533113.000.000) 2026-06-02 16:04:43 Image size of job updated: 122984
	121  -  MemoryUsage of job (MB)
	122984  -  ResidentSetSize of job (KB)
...
006 (19533113.000.000) 2026-06-02 16:09:43 Image size of job updated: 169836
	166  -  MemoryUsage of job (MB)
	169836  -  ResidentSetSize of job (KB)
...
006 (19533113.000.000) 2026-06-02 16:14:44 Image size of job updated: 463512
	453  -  MemoryUsage of job (MB)
	463512  -  ResidentSetSize of job (KB)
...
006 (19533113.000.000) 2026-06-02 16:16:06 Image size of job updated: 649352
	453  -  MemoryUsage of job (MB)
	463512  -  ResidentSetSize of job (KB)
...
005 (19533113.000.000) 2026-06-02 16:16:06 Job terminated.
	(1) Normal termination (return value 0)
		Usr 0 00:10:37, Sys 0 00:00:12  -  Run Remote Usage
		Usr 0 00:00:00, Sys 0 00:00:00  -  Run Local Usage
		Usr 0 00:10:37, Sys 0 00:00:12  -  Total Remote Usage
		Usr 0 00:00:00, Sys 0 00:00:00  -  Total Local Usage
	0  -  Run Bytes Sent By Job
	0  -  Run Bytes Received By Job
	0  -  Total Bytes Sent By Job
	0  -  Total Bytes Received By Job
	Partitionable Resources :    Usage  Request Allocated 
	   admin_mutex_1         :                           0 
	   admin_mutex_2         :                           0 
	   admin_mutex_3         :                           0 
	   Cpus                  :     0.98        1         1 
	   Disk (KB)             :    12        2048      3072 
	   GPUs                  :                           0 
	   machine_token         :                           0 
	   Memory (MB)           :   453        6000      6016 
	   TimeExecute (s)       :   696                       
	   TimeSlotBusy (s)      :   696                       

	Job terminated of its own accord at 2026-06-02T21:16:06Z with exit-code 0.
...
