000 (19535249.000.000) 2026-06-02 15:53:55 Job submitted from host: <10.128.10.103:9618?addrs=10.128.10.103-9618&alias=npx-submitter.icecube.wisc.edu&noUDP&sock=schedd_2449_6386>
    DAG Node: Drootprod_20170705_20851
...
001 (19535249.000.000) 2026-06-02 16:49:01 Job executing on host: <10.128.10.190:46289?addrs=10.128.10.190-46289&alias=n-smepyc-03.icecube.wisc.edu>
	SlotName: slot1_43@n-smepyc-03.icecube.wisc.edu
	admin_mutex_1 = 0
	admin_mutex_2 = 0
	admin_mutex_3 = 0
	CondorScratchDir = "/scratch/condor/dir_3693333"
	Cpus = 1
	Disk = 3072
	GPUs = 0
	machine_token = 0
	Memory = 6016
...
006 (19535249.000.000) 2026-06-02 16:49:14 Image size of job updated: 122652
	120  -  MemoryUsage of job (MB)
	122652  -  ResidentSetSize of job (KB)
...
006 (19535249.000.000) 2026-06-02 16:54:14 Image size of job updated: 178900
	175  -  MemoryUsage of job (MB)
	178900  -  ResidentSetSize of job (KB)
...
006 (19535249.000.000) 2026-06-02 16:58:44 Image size of job updated: 656216
	175  -  MemoryUsage of job (MB)
	178900  -  ResidentSetSize of job (KB)
...
005 (19535249.000.000) 2026-06-02 16:58:44 Job terminated.
	(1) Normal termination (return value 0)
		Usr 0 00:09:10, Sys 0 00:00:10  -  Run Remote Usage
		Usr 0 00:00:00, Sys 0 00:00:00  -  Run Local Usage
		Usr 0 00:09:10, Sys 0 00:00:10  -  Total Remote Usage
		Usr 0 00:00:00, Sys 0 00:00:00  -  Total Local Usage
	0  -  Run Bytes Sent By Job
	0  -  Run Bytes Received By Job
	0  -  Total Bytes Sent By Job
	0  -  Total Bytes Received By Job
	Partitionable Resources :    Usage  Request Allocated 
	   admin_mutex_1         :                           0 
	   admin_mutex_2         :                           0 
	   admin_mutex_3         :                           0 
	   Cpus                  :     0.98        1         1 
	   Disk (KB)             :    10        2048      3072 
	   GPUs                  :                           0 
	   machine_token         :                           0 
	   Memory (MB)           :   175        6000      6016 
	   TimeExecute (s)       :   583                       
	   TimeSlotBusy (s)      :   583                       

	Job terminated of its own accord at 2026-06-02T21:58:44Z with exit-code 0.
...
