000 (19537401.000.000) 2026-06-02 15:58:44 Job submitted from host: <10.128.10.103:9618?addrs=10.128.10.103-9618&alias=npx-submitter.icecube.wisc.edu&noUDP&sock=schedd_2449_6386>
    DAG Node: Drootprod_20171208_35703
...
001 (19537401.000.000) 2026-06-02 17:37:11 Job executing on host: <10.128.10.189:44027?addrs=10.128.10.189-44027&alias=n-smepyc-02.icecube.wisc.edu>
	SlotName: slot1_75@n-smepyc-02.icecube.wisc.edu
	admin_mutex_1 = 0
	admin_mutex_2 = 0
	admin_mutex_3 = 0
	CondorScratchDir = "/scratch/condor/dir_636194"
	Cpus = 1
	Disk = 3072
	GPUs = 0
	machine_token = 0
	Memory = 6016
...
006 (19537401.000.000) 2026-06-02 17:37:25 Image size of job updated: 122156
	120  -  MemoryUsage of job (MB)
	122156  -  ResidentSetSize of job (KB)
...
006 (19537401.000.000) 2026-06-02 17:42:26 Image size of job updated: 179324
	176  -  MemoryUsage of job (MB)
	179324  -  ResidentSetSize of job (KB)
...
006 (19537401.000.000) 2026-06-02 17:46:04 Image size of job updated: 464348
	176  -  MemoryUsage of job (MB)
	179324  -  ResidentSetSize of job (KB)
...
005 (19537401.000.000) 2026-06-02 17:46:04 Job terminated.
	(1) Normal termination (return value 0)
		Usr 0 00:08:20, Sys 0 00:00:08  -  Run Remote Usage
		Usr 0 00:00:00, Sys 0 00:00:00  -  Run Local Usage
		Usr 0 00:08:20, Sys 0 00:00:08  -  Total Remote Usage
		Usr 0 00:00:00, Sys 0 00:00:00  -  Total Local Usage
	0  -  Run Bytes Sent By Job
	0  -  Run Bytes Received By Job
	0  -  Total Bytes Sent By Job
	0  -  Total Bytes Received By Job
	Partitionable Resources :    Usage  Request Allocated 
	   admin_mutex_1         :                           0 
	   admin_mutex_2         :                           0 
	   admin_mutex_3         :                           0 
	   Cpus                  :     0.94        1         1 
	   Disk (KB)             :    15        2048      3072 
	   GPUs                  :                           0 
	   machine_token         :                           0 
	   Memory (MB)           :   176        6000      6016 
	   TimeExecute (s)       :   533                       
	   TimeSlotBusy (s)      :   533                       

	Job terminated of its own accord at 2026-06-02T22:46:04Z with exit-code 0.
...
