000 (19536616.000.000) 2026-06-02 15:56:51 Job submitted from host: <10.128.10.103:9618?addrs=10.128.10.103-9618&alias=npx-submitter.icecube.wisc.edu&noUDP&sock=schedd_2449_6386>
    DAG Node: Drootprod_20171007_66446
...
001 (19536616.000.000) 2026-06-02 17:24:16 Job executing on host: <10.128.10.117:43719?addrs=10.128.10.117-43719&alias=n-gibyte-02.icecube.wisc.edu>
	SlotName: slot1_221@n-gibyte-02.icecube.wisc.edu
	admin_mutex_1 = 0
	admin_mutex_2 = 0
	admin_mutex_3 = 0
	CondorScratchDir = "/scratch/condor/dir_3681478"
	Cpus = 1
	Disk = 5480
	GPUs = 0
	machine_token = 0
	Memory = 6016
...
006 (19536616.000.000) 2026-06-02 17:24:29 Image size of job updated: 118704
	116  -  MemoryUsage of job (MB)
	118704  -  ResidentSetSize of job (KB)
...
006 (19536616.000.000) 2026-06-02 17:29:29 Image size of job updated: 142376
	140  -  MemoryUsage of job (MB)
	142376  -  ResidentSetSize of job (KB)
...
006 (19536616.000.000) 2026-06-02 17:34:30 Image size of job updated: 161248
	158  -  MemoryUsage of job (MB)
	161248  -  ResidentSetSize of job (KB)
...
006 (19536616.000.000) 2026-06-02 17:39:30 Image size of job updated: 182652
	179  -  MemoryUsage of job (MB)
	182652  -  ResidentSetSize of job (KB)
...
006 (19536616.000.000) 2026-06-02 17:44:31 Image size of job updated: 310228
	303  -  MemoryUsage of job (MB)
	310228  -  ResidentSetSize of job (KB)
...
006 (19536616.000.000) 2026-06-02 17:49:32 Image size of job updated: 462604
	452  -  MemoryUsage of job (MB)
	462604  -  ResidentSetSize of job (KB)
...
006 (19536616.000.000) 2026-06-02 17:54:24 Image size of job updated: 651400
	452  -  MemoryUsage of job (MB)
	462604  -  ResidentSetSize of job (KB)
...
005 (19536616.000.000) 2026-06-02 17:54:24 Job terminated.
	(1) Normal termination (return value 0)
		Usr 0 00:28:57, Sys 0 00:00:17  -  Run Remote Usage
		Usr 0 00:00:00, Sys 0 00:00:00  -  Run Local Usage
		Usr 0 00:28:57, Sys 0 00:00:17  -  Total Remote Usage
		Usr 0 00:00:00, Sys 0 00:00:00  -  Total Local Usage
	0  -  Run Bytes Sent By Job
	0  -  Run Bytes Received By Job
	0  -  Total Bytes Sent By Job
	0  -  Total Bytes Received By Job
	Partitionable Resources :    Usage  Request Allocated 
	   admin_mutex_1         :                           0 
	   admin_mutex_2         :                           0 
	   admin_mutex_3         :                           0 
	   Cpus                  :     0.99        1         1 
	   Disk (KB)             :    12        2048      5480 
	   GPUs                  :                           0 
	   machine_token         :                           0 
	   Memory (MB)           :   452        6000      6016 
	   TimeExecute (s)       :  1808                       
	   TimeSlotBusy (s)      :  1809                       

	Job terminated of its own accord at 2026-06-02T22:54:24Z with exit-code 0.
...
