000 (19535935.000.000) 2026-06-02 15:55:24 Job submitted from host: <10.128.10.103:9618?addrs=10.128.10.103-9618&alias=npx-submitter.icecube.wisc.edu&noUDP&sock=schedd_2449_6386>
    DAG Node: Drootprod_20170822_66449
...
001 (19535935.000.000) 2026-06-02 17:02:38 Job executing on host: <10.128.10.115:33587?addrs=10.128.10.115-33587&alias=n-gibyte-00.icecube.wisc.edu>
	SlotName: slot1_266@n-gibyte-00.icecube.wisc.edu
	admin_mutex_1 = 0
	admin_mutex_2 = 0
	admin_mutex_3 = 0
	CondorScratchDir = "/scratch/condor/dir_2294163"
	Cpus = 1
	Disk = 5480
	GPUs = 0
	machine_token = 0
	Memory = 6016
...
006 (19535935.000.000) 2026-06-02 17:02:51 Image size of job updated: 119212
	117  -  MemoryUsage of job (MB)
	119212  -  ResidentSetSize of job (KB)
...
006 (19535935.000.000) 2026-06-02 17:07:51 Image size of job updated: 149476
	146  -  MemoryUsage of job (MB)
	149476  -  ResidentSetSize of job (KB)
...
006 (19535935.000.000) 2026-06-02 17:12:52 Image size of job updated: 168860
	165  -  MemoryUsage of job (MB)
	168860  -  ResidentSetSize of job (KB)
...
006 (19535935.000.000) 2026-06-02 17:17:52 Image size of job updated: 302324
	296  -  MemoryUsage of job (MB)
	302324  -  ResidentSetSize of job (KB)
...
006 (19535935.000.000) 2026-06-02 17:22:52 Image size of job updated: 458936
	449  -  MemoryUsage of job (MB)
	458936  -  ResidentSetSize of job (KB)
...
006 (19535935.000.000) 2026-06-02 17:25:55 Image size of job updated: 483140
	449  -  MemoryUsage of job (MB)
	458936  -  ResidentSetSize of job (KB)
...
005 (19535935.000.000) 2026-06-02 17:25:55 Job terminated.
	(1) Normal termination (return value 0)
		Usr 0 00:22:09, Sys 0 00:00:15  -  Run Remote Usage
		Usr 0 00:00:00, Sys 0 00:00:00  -  Run Local Usage
		Usr 0 00:22:09, Sys 0 00:00:15  -  Total Remote Usage
		Usr 0 00:00:00, Sys 0 00:00:00  -  Total Local Usage
	0  -  Run Bytes Sent By Job
	0  -  Run Bytes Received By Job
	0  -  Total Bytes Sent By Job
	0  -  Total Bytes Received By Job
	Partitionable Resources :    Usage  Request Allocated 
	   admin_mutex_1         :                           0 
	   admin_mutex_2         :                           0 
	   admin_mutex_3         :                           0 
	   Cpus                  :     0.98        1         1 
	   Disk (KB)             :    10        2048      5480 
	   GPUs                  :                           0 
	   machine_token         :                           0 
	   Memory (MB)           :   449        6000      6016 
	   TimeExecute (s)       :  1397                       
	   TimeSlotBusy (s)      :  1398                       

	Job terminated of its own accord at 2026-06-02T22:25:55Z with exit-code 0.
...
