000 (19534343.000.000) 2026-06-02 15:52:15 Job submitted from host: <10.128.10.103:9618?addrs=10.128.10.103-9618&alias=npx-submitter.icecube.wisc.edu&noUDP&sock=schedd_2449_6386>
    DAG Node: Drootprod_20170513_82816
...
001 (19534343.000.000) 2026-06-02 16:32:30 Job executing on host: <10.128.10.24:38353?addrs=10.128.10.24-38353&alias=n-m610-14.icecube.wisc.edu>
	SlotName: slot1_2@n-m610-14.icecube.wisc.edu
	admin_mutex_1 = 0
	admin_mutex_2 = 0
	admin_mutex_3 = 0
	CondorScratchDir = "/scratch/condor/dir_775335"
	Cpus = 1
	Disk = 3072
	GPUs = 0
	machine_token = 0
	Memory = 6016
...
006 (19534343.000.000) 2026-06-02 16:32:44 Image size of job updated: 122696
	120  -  MemoryUsage of job (MB)
	122696  -  ResidentSetSize of job (KB)
...
006 (19534343.000.000) 2026-06-02 16:37:45 Image size of job updated: 162656
	159  -  MemoryUsage of job (MB)
	162656  -  ResidentSetSize of job (KB)
...
006 (19534343.000.000) 2026-06-02 16:42:46 Image size of job updated: 311916
	305  -  MemoryUsage of job (MB)
	311916  -  ResidentSetSize of job (KB)
...
006 (19534343.000.000) 2026-06-02 16:46:34 Image size of job updated: 477272
	305  -  MemoryUsage of job (MB)
	311916  -  ResidentSetSize of job (KB)
...
005 (19534343.000.000) 2026-06-02 16:46:35 Job terminated.
	(1) Normal termination (return value 0)
		Usr 0 00:13:15, Sys 0 00:00:12  -  Run Remote Usage
		Usr 0 00:00:00, Sys 0 00:00:00  -  Run Local Usage
		Usr 0 00:13:15, Sys 0 00:00:12  -  Total Remote Usage
		Usr 0 00:00:00, Sys 0 00:00:00  -  Total Local Usage
	0  -  Run Bytes Sent By Job
	0  -  Run Bytes Received By Job
	0  -  Total Bytes Sent By Job
	0  -  Total Bytes Received By Job
	Partitionable Resources :    Usage  Request Allocated 
	   admin_mutex_1         :                           0 
	   admin_mutex_2         :                           0 
	   admin_mutex_3         :                           0 
	   Cpus                  :     0.99        1         1 
	   Disk (KB)             :    10        2048      3072 
	   GPUs                  :                           0 
	   machine_token         :                           0 
	   Memory (MB)           :   305        6000      6016 
	   TimeExecute (s)       :   844                       
	   TimeSlotBusy (s)      :   845                       

	Job terminated of its own accord at 2026-06-02T21:46:34Z with exit-code 0.
...
