000 (19536290.000.000) 2026-06-02 15:56:09 Job submitted from host: <10.128.10.103:9618?addrs=10.128.10.103-9618&alias=npx-submitter.icecube.wisc.edu&noUDP&sock=schedd_2449_6386>
    DAG Node: Drootprod_20170915_8608
...
001 (19536290.000.000) 2026-06-02 17:17:58 Job executing on host: <10.128.11.39:40283?addrs=10.128.11.39-40283&alias=n-smbc-20.icecube.wisc.edu>
	SlotName: slot1_6@n-smbc-20.icecube.wisc.edu
	admin_mutex_1 = 0
	admin_mutex_2 = 0
	admin_mutex_3 = 0
	CondorScratchDir = "/scratch/condor/dir_3269277"
	Cpus = 1
	Disk = 3072
	GPUs = 0
	machine_token = 0
	Memory = 6016
...
006 (19536290.000.000) 2026-06-02 17:18:11 Image size of job updated: 119444
	117  -  MemoryUsage of job (MB)
	119444  -  ResidentSetSize of job (KB)
...
006 (19536290.000.000) 2026-06-02 17:23:11 Image size of job updated: 156092
	153  -  MemoryUsage of job (MB)
	156092  -  ResidentSetSize of job (KB)
...
006 (19536290.000.000) 2026-06-02 17:28:12 Image size of job updated: 298632
	292  -  MemoryUsage of job (MB)
	298632  -  ResidentSetSize of job (KB)
...
006 (19536290.000.000) 2026-06-02 17:33:12 Image size of job updated: 461704
	451  -  MemoryUsage of job (MB)
	461704  -  ResidentSetSize of job (KB)
...
006 (19536290.000.000) 2026-06-02 17:36:18 Image size of job updated: 666592
	451  -  MemoryUsage of job (MB)
	461704  -  ResidentSetSize of job (KB)
...
005 (19536290.000.000) 2026-06-02 17:36:18 Job terminated.
	(1) Normal termination (return value 0)
		Usr 0 00:17:35, Sys 0 00:00:12  -  Run Remote Usage
		Usr 0 00:00:00, Sys 0 00:00:00  -  Run Local Usage
		Usr 0 00:17:35, Sys 0 00:00:12  -  Total Remote Usage
		Usr 0 00:00:00, Sys 0 00:00:00  -  Total Local Usage
	0  -  Run Bytes Sent By Job
	0  -  Run Bytes Received By Job
	0  -  Total Bytes Sent By Job
	0  -  Total Bytes Received By Job
	Partitionable Resources :    Usage  Request Allocated 
	   admin_mutex_1         :                           0 
	   admin_mutex_2         :                           0 
	   admin_mutex_3         :                           0 
	   Cpus                  :     0.99        1         1 
	   Disk (KB)             :    10        2048      3072 
	   GPUs                  :                           0 
	   machine_token         :                           0 
	   Memory (MB)           :   451        6000      6016 
	   TimeExecute (s)       :  1100                       
	   TimeSlotBusy (s)      :  1100                       

	Job terminated of its own accord at 2026-06-02T22:36:18Z with exit-code 0.
...
