000 (19533176.000.000) 2026-06-02 15:49:49 Job submitted from host: <10.128.10.103:9618?addrs=10.128.10.103-9618&alias=npx-submitter.icecube.wisc.edu&noUDP&sock=schedd_2449_6386>
    DAG Node: Drootprod_20170223_15737
...
001 (19533176.000.000) 2026-06-02 16:07:03 Job executing on host: <10.128.10.187:34023?addrs=10.128.10.187-34023&alias=n-smepyc-00.icecube.wisc.edu>
	SlotName: slot1_69@n-smepyc-00.icecube.wisc.edu
	admin_mutex_1 = 0
	admin_mutex_2 = 0
	admin_mutex_3 = 0
	CondorScratchDir = "/scratch/condor/dir_1682806"
	Cpus = 1
	Disk = 3072
	GPUs = 0
	machine_token = 0
	Memory = 6016
...
006 (19533176.000.000) 2026-06-02 16:07:16 Image size of job updated: 123172
	121  -  MemoryUsage of job (MB)
	123172  -  ResidentSetSize of job (KB)
...
006 (19533176.000.000) 2026-06-02 16:12:16 Image size of job updated: 172084
	169  -  MemoryUsage of job (MB)
	172084  -  ResidentSetSize of job (KB)
...
006 (19533176.000.000) 2026-06-02 16:17:17 Image size of job updated: 460372
	450  -  MemoryUsage of job (MB)
	460372  -  ResidentSetSize of job (KB)
...
006 (19533176.000.000) 2026-06-02 16:18:11 Image size of job updated: 476156
	450  -  MemoryUsage of job (MB)
	460372  -  ResidentSetSize of job (KB)
...
005 (19533176.000.000) 2026-06-02 16:18:11 Job terminated.
	(1) Normal termination (return value 0)
		Usr 0 00:10:13, Sys 0 00:00:10  -  Run Remote Usage
		Usr 0 00:00:00, Sys 0 00:00:00  -  Run Local Usage
		Usr 0 00:10:13, Sys 0 00:00:10  -  Total Remote Usage
		Usr 0 00:00:00, Sys 0 00:00:00  -  Total Local Usage
	0  -  Run Bytes Sent By Job
	0  -  Run Bytes Received By Job
	0  -  Total Bytes Sent By Job
	0  -  Total Bytes Received By Job
	Partitionable Resources :    Usage  Request Allocated 
	   admin_mutex_1         :                           0 
	   admin_mutex_2         :                           0 
	   admin_mutex_3         :                           0 
	   Cpus                  :     0.94        1         1 
	   Disk (KB)             :    12        2048      3072 
	   GPUs                  :                           0 
	   machine_token         :                           0 
	   Memory (MB)           :   450        6000      6016 
	   TimeExecute (s)       :   668                       
	   TimeSlotBusy (s)      :   668                       

	Job terminated of its own accord at 2026-06-02T21:18:11Z with exit-code 0.
...
