000 (19536032.000.000) 2026-06-02 15:55:36 Job submitted from host: <10.128.10.103:9618?addrs=10.128.10.103-9618&alias=npx-submitter.icecube.wisc.edu&noUDP&sock=schedd_2449_6386>
    DAG Node: Drootprod_20170829_27649
...
001 (19536032.000.000) 2026-06-02 17:12:31 Job executing on host: <10.128.11.39:40283?addrs=10.128.11.39-40283&alias=n-smbc-20.icecube.wisc.edu>
	SlotName: slot1_8@n-smbc-20.icecube.wisc.edu
	admin_mutex_1 = 0
	admin_mutex_2 = 0
	admin_mutex_3 = 0
	CondorScratchDir = "/scratch/condor/dir_3252680"
	Cpus = 1
	Disk = 3072
	GPUs = 0
	machine_token = 0
	Memory = 6016
...
006 (19536032.000.000) 2026-06-02 17:12:44 Image size of job updated: 119884
	118  -  MemoryUsage of job (MB)
	119884  -  ResidentSetSize of job (KB)
...
006 (19536032.000.000) 2026-06-02 17:17:44 Image size of job updated: 153604
	151  -  MemoryUsage of job (MB)
	153604  -  ResidentSetSize of job (KB)
...
006 (19536032.000.000) 2026-06-02 17:22:45 Image size of job updated: 180076
	176  -  MemoryUsage of job (MB)
	180076  -  ResidentSetSize of job (KB)
...
006 (19536032.000.000) 2026-06-02 17:27:45 Image size of job updated: 455528
	445  -  MemoryUsage of job (MB)
	455528  -  ResidentSetSize of job (KB)
...
006 (19536032.000.000) 2026-06-02 17:32:41 Image size of job updated: 822424
	445  -  MemoryUsage of job (MB)
	455528  -  ResidentSetSize of job (KB)
...
005 (19536032.000.000) 2026-06-02 17:32:41 Job terminated.
	(1) Normal termination (return value 0)
		Usr 0 00:19:19, Sys 0 00:00:14  -  Run Remote Usage
		Usr 0 00:00:00, Sys 0 00:00:00  -  Run Local Usage
		Usr 0 00:19:19, Sys 0 00:00:14  -  Total Remote Usage
		Usr 0 00:00:00, Sys 0 00:00:00  -  Total Local Usage
	0  -  Run Bytes Sent By Job
	0  -  Run Bytes Received By Job
	0  -  Total Bytes Sent By Job
	0  -  Total Bytes Received By Job
	Partitionable Resources :    Usage  Request Allocated 
	   admin_mutex_1         :                           0 
	   admin_mutex_2         :                           0 
	   admin_mutex_3         :                           0 
	   Cpus                  :     0.98        1         1 
	   Disk (KB)             :    12        2048      3072 
	   GPUs                  :                           0 
	   machine_token         :                           0 
	   Memory (MB)           :   445        6000      6016 
	   TimeExecute (s)       :  1210                       
	   TimeSlotBusy (s)      :  1210                       

	Job terminated of its own accord at 2026-06-02T22:32:41Z with exit-code 0.
...
