000 (19537033.000.000) 2026-06-02 15:57:47 Job submitted from host: <10.128.10.103:9618?addrs=10.128.10.103-9618&alias=npx-submitter.icecube.wisc.edu&noUDP&sock=schedd_2449_6386>
    DAG Node: Drootprod_20171106_86799
...
001 (19537033.000.000) 2026-06-02 17:31:10 Job executing on host: <10.128.10.21:35497?addrs=10.128.10.21-35497&alias=n-m610-11.icecube.wisc.edu>
	SlotName: slot1_3@n-m610-11.icecube.wisc.edu
	admin_mutex_1 = 0
	admin_mutex_2 = 0
	admin_mutex_3 = 0
	CondorScratchDir = "/scratch/condor/dir_2646559"
	Cpus = 1
	Disk = 3072
	GPUs = 0
	machine_token = 0
	Memory = 6016
...
006 (19537033.000.000) 2026-06-02 17:31:23 Image size of job updated: 121844
	119  -  MemoryUsage of job (MB)
	121844  -  ResidentSetSize of job (KB)
...
006 (19537033.000.000) 2026-06-02 17:36:23 Image size of job updated: 160568
	157  -  MemoryUsage of job (MB)
	160568  -  ResidentSetSize of job (KB)
...
006 (19537033.000.000) 2026-06-02 17:41:23 Image size of job updated: 306324
	300  -  MemoryUsage of job (MB)
	306324  -  ResidentSetSize of job (KB)
...
006 (19537033.000.000) 2026-06-02 17:44:15 Image size of job updated: 462024
	300  -  MemoryUsage of job (MB)
	306324  -  ResidentSetSize of job (KB)
...
005 (19537033.000.000) 2026-06-02 17:44:15 Job terminated.
	(1) Normal termination (return value 0)
		Usr 0 00:12:25, Sys 0 00:00:10  -  Run Remote Usage
		Usr 0 00:00:00, Sys 0 00:00:00  -  Run Local Usage
		Usr 0 00:12:25, Sys 0 00:00:10  -  Total Remote Usage
		Usr 0 00:00:00, Sys 0 00:00:00  -  Total Local Usage
	0  -  Run Bytes Sent By Job
	0  -  Run Bytes Received By Job
	0  -  Total Bytes Sent By Job
	0  -  Total Bytes Received By Job
	Partitionable Resources :    Usage  Request Allocated 
	   admin_mutex_1         :                           0 
	   admin_mutex_2         :                           0 
	   admin_mutex_3         :                           0 
	   Cpus                  :     0.99        1         1 
	   Disk (KB)             :    12        2048      3072 
	   GPUs                  :                           0 
	   machine_token         :                           0 
	   Memory (MB)           :   300        6000      6016 
	   TimeExecute (s)       :   785                       
	   TimeSlotBusy (s)      :   786                       

	Job terminated of its own accord at 2026-06-02T22:44:15Z with exit-code 0.
...
