000 (19533708.000.000) 2026-06-02 15:50:58 Job submitted from host: <10.128.10.103:9618?addrs=10.128.10.103-9618&alias=npx-submitter.icecube.wisc.edu&noUDP&sock=schedd_2449_6386>
    DAG Node: Drootprod_20170402_51330
...
001 (19533708.000.000) 2026-06-02 16:19:51 Job executing on host: <10.128.10.115:33587?addrs=10.128.10.115-33587&alias=n-gibyte-00.icecube.wisc.edu>
	SlotName: slot1_369@n-gibyte-00.icecube.wisc.edu
	admin_mutex_1 = 0
	admin_mutex_2 = 0
	admin_mutex_3 = 0
	CondorScratchDir = "/scratch/condor/dir_2129096"
	Cpus = 1
	Disk = 5480
	GPUs = 0
	machine_token = 0
	Memory = 6016
...
006 (19533708.000.000) 2026-06-02 16:20:05 Image size of job updated: 120292
	118  -  MemoryUsage of job (MB)
	120292  -  ResidentSetSize of job (KB)
...
006 (19533708.000.000) 2026-06-02 16:25:05 Image size of job updated: 144504
	142  -  MemoryUsage of job (MB)
	144504  -  ResidentSetSize of job (KB)
...
006 (19533708.000.000) 2026-06-02 16:30:06 Image size of job updated: 165980
	163  -  MemoryUsage of job (MB)
	165980  -  ResidentSetSize of job (KB)
...
006 (19533708.000.000) 2026-06-02 16:35:06 Image size of job updated: 298060
	292  -  MemoryUsage of job (MB)
	298060  -  ResidentSetSize of job (KB)
...
006 (19533708.000.000) 2026-06-02 16:40:07 Image size of job updated: 453848
	444  -  MemoryUsage of job (MB)
	453848  -  ResidentSetSize of job (KB)
...
006 (19533708.000.000) 2026-06-02 16:44:43 Image size of job updated: 476368
	444  -  MemoryUsage of job (MB)
	453848  -  ResidentSetSize of job (KB)
...
005 (19533708.000.000) 2026-06-02 16:44:43 Job terminated.
	(1) Normal termination (return value 0)
		Usr 0 00:23:30, Sys 0 00:00:16  -  Run Remote Usage
		Usr 0 00:00:00, Sys 0 00:00:00  -  Run Local Usage
		Usr 0 00:23:30, Sys 0 00:00:16  -  Total Remote Usage
		Usr 0 00:00:00, Sys 0 00:00:00  -  Total Local Usage
	0  -  Run Bytes Sent By Job
	0  -  Run Bytes Received By Job
	0  -  Total Bytes Sent By Job
	0  -  Total Bytes Received By Job
	Partitionable Resources :    Usage  Request Allocated 
	   admin_mutex_1         :                           0 
	   admin_mutex_2         :                           0 
	   admin_mutex_3         :                           0 
	   Cpus                  :     0.99        1         1 
	   Disk (KB)             :    10        2048      5480 
	   GPUs                  :                           0 
	   machine_token         :                           0 
	   Memory (MB)           :   444        6000      6016 
	   TimeExecute (s)       :  1492                       
	   TimeSlotBusy (s)      :  1492                       

	Job terminated of its own accord at 2026-06-02T21:44:43Z with exit-code 0.
...
