000 (19533991.000.000) 2026-06-02 15:51:34 Job submitted from host: <10.128.10.103:9618?addrs=10.128.10.103-9618&alias=npx-submitter.icecube.wisc.edu&noUDP&sock=schedd_2449_6386>
    DAG Node: Drootprod_20170422_32612
...
001 (19533991.000.000) 2026-06-02 16:24:38 Job executing on host: <10.128.10.115:33587?addrs=10.128.10.115-33587&alias=n-gibyte-00.icecube.wisc.edu>
	SlotName: slot1_411@n-gibyte-00.icecube.wisc.edu
	admin_mutex_1 = 0
	admin_mutex_2 = 0
	admin_mutex_3 = 0
	CondorScratchDir = "/scratch/condor/dir_2145483"
	Cpus = 1
	Disk = 5480
	GPUs = 0
	machine_token = 0
	Memory = 6016
...
006 (19533991.000.000) 2026-06-02 16:24:51 Image size of job updated: 118408
	116  -  MemoryUsage of job (MB)
	118408  -  ResidentSetSize of job (KB)
...
006 (19533991.000.000) 2026-06-02 16:29:51 Image size of job updated: 143000
	140  -  MemoryUsage of job (MB)
	143000  -  ResidentSetSize of job (KB)
...
006 (19533991.000.000) 2026-06-02 16:34:52 Image size of job updated: 162764
	159  -  MemoryUsage of job (MB)
	162764  -  ResidentSetSize of job (KB)
...
006 (19533991.000.000) 2026-06-02 16:39:52 Image size of job updated: 183620
	180  -  MemoryUsage of job (MB)
	183620  -  ResidentSetSize of job (KB)
...
006 (19533991.000.000) 2026-06-02 16:44:53 Image size of job updated: 312760
	306  -  MemoryUsage of job (MB)
	312760  -  ResidentSetSize of job (KB)
...
006 (19533991.000.000) 2026-06-02 16:49:53 Image size of job updated: 470572
	460  -  MemoryUsage of job (MB)
	470572  -  ResidentSetSize of job (KB)
...
006 (19533991.000.000) 2026-06-02 16:50:59 Image size of job updated: 480280
	460  -  MemoryUsage of job (MB)
	470572  -  ResidentSetSize of job (KB)
...
005 (19533991.000.000) 2026-06-02 16:50:59 Job terminated.
	(1) Normal termination (return value 0)
		Usr 0 00:25:02, Sys 0 00:00:16  -  Run Remote Usage
		Usr 0 00:00:00, Sys 0 00:00:00  -  Run Local Usage
		Usr 0 00:25:02, Sys 0 00:00:16  -  Total Remote Usage
		Usr 0 00:00:00, Sys 0 00:00:00  -  Total Local Usage
	0  -  Run Bytes Sent By Job
	0  -  Run Bytes Received By Job
	0  -  Total Bytes Sent By Job
	0  -  Total Bytes Received By Job
	Partitionable Resources :    Usage  Request Allocated 
	   admin_mutex_1         :                           0 
	   admin_mutex_2         :                           0 
	   admin_mutex_3         :                           0 
	   Cpus                  :     0.99        1         1 
	   Disk (KB)             :    10        2048      5480 
	   GPUs                  :                           0 
	   machine_token         :                           0 
	   Memory (MB)           :   460        6000      6016 
	   TimeExecute (s)       :  1581                       
	   TimeSlotBusy (s)      :  1582                       

	Job terminated of its own accord at 2026-06-02T21:50:59Z with exit-code 0.
...
