000 (19533531.000.000) 2026-06-02 15:50:36 Job submitted from host: <10.128.10.103:9618?addrs=10.128.10.103-9618&alias=npx-submitter.icecube.wisc.edu&noUDP&sock=schedd_2449_6386>
    DAG Node: Drootprod_20170321_67411
...
001 (19533531.000.000) 2026-06-02 16:16:12 Job executing on host: <10.128.10.116:38163?addrs=10.128.10.116-38163&alias=n-gibyte-01.icecube.wisc.edu>
	SlotName: slot1_67@n-gibyte-01.icecube.wisc.edu
	admin_mutex_1 = 0
	admin_mutex_2 = 0
	admin_mutex_3 = 0
	CondorScratchDir = "/scratch/condor/dir_2483391"
	Cpus = 1
	Disk = 5480
	GPUs = 0
	machine_token = 0
	Memory = 6016
...
006 (19533531.000.000) 2026-06-02 16:16:25 Image size of job updated: 119380
	117  -  MemoryUsage of job (MB)
	119380  -  ResidentSetSize of job (KB)
...
006 (19533531.000.000) 2026-06-02 16:19:41 Image size of job updated: 136388
	117  -  MemoryUsage of job (MB)
	119380  -  ResidentSetSize of job (KB)
...
005 (19533531.000.000) 2026-06-02 16:19:41 Job terminated.
	(1) Normal termination (return value 0)
		Usr 0 00:03:13, Sys 0 00:00:02  -  Run Remote Usage
		Usr 0 00:00:00, Sys 0 00:00:00  -  Run Local Usage
		Usr 0 00:03:13, Sys 0 00:00:02  -  Total Remote Usage
		Usr 0 00:00:00, Sys 0 00:00:00  -  Total Local Usage
	0  -  Run Bytes Sent By Job
	0  -  Run Bytes Received By Job
	0  -  Total Bytes Sent By Job
	0  -  Total Bytes Received By Job
	Partitionable Resources :    Usage  Request Allocated 
	   admin_mutex_1         :                           0 
	   admin_mutex_2         :                           0 
	   admin_mutex_3         :                           0 
	   Cpus                  :                 1         1 
	   Disk (KB)             :        2     2048      5480 
	   GPUs                  :                           0 
	   machine_token         :                           0 
	   Memory (MB)           :      117     6000      6016 
	   TimeExecute (s)       :      209                    
	   TimeSlotBusy (s)      :      210                    

	Job terminated of its own accord at 2026-06-02T21:19:41Z with exit-code 0.
...
