000 (19536953.000.000) 2026-06-02 15:57:36 Job submitted from host: <10.128.10.103:9618?addrs=10.128.10.103-9618&alias=npx-submitter.icecube.wisc.edu&noUDP&sock=schedd_2449_6386>
    DAG Node: Drootprod_20171031_16540
...
001 (19536953.000.000) 2026-06-02 17:29:44 Job executing on host: <10.128.10.187:34023?addrs=10.128.10.187-34023&alias=n-smepyc-00.icecube.wisc.edu>
	SlotName: slot1_75@n-smepyc-00.icecube.wisc.edu
	admin_mutex_1 = 0
	admin_mutex_2 = 0
	admin_mutex_3 = 0
	CondorScratchDir = "/scratch/condor/dir_2002843"
	Cpus = 1
	Disk = 3072
	GPUs = 0
	machine_token = 0
	Memory = 6016
...
006 (19536953.000.000) 2026-06-02 17:29:57 Image size of job updated: 121400
	119  -  MemoryUsage of job (MB)
	121400  -  ResidentSetSize of job (KB)
...
006 (19536953.000.000) 2026-06-02 17:34:57 Image size of job updated: 172112
	169  -  MemoryUsage of job (MB)
	172112  -  ResidentSetSize of job (KB)
...
006 (19536953.000.000) 2026-06-02 17:39:50 Image size of job updated: 457864
	169  -  MemoryUsage of job (MB)
	172112  -  ResidentSetSize of job (KB)
...
005 (19536953.000.000) 2026-06-02 17:39:50 Job terminated.
	(1) Normal termination (return value 0)
		Usr 0 00:09:34, Sys 0 00:00:09  -  Run Remote Usage
		Usr 0 00:00:00, Sys 0 00:00:00  -  Run Local Usage
		Usr 0 00:09:34, Sys 0 00:00:09  -  Total Remote Usage
		Usr 0 00:00:00, Sys 0 00:00:00  -  Total Local Usage
	0  -  Run Bytes Sent By Job
	0  -  Run Bytes Received By Job
	0  -  Total Bytes Sent By Job
	0  -  Total Bytes Received By Job
	Partitionable Resources :    Usage  Request Allocated 
	   admin_mutex_1         :                           0 
	   admin_mutex_2         :                           0 
	   admin_mutex_3         :                           0 
	   Cpus                  :     0.97        1         1 
	   Disk (KB)             :    12        2048      3072 
	   GPUs                  :                           0 
	   machine_token         :                           0 
	   Memory (MB)           :   169        6000      6016 
	   TimeExecute (s)       :   606                       
	   TimeSlotBusy (s)      :   606                       

	Job terminated of its own accord at 2026-06-02T22:39:50Z with exit-code 0.
...
