000 (19535160.000.000) 2026-06-02 15:53:45 Job submitted from host: <10.128.10.103:9618?addrs=10.128.10.103-9618&alias=npx-submitter.icecube.wisc.edu&noUDP&sock=schedd_2449_6386>
    DAG Node: Drootprod_20170630_86705
...
001 (19535160.000.000) 2026-06-02 16:47:35 Job executing on host: <10.128.10.117:43719?addrs=10.128.10.117-43719&alias=n-gibyte-02.icecube.wisc.edu>
	SlotName: slot1_92@n-gibyte-02.icecube.wisc.edu
	admin_mutex_1 = 0
	admin_mutex_2 = 0
	admin_mutex_3 = 0
	CondorScratchDir = "/scratch/condor/dir_3525554"
	Cpus = 1
	Disk = 5480
	GPUs = 0
	machine_token = 0
	Memory = 6016
...
006 (19535160.000.000) 2026-06-02 16:47:49 Image size of job updated: 119188
	117  -  MemoryUsage of job (MB)
	119188  -  ResidentSetSize of job (KB)
...
006 (19535160.000.000) 2026-06-02 16:52:50 Image size of job updated: 144328
	141  -  MemoryUsage of job (MB)
	144328  -  ResidentSetSize of job (KB)
...
006 (19535160.000.000) 2026-06-02 16:57:50 Image size of job updated: 165416
	162  -  MemoryUsage of job (MB)
	165416  -  ResidentSetSize of job (KB)
...
006 (19535160.000.000) 2026-06-02 17:02:51 Image size of job updated: 300228
	294  -  MemoryUsage of job (MB)
	300228  -  ResidentSetSize of job (KB)
...
006 (19535160.000.000) 2026-06-02 17:07:51 Image size of job updated: 453004
	443  -  MemoryUsage of job (MB)
	453004  -  ResidentSetSize of job (KB)
...
006 (19535160.000.000) 2026-06-02 17:10:59 Image size of job updated: 476580
	443  -  MemoryUsage of job (MB)
	453004  -  ResidentSetSize of job (KB)
...
005 (19535160.000.000) 2026-06-02 17:10:59 Job terminated.
	(1) Normal termination (return value 0)
		Usr 0 00:22:02, Sys 0 00:00:15  -  Run Remote Usage
		Usr 0 00:00:00, Sys 0 00:00:00  -  Run Local Usage
		Usr 0 00:22:02, Sys 0 00:00:15  -  Total Remote Usage
		Usr 0 00:00:00, Sys 0 00:00:00  -  Total Local Usage
	0  -  Run Bytes Sent By Job
	0  -  Run Bytes Received By Job
	0  -  Total Bytes Sent By Job
	0  -  Total Bytes Received By Job
	Partitionable Resources :    Usage  Request Allocated 
	   admin_mutex_1         :                           0 
	   admin_mutex_2         :                           0 
	   admin_mutex_3         :                           0 
	   Cpus                  :     0.97        1         1 
	   Disk (KB)             :    10        2048      5480 
	   GPUs                  :                           0 
	   machine_token         :                           0 
	   Memory (MB)           :   443        6000      6016 
	   TimeExecute (s)       :  1404                       
	   TimeSlotBusy (s)      :  1404                       

	Job terminated of its own accord at 2026-06-02T22:10:59Z with exit-code 0.
...
