000 (19532672.000.000) 2026-06-02 15:48:25 Job submitted from host: <10.128.10.103:9618?addrs=10.128.10.103-9618&alias=npx-submitter.icecube.wisc.edu&noUDP&sock=schedd_2449_6386>
    DAG Node: Drootprod_20170111_13816
...
001 (19532672.000.000) 2026-06-02 15:48:39 Job executing on host: <10.128.10.116:38163?addrs=10.128.10.116-38163&alias=n-gibyte-01.icecube.wisc.edu>
	SlotName: slot1_470@n-gibyte-01.icecube.wisc.edu
	admin_mutex_1 = 0
	admin_mutex_2 = 0
	admin_mutex_3 = 0
	CondorScratchDir = "/scratch/condor/dir_2367048"
	Cpus = 1
	Disk = 5480
	GPUs = 0
	machine_token = 0
	Memory = 6016
...
006 (19532672.000.000) 2026-06-02 15:48:47 Image size of job updated: 119184
	117  -  MemoryUsage of job (MB)
	119184  -  ResidentSetSize of job (KB)
...
006 (19532672.000.000) 2026-06-02 15:53:47 Image size of job updated: 144888
	142  -  MemoryUsage of job (MB)
	144888  -  ResidentSetSize of job (KB)
...
006 (19532672.000.000) 2026-06-02 15:58:48 Image size of job updated: 165808
	162  -  MemoryUsage of job (MB)
	165808  -  ResidentSetSize of job (KB)
...
006 (19532672.000.000) 2026-06-02 16:03:48 Image size of job updated: 297888
	291  -  MemoryUsage of job (MB)
	297888  -  ResidentSetSize of job (KB)
...
006 (19532672.000.000) 2026-06-02 16:08:49 Image size of job updated: 451664
	442  -  MemoryUsage of job (MB)
	451664  -  ResidentSetSize of job (KB)
...
006 (19532672.000.000) 2026-06-02 16:12:08 Image size of job updated: 473040
	442  -  MemoryUsage of job (MB)
	451664  -  ResidentSetSize of job (KB)
...
005 (19532672.000.000) 2026-06-02 16:12:08 Job terminated.
	(1) Normal termination (return value 0)
		Usr 0 00:22:21, Sys 0 00:00:13  -  Run Remote Usage
		Usr 0 00:00:00, Sys 0 00:00:00  -  Run Local Usage
		Usr 0 00:22:21, Sys 0 00:00:13  -  Total Remote Usage
		Usr 0 00:00:00, Sys 0 00:00:00  -  Total Local Usage
	0  -  Run Bytes Sent By Job
	0  -  Run Bytes Received By Job
	0  -  Total Bytes Sent By Job
	0  -  Total Bytes Received By Job
	Partitionable Resources :    Usage  Request Allocated 
	   admin_mutex_1         :                           0 
	   admin_mutex_2         :                           0 
	   admin_mutex_3         :                           0 
	   Cpus                  :     0.98        1         1 
	   Disk (KB)             :    12        2048      5480 
	   GPUs                  :                           0 
	   machine_token         :                           0 
	   Memory (MB)           :   442        6000      6016 
	   TimeExecute (s)       :  1409                       
	   TimeSlotBusy (s)      :  1410                       

	Job terminated of its own accord at 2026-06-02T21:12:08Z with exit-code 0.
...
