000 (19533601.000.000) 2026-06-02 15:50:45 Job submitted from host: <10.128.10.103:9618?addrs=10.128.10.103-9618&alias=npx-submitter.icecube.wisc.edu&noUDP&sock=schedd_2449_6386>
    DAG Node: Drootprod_20170325_86186
...
001 (19533601.000.000) 2026-06-02 16:17:27 Job executing on host: <10.128.10.115:33587?addrs=10.128.10.115-33587&alias=n-gibyte-00.icecube.wisc.edu>
	SlotName: slot1_26@n-gibyte-00.icecube.wisc.edu
	admin_mutex_1 = 0
	admin_mutex_2 = 0
	admin_mutex_3 = 0
	CondorScratchDir = "/scratch/condor/dir_2120193"
	Cpus = 1
	Disk = 5480
	GPUs = 0
	machine_token = 0
	Memory = 6016
...
006 (19533601.000.000) 2026-06-02 16:17:40 Image size of job updated: 121576
	119  -  MemoryUsage of job (MB)
	121576  -  ResidentSetSize of job (KB)
...
006 (19533601.000.000) 2026-06-02 16:22:40 Image size of job updated: 150344
	147  -  MemoryUsage of job (MB)
	150344  -  ResidentSetSize of job (KB)
...
006 (19533601.000.000) 2026-06-02 16:27:41 Image size of job updated: 174596
	171  -  MemoryUsage of job (MB)
	174596  -  ResidentSetSize of job (KB)
...
006 (19533601.000.000) 2026-06-02 16:32:41 Image size of job updated: 305596
	299  -  MemoryUsage of job (MB)
	305596  -  ResidentSetSize of job (KB)
...
006 (19533601.000.000) 2026-06-02 16:37:42 Image size of job updated: 458460
	448  -  MemoryUsage of job (MB)
	458460  -  ResidentSetSize of job (KB)
...
006 (19533601.000.000) 2026-06-02 16:40:32 Image size of job updated: 471764
	448  -  MemoryUsage of job (MB)
	458460  -  ResidentSetSize of job (KB)
...
005 (19533601.000.000) 2026-06-02 16:40:32 Job terminated.
	(1) Normal termination (return value 0)
		Usr 0 00:21:42, Sys 0 00:00:16  -  Run Remote Usage
		Usr 0 00:00:00, Sys 0 00:00:00  -  Run Local Usage
		Usr 0 00:21:42, Sys 0 00:00:16  -  Total Remote Usage
		Usr 0 00:00:00, Sys 0 00:00:00  -  Total Local Usage
	0  -  Run Bytes Sent By Job
	0  -  Run Bytes Received By Job
	0  -  Total Bytes Sent By Job
	0  -  Total Bytes Received By Job
	Partitionable Resources :    Usage  Request Allocated 
	   admin_mutex_1         :                           0 
	   admin_mutex_2         :                           0 
	   admin_mutex_3         :                           0 
	   Cpus                  :     0.98        1         1 
	   Disk (KB)             :    10        2048      5480 
	   GPUs                  :                           0 
	   machine_token         :                           0 
	   Memory (MB)           :   448        6000      6016 
	   TimeExecute (s)       :  1385                       
	   TimeSlotBusy (s)      :  1386                       

	Job terminated of its own accord at 2026-06-02T21:40:32Z with exit-code 0.
...
