000 (19534473.000.000) 2026-06-02 15:52:28 Job submitted from host: <10.128.10.103:9618?addrs=10.128.10.103-9618&alias=npx-submitter.icecube.wisc.edu&noUDP&sock=schedd_2449_6386>
    DAG Node: Drootprod_20160530_72518
...
001 (19534473.000.000) 2026-06-02 16:34:37 Job executing on host: <10.128.10.187:34023?addrs=10.128.10.187-34023&alias=n-smepyc-00.icecube.wisc.edu>
	SlotName: slot1_46@n-smepyc-00.icecube.wisc.edu
	admin_mutex_1 = 0
	admin_mutex_2 = 0
	admin_mutex_3 = 0
	CondorScratchDir = "/scratch/condor/dir_1792260"
	Cpus = 1
	Disk = 3072
	GPUs = 0
	machine_token = 0
	Memory = 6016
...
006 (19534473.000.000) 2026-06-02 16:34:50 Image size of job updated: 122344
	120  -  MemoryUsage of job (MB)
	122344  -  ResidentSetSize of job (KB)
...
006 (19534473.000.000) 2026-06-02 16:39:50 Image size of job updated: 176012
	172  -  MemoryUsage of job (MB)
	176012  -  ResidentSetSize of job (KB)
...
006 (19534473.000.000) 2026-06-02 16:44:51 Image size of job updated: 465592
	455  -  MemoryUsage of job (MB)
	465592  -  ResidentSetSize of job (KB)
...
006 (19534473.000.000) 2026-06-02 16:47:46 Image size of job updated: 830060
	455  -  MemoryUsage of job (MB)
	465592  -  ResidentSetSize of job (KB)
...
005 (19534473.000.000) 2026-06-02 16:47:46 Job terminated.
	(1) Normal termination (return value 0)
		Usr 0 00:12:26, Sys 0 00:00:12  -  Run Remote Usage
		Usr 0 00:00:00, Sys 0 00:00:00  -  Run Local Usage
		Usr 0 00:12:26, Sys 0 00:00:12  -  Total Remote Usage
		Usr 0 00:00:00, Sys 0 00:00:00  -  Total Local Usage
	0  -  Run Bytes Sent By Job
	0  -  Run Bytes Received By Job
	0  -  Total Bytes Sent By Job
	0  -  Total Bytes Received By Job
	Partitionable Resources :    Usage  Request Allocated 
	   admin_mutex_1         :                           0 
	   admin_mutex_2         :                           0 
	   admin_mutex_3         :                           0 
	   Cpus                  :     0.99        1         1 
	   Disk (KB)             :    10        2048      3072 
	   GPUs                  :                           0 
	   machine_token         :                           0 
	   Memory (MB)           :   455        6000      6016 
	   TimeExecute (s)       :   789                       
	   TimeSlotBusy (s)      :   789                       

	Job terminated of its own accord at 2026-06-02T21:47:46Z with exit-code 0.
...
