000 (19535341.000.000) 2026-06-02 15:54:08 Job submitted from host: <10.128.10.103:9618?addrs=10.128.10.103-9618&alias=npx-submitter.icecube.wisc.edu&noUDP&sock=schedd_2449_6386>
    DAG Node: Drootprod_20160721_96731
...
001 (19535341.000.000) 2026-06-02 16:51:35 Job executing on host: <10.128.10.192:35633?addrs=10.128.10.192-35633&alias=n-smepyc-05.icecube.wisc.edu>
	SlotName: slot1_53@n-smepyc-05.icecube.wisc.edu
	admin_mutex_1 = 0
	admin_mutex_2 = 0
	admin_mutex_3 = 0
	CondorScratchDir = "/scratch/condor/dir_260030"
	Cpus = 1
	Disk = 3072
	GPUs = 0
	machine_token = 0
	Memory = 6016
...
006 (19535341.000.000) 2026-06-02 16:51:48 Image size of job updated: 123516
	121  -  MemoryUsage of job (MB)
	123516  -  ResidentSetSize of job (KB)
...
006 (19535341.000.000) 2026-06-02 16:56:48 Image size of job updated: 168540
	165  -  MemoryUsage of job (MB)
	168540  -  ResidentSetSize of job (KB)
...
006 (19535341.000.000) 2026-06-02 17:01:49 Image size of job updated: 455172
	445  -  MemoryUsage of job (MB)
	455172  -  ResidentSetSize of job (KB)
...
006 (19535341.000.000) 2026-06-02 17:06:12 Image size of job updated: 842888
	445  -  MemoryUsage of job (MB)
	455172  -  ResidentSetSize of job (KB)
...
005 (19535341.000.000) 2026-06-02 17:06:12 Job terminated.
	(1) Normal termination (return value 0)
		Usr 0 00:13:50, Sys 0 00:00:12  -  Run Remote Usage
		Usr 0 00:00:00, Sys 0 00:00:00  -  Run Local Usage
		Usr 0 00:13:50, Sys 0 00:00:12  -  Total Remote Usage
		Usr 0 00:00:00, Sys 0 00:00:00  -  Total Local Usage
	0  -  Run Bytes Sent By Job
	0  -  Run Bytes Received By Job
	0  -  Total Bytes Sent By Job
	0  -  Total Bytes Received By Job
	Partitionable Resources :    Usage  Request Allocated 
	   admin_mutex_1         :                           0 
	   admin_mutex_2         :                           0 
	   admin_mutex_3         :                           0 
	   Cpus                  :     0.97        1         1 
	   Disk (KB)             :    10        2048      3072 
	   GPUs                  :                           0 
	   machine_token         :                           0 
	   Memory (MB)           :   445        6000      6016 
	   TimeExecute (s)       :   877                       
	   TimeSlotBusy (s)      :   877                       

	Job terminated of its own accord at 2026-06-02T22:06:12Z with exit-code 0.
...
