000 (19533544.000.000) 2026-06-02 15:50:38 Job submitted from host: <10.128.10.103:9618?addrs=10.128.10.103-9618&alias=npx-submitter.icecube.wisc.edu&noUDP&sock=schedd_2449_6386>
    DAG Node: Drootprod_20160331_53323
...
001 (19533544.000.000) 2026-06-02 16:16:15 Job executing on host: <10.128.10.116:38163?addrs=10.128.10.116-38163&alias=n-gibyte-01.icecube.wisc.edu>
	SlotName: slot1_461@n-gibyte-01.icecube.wisc.edu
	admin_mutex_1 = 0
	admin_mutex_2 = 0
	admin_mutex_3 = 0
	CondorScratchDir = "/scratch/condor/dir_2483527"
	Cpus = 1
	Disk = 5480
	GPUs = 0
	machine_token = 0
	Memory = 6016
...
006 (19533544.000.000) 2026-06-02 16:16:29 Image size of job updated: 119776
	117  -  MemoryUsage of job (MB)
	119776  -  ResidentSetSize of job (KB)
...
006 (19533544.000.000) 2026-06-02 16:21:30 Image size of job updated: 141812
	139  -  MemoryUsage of job (MB)
	141812  -  ResidentSetSize of job (KB)
...
022 (19533544.000.000) 2026-06-02 16:23:27 Job disconnected, attempting to reconnect
    Socket between submit and execute hosts closed unexpectedly
    Trying to reconnect to slot1_461@n-gibyte-01.icecube.wisc.edu <10.128.10.116:38163?addrs=10.128.10.116-38163&alias=n-gibyte-01.icecube.wisc.edu>
...
024 (19533544.000.000) 2026-06-02 17:03:27 Job reconnection failed
    Job disconnected too long: JobLeaseDuration (2400 seconds) expired
    Can not reconnect to slot1_461@n-gibyte-01.icecube.wisc.edu, rescheduling job
...
004 (19533544.000.000) 2026-06-02 17:03:37 Job was evicted.
	(0) CPU times
		Usr 0 00:04:53, Sys 0 00:00:03  -  Run Remote Usage
		Usr 0 00:00:00, Sys 0 00:00:00  -  Run Local Usage
	0  -  Run Bytes Sent By Job
	0  -  Run Bytes Received By Job
	Job disconnected too long: JobLeaseDuration (2400 seconds) expired
	Partitionable Resources :    Usage  Request Allocated 
	   admin_mutex_1         :                           0 
	   admin_mutex_2         :                           0 
	   admin_mutex_3         :                           0 
	   Cpus                  :     0.99        1         1 
	   Disk (KB)             :    10        2048      5480 
	   GPUs                  :                           0 
	   machine_token         :                           0 
	   Memory (MB)           :   139        6000      6016 
...
001 (19533544.000.000) 2026-06-02 17:09:10 Job executing on host: <10.128.10.117:43719?addrs=10.128.10.117-43719&alias=n-gibyte-02.icecube.wisc.edu>
	SlotName: slot1_402@n-gibyte-02.icecube.wisc.edu
	admin_mutex_1 = 0
	admin_mutex_2 = 0
	admin_mutex_3 = 0
	CondorScratchDir = "/scratch/condor/dir_3612571"
	Cpus = 1
	Disk = 5480
	GPUs = 0
	machine_token = 0
	Memory = 6016
...
006 (19533544.000.000) 2026-06-02 17:19:24 Image size of job updated: 153620
	151  -  MemoryUsage of job (MB)
	153620  -  ResidentSetSize of job (KB)
...
006 (19533544.000.000) 2026-06-02 17:24:24 Image size of job updated: 167380
	164  -  MemoryUsage of job (MB)
	167380  -  ResidentSetSize of job (KB)
...
006 (19533544.000.000) 2026-06-02 17:29:25 Image size of job updated: 279900
	274  -  MemoryUsage of job (MB)
	279900  -  ResidentSetSize of job (KB)
...
006 (19533544.000.000) 2026-06-02 17:34:26 Image size of job updated: 426296
	417  -  MemoryUsage of job (MB)
	426296  -  ResidentSetSize of job (KB)
...
006 (19533544.000.000) 2026-06-02 17:38:09 Image size of job updated: 446084
	417  -  MemoryUsage of job (MB)
	426296  -  ResidentSetSize of job (KB)
...
005 (19533544.000.000) 2026-06-02 17:38:09 Job terminated.
	(1) Normal termination (return value 0)
		Usr 0 00:27:50, Sys 0 00:00:16  -  Run Remote Usage
		Usr 0 00:00:00, Sys 0 00:00:00  -  Run Local Usage
		Usr 0 00:32:43, Sys 0 00:00:19  -  Total Remote Usage
		Usr 0 00:00:00, Sys 0 00:00:00  -  Total Local Usage
	0  -  Run Bytes Sent By Job
	0  -  Run Bytes Received By Job
	0  -  Total Bytes Sent By Job
	0  -  Total Bytes Received By Job
	Partitionable Resources :    Usage  Request Allocated 
	   admin_mutex_1         :                           0 
	   admin_mutex_2         :                           0 
	   admin_mutex_3         :                           0 
	   Cpus                  :     0.99        1         1 
	   Disk (KB)             :    10        2048      5480 
	   GPUs                  :                           0 
	   machine_token         :                           0 
	   Memory (MB)           :   417        6000      6016 
	   TimeExecute (s)       :  1739                       
	   TimeSlotBusy (s)      :  1740                       

	Job terminated of its own accord at 2026-06-02T22:38:09Z with exit-code 0.
...
