000 (19536192.000.000) 2026-06-02 15:55:56 Job submitted from host: <10.128.10.103:9618?addrs=10.128.10.103-9618&alias=npx-submitter.icecube.wisc.edu&noUDP&sock=schedd_2449_6386>
    DAG Node: Drootprod_20160917_3258
...
001 (19536192.000.000) 2026-06-02 17:15:50 Job executing on host: <10.128.10.166:41035?addrs=10.128.10.166-41035&alias=n-gpu-30.icecube.wisc.edu>
	SlotName: slot1_8@n-gpu-30.icecube.wisc.edu
	admin_mutex_1 = 0
	admin_mutex_2 = 0
	admin_mutex_3 = 0
	AvailableGPUs = {  }
	CondorScratchDir = "/scratch/condor/dir_2387446"
	Cpus = 1
	Disk = 3072
	GPUs = 0
	machine_token = 0
	Memory = 6016
...
006 (19536192.000.000) 2026-06-02 17:16:03 Image size of job updated: 122120
	120  -  MemoryUsage of job (MB)
	122120  -  ResidentSetSize of job (KB)
...
006 (19536192.000.000) 2026-06-02 17:21:03 Image size of job updated: 168004
	165  -  MemoryUsage of job (MB)
	168004  -  ResidentSetSize of job (KB)
...
006 (19536192.000.000) 2026-06-02 17:26:03 Image size of job updated: 454188
	444  -  MemoryUsage of job (MB)
	454188  -  ResidentSetSize of job (KB)
...
006 (19536192.000.000) 2026-06-02 17:29:30 Image size of job updated: 810080
	444  -  MemoryUsage of job (MB)
	454188  -  ResidentSetSize of job (KB)
...
005 (19536192.000.000) 2026-06-02 17:29:30 Job terminated.
	(1) Normal termination (return value 0)
		Usr 0 00:12:57, Sys 0 00:00:12  -  Run Remote Usage
		Usr 0 00:00:00, Sys 0 00:00:00  -  Run Local Usage
		Usr 0 00:12:57, Sys 0 00:00:12  -  Total Remote Usage
		Usr 0 00:00:00, Sys 0 00:00:00  -  Total Local Usage
	0  -  Run Bytes Sent By Job
	0  -  Run Bytes Received By Job
	0  -  Total Bytes Sent By Job
	0  -  Total Bytes Received By Job
	Partitionable Resources :    Usage  Request Allocated 
	   admin_mutex_1         :                           0 
	   admin_mutex_2         :                           0 
	   admin_mutex_3         :                           0 
	   Cpus                  :     1.00        1         1 
	   Disk (KB)             :    10        2048      3072 
	   GPUs                  :                           0 
	   machine_token         :                           0 
	   Memory (MB)           :   444        6000      6016 
	   TimeExecute (s)       :   821                       
	   TimeSlotBusy (s)      :   821                       

	Job terminated of its own accord at 2026-06-02T22:29:30Z with exit-code 0.
...
