000 (19533084.000.000) 2026-06-02 15:49:34 Job submitted from host: <10.128.10.103:9618?addrs=10.128.10.103-9618&alias=npx-submitter.icecube.wisc.edu&noUDP&sock=schedd_2449_6386>
    DAG Node: Drootprod_20160228_39333
...
001 (19533084.000.000) 2026-06-02 16:03:21 Job executing on host: <10.128.10.115:33587?addrs=10.128.10.115-33587&alias=n-gibyte-00.icecube.wisc.edu>
	SlotName: slot1_157@n-gibyte-00.icecube.wisc.edu
	admin_mutex_1 = 0
	admin_mutex_2 = 0
	admin_mutex_3 = 0
	CondorScratchDir = "/scratch/condor/dir_2068601"
	Cpus = 1
	Disk = 5480
	GPUs = 0
	machine_token = 0
	Memory = 6016
...
006 (19533084.000.000) 2026-06-02 16:03:34 Image size of job updated: 119752
	117  -  MemoryUsage of job (MB)
	119752  -  ResidentSetSize of job (KB)
...
006 (19533084.000.000) 2026-06-02 16:08:34 Image size of job updated: 141996
	139  -  MemoryUsage of job (MB)
	141996  -  ResidentSetSize of job (KB)
...
006 (19533084.000.000) 2026-06-02 16:13:35 Image size of job updated: 160420
	157  -  MemoryUsage of job (MB)
	160420  -  ResidentSetSize of job (KB)
...
006 (19533084.000.000) 2026-06-02 16:18:35 Image size of job updated: 272712
	267  -  MemoryUsage of job (MB)
	272712  -  ResidentSetSize of job (KB)
...
006 (19533084.000.000) 2026-06-02 16:23:36 Image size of job updated: 291476
	285  -  MemoryUsage of job (MB)
	291476  -  ResidentSetSize of job (KB)
...
006 (19533084.000.000) 2026-06-02 16:25:49 Image size of job updated: 411636
	285  -  MemoryUsage of job (MB)
	291476  -  ResidentSetSize of job (KB)
...
005 (19533084.000.000) 2026-06-02 16:25:49 Job terminated.
	(1) Normal termination (return value 0)
		Usr 0 00:21:02, Sys 0 00:00:14  -  Run Remote Usage
		Usr 0 00:00:00, Sys 0 00:00:00  -  Run Local Usage
		Usr 0 00:21:02, Sys 0 00:00:14  -  Total Remote Usage
		Usr 0 00:00:00, Sys 0 00:00:00  -  Total Local Usage
	0  -  Run Bytes Sent By Job
	0  -  Run Bytes Received By Job
	0  -  Total Bytes Sent By Job
	0  -  Total Bytes Received By Job
	Partitionable Resources :    Usage  Request Allocated 
	   admin_mutex_1         :                           0 
	   admin_mutex_2         :                           0 
	   admin_mutex_3         :                           0 
	   Cpus                  :     0.82        1         1 
	   Disk (KB)             :    10        2048      5480 
	   GPUs                  :                           0 
	   machine_token         :                           0 
	   Memory (MB)           :   285        6000      6016 
	   TimeExecute (s)       :  1348                       
	   TimeSlotBusy (s)      :  1349                       

	Job terminated of its own accord at 2026-06-02T21:25:49Z with exit-code 0.
...
