000 (19532668.000.000) 2026-06-02 15:48:24 Job submitted from host: <10.128.10.103:9618?addrs=10.128.10.103-9618&alias=npx-submitter.icecube.wisc.edu&noUDP&sock=schedd_2449_6386>
    DAG Node: Drootprod_20160120_74845
...
001 (19532668.000.000) 2026-06-02 15:48:37 Job executing on host: <10.128.10.116:38163?addrs=10.128.10.116-38163&alias=n-gibyte-01.icecube.wisc.edu>
	SlotName: slot1_466@n-gibyte-01.icecube.wisc.edu
	admin_mutex_1 = 0
	admin_mutex_2 = 0
	admin_mutex_3 = 0
	CondorScratchDir = "/scratch/condor/dir_2366261"
	Cpus = 1
	Disk = 5480
	GPUs = 0
	machine_token = 0
	Memory = 6016
...
006 (19532668.000.000) 2026-06-02 15:48:45 Image size of job updated: 119220
	117  -  MemoryUsage of job (MB)
	119220  -  ResidentSetSize of job (KB)
...
006 (19532668.000.000) 2026-06-02 15:53:45 Image size of job updated: 141512
	139  -  MemoryUsage of job (MB)
	141512  -  ResidentSetSize of job (KB)
...
006 (19532668.000.000) 2026-06-02 15:58:46 Image size of job updated: 159056
	156  -  MemoryUsage of job (MB)
	159056  -  ResidentSetSize of job (KB)
...
006 (19532668.000.000) 2026-06-02 16:03:46 Image size of job updated: 270684
	265  -  MemoryUsage of job (MB)
	270684  -  ResidentSetSize of job (KB)
...
006 (19532668.000.000) 2026-06-02 16:08:47 Image size of job updated: 289032
	283  -  MemoryUsage of job (MB)
	289032  -  ResidentSetSize of job (KB)
...
006 (19532668.000.000) 2026-06-02 16:11:34 Image size of job updated: 425688
	283  -  MemoryUsage of job (MB)
	289032  -  ResidentSetSize of job (KB)
...
005 (19532668.000.000) 2026-06-02 16:11:34 Job terminated.
	(1) Normal termination (return value 0)
		Usr 0 00:21:45, Sys 0 00:00:13  -  Run Remote Usage
		Usr 0 00:00:00, Sys 0 00:00:00  -  Run Local Usage
		Usr 0 00:21:45, Sys 0 00:00:13  -  Total Remote Usage
		Usr 0 00:00:00, Sys 0 00:00:00  -  Total Local Usage
	0  -  Run Bytes Sent By Job
	0  -  Run Bytes Received By Job
	0  -  Total Bytes Sent By Job
	0  -  Total Bytes Received By Job
	Partitionable Resources :    Usage  Request Allocated 
	   admin_mutex_1         :                           0 
	   admin_mutex_2         :                           0 
	   admin_mutex_3         :                           0 
	   Cpus                  :     0.93        1         1 
	   Disk (KB)             :    10        2048      5480 
	   GPUs                  :                           0 
	   machine_token         :                           0 
	   Memory (MB)           :   283        6000      6016 
	   TimeExecute (s)       :  1377                       
	   TimeSlotBusy (s)      :  1378                       

	Job terminated of its own accord at 2026-06-02T21:11:34Z with exit-code 0.
...
