000 (19532553.000.000) 2026-06-02 15:48:02 Job submitted from host: <10.128.10.103:9618?addrs=10.128.10.103-9618&alias=npx-submitter.icecube.wisc.edu&noUDP&sock=schedd_2449_6386>
    DAG Node: Drootprod_20160108_30170
...
001 (19532553.000.000) 2026-06-02 15:48:06 Job executing on host: <10.128.10.116:38163?addrs=10.128.10.116-38163&alias=n-gibyte-01.icecube.wisc.edu>
	SlotName: slot1_387@n-gibyte-01.icecube.wisc.edu
	admin_mutex_1 = 0
	admin_mutex_2 = 0
	admin_mutex_3 = 0
	CondorScratchDir = "/scratch/condor/dir_2353466"
	Cpus = 1
	Disk = 5480
	GPUs = 0
	machine_token = 0
	Memory = 6016
...
006 (19532553.000.000) 2026-06-02 15:48:15 Image size of job updated: 120024
	118  -  MemoryUsage of job (MB)
	120024  -  ResidentSetSize of job (KB)
...
006 (19532553.000.000) 2026-06-02 15:53:16 Image size of job updated: 140564
	138  -  MemoryUsage of job (MB)
	140564  -  ResidentSetSize of job (KB)
...
006 (19532553.000.000) 2026-06-02 15:58:16 Image size of job updated: 157900
	155  -  MemoryUsage of job (MB)
	157900  -  ResidentSetSize of job (KB)
...
006 (19532553.000.000) 2026-06-02 16:03:17 Image size of job updated: 268760
	263  -  MemoryUsage of job (MB)
	268760  -  ResidentSetSize of job (KB)
...
006 (19532553.000.000) 2026-06-02 16:08:17 Image size of job updated: 286492
	280  -  MemoryUsage of job (MB)
	286492  -  ResidentSetSize of job (KB)
...
006 (19532553.000.000) 2026-06-02 16:11:59 Image size of job updated: 430728
	280  -  MemoryUsage of job (MB)
	286492  -  ResidentSetSize of job (KB)
...
005 (19532553.000.000) 2026-06-02 16:11:59 Job terminated.
	(1) Normal termination (return value 0)
		Usr 0 00:22:43, Sys 0 00:00:12  -  Run Remote Usage
		Usr 0 00:00:00, Sys 0 00:00:00  -  Run Local Usage
		Usr 0 00:22:43, Sys 0 00:00:12  -  Total Remote Usage
		Usr 0 00:00:00, Sys 0 00:00:00  -  Total Local Usage
	0  -  Run Bytes Sent By Job
	0  -  Run Bytes Received By Job
	0  -  Total Bytes Sent By Job
	0  -  Total Bytes Received By Job
	Partitionable Resources :    Usage  Request Allocated 
	   admin_mutex_1         :                           0 
	   admin_mutex_2         :                           0 
	   admin_mutex_3         :                           0 
	   Cpus                  :     0.98        1         1 
	   Disk (KB)             :    10        2048      5480 
	   GPUs                  :                           0 
	   machine_token         :                           0 
	   Memory (MB)           :   280        6000      6016 
	   TimeExecute (s)       :  1433                       
	   TimeSlotBusy (s)      :  1433                       

	Job terminated of its own accord at 2026-06-02T21:11:59Z with exit-code 0.
...
