000 (19534437.000.000) 2026-06-02 15:52:25 Job submitted from host: <10.128.10.103:9618?addrs=10.128.10.103-9618&alias=npx-submitter.icecube.wisc.edu&noUDP&sock=schedd_2449_6386>
    DAG Node: Drootprod_20160527_39093
...
001 (19534437.000.000) 2026-06-02 16:34:28 Job executing on host: <10.128.10.189:44027?addrs=10.128.10.189-44027&alias=n-smepyc-02.icecube.wisc.edu>
	SlotName: slot1_8@n-smepyc-02.icecube.wisc.edu
	admin_mutex_1 = 0
	admin_mutex_2 = 0
	admin_mutex_3 = 0
	CondorScratchDir = "/scratch/condor/dir_393512"
	Cpus = 1
	Disk = 3072
	GPUs = 0
	machine_token = 0
	Memory = 6016
...
006 (19534437.000.000) 2026-06-02 16:34:42 Image size of job updated: 123468
	121  -  MemoryUsage of job (MB)
	123468  -  ResidentSetSize of job (KB)
...
006 (19534437.000.000) 2026-06-02 16:39:42 Image size of job updated: 171228
	168  -  MemoryUsage of job (MB)
	171228  -  ResidentSetSize of job (KB)
...
006 (19534437.000.000) 2026-06-02 16:44:42 Image size of job updated: 453364
	443  -  MemoryUsage of job (MB)
	453364  -  ResidentSetSize of job (KB)
...
006 (19534437.000.000) 2026-06-02 16:48:52 Image size of job updated: 834516
	443  -  MemoryUsage of job (MB)
	453364  -  ResidentSetSize of job (KB)
...
005 (19534437.000.000) 2026-06-02 16:48:52 Job terminated.
	(1) Normal termination (return value 0)
		Usr 0 00:13:37, Sys 0 00:00:12  -  Run Remote Usage
		Usr 0 00:00:00, Sys 0 00:00:00  -  Run Local Usage
		Usr 0 00:13:37, Sys 0 00:00:12  -  Total Remote Usage
		Usr 0 00:00:00, Sys 0 00:00:00  -  Total Local Usage
	0  -  Run Bytes Sent By Job
	0  -  Run Bytes Received By Job
	0  -  Total Bytes Sent By Job
	0  -  Total Bytes Received By Job
	Partitionable Resources :    Usage  Request Allocated 
	   admin_mutex_1         :                           0 
	   admin_mutex_2         :                           0 
	   admin_mutex_3         :                           0 
	   Cpus                  :     0.99        1         1 
	   Disk (KB)             :    10        2048      3072 
	   GPUs                  :                           0 
	   machine_token         :                           0 
	   Memory (MB)           :   443        6000      6016 
	   TimeExecute (s)       :   864                       
	   TimeSlotBusy (s)      :   864                       

	Job terminated of its own accord at 2026-06-02T21:48:52Z with exit-code 0.
...
