000 (19534571.000.000) 2026-06-02 15:52:39 Job submitted from host: <10.128.10.103:9618?addrs=10.128.10.103-9618&alias=npx-submitter.icecube.wisc.edu&noUDP&sock=schedd_2449_6386>
    DAG Node: Drootprod_20160604_95285
...
001 (19534571.000.000) 2026-06-02 16:36:41 Job executing on host: <10.128.10.18:40229?addrs=10.128.10.18-40229&alias=n-m610-08.icecube.wisc.edu>
	SlotName: slot1_1@n-m610-08.icecube.wisc.edu
	admin_mutex_1 = 0
	admin_mutex_2 = 0
	admin_mutex_3 = 0
	CondorScratchDir = "/scratch/condor/dir_525773"
	Cpus = 1
	Disk = 3072
	GPUs = 0
	machine_token = 0
	Memory = 6016
...
006 (19534571.000.000) 2026-06-02 16:36:54 Image size of job updated: 121608
	119  -  MemoryUsage of job (MB)
	121608  -  ResidentSetSize of job (KB)
...
006 (19534571.000.000) 2026-06-02 16:41:54 Image size of job updated: 163612
	160  -  MemoryUsage of job (MB)
	163612  -  ResidentSetSize of job (KB)
...
006 (19534571.000.000) 2026-06-02 16:46:55 Image size of job updated: 313208
	306  -  MemoryUsage of job (MB)
	313208  -  ResidentSetSize of job (KB)
...
006 (19534571.000.000) 2026-06-02 16:51:55 Image size of job updated: 822920
	804  -  MemoryUsage of job (MB)
	822920  -  ResidentSetSize of job (KB)
...
006 (19534571.000.000) 2026-06-02 16:53:01 Image size of job updated: 837656
	804  -  MemoryUsage of job (MB)
	822920  -  ResidentSetSize of job (KB)
...
005 (19534571.000.000) 2026-06-02 16:53:01 Job terminated.
	(1) Normal termination (return value 0)
		Usr 0 00:15:34, Sys 0 00:00:13  -  Run Remote Usage
		Usr 0 00:00:00, Sys 0 00:00:00  -  Run Local Usage
		Usr 0 00:15:34, Sys 0 00:00:13  -  Total Remote Usage
		Usr 0 00:00:00, Sys 0 00:00:00  -  Total Local Usage
	0  -  Run Bytes Sent By Job
	0  -  Run Bytes Received By Job
	0  -  Total Bytes Sent By Job
	0  -  Total Bytes Received By Job
	Partitionable Resources :    Usage  Request Allocated 
	   admin_mutex_1         :                           0 
	   admin_mutex_2         :                           0 
	   admin_mutex_3         :                           0 
	   Cpus                  :     0.99        1         1 
	   Disk (KB)             :    10        2048      3072 
	   GPUs                  :                           0 
	   machine_token         :                           0 
	   Memory (MB)           :   804        6000      6016 
	   TimeExecute (s)       :   980                       
	   TimeSlotBusy (s)      :   980                       

	Job terminated of its own accord at 2026-06-02T21:53:01Z with exit-code 0.
...
