000 (19535312.000.000) 2026-06-02 15:54:05 Job submitted from host: <10.128.10.103:9618?addrs=10.128.10.103-9618&alias=npx-submitter.icecube.wisc.edu&noUDP&sock=schedd_2449_6386>
    DAG Node: Drootprod_20160718_79663
...
001 (19535312.000.000) 2026-06-02 16:50:50 Job executing on host: <10.128.11.104:41225?addrs=10.128.11.104-41225&alias=n-r720-45.icecube.wisc.edu>
	SlotName: slot1_28@n-r720-45.icecube.wisc.edu
	admin_mutex_1 = 0
	admin_mutex_2 = 0
	admin_mutex_3 = 0
	CondorScratchDir = "/scratch/condor/dir_1148999"
	Cpus = 1
	Disk = 3717
	GPUs = 0
	machine_token = 0
	Memory = 6016
...
006 (19535312.000.000) 2026-06-02 16:51:04 Image size of job updated: 120972
	119  -  MemoryUsage of job (MB)
	120972  -  ResidentSetSize of job (KB)
...
006 (19535312.000.000) 2026-06-02 16:56:05 Image size of job updated: 150584
	148  -  MemoryUsage of job (MB)
	150584  -  ResidentSetSize of job (KB)
...
006 (19535312.000.000) 2026-06-02 17:01:05 Image size of job updated: 174028
	170  -  MemoryUsage of job (MB)
	174028  -  ResidentSetSize of job (KB)
...
006 (19535312.000.000) 2026-06-02 17:06:06 Image size of job updated: 307628
	301  -  MemoryUsage of job (MB)
	307628  -  ResidentSetSize of job (KB)
...
006 (19535312.000.000) 2026-06-02 17:11:07 Image size of job updated: 466488
	456  -  MemoryUsage of job (MB)
	466488  -  ResidentSetSize of job (KB)
...
006 (19535312.000.000) 2026-06-02 17:15:07 Image size of job updated: 822804
	456  -  MemoryUsage of job (MB)
	466488  -  ResidentSetSize of job (KB)
...
005 (19535312.000.000) 2026-06-02 17:15:07 Job terminated.
	(1) Normal termination (return value 0)
		Usr 0 00:22:33, Sys 0 00:00:22  -  Run Remote Usage
		Usr 0 00:00:00, Sys 0 00:00:00  -  Run Local Usage
		Usr 0 00:22:33, Sys 0 00:00:22  -  Total Remote Usage
		Usr 0 00:00:00, Sys 0 00:00:00  -  Total Local Usage
	0  -  Run Bytes Sent By Job
	0  -  Run Bytes Received By Job
	0  -  Total Bytes Sent By Job
	0  -  Total Bytes Received By Job
	Partitionable Resources :    Usage  Request Allocated 
	   admin_mutex_1         :                           0 
	   admin_mutex_2         :                           0 
	   admin_mutex_3         :                           0 
	   Cpus                  :     0.99        1         1 
	   Disk (KB)             :    10        2048      3717 
	   GPUs                  :                           0 
	   machine_token         :                           0 
	   Memory (MB)           :   456        6000      6016 
	   TimeExecute (s)       :  1457                       
	   TimeSlotBusy (s)      :  1457                       

	Job terminated of its own accord at 2026-06-02T22:15:07Z with exit-code 0.
...
