000 (19537039.000.000) 2026-06-02 15:57:47 Job submitted from host: <10.128.10.103:9618?addrs=10.128.10.103-9618&alias=npx-submitter.icecube.wisc.edu&noUDP&sock=schedd_2449_6386>
    DAG Node: Drootprod_20161116_60252
...
001 (19537039.000.000) 2026-06-02 17:31:10 Job executing on host: <10.128.10.188:45333?addrs=10.128.10.188-45333&alias=n-smepyc-01.icecube.wisc.edu>
	SlotName: slot1_4@n-smepyc-01.icecube.wisc.edu
	admin_mutex_1 = 0
	admin_mutex_2 = 0
	admin_mutex_3 = 0
	CondorScratchDir = "/scratch/condor/dir_14273"
	Cpus = 1
	Disk = 3072
	GPUs = 0
	machine_token = 0
	Memory = 6016
...
006 (19537039.000.000) 2026-06-02 17:31:23 Image size of job updated: 123268
	121  -  MemoryUsage of job (MB)
	123268  -  ResidentSetSize of job (KB)
...
006 (19537039.000.000) 2026-06-02 17:36:23 Image size of job updated: 171796
	168  -  MemoryUsage of job (MB)
	171796  -  ResidentSetSize of job (KB)
...
006 (19537039.000.000) 2026-06-02 17:41:24 Image size of job updated: 461732
	451  -  MemoryUsage of job (MB)
	461732  -  ResidentSetSize of job (KB)
...
006 (19537039.000.000) 2026-06-02 17:42:07 Image size of job updated: 477804
	451  -  MemoryUsage of job (MB)
	461732  -  ResidentSetSize of job (KB)
...
005 (19537039.000.000) 2026-06-02 17:42:07 Job terminated.
	(1) Normal termination (return value 0)
		Usr 0 00:10:24, Sys 0 00:00:10  -  Run Remote Usage
		Usr 0 00:00:00, Sys 0 00:00:00  -  Run Local Usage
		Usr 0 00:10:24, Sys 0 00:00:10  -  Total Remote Usage
		Usr 0 00:00:00, Sys 0 00:00:00  -  Total Local Usage
	0  -  Run Bytes Sent By Job
	0  -  Run Bytes Received By Job
	0  -  Total Bytes Sent By Job
	0  -  Total Bytes Received By Job
	Partitionable Resources :    Usage  Request Allocated 
	   admin_mutex_1         :                           0 
	   admin_mutex_2         :                           0 
	   admin_mutex_3         :                           0 
	   Cpus                  :     0.98        1         1 
	   Disk (KB)             :    12        2048      3072 
	   GPUs                  :                           0 
	   machine_token         :                           0 
	   Memory (MB)           :   451        6000      6016 
	   TimeExecute (s)       :   657                       
	   TimeSlotBusy (s)      :   657                       

	Job terminated of its own accord at 2026-06-02T22:42:07Z with exit-code 0.
...
