000 (19535778.000.000) 2026-06-02 15:55:04 Job submitted from host: <10.128.10.103:9618?addrs=10.128.10.103-9618&alias=npx-submitter.icecube.wisc.edu&noUDP&sock=schedd_2449_6386>
    DAG Node: Drootprod_20160821_58634
...
001 (19535778.000.000) 2026-06-02 16:59:38 Job executing on host: <10.128.10.238:43797?addrs=10.128.10.238-43797&alias=n-gpu-42.icecube.wisc.edu>
	SlotName: slot1_85@n-gpu-42.icecube.wisc.edu
	admin_mutex_1 = 0
	admin_mutex_2 = 0
	admin_mutex_3 = 0
	AvailableGPUs = {  }
	CondorScratchDir = "/scratch/condor/dir_2175378"
	Cpus = 1
	Disk = 3072
	GPUs = 0
	machine_token = 0
	Memory = 6016
...
006 (19535778.000.000) 2026-06-02 16:59:51 Image size of job updated: 121248
	119  -  MemoryUsage of job (MB)
	121248  -  ResidentSetSize of job (KB)
...
006 (19535778.000.000) 2026-06-02 17:04:51 Image size of job updated: 154196
	151  -  MemoryUsage of job (MB)
	154196  -  ResidentSetSize of job (KB)
...
006 (19535778.000.000) 2026-06-02 17:09:51 Image size of job updated: 295772
	289  -  MemoryUsage of job (MB)
	295772  -  ResidentSetSize of job (KB)
...
006 (19535778.000.000) 2026-06-02 17:14:52 Image size of job updated: 462096
	452  -  MemoryUsage of job (MB)
	462096  -  ResidentSetSize of job (KB)
...
006 (19535778.000.000) 2026-06-02 17:18:35 Image size of job updated: 827672
	452  -  MemoryUsage of job (MB)
	462096  -  ResidentSetSize of job (KB)
...
005 (19535778.000.000) 2026-06-02 17:18:35 Job terminated.
	(1) Normal termination (return value 0)
		Usr 0 00:17:38, Sys 0 00:00:15  -  Run Remote Usage
		Usr 0 00:00:00, Sys 0 00:00:00  -  Run Local Usage
		Usr 0 00:17:38, Sys 0 00:00:15  -  Total Remote Usage
		Usr 0 00:00:00, Sys 0 00:00:00  -  Total Local Usage
	0  -  Run Bytes Sent By Job
	0  -  Run Bytes Received By Job
	0  -  Total Bytes Sent By Job
	0  -  Total Bytes Received By Job
	Partitionable Resources :    Usage  Request Allocated 
	   admin_mutex_1         :                           0 
	   admin_mutex_2         :                           0 
	   admin_mutex_3         :                           0 
	   Cpus                  :     0.97        1         1 
	   Disk (KB)             :    10        2048      3072 
	   GPUs                  :                           0 
	   machine_token         :                           0 
	   Memory (MB)           :   452        6000      6016 
	   TimeExecute (s)       :  1137                       
	   TimeSlotBusy (s)      :  1138                       

	Job terminated of its own accord at 2026-06-02T22:18:35Z with exit-code 0.
...
