000 (19532934.000.000) 2026-06-02 15:49:11 Job submitted from host: <10.128.10.103:9618?addrs=10.128.10.103-9618&alias=npx-submitter.icecube.wisc.edu&noUDP&sock=schedd_2449_6386>
    DAG Node: Drootprod_20160215_92434
...
001 (19532934.000.000) 2026-06-02 15:58:02 Job executing on host: <10.128.10.238:43797?addrs=10.128.10.238-43797&alias=n-gpu-42.icecube.wisc.edu>
	SlotName: slot1_29@n-gpu-42.icecube.wisc.edu
	admin_mutex_1 = 0
	admin_mutex_2 = 0
	admin_mutex_3 = 0
	AvailableGPUs = {  }
	CondorScratchDir = "/scratch/condor/dir_1916608"
	Cpus = 1
	Disk = 3072
	GPUs = 0
	machine_token = 0
	Memory = 6016
...
006 (19532934.000.000) 2026-06-02 15:58:16 Image size of job updated: 119764
	117  -  MemoryUsage of job (MB)
	119764  -  ResidentSetSize of job (KB)
...
006 (19532934.000.000) 2026-06-02 16:03:16 Image size of job updated: 148980
	146  -  MemoryUsage of job (MB)
	148980  -  ResidentSetSize of job (KB)
...
006 (19532934.000.000) 2026-06-02 16:08:16 Image size of job updated: 171792
	168  -  MemoryUsage of job (MB)
	171792  -  ResidentSetSize of job (KB)
...
006 (19532934.000.000) 2026-06-02 16:13:17 Image size of job updated: 292028
	286  -  MemoryUsage of job (MB)
	292028  -  ResidentSetSize of job (KB)
...
006 (19532934.000.000) 2026-06-02 16:15:18 Image size of job updated: 431000
	286  -  MemoryUsage of job (MB)
	292028  -  ResidentSetSize of job (KB)
...
005 (19532934.000.000) 2026-06-02 16:15:18 Job terminated.
	(1) Normal termination (return value 0)
		Usr 0 00:15:59, Sys 0 00:00:13  -  Run Remote Usage
		Usr 0 00:00:00, Sys 0 00:00:00  -  Run Local Usage
		Usr 0 00:15:59, Sys 0 00:00:13  -  Total Remote Usage
		Usr 0 00:00:00, Sys 0 00:00:00  -  Total Local Usage
	0  -  Run Bytes Sent By Job
	0  -  Run Bytes Received By Job
	0  -  Total Bytes Sent By Job
	0  -  Total Bytes Received By Job
	Partitionable Resources :    Usage  Request Allocated 
	   admin_mutex_1         :                           0 
	   admin_mutex_2         :                           0 
	   admin_mutex_3         :                           0 
	   Cpus                  :     0.99        1         1 
	   Disk (KB)             :    12        2048      3072 
	   GPUs                  :                           0 
	   machine_token         :                           0 
	   Memory (MB)           :   286        6000      6016 
	   TimeExecute (s)       :  1036                       
	   TimeSlotBusy (s)      :  1036                       

	Job terminated of its own accord at 2026-06-02T21:15:18Z with exit-code 0.
...
