000 (19532708.000.000) 2026-06-02 15:48:34 Job submitted from host: <10.128.10.103:9618?addrs=10.128.10.103-9618&alias=npx-submitter.icecube.wisc.edu&noUDP&sock=schedd_2449_6386>
    DAG Node: Drootprod_20160124_46728
...
001 (19532708.000.000) 2026-06-02 15:48:49 Job executing on host: <10.128.10.116:38163?addrs=10.128.10.116-38163&alias=n-gibyte-01.icecube.wisc.edu>
	SlotName: slot1_492@n-gibyte-01.icecube.wisc.edu
	admin_mutex_1 = 0
	admin_mutex_2 = 0
	admin_mutex_3 = 0
	CondorScratchDir = "/scratch/condor/dir_2371283"
	Cpus = 1
	Disk = 5480
	GPUs = 0
	machine_token = 0
	Memory = 6016
...
006 (19532708.000.000) 2026-06-02 15:48:57 Image size of job updated: 119504
	117  -  MemoryUsage of job (MB)
	119504  -  ResidentSetSize of job (KB)
...
006 (19532708.000.000) 2026-06-02 15:53:57 Image size of job updated: 141792
	139  -  MemoryUsage of job (MB)
	141792  -  ResidentSetSize of job (KB)
...
006 (19532708.000.000) 2026-06-02 15:58:58 Image size of job updated: 160484
	157  -  MemoryUsage of job (MB)
	160484  -  ResidentSetSize of job (KB)
...
006 (19532708.000.000) 2026-06-02 16:03:58 Image size of job updated: 272772
	267  -  MemoryUsage of job (MB)
	272772  -  ResidentSetSize of job (KB)
...
006 (19532708.000.000) 2026-06-02 16:08:59 Image size of job updated: 291568
	285  -  MemoryUsage of job (MB)
	291568  -  ResidentSetSize of job (KB)
...
006 (19532708.000.000) 2026-06-02 16:11:16 Image size of job updated: 427336
	285  -  MemoryUsage of job (MB)
	291568  -  ResidentSetSize of job (KB)
...
005 (19532708.000.000) 2026-06-02 16:11:16 Job terminated.
	(1) Normal termination (return value 0)
		Usr 0 00:21:18, Sys 0 00:00:13  -  Run Remote Usage
		Usr 0 00:00:00, Sys 0 00:00:00  -  Run Local Usage
		Usr 0 00:21:18, Sys 0 00:00:13  -  Total Remote Usage
		Usr 0 00:00:00, Sys 0 00:00:00  -  Total Local Usage
	0  -  Run Bytes Sent By Job
	0  -  Run Bytes Received By Job
	0  -  Total Bytes Sent By Job
	0  -  Total Bytes Received By Job
	Partitionable Resources :    Usage  Request Allocated 
	   admin_mutex_1         :                           0 
	   admin_mutex_2         :                           0 
	   admin_mutex_3         :                           0 
	   Cpus                  :     0.97        1         1 
	   Disk (KB)             :    10        2048      5480 
	   GPUs                  :                           0 
	   machine_token         :                           0 
	   Memory (MB)           :   285        6000      6016 
	   TimeExecute (s)       :  1347                       
	   TimeSlotBusy (s)      :  1348                       

	Job terminated of its own accord at 2026-06-02T21:11:16Z with exit-code 0.
...
