000 (19534956.000.000) 2026-06-02 15:53:22 Job submitted from host: <10.128.10.103:9618?addrs=10.128.10.103-9618&alias=npx-submitter.icecube.wisc.edu&noUDP&sock=schedd_2449_6386>
    DAG Node: Drootprod_20160626_30828
...
001 (19534956.000.000) 2026-06-02 16:43:43 Job executing on host: <10.128.10.117:43719?addrs=10.128.10.117-43719&alias=n-gibyte-02.icecube.wisc.edu>
	SlotName: slot1_349@n-gibyte-02.icecube.wisc.edu
	admin_mutex_1 = 0
	admin_mutex_2 = 0
	admin_mutex_3 = 0
	CondorScratchDir = "/scratch/condor/dir_3511613"
	Cpus = 1
	Disk = 5480
	GPUs = 0
	machine_token = 0
	Memory = 6016
...
006 (19534956.000.000) 2026-06-02 16:43:57 Image size of job updated: 119044
	117  -  MemoryUsage of job (MB)
	119044  -  ResidentSetSize of job (KB)
...
006 (19534956.000.000) 2026-06-02 16:48:58 Image size of job updated: 143384
	141  -  MemoryUsage of job (MB)
	143384  -  ResidentSetSize of job (KB)
...
006 (19534956.000.000) 2026-06-02 16:53:58 Image size of job updated: 162772
	159  -  MemoryUsage of job (MB)
	162772  -  ResidentSetSize of job (KB)
...
006 (19534956.000.000) 2026-06-02 16:58:59 Image size of job updated: 183560
	180  -  MemoryUsage of job (MB)
	183560  -  ResidentSetSize of job (KB)
...
006 (19534956.000.000) 2026-06-02 17:03:59 Image size of job updated: 312456
	306  -  MemoryUsage of job (MB)
	312456  -  ResidentSetSize of job (KB)
...
006 (19534956.000.000) 2026-06-02 17:09:00 Image size of job updated: 466048
	456  -  MemoryUsage of job (MB)
	466048  -  ResidentSetSize of job (KB)
...
006 (19534956.000.000) 2026-06-02 17:14:00 Image size of job updated: 812976
	794  -  MemoryUsage of job (MB)
	812976  -  ResidentSetSize of job (KB)
...
006 (19534956.000.000) 2026-06-02 17:17:35 Image size of job updated: 855952
	794  -  MemoryUsage of job (MB)
	812976  -  ResidentSetSize of job (KB)
...
005 (19534956.000.000) 2026-06-02 17:17:35 Job terminated.
	(1) Normal termination (return value 0)
		Usr 0 00:32:32, Sys 0 00:00:20  -  Run Remote Usage
		Usr 0 00:00:00, Sys 0 00:00:00  -  Run Local Usage
		Usr 0 00:32:32, Sys 0 00:00:20  -  Total Remote Usage
		Usr 0 00:00:00, Sys 0 00:00:00  -  Total Local Usage
	0  -  Run Bytes Sent By Job
	0  -  Run Bytes Received By Job
	0  -  Total Bytes Sent By Job
	0  -  Total Bytes Received By Job
	Partitionable Resources :    Usage  Request Allocated 
	   admin_mutex_1         :                           0 
	   admin_mutex_2         :                           0 
	   admin_mutex_3         :                           0 
	   Cpus                  :     0.98        1         1 
	   Disk (KB)             :    10        2048      5480 
	   GPUs                  :                           0 
	   machine_token         :                           0 
	   Memory (MB)           :   794        6000      6016 
	   TimeExecute (s)       :  2032                       
	   TimeSlotBusy (s)      :  2033                       

	Job terminated of its own accord at 2026-06-02T22:17:35Z with exit-code 0.
...
