000 (19535265.000.000) 2026-06-02 15:53:57 Job submitted from host: <10.128.10.103:9618?addrs=10.128.10.103-9618&alias=npx-submitter.icecube.wisc.edu&noUDP&sock=schedd_2449_6386>
    DAG Node: Drootprod_20160716_65512
...
001 (19535265.000.000) 2026-06-02 16:49:23 Job executing on host: <10.128.10.190:46289?addrs=10.128.10.190-46289&alias=n-smepyc-03.icecube.wisc.edu>
	SlotName: slot1_35@n-smepyc-03.icecube.wisc.edu
	admin_mutex_1 = 0
	admin_mutex_2 = 0
	admin_mutex_3 = 0
	CondorScratchDir = "/scratch/condor/dir_3694102"
	Cpus = 1
	Disk = 3072
	GPUs = 0
	machine_token = 0
	Memory = 6016
...
006 (19535265.000.000) 2026-06-02 16:49:36 Image size of job updated: 123220
	121  -  MemoryUsage of job (MB)
	123220  -  ResidentSetSize of job (KB)
...
006 (19535265.000.000) 2026-06-02 16:54:36 Image size of job updated: 180148
	176  -  MemoryUsage of job (MB)
	180148  -  ResidentSetSize of job (KB)
...
006 (19535265.000.000) 2026-06-02 16:59:37 Image size of job updated: 649452
	635  -  MemoryUsage of job (MB)
	649452  -  ResidentSetSize of job (KB)
...
006 (19535265.000.000) 2026-06-02 17:00:11 Image size of job updated: 826644
	635  -  MemoryUsage of job (MB)
	649452  -  ResidentSetSize of job (KB)
...
005 (19535265.000.000) 2026-06-02 17:00:11 Job terminated.
	(1) Normal termination (return value 0)
		Usr 0 00:10:15, Sys 0 00:00:11  -  Run Remote Usage
		Usr 0 00:00:00, Sys 0 00:00:00  -  Run Local Usage
		Usr 0 00:10:15, Sys 0 00:00:11  -  Total Remote Usage
		Usr 0 00:00:00, Sys 0 00:00:00  -  Total Local Usage
	0  -  Run Bytes Sent By Job
	0  -  Run Bytes Received By Job
	0  -  Total Bytes Sent By Job
	0  -  Total Bytes Received By Job
	Partitionable Resources :    Usage  Request Allocated 
	   admin_mutex_1         :                           0 
	   admin_mutex_2         :                           0 
	   admin_mutex_3         :                           0 
	   Cpus                  :     0.96        1         1 
	   Disk (KB)             :    10        2048      3072 
	   GPUs                  :                           0 
	   machine_token         :                           0 
	   Memory (MB)           :   635        6000      6016 
	   TimeExecute (s)       :   648                       
	   TimeSlotBusy (s)      :   648                       

	Job terminated of its own accord at 2026-06-02T22:00:11Z with exit-code 0.
...
