000 (19534273.000.000) 2026-06-02 15:52:07 Job submitted from host: <10.128.10.103:9618?addrs=10.128.10.103-9618&alias=npx-submitter.icecube.wisc.edu&noUDP&sock=schedd_2449_6386>
    DAG Node: Drootprod_20160519_4121
...
001 (19534273.000.000) 2026-06-02 16:30:50 Job executing on host: <10.128.10.115:33587?addrs=10.128.10.115-33587&alias=n-gibyte-00.icecube.wisc.edu>
	SlotName: slot1_374@n-gibyte-00.icecube.wisc.edu
	admin_mutex_1 = 0
	admin_mutex_2 = 0
	admin_mutex_3 = 0
	CondorScratchDir = "/scratch/condor/dir_2169349"
	Cpus = 1
	Disk = 5480
	GPUs = 0
	machine_token = 0
	Memory = 6016
...
006 (19534273.000.000) 2026-06-02 16:31:04 Image size of job updated: 119624
	117  -  MemoryUsage of job (MB)
	119624  -  ResidentSetSize of job (KB)
...
006 (19534273.000.000) 2026-06-02 16:36:05 Image size of job updated: 140408
	138  -  MemoryUsage of job (MB)
	140408  -  ResidentSetSize of job (KB)
...
006 (19534273.000.000) 2026-06-02 16:41:05 Image size of job updated: 158088
	155  -  MemoryUsage of job (MB)
	158088  -  ResidentSetSize of job (KB)
...
006 (19534273.000.000) 2026-06-02 16:46:06 Image size of job updated: 271024
	265  -  MemoryUsage of job (MB)
	271024  -  ResidentSetSize of job (KB)
...
006 (19534273.000.000) 2026-06-02 16:51:06 Image size of job updated: 288036
	282  -  MemoryUsage of job (MB)
	288036  -  ResidentSetSize of job (KB)
...
006 (19534273.000.000) 2026-06-02 16:56:07 Image size of job updated: 431716
	422  -  MemoryUsage of job (MB)
	431716  -  ResidentSetSize of job (KB)
...
006 (19534273.000.000) 2026-06-02 16:56:12 Image size of job updated: 431724
	422  -  MemoryUsage of job (MB)
	431716  -  ResidentSetSize of job (KB)
...
005 (19534273.000.000) 2026-06-02 16:56:12 Job terminated.
	(1) Normal termination (return value 0)
		Usr 0 00:24:13, Sys 0 00:00:15  -  Run Remote Usage
		Usr 0 00:00:00, Sys 0 00:00:00  -  Run Local Usage
		Usr 0 00:24:13, Sys 0 00:00:15  -  Total Remote Usage
		Usr 0 00:00:00, Sys 0 00:00:00  -  Total Local Usage
	0  -  Run Bytes Sent By Job
	0  -  Run Bytes Received By Job
	0  -  Total Bytes Sent By Job
	0  -  Total Bytes Received By Job
	Partitionable Resources :    Usage  Request Allocated 
	   admin_mutex_1         :                           0 
	   admin_mutex_2         :                           0 
	   admin_mutex_3         :                           0 
	   Cpus                  :     0.98        1         1 
	   Disk (KB)             :    10        2048      5480 
	   GPUs                  :                           0 
	   machine_token         :                           0 
	   Memory (MB)           :   422        6000      6016 
	   TimeExecute (s)       :  1522                       
	   TimeSlotBusy (s)      :  1522                       

	Job terminated of its own accord at 2026-06-02T21:56:12Z with exit-code 0.
...
