000 (19532911.000.000) 2026-06-02 15:49:08 Job submitted from host: <10.128.10.103:9618?addrs=10.128.10.103-9618&alias=npx-submitter.icecube.wisc.edu&noUDP&sock=schedd_2449_6386>
    DAG Node: Drootprod_20160212_51780
...
001 (19532911.000.000) 2026-06-02 15:57:20 Job executing on host: <10.128.10.189:44027?addrs=10.128.10.189-44027&alias=n-smepyc-02.icecube.wisc.edu>
	SlotName: slot1_66@n-smepyc-02.icecube.wisc.edu
	admin_mutex_1 = 0
	admin_mutex_2 = 0
	admin_mutex_3 = 0
	CondorScratchDir = "/scratch/condor/dir_244822"
	Cpus = 1
	Disk = 3072
	GPUs = 0
	machine_token = 0
	Memory = 6016
...
006 (19532911.000.000) 2026-06-02 15:57:33 Image size of job updated: 122340
	120  -  MemoryUsage of job (MB)
	122340  -  ResidentSetSize of job (KB)
...
006 (19532911.000.000) 2026-06-02 16:02:33 Image size of job updated: 167452
	164  -  MemoryUsage of job (MB)
	167452  -  ResidentSetSize of job (KB)
...
006 (19532911.000.000) 2026-06-02 16:07:10 Image size of job updated: 427320
	164  -  MemoryUsage of job (MB)
	167452  -  ResidentSetSize of job (KB)
...
005 (19532911.000.000) 2026-06-02 16:07:10 Job terminated.
	(1) Normal termination (return value 0)
		Usr 0 00:08:52, Sys 0 00:00:09  -  Run Remote Usage
		Usr 0 00:00:00, Sys 0 00:00:00  -  Run Local Usage
		Usr 0 00:08:52, Sys 0 00:00:09  -  Total Remote Usage
		Usr 0 00:00:00, Sys 0 00:00:00  -  Total Local Usage
	0  -  Run Bytes Sent By Job
	0  -  Run Bytes Received By Job
	0  -  Total Bytes Sent By Job
	0  -  Total Bytes Received By Job
	Partitionable Resources :    Usage  Request Allocated 
	   admin_mutex_1         :                           0 
	   admin_mutex_2         :                           0 
	   admin_mutex_3         :                           0 
	   Cpus                  :     0.99        1         1 
	   Disk (KB)             :    12        2048      3072 
	   GPUs                  :                           0 
	   machine_token         :                           0 
	   Memory (MB)           :   164        6000      6016 
	   TimeExecute (s)       :   590                       
	   TimeSlotBusy (s)      :   591                       

	Job terminated of its own accord at 2026-06-02T21:07:10Z with exit-code 0.
...
