000 (19537457.000.000) 2026-06-02 15:58:54 Job submitted from host: <10.128.10.103:9618?addrs=10.128.10.103-9618&alias=npx-submitter.icecube.wisc.edu&noUDP&sock=schedd_2449_6386>
    DAG Node: Drootprod_20161221_68512
...
001 (19537457.000.000) 2026-06-02 17:37:53 Job executing on host: <10.128.10.166:41035?addrs=10.128.10.166-41035&alias=n-gpu-30.icecube.wisc.edu>
	SlotName: slot1_8@n-gpu-30.icecube.wisc.edu
	admin_mutex_1 = 0
	admin_mutex_2 = 0
	admin_mutex_3 = 0
	AvailableGPUs = {  }
	CondorScratchDir = "/scratch/condor/dir_2468703"
	Cpus = 1
	Disk = 3072
	GPUs = 0
	machine_token = 0
	Memory = 6016
...
006 (19537457.000.000) 2026-06-02 17:38:07 Image size of job updated: 121152
	119  -  MemoryUsage of job (MB)
	121152  -  ResidentSetSize of job (KB)
...
006 (19537457.000.000) 2026-06-02 17:43:07 Image size of job updated: 163856
	161  -  MemoryUsage of job (MB)
	163856  -  ResidentSetSize of job (KB)
...
006 (19537457.000.000) 2026-06-02 17:48:07 Image size of job updated: 309776
	303  -  MemoryUsage of job (MB)
	309776  -  ResidentSetSize of job (KB)
...
006 (19537457.000.000) 2026-06-02 17:51:20 Image size of job updated: 477540
	303  -  MemoryUsage of job (MB)
	309776  -  ResidentSetSize of job (KB)
...
005 (19537457.000.000) 2026-06-02 17:51:20 Job terminated.
	(1) Normal termination (return value 0)
		Usr 0 00:12:48, Sys 0 00:00:10  -  Run Remote Usage
		Usr 0 00:00:00, Sys 0 00:00:00  -  Run Local Usage
		Usr 0 00:12:48, Sys 0 00:00:10  -  Total Remote Usage
		Usr 0 00:00:00, Sys 0 00:00:00  -  Total Local Usage
	0  -  Run Bytes Sent By Job
	0  -  Run Bytes Received By Job
	0  -  Total Bytes Sent By Job
	0  -  Total Bytes Received By Job
	Partitionable Resources :    Usage  Request Allocated 
	   admin_mutex_1         :                           0 
	   admin_mutex_2         :                           0 
	   admin_mutex_3         :                           0 
	   Cpus                  :     0.96        1         1 
	   Disk (KB)             :    12        2048      3072 
	   GPUs                  :                           0 
	   machine_token         :                           0 
	   Memory (MB)           :   303        6000      6016 
	   TimeExecute (s)       :   807                       
	   TimeSlotBusy (s)      :   807                       

	Job terminated of its own accord at 2026-06-02T22:51:20Z with exit-code 0.
...
