000 (19536545.000.000) 2026-06-02 15:56:42 Job submitted from host: <10.128.10.103:9618?addrs=10.128.10.103-9618&alias=npx-submitter.icecube.wisc.edu&noUDP&sock=schedd_2449_6386>
    DAG Node: Drootprod_20161012_32831
...
001 (19536545.000.000) 2026-06-02 17:22:37 Job executing on host: <10.128.10.238:43797?addrs=10.128.10.238-43797&alias=n-gpu-42.icecube.wisc.edu>
	SlotName: slot1_39@n-gpu-42.icecube.wisc.edu
	admin_mutex_1 = 0
	admin_mutex_2 = 0
	admin_mutex_3 = 0
	AvailableGPUs = {  }
	CondorScratchDir = "/scratch/condor/dir_2261162"
	Cpus = 1
	Disk = 3072
	GPUs = 0
	machine_token = 0
	Memory = 6016
...
006 (19536545.000.000) 2026-06-02 17:22:50 Image size of job updated: 120952
	119  -  MemoryUsage of job (MB)
	120952  -  ResidentSetSize of job (KB)
...
006 (19536545.000.000) 2026-06-02 17:27:50 Image size of job updated: 158188
	155  -  MemoryUsage of job (MB)
	158188  -  ResidentSetSize of job (KB)
...
006 (19536545.000.000) 2026-06-02 17:32:51 Image size of job updated: 300824
	294  -  MemoryUsage of job (MB)
	300824  -  ResidentSetSize of job (KB)
...
006 (19536545.000.000) 2026-06-02 17:37:51 Image size of job updated: 465696
	455  -  MemoryUsage of job (MB)
	465696  -  ResidentSetSize of job (KB)
...
006 (19536545.000.000) 2026-06-02 17:41:04 Image size of job updated: 831064
	455  -  MemoryUsage of job (MB)
	465696  -  ResidentSetSize of job (KB)
...
005 (19536545.000.000) 2026-06-02 17:41:04 Job terminated.
	(1) Normal termination (return value 0)
		Usr 0 00:17:34, Sys 0 00:00:16  -  Run Remote Usage
		Usr 0 00:00:00, Sys 0 00:00:00  -  Run Local Usage
		Usr 0 00:17:34, Sys 0 00:00:16  -  Total Remote Usage
		Usr 0 00:00:00, Sys 0 00:00:00  -  Total Local Usage
	0  -  Run Bytes Sent By Job
	0  -  Run Bytes Received By Job
	0  -  Total Bytes Sent By Job
	0  -  Total Bytes Received By Job
	Partitionable Resources :    Usage  Request Allocated 
	   admin_mutex_1         :                           0 
	   admin_mutex_2         :                           0 
	   admin_mutex_3         :                           0 
	   Cpus                  :     0.99        1         1 
	   Disk (KB)             :    10        2048      3072 
	   GPUs                  :                           0 
	   machine_token         :                           0 
	   Memory (MB)           :   455        6000      6016 
	   TimeExecute (s)       :  1107                       
	   TimeSlotBusy (s)      :  1107                       

	Job terminated of its own accord at 2026-06-02T22:41:04Z with exit-code 0.
...
