000 (19533043.000.000) 2026-06-02 15:49:29 Job submitted from host: <10.128.10.103:9618?addrs=10.128.10.103-9618&alias=npx-submitter.icecube.wisc.edu&noUDP&sock=schedd_2449_6386>
    DAG Node: Drootprod_20160223_84026
...
001 (19533043.000.000) 2026-06-02 16:00:53 Job executing on host: <10.128.11.109:32957?addrs=10.128.11.109-32957&alias=n-r720-50.icecube.wisc.edu>
	SlotName: slot1_9@n-r720-50.icecube.wisc.edu
	admin_mutex_1 = 0
	admin_mutex_2 = 0
	admin_mutex_3 = 0
	CondorScratchDir = "/scratch/condor/dir_3868180"
	Cpus = 1
	Disk = 3717
	GPUs = 0
	machine_token = 0
	Memory = 6016
...
006 (19533043.000.000) 2026-06-02 16:01:06 Image size of job updated: 116720
	114  -  MemoryUsage of job (MB)
	116720  -  ResidentSetSize of job (KB)
...
006 (19533043.000.000) 2026-06-02 16:06:06 Image size of job updated: 143636
	141  -  MemoryUsage of job (MB)
	143636  -  ResidentSetSize of job (KB)
...
006 (19533043.000.000) 2026-06-02 16:11:07 Image size of job updated: 163800
	160  -  MemoryUsage of job (MB)
	163800  -  ResidentSetSize of job (KB)
...
006 (19533043.000.000) 2026-06-02 16:16:08 Image size of job updated: 279812
	274  -  MemoryUsage of job (MB)
	279812  -  ResidentSetSize of job (KB)
...
006 (19533043.000.000) 2026-06-02 16:20:49 Image size of job updated: 425348
	274  -  MemoryUsage of job (MB)
	279812  -  ResidentSetSize of job (KB)
...
005 (19533043.000.000) 2026-06-02 16:20:49 Job terminated.
	(1) Normal termination (return value 0)
		Usr 0 00:18:39, Sys 0 00:00:14  -  Run Remote Usage
		Usr 0 00:00:00, Sys 0 00:00:00  -  Run Local Usage
		Usr 0 00:18:39, Sys 0 00:00:14  -  Total Remote Usage
		Usr 0 00:00:00, Sys 0 00:00:00  -  Total Local Usage
	0  -  Run Bytes Sent By Job
	0  -  Run Bytes Received By Job
	0  -  Total Bytes Sent By Job
	0  -  Total Bytes Received By Job
	Partitionable Resources :    Usage  Request Allocated 
	   admin_mutex_1         :                           0 
	   admin_mutex_2         :                           0 
	   admin_mutex_3         :                           0 
	   Cpus                  :     0.93        1         1 
	   Disk (KB)             :    12        2048      3717 
	   GPUs                  :                           0 
	   machine_token         :                           0 
	   Memory (MB)           :   274        6000      6016 
	   TimeExecute (s)       :  1196                       
	   TimeSlotBusy (s)      :  1196                       

	Job terminated of its own accord at 2026-06-02T21:20:49Z with exit-code 0.
...
