000 (19535178.000.000) 2026-06-02 15:53:47 Job submitted from host: <10.128.10.103:9618?addrs=10.128.10.103-9618&alias=npx-submitter.icecube.wisc.edu&noUDP&sock=schedd_2449_6386>
    DAG Node: Drootprod_20160711_66775
...
001 (19535178.000.000) 2026-06-02 16:47:40 Job executing on host: <10.128.10.117:43719?addrs=10.128.10.117-43719&alias=n-gibyte-02.icecube.wisc.edu>
	SlotName: slot1_404@n-gibyte-02.icecube.wisc.edu
	admin_mutex_1 = 0
	admin_mutex_2 = 0
	admin_mutex_3 = 0
	CondorScratchDir = "/scratch/condor/dir_3526107"
	Cpus = 1
	Disk = 5480
	GPUs = 0
	machine_token = 0
	Memory = 6016
...
006 (19535178.000.000) 2026-06-02 16:47:53 Image size of job updated: 119828
	118  -  MemoryUsage of job (MB)
	119828  -  ResidentSetSize of job (KB)
...
006 (19535178.000.000) 2026-06-02 16:52:53 Image size of job updated: 150128
	147  -  MemoryUsage of job (MB)
	150128  -  ResidentSetSize of job (KB)
...
006 (19535178.000.000) 2026-06-02 16:57:54 Image size of job updated: 169200
	166  -  MemoryUsage of job (MB)
	169200  -  ResidentSetSize of job (KB)
...
006 (19535178.000.000) 2026-06-02 17:02:54 Image size of job updated: 299684
	293  -  MemoryUsage of job (MB)
	299684  -  ResidentSetSize of job (KB)
...
006 (19535178.000.000) 2026-06-02 17:07:55 Image size of job updated: 452932
	443  -  MemoryUsage of job (MB)
	452932  -  ResidentSetSize of job (KB)
...
006 (19535178.000.000) 2026-06-02 17:12:56 Image size of job updated: 647852
	633  -  MemoryUsage of job (MB)
	647852  -  ResidentSetSize of job (KB)
...
006 (19535178.000.000) 2026-06-02 17:14:00 Image size of job updated: 820264
	633  -  MemoryUsage of job (MB)
	647852  -  ResidentSetSize of job (KB)
...
005 (19535178.000.000) 2026-06-02 17:14:00 Job terminated.
	(1) Normal termination (return value 0)
		Usr 0 00:25:00, Sys 0 00:00:16  -  Run Remote Usage
		Usr 0 00:00:00, Sys 0 00:00:00  -  Run Local Usage
		Usr 0 00:25:00, Sys 0 00:00:16  -  Total Remote Usage
		Usr 0 00:00:00, Sys 0 00:00:00  -  Total Local Usage
	0  -  Run Bytes Sent By Job
	0  -  Run Bytes Received By Job
	0  -  Total Bytes Sent By Job
	0  -  Total Bytes Received By Job
	Partitionable Resources :    Usage  Request Allocated 
	   admin_mutex_1         :                           0 
	   admin_mutex_2         :                           0 
	   admin_mutex_3         :                           0 
	   Cpus                  :     0.98        1         1 
	   Disk (KB)             :    10        2048      5480 
	   GPUs                  :                           0 
	   machine_token         :                           0 
	   Memory (MB)           :   633        6000      6016 
	   TimeExecute (s)       :  1580                       
	   TimeSlotBusy (s)      :  1581                       

	Job terminated of its own accord at 2026-06-02T22:14:00Z with exit-code 0.
...
