000 (19533968.000.000) 2026-06-02 15:51:31 Job submitted from host: <10.128.10.103:9618?addrs=10.128.10.103-9618&alias=npx-submitter.icecube.wisc.edu&noUDP&sock=schedd_2449_6386>
    DAG Node: Drootprod_20160428_77612
...
001 (19533968.000.000) 2026-06-02 16:24:22 Job executing on host: <10.128.10.117:43719?addrs=10.128.10.117-43719&alias=n-gibyte-02.icecube.wisc.edu>
	SlotName: slot1_478@n-gibyte-02.icecube.wisc.edu
	admin_mutex_1 = 0
	admin_mutex_2 = 0
	admin_mutex_3 = 0
	CondorScratchDir = "/scratch/condor/dir_3432115"
	Cpus = 1
	Disk = 5480
	GPUs = 0
	machine_token = 0
	Memory = 6016
...
006 (19533968.000.000) 2026-06-02 16:24:36 Image size of job updated: 118840
	117  -  MemoryUsage of job (MB)
	118840  -  ResidentSetSize of job (KB)
...
006 (19533968.000.000) 2026-06-02 16:29:37 Image size of job updated: 141084
	138  -  MemoryUsage of job (MB)
	141084  -  ResidentSetSize of job (KB)
...
006 (19533968.000.000) 2026-06-02 16:34:37 Image size of job updated: 159092
	156  -  MemoryUsage of job (MB)
	159092  -  ResidentSetSize of job (KB)
...
006 (19533968.000.000) 2026-06-02 16:39:37 Image size of job updated: 270672
	265  -  MemoryUsage of job (MB)
	270672  -  ResidentSetSize of job (KB)
...
006 (19533968.000.000) 2026-06-02 16:44:38 Image size of job updated: 289496
	283  -  MemoryUsage of job (MB)
	289496  -  ResidentSetSize of job (KB)
...
006 (19533968.000.000) 2026-06-02 16:49:38 Image size of job updated: 438368
	429  -  MemoryUsage of job (MB)
	438368  -  ResidentSetSize of job (KB)
...
006 (19533968.000.000) 2026-06-02 16:50:06 Image size of job updated: 447028
	429  -  MemoryUsage of job (MB)
	438368  -  ResidentSetSize of job (KB)
...
005 (19533968.000.000) 2026-06-02 16:50:06 Job terminated.
	(1) Normal termination (return value 0)
		Usr 0 00:24:34, Sys 0 00:00:15  -  Run Remote Usage
		Usr 0 00:00:00, Sys 0 00:00:00  -  Run Local Usage
		Usr 0 00:24:34, Sys 0 00:00:15  -  Total Remote Usage
		Usr 0 00:00:00, Sys 0 00:00:00  -  Total Local Usage
	0  -  Run Bytes Sent By Job
	0  -  Run Bytes Received By Job
	0  -  Total Bytes Sent By Job
	0  -  Total Bytes Received By Job
	Partitionable Resources :    Usage  Request Allocated 
	   admin_mutex_1         :                           0 
	   admin_mutex_2         :                           0 
	   admin_mutex_3         :                           0 
	   Cpus                  :     0.99        1         1 
	   Disk (KB)             :    10        2048      5480 
	   GPUs                  :                           0 
	   machine_token         :                           0 
	   Memory (MB)           :   429        6000      6016 
	   TimeExecute (s)       :  1544                       
	   TimeSlotBusy (s)      :  1544                       

	Job terminated of its own accord at 2026-06-02T21:50:06Z with exit-code 0.
...
