000 (19532971.000.000) 2026-06-02 15:49:18 Job submitted from host: <10.128.10.103:9618?addrs=10.128.10.103-9618&alias=npx-submitter.icecube.wisc.edu&noUDP&sock=schedd_2449_6386>
    DAG Node: Drootprod_20160217_30289
...
001 (19532971.000.000) 2026-06-02 15:58:45 Job executing on host: <10.128.10.117:43719?addrs=10.128.10.117-43719&alias=n-gibyte-02.icecube.wisc.edu>
	SlotName: slot1_129@n-gibyte-02.icecube.wisc.edu
	admin_mutex_1 = 0
	admin_mutex_2 = 0
	admin_mutex_3 = 0
	CondorScratchDir = "/scratch/condor/dir_3333634"
	Cpus = 1
	Disk = 5480
	GPUs = 0
	machine_token = 0
	Memory = 6016
...
006 (19532971.000.000) 2026-06-02 15:58:59 Image size of job updated: 118568
	116  -  MemoryUsage of job (MB)
	118568  -  ResidentSetSize of job (KB)
...
006 (19532971.000.000) 2026-06-02 16:04:00 Image size of job updated: 138196
	135  -  MemoryUsage of job (MB)
	138196  -  ResidentSetSize of job (KB)
...
006 (19532971.000.000) 2026-06-02 16:09:01 Image size of job updated: 153520
	150  -  MemoryUsage of job (MB)
	153520  -  ResidentSetSize of job (KB)
...
006 (19532971.000.000) 2026-06-02 16:14:01 Image size of job updated: 166140
	163  -  MemoryUsage of job (MB)
	166140  -  ResidentSetSize of job (KB)
...
006 (19532971.000.000) 2026-06-02 16:19:02 Image size of job updated: 273748
	268  -  MemoryUsage of job (MB)
	273748  -  ResidentSetSize of job (KB)
...
006 (19532971.000.000) 2026-06-02 16:24:02 Image size of job updated: 289752
	283  -  MemoryUsage of job (MB)
	289752  -  ResidentSetSize of job (KB)
...
006 (19532971.000.000) 2026-06-02 16:29:03 Image size of job updated: 434292
	425  -  MemoryUsage of job (MB)
	434292  -  ResidentSetSize of job (KB)
...
006 (19532971.000.000) 2026-06-02 16:29:36 Image size of job updated: 444004
	425  -  MemoryUsage of job (MB)
	434292  -  ResidentSetSize of job (KB)
...
005 (19532971.000.000) 2026-06-02 16:29:36 Job terminated.
	(1) Normal termination (return value 0)
		Usr 0 00:29:19, Sys 0 00:00:17  -  Run Remote Usage
		Usr 0 00:00:00, Sys 0 00:00:00  -  Run Local Usage
		Usr 0 00:29:19, Sys 0 00:00:17  -  Total Remote Usage
		Usr 0 00:00:00, Sys 0 00:00:00  -  Total Local Usage
	0  -  Run Bytes Sent By Job
	0  -  Run Bytes Received By Job
	0  -  Total Bytes Sent By Job
	0  -  Total Bytes Received By Job
	Partitionable Resources :    Usage  Request Allocated 
	   admin_mutex_1         :                           0 
	   admin_mutex_2         :                           0 
	   admin_mutex_3         :                           0 
	   Cpus                  :     0.99        1         1 
	   Disk (KB)             :    12        2048      5480 
	   GPUs                  :                           0 
	   machine_token         :                           0 
	   Memory (MB)           :   425        6000      6016 
	   TimeExecute (s)       :  1851                       
	   TimeSlotBusy (s)      :  1851                       

	Job terminated of its own accord at 2026-06-02T21:29:36Z with exit-code 0.
...
