000 (19533185.000.000) 2026-06-02 15:49:51 Job submitted from host: <10.128.10.103:9618?addrs=10.128.10.103-9618&alias=npx-submitter.icecube.wisc.edu&noUDP&sock=schedd_2449_6386>
    DAG Node: Drootprod_20160305_72857
...
001 (19533185.000.000) 2026-06-02 16:07:25 Job executing on host: <10.128.11.26:32775?addrs=10.128.11.26-32775&alias=n-smbc-07.icecube.wisc.edu>
	SlotName: slot1_5@n-smbc-07.icecube.wisc.edu
	admin_mutex_1 = 0
	admin_mutex_2 = 0
	admin_mutex_3 = 0
	CondorScratchDir = "/scratch/condor/dir_537700"
	Cpus = 1
	Disk = 3072
	GPUs = 0
	machine_token = 0
	Memory = 6016
...
006 (19533185.000.000) 2026-06-02 16:07:38 Image size of job updated: 118920
	117  -  MemoryUsage of job (MB)
	118920  -  ResidentSetSize of job (KB)
...
006 (19533185.000.000) 2026-06-02 16:12:38 Image size of job updated: 141556
	139  -  MemoryUsage of job (MB)
	141556  -  ResidentSetSize of job (KB)
...
006 (19533185.000.000) 2026-06-02 16:17:39 Image size of job updated: 162136
	159  -  MemoryUsage of job (MB)
	162136  -  ResidentSetSize of job (KB)
...
006 (19533185.000.000) 2026-06-02 16:22:40 Image size of job updated: 277644
	272  -  MemoryUsage of job (MB)
	277644  -  ResidentSetSize of job (KB)
...
006 (19533185.000.000) 2026-06-02 16:27:40 Image size of job updated: 425116
	416  -  MemoryUsage of job (MB)
	425116  -  ResidentSetSize of job (KB)
...
006 (19533185.000.000) 2026-06-02 16:30:07 Image size of job updated: 434596
	416  -  MemoryUsage of job (MB)
	425116  -  ResidentSetSize of job (KB)
...
005 (19533185.000.000) 2026-06-02 16:30:07 Job terminated.
	(1) Normal termination (return value 0)
		Usr 0 00:21:39, Sys 0 00:00:11  -  Run Remote Usage
		Usr 0 00:00:00, Sys 0 00:00:00  -  Run Local Usage
		Usr 0 00:21:39, Sys 0 00:00:11  -  Total Remote Usage
		Usr 0 00:00:00, Sys 0 00:00:00  -  Total Local Usage
	0  -  Run Bytes Sent By Job
	0  -  Run Bytes Received By Job
	0  -  Total Bytes Sent By Job
	0  -  Total Bytes Received By Job
	Partitionable Resources :    Usage  Request Allocated 
	   admin_mutex_1         :                           0 
	   admin_mutex_2         :                           0 
	   admin_mutex_3         :                           0 
	   Cpus                  :     0.97        1         1 
	   Disk (KB)             :    10        2048      3072 
	   GPUs                  :                           0 
	   machine_token         :                           0 
	   Memory (MB)           :   416        6000      6016 
	   TimeExecute (s)       :  1362                       
	   TimeSlotBusy (s)      :  1362                       

	Job terminated of its own accord at 2026-06-02T21:30:07Z with exit-code 0.
...
