000 (19534590.000.000) 2026-06-02 15:52:41 Job submitted from host: <10.128.10.103:9618?addrs=10.128.10.103-9618&alias=npx-submitter.icecube.wisc.edu&noUDP&sock=schedd_2449_6386>
    DAG Node: Drootprod_20160606_78004
...
001 (19534590.000.000) 2026-06-02 16:37:25 Job executing on host: <10.128.10.115:33587?addrs=10.128.10.115-33587&alias=n-gibyte-00.icecube.wisc.edu>
	SlotName: slot1_162@n-gibyte-00.icecube.wisc.edu
	admin_mutex_1 = 0
	admin_mutex_2 = 0
	admin_mutex_3 = 0
	CondorScratchDir = "/scratch/condor/dir_2194104"
	Cpus = 1
	Disk = 5480
	GPUs = 0
	machine_token = 0
	Memory = 6016
...
006 (19534590.000.000) 2026-06-02 16:37:39 Image size of job updated: 119912
	118  -  MemoryUsage of job (MB)
	119912  -  ResidentSetSize of job (KB)
...
006 (19534590.000.000) 2026-06-02 16:42:40 Image size of job updated: 150340
	147  -  MemoryUsage of job (MB)
	150340  -  ResidentSetSize of job (KB)
...
006 (19534590.000.000) 2026-06-02 16:47:40 Image size of job updated: 173484
	170  -  MemoryUsage of job (MB)
	173484  -  ResidentSetSize of job (KB)
...
006 (19534590.000.000) 2026-06-02 16:52:41 Image size of job updated: 307268
	301  -  MemoryUsage of job (MB)
	307268  -  ResidentSetSize of job (KB)
...
006 (19534590.000.000) 2026-06-02 16:57:41 Image size of job updated: 465164
	455  -  MemoryUsage of job (MB)
	465164  -  ResidentSetSize of job (KB)
...
006 (19534590.000.000) 2026-06-02 16:59:55 Image size of job updated: 659972
	455  -  MemoryUsage of job (MB)
	465164  -  ResidentSetSize of job (KB)
...
005 (19534590.000.000) 2026-06-02 16:59:55 Job terminated.
	(1) Normal termination (return value 0)
		Usr 0 00:21:28, Sys 0 00:00:16  -  Run Remote Usage
		Usr 0 00:00:00, Sys 0 00:00:00  -  Run Local Usage
		Usr 0 00:21:28, Sys 0 00:00:16  -  Total Remote Usage
		Usr 0 00:00:00, Sys 0 00:00:00  -  Total Local Usage
	0  -  Run Bytes Sent By Job
	0  -  Run Bytes Received By Job
	0  -  Total Bytes Sent By Job
	0  -  Total Bytes Received By Job
	Partitionable Resources :    Usage  Request Allocated 
	   admin_mutex_1         :                           0 
	   admin_mutex_2         :                           0 
	   admin_mutex_3         :                           0 
	   Cpus                  :     0.99        1         1 
	   Disk (KB)             :    10        2048      5480 
	   GPUs                  :                           0 
	   machine_token         :                           0 
	   Memory (MB)           :   455        6000      6016 
	   TimeExecute (s)       :  1350                       
	   TimeSlotBusy (s)      :  1350                       

	Job terminated of its own accord at 2026-06-02T21:59:55Z with exit-code 0.
...
