000 (19536869.000.000) 2026-06-02 15:57:24 Job submitted from host: <10.128.10.103:9618?addrs=10.128.10.103-9618&alias=npx-submitter.icecube.wisc.edu&noUDP&sock=schedd_2449_6386>
    DAG Node: Drootprod_20161103_51286
...
001 (19536869.000.000) 2026-06-02 17:28:19 Job executing on host: <10.128.10.54:45483?addrs=10.128.10.54-45483&alias=n-m610-44.icecube.wisc.edu>
	SlotName: slot1_6@n-m610-44.icecube.wisc.edu
	admin_mutex_1 = 0
	admin_mutex_2 = 0
	admin_mutex_3 = 0
	CondorScratchDir = "/scratch/condor/dir_1101588"
	Cpus = 1
	Disk = 3072
	GPUs = 0
	machine_token = 0
	Memory = 6016
...
006 (19536869.000.000) 2026-06-02 17:28:32 Image size of job updated: 122308
	120  -  MemoryUsage of job (MB)
	122308  -  ResidentSetSize of job (KB)
...
006 (19536869.000.000) 2026-06-02 17:33:32 Image size of job updated: 162536
	159  -  MemoryUsage of job (MB)
	162536  -  ResidentSetSize of job (KB)
...
006 (19536869.000.000) 2026-06-02 17:38:32 Image size of job updated: 309816
	303  -  MemoryUsage of job (MB)
	309816  -  ResidentSetSize of job (KB)
...
006 (19536869.000.000) 2026-06-02 17:41:42 Image size of job updated: 467384
	303  -  MemoryUsage of job (MB)
	309816  -  ResidentSetSize of job (KB)
...
005 (19536869.000.000) 2026-06-02 17:41:42 Job terminated.
	(1) Normal termination (return value 0)
		Usr 0 00:12:46, Sys 0 00:00:11  -  Run Remote Usage
		Usr 0 00:00:00, Sys 0 00:00:00  -  Run Local Usage
		Usr 0 00:12:46, Sys 0 00:00:11  -  Total Remote Usage
		Usr 0 00:00:00, Sys 0 00:00:00  -  Total Local Usage
	0  -  Run Bytes Sent By Job
	0  -  Run Bytes Received By Job
	0  -  Total Bytes Sent By Job
	0  -  Total Bytes Received By Job
	Partitionable Resources :    Usage  Request Allocated 
	   admin_mutex_1         :                           0 
	   admin_mutex_2         :                           0 
	   admin_mutex_3         :                           0 
	   Cpus                  :     0.95        1         1 
	   Disk (KB)             :    10        2048      3072 
	   GPUs                  :                           0 
	   machine_token         :                           0 
	   Memory (MB)           :   303        6000      6016 
	   TimeExecute (s)       :   803                       
	   TimeSlotBusy (s)      :   803                       

	Job terminated of its own accord at 2026-06-02T22:41:42Z with exit-code 0.
...
