000 (19532634.000.000) 2026-06-02 15:48:16 Job submitted from host: <10.128.10.103:9618?addrs=10.128.10.103-9618&alias=npx-submitter.icecube.wisc.edu&noUDP&sock=schedd_2449_6386>
    DAG Node: Drootprod_20160117_40244
...
001 (19532634.000.000) 2026-06-02 15:48:27 Job executing on host: <10.128.10.116:38163?addrs=10.128.10.116-38163&alias=n-gibyte-01.icecube.wisc.edu>
	SlotName: slot1_442@n-gibyte-01.icecube.wisc.edu
	admin_mutex_1 = 0
	admin_mutex_2 = 0
	admin_mutex_3 = 0
	CondorScratchDir = "/scratch/condor/dir_2361667"
	Cpus = 1
	Disk = 5480
	GPUs = 0
	machine_token = 0
	Memory = 6016
...
006 (19532634.000.000) 2026-06-02 15:48:36 Image size of job updated: 120172
	118  -  MemoryUsage of job (MB)
	120172  -  ResidentSetSize of job (KB)
...
006 (19532634.000.000) 2026-06-02 15:53:37 Image size of job updated: 142124
	139  -  MemoryUsage of job (MB)
	142124  -  ResidentSetSize of job (KB)
...
006 (19532634.000.000) 2026-06-02 15:58:37 Image size of job updated: 160896
	158  -  MemoryUsage of job (MB)
	160896  -  ResidentSetSize of job (KB)
...
006 (19532634.000.000) 2026-06-02 16:03:37 Image size of job updated: 273760
	268  -  MemoryUsage of job (MB)
	273760  -  ResidentSetSize of job (KB)
...
006 (19532634.000.000) 2026-06-02 16:03:47 Image size of job updated: 274160
	268  -  MemoryUsage of job (MB)
	273760  -  ResidentSetSize of job (KB)
...
005 (19532634.000.000) 2026-06-02 16:03:47 Job terminated.
	(1) Normal termination (return value 0)
		Usr 0 00:14:34, Sys 0 00:00:09  -  Run Remote Usage
		Usr 0 00:00:00, Sys 0 00:00:00  -  Run Local Usage
		Usr 0 00:14:34, Sys 0 00:00:09  -  Total Remote Usage
		Usr 0 00:00:00, Sys 0 00:00:00  -  Total Local Usage
	0  -  Run Bytes Sent By Job
	0  -  Run Bytes Received By Job
	0  -  Total Bytes Sent By Job
	0  -  Total Bytes Received By Job
	Partitionable Resources :    Usage  Request Allocated 
	   admin_mutex_1         :                           0 
	   admin_mutex_2         :                           0 
	   admin_mutex_3         :                           0 
	   Cpus                  :     0.99        1         1 
	   Disk (KB)             :     7        2048      5480 
	   GPUs                  :                           0 
	   machine_token         :                           0 
	   Memory (MB)           :   268        6000      6016 
	   TimeExecute (s)       :   920                       
	   TimeSlotBusy (s)      :   921                       

	Job terminated of its own accord at 2026-06-02T21:03:47Z with exit-code 0.
...
