000 (19536139.000.000) 2026-06-02 15:55:49 Job submitted from host: <10.128.10.103:9618?addrs=10.128.10.103-9618&alias=npx-submitter.icecube.wisc.edu&noUDP&sock=schedd_2449_6386>
    DAG Node: Drootprod_20160915_30335
...
001 (19536139.000.000) 2026-06-02 17:14:38 Job executing on host: <10.128.10.117:43719?addrs=10.128.10.117-43719&alias=n-gibyte-02.icecube.wisc.edu>
	SlotName: slot1_510@n-gibyte-02.icecube.wisc.edu
	admin_mutex_1 = 0
	admin_mutex_2 = 0
	admin_mutex_3 = 0
	CondorScratchDir = "/scratch/condor/dir_3638033"
	Cpus = 1
	Disk = 5480
	GPUs = 0
	machine_token = 0
	Memory = 6016
...
006 (19536139.000.000) 2026-06-02 17:14:51 Image size of job updated: 119772
	117  -  MemoryUsage of job (MB)
	119772  -  ResidentSetSize of job (KB)
...
006 (19536139.000.000) 2026-06-02 17:19:52 Image size of job updated: 145164
	142  -  MemoryUsage of job (MB)
	145164  -  ResidentSetSize of job (KB)
...
006 (19536139.000.000) 2026-06-02 17:24:52 Image size of job updated: 166208
	163  -  MemoryUsage of job (MB)
	166208  -  ResidentSetSize of job (KB)
...
006 (19536139.000.000) 2026-06-02 17:29:53 Image size of job updated: 297012
	291  -  MemoryUsage of job (MB)
	297012  -  ResidentSetSize of job (KB)
...
006 (19536139.000.000) 2026-06-02 17:34:53 Image size of job updated: 452656
	443  -  MemoryUsage of job (MB)
	452656  -  ResidentSetSize of job (KB)
...
006 (19536139.000.000) 2026-06-02 17:39:54 Image size of job updated: 649856
	635  -  MemoryUsage of job (MB)
	649856  -  ResidentSetSize of job (KB)
...
006 (19536139.000.000) 2026-06-02 17:40:27 Image size of job updated: 820260
	635  -  MemoryUsage of job (MB)
	649856  -  ResidentSetSize of job (KB)
...
005 (19536139.000.000) 2026-06-02 17:40:28 Job terminated.
	(1) Normal termination (return value 0)
		Usr 0 00:24:43, Sys 0 00:00:16  -  Run Remote Usage
		Usr 0 00:00:00, Sys 0 00:00:00  -  Run Local Usage
		Usr 0 00:24:43, Sys 0 00:00:16  -  Total Remote Usage
		Usr 0 00:00:00, Sys 0 00:00:00  -  Total Local Usage
	0  -  Run Bytes Sent By Job
	0  -  Run Bytes Received By Job
	0  -  Total Bytes Sent By Job
	0  -  Total Bytes Received By Job
	Partitionable Resources :    Usage  Request Allocated 
	   admin_mutex_1         :                           0 
	   admin_mutex_2         :                           0 
	   admin_mutex_3         :                           0 
	   Cpus                  :     0.95        1         1 
	   Disk (KB)             :    10        2048      5480 
	   GPUs                  :                           0 
	   machine_token         :                           0 
	   Memory (MB)           :   635        6000      6016 
	   TimeExecute (s)       :  1549                       
	   TimeSlotBusy (s)      :  1549                       

	Job terminated of its own accord at 2026-06-02T22:40:27Z with exit-code 0.
...
