000 (19536230.000.000) 2026-06-02 15:56:00 Job submitted from host: <10.128.10.103:9618?addrs=10.128.10.103-9618&alias=npx-submitter.icecube.wisc.edu&noUDP&sock=schedd_2449_6386>
    DAG Node: Drootprod_20160921_29749
...
001 (19536230.000.000) 2026-06-02 17:16:33 Job executing on host: <10.128.10.115:33587?addrs=10.128.10.115-33587&alias=n-gibyte-00.icecube.wisc.edu>
	SlotName: slot1_69@n-gibyte-00.icecube.wisc.edu
	admin_mutex_1 = 0
	admin_mutex_2 = 0
	admin_mutex_3 = 0
	CondorScratchDir = "/scratch/condor/dir_2350491"
	Cpus = 1
	Disk = 5480
	GPUs = 0
	machine_token = 0
	Memory = 6016
...
006 (19536230.000.000) 2026-06-02 17:16:46 Image size of job updated: 119900
	118  -  MemoryUsage of job (MB)
	119900  -  ResidentSetSize of job (KB)
...
006 (19536230.000.000) 2026-06-02 17:21:46 Image size of job updated: 150316
	147  -  MemoryUsage of job (MB)
	150316  -  ResidentSetSize of job (KB)
...
006 (19536230.000.000) 2026-06-02 17:26:47 Image size of job updated: 171164
	168  -  MemoryUsage of job (MB)
	171164  -  ResidentSetSize of job (KB)
...
006 (19536230.000.000) 2026-06-02 17:31:47 Image size of job updated: 299392
	293  -  MemoryUsage of job (MB)
	299392  -  ResidentSetSize of job (KB)
...
006 (19536230.000.000) 2026-06-02 17:36:48 Image size of job updated: 318168
	311  -  MemoryUsage of job (MB)
	318168  -  ResidentSetSize of job (KB)
...
006 (19536230.000.000) 2026-06-02 17:41:49 Image size of job updated: 471652
	461  -  MemoryUsage of job (MB)
	471652  -  ResidentSetSize of job (KB)
...
006 (19536230.000.000) 2026-06-02 17:45:59 Image size of job updated: 826840
	461  -  MemoryUsage of job (MB)
	471652  -  ResidentSetSize of job (KB)
...
005 (19536230.000.000) 2026-06-02 17:45:59 Job terminated.
	(1) Normal termination (return value 0)
		Usr 0 00:28:14, Sys 0 00:00:18  -  Run Remote Usage
		Usr 0 00:00:00, Sys 0 00:00:00  -  Run Local Usage
		Usr 0 00:28:14, Sys 0 00:00:18  -  Total Remote Usage
		Usr 0 00:00:00, Sys 0 00:00:00  -  Total Local Usage
	0  -  Run Bytes Sent By Job
	0  -  Run Bytes Received By Job
	0  -  Total Bytes Sent By Job
	0  -  Total Bytes Received By Job
	Partitionable Resources :    Usage  Request Allocated 
	   admin_mutex_1         :                           0 
	   admin_mutex_2         :                           0 
	   admin_mutex_3         :                           0 
	   Cpus                  :     0.98        1         1 
	   Disk (KB)             :    10        2048      5480 
	   GPUs                  :                           0 
	   machine_token         :                           0 
	   Memory (MB)           :   461        6000      6016 
	   TimeExecute (s)       :  1766                       
	   TimeSlotBusy (s)      :  1767                       

	Job terminated of its own accord at 2026-06-02T22:45:59Z with exit-code 0.
...
