000 (19537190.000.000) 2026-06-02 15:58:10 Job submitted from host: <10.128.10.103:9618?addrs=10.128.10.103-9618&alias=npx-submitter.icecube.wisc.edu&noUDP&sock=schedd_2449_6386>
    DAG Node: Drootprod_20161128_12715
...
001 (19537190.000.000) 2026-06-02 17:33:20 Job executing on host: <10.128.10.115:33587?addrs=10.128.10.115-33587&alias=n-gibyte-00.icecube.wisc.edu>
	SlotName: slot1_345@n-gibyte-00.icecube.wisc.edu
	admin_mutex_1 = 0
	admin_mutex_2 = 0
	admin_mutex_3 = 0
	CondorScratchDir = "/scratch/condor/dir_2421419"
	Cpus = 1
	Disk = 5480
	GPUs = 0
	machine_token = 0
	Memory = 6016
...
006 (19537190.000.000) 2026-06-02 17:33:34 Image size of job updated: 120908
	119  -  MemoryUsage of job (MB)
	120908  -  ResidentSetSize of job (KB)
...
006 (19537190.000.000) 2026-06-02 17:38:35 Image size of job updated: 145964
	143  -  MemoryUsage of job (MB)
	145964  -  ResidentSetSize of job (KB)
...
006 (19537190.000.000) 2026-06-02 17:43:35 Image size of job updated: 166452
	163  -  MemoryUsage of job (MB)
	166452  -  ResidentSetSize of job (KB)
...
006 (19537190.000.000) 2026-06-02 17:48:36 Image size of job updated: 293828
	287  -  MemoryUsage of job (MB)
	293828  -  ResidentSetSize of job (KB)
...
006 (19537190.000.000) 2026-06-02 17:53:36 Image size of job updated: 305132
	298  -  MemoryUsage of job (MB)
	305132  -  ResidentSetSize of job (KB)
...
006 (19537190.000.000) 2026-06-02 17:58:36 Image size of job updated: 317496
	311  -  MemoryUsage of job (MB)
	317496  -  ResidentSetSize of job (KB)
...
006 (19537190.000.000) 2026-06-02 18:03:37 Image size of job updated: 466748
	456  -  MemoryUsage of job (MB)
	466748  -  ResidentSetSize of job (KB)
...
006 (19537190.000.000) 2026-06-02 18:06:18 Image size of job updated: 477604
	456  -  MemoryUsage of job (MB)
	466748  -  ResidentSetSize of job (KB)
...
005 (19537190.000.000) 2026-06-02 18:06:18 Job terminated.
	(1) Normal termination (return value 0)
		Usr 0 00:31:30, Sys 0 00:00:18  -  Run Remote Usage
		Usr 0 00:00:00, Sys 0 00:00:00  -  Run Local Usage
		Usr 0 00:31:30, Sys 0 00:00:18  -  Total Remote Usage
		Usr 0 00:00:00, Sys 0 00:00:00  -  Total Local Usage
	0  -  Run Bytes Sent By Job
	0  -  Run Bytes Received By Job
	0  -  Total Bytes Sent By Job
	0  -  Total Bytes Received By Job
	Partitionable Resources :    Usage  Request Allocated 
	   admin_mutex_1         :                           0 
	   admin_mutex_2         :                           0 
	   admin_mutex_3         :                           0 
	   Cpus                  :     0.99        1         1 
	   Disk (KB)             :    12        2048      5480 
	   GPUs                  :                           0 
	   machine_token         :                           0 
	   Memory (MB)           :   456        6000      6016 
	   TimeExecute (s)       :  1978                       
	   TimeSlotBusy (s)      :  1978                       

	Job terminated of its own accord at 2026-06-02T23:06:18Z with exit-code 0.
...
