000 (19536728.000.000) 2026-06-02 15:57:05 Job submitted from host: <10.128.10.103:9618?addrs=10.128.10.103-9618&alias=npx-submitter.icecube.wisc.edu&noUDP&sock=schedd_2449_6386>
    DAG Node: Drootprod_20161025_97863
...
001 (19536728.000.000) 2026-06-02 17:25:28 Job executing on host: <10.128.10.115:33587?addrs=10.128.10.115-33587&alias=n-gibyte-00.icecube.wisc.edu>
	SlotName: slot1_274@n-gibyte-00.icecube.wisc.edu
	admin_mutex_1 = 0
	admin_mutex_2 = 0
	admin_mutex_3 = 0
	CondorScratchDir = "/scratch/condor/dir_2387049"
	Cpus = 1
	Disk = 5480
	GPUs = 0
	machine_token = 0
	Memory = 6016
...
006 (19536728.000.000) 2026-06-02 17:25:42 Image size of job updated: 120336
	118  -  MemoryUsage of job (MB)
	120336  -  ResidentSetSize of job (KB)
...
006 (19536728.000.000) 2026-06-02 17:30:43 Image size of job updated: 145584
	143  -  MemoryUsage of job (MB)
	145584  -  ResidentSetSize of job (KB)
...
006 (19536728.000.000) 2026-06-02 17:35:43 Image size of job updated: 169748
	166  -  MemoryUsage of job (MB)
	169748  -  ResidentSetSize of job (KB)
...
006 (19536728.000.000) 2026-06-02 17:40:44 Image size of job updated: 303888
	297  -  MemoryUsage of job (MB)
	303888  -  ResidentSetSize of job (KB)
...
006 (19536728.000.000) 2026-06-02 17:45:45 Image size of job updated: 461604
	451  -  MemoryUsage of job (MB)
	461604  -  ResidentSetSize of job (KB)
...
006 (19536728.000.000) 2026-06-02 17:50:45 Image size of job updated: 808472
	790  -  MemoryUsage of job (MB)
	808472  -  ResidentSetSize of job (KB)
...
006 (19536728.000.000) 2026-06-02 17:51:47 Image size of job updated: 829376
	790  -  MemoryUsage of job (MB)
	808472  -  ResidentSetSize of job (KB)
...
005 (19536728.000.000) 2026-06-02 17:51:47 Job terminated.
	(1) Normal termination (return value 0)
		Usr 0 00:25:07, Sys 0 00:00:17  -  Run Remote Usage
		Usr 0 00:00:00, Sys 0 00:00:00  -  Run Local Usage
		Usr 0 00:25:07, Sys 0 00:00:17  -  Total Remote Usage
		Usr 0 00:00:00, Sys 0 00:00:00  -  Total Local Usage
	0  -  Run Bytes Sent By Job
	0  -  Run Bytes Received By Job
	0  -  Total Bytes Sent By Job
	0  -  Total Bytes Received By Job
	Partitionable Resources :    Usage  Request Allocated 
	   admin_mutex_1         :                           0 
	   admin_mutex_2         :                           0 
	   admin_mutex_3         :                           0 
	   Cpus                  :     0.98        1         1 
	   Disk (KB)             :    10        2048      5480 
	   GPUs                  :                           0 
	   machine_token         :                           0 
	   Memory (MB)           :   790        6000      6016 
	   TimeExecute (s)       :  1579                       
	   TimeSlotBusy (s)      :  1579                       

	Job terminated of its own accord at 2026-06-02T22:51:47Z with exit-code 0.
...
