000 (19536113.000.000) 2026-06-02 15:55:46 Job submitted from host: <10.128.10.103:9618?addrs=10.128.10.103-9618&alias=npx-submitter.icecube.wisc.edu&noUDP&sock=schedd_2449_6386>
    DAG Node: Drootprod_20160912_12497
...
001 (19536113.000.000) 2026-06-02 17:14:28 Job executing on host: <10.128.10.117:43719?addrs=10.128.10.117-43719&alias=n-gibyte-02.icecube.wisc.edu>
	SlotName: slot1_171@n-gibyte-02.icecube.wisc.edu
	admin_mutex_1 = 0
	admin_mutex_2 = 0
	admin_mutex_3 = 0
	CondorScratchDir = "/scratch/condor/dir_3635426"
	Cpus = 1
	Disk = 5480
	GPUs = 0
	machine_token = 0
	Memory = 6016
...
006 (19536113.000.000) 2026-06-02 17:14:42 Image size of job updated: 120564
	118  -  MemoryUsage of job (MB)
	120564  -  ResidentSetSize of job (KB)
...
006 (19536113.000.000) 2026-06-02 17:19:43 Image size of job updated: 145864
	143  -  MemoryUsage of job (MB)
	145864  -  ResidentSetSize of job (KB)
...
006 (19536113.000.000) 2026-06-02 17:24:43 Image size of job updated: 166756
	163  -  MemoryUsage of job (MB)
	166756  -  ResidentSetSize of job (KB)
...
006 (19536113.000.000) 2026-06-02 17:29:44 Image size of job updated: 298928
	292  -  MemoryUsage of job (MB)
	298928  -  ResidentSetSize of job (KB)
...
006 (19536113.000.000) 2026-06-02 17:34:44 Image size of job updated: 453336
	443  -  MemoryUsage of job (MB)
	453336  -  ResidentSetSize of job (KB)
...
006 (19536113.000.000) 2026-06-02 17:39:45 Image size of job updated: 477808
	467  -  MemoryUsage of job (MB)
	477808  -  ResidentSetSize of job (KB)
...
006 (19536113.000.000) 2026-06-02 17:44:45 Image size of job updated: 836720
	818  -  MemoryUsage of job (MB)
	836720  -  ResidentSetSize of job (KB)
...
006 (19536113.000.000) 2026-06-02 17:46:13 Image size of job updated: 862176
	818  -  MemoryUsage of job (MB)
	836720  -  ResidentSetSize of job (KB)
...
005 (19536113.000.000) 2026-06-02 17:46:13 Job terminated.
	(1) Normal termination (return value 0)
		Usr 0 00:30:32, Sys 0 00:00:19  -  Run Remote Usage
		Usr 0 00:00:00, Sys 0 00:00:00  -  Run Local Usage
		Usr 0 00:30:32, Sys 0 00:00:19  -  Total Remote Usage
		Usr 0 00:00:00, Sys 0 00:00:00  -  Total Local Usage
	0  -  Run Bytes Sent By Job
	0  -  Run Bytes Received By Job
	0  -  Total Bytes Sent By Job
	0  -  Total Bytes Received By Job
	Partitionable Resources :    Usage  Request Allocated 
	   admin_mutex_1         :                           0 
	   admin_mutex_2         :                           0 
	   admin_mutex_3         :                           0 
	   Cpus                  :     0.99        1         1 
	   Disk (KB)             :    10        2048      5480 
	   GPUs                  :                           0 
	   machine_token         :                           0 
	   Memory (MB)           :   818        6000      6016 
	   TimeExecute (s)       :  1905                       
	   TimeSlotBusy (s)      :  1906                       

	Job terminated of its own accord at 2026-06-02T22:46:13Z with exit-code 0.
...
