000 (19533457.000.000) 2026-06-02 15:50:26 Job submitted from host: <10.128.10.103:9618?addrs=10.128.10.103-9618&alias=npx-submitter.icecube.wisc.edu&noUDP&sock=schedd_2449_6386>
    DAG Node: Drootprod_20160325_79454
...
001 (19533457.000.000) 2026-06-02 16:14:01 Job executing on host: <10.128.10.116:38163?addrs=10.128.10.116-38163&alias=n-gibyte-01.icecube.wisc.edu>
	SlotName: slot1_456@n-gibyte-01.icecube.wisc.edu
	admin_mutex_1 = 0
	admin_mutex_2 = 0
	admin_mutex_3 = 0
	CondorScratchDir = "/scratch/condor/dir_2472411"
	Cpus = 1
	Disk = 5480
	GPUs = 0
	machine_token = 0
	Memory = 6016
...
006 (19533457.000.000) 2026-06-02 16:14:14 Image size of job updated: 118440
	116  -  MemoryUsage of job (MB)
	118440  -  ResidentSetSize of job (KB)
...
006 (19533457.000.000) 2026-06-02 16:19:14 Image size of job updated: 142812
	140  -  MemoryUsage of job (MB)
	142812  -  ResidentSetSize of job (KB)
...
022 (19533457.000.000) 2026-06-02 16:23:27 Job disconnected, attempting to reconnect
    Socket between submit and execute hosts closed unexpectedly
    Trying to reconnect to slot1_456@n-gibyte-01.icecube.wisc.edu <10.128.10.116:38163?addrs=10.128.10.116-38163&alias=n-gibyte-01.icecube.wisc.edu>
...
024 (19533457.000.000) 2026-06-02 17:03:27 Job reconnection failed
    Job disconnected too long: JobLeaseDuration (2400 seconds) expired
    Can not reconnect to slot1_456@n-gibyte-01.icecube.wisc.edu, rescheduling job
...
004 (19533457.000.000) 2026-06-02 17:03:37 Job was evicted.
	(0) CPU times
		Usr 0 00:04:50, Sys 0 00:00:03  -  Run Remote Usage
		Usr 0 00:00:00, Sys 0 00:00:00  -  Run Local Usage
	0  -  Run Bytes Sent By Job
	0  -  Run Bytes Received By Job
	Job disconnected too long: JobLeaseDuration (2400 seconds) expired
	Partitionable Resources :    Usage  Request Allocated 
	   admin_mutex_1         :                           0 
	   admin_mutex_2         :                           0 
	   admin_mutex_3         :                           0 
	   Cpus                  :     0.98        1         1 
	   Disk (KB)             :    10        2048      5480 
	   GPUs                  :                           0 
	   machine_token         :                           0 
	   Memory (MB)           :   140        6000      6016 
...
001 (19533457.000.000) 2026-06-02 17:09:01 Job executing on host: <10.128.11.26:32775?addrs=10.128.11.26-32775&alias=n-smbc-07.icecube.wisc.edu>
	SlotName: slot1_5@n-smbc-07.icecube.wisc.edu
	admin_mutex_1 = 0
	admin_mutex_2 = 0
	admin_mutex_3 = 0
	CondorScratchDir = "/scratch/condor/dir_746948"
	Cpus = 1
	Disk = 3072
	GPUs = 0
	machine_token = 0
	Memory = 6016
...
006 (19533457.000.000) 2026-06-02 17:19:16 Image size of job updated: 165080
	162  -  MemoryUsage of job (MB)
	165080  -  ResidentSetSize of job (KB)
...
006 (19533457.000.000) 2026-06-02 17:24:17 Image size of job updated: 280964
	275  -  MemoryUsage of job (MB)
	280964  -  ResidentSetSize of job (KB)
...
006 (19533457.000.000) 2026-06-02 17:29:18 Image size of job updated: 429576
	420  -  MemoryUsage of job (MB)
	429576  -  ResidentSetSize of job (KB)
...
006 (19533457.000.000) 2026-06-02 17:30:14 Image size of job updated: 441124
	420  -  MemoryUsage of job (MB)
	429576  -  ResidentSetSize of job (KB)
...
005 (19533457.000.000) 2026-06-02 17:30:14 Job terminated.
	(1) Normal termination (return value 0)
		Usr 0 00:20:33, Sys 0 00:00:10  -  Run Remote Usage
		Usr 0 00:00:00, Sys 0 00:00:00  -  Run Local Usage
		Usr 0 00:25:23, Sys 0 00:00:13  -  Total Remote Usage
		Usr 0 00:00:00, Sys 0 00:00:00  -  Total Local Usage
	0  -  Run Bytes Sent By Job
	0  -  Run Bytes Received By Job
	0  -  Total Bytes Sent By Job
	0  -  Total Bytes Received By Job
	Partitionable Resources :    Usage  Request Allocated 
	   admin_mutex_1         :                           0 
	   admin_mutex_2         :                           0 
	   admin_mutex_3         :                           0 
	   Cpus                  :     0.99        1         1 
	   Disk (KB)             :    10        2048      3072 
	   GPUs                  :                           0 
	   machine_token         :                           0 
	   Memory (MB)           :   420        6000      6016 
	   TimeExecute (s)       :  1273                       
	   TimeSlotBusy (s)      :  1273                       

	Job terminated of its own accord at 2026-06-02T22:30:14Z with exit-code 0.
...
