000 (19532804.000.000) 2026-06-02 15:48:49 Job submitted from host: <10.128.10.103:9618?addrs=10.128.10.103-9618&alias=npx-submitter.icecube.wisc.edu&noUDP&sock=schedd_2449_6386>
    DAG Node: Drootprod_20160203_69895
...
001 (19532804.000.000) 2026-06-02 15:52:40 Job executing on host: <10.128.10.117:43719?addrs=10.128.10.117-43719&alias=n-gibyte-02.icecube.wisc.edu>
	SlotName: slot1_337@n-gibyte-02.icecube.wisc.edu
	admin_mutex_1 = 0
	admin_mutex_2 = 0
	admin_mutex_3 = 0
	CondorScratchDir = "/scratch/condor/dir_3312811"
	Cpus = 1
	Disk = 5480
	GPUs = 0
	machine_token = 0
	Memory = 6016
...
006 (19532804.000.000) 2026-06-02 15:52:54 Image size of job updated: 119324
	117  -  MemoryUsage of job (MB)
	119324  -  ResidentSetSize of job (KB)
...
006 (19532804.000.000) 2026-06-02 15:57:54 Image size of job updated: 137740
	135  -  MemoryUsage of job (MB)
	137740  -  ResidentSetSize of job (KB)
...
006 (19532804.000.000) 2026-06-02 16:02:55 Image size of job updated: 153180
	150  -  MemoryUsage of job (MB)
	153180  -  ResidentSetSize of job (KB)
...
006 (19532804.000.000) 2026-06-02 16:07:55 Image size of job updated: 166852
	163  -  MemoryUsage of job (MB)
	166852  -  ResidentSetSize of job (KB)
...
006 (19532804.000.000) 2026-06-02 16:12:56 Image size of job updated: 278372
	272  -  MemoryUsage of job (MB)
	278372  -  ResidentSetSize of job (KB)
...
006 (19532804.000.000) 2026-06-02 16:17:56 Image size of job updated: 292580
	286  -  MemoryUsage of job (MB)
	292580  -  ResidentSetSize of job (KB)
...
006 (19532804.000.000) 2026-06-02 16:20:47 Image size of job updated: 413684
	286  -  MemoryUsage of job (MB)
	292580  -  ResidentSetSize of job (KB)
...
005 (19532804.000.000) 2026-06-02 16:20:47 Job terminated.
	(1) Normal termination (return value 0)
		Usr 0 00:26:39, Sys 0 00:00:15  -  Run Remote Usage
		Usr 0 00:00:00, Sys 0 00:00:00  -  Run Local Usage
		Usr 0 00:26:39, Sys 0 00:00:15  -  Total Remote Usage
		Usr 0 00:00:00, Sys 0 00:00:00  -  Total Local Usage
	0  -  Run Bytes Sent By Job
	0  -  Run Bytes Received By Job
	0  -  Total Bytes Sent By Job
	0  -  Total Bytes Received By Job
	Partitionable Resources :    Usage  Request Allocated 
	   admin_mutex_1         :                           0 
	   admin_mutex_2         :                           0 
	   admin_mutex_3         :                           0 
	   Cpus                  :     0.95        1         1 
	   Disk (KB)             :    12        2048      5480 
	   GPUs                  :                           0 
	   machine_token         :                           0 
	   Memory (MB)           :   286        6000      6016 
	   TimeExecute (s)       :  1687                       
	   TimeSlotBusy (s)      :  1687                       

	Job terminated of its own accord at 2026-06-02T21:20:47Z with exit-code 0.
...
