000 (19535350.000.000) 2026-06-02 15:54:09 Job submitted from host: <10.128.10.103:9618?addrs=10.128.10.103-9618&alias=npx-submitter.icecube.wisc.edu&noUDP&sock=schedd_2449_6386>
    DAG Node: Drootprod_20160722_16552
...
001 (19535350.000.000) 2026-06-02 16:51:56 Job executing on host: <10.128.11.26:32775?addrs=10.128.11.26-32775&alias=n-smbc-07.icecube.wisc.edu>
	SlotName: slot1_25@n-smbc-07.icecube.wisc.edu
	admin_mutex_1 = 0
	admin_mutex_2 = 0
	admin_mutex_3 = 0
	CondorScratchDir = "/scratch/condor/dir_688662"
	Cpus = 1
	Disk = 3072
	GPUs = 0
	machine_token = 0
	Memory = 6016
...
006 (19535350.000.000) 2026-06-02 16:52:10 Image size of job updated: 120204
	118  -  MemoryUsage of job (MB)
	120204  -  ResidentSetSize of job (KB)
...
006 (19535350.000.000) 2026-06-02 16:57:11 Image size of job updated: 146560
	144  -  MemoryUsage of job (MB)
	146560  -  ResidentSetSize of job (KB)
...
006 (19535350.000.000) 2026-06-02 17:02:11 Image size of job updated: 171104
	168  -  MemoryUsage of job (MB)
	171104  -  ResidentSetSize of job (KB)
...
006 (19535350.000.000) 2026-06-02 17:07:12 Image size of job updated: 304048
	297  -  MemoryUsage of job (MB)
	304048  -  ResidentSetSize of job (KB)
...
006 (19535350.000.000) 2026-06-02 17:12:13 Image size of job updated: 458948
	449  -  MemoryUsage of job (MB)
	458948  -  ResidentSetSize of job (KB)
...
006 (19535350.000.000) 2026-06-02 17:17:13 Image size of job updated: 810612
	792  -  MemoryUsage of job (MB)
	810612  -  ResidentSetSize of job (KB)
...
006 (19535350.000.000) 2026-06-02 17:20:02 Image size of job updated: 830740
	792  -  MemoryUsage of job (MB)
	810612  -  ResidentSetSize of job (KB)
...
005 (19535350.000.000) 2026-06-02 17:20:02 Job terminated.
	(1) Normal termination (return value 0)
		Usr 0 00:27:13, Sys 0 00:00:15  -  Run Remote Usage
		Usr 0 00:00:00, Sys 0 00:00:00  -  Run Local Usage
		Usr 0 00:27:13, Sys 0 00:00:15  -  Total Remote Usage
		Usr 0 00:00:00, Sys 0 00:00:00  -  Total Local Usage
	0  -  Run Bytes Sent By Job
	0  -  Run Bytes Received By Job
	0  -  Total Bytes Sent By Job
	0  -  Total Bytes Received By Job
	Partitionable Resources :    Usage  Request Allocated 
	   admin_mutex_1         :                           0 
	   admin_mutex_2         :                           0 
	   admin_mutex_3         :                           0 
	   Cpus                  :     0.99        1         1 
	   Disk (KB)             :    10        2048      3072 
	   GPUs                  :                           0 
	   machine_token         :                           0 
	   Memory (MB)           :   792        6000      6016 
	   TimeExecute (s)       :  1686                       
	   TimeSlotBusy (s)      :  1686                       

	Job terminated of its own accord at 2026-06-02T22:20:02Z with exit-code 0.
...
