000 (19537115.000.000) 2026-06-02 15:57:58 Job submitted from host: <10.128.10.103:9618?addrs=10.128.10.103-9618&alias=npx-submitter.icecube.wisc.edu&noUDP&sock=schedd_2449_6386>
    DAG Node: Drootprod_20161122_41140
...
001 (19537115.000.000) 2026-06-02 17:31:53 Job executing on host: <10.128.10.190:46289?addrs=10.128.10.190-46289&alias=n-smepyc-03.icecube.wisc.edu>
	SlotName: slot1_34@n-smepyc-03.icecube.wisc.edu
	admin_mutex_1 = 0
	admin_mutex_2 = 0
	admin_mutex_3 = 0
	CondorScratchDir = "/scratch/condor/dir_3857878"
	Cpus = 1
	Disk = 3072
	GPUs = 0
	machine_token = 0
	Memory = 6016
...
006 (19537115.000.000) 2026-06-02 17:32:08 Image size of job updated: 122900
	121  -  MemoryUsage of job (MB)
	122900  -  ResidentSetSize of job (KB)
...
006 (19537115.000.000) 2026-06-02 17:37:08 Image size of job updated: 177872
	174  -  MemoryUsage of job (MB)
	177872  -  ResidentSetSize of job (KB)
...
006 (19537115.000.000) 2026-06-02 17:42:08 Image size of job updated: 470076
	460  -  MemoryUsage of job (MB)
	470076  -  ResidentSetSize of job (KB)
...
006 (19537115.000.000) 2026-06-02 17:42:43 Image size of job updated: 647068
	460  -  MemoryUsage of job (MB)
	470076  -  ResidentSetSize of job (KB)
...
005 (19537115.000.000) 2026-06-02 17:42:43 Job terminated.
	(1) Normal termination (return value 0)
		Usr 0 00:10:17, Sys 0 00:00:10  -  Run Remote Usage
		Usr 0 00:00:00, Sys 0 00:00:00  -  Run Local Usage
		Usr 0 00:10:17, Sys 0 00:00:10  -  Total Remote Usage
		Usr 0 00:00:00, Sys 0 00:00:00  -  Total Local Usage
	0  -  Run Bytes Sent By Job
	0  -  Run Bytes Received By Job
	0  -  Total Bytes Sent By Job
	0  -  Total Bytes Received By Job
	Partitionable Resources :    Usage  Request Allocated 
	   admin_mutex_1         :                           0 
	   admin_mutex_2         :                           0 
	   admin_mutex_3         :                           0 
	   Cpus                  :     0.98        1         1 
	   Disk (KB)             :    12        2048      3072 
	   GPUs                  :                           0 
	   machine_token         :                           0 
	   Memory (MB)           :   460        6000      6016 
	   TimeExecute (s)       :   650                       
	   TimeSlotBusy (s)      :   650                       

	Job terminated of its own accord at 2026-06-02T22:42:43Z with exit-code 0.
...
