000 (19535609.000.000) 2026-06-02 15:54:43 Job submitted from host: <10.128.10.103:9618?addrs=10.128.10.103-9618&alias=npx-submitter.icecube.wisc.edu&noUDP&sock=schedd_2449_6386>
    DAG Node: Drootprod_20160810_36139
...
001 (19535609.000.000) 2026-06-02 16:56:13 Job executing on host: <10.128.10.188:45333?addrs=10.128.10.188-45333&alias=n-smepyc-01.icecube.wisc.edu>
	SlotName: slot1_68@n-smepyc-01.icecube.wisc.edu
	admin_mutex_1 = 0
	admin_mutex_2 = 0
	admin_mutex_3 = 0
	CondorScratchDir = "/scratch/condor/dir_4075574"
	Cpus = 1
	Disk = 3072
	GPUs = 0
	machine_token = 0
	Memory = 6016
...
006 (19535609.000.000) 2026-06-02 16:56:26 Image size of job updated: 123708
	121  -  MemoryUsage of job (MB)
	123708  -  ResidentSetSize of job (KB)
...
006 (19535609.000.000) 2026-06-02 17:01:26 Image size of job updated: 177752
	174  -  MemoryUsage of job (MB)
	177752  -  ResidentSetSize of job (KB)
...
006 (19535609.000.000) 2026-06-02 17:06:26 Image size of job updated: 467020
	457  -  MemoryUsage of job (MB)
	467020  -  ResidentSetSize of job (KB)
...
006 (19535609.000.000) 2026-06-02 17:08:23 Image size of job updated: 808828
	457  -  MemoryUsage of job (MB)
	467020  -  ResidentSetSize of job (KB)
...
005 (19535609.000.000) 2026-06-02 17:08:23 Job terminated.
	(1) Normal termination (return value 0)
		Usr 0 00:11:15, Sys 0 00:00:11  -  Run Remote Usage
		Usr 0 00:00:00, Sys 0 00:00:00  -  Run Local Usage
		Usr 0 00:11:15, Sys 0 00:00:11  -  Total Remote Usage
		Usr 0 00:00:00, Sys 0 00:00:00  -  Total Local Usage
	0  -  Run Bytes Sent By Job
	0  -  Run Bytes Received By Job
	0  -  Total Bytes Sent By Job
	0  -  Total Bytes Received By Job
	Partitionable Resources :    Usage  Request Allocated 
	   admin_mutex_1         :                           0 
	   admin_mutex_2         :                           0 
	   admin_mutex_3         :                           0 
	   Cpus                  :     0.67        1         1 
	   Disk (KB)             :    10        2048      3072 
	   GPUs                  :                           0 
	   machine_token         :                           0 
	   Memory (MB)           :   457        6000      6016 
	   TimeExecute (s)       :   730                       
	   TimeSlotBusy (s)      :   730                       

	Job terminated of its own accord at 2026-06-02T22:08:23Z with exit-code 0.
...
