000 (19536041.000.000) 2026-06-02 15:55:37 Job submitted from host: <10.128.10.103:9618?addrs=10.128.10.103-9618&alias=npx-submitter.icecube.wisc.edu&noUDP&sock=schedd_2449_6386>
    DAG Node: Drootprod_20160908_39868
...
001 (19536041.000.000) 2026-06-02 17:12:36 Job executing on host: <10.128.10.191:42321?addrs=10.128.10.191-42321&alias=n-smepyc-04.icecube.wisc.edu>
	SlotName: slot1_74@n-smepyc-04.icecube.wisc.edu
	admin_mutex_1 = 0
	admin_mutex_2 = 0
	admin_mutex_3 = 0
	CondorScratchDir = "/scratch/condor/dir_312819"
	Cpus = 1
	Disk = 3072
	GPUs = 0
	machine_token = 0
	Memory = 6016
...
006 (19536041.000.000) 2026-06-02 17:12:50 Image size of job updated: 123540
	121  -  MemoryUsage of job (MB)
	123540  -  ResidentSetSize of job (KB)
...
006 (19536041.000.000) 2026-06-02 17:17:51 Image size of job updated: 171076
	168  -  MemoryUsage of job (MB)
	171076  -  ResidentSetSize of job (KB)
...
006 (19536041.000.000) 2026-06-02 17:22:51 Image size of job updated: 470052
	460  -  MemoryUsage of job (MB)
	470052  -  ResidentSetSize of job (KB)
...
006 (19536041.000.000) 2026-06-02 17:25:13 Image size of job updated: 841620
	460  -  MemoryUsage of job (MB)
	470052  -  ResidentSetSize of job (KB)
...
005 (19536041.000.000) 2026-06-02 17:25:13 Job terminated.
	(1) Normal termination (return value 0)
		Usr 0 00:12:03, Sys 0 00:00:11  -  Run Remote Usage
		Usr 0 00:00:00, Sys 0 00:00:00  -  Run Local Usage
		Usr 0 00:12:03, Sys 0 00:00:11  -  Total Remote Usage
		Usr 0 00:00:00, Sys 0 00:00:00  -  Total Local Usage
	0  -  Run Bytes Sent By Job
	0  -  Run Bytes Received By Job
	0  -  Total Bytes Sent By Job
	0  -  Total Bytes Received By Job
	Partitionable Resources :    Usage  Request Allocated 
	   admin_mutex_1         :                           0 
	   admin_mutex_2         :                           0 
	   admin_mutex_3         :                           0 
	   Cpus                  :     0.52        1         1 
	   Disk (KB)             :    10        2048      3072 
	   GPUs                  :                           0 
	   machine_token         :                           0 
	   Memory (MB)           :   460        6000      6016 
	   TimeExecute (s)       :   757                       
	   TimeSlotBusy (s)      :   757                       

	Job terminated of its own accord at 2026-06-02T22:25:13Z with exit-code 0.
...
