000 (19533565.000.000) 2026-06-02 15:50:40 Job submitted from host: <10.128.10.103:9618?addrs=10.128.10.103-9618&alias=npx-submitter.icecube.wisc.edu&noUDP&sock=schedd_2449_6386>
    DAG Node: Drootprod_20160402_38202
...
001 (19533565.000.000) 2026-06-02 16:16:55 Job executing on host: <10.128.10.85:45047?addrs=10.128.10.85-45047&alias=n-r710-24.icecube.wisc.edu>
	SlotName: slot1_9@n-r710-24.icecube.wisc.edu
	admin_mutex_1 = 0
	admin_mutex_2 = 0
	admin_mutex_3 = 0
	CondorScratchDir = "/scratch/condor/dir_778104"
	Cpus = 1
	Disk = 3072
	GPUs = 0
	machine_token = 0
	Memory = 6016
...
006 (19533565.000.000) 2026-06-02 16:17:08 Image size of job updated: 119996
	118  -  MemoryUsage of job (MB)
	119996  -  ResidentSetSize of job (KB)
...
006 (19533565.000.000) 2026-06-02 16:22:08 Image size of job updated: 145384
	142  -  MemoryUsage of job (MB)
	145384  -  ResidentSetSize of job (KB)
...
006 (19533565.000.000) 2026-06-02 16:27:09 Image size of job updated: 162972
	160  -  MemoryUsage of job (MB)
	162972  -  ResidentSetSize of job (KB)
...
006 (19533565.000.000) 2026-06-02 16:32:10 Image size of job updated: 276168
	270  -  MemoryUsage of job (MB)
	276168  -  ResidentSetSize of job (KB)
...
006 (19533565.000.000) 2026-06-02 16:37:10 Image size of job updated: 425752
	416  -  MemoryUsage of job (MB)
	425752  -  ResidentSetSize of job (KB)
...
006 (19533565.000.000) 2026-06-02 16:39:53 Image size of job updated: 444516
	416  -  MemoryUsage of job (MB)
	425752  -  ResidentSetSize of job (KB)
...
005 (19533565.000.000) 2026-06-02 16:39:53 Job terminated.
	(1) Normal termination (return value 0)
		Usr 0 00:21:46, Sys 0 00:00:16  -  Run Remote Usage
		Usr 0 00:00:00, Sys 0 00:00:00  -  Run Local Usage
		Usr 0 00:21:46, Sys 0 00:00:16  -  Total Remote Usage
		Usr 0 00:00:00, Sys 0 00:00:00  -  Total Local Usage
	0  -  Run Bytes Sent By Job
	0  -  Run Bytes Received By Job
	0  -  Total Bytes Sent By Job
	0  -  Total Bytes Received By Job
	Partitionable Resources :    Usage  Request Allocated 
	   admin_mutex_1         :                           0 
	   admin_mutex_2         :                           0 
	   admin_mutex_3         :                           0 
	   Cpus                  :     0.94        1         1 
	   Disk (KB)             :    10        2048      3072 
	   GPUs                  :                           0 
	   machine_token         :                           0 
	   Memory (MB)           :   416        6000      6016 
	   TimeExecute (s)       :  1378                       
	   TimeSlotBusy (s)      :  1378                       

	Job terminated of its own accord at 2026-06-02T21:39:53Z with exit-code 0.
...
