000 (19533068.000.000) 2026-06-02 15:49:32 Job submitted from host: <10.128.10.103:9618?addrs=10.128.10.103-9618&alias=npx-submitter.icecube.wisc.edu&noUDP&sock=schedd_2449_6386>
    DAG Node: Drootprod_20160226_286
...
001 (19533068.000.000) 2026-06-02 16:02:26 Job executing on host: <10.128.10.191:42321?addrs=10.128.10.191-42321&alias=n-smepyc-04.icecube.wisc.edu>
	SlotName: slot1_19@n-smepyc-04.icecube.wisc.edu
	admin_mutex_1 = 0
	admin_mutex_2 = 0
	admin_mutex_3 = 0
	CondorScratchDir = "/scratch/condor/dir_30928"
	Cpus = 1
	Disk = 3072
	GPUs = 0
	machine_token = 0
	Memory = 6016
...
006 (19533068.000.000) 2026-06-02 16:02:40 Image size of job updated: 122908
	121  -  MemoryUsage of job (MB)
	122908  -  ResidentSetSize of job (KB)
...
006 (19533068.000.000) 2026-06-02 16:07:41 Image size of job updated: 165232
	162  -  MemoryUsage of job (MB)
	165232  -  ResidentSetSize of job (KB)
...
006 (19533068.000.000) 2026-06-02 16:12:22 Image size of job updated: 409968
	162  -  MemoryUsage of job (MB)
	165232  -  ResidentSetSize of job (KB)
...
005 (19533068.000.000) 2026-06-02 16:12:22 Job terminated.
	(1) Normal termination (return value 0)
		Usr 0 00:09:09, Sys 0 00:00:08  -  Run Remote Usage
		Usr 0 00:00:00, Sys 0 00:00:00  -  Run Local Usage
		Usr 0 00:09:09, Sys 0 00:00:08  -  Total Remote Usage
		Usr 0 00:00:00, Sys 0 00:00:00  -  Total Local Usage
	0  -  Run Bytes Sent By Job
	0  -  Run Bytes Received By Job
	0  -  Total Bytes Sent By Job
	0  -  Total Bytes Received By Job
	Partitionable Resources :    Usage  Request Allocated 
	   admin_mutex_1         :                           0 
	   admin_mutex_2         :                           0 
	   admin_mutex_3         :                           0 
	   Cpus                  :     0.92        1         1 
	   Disk (KB)             :    10        2048      3072 
	   GPUs                  :                           0 
	   machine_token         :                           0 
	   Memory (MB)           :   162        6000      6016 
	   TimeExecute (s)       :   596                       
	   TimeSlotBusy (s)      :   596                       

	Job terminated of its own accord at 2026-06-02T21:12:22Z with exit-code 0.
...
