000 (19535232.000.000) 2026-06-02 15:53:53 Job submitted from host: <10.128.10.103:9618?addrs=10.128.10.103-9618&alias=npx-submitter.icecube.wisc.edu&noUDP&sock=schedd_2449_6386>
    DAG Node: Drootprod_20160712_70113
...
001 (19535232.000.000) 2026-06-02 16:48:39 Job executing on host: <10.128.10.190:46289?addrs=10.128.10.190-46289&alias=n-smepyc-03.icecube.wisc.edu>
	SlotName: slot1_59@n-smepyc-03.icecube.wisc.edu
	admin_mutex_1 = 0
	admin_mutex_2 = 0
	admin_mutex_3 = 0
	CondorScratchDir = "/scratch/condor/dir_3690814"
	Cpus = 1
	Disk = 3072
	GPUs = 0
	machine_token = 0
	Memory = 6016
...
006 (19535232.000.000) 2026-06-02 16:48:52 Image size of job updated: 123044
	121  -  MemoryUsage of job (MB)
	123044  -  ResidentSetSize of job (KB)
...
006 (19535232.000.000) 2026-06-02 16:53:52 Image size of job updated: 179692
	176  -  MemoryUsage of job (MB)
	179692  -  ResidentSetSize of job (KB)
...
006 (19535232.000.000) 2026-06-02 16:58:53 Image size of job updated: 477896
	467  -  MemoryUsage of job (MB)
	477896  -  ResidentSetSize of job (KB)
...
006 (19535232.000.000) 2026-06-02 17:00:02 Image size of job updated: 824852
	467  -  MemoryUsage of job (MB)
	477896  -  ResidentSetSize of job (KB)
...
005 (19535232.000.000) 2026-06-02 17:00:02 Job terminated.
	(1) Normal termination (return value 0)
		Usr 0 00:10:49, Sys 0 00:00:11  -  Run Remote Usage
		Usr 0 00:00:00, Sys 0 00:00:00  -  Run Local Usage
		Usr 0 00:10:49, Sys 0 00:00:11  -  Total Remote Usage
		Usr 0 00:00:00, Sys 0 00:00:00  -  Total Local Usage
	0  -  Run Bytes Sent By Job
	0  -  Run Bytes Received By Job
	0  -  Total Bytes Sent By Job
	0  -  Total Bytes Received By Job
	Partitionable Resources :    Usage  Request Allocated 
	   admin_mutex_1         :                           0 
	   admin_mutex_2         :                           0 
	   admin_mutex_3         :                           0 
	   Cpus                  :     0.95        1         1 
	   Disk (KB)             :    10        2048      3072 
	   GPUs                  :                           0 
	   machine_token         :                           0 
	   Memory (MB)           :   467        6000      6016 
	   TimeExecute (s)       :   683                       
	   TimeSlotBusy (s)      :   683                       

	Job terminated of its own accord at 2026-06-02T22:00:02Z with exit-code 0.
...
