000 (19535061.000.000) 2026-06-02 15:53:34 Job submitted from host: <10.128.10.103:9618?addrs=10.128.10.103-9618&alias=npx-submitter.icecube.wisc.edu&noUDP&sock=schedd_2449_6386>
    DAG Node: Drootprod_20160703_50294
...
001 (19535061.000.000) 2026-06-02 16:45:56 Job executing on host: <10.128.10.189:44027?addrs=10.128.10.189-44027&alias=n-smepyc-02.icecube.wisc.edu>
	SlotName: slot1_3@n-smepyc-02.icecube.wisc.edu
	admin_mutex_1 = 0
	admin_mutex_2 = 0
	admin_mutex_3 = 0
	CondorScratchDir = "/scratch/condor/dir_437677"
	Cpus = 1
	Disk = 3072
	GPUs = 0
	machine_token = 0
	Memory = 6016
...
006 (19535061.000.000) 2026-06-02 16:46:09 Image size of job updated: 123504
	121  -  MemoryUsage of job (MB)
	123504  -  ResidentSetSize of job (KB)
...
006 (19535061.000.000) 2026-06-02 16:51:09 Image size of job updated: 171340
	168  -  MemoryUsage of job (MB)
	171340  -  ResidentSetSize of job (KB)
...
006 (19535061.000.000) 2026-06-02 16:56:10 Image size of job updated: 468928
	458  -  MemoryUsage of job (MB)
	468928  -  ResidentSetSize of job (KB)
...
006 (19535061.000.000) 2026-06-02 16:59:17 Image size of job updated: 843068
	458  -  MemoryUsage of job (MB)
	468928  -  ResidentSetSize of job (KB)
...
005 (19535061.000.000) 2026-06-02 16:59:17 Job terminated.
	(1) Normal termination (return value 0)
		Usr 0 00:12:43, Sys 0 00:00:12  -  Run Remote Usage
		Usr 0 00:00:00, Sys 0 00:00:00  -  Run Local Usage
		Usr 0 00:12:43, Sys 0 00:00:12  -  Total Remote Usage
		Usr 0 00:00:00, Sys 0 00:00:00  -  Total Local Usage
	0  -  Run Bytes Sent By Job
	0  -  Run Bytes Received By Job
	0  -  Total Bytes Sent By Job
	0  -  Total Bytes Received By Job
	Partitionable Resources :    Usage  Request Allocated 
	   admin_mutex_1         :                           0 
	   admin_mutex_2         :                           0 
	   admin_mutex_3         :                           0 
	   Cpus                  :     0.97        1         1 
	   Disk (KB)             :    10        2048      3072 
	   GPUs                  :                           0 
	   machine_token         :                           0 
	   Memory (MB)           :   458        6000      6016 
	   TimeExecute (s)       :   801                       
	   TimeSlotBusy (s)      :   801                       

	Job terminated of its own accord at 2026-06-02T21:59:17Z with exit-code 0.
...
