000 (19536121.000.000) 2026-06-02 15:55:47 Job submitted from host: <10.128.10.103:9618?addrs=10.128.10.103-9618&alias=npx-submitter.icecube.wisc.edu&noUDP&sock=schedd_2449_6386>
    DAG Node: Drootprod_20160913_97546
...
001 (19536121.000.000) 2026-06-02 17:14:32 Job executing on host: <10.128.10.117:43719?addrs=10.128.10.117-43719&alias=n-gibyte-02.icecube.wisc.edu>
	SlotName: slot1_320@n-gibyte-02.icecube.wisc.edu
	admin_mutex_1 = 0
	admin_mutex_2 = 0
	admin_mutex_3 = 0
	CondorScratchDir = "/scratch/condor/dir_3635556"
	Cpus = 1
	Disk = 5480
	GPUs = 0
	machine_token = 0
	Memory = 6016
...
006 (19536121.000.000) 2026-06-02 17:14:45 Image size of job updated: 119924
	118  -  MemoryUsage of job (MB)
	119924  -  ResidentSetSize of job (KB)
...
006 (19536121.000.000) 2026-06-02 17:19:45 Image size of job updated: 146120
	143  -  MemoryUsage of job (MB)
	146120  -  ResidentSetSize of job (KB)
...
006 (19536121.000.000) 2026-06-02 17:24:46 Image size of job updated: 167568
	164  -  MemoryUsage of job (MB)
	167568  -  ResidentSetSize of job (KB)
...
006 (19536121.000.000) 2026-06-02 17:29:46 Image size of job updated: 301176
	295  -  MemoryUsage of job (MB)
	301176  -  ResidentSetSize of job (KB)
...
006 (19536121.000.000) 2026-06-02 17:34:47 Image size of job updated: 456868
	447  -  MemoryUsage of job (MB)
	456868  -  ResidentSetSize of job (KB)
...
006 (19536121.000.000) 2026-06-02 17:39:48 Image size of job updated: 807892
	789  -  MemoryUsage of job (MB)
	807892  -  ResidentSetSize of job (KB)
...
006 (19536121.000.000) 2026-06-02 17:43:18 Image size of job updated: 831816
	789  -  MemoryUsage of job (MB)
	807892  -  ResidentSetSize of job (KB)
...
005 (19536121.000.000) 2026-06-02 17:43:18 Job terminated.
	(1) Normal termination (return value 0)
		Usr 0 00:27:36, Sys 0 00:00:18  -  Run Remote Usage
		Usr 0 00:00:00, Sys 0 00:00:00  -  Run Local Usage
		Usr 0 00:27:36, Sys 0 00:00:18  -  Total Remote Usage
		Usr 0 00:00:00, Sys 0 00:00:00  -  Total Local Usage
	0  -  Run Bytes Sent By Job
	0  -  Run Bytes Received By Job
	0  -  Total Bytes Sent By Job
	0  -  Total Bytes Received By Job
	Partitionable Resources :    Usage  Request Allocated 
	   admin_mutex_1         :                           0 
	   admin_mutex_2         :                           0 
	   admin_mutex_3         :                           0 
	   Cpus                  :     0.97        1         1 
	   Disk (KB)             :    10        2048      5480 
	   GPUs                  :                           0 
	   machine_token         :                           0 
	   Memory (MB)           :   789        6000      6016 
	   TimeExecute (s)       :  1726                       
	   TimeSlotBusy (s)      :  1727                       

	Job terminated of its own accord at 2026-06-02T22:43:18Z with exit-code 0.
...
