000 (19536634.000.000) 2026-06-02 15:56:53 Job submitted from host: <10.128.10.103:9618?addrs=10.128.10.103-9618&alias=npx-submitter.icecube.wisc.edu&noUDP&sock=schedd_2449_6386>
    DAG Node: Drootprod_20161018_84464
...
001 (19536634.000.000) 2026-06-02 17:24:23 Job executing on host: <10.128.10.117:43719?addrs=10.128.10.117-43719&alias=n-gibyte-02.icecube.wisc.edu>
	SlotName: slot1_19@n-gibyte-02.icecube.wisc.edu
	admin_mutex_1 = 0
	admin_mutex_2 = 0
	admin_mutex_3 = 0
	CondorScratchDir = "/scratch/condor/dir_3682393"
	Cpus = 1
	Disk = 5480
	GPUs = 0
	machine_token = 0
	Memory = 6016
...
006 (19536634.000.000) 2026-06-02 17:24:36 Image size of job updated: 119348
	117  -  MemoryUsage of job (MB)
	119348  -  ResidentSetSize of job (KB)
...
006 (19536634.000.000) 2026-06-02 17:29:36 Image size of job updated: 142496
	140  -  MemoryUsage of job (MB)
	142496  -  ResidentSetSize of job (KB)
...
006 (19536634.000.000) 2026-06-02 17:34:37 Image size of job updated: 160940
	158  -  MemoryUsage of job (MB)
	160940  -  ResidentSetSize of job (KB)
...
006 (19536634.000.000) 2026-06-02 17:39:37 Image size of job updated: 180760
	177  -  MemoryUsage of job (MB)
	180760  -  ResidentSetSize of job (KB)
...
006 (19536634.000.000) 2026-06-02 17:44:38 Image size of job updated: 306720
	300  -  MemoryUsage of job (MB)
	306720  -  ResidentSetSize of job (KB)
...
006 (19536634.000.000) 2026-06-02 17:49:38 Image size of job updated: 458364
	448  -  MemoryUsage of job (MB)
	458364  -  ResidentSetSize of job (KB)
...
006 (19536634.000.000) 2026-06-02 17:54:39 Image size of job updated: 478220
	468  -  MemoryUsage of job (MB)
	478220  -  ResidentSetSize of job (KB)
...
006 (19536634.000.000) 2026-06-02 17:59:39 Image size of job updated: 831780
	813  -  MemoryUsage of job (MB)
	831780  -  ResidentSetSize of job (KB)
...
005 (19536634.000.000) 2026-06-02 17:59:42 Job terminated.
	(1) Normal termination (return value 0)
		Usr 0 00:33:59, Sys 0 00:00:20  -  Run Remote Usage
		Usr 0 00:00:00, Sys 0 00:00:00  -  Run Local Usage
		Usr 0 00:33:59, Sys 0 00:00:20  -  Total Remote Usage
		Usr 0 00:00:00, Sys 0 00:00:00  -  Total Local Usage
	0  -  Run Bytes Sent By Job
	0  -  Run Bytes Received By Job
	0  -  Total Bytes Sent By Job
	0  -  Total Bytes Received By Job
	Partitionable Resources :    Usage  Request Allocated 
	   admin_mutex_1         :                           0 
	   admin_mutex_2         :                           0 
	   admin_mutex_3         :                           0 
	   Cpus                  :     0.99        1         1 
	   Disk (KB)             :    10        2048      5480 
	   GPUs                  :                           0 
	   machine_token         :                           0 
	   Memory (MB)           :   813        6000      6016 
	   TimeExecute (s)       :  2119                       
	   TimeSlotBusy (s)      :  2120                       

	Job terminated of its own accord at 2026-06-02T22:59:42Z with exit-code 0.
...
