000 (19532580.000.000) 2026-06-02 15:48:06 Job submitted from host: <10.128.10.103:9618?addrs=10.128.10.103-9618&alias=npx-submitter.icecube.wisc.edu&noUDP&sock=schedd_2449_6386>
    DAG Node: Drootprod_20160112_28330
...
001 (19532580.000.000) 2026-06-02 15:48:14 Job executing on host: <10.128.10.116:38163?addrs=10.128.10.116-38163&alias=n-gibyte-01.icecube.wisc.edu>
	SlotName: slot1_407@n-gibyte-01.icecube.wisc.edu
	admin_mutex_1 = 0
	admin_mutex_2 = 0
	admin_mutex_3 = 0
	CondorScratchDir = "/scratch/condor/dir_2356442"
	Cpus = 1
	Disk = 5480
	GPUs = 0
	machine_token = 0
	Memory = 6016
...
006 (19532580.000.000) 2026-06-02 15:48:22 Image size of job updated: 119328
	117  -  MemoryUsage of job (MB)
	119328  -  ResidentSetSize of job (KB)
...
006 (19532580.000.000) 2026-06-02 15:53:22 Image size of job updated: 139856
	137  -  MemoryUsage of job (MB)
	139856  -  ResidentSetSize of job (KB)
...
006 (19532580.000.000) 2026-06-02 15:58:23 Image size of job updated: 156924
	154  -  MemoryUsage of job (MB)
	156924  -  ResidentSetSize of job (KB)
...
006 (19532580.000.000) 2026-06-02 16:03:23 Image size of job updated: 172668
	169  -  MemoryUsage of job (MB)
	172668  -  ResidentSetSize of job (KB)
...
006 (19532580.000.000) 2026-06-02 16:08:24 Image size of job updated: 283192
	277  -  MemoryUsage of job (MB)
	283192  -  ResidentSetSize of job (KB)
...
006 (19532580.000.000) 2026-06-02 16:13:24 Image size of job updated: 410012
	401  -  MemoryUsage of job (MB)
	410012  -  ResidentSetSize of job (KB)
...
006 (19532580.000.000) 2026-06-02 16:18:25 Image size of job updated: 564336
	552  -  MemoryUsage of job (MB)
	564336  -  ResidentSetSize of job (KB)
...
006 (19532580.000.000) 2026-06-02 16:21:09 Image size of job updated: 724604
	552  -  MemoryUsage of job (MB)
	564336  -  ResidentSetSize of job (KB)
...
005 (19532580.000.000) 2026-06-02 16:21:09 Job terminated.
	(1) Normal termination (return value 0)
		Usr 0 00:31:23, Sys 0 00:00:17  -  Run Remote Usage
		Usr 0 00:00:00, Sys 0 00:00:00  -  Run Local Usage
		Usr 0 00:31:23, Sys 0 00:00:17  -  Total Remote Usage
		Usr 0 00:00:00, Sys 0 00:00:00  -  Total Local Usage
	0  -  Run Bytes Sent By Job
	0  -  Run Bytes Received By Job
	0  -  Total Bytes Sent By Job
	0  -  Total Bytes Received By Job
	Partitionable Resources :    Usage  Request Allocated 
	   admin_mutex_1         :                           0 
	   admin_mutex_2         :                           0 
	   admin_mutex_3         :                           0 
	   Cpus                  :     0.98        1         1 
	   Disk (KB)             :    15        2048      5480 
	   GPUs                  :                           0 
	   machine_token         :                           0 
	   Memory (MB)           :   552        6000      6016 
	   TimeExecute (s)       :  1975                       
	   TimeSlotBusy (s)      :  1976                       

	Job terminated of its own accord at 2026-06-02T21:21:09Z with exit-code 0.
...
