000 (19532748.000.000) 2026-06-02 15:48:39 Job submitted from host: <10.128.10.103:9618?addrs=10.128.10.103-9618&alias=npx-submitter.icecube.wisc.edu&noUDP&sock=schedd_2449_6386>
    DAG Node: Drootprod_20160129_77914
...
001 (19532748.000.000) 2026-06-02 15:50:05 Job executing on host: <10.128.10.116:38163?addrs=10.128.10.116-38163&alias=n-gibyte-01.icecube.wisc.edu>
	SlotName: slot1_183@n-gibyte-01.icecube.wisc.edu
	admin_mutex_1 = 0
	admin_mutex_2 = 0
	admin_mutex_3 = 0
	CondorScratchDir = "/scratch/condor/dir_2378692"
	Cpus = 1
	Disk = 5480
	GPUs = 0
	machine_token = 0
	Memory = 6016
...
006 (19532748.000.000) 2026-06-02 15:50:18 Image size of job updated: 118968
	117  -  MemoryUsage of job (MB)
	118968  -  ResidentSetSize of job (KB)
...
006 (19532748.000.000) 2026-06-02 15:55:18 Image size of job updated: 140676
	138  -  MemoryUsage of job (MB)
	140676  -  ResidentSetSize of job (KB)
...
006 (19532748.000.000) 2026-06-02 16:00:18 Image size of job updated: 159348
	156  -  MemoryUsage of job (MB)
	159348  -  ResidentSetSize of job (KB)
...
006 (19532748.000.000) 2026-06-02 16:05:19 Image size of job updated: 271464
	266  -  MemoryUsage of job (MB)
	271464  -  ResidentSetSize of job (KB)
...
006 (19532748.000.000) 2026-06-02 16:10:19 Image size of job updated: 290200
	284  -  MemoryUsage of job (MB)
	290200  -  ResidentSetSize of job (KB)
...
006 (19532748.000.000) 2026-06-02 16:14:32 Image size of job updated: 432376
	284  -  MemoryUsage of job (MB)
	290200  -  ResidentSetSize of job (KB)
...
005 (19532748.000.000) 2026-06-02 16:14:32 Job terminated.
	(1) Normal termination (return value 0)
		Usr 0 00:23:07, Sys 0 00:00:14  -  Run Remote Usage
		Usr 0 00:00:00, Sys 0 00:00:00  -  Run Local Usage
		Usr 0 00:23:07, Sys 0 00:00:14  -  Total Remote Usage
		Usr 0 00:00:00, Sys 0 00:00:00  -  Total Local Usage
	0  -  Run Bytes Sent By Job
	0  -  Run Bytes Received By Job
	0  -  Total Bytes Sent By Job
	0  -  Total Bytes Received By Job
	Partitionable Resources :    Usage  Request Allocated 
	   admin_mutex_1         :                           0 
	   admin_mutex_2         :                           0 
	   admin_mutex_3         :                           0 
	   Cpus                  :     0.99        1         1 
	   Disk (KB)             :    12        2048      5480 
	   GPUs                  :                           0 
	   machine_token         :                           0 
	   Memory (MB)           :   284        6000      6016 
	   TimeExecute (s)       :  1467                       
	   TimeSlotBusy (s)      :  1468                       

	Job terminated of its own accord at 2026-06-02T21:14:32Z with exit-code 0.
...
