000 (19533704.000.000) 2026-06-02 15:50:58 Job submitted from host: <10.128.10.103:9618?addrs=10.128.10.103-9618&alias=npx-submitter.icecube.wisc.edu&noUDP&sock=schedd_2449_6386>
    DAG Node: Drootprod_20160410_2470
...
001 (19533704.000.000) 2026-06-02 16:19:51 Job executing on host: <10.128.11.119:37567?addrs=10.128.11.119-37567&alias=n-r720-59.icecube.wisc.edu>
	SlotName: slot1_12@n-r720-59.icecube.wisc.edu
	admin_mutex_1 = 0
	admin_mutex_2 = 0
	admin_mutex_3 = 0
	CondorScratchDir = "/scratch/condor/dir_4117171"
	Cpus = 1
	Disk = 3072
	GPUs = 0
	machine_token = 0
	Memory = 6016
...
006 (19533704.000.000) 2026-06-02 16:20:04 Image size of job updated: 119112
	117  -  MemoryUsage of job (MB)
	119112  -  ResidentSetSize of job (KB)
...
006 (19533704.000.000) 2026-06-02 16:25:04 Image size of job updated: 143968
	141  -  MemoryUsage of job (MB)
	143968  -  ResidentSetSize of job (KB)
...
006 (19533704.000.000) 2026-06-02 16:30:05 Image size of job updated: 164352
	161  -  MemoryUsage of job (MB)
	164352  -  ResidentSetSize of job (KB)
...
006 (19533704.000.000) 2026-06-02 16:35:05 Image size of job updated: 281836
	276  -  MemoryUsage of job (MB)
	281836  -  ResidentSetSize of job (KB)
...
006 (19533704.000.000) 2026-06-02 16:40:05 Image size of job updated: 429524
	420  -  MemoryUsage of job (MB)
	429524  -  ResidentSetSize of job (KB)
...
006 (19533704.000.000) 2026-06-02 16:44:19 Image size of job updated: 451944
	420  -  MemoryUsage of job (MB)
	429524  -  ResidentSetSize of job (KB)
...
005 (19533704.000.000) 2026-06-02 16:44:19 Job terminated.
	(1) Normal termination (return value 0)
		Usr 0 00:23:16, Sys 0 00:00:16  -  Run Remote Usage
		Usr 0 00:00:00, Sys 0 00:00:00  -  Run Local Usage
		Usr 0 00:23:16, Sys 0 00:00:16  -  Total Remote Usage
		Usr 0 00:00:00, Sys 0 00:00:00  -  Total Local Usage
	0  -  Run Bytes Sent By Job
	0  -  Run Bytes Received By Job
	0  -  Total Bytes Sent By Job
	0  -  Total Bytes Received By Job
	Partitionable Resources :    Usage  Request Allocated 
	   admin_mutex_1         :                           0 
	   admin_mutex_2         :                           0 
	   admin_mutex_3         :                           0 
	   Cpus                  :     0.99        1         1 
	   Disk (KB)             :    10        2048      3072 
	   GPUs                  :                           0 
	   machine_token         :                           0 
	   Memory (MB)           :   420        6000      6016 
	   TimeExecute (s)       :  1468                       
	   TimeSlotBusy (s)      :  1468                       

	Job terminated of its own accord at 2026-06-02T21:44:19Z with exit-code 0.
...
