000 (19537274.000.000) 2026-06-02 15:58:23 Job submitted from host: <10.128.10.103:9618?addrs=10.128.10.103-9618&alias=npx-submitter.icecube.wisc.edu&noUDP&sock=schedd_2449_6386>
    DAG Node: Drootprod_20161206_60750
...
001 (19537274.000.000) 2026-06-02 17:35:09 Job executing on host: <10.128.10.115:33587?addrs=10.128.10.115-33587&alias=n-gibyte-00.icecube.wisc.edu>
	SlotName: slot1_324@n-gibyte-00.icecube.wisc.edu
	admin_mutex_1 = 0
	admin_mutex_2 = 0
	admin_mutex_3 = 0
	CondorScratchDir = "/scratch/condor/dir_2429689"
	Cpus = 1
	Disk = 5480
	GPUs = 0
	machine_token = 0
	Memory = 6016
...
006 (19537274.000.000) 2026-06-02 17:35:22 Image size of job updated: 120152
	118  -  MemoryUsage of job (MB)
	120152  -  ResidentSetSize of job (KB)
...
006 (19537274.000.000) 2026-06-02 17:40:22 Image size of job updated: 150276
	147  -  MemoryUsage of job (MB)
	150276  -  ResidentSetSize of job (KB)
...
006 (19537274.000.000) 2026-06-02 17:45:22 Image size of job updated: 168812
	165  -  MemoryUsage of job (MB)
	168812  -  ResidentSetSize of job (KB)
...
006 (19537274.000.000) 2026-06-02 17:50:23 Image size of job updated: 295640
	289  -  MemoryUsage of job (MB)
	295640  -  ResidentSetSize of job (KB)
...
006 (19537274.000.000) 2026-06-02 17:55:23 Image size of job updated: 311268
	304  -  MemoryUsage of job (MB)
	311268  -  ResidentSetSize of job (KB)
...
006 (19537274.000.000) 2026-06-02 18:00:24 Image size of job updated: 461548
	451  -  MemoryUsage of job (MB)
	461548  -  ResidentSetSize of job (KB)
...
006 (19537274.000.000) 2026-06-02 18:02:07 Image size of job updated: 466132
	451  -  MemoryUsage of job (MB)
	461548  -  ResidentSetSize of job (KB)
...
005 (19537274.000.000) 2026-06-02 18:02:07 Job terminated.
	(1) Normal termination (return value 0)
		Usr 0 00:25:35, Sys 0 00:00:16  -  Run Remote Usage
		Usr 0 00:00:00, Sys 0 00:00:00  -  Run Local Usage
		Usr 0 00:25:35, Sys 0 00:00:16  -  Total Remote Usage
		Usr 0 00:00:00, Sys 0 00:00:00  -  Total Local Usage
	0  -  Run Bytes Sent By Job
	0  -  Run Bytes Received By Job
	0  -  Total Bytes Sent By Job
	0  -  Total Bytes Received By Job
	Partitionable Resources :    Usage  Request Allocated 
	   admin_mutex_1         :                           0 
	   admin_mutex_2         :                           0 
	   admin_mutex_3         :                           0 
	   Cpus                  :     0.99        1         1 
	   Disk (KB)             :    10        2048      5480 
	   GPUs                  :                           0 
	   machine_token         :                           0 
	   Memory (MB)           :   451        6000      6016 
	   TimeExecute (s)       :  1618                       
	   TimeSlotBusy (s)      :  1619                       

	Job terminated of its own accord at 2026-06-02T23:02:07Z with exit-code 0.
...
