000 (19533286.000.000) 2026-06-02 15:50:04 Job submitted from host: <10.128.10.103:9618?addrs=10.128.10.103-9618&alias=npx-submitter.icecube.wisc.edu&noUDP&sock=schedd_2449_6386>
    DAG Node: Drootprod_20160313_88845
...
001 (19533286.000.000) 2026-06-02 16:11:14 Job executing on host: <10.128.10.188:45333?addrs=10.128.10.188-45333&alias=n-smepyc-01.icecube.wisc.edu>
	SlotName: slot1_77@n-smepyc-01.icecube.wisc.edu
	admin_mutex_1 = 0
	admin_mutex_2 = 0
	admin_mutex_3 = 0
	CondorScratchDir = "/scratch/condor/dir_3903111"
	Cpus = 1
	Disk = 3072
	GPUs = 0
	machine_token = 0
	Memory = 6016
...
006 (19533286.000.000) 2026-06-02 16:11:28 Image size of job updated: 122284
	120  -  MemoryUsage of job (MB)
	122284  -  ResidentSetSize of job (KB)
...
006 (19533286.000.000) 2026-06-02 16:16:28 Image size of job updated: 166560
	163  -  MemoryUsage of job (MB)
	166560  -  ResidentSetSize of job (KB)
...
006 (19533286.000.000) 2026-06-02 16:21:28 Image size of job updated: 432956
	423  -  MemoryUsage of job (MB)
	432956  -  ResidentSetSize of job (KB)
...
006 (19533286.000.000) 2026-06-02 16:21:55 Image size of job updated: 436552
	423  -  MemoryUsage of job (MB)
	432956  -  ResidentSetSize of job (KB)
...
005 (19533286.000.000) 2026-06-02 16:21:55 Job terminated.
	(1) Normal termination (return value 0)
		Usr 0 00:09:45, Sys 0 00:00:10  -  Run Remote Usage
		Usr 0 00:00:00, Sys 0 00:00:00  -  Run Local Usage
		Usr 0 00:09:45, Sys 0 00:00:10  -  Total Remote Usage
		Usr 0 00:00:00, Sys 0 00:00:00  -  Total Local Usage
	0  -  Run Bytes Sent By Job
	0  -  Run Bytes Received By Job
	0  -  Total Bytes Sent By Job
	0  -  Total Bytes Received By Job
	Partitionable Resources :    Usage  Request Allocated 
	   admin_mutex_1         :                           0 
	   admin_mutex_2         :                           0 
	   admin_mutex_3         :                           0 
	   Cpus                  :     0.79        1         1 
	   Disk (KB)             :    10        2048      3072 
	   GPUs                  :                           0 
	   machine_token         :                           0 
	   Memory (MB)           :   423        6000      6016 
	   TimeExecute (s)       :   641                       
	   TimeSlotBusy (s)      :   641                       

	Job terminated of its own accord at 2026-06-02T21:21:55Z with exit-code 0.
...
