000 (19535140.000.000) 2026-06-02 15:53:43 Job submitted from host: <10.128.10.103:9618?addrs=10.128.10.103-9618&alias=npx-submitter.icecube.wisc.edu&noUDP&sock=schedd_2449_6386>
    DAG Node: Drootprod_20160707_18678
...
001 (19535140.000.000) 2026-06-02 16:47:14 Job executing on host: <10.128.10.115:33587?addrs=10.128.10.115-33587&alias=n-gibyte-00.icecube.wisc.edu>
	SlotName: slot1_115@n-gibyte-00.icecube.wisc.edu
	admin_mutex_1 = 0
	admin_mutex_2 = 0
	admin_mutex_3 = 0
	CondorScratchDir = "/scratch/condor/dir_2233819"
	Cpus = 1
	Disk = 5480
	GPUs = 0
	machine_token = 0
	Memory = 6016
...
006 (19535140.000.000) 2026-06-02 16:47:27 Image size of job updated: 120408
	118  -  MemoryUsage of job (MB)
	120408  -  ResidentSetSize of job (KB)
...
006 (19535140.000.000) 2026-06-02 16:52:27 Image size of job updated: 150276
	147  -  MemoryUsage of job (MB)
	150276  -  ResidentSetSize of job (KB)
...
006 (19535140.000.000) 2026-06-02 16:57:28 Image size of job updated: 172168
	169  -  MemoryUsage of job (MB)
	172168  -  ResidentSetSize of job (KB)
...
006 (19535140.000.000) 2026-06-02 17:02:28 Image size of job updated: 304296
	298  -  MemoryUsage of job (MB)
	304296  -  ResidentSetSize of job (KB)
...
006 (19535140.000.000) 2026-06-02 17:07:29 Image size of job updated: 462868
	453  -  MemoryUsage of job (MB)
	462868  -  ResidentSetSize of job (KB)
...
006 (19535140.000.000) 2026-06-02 17:12:29 Image size of job updated: 825140
	806  -  MemoryUsage of job (MB)
	825140  -  ResidentSetSize of job (KB)
...
006 (19535140.000.000) 2026-06-02 17:12:51 Image size of job updated: 826352
	806  -  MemoryUsage of job (MB)
	825140  -  ResidentSetSize of job (KB)
...
005 (19535140.000.000) 2026-06-02 17:12:51 Job terminated.
	(1) Normal termination (return value 0)
		Usr 0 00:24:16, Sys 0 00:00:18  -  Run Remote Usage
		Usr 0 00:00:00, Sys 0 00:00:00  -  Run Local Usage
		Usr 0 00:24:16, Sys 0 00:00:18  -  Total Remote Usage
		Usr 0 00:00:00, Sys 0 00:00:00  -  Total Local Usage
	0  -  Run Bytes Sent By Job
	0  -  Run Bytes Received By Job
	0  -  Total Bytes Sent By Job
	0  -  Total Bytes Received By Job
	Partitionable Resources :    Usage  Request Allocated 
	   admin_mutex_1         :                           0 
	   admin_mutex_2         :                           0 
	   admin_mutex_3         :                           0 
	   Cpus                  :     0.98        1         1 
	   Disk (KB)             :    10        2048      5480 
	   GPUs                  :                           0 
	   machine_token         :                           0 
	   Memory (MB)           :   806        6000      6016 
	   TimeExecute (s)       :  1537                       
	   TimeSlotBusy (s)      :  1538                       

	Job terminated of its own accord at 2026-06-02T22:12:51Z with exit-code 0.
...
