000 (19537197.000.000) 2026-06-02 15:58:11 Job submitted from host: <10.128.10.103:9618?addrs=10.128.10.103-9618&alias=npx-submitter.icecube.wisc.edu&noUDP&sock=schedd_2449_6386>
    DAG Node: Drootprod_20161129_38483
...
001 (19537197.000.000) 2026-06-02 17:33:55 Job executing on host: <10.128.10.115:33587?addrs=10.128.10.115-33587&alias=n-gibyte-00.icecube.wisc.edu>
	SlotName: slot1_489@n-gibyte-00.icecube.wisc.edu
	admin_mutex_1 = 0
	admin_mutex_2 = 0
	admin_mutex_3 = 0
	CondorScratchDir = "/scratch/condor/dir_2424732"
	Cpus = 1
	Disk = 5480
	GPUs = 0
	machine_token = 0
	Memory = 6016
...
006 (19537197.000.000) 2026-06-02 17:34:08 Image size of job updated: 120548
	118  -  MemoryUsage of job (MB)
	120548  -  ResidentSetSize of job (KB)
...
006 (19537197.000.000) 2026-06-02 17:39:08 Image size of job updated: 150376
	147  -  MemoryUsage of job (MB)
	150376  -  ResidentSetSize of job (KB)
...
006 (19537197.000.000) 2026-06-02 17:44:09 Image size of job updated: 174068
	170  -  MemoryUsage of job (MB)
	174068  -  ResidentSetSize of job (KB)
...
006 (19537197.000.000) 2026-06-02 17:49:09 Image size of job updated: 301304
	295  -  MemoryUsage of job (MB)
	301304  -  ResidentSetSize of job (KB)
...
006 (19537197.000.000) 2026-06-02 17:54:10 Image size of job updated: 316696
	310  -  MemoryUsage of job (MB)
	316696  -  ResidentSetSize of job (KB)
...
006 (19537197.000.000) 2026-06-02 17:59:10 Image size of job updated: 469160
	459  -  MemoryUsage of job (MB)
	469160  -  ResidentSetSize of job (KB)
...
006 (19537197.000.000) 2026-06-02 18:04:10 Image size of job updated: 812208
	794  -  MemoryUsage of job (MB)
	812208  -  ResidentSetSize of job (KB)
...
006 (19537197.000.000) 2026-06-02 18:04:37 Image size of job updated: 822768
	794  -  MemoryUsage of job (MB)
	812208  -  ResidentSetSize of job (KB)
...
005 (19537197.000.000) 2026-06-02 18:04:37 Job terminated.
	(1) Normal termination (return value 0)
		Usr 0 00:29:25, Sys 0 00:00:18  -  Run Remote Usage
		Usr 0 00:00:00, Sys 0 00:00:00  -  Run Local Usage
		Usr 0 00:29:25, Sys 0 00:00:18  -  Total Remote Usage
		Usr 0 00:00:00, Sys 0 00:00:00  -  Total Local Usage
	0  -  Run Bytes Sent By Job
	0  -  Run Bytes Received By Job
	0  -  Total Bytes Sent By Job
	0  -  Total Bytes Received By Job
	Partitionable Resources :    Usage  Request Allocated 
	   admin_mutex_1         :                           0 
	   admin_mutex_2         :                           0 
	   admin_mutex_3         :                           0 
	   Cpus                  :     0.99        1         1 
	   Disk (KB)             :    12        2048      5480 
	   GPUs                  :                           0 
	   machine_token         :                           0 
	   Memory (MB)           :   794        6000      6016 
	   TimeExecute (s)       :  1842                       
	   TimeSlotBusy (s)      :  1842                       

	Job terminated of its own accord at 2026-06-02T23:04:36Z with exit-code 0.
...
