000 (19537123.000.000) 2026-06-02 15:57:59 Job submitted from host: <10.128.10.103:9618?addrs=10.128.10.103-9618&alias=npx-submitter.icecube.wisc.edu&noUDP&sock=schedd_2449_6386>
    DAG Node: Drootprod_20161123_73518
...
001 (19537123.000.000) 2026-06-02 17:32:28 Job executing on host: <10.128.10.190:46289?addrs=10.128.10.190-46289&alias=n-smepyc-03.icecube.wisc.edu>
	SlotName: slot1_16@n-smepyc-03.icecube.wisc.edu
	admin_mutex_1 = 0
	admin_mutex_2 = 0
	admin_mutex_3 = 0
	CondorScratchDir = "/scratch/condor/dir_3860767"
	Cpus = 1
	Disk = 3072
	GPUs = 0
	machine_token = 0
	Memory = 6016
...
006 (19537123.000.000) 2026-06-02 17:32:41 Image size of job updated: 123168
	121  -  MemoryUsage of job (MB)
	123168  -  ResidentSetSize of job (KB)
...
006 (19537123.000.000) 2026-06-02 17:37:41 Image size of job updated: 177052
	173  -  MemoryUsage of job (MB)
	177052  -  ResidentSetSize of job (KB)
...
006 (19537123.000.000) 2026-06-02 17:42:42 Image size of job updated: 468644
	458  -  MemoryUsage of job (MB)
	468644  -  ResidentSetSize of job (KB)
...
006 (19537123.000.000) 2026-06-02 17:43:38 Image size of job updated: 650952
	458  -  MemoryUsage of job (MB)
	468644  -  ResidentSetSize of job (KB)
...
005 (19537123.000.000) 2026-06-02 17:43:38 Job terminated.
	(1) Normal termination (return value 0)
		Usr 0 00:10:37, Sys 0 00:00:10  -  Run Remote Usage
		Usr 0 00:00:00, Sys 0 00:00:00  -  Run Local Usage
		Usr 0 00:10:37, Sys 0 00:00:10  -  Total Remote Usage
		Usr 0 00:00:00, Sys 0 00:00:00  -  Total Local Usage
	0  -  Run Bytes Sent By Job
	0  -  Run Bytes Received By Job
	0  -  Total Bytes Sent By Job
	0  -  Total Bytes Received By Job
	Partitionable Resources :    Usage  Request Allocated 
	   admin_mutex_1         :                           0 
	   admin_mutex_2         :                           0 
	   admin_mutex_3         :                           0 
	   Cpus                  :     0.99        1         1 
	   Disk (KB)             :    12        2048      3072 
	   GPUs                  :                           0 
	   machine_token         :                           0 
	   Memory (MB)           :   458        6000      6016 
	   TimeExecute (s)       :   670                       
	   TimeSlotBusy (s)      :   671                       

	Job terminated of its own accord at 2026-06-02T22:43:38Z with exit-code 0.
...
