000 (19536938.000.000) 2026-06-02 15:57:34 Job submitted from host: <10.128.10.103:9618?addrs=10.128.10.103-9618&alias=npx-submitter.icecube.wisc.edu&noUDP&sock=schedd_2449_6386>
    DAG Node: Drootprod_20161108_5460
...
001 (19536938.000.000) 2026-06-02 17:29:23 Job executing on host: <10.128.10.188:45333?addrs=10.128.10.188-45333&alias=n-smepyc-01.icecube.wisc.edu>
	SlotName: slot1_41@n-smepyc-01.icecube.wisc.edu
	admin_mutex_1 = 0
	admin_mutex_2 = 0
	admin_mutex_3 = 0
	CondorScratchDir = "/scratch/condor/dir_7404"
	Cpus = 1
	Disk = 3072
	GPUs = 0
	machine_token = 0
	Memory = 6016
...
006 (19536938.000.000) 2026-06-02 17:29:36 Image size of job updated: 123760
	121  -  MemoryUsage of job (MB)
	123760  -  ResidentSetSize of job (KB)
...
006 (19536938.000.000) 2026-06-02 17:34:36 Image size of job updated: 177236
	174  -  MemoryUsage of job (MB)
	177236  -  ResidentSetSize of job (KB)
...
006 (19536938.000.000) 2026-06-02 17:39:36 Image size of job updated: 465760
	455  -  MemoryUsage of job (MB)
	465760  -  ResidentSetSize of job (KB)
...
006 (19536938.000.000) 2026-06-02 17:40:55 Image size of job updated: 818880
	455  -  MemoryUsage of job (MB)
	465760  -  ResidentSetSize of job (KB)
...
005 (19536938.000.000) 2026-06-02 17:40:55 Job terminated.
	(1) Normal termination (return value 0)
		Usr 0 00:10:55, Sys 0 00:00:11  -  Run Remote Usage
		Usr 0 00:00:00, Sys 0 00:00:00  -  Run Local Usage
		Usr 0 00:10:55, Sys 0 00:00:11  -  Total Remote Usage
		Usr 0 00:00:00, Sys 0 00:00:00  -  Total Local Usage
	0  -  Run Bytes Sent By Job
	0  -  Run Bytes Received By Job
	0  -  Total Bytes Sent By Job
	0  -  Total Bytes Received By Job
	Partitionable Resources :    Usage  Request Allocated 
	   admin_mutex_1         :                           0 
	   admin_mutex_2         :                           0 
	   admin_mutex_3         :                           0 
	   Cpus                  :     0.97        1         1 
	   Disk (KB)             :    12        2048      3072 
	   GPUs                  :                           0 
	   machine_token         :                           0 
	   Memory (MB)           :   455        6000      6016 
	   TimeExecute (s)       :   692                       
	   TimeSlotBusy (s)      :   693                       

	Job terminated of its own accord at 2026-06-02T22:40:55Z with exit-code 0.
...
