000 (19532979.000.000) 2026-06-02 15:49:19 Job submitted from host: <10.128.10.103:9618?addrs=10.128.10.103-9618&alias=npx-submitter.icecube.wisc.edu&noUDP&sock=schedd_2449_6386>
    DAG Node: Drootprod_20160218_52895
...
001 (19532979.000.000) 2026-06-02 15:58:45 Job executing on host: <10.128.10.191:42321?addrs=10.128.10.191-42321&alias=n-smepyc-04.icecube.wisc.edu>
	SlotName: slot1_4@n-smepyc-04.icecube.wisc.edu
	admin_mutex_1 = 0
	admin_mutex_2 = 0
	admin_mutex_3 = 0
	CondorScratchDir = "/scratch/condor/dir_17309"
	Cpus = 1
	Disk = 3072
	GPUs = 0
	machine_token = 0
	Memory = 6016
...
006 (19532979.000.000) 2026-06-02 15:58:59 Image size of job updated: 123200
	121  -  MemoryUsage of job (MB)
	123200  -  ResidentSetSize of job (KB)
...
006 (19532979.000.000) 2026-06-02 16:04:00 Image size of job updated: 158692
	155  -  MemoryUsage of job (MB)
	158692  -  ResidentSetSize of job (KB)
...
006 (19532979.000.000) 2026-06-02 16:09:01 Image size of job updated: 424160
	415  -  MemoryUsage of job (MB)
	424160  -  ResidentSetSize of job (KB)
...
006 (19532979.000.000) 2026-06-02 16:11:34 Image size of job updated: 580908
	415  -  MemoryUsage of job (MB)
	424160  -  ResidentSetSize of job (KB)
...
005 (19532979.000.000) 2026-06-02 16:11:34 Job terminated.
	(1) Normal termination (return value 0)
		Usr 0 00:11:50, Sys 0 00:00:12  -  Run Remote Usage
		Usr 0 00:00:00, Sys 0 00:00:00  -  Run Local Usage
		Usr 0 00:11:50, Sys 0 00:00:12  -  Total Remote Usage
		Usr 0 00:00:00, Sys 0 00:00:00  -  Total Local Usage
	0  -  Run Bytes Sent By Job
	0  -  Run Bytes Received By Job
	0  -  Total Bytes Sent By Job
	0  -  Total Bytes Received By Job
	Partitionable Resources :    Usage  Request Allocated 
	   admin_mutex_1         :                           0 
	   admin_mutex_2         :                           0 
	   admin_mutex_3         :                           0 
	   Cpus                  :     0.92        1         1 
	   Disk (KB)             :    12        2048      3072 
	   GPUs                  :                           0 
	   machine_token         :                           0 
	   Memory (MB)           :   415        6000      6016 
	   TimeExecute (s)       :   769                       
	   TimeSlotBusy (s)      :   769                       

	Job terminated of its own accord at 2026-06-02T21:11:34Z with exit-code 0.
...
