000 (19535323.000.000) 2026-06-02 15:54:06 Job submitted from host: <10.128.10.103:9618?addrs=10.128.10.103-9618&alias=npx-submitter.icecube.wisc.edu&noUDP&sock=schedd_2449_6386>
    DAG Node: Drootprod_20160719_18119
...
001 (19535323.000.000) 2026-06-02 16:51:35 Job executing on host: <10.128.10.28:43283?addrs=10.128.10.28-43283&alias=n-m610-18.icecube.wisc.edu>
	SlotName: slot1_7@n-m610-18.icecube.wisc.edu
	admin_mutex_1 = 0
	admin_mutex_2 = 0
	admin_mutex_3 = 0
	CondorScratchDir = "/scratch/condor/dir_1593566"
	Cpus = 1
	Disk = 3072
	GPUs = 0
	machine_token = 0
	Memory = 6016
...
006 (19535323.000.000) 2026-06-02 16:51:48 Image size of job updated: 122504
	120  -  MemoryUsage of job (MB)
	122504  -  ResidentSetSize of job (KB)
...
006 (19535323.000.000) 2026-06-02 16:56:48 Image size of job updated: 163320
	160  -  MemoryUsage of job (MB)
	163320  -  ResidentSetSize of job (KB)
...
006 (19535323.000.000) 2026-06-02 17:01:49 Image size of job updated: 309480
	303  -  MemoryUsage of job (MB)
	309480  -  ResidentSetSize of job (KB)
...
006 (19535323.000.000) 2026-06-02 17:06:49 Image size of job updated: 809244
	791  -  MemoryUsage of job (MB)
	809244  -  ResidentSetSize of job (KB)
...
006 (19535323.000.000) 2026-06-02 17:08:08 Image size of job updated: 835336
	791  -  MemoryUsage of job (MB)
	809244  -  ResidentSetSize of job (KB)
...
005 (19535323.000.000) 2026-06-02 17:08:08 Job terminated.
	(1) Normal termination (return value 0)
		Usr 0 00:15:32, Sys 0 00:00:13  -  Run Remote Usage
		Usr 0 00:00:00, Sys 0 00:00:00  -  Run Local Usage
		Usr 0 00:15:32, Sys 0 00:00:13  -  Total Remote Usage
		Usr 0 00:00:00, Sys 0 00:00:00  -  Total Local Usage
	0  -  Run Bytes Sent By Job
	0  -  Run Bytes Received By Job
	0  -  Total Bytes Sent By Job
	0  -  Total Bytes Received By Job
	Partitionable Resources :    Usage  Request Allocated 
	   admin_mutex_1         :                           0 
	   admin_mutex_2         :                           0 
	   admin_mutex_3         :                           0 
	   Cpus                  :     0.99        1         1 
	   Disk (KB)             :    10        2048      3072 
	   GPUs                  :                           0 
	   machine_token         :                           0 
	   Memory (MB)           :   791        6000      6016 
	   TimeExecute (s)       :   993                       
	   TimeSlotBusy (s)      :   993                       

	Job terminated of its own accord at 2026-06-02T22:08:08Z with exit-code 0.
...
