000 (19535275.000.000) 2026-06-02 15:53:58 Job submitted from host: <10.128.10.103:9618?addrs=10.128.10.103-9618&alias=npx-submitter.icecube.wisc.edu&noUDP&sock=schedd_2449_6386>
    DAG Node: Drootprod_20160717_60858
...
001 (19535275.000.000) 2026-06-02 16:49:55 Job executing on host: <10.128.10.190:46289?addrs=10.128.10.190-46289&alias=n-smepyc-03.icecube.wisc.edu>
	SlotName: slot1_55@n-smepyc-03.icecube.wisc.edu
	admin_mutex_1 = 0
	admin_mutex_2 = 0
	admin_mutex_3 = 0
	CondorScratchDir = "/scratch/condor/dir_3697004"
	Cpus = 1
	Disk = 3072
	GPUs = 0
	machine_token = 0
	Memory = 6016
...
006 (19535275.000.000) 2026-06-02 16:50:09 Image size of job updated: 123300
	121  -  MemoryUsage of job (MB)
	123300  -  ResidentSetSize of job (KB)
...
006 (19535275.000.000) 2026-06-02 16:55:10 Image size of job updated: 178700
	175  -  MemoryUsage of job (MB)
	178700  -  ResidentSetSize of job (KB)
...
006 (19535275.000.000) 2026-06-02 17:00:10 Image size of job updated: 465604
	455  -  MemoryUsage of job (MB)
	465604  -  ResidentSetSize of job (KB)
...
006 (19535275.000.000) 2026-06-02 17:01:54 Image size of job updated: 821788
	455  -  MemoryUsage of job (MB)
	465604  -  ResidentSetSize of job (KB)
...
005 (19535275.000.000) 2026-06-02 17:01:54 Job terminated.
	(1) Normal termination (return value 0)
		Usr 0 00:11:20, Sys 0 00:00:11  -  Run Remote Usage
		Usr 0 00:00:00, Sys 0 00:00:00  -  Run Local Usage
		Usr 0 00:11:20, Sys 0 00:00:11  -  Total Remote Usage
		Usr 0 00:00:00, Sys 0 00:00:00  -  Total Local Usage
	0  -  Run Bytes Sent By Job
	0  -  Run Bytes Received By Job
	0  -  Total Bytes Sent By Job
	0  -  Total Bytes Received By Job
	Partitionable Resources :    Usage  Request Allocated 
	   admin_mutex_1         :                           0 
	   admin_mutex_2         :                           0 
	   admin_mutex_3         :                           0 
	   Cpus                  :     0.98        1         1 
	   Disk (KB)             :    10        2048      3072 
	   GPUs                  :                           0 
	   machine_token         :                           0 
	   Memory (MB)           :   455        6000      6016 
	   TimeExecute (s)       :   719                       
	   TimeSlotBusy (s)      :   719                       

	Job terminated of its own accord at 2026-06-02T22:01:54Z with exit-code 0.
...
