000 (19532725.000.000) 2026-06-02 15:48:36 Job submitted from host: <10.128.10.103:9618?addrs=10.128.10.103-9618&alias=npx-submitter.icecube.wisc.edu&noUDP&sock=schedd_2449_6386>
    DAG Node: Drootprod_20160126_20238
...
001 (19532725.000.000) 2026-06-02 15:48:54 Job executing on host: <10.128.10.116:38163?addrs=10.128.10.116-38163&alias=n-gibyte-01.icecube.wisc.edu>
	SlotName: slot1_505@n-gibyte-01.icecube.wisc.edu
	admin_mutex_1 = 0
	admin_mutex_2 = 0
	admin_mutex_3 = 0
	CondorScratchDir = "/scratch/condor/dir_2373040"
	Cpus = 1
	Disk = 5480
	GPUs = 0
	machine_token = 0
	Memory = 6016
...
006 (19532725.000.000) 2026-06-02 15:49:08 Image size of job updated: 119960
	118  -  MemoryUsage of job (MB)
	119960  -  ResidentSetSize of job (KB)
...
006 (19532725.000.000) 2026-06-02 15:54:09 Image size of job updated: 140120
	137  -  MemoryUsage of job (MB)
	140120  -  ResidentSetSize of job (KB)
...
006 (19532725.000.000) 2026-06-02 15:59:09 Image size of job updated: 157144
	154  -  MemoryUsage of job (MB)
	157144  -  ResidentSetSize of job (KB)
...
006 (19532725.000.000) 2026-06-02 16:04:10 Image size of job updated: 173160
	170  -  MemoryUsage of job (MB)
	173160  -  ResidentSetSize of job (KB)
...
006 (19532725.000.000) 2026-06-02 16:09:10 Image size of job updated: 283884
	278  -  MemoryUsage of job (MB)
	283884  -  ResidentSetSize of job (KB)
...
006 (19532725.000.000) 2026-06-02 16:14:11 Image size of job updated: 427300
	418  -  MemoryUsage of job (MB)
	427300  -  ResidentSetSize of job (KB)
...
006 (19532725.000.000) 2026-06-02 16:19:11 Image size of job updated: 720068
	704  -  MemoryUsage of job (MB)
	720068  -  ResidentSetSize of job (KB)
...
006 (19532725.000.000) 2026-06-02 16:21:25 Image size of job updated: 735368
	704  -  MemoryUsage of job (MB)
	720068  -  ResidentSetSize of job (KB)
...
005 (19532725.000.000) 2026-06-02 16:21:25 Job terminated.
	(1) Normal termination (return value 0)
		Usr 0 00:30:54, Sys 0 00:00:16  -  Run Remote Usage
		Usr 0 00:00:00, Sys 0 00:00:00  -  Run Local Usage
		Usr 0 00:30:54, Sys 0 00:00:16  -  Total Remote Usage
		Usr 0 00:00:00, Sys 0 00:00:00  -  Total Local Usage
	0  -  Run Bytes Sent By Job
	0  -  Run Bytes Received By Job
	0  -  Total Bytes Sent By Job
	0  -  Total Bytes Received By Job
	Partitionable Resources :    Usage  Request Allocated 
	   admin_mutex_1         :                           0 
	   admin_mutex_2         :                           0 
	   admin_mutex_3         :                           0 
	   Cpus                  :     0.99        1         1 
	   Disk (KB)             :    15        2048      5480 
	   GPUs                  :                           0 
	   machine_token         :                           0 
	   Memory (MB)           :   704        6000      6016 
	   TimeExecute (s)       :  1951                       
	   TimeSlotBusy (s)      :  1951                       

	Job terminated of its own accord at 2026-06-02T21:21:25Z with exit-code 0.
...
