000 (19534674.000.000) 2026-06-02 15:52:50 Job submitted from host: <10.128.10.103:9618?addrs=10.128.10.103-9618&alias=npx-submitter.icecube.wisc.edu&noUDP&sock=schedd_2449_6386>
    DAG Node: Drootprod_20160610_19448
...
001 (19534674.000.000) 2026-06-02 16:39:12 Job executing on host: <10.128.11.30:45417?addrs=10.128.11.30-45417&alias=n-smbc-11.icecube.wisc.edu>
	SlotName: slot1_5@n-smbc-11.icecube.wisc.edu
	admin_mutex_1 = 0
	admin_mutex_2 = 0
	admin_mutex_3 = 0
	CondorScratchDir = "/scratch/condor/dir_48871"
	Cpus = 1
	Disk = 3072
	GPUs = 0
	machine_token = 0
	Memory = 6016
...
006 (19534674.000.000) 2026-06-02 16:39:26 Image size of job updated: 123172
	121  -  MemoryUsage of job (MB)
	123172  -  ResidentSetSize of job (KB)
...
006 (19534674.000.000) 2026-06-02 16:44:27 Image size of job updated: 162852
	160  -  MemoryUsage of job (MB)
	162852  -  ResidentSetSize of job (KB)
...
006 (19534674.000.000) 2026-06-02 16:49:27 Image size of job updated: 312620
	306  -  MemoryUsage of job (MB)
	312620  -  ResidentSetSize of job (KB)
...
006 (19534674.000.000) 2026-06-02 16:54:27 Image size of job updated: 812520
	794  -  MemoryUsage of job (MB)
	812520  -  ResidentSetSize of job (KB)
...
006 (19534674.000.000) 2026-06-02 16:55:57 Image size of job updated: 835752
	794  -  MemoryUsage of job (MB)
	812520  -  ResidentSetSize of job (KB)
...
005 (19534674.000.000) 2026-06-02 16:55:57 Job terminated.
	(1) Normal termination (return value 0)
		Usr 0 00:16:06, Sys 0 00:00:11  -  Run Remote Usage
		Usr 0 00:00:00, Sys 0 00:00:00  -  Run Local Usage
		Usr 0 00:16:06, Sys 0 00:00:11  -  Total Remote Usage
		Usr 0 00:00:00, Sys 0 00:00:00  -  Total Local Usage
	0  -  Run Bytes Sent By Job
	0  -  Run Bytes Received By Job
	0  -  Total Bytes Sent By Job
	0  -  Total Bytes Received By Job
	Partitionable Resources :    Usage  Request Allocated 
	   admin_mutex_1         :                           0 
	   admin_mutex_2         :                           0 
	   admin_mutex_3         :                           0 
	   Cpus                  :     0.99        1         1 
	   Disk (KB)             :    10        2048      3072 
	   GPUs                  :                           0 
	   machine_token         :                           0 
	   Memory (MB)           :   794        6000      6016 
	   TimeExecute (s)       :  1005                       
	   TimeSlotBusy (s)      :  1005                       

	Job terminated of its own accord at 2026-06-02T21:55:57Z with exit-code 0.
...
