000 (19536023.000.000) 2026-06-02 15:55:35 Job submitted from host: <10.128.10.103:9618?addrs=10.128.10.103-9618&alias=npx-submitter.icecube.wisc.edu&noUDP&sock=schedd_2449_6386>
    DAG Node: Drootprod_20160906_84309
...
001 (19536023.000.000) 2026-06-02 17:11:53 Job executing on host: <10.128.10.190:46289?addrs=10.128.10.190-46289&alias=n-smepyc-03.icecube.wisc.edu>
	SlotName: slot1_49@n-smepyc-03.icecube.wisc.edu
	admin_mutex_1 = 0
	admin_mutex_2 = 0
	admin_mutex_3 = 0
	CondorScratchDir = "/scratch/condor/dir_3781249"
	Cpus = 1
	Disk = 3072
	GPUs = 0
	machine_token = 0
	Memory = 6016
...
006 (19536023.000.000) 2026-06-02 17:12:07 Image size of job updated: 123356
	121  -  MemoryUsage of job (MB)
	123356  -  ResidentSetSize of job (KB)
...
006 (19536023.000.000) 2026-06-02 17:17:08 Image size of job updated: 178772
	175  -  MemoryUsage of job (MB)
	178772  -  ResidentSetSize of job (KB)
...
006 (19536023.000.000) 2026-06-02 17:22:08 Image size of job updated: 651372
	637  -  MemoryUsage of job (MB)
	651372  -  ResidentSetSize of job (KB)
...
006 (19536023.000.000) 2026-06-02 17:24:17 Image size of job updated: 850456
	637  -  MemoryUsage of job (MB)
	651372  -  ResidentSetSize of job (KB)
...
005 (19536023.000.000) 2026-06-02 17:24:17 Job terminated.
	(1) Normal termination (return value 0)
		Usr 0 00:11:47, Sys 0 00:00:12  -  Run Remote Usage
		Usr 0 00:00:00, Sys 0 00:00:00  -  Run Local Usage
		Usr 0 00:11:47, Sys 0 00:00:12  -  Total Remote Usage
		Usr 0 00:00:00, Sys 0 00:00:00  -  Total Local Usage
	0  -  Run Bytes Sent By Job
	0  -  Run Bytes Received By Job
	0  -  Total Bytes Sent By Job
	0  -  Total Bytes Received By Job
	Partitionable Resources :    Usage  Request Allocated 
	   admin_mutex_1         :                           0 
	   admin_mutex_2         :                           0 
	   admin_mutex_3         :                           0 
	   Cpus                  :     0.99        1         1 
	   Disk (KB)             :    10        2048      3072 
	   GPUs                  :                           0 
	   machine_token         :                           0 
	   Memory (MB)           :   637        6000      6016 
	   TimeExecute (s)       :   744                       
	   TimeSlotBusy (s)      :   744                       

	Job terminated of its own accord at 2026-06-02T22:24:17Z with exit-code 0.
...
