000 (19535403.000.000) 2026-06-02 15:54:17 Job submitted from host: <10.128.10.103:9618?addrs=10.128.10.103-9618&alias=npx-submitter.icecube.wisc.edu&noUDP&sock=schedd_2449_6386>
    DAG Node: Drootprod_20160725_11202
...
001 (19535403.000.000) 2026-06-02 16:52:40 Job executing on host: <10.128.10.115:33587?addrs=10.128.10.115-33587&alias=n-gibyte-00.icecube.wisc.edu>
	SlotName: slot1_81@n-gibyte-00.icecube.wisc.edu
	admin_mutex_1 = 0
	admin_mutex_2 = 0
	admin_mutex_3 = 0
	CondorScratchDir = "/scratch/condor/dir_2254953"
	Cpus = 1
	Disk = 5480
	GPUs = 0
	machine_token = 0
	Memory = 6016
...
006 (19535403.000.000) 2026-06-02 16:52:53 Image size of job updated: 120584
	118  -  MemoryUsage of job (MB)
	120584  -  ResidentSetSize of job (KB)
...
006 (19535403.000.000) 2026-06-02 16:57:53 Image size of job updated: 150532
	148  -  MemoryUsage of job (MB)
	150532  -  ResidentSetSize of job (KB)
...
006 (19535403.000.000) 2026-06-02 17:02:53 Image size of job updated: 173184
	170  -  MemoryUsage of job (MB)
	173184  -  ResidentSetSize of job (KB)
...
006 (19535403.000.000) 2026-06-02 17:07:54 Image size of job updated: 305432
	299  -  MemoryUsage of job (MB)
	305432  -  ResidentSetSize of job (KB)
...
006 (19535403.000.000) 2026-06-02 17:12:54 Image size of job updated: 462352
	452  -  MemoryUsage of job (MB)
	462352  -  ResidentSetSize of job (KB)
...
006 (19535403.000.000) 2026-06-02 17:17:55 Image size of job updated: 814036
	795  -  MemoryUsage of job (MB)
	814036  -  ResidentSetSize of job (KB)
...
006 (19535403.000.000) 2026-06-02 17:22:55 Image size of job updated: 866608
	795  -  MemoryUsage of job (MB)
	814036  -  ResidentSetSize of job (KB)
...
005 (19535403.000.000) 2026-06-02 17:22:56 Job terminated.
	(1) Normal termination (return value 0)
		Usr 0 00:28:45, Sys 0 00:00:21  -  Run Remote Usage
		Usr 0 00:00:00, Sys 0 00:00:00  -  Run Local Usage
		Usr 0 00:28:45, Sys 0 00:00:21  -  Total Remote Usage
		Usr 0 00:00:00, Sys 0 00:00:00  -  Total Local Usage
	0  -  Run Bytes Sent By Job
	0  -  Run Bytes Received By Job
	0  -  Total Bytes Sent By Job
	0  -  Total Bytes Received By Job
	Partitionable Resources :    Usage  Request Allocated 
	   admin_mutex_1         :                           0 
	   admin_mutex_2         :                           0 
	   admin_mutex_3         :                           0 
	   Cpus                  :     0.98        1         1 
	   Disk (KB)             :    12        2048      5480 
	   GPUs                  :                           0 
	   machine_token         :                           0 
	   Memory (MB)           :   795        6000      6016 
	   TimeExecute (s)       :  1816                       
	   TimeSlotBusy (s)      :  1817                       

	Job terminated of its own accord at 2026-06-02T22:22:56Z with exit-code 0.
...
