000 (19533919.000.000) 2026-06-02 15:51:24 Job submitted from host: <10.128.10.103:9618?addrs=10.128.10.103-9618&alias=npx-submitter.icecube.wisc.edu&noUDP&sock=schedd_2449_6386>
    DAG Node: Drootprod_20160426_54317
...
001 (19533919.000.000) 2026-06-02 16:22:49 Job executing on host: <10.128.10.116:38163?addrs=10.128.10.116-38163&alias=n-gibyte-01.icecube.wisc.edu>
	SlotName: slot1_494@n-gibyte-01.icecube.wisc.edu
	admin_mutex_1 = 0
	admin_mutex_2 = 0
	admin_mutex_3 = 0
	CondorScratchDir = "/scratch/condor/dir_2517954"
	Cpus = 1
	Disk = 5480
	GPUs = 0
	machine_token = 0
	Memory = 6016
...
006 (19533919.000.000) 2026-06-02 16:23:02 Image size of job updated: 118828
	117  -  MemoryUsage of job (MB)
	118828  -  ResidentSetSize of job (KB)
...
006 (19533919.000.000) 2026-06-02 16:23:27 Image size of job updated: 124228
	117  -  MemoryUsage of job (MB)
	118832  -  ResidentSetSize of job (KB)
...
004 (19533919.000.000) 2026-06-02 16:23:27 Job was evicted.
	(0) CPU times
		Usr 0 00:00:28, Sys 0 00:00:01  -  Run Remote Usage
		Usr 0 00:00:00, Sys 0 00:00:00  -  Run Local Usage
	0  -  Run Bytes Sent By Job
	0  -  Run Bytes Received By Job
	Partitionable Resources :    Usage  Request Allocated 
	   admin_mutex_1         :                           0 
	   admin_mutex_2         :                           0 
	   admin_mutex_3         :                           0 
	   Cpus                  :                 1         1 
	   Disk (KB)             :       10     2048      5480 
	   GPUs                  :                           0 
	   machine_token         :                           0 
	   Memory (MB)           :      117     6000      6016 
	   TimeExecute (s)       :       38                    
	   TimeSlotBusy (s)      :       39                    
...
001 (19533919.000.000) 2026-06-02 16:23:52 Job executing on host: <10.128.10.192:35633?addrs=10.128.10.192-35633&alias=n-smepyc-05.icecube.wisc.edu>
	SlotName: slot1_20@n-smepyc-05.icecube.wisc.edu
	admin_mutex_1 = 0
	admin_mutex_2 = 0
	admin_mutex_3 = 0
	CondorScratchDir = "/scratch/condor/dir_154272"
	Cpus = 1
	Disk = 3072
	GPUs = 0
	machine_token = 0
	Memory = 6016
...
006 (19533919.000.000) 2026-06-02 16:29:07 Image size of job updated: 161644
	158  -  MemoryUsage of job (MB)
	161644  -  ResidentSetSize of job (KB)
...
006 (19533919.000.000) 2026-06-02 16:34:07 Image size of job updated: 289996
	284  -  MemoryUsage of job (MB)
	289996  -  ResidentSetSize of job (KB)
...
006 (19533919.000.000) 2026-06-02 16:36:37 Image size of job updated: 432060
	284  -  MemoryUsage of job (MB)
	289996  -  ResidentSetSize of job (KB)
...
005 (19533919.000.000) 2026-06-02 16:36:37 Job terminated.
	(1) Normal termination (return value 0)
		Usr 0 00:11:48, Sys 0 00:00:10  -  Run Remote Usage
		Usr 0 00:00:00, Sys 0 00:00:00  -  Run Local Usage
		Usr 0 00:12:16, Sys 0 00:00:11  -  Total Remote Usage
		Usr 0 00:00:00, Sys 0 00:00:00  -  Total Local Usage
	0  -  Run Bytes Sent By Job
	0  -  Run Bytes Received By Job
	0  -  Total Bytes Sent By Job
	0  -  Total Bytes Received By Job
	Partitionable Resources :    Usage  Request Allocated 
	   admin_mutex_1         :                           0 
	   admin_mutex_2         :                           0 
	   admin_mutex_3         :                           0 
	   Cpus                  :     0.96        1         1 
	   Disk (KB)             :    10        2048      3072 
	   GPUs                  :                           0 
	   machine_token         :                           0 
	   Memory (MB)           :   284        6000      6016 
	   TimeExecute (s)       :   765                       
	   TimeSlotBusy (s)      :   765                       

	Job terminated of its own accord at 2026-06-02T21:36:37Z with exit-code 0.
...
