000 (19536808.000.000) 2026-06-02 15:57:15 Job submitted from host: <10.128.10.103:9618?addrs=10.128.10.103-9618&alias=npx-submitter.icecube.wisc.edu&noUDP&sock=schedd_2449_6386>
    DAG Node: Drootprod_20161030_44853
...
001 (19536808.000.000) 2026-06-02 17:26:59 Job executing on host: <10.128.10.117:43719?addrs=10.128.10.117-43719&alias=n-gibyte-02.icecube.wisc.edu>
	SlotName: slot1_310@n-gibyte-02.icecube.wisc.edu
	admin_mutex_1 = 0
	admin_mutex_2 = 0
	admin_mutex_3 = 0
	CondorScratchDir = "/scratch/condor/dir_3693222"
	Cpus = 1
	Disk = 5480
	GPUs = 0
	machine_token = 0
	Memory = 6016
...
006 (19536808.000.000) 2026-06-02 17:27:13 Image size of job updated: 119584
	117  -  MemoryUsage of job (MB)
	119584  -  ResidentSetSize of job (KB)
...
006 (19536808.000.000) 2026-06-02 17:32:14 Image size of job updated: 143480
	141  -  MemoryUsage of job (MB)
	143480  -  ResidentSetSize of job (KB)
...
006 (19536808.000.000) 2026-06-02 17:37:14 Image size of job updated: 161564
	158  -  MemoryUsage of job (MB)
	161564  -  ResidentSetSize of job (KB)
...
006 (19536808.000.000) 2026-06-02 17:42:15 Image size of job updated: 179968
	176  -  MemoryUsage of job (MB)
	179968  -  ResidentSetSize of job (KB)
...
006 (19536808.000.000) 2026-06-02 17:47:15 Image size of job updated: 309356
	303  -  MemoryUsage of job (MB)
	309356  -  ResidentSetSize of job (KB)
...
006 (19536808.000.000) 2026-06-02 17:52:16 Image size of job updated: 457668
	447  -  MemoryUsage of job (MB)
	457668  -  ResidentSetSize of job (KB)
...
006 (19536808.000.000) 2026-06-02 17:57:17 Image size of job updated: 477644
	467  -  MemoryUsage of job (MB)
	477644  -  ResidentSetSize of job (KB)
...
006 (19536808.000.000) 2026-06-02 18:01:20 Image size of job updated: 831792
	467  -  MemoryUsage of job (MB)
	477644  -  ResidentSetSize of job (KB)
...
005 (19536808.000.000) 2026-06-02 18:01:20 Job terminated.
	(1) Normal termination (return value 0)
		Usr 0 00:32:58, Sys 0 00:00:19  -  Run Remote Usage
		Usr 0 00:00:00, Sys 0 00:00:00  -  Run Local Usage
		Usr 0 00:32:58, Sys 0 00:00:19  -  Total Remote Usage
		Usr 0 00:00:00, Sys 0 00:00:00  -  Total Local Usage
	0  -  Run Bytes Sent By Job
	0  -  Run Bytes Received By Job
	0  -  Total Bytes Sent By Job
	0  -  Total Bytes Received By Job
	Partitionable Resources :    Usage  Request Allocated 
	   admin_mutex_1         :                           0 
	   admin_mutex_2         :                           0 
	   admin_mutex_3         :                           0 
	   Cpus                  :     0.99        1         1 
	   Disk (KB)             :    10        2048      5480 
	   GPUs                  :                           0 
	   machine_token         :                           0 
	   Memory (MB)           :   467        6000      6016 
	   TimeExecute (s)       :  2061                       
	   TimeSlotBusy (s)      :  2062                       

	Job terminated of its own accord at 2026-06-02T23:01:20Z with exit-code 0.
...
