000 (19532788.000.000) 2026-06-02 15:48:47 Job submitted from host: <10.128.10.103:9618?addrs=10.128.10.103-9618&alias=npx-submitter.icecube.wisc.edu&noUDP&sock=schedd_2449_6386>
    DAG Node: Drootprod_20160201_14653
...
001 (19532788.000.000) 2026-06-02 15:52:36 Job executing on host: <10.128.10.116:38163?addrs=10.128.10.116-38163&alias=n-gibyte-01.icecube.wisc.edu>
	SlotName: slot1_66@n-gibyte-01.icecube.wisc.edu
	admin_mutex_1 = 0
	admin_mutex_2 = 0
	admin_mutex_3 = 0
	CondorScratchDir = "/scratch/condor/dir_2387150"
	Cpus = 1
	Disk = 5480
	GPUs = 0
	machine_token = 0
	Memory = 6016
...
006 (19532788.000.000) 2026-06-02 15:52:50 Image size of job updated: 120160
	118  -  MemoryUsage of job (MB)
	120160  -  ResidentSetSize of job (KB)
...
006 (19532788.000.000) 2026-06-02 15:57:51 Image size of job updated: 141724
	139  -  MemoryUsage of job (MB)
	141724  -  ResidentSetSize of job (KB)
...
006 (19532788.000.000) 2026-06-02 16:02:51 Image size of job updated: 159532
	156  -  MemoryUsage of job (MB)
	159532  -  ResidentSetSize of job (KB)
...
006 (19532788.000.000) 2026-06-02 16:07:52 Image size of job updated: 271032
	265  -  MemoryUsage of job (MB)
	271032  -  ResidentSetSize of job (KB)
...
006 (19532788.000.000) 2026-06-02 16:12:52 Image size of job updated: 287924
	282  -  MemoryUsage of job (MB)
	287924  -  ResidentSetSize of job (KB)
...
006 (19532788.000.000) 2026-06-02 16:17:53 Image size of job updated: 434120
	424  -  MemoryUsage of job (MB)
	434120  -  ResidentSetSize of job (KB)
...
006 (19532788.000.000) 2026-06-02 16:18:22 Image size of job updated: 435420
	424  -  MemoryUsage of job (MB)
	434120  -  ResidentSetSize of job (KB)
...
005 (19532788.000.000) 2026-06-02 16:18:22 Job terminated.
	(1) Normal termination (return value 0)
		Usr 0 00:24:25, Sys 0 00:00:14  -  Run Remote Usage
		Usr 0 00:00:00, Sys 0 00:00:00  -  Run Local Usage
		Usr 0 00:24:25, Sys 0 00:00:14  -  Total Remote Usage
		Usr 0 00:00:00, Sys 0 00:00:00  -  Total Local Usage
	0  -  Run Bytes Sent By Job
	0  -  Run Bytes Received By Job
	0  -  Total Bytes Sent By Job
	0  -  Total Bytes Received By Job
	Partitionable Resources :    Usage  Request Allocated 
	   admin_mutex_1         :                           0 
	   admin_mutex_2         :                           0 
	   admin_mutex_3         :                           0 
	   Cpus                  :     0.98        1         1 
	   Disk (KB)             :    12        2048      5480 
	   GPUs                  :                           0 
	   machine_token         :                           0 
	   Memory (MB)           :   424        6000      6016 
	   TimeExecute (s)       :  1546                       
	   TimeSlotBusy (s)      :  1547                       

	Job terminated of its own accord at 2026-06-02T21:18:22Z with exit-code 0.
...
