000 (19532568.000.000) 2026-06-02 15:48:04 Job submitted from host: <10.128.10.103:9618?addrs=10.128.10.103-9618&alias=npx-submitter.icecube.wisc.edu&noUDP&sock=schedd_2449_6386>
    DAG Node: Drootprod_20160110_63112
...
001 (19532568.000.000) 2026-06-02 15:48:10 Job executing on host: <10.128.10.116:38163?addrs=10.128.10.116-38163&alias=n-gibyte-01.icecube.wisc.edu>
	SlotName: slot1_397@n-gibyte-01.icecube.wisc.edu
	admin_mutex_1 = 0
	admin_mutex_2 = 0
	admin_mutex_3 = 0
	CondorScratchDir = "/scratch/condor/dir_2354890"
	Cpus = 1
	Disk = 5480
	GPUs = 0
	machine_token = 0
	Memory = 6016
...
006 (19532568.000.000) 2026-06-02 15:48:18 Image size of job updated: 119852
	118  -  MemoryUsage of job (MB)
	119852  -  ResidentSetSize of job (KB)
...
006 (19532568.000.000) 2026-06-02 15:53:18 Image size of job updated: 140152
	137  -  MemoryUsage of job (MB)
	140152  -  ResidentSetSize of job (KB)
...
006 (19532568.000.000) 2026-06-02 15:58:19 Image size of job updated: 156612
	153  -  MemoryUsage of job (MB)
	156612  -  ResidentSetSize of job (KB)
...
006 (19532568.000.000) 2026-06-02 16:03:19 Image size of job updated: 173100
	170  -  MemoryUsage of job (MB)
	173100  -  ResidentSetSize of job (KB)
...
006 (19532568.000.000) 2026-06-02 16:08:19 Image size of job updated: 283984
	278  -  MemoryUsage of job (MB)
	283984  -  ResidentSetSize of job (KB)
...
006 (19532568.000.000) 2026-06-02 16:11:40 Image size of job updated: 407444
	278  -  MemoryUsage of job (MB)
	283984  -  ResidentSetSize of job (KB)
...
005 (19532568.000.000) 2026-06-02 16:11:40 Job terminated.
	(1) Normal termination (return value 0)
		Usr 0 00:22:20, Sys 0 00:00:12  -  Run Remote Usage
		Usr 0 00:00:00, Sys 0 00:00:00  -  Run Local Usage
		Usr 0 00:22:20, Sys 0 00:00:12  -  Total Remote Usage
		Usr 0 00:00:00, Sys 0 00:00:00  -  Total Local Usage
	0  -  Run Bytes Sent By Job
	0  -  Run Bytes Received By Job
	0  -  Total Bytes Sent By Job
	0  -  Total Bytes Received By Job
	Partitionable Resources :    Usage  Request Allocated 
	   admin_mutex_1         :                           0 
	   admin_mutex_2         :                           0 
	   admin_mutex_3         :                           0 
	   Cpus                  :     0.99        1         1 
	   Disk (KB)             :    10        2048      5480 
	   GPUs                  :                           0 
	   machine_token         :                           0 
	   Memory (MB)           :   278        6000      6016 
	   TimeExecute (s)       :  1410                       
	   TimeSlotBusy (s)      :  1411                       

	Job terminated of its own accord at 2026-06-02T21:11:40Z with exit-code 0.
...
