000 (19532639.000.000) 2026-06-02 15:48:17 Job submitted from host: <10.128.10.103:9618?addrs=10.128.10.103-9618&alias=npx-submitter.icecube.wisc.edu&noUDP&sock=schedd_2449_6386>
    DAG Node: Drootprod_20160118_8644
...
001 (19532639.000.000) 2026-06-02 15:48:29 Job executing on host: <10.128.10.116:38163?addrs=10.128.10.116-38163&alias=n-gibyte-01.icecube.wisc.edu>
	SlotName: slot1_445@n-gibyte-01.icecube.wisc.edu
	admin_mutex_1 = 0
	admin_mutex_2 = 0
	admin_mutex_3 = 0
	CondorScratchDir = "/scratch/condor/dir_2362421"
	Cpus = 1
	Disk = 5480
	GPUs = 0
	machine_token = 0
	Memory = 6016
...
006 (19532639.000.000) 2026-06-02 15:48:37 Image size of job updated: 119556
	117  -  MemoryUsage of job (MB)
	119556  -  ResidentSetSize of job (KB)
...
006 (19532639.000.000) 2026-06-02 15:53:37 Image size of job updated: 139980
	137  -  MemoryUsage of job (MB)
	139980  -  ResidentSetSize of job (KB)
...
006 (19532639.000.000) 2026-06-02 15:58:38 Image size of job updated: 157164
	154  -  MemoryUsage of job (MB)
	157164  -  ResidentSetSize of job (KB)
...
006 (19532639.000.000) 2026-06-02 16:03:38 Image size of job updated: 173448
	170  -  MemoryUsage of job (MB)
	173448  -  ResidentSetSize of job (KB)
...
006 (19532639.000.000) 2026-06-02 16:08:34 Image size of job updated: 284420
	170  -  MemoryUsage of job (MB)
	173448  -  ResidentSetSize of job (KB)
...
005 (19532639.000.000) 2026-06-02 16:08:34 Job terminated.
	(1) Normal termination (return value 0)
		Usr 0 00:19:03, Sys 0 00:00:11  -  Run Remote Usage
		Usr 0 00:00:00, Sys 0 00:00:00  -  Run Local Usage
		Usr 0 00:19:03, Sys 0 00:00:11  -  Total Remote Usage
		Usr 0 00:00:00, Sys 0 00:00:00  -  Total Local Usage
	0  -  Run Bytes Sent By Job
	0  -  Run Bytes Received By Job
	0  -  Total Bytes Sent By Job
	0  -  Total Bytes Received By Job
	Partitionable Resources :    Usage  Request Allocated 
	   admin_mutex_1         :                           0 
	   admin_mutex_2         :                           0 
	   admin_mutex_3         :                           0 
	   Cpus                  :     0.95        1         1 
	   Disk (KB)             :    10        2048      5480 
	   GPUs                  :                           0 
	   machine_token         :                           0 
	   Memory (MB)           :   170        6000      6016 
	   TimeExecute (s)       :  1205                       
	   TimeSlotBusy (s)      :  1206                       

	Job terminated of its own accord at 2026-06-02T21:08:34Z with exit-code 0.
...
