000 (19535858.000.000) 2026-06-02 15:55:14 Job submitted from host: <10.128.10.103:9618?addrs=10.128.10.103-9618&alias=npx-submitter.icecube.wisc.edu&noUDP&sock=schedd_2449_6386>
    DAG Node: Drootprod_20160826_37178
...
001 (19535858.000.000) 2026-06-02 17:00:49 Job executing on host: <10.128.11.30:45417?addrs=10.128.11.30-45417&alias=n-smbc-11.icecube.wisc.edu>
	SlotName: slot1_8@n-smbc-11.icecube.wisc.edu
	admin_mutex_1 = 0
	admin_mutex_2 = 0
	admin_mutex_3 = 0
	CondorScratchDir = "/scratch/condor/dir_123917"
	Cpus = 1
	Disk = 3072
	GPUs = 0
	machine_token = 0
	Memory = 6016
...
006 (19535858.000.000) 2026-06-02 17:01:03 Image size of job updated: 104068
	102  -  MemoryUsage of job (MB)
	104068  -  ResidentSetSize of job (KB)
...
006 (19535858.000.000) 2026-06-02 17:06:04 Image size of job updated: 162392
	159  -  MemoryUsage of job (MB)
	162392  -  ResidentSetSize of job (KB)
...
006 (19535858.000.000) 2026-06-02 17:11:04 Image size of job updated: 312248
	305  -  MemoryUsage of job (MB)
	312248  -  ResidentSetSize of job (KB)
...
006 (19535858.000.000) 2026-06-02 17:16:05 Image size of job updated: 815736
	797  -  MemoryUsage of job (MB)
	815736  -  ResidentSetSize of job (KB)
...
006 (19535858.000.000) 2026-06-02 17:17:15 Image size of job updated: 831212
	797  -  MemoryUsage of job (MB)
	815736  -  ResidentSetSize of job (KB)
...
005 (19535858.000.000) 2026-06-02 17:17:15 Job terminated.
	(1) Normal termination (return value 0)
		Usr 0 00:15:35, Sys 0 00:00:10  -  Run Remote Usage
		Usr 0 00:00:00, Sys 0 00:00:00  -  Run Local Usage
		Usr 0 00:15:35, Sys 0 00:00:10  -  Total Remote Usage
		Usr 0 00:00:00, Sys 0 00:00:00  -  Total Local Usage
	0  -  Run Bytes Sent By Job
	0  -  Run Bytes Received By Job
	0  -  Total Bytes Sent By Job
	0  -  Total Bytes Received By Job
	Partitionable Resources :    Usage  Request Allocated 
	   admin_mutex_1         :                           0 
	   admin_mutex_2         :                           0 
	   admin_mutex_3         :                           0 
	   Cpus                  :     0.98        1         1 
	   Disk (KB)             :    10        2048      3072 
	   GPUs                  :                           0 
	   machine_token         :                           0 
	   Memory (MB)           :   797        6000      6016 
	   TimeExecute (s)       :   986                       
	   TimeSlotBusy (s)      :   986                       

	Job terminated of its own accord at 2026-06-02T22:17:15Z with exit-code 0.
...
