000 (19533624.000.000) 2026-06-02 15:50:48 Job submitted from host: <10.128.10.103:9618?addrs=10.128.10.103-9618&alias=npx-submitter.icecube.wisc.edu&noUDP&sock=schedd_2449_6386>
    DAG Node: Drootprod_20160405_93211
...
001 (19533624.000.000) 2026-06-02 16:17:54 Job executing on host: <10.128.10.188:45333?addrs=10.128.10.188-45333&alias=n-smepyc-01.icecube.wisc.edu>
	SlotName: slot1_78@n-smepyc-01.icecube.wisc.edu
	admin_mutex_1 = 0
	admin_mutex_2 = 0
	admin_mutex_3 = 0
	CondorScratchDir = "/scratch/condor/dir_3930012"
	Cpus = 1
	Disk = 3072
	GPUs = 0
	machine_token = 0
	Memory = 6016
...
006 (19533624.000.000) 2026-06-02 16:18:07 Image size of job updated: 121236
	119  -  MemoryUsage of job (MB)
	121236  -  ResidentSetSize of job (KB)
...
006 (19533624.000.000) 2026-06-02 16:23:07 Image size of job updated: 163072
	160  -  MemoryUsage of job (MB)
	163072  -  ResidentSetSize of job (KB)
...
006 (19533624.000.000) 2026-06-02 16:28:08 Image size of job updated: 431052
	421  -  MemoryUsage of job (MB)
	431052  -  ResidentSetSize of job (KB)
...
006 (19533624.000.000) 2026-06-02 16:29:16 Image size of job updated: 448904
	421  -  MemoryUsage of job (MB)
	431052  -  ResidentSetSize of job (KB)
...
005 (19533624.000.000) 2026-06-02 16:29:16 Job terminated.
	(1) Normal termination (return value 0)
		Usr 0 00:10:24, Sys 0 00:00:10  -  Run Remote Usage
		Usr 0 00:00:00, Sys 0 00:00:00  -  Run Local Usage
		Usr 0 00:10:24, Sys 0 00:00:10  -  Total Remote Usage
		Usr 0 00:00:00, Sys 0 00:00:00  -  Total Local Usage
	0  -  Run Bytes Sent By Job
	0  -  Run Bytes Received By Job
	0  -  Total Bytes Sent By Job
	0  -  Total Bytes Received By Job
	Partitionable Resources :    Usage  Request Allocated 
	   admin_mutex_1         :                           0 
	   admin_mutex_2         :                           0 
	   admin_mutex_3         :                           0 
	   Cpus                  :     0.97        1         1 
	   Disk (KB)             :    12        2048      3072 
	   GPUs                  :                           0 
	   machine_token         :                           0 
	   Memory (MB)           :   421        6000      6016 
	   TimeExecute (s)       :   682                       
	   TimeSlotBusy (s)      :   682                       

	Job terminated of its own accord at 2026-06-02T21:29:16Z with exit-code 0.
...
