000 (19533296.000.000) 2026-06-02 15:50:05 Job submitted from host: <10.128.10.103:9618?addrs=10.128.10.103-9618&alias=npx-submitter.icecube.wisc.edu&noUDP&sock=schedd_2449_6386>
    DAG Node: Drootprod_20160314_68646
...
001 (19533296.000.000) 2026-06-02 16:11:05 Job executing on host: <10.128.10.115:33587?addrs=10.128.10.115-33587&alias=n-gibyte-00.icecube.wisc.edu>
	SlotName: slot1_450@n-gibyte-00.icecube.wisc.edu
	admin_mutex_1 = 0
	admin_mutex_2 = 0
	admin_mutex_3 = 0
	CondorScratchDir = "/scratch/condor/dir_2097215"
	Cpus = 1
	Disk = 5480
	GPUs = 0
	machine_token = 0
	Memory = 6016
...
006 (19533296.000.000) 2026-06-02 16:11:18 Image size of job updated: 118812
	117  -  MemoryUsage of job (MB)
	118812  -  ResidentSetSize of job (KB)
...
006 (19533296.000.000) 2026-06-02 16:16:18 Image size of job updated: 143572
	141  -  MemoryUsage of job (MB)
	143572  -  ResidentSetSize of job (KB)
...
006 (19533296.000.000) 2026-06-02 16:21:19 Image size of job updated: 160168
	157  -  MemoryUsage of job (MB)
	160168  -  ResidentSetSize of job (KB)
...
006 (19533296.000.000) 2026-06-02 16:26:19 Image size of job updated: 272468
	267  -  MemoryUsage of job (MB)
	272468  -  ResidentSetSize of job (KB)
...
006 (19533296.000.000) 2026-06-02 16:31:20 Image size of job updated: 293388
	287  -  MemoryUsage of job (MB)
	293388  -  ResidentSetSize of job (KB)
...
006 (19533296.000.000) 2026-06-02 16:35:07 Image size of job updated: 435288
	287  -  MemoryUsage of job (MB)
	293388  -  ResidentSetSize of job (KB)
...
005 (19533296.000.000) 2026-06-02 16:35:07 Job terminated.
	(1) Normal termination (return value 0)
		Usr 0 00:22:36, Sys 0 00:00:15  -  Run Remote Usage
		Usr 0 00:00:00, Sys 0 00:00:00  -  Run Local Usage
		Usr 0 00:22:36, Sys 0 00:00:15  -  Total Remote Usage
		Usr 0 00:00:00, Sys 0 00:00:00  -  Total Local Usage
	0  -  Run Bytes Sent By Job
	0  -  Run Bytes Received By Job
	0  -  Total Bytes Sent By Job
	0  -  Total Bytes Received By Job
	Partitionable Resources :    Usage  Request Allocated 
	   admin_mutex_1         :                           0 
	   admin_mutex_2         :                           0 
	   admin_mutex_3         :                           0 
	   Cpus                  :     0.97        1         1 
	   Disk (KB)             :    10        2048      5480 
	   GPUs                  :                           0 
	   machine_token         :                           0 
	   Memory (MB)           :   287        6000      6016 
	   TimeExecute (s)       :  1442                       
	   TimeSlotBusy (s)      :  1443                       

	Job terminated of its own accord at 2026-06-02T21:35:07Z with exit-code 0.
...
