000 (19534929.000.000) 2026-06-02 15:53:20 Job submitted from host: <10.128.10.103:9618?addrs=10.128.10.103-9618&alias=npx-submitter.icecube.wisc.edu&noUDP&sock=schedd_2449_6386>
    DAG Node: Drootprod_20160624_99249
...
001 (19534929.000.000) 2026-06-02 16:43:34 Job executing on host: <10.128.10.190:46289?addrs=10.128.10.190-46289&alias=n-smepyc-03.icecube.wisc.edu>
	SlotName: slot1_75@n-smepyc-03.icecube.wisc.edu
	admin_mutex_1 = 0
	admin_mutex_2 = 0
	admin_mutex_3 = 0
	CondorScratchDir = "/scratch/condor/dir_3670946"
	Cpus = 1
	Disk = 3072
	GPUs = 0
	machine_token = 0
	Memory = 6016
...
006 (19534929.000.000) 2026-06-02 16:43:47 Image size of job updated: 123160
	121  -  MemoryUsage of job (MB)
	123160  -  ResidentSetSize of job (KB)
...
006 (19534929.000.000) 2026-06-02 16:48:47 Image size of job updated: 176000
	172  -  MemoryUsage of job (MB)
	176000  -  ResidentSetSize of job (KB)
...
006 (19534929.000.000) 2026-06-02 16:52:53 Image size of job updated: 461708
	172  -  MemoryUsage of job (MB)
	176000  -  ResidentSetSize of job (KB)
...
005 (19534929.000.000) 2026-06-02 16:52:53 Job terminated.
	(1) Normal termination (return value 0)
		Usr 0 00:08:51, Sys 0 00:00:09  -  Run Remote Usage
		Usr 0 00:00:00, Sys 0 00:00:00  -  Run Local Usage
		Usr 0 00:08:51, Sys 0 00:00:09  -  Total Remote Usage
		Usr 0 00:00:00, Sys 0 00:00:00  -  Total Local Usage
	0  -  Run Bytes Sent By Job
	0  -  Run Bytes Received By Job
	0  -  Total Bytes Sent By Job
	0  -  Total Bytes Received By Job
	Partitionable Resources :    Usage  Request Allocated 
	   admin_mutex_1         :                           0 
	   admin_mutex_2         :                           0 
	   admin_mutex_3         :                           0 
	   Cpus                  :     0.99        1         1 
	   Disk (KB)             :     7        2048      3072 
	   GPUs                  :                           0 
	   machine_token         :                           0 
	   Memory (MB)           :   172        6000      6016 
	   TimeExecute (s)       :   559                       
	   TimeSlotBusy (s)      :   559                       

	Job terminated of its own accord at 2026-06-02T21:52:53Z with exit-code 0.
...
