000 (19532734.000.000) 2026-06-02 15:48:37 Job submitted from host: <10.128.10.103:9618?addrs=10.128.10.103-9618&alias=npx-submitter.icecube.wisc.edu&noUDP&sock=schedd_2449_6386>
    DAG Node: Drootprod_20160127_38038
...
001 (19532734.000.000) 2026-06-02 15:48:57 Job executing on host: <10.128.10.116:38163?addrs=10.128.10.116-38163&alias=n-gibyte-01.icecube.wisc.edu>
	SlotName: slot1_16@n-gibyte-01.icecube.wisc.edu
	admin_mutex_1 = 0
	admin_mutex_2 = 0
	admin_mutex_3 = 0
	CondorScratchDir = "/scratch/condor/dir_2373609"
	Cpus = 1
	Disk = 5480
	GPUs = 0
	machine_token = 0
	Memory = 6016
...
006 (19532734.000.000) 2026-06-02 15:49:11 Image size of job updated: 119844
	118  -  MemoryUsage of job (MB)
	119844  -  ResidentSetSize of job (KB)
...
006 (19532734.000.000) 2026-06-02 15:54:12 Image size of job updated: 140884
	138  -  MemoryUsage of job (MB)
	140884  -  ResidentSetSize of job (KB)
...
006 (19532734.000.000) 2026-06-02 15:59:12 Image size of job updated: 158796
	156  -  MemoryUsage of job (MB)
	158796  -  ResidentSetSize of job (KB)
...
006 (19532734.000.000) 2026-06-02 16:04:13 Image size of job updated: 271012
	265  -  MemoryUsage of job (MB)
	271012  -  ResidentSetSize of job (KB)
...
006 (19532734.000.000) 2026-06-02 16:09:13 Image size of job updated: 289676
	283  -  MemoryUsage of job (MB)
	289676  -  ResidentSetSize of job (KB)
...
006 (19532734.000.000) 2026-06-02 16:13:46 Image size of job updated: 438824
	283  -  MemoryUsage of job (MB)
	289676  -  ResidentSetSize of job (KB)
...
005 (19532734.000.000) 2026-06-02 16:13:46 Job terminated.
	(1) Normal termination (return value 0)
		Usr 0 00:23:27, Sys 0 00:00:14  -  Run Remote Usage
		Usr 0 00:00:00, Sys 0 00:00:00  -  Run Local Usage
		Usr 0 00:23:27, Sys 0 00:00:14  -  Total Remote Usage
		Usr 0 00:00:00, Sys 0 00:00:00  -  Total Local Usage
	0  -  Run Bytes Sent By Job
	0  -  Run Bytes Received By Job
	0  -  Total Bytes Sent By Job
	0  -  Total Bytes Received By Job
	Partitionable Resources :    Usage  Request Allocated 
	   admin_mutex_1         :                           0 
	   admin_mutex_2         :                           0 
	   admin_mutex_3         :                           0 
	   Cpus                  :     0.70        1         1 
	   Disk (KB)             :    12        2048      5480 
	   GPUs                  :                           0 
	   machine_token         :                           0 
	   Memory (MB)           :   283        6000      6016 
	   TimeExecute (s)       :  1489                       
	   TimeSlotBusy (s)      :  1490                       

	Job terminated of its own accord at 2026-06-02T21:13:46Z with exit-code 0.
...
