000 (19536130.000.000) 2026-06-02 15:55:48 Job submitted from host: <10.128.10.103:9618?addrs=10.128.10.103-9618&alias=npx-submitter.icecube.wisc.edu&noUDP&sock=schedd_2449_6386>
    DAG Node: Drootprod_20160914_4170
...
001 (19536130.000.000) 2026-06-02 17:14:35 Job executing on host: <10.128.10.117:43719?addrs=10.128.10.117-43719&alias=n-gibyte-02.icecube.wisc.edu>
	SlotName: slot1_450@n-gibyte-02.icecube.wisc.edu
	admin_mutex_1 = 0
	admin_mutex_2 = 0
	admin_mutex_3 = 0
	CondorScratchDir = "/scratch/condor/dir_3637205"
	Cpus = 1
	Disk = 5480
	GPUs = 0
	machine_token = 0
	Memory = 6016
...
006 (19536130.000.000) 2026-06-02 17:14:49 Image size of job updated: 120684
	118  -  MemoryUsage of job (MB)
	120684  -  ResidentSetSize of job (KB)
...
006 (19536130.000.000) 2026-06-02 17:19:50 Image size of job updated: 142196
	139  -  MemoryUsage of job (MB)
	142196  -  ResidentSetSize of job (KB)
...
006 (19536130.000.000) 2026-06-02 17:24:50 Image size of job updated: 162004
	159  -  MemoryUsage of job (MB)
	162004  -  ResidentSetSize of job (KB)
...
006 (19536130.000.000) 2026-06-02 17:29:51 Image size of job updated: 179528
	176  -  MemoryUsage of job (MB)
	179528  -  ResidentSetSize of job (KB)
...
006 (19536130.000.000) 2026-06-02 17:34:51 Image size of job updated: 306324
	300  -  MemoryUsage of job (MB)
	306324  -  ResidentSetSize of job (KB)
...
006 (19536130.000.000) 2026-06-02 17:39:52 Image size of job updated: 459700
	449  -  MemoryUsage of job (MB)
	459700  -  ResidentSetSize of job (KB)
...
006 (19536130.000.000) 2026-06-02 17:44:52 Image size of job updated: 649896
	635  -  MemoryUsage of job (MB)
	649896  -  ResidentSetSize of job (KB)
...
006 (19536130.000.000) 2026-06-02 17:46:32 Image size of job updated: 826960
	635  -  MemoryUsage of job (MB)
	649896  -  ResidentSetSize of job (KB)
...
005 (19536130.000.000) 2026-06-02 17:46:32 Job terminated.
	(1) Normal termination (return value 0)
		Usr 0 00:30:46, Sys 0 00:00:18  -  Run Remote Usage
		Usr 0 00:00:00, Sys 0 00:00:00  -  Run Local Usage
		Usr 0 00:30:46, Sys 0 00:00:18  -  Total Remote Usage
		Usr 0 00:00:00, Sys 0 00:00:00  -  Total Local Usage
	0  -  Run Bytes Sent By Job
	0  -  Run Bytes Received By Job
	0  -  Total Bytes Sent By Job
	0  -  Total Bytes Received By Job
	Partitionable Resources :    Usage  Request Allocated 
	   admin_mutex_1         :                           0 
	   admin_mutex_2         :                           0 
	   admin_mutex_3         :                           0 
	   Cpus                  :     0.98        1         1 
	   Disk (KB)             :    10        2048      5480 
	   GPUs                  :                           0 
	   machine_token         :                           0 
	   Memory (MB)           :   635        6000      6016 
	   TimeExecute (s)       :  1917                       
	   TimeSlotBusy (s)      :  1918                       

	Job terminated of its own accord at 2026-06-02T22:46:32Z with exit-code 0.
...
