000 (19533606.000.000) 2026-06-02 15:50:46 Job submitted from host: <10.128.10.103:9618?addrs=10.128.10.103-9618&alias=npx-submitter.icecube.wisc.edu&noUDP&sock=schedd_2449_6386>
    DAG Node: Drootprod_20160403_18088
...
001 (19533606.000.000) 2026-06-02 16:17:40 Job executing on host: <10.128.10.115:33587?addrs=10.128.10.115-33587&alias=n-gibyte-00.icecube.wisc.edu>
	SlotName: slot1_125@n-gibyte-00.icecube.wisc.edu
	admin_mutex_1 = 0
	admin_mutex_2 = 0
	admin_mutex_3 = 0
	CondorScratchDir = "/scratch/condor/dir_2120684"
	Cpus = 1
	Disk = 5480
	GPUs = 0
	machine_token = 0
	Memory = 6016
...
006 (19533606.000.000) 2026-06-02 16:17:53 Image size of job updated: 118920
	117  -  MemoryUsage of job (MB)
	118920  -  ResidentSetSize of job (KB)
...
006 (19533606.000.000) 2026-06-02 16:22:53 Image size of job updated: 143028
	140  -  MemoryUsage of job (MB)
	143028  -  ResidentSetSize of job (KB)
...
006 (19533606.000.000) 2026-06-02 16:27:54 Image size of job updated: 163848
	161  -  MemoryUsage of job (MB)
	163848  -  ResidentSetSize of job (KB)
...
006 (19533606.000.000) 2026-06-02 16:32:54 Image size of job updated: 274564
	269  -  MemoryUsage of job (MB)
	274564  -  ResidentSetSize of job (KB)
...
006 (19533606.000.000) 2026-06-02 16:37:54 Image size of job updated: 294012
	288  -  MemoryUsage of job (MB)
	294012  -  ResidentSetSize of job (KB)
...
006 (19533606.000.000) 2026-06-02 16:42:09 Image size of job updated: 439956
	288  -  MemoryUsage of job (MB)
	294012  -  ResidentSetSize of job (KB)
...
005 (19533606.000.000) 2026-06-02 16:42:09 Job terminated.
	(1) Normal termination (return value 0)
		Usr 0 00:23:06, Sys 0 00:00:16  -  Run Remote Usage
		Usr 0 00:00:00, Sys 0 00:00:00  -  Run Local Usage
		Usr 0 00:23:06, Sys 0 00:00:16  -  Total Remote Usage
		Usr 0 00:00:00, Sys 0 00:00:00  -  Total Local Usage
	0  -  Run Bytes Sent By Job
	0  -  Run Bytes Received By Job
	0  -  Total Bytes Sent By Job
	0  -  Total Bytes Received By Job
	Partitionable Resources :    Usage  Request Allocated 
	   admin_mutex_1         :                           0 
	   admin_mutex_2         :                           0 
	   admin_mutex_3         :                           0 
	   Cpus                  :     0.90        1         1 
	   Disk (KB)             :    10        2048      5480 
	   GPUs                  :                           0 
	   machine_token         :                           0 
	   Memory (MB)           :   288        6000      6016 
	   TimeExecute (s)       :  1469                       
	   TimeSlotBusy (s)      :  1470                       

	Job terminated of its own accord at 2026-06-02T21:42:09Z with exit-code 0.
...
