000 (19532677.000.000) 2026-06-02 15:48:26 Job submitted from host: <10.128.10.103:9618?addrs=10.128.10.103-9618&alias=npx-submitter.icecube.wisc.edu&noUDP&sock=schedd_2449_6386>
    DAG Node: Drootprod_20160121_42752
...
001 (19532677.000.000) 2026-06-02 15:48:38 Job executing on host: <10.128.10.115:33587?addrs=10.128.10.115-33587&alias=n-gibyte-00.icecube.wisc.edu>
	SlotName: slot1_458@n-gibyte-00.icecube.wisc.edu
	admin_mutex_1 = 0
	admin_mutex_2 = 0
	admin_mutex_3 = 0
	CondorScratchDir = "/scratch/condor/dir_2017222"
	Cpus = 1
	Disk = 5480
	GPUs = 0
	machine_token = 0
	Memory = 6016
...
006 (19532677.000.000) 2026-06-02 15:48:51 Image size of job updated: 120540
	118  -  MemoryUsage of job (MB)
	120540  -  ResidentSetSize of job (KB)
...
006 (19532677.000.000) 2026-06-02 15:53:52 Image size of job updated: 143696
	141  -  MemoryUsage of job (MB)
	143696  -  ResidentSetSize of job (KB)
...
006 (19532677.000.000) 2026-06-02 15:58:52 Image size of job updated: 167456
	164  -  MemoryUsage of job (MB)
	167456  -  ResidentSetSize of job (KB)
...
006 (19532677.000.000) 2026-06-02 16:03:53 Image size of job updated: 285364
	279  -  MemoryUsage of job (MB)
	285364  -  ResidentSetSize of job (KB)
...
006 (19532677.000.000) 2026-06-02 16:08:53 Image size of job updated: 416876
	408  -  MemoryUsage of job (MB)
	416876  -  ResidentSetSize of job (KB)
...
006 (19532677.000.000) 2026-06-02 16:12:54 Image size of job updated: 709632
	408  -  MemoryUsage of job (MB)
	416876  -  ResidentSetSize of job (KB)
...
005 (19532677.000.000) 2026-06-02 16:12:54 Job terminated.
	(1) Normal termination (return value 0)
		Usr 0 00:22:42, Sys 0 00:00:17  -  Run Remote Usage
		Usr 0 00:00:00, Sys 0 00:00:00  -  Run Local Usage
		Usr 0 00:22:42, Sys 0 00:00:17  -  Total Remote Usage
		Usr 0 00:00:00, Sys 0 00:00:00  -  Total Local Usage
	0  -  Run Bytes Sent By Job
	0  -  Run Bytes Received By Job
	0  -  Total Bytes Sent By Job
	0  -  Total Bytes Received By Job
	Partitionable Resources :    Usage  Request Allocated 
	   admin_mutex_1         :                           0 
	   admin_mutex_2         :                           0 
	   admin_mutex_3         :                           0 
	   Cpus                  :     0.99        1         1 
	   Disk (KB)             :    15        2048      5480 
	   GPUs                  :                           0 
	   machine_token         :                           0 
	   Memory (MB)           :   408        6000      6016 
	   TimeExecute (s)       :  1456                       
	   TimeSlotBusy (s)      :  1457                       

	Job terminated of its own accord at 2026-06-02T21:12:54Z with exit-code 0.
...
