000 (19537312.000.000) 2026-06-02 15:58:30 Job submitted from host: <10.128.10.103:9618?addrs=10.128.10.103-9618&alias=npx-submitter.icecube.wisc.edu&noUDP&sock=schedd_2449_6386>
    DAG Node: Drootprod_20161208_15979
...
001 (19537312.000.000) 2026-06-02 17:36:04 Job executing on host: <10.128.10.166:41035?addrs=10.128.10.166-41035&alias=n-gpu-30.icecube.wisc.edu>
	SlotName: slot1_6@n-gpu-30.icecube.wisc.edu
	admin_mutex_1 = 0
	admin_mutex_2 = 0
	admin_mutex_3 = 0
	AvailableGPUs = {  }
	CondorScratchDir = "/scratch/condor/dir_2461461"
	Cpus = 1
	Disk = 3072
	GPUs = 0
	machine_token = 0
	Memory = 6016
...
006 (19537312.000.000) 2026-06-02 17:36:17 Image size of job updated: 122168
	120  -  MemoryUsage of job (MB)
	122168  -  ResidentSetSize of job (KB)
...
006 (19537312.000.000) 2026-06-02 17:41:17 Image size of job updated: 161496
	158  -  MemoryUsage of job (MB)
	161496  -  ResidentSetSize of job (KB)
...
006 (19537312.000.000) 2026-06-02 17:46:18 Image size of job updated: 307368
	301  -  MemoryUsage of job (MB)
	307368  -  ResidentSetSize of job (KB)
...
006 (19537312.000.000) 2026-06-02 17:51:18 Image size of job updated: 817736
	799  -  MemoryUsage of job (MB)
	817736  -  ResidentSetSize of job (KB)
...
005 (19537312.000.000) 2026-06-02 17:51:19 Job terminated.
	(1) Normal termination (return value 0)
		Usr 0 00:14:30, Sys 0 00:00:12  -  Run Remote Usage
		Usr 0 00:00:00, Sys 0 00:00:00  -  Run Local Usage
		Usr 0 00:14:30, Sys 0 00:00:12  -  Total Remote Usage
		Usr 0 00:00:00, Sys 0 00:00:00  -  Total Local Usage
	0  -  Run Bytes Sent By Job
	0  -  Run Bytes Received By Job
	0  -  Total Bytes Sent By Job
	0  -  Total Bytes Received By Job
	Partitionable Resources :    Usage  Request Allocated 
	   admin_mutex_1         :                           0 
	   admin_mutex_2         :                           0 
	   admin_mutex_3         :                           0 
	   Cpus                  :     0.99        1         1 
	   Disk (KB)             :    12        2048      3072 
	   GPUs                  :                           0 
	   machine_token         :                           0 
	   Memory (MB)           :   799        6000      6016 
	   TimeExecute (s)       :   915                       
	   TimeSlotBusy (s)      :   915                       

	Job terminated of its own accord at 2026-06-02T22:51:19Z with exit-code 0.
...
