000 (19536960.000.000) 2026-06-02 15:57:36 Job submitted from host: <10.128.10.103:9618?addrs=10.128.10.103-9618&alias=npx-submitter.icecube.wisc.edu&noUDP&sock=schedd_2449_6386>
    DAG Node: Drootprod_20161110_62157
...
001 (19536960.000.000) 2026-06-02 17:29:56 Job executing on host: <10.128.10.187:34023?addrs=10.128.10.187-34023&alias=n-smepyc-00.icecube.wisc.edu>
	SlotName: slot1_56@n-smepyc-00.icecube.wisc.edu
	admin_mutex_1 = 0
	admin_mutex_2 = 0
	admin_mutex_3 = 0
	CondorScratchDir = "/scratch/condor/dir_2004197"
	Cpus = 1
	Disk = 3072
	GPUs = 0
	machine_token = 0
	Memory = 6016
...
006 (19536960.000.000) 2026-06-02 17:30:09 Image size of job updated: 123000
	121  -  MemoryUsage of job (MB)
	123000  -  ResidentSetSize of job (KB)
...
006 (19536960.000.000) 2026-06-02 17:35:09 Image size of job updated: 171252
	168  -  MemoryUsage of job (MB)
	171252  -  ResidentSetSize of job (KB)
...
006 (19536960.000.000) 2026-06-02 17:40:10 Image size of job updated: 459280
	449  -  MemoryUsage of job (MB)
	459280  -  ResidentSetSize of job (KB)
...
006 (19536960.000.000) 2026-06-02 17:41:47 Image size of job updated: 474856
	449  -  MemoryUsage of job (MB)
	459280  -  ResidentSetSize of job (KB)
...
005 (19536960.000.000) 2026-06-02 17:41:47 Job terminated.
	(1) Normal termination (return value 0)
		Usr 0 00:11:19, Sys 0 00:00:11  -  Run Remote Usage
		Usr 0 00:00:00, Sys 0 00:00:00  -  Run Local Usage
		Usr 0 00:11:19, Sys 0 00:00:11  -  Total Remote Usage
		Usr 0 00:00:00, Sys 0 00:00:00  -  Total Local Usage
	0  -  Run Bytes Sent By Job
	0  -  Run Bytes Received By Job
	0  -  Total Bytes Sent By Job
	0  -  Total Bytes Received By Job
	Partitionable Resources :    Usage  Request Allocated 
	   admin_mutex_1         :                           0 
	   admin_mutex_2         :                           0 
	   admin_mutex_3         :                           0 
	   Cpus                  :     0.98        1         1 
	   Disk (KB)             :    12        2048      3072 
	   GPUs                  :                           0 
	   machine_token         :                           0 
	   Memory (MB)           :   449        6000      6016 
	   TimeExecute (s)       :   711                       
	   TimeSlotBusy (s)      :   711                       

	Job terminated of its own accord at 2026-06-02T22:41:47Z with exit-code 0.
...
