000 (19535670.000.000) 2026-06-02 15:54:51 Job submitted from host: <10.128.10.103:9618?addrs=10.128.10.103-9618&alias=npx-submitter.icecube.wisc.edu&noUDP&sock=schedd_2449_6386>
    DAG Node: Drootprod_20160813_86340
...
001 (19535670.000.000) 2026-06-02 16:57:39 Job executing on host: <10.128.11.28:42045?addrs=10.128.11.28-42045&alias=n-smbc-09.icecube.wisc.edu>
	SlotName: slot1_1@n-smbc-09.icecube.wisc.edu
	admin_mutex_1 = 0
	admin_mutex_2 = 0
	admin_mutex_3 = 0
	CondorScratchDir = "/scratch/condor/dir_4042425"
	Cpus = 1
	Disk = 3072
	GPUs = 0
	machine_token = 0
	Memory = 6016
...
006 (19535670.000.000) 2026-06-02 16:57:53 Image size of job updated: 122148
	120  -  MemoryUsage of job (MB)
	122148  -  ResidentSetSize of job (KB)
...
006 (19535670.000.000) 2026-06-02 17:02:54 Image size of job updated: 156736
	154  -  MemoryUsage of job (MB)
	156736  -  ResidentSetSize of job (KB)
...
006 (19535670.000.000) 2026-06-02 17:07:55 Image size of job updated: 294776
	288  -  MemoryUsage of job (MB)
	294776  -  ResidentSetSize of job (KB)
...
006 (19535670.000.000) 2026-06-02 17:12:55 Image size of job updated: 452608
	442  -  MemoryUsage of job (MB)
	452608  -  ResidentSetSize of job (KB)
...
006 (19535670.000.000) 2026-06-02 17:15:31 Image size of job updated: 466036
	442  -  MemoryUsage of job (MB)
	452608  -  ResidentSetSize of job (KB)
...
005 (19535670.000.000) 2026-06-02 17:15:31 Job terminated.
	(1) Normal termination (return value 0)
		Usr 0 00:16:50, Sys 0 00:00:09  -  Run Remote Usage
		Usr 0 00:00:00, Sys 0 00:00:00  -  Run Local Usage
		Usr 0 00:16:50, Sys 0 00:00:09  -  Total Remote Usage
		Usr 0 00:00:00, Sys 0 00:00:00  -  Total Local Usage
	0  -  Run Bytes Sent By Job
	0  -  Run Bytes Received By Job
	0  -  Total Bytes Sent By Job
	0  -  Total Bytes Received By Job
	Partitionable Resources :    Usage  Request Allocated 
	   admin_mutex_1         :                           0 
	   admin_mutex_2         :                           0 
	   admin_mutex_3         :                           0 
	   Cpus                  :     0.96        1         1 
	   Disk (KB)             :    10        2048      3072 
	   GPUs                  :                           0 
	   machine_token         :                           0 
	   Memory (MB)           :   442        6000      6016 
	   TimeExecute (s)       :  1072                       
	   TimeSlotBusy (s)      :  1072                       

	Job terminated of its own accord at 2026-06-02T22:15:31Z with exit-code 0.
...
