000 (19535075.000.000) 2026-06-02 15:53:35 Job submitted from host: <10.128.10.103:9618?addrs=10.128.10.103-9618&alias=npx-submitter.icecube.wisc.edu&noUDP&sock=schedd_2449_6386>
    DAG Node: Drootprod_20160704_43220
...
001 (19535075.000.000) 2026-06-02 16:46:08 Job executing on host: <10.128.10.187:34023?addrs=10.128.10.187-34023&alias=n-smepyc-00.icecube.wisc.edu>
	SlotName: slot1_64@n-smepyc-00.icecube.wisc.edu
	admin_mutex_1 = 0
	admin_mutex_2 = 0
	admin_mutex_3 = 0
	CondorScratchDir = "/scratch/condor/dir_1836563"
	Cpus = 1
	Disk = 3072
	GPUs = 0
	machine_token = 0
	Memory = 6016
...
006 (19535075.000.000) 2026-06-02 16:46:22 Image size of job updated: 123396
	121  -  MemoryUsage of job (MB)
	123396  -  ResidentSetSize of job (KB)
...
006 (19535075.000.000) 2026-06-02 16:51:23 Image size of job updated: 169904
	166  -  MemoryUsage of job (MB)
	169904  -  ResidentSetSize of job (KB)
...
006 (19535075.000.000) 2026-06-02 16:56:23 Image size of job updated: 319160
	312  -  MemoryUsage of job (MB)
	319160  -  ResidentSetSize of job (KB)
...
006 (19535075.000.000) 2026-06-02 17:01:24 Image size of job updated: 824360
	806  -  MemoryUsage of job (MB)
	824360  -  ResidentSetSize of job (KB)
...
006 (19535075.000.000) 2026-06-02 17:02:23 Image size of job updated: 832228
	806  -  MemoryUsage of job (MB)
	824360  -  ResidentSetSize of job (KB)
...
005 (19535075.000.000) 2026-06-02 17:02:23 Job terminated.
	(1) Normal termination (return value 0)
		Usr 0 00:15:32, Sys 0 00:00:12  -  Run Remote Usage
		Usr 0 00:00:00, Sys 0 00:00:00  -  Run Local Usage
		Usr 0 00:15:32, Sys 0 00:00:12  -  Total Remote Usage
		Usr 0 00:00:00, Sys 0 00:00:00  -  Total Local Usage
	0  -  Run Bytes Sent By Job
	0  -  Run Bytes Received By Job
	0  -  Total Bytes Sent By Job
	0  -  Total Bytes Received By Job
	Partitionable Resources :    Usage  Request Allocated 
	   admin_mutex_1         :                           0 
	   admin_mutex_2         :                           0 
	   admin_mutex_3         :                           0 
	   Cpus                  :     0.99        1         1 
	   Disk (KB)             :    10        2048      3072 
	   GPUs                  :                           0 
	   machine_token         :                           0 
	   Memory (MB)           :   806        6000      6016 
	   TimeExecute (s)       :   975                       
	   TimeSlotBusy (s)      :   975                       

	Job terminated of its own accord at 2026-06-02T22:02:23Z with exit-code 0.
...
