000 (19537257.000.000) 2026-06-02 15:58:20 Job submitted from host: <10.128.10.103:9618?addrs=10.128.10.103-9618&alias=npx-submitter.icecube.wisc.edu&noUDP&sock=schedd_2449_6386>
    DAG Node: Drootprod_20161203_95251
...
001 (19537257.000.000) 2026-06-02 17:35:04 Job executing on host: <10.128.10.115:33587?addrs=10.128.10.115-33587&alias=n-gibyte-00.icecube.wisc.edu>
	SlotName: slot1_61@n-gibyte-00.icecube.wisc.edu
	admin_mutex_1 = 0
	admin_mutex_2 = 0
	admin_mutex_3 = 0
	CondorScratchDir = "/scratch/condor/dir_2429388"
	Cpus = 1
	Disk = 5480
	GPUs = 0
	machine_token = 0
	Memory = 6016
...
006 (19537257.000.000) 2026-06-02 17:35:18 Image size of job updated: 119664
	117  -  MemoryUsage of job (MB)
	119664  -  ResidentSetSize of job (KB)
...
006 (19537257.000.000) 2026-06-02 17:40:18 Image size of job updated: 145712
	143  -  MemoryUsage of job (MB)
	145712  -  ResidentSetSize of job (KB)
...
006 (19537257.000.000) 2026-06-02 17:45:19 Image size of job updated: 165252
	162  -  MemoryUsage of job (MB)
	165252  -  ResidentSetSize of job (KB)
...
006 (19537257.000.000) 2026-06-02 17:50:19 Image size of job updated: 184220
	180  -  MemoryUsage of job (MB)
	184220  -  ResidentSetSize of job (KB)
...
006 (19537257.000.000) 2026-06-02 17:55:20 Image size of job updated: 306624
	300  -  MemoryUsage of job (MB)
	306624  -  ResidentSetSize of job (KB)
...
006 (19537257.000.000) 2026-06-02 18:00:20 Image size of job updated: 454096
	444  -  MemoryUsage of job (MB)
	454096  -  ResidentSetSize of job (KB)
...
006 (19537257.000.000) 2026-06-02 18:05:20 Image size of job updated: 467984
	458  -  MemoryUsage of job (MB)
	467984  -  ResidentSetSize of job (KB)
...
006 (19537257.000.000) 2026-06-02 18:07:32 Image size of job updated: 650876
	458  -  MemoryUsage of job (MB)
	467984  -  ResidentSetSize of job (KB)
...
005 (19537257.000.000) 2026-06-02 18:07:32 Job terminated.
	(1) Normal termination (return value 0)
		Usr 0 00:31:01, Sys 0 00:00:18  -  Run Remote Usage
		Usr 0 00:00:00, Sys 0 00:00:00  -  Run Local Usage
		Usr 0 00:31:01, Sys 0 00:00:18  -  Total Remote Usage
		Usr 0 00:00:00, Sys 0 00:00:00  -  Total Local Usage
	0  -  Run Bytes Sent By Job
	0  -  Run Bytes Received By Job
	0  -  Total Bytes Sent By Job
	0  -  Total Bytes Received By Job
	Partitionable Resources :    Usage  Request Allocated 
	   admin_mutex_1         :                           0 
	   admin_mutex_2         :                           0 
	   admin_mutex_3         :                           0 
	   Cpus                  :     0.98        1         1 
	   Disk (KB)             :    12        2048      5480 
	   GPUs                  :                           0 
	   machine_token         :                           0 
	   Memory (MB)           :   458        6000      6016 
	   TimeExecute (s)       :  1948                       
	   TimeSlotBusy (s)      :  1948                       

	Job terminated of its own accord at 2026-06-02T23:07:32Z with exit-code 0.
...
