000 (19532779.000.000) 2026-06-02 15:48:46 Job submitted from host: <10.128.10.103:9618?addrs=10.128.10.103-9618&alias=npx-submitter.icecube.wisc.edu&noUDP&sock=schedd_2449_6386>
    DAG Node: Drootprod_20160131_6546
...
001 (19532779.000.000) 2026-06-02 15:51:51 Job executing on host: <10.128.11.104:41225?addrs=10.128.11.104-41225&alias=n-r720-45.icecube.wisc.edu>
	SlotName: slot1_22@n-r720-45.icecube.wisc.edu
	admin_mutex_1 = 0
	admin_mutex_2 = 0
	admin_mutex_3 = 0
	CondorScratchDir = "/scratch/condor/dir_942081"
	Cpus = 1
	Disk = 3717
	GPUs = 0
	machine_token = 0
	Memory = 6016
...
006 (19532779.000.000) 2026-06-02 15:52:04 Image size of job updated: 119388
	117  -  MemoryUsage of job (MB)
	119388  -  ResidentSetSize of job (KB)
...
006 (19532779.000.000) 2026-06-02 15:57:04 Image size of job updated: 144232
	141  -  MemoryUsage of job (MB)
	144232  -  ResidentSetSize of job (KB)
...
006 (19532779.000.000) 2026-06-02 16:02:05 Image size of job updated: 164752
	161  -  MemoryUsage of job (MB)
	164752  -  ResidentSetSize of job (KB)
...
006 (19532779.000.000) 2026-06-02 16:07:06 Image size of job updated: 281704
	276  -  MemoryUsage of job (MB)
	281704  -  ResidentSetSize of job (KB)
...
006 (19532779.000.000) 2026-06-02 16:12:06 Image size of job updated: 429220
	420  -  MemoryUsage of job (MB)
	429220  -  ResidentSetSize of job (KB)
...
006 (19532779.000.000) 2026-06-02 16:14:16 Image size of job updated: 437720
	420  -  MemoryUsage of job (MB)
	429220  -  ResidentSetSize of job (KB)
...
005 (19532779.000.000) 2026-06-02 16:14:16 Job terminated.
	(1) Normal termination (return value 0)
		Usr 0 00:21:04, Sys 0 00:00:17  -  Run Remote Usage
		Usr 0 00:00:00, Sys 0 00:00:00  -  Run Local Usage
		Usr 0 00:21:04, Sys 0 00:00:17  -  Total Remote Usage
		Usr 0 00:00:00, Sys 0 00:00:00  -  Total Local Usage
	0  -  Run Bytes Sent By Job
	0  -  Run Bytes Received By Job
	0  -  Total Bytes Sent By Job
	0  -  Total Bytes Received By Job
	Partitionable Resources :    Usage  Request Allocated 
	   admin_mutex_1         :                           0 
	   admin_mutex_2         :                           0 
	   admin_mutex_3         :                           0 
	   Cpus                  :     0.94        1         1 
	   Disk (KB)             :    12        2048      3717 
	   GPUs                  :                           0 
	   machine_token         :                           0 
	   Memory (MB)           :   420        6000      6016 
	   TimeExecute (s)       :  1345                       
	   TimeSlotBusy (s)      :  1345                       

	Job terminated of its own accord at 2026-06-02T21:14:16Z with exit-code 0.
...
