000 (19532512.000.000) 2026-06-02 15:47:52 Job submitted from host: <10.128.10.103:9618?addrs=10.128.10.103-9618&alias=npx-submitter.icecube.wisc.edu&noUDP&sock=schedd_2449_6386>
    DAG Node: Drootprod_20160103_81280
...
001 (19532512.000.000) 2026-06-02 15:47:54 Job executing on host: <10.128.10.187:34023?addrs=10.128.10.187-34023&alias=n-smepyc-00.icecube.wisc.edu>
	SlotName: slot1_32@n-smepyc-00.icecube.wisc.edu
	admin_mutex_1 = 0
	admin_mutex_2 = 0
	admin_mutex_3 = 0
	CondorScratchDir = "/scratch/condor/dir_1611555"
	Cpus = 1
	Disk = 3072
	GPUs = 0
	machine_token = 0
	Memory = 6016
...
006 (19532512.000.000) 2026-06-02 15:48:08 Image size of job updated: 123504
	121  -  MemoryUsage of job (MB)
	123504  -  ResidentSetSize of job (KB)
...
006 (19532512.000.000) 2026-06-02 15:53:09 Image size of job updated: 160760
	157  -  MemoryUsage of job (MB)
	160760  -  ResidentSetSize of job (KB)
...
006 (19532512.000.000) 2026-06-02 15:58:09 Image size of job updated: 406964
	398  -  MemoryUsage of job (MB)
	406964  -  ResidentSetSize of job (KB)
...
006 (19532512.000.000) 2026-06-02 15:59:21 Image size of job updated: 414648
	398  -  MemoryUsage of job (MB)
	406964  -  ResidentSetSize of job (KB)
...
005 (19532512.000.000) 2026-06-02 15:59:21 Job terminated.
	(1) Normal termination (return value 0)
		Usr 0 00:10:31, Sys 0 00:00:09  -  Run Remote Usage
		Usr 0 00:00:00, Sys 0 00:00:00  -  Run Local Usage
		Usr 0 00:10:31, Sys 0 00:00:09  -  Total Remote Usage
		Usr 0 00:00:00, Sys 0 00:00:00  -  Total Local Usage
	0  -  Run Bytes Sent By Job
	0  -  Run Bytes Received By Job
	0  -  Total Bytes Sent By Job
	0  -  Total Bytes Received By Job
	Partitionable Resources :    Usage  Request Allocated 
	   admin_mutex_1         :                           0 
	   admin_mutex_2         :                           0 
	   admin_mutex_3         :                           0 
	   Cpus                  :     0.91        1         1 
	   Disk (KB)             :    12        2048      3072 
	   GPUs                  :                           0 
	   machine_token         :                           0 
	   Memory (MB)           :   398        6000      6016 
	   TimeExecute (s)       :   687                       
	   TimeSlotBusy (s)      :   687                       

	Job terminated of its own accord at 2026-06-02T20:59:21Z with exit-code 0.
...
