000 (19534483.000.000) 2026-06-02 15:52:29 Job submitted from host: <10.128.10.103:9618?addrs=10.128.10.103-9618&alias=npx-submitter.icecube.wisc.edu&noUDP&sock=schedd_2449_6386>
    DAG Node: Drootprod_20160531_48356
...
001 (19534483.000.000) 2026-06-02 16:34:55 Job executing on host: <10.128.10.190:46289?addrs=10.128.10.190-46289&alias=n-smepyc-03.icecube.wisc.edu>
	SlotName: slot1_42@n-smepyc-03.icecube.wisc.edu
	admin_mutex_1 = 0
	admin_mutex_2 = 0
	admin_mutex_3 = 0
	CondorScratchDir = "/scratch/condor/dir_3636748"
	Cpus = 1
	Disk = 3072
	GPUs = 0
	machine_token = 0
	Memory = 6016
...
006 (19534483.000.000) 2026-06-02 16:35:09 Image size of job updated: 123784
	121  -  MemoryUsage of job (MB)
	123784  -  ResidentSetSize of job (KB)
...
006 (19534483.000.000) 2026-06-02 16:40:10 Image size of job updated: 179348
	176  -  MemoryUsage of job (MB)
	179348  -  ResidentSetSize of job (KB)
...
006 (19534483.000.000) 2026-06-02 16:45:10 Image size of job updated: 807528
	789  -  MemoryUsage of job (MB)
	807528  -  ResidentSetSize of job (KB)
...
006 (19534483.000.000) 2026-06-02 16:46:28 Image size of job updated: 849640
	789  -  MemoryUsage of job (MB)
	807528  -  ResidentSetSize of job (KB)
...
005 (19534483.000.000) 2026-06-02 16:46:28 Job terminated.
	(1) Normal termination (return value 0)
		Usr 0 00:10:54, Sys 0 00:00:12  -  Run Remote Usage
		Usr 0 00:00:00, Sys 0 00:00:00  -  Run Local Usage
		Usr 0 00:10:54, Sys 0 00:00:12  -  Total Remote Usage
		Usr 0 00:00:00, Sys 0 00:00:00  -  Total Local Usage
	0  -  Run Bytes Sent By Job
	0  -  Run Bytes Received By Job
	0  -  Total Bytes Sent By Job
	0  -  Total Bytes Received By Job
	Partitionable Resources :    Usage  Request Allocated 
	   admin_mutex_1         :                           0 
	   admin_mutex_2         :                           0 
	   admin_mutex_3         :                           0 
	   Cpus                  :     0.98        1         1 
	   Disk (KB)             :    10        2048      3072 
	   GPUs                  :                           0 
	   machine_token         :                           0 
	   Memory (MB)           :   789        6000      6016 
	   TimeExecute (s)       :   693                       
	   TimeSlotBusy (s)      :   693                       

	Job terminated of its own accord at 2026-06-02T21:46:28Z with exit-code 0.
...
