000 (19537130.000.000) 2026-06-02 15:58:00 Job submitted from host: <10.128.10.103:9618?addrs=10.128.10.103-9618&alias=npx-submitter.icecube.wisc.edu&noUDP&sock=schedd_2449_6386>
    DAG Node: Drootprod_20161124_95548
...
001 (19537130.000.000) 2026-06-02 17:32:15 Job executing on host: <10.128.11.112:41791?addrs=10.128.11.112-41791&alias=n-r720-53.icecube.wisc.edu>
	SlotName: slot1_20@n-r720-53.icecube.wisc.edu
	admin_mutex_1 = 0
	admin_mutex_2 = 0
	admin_mutex_3 = 0
	CondorScratchDir = "/scratch/condor/dir_1281645"
	Cpus = 1
	Disk = 3717
	GPUs = 0
	machine_token = 0
	Memory = 6016
...
006 (19537130.000.000) 2026-06-02 17:32:28 Image size of job updated: 120120
	118  -  MemoryUsage of job (MB)
	120120  -  ResidentSetSize of job (KB)
...
006 (19537130.000.000) 2026-06-02 17:37:28 Image size of job updated: 143984
	141  -  MemoryUsage of job (MB)
	143984  -  ResidentSetSize of job (KB)
...
006 (19537130.000.000) 2026-06-02 17:42:28 Image size of job updated: 164116
	161  -  MemoryUsage of job (MB)
	164116  -  ResidentSetSize of job (KB)
...
006 (19537130.000.000) 2026-06-02 17:47:29 Image size of job updated: 294324
	288  -  MemoryUsage of job (MB)
	294324  -  ResidentSetSize of job (KB)
...
006 (19537130.000.000) 2026-06-02 17:51:53 Image size of job updated: 310376
	288  -  MemoryUsage of job (MB)
	294324  -  ResidentSetSize of job (KB)
...
005 (19537130.000.000) 2026-06-02 17:51:53 Job terminated.
	(1) Normal termination (return value 0)
		Usr 0 00:18:47, Sys 0 00:00:14  -  Run Remote Usage
		Usr 0 00:00:00, Sys 0 00:00:00  -  Run Local Usage
		Usr 0 00:18:47, Sys 0 00:00:14  -  Total Remote Usage
		Usr 0 00:00:00, Sys 0 00:00:00  -  Total Local Usage
	0  -  Run Bytes Sent By Job
	0  -  Run Bytes Received By Job
	0  -  Total Bytes Sent By Job
	0  -  Total Bytes Received By Job
	Partitionable Resources :    Usage  Request Allocated 
	   admin_mutex_1         :                           0 
	   admin_mutex_2         :                           0 
	   admin_mutex_3         :                           0 
	   Cpus                  :     0.99        1         1 
	   Disk (KB)             :    10        2048      3717 
	   GPUs                  :                           0 
	   machine_token         :                           0 
	   Memory (MB)           :   288        6000      6016 
	   TimeExecute (s)       :  1179                       
	   TimeSlotBusy (s)      :  1179                       

	Job terminated of its own accord at 2026-06-02T22:51:53Z with exit-code 0.
...
