000 (19533270.000.000) 2026-06-02 15:50:02 Job submitted from host: <10.128.10.103:9618?addrs=10.128.10.103-9618&alias=npx-submitter.icecube.wisc.edu&noUDP&sock=schedd_2449_6386>
    DAG Node: Drootprod_20160311_16116
...
001 (19533270.000.000) 2026-06-02 16:10:21 Job executing on host: <10.128.10.115:33587?addrs=10.128.10.115-33587&alias=n-gibyte-00.icecube.wisc.edu>
	SlotName: slot1_300@n-gibyte-00.icecube.wisc.edu
	admin_mutex_1 = 0
	admin_mutex_2 = 0
	admin_mutex_3 = 0
	CondorScratchDir = "/scratch/condor/dir_2094055"
	Cpus = 1
	Disk = 5480
	GPUs = 0
	machine_token = 0
	Memory = 6016
...
006 (19533270.000.000) 2026-06-02 16:10:34 Image size of job updated: 120672
	118  -  MemoryUsage of job (MB)
	120672  -  ResidentSetSize of job (KB)
...
006 (19533270.000.000) 2026-06-02 16:15:34 Image size of job updated: 145340
	142  -  MemoryUsage of job (MB)
	145340  -  ResidentSetSize of job (KB)
...
006 (19533270.000.000) 2026-06-02 16:20:35 Image size of job updated: 164236
	161  -  MemoryUsage of job (MB)
	164236  -  ResidentSetSize of job (KB)
...
006 (19533270.000.000) 2026-06-02 16:25:36 Image size of job updated: 279300
	273  -  MemoryUsage of job (MB)
	279300  -  ResidentSetSize of job (KB)
...
006 (19533270.000.000) 2026-06-02 16:28:56 Image size of job updated: 290896
	273  -  MemoryUsage of job (MB)
	279300  -  ResidentSetSize of job (KB)
...
005 (19533270.000.000) 2026-06-02 16:28:57 Job terminated.
	(1) Normal termination (return value 0)
		Usr 0 00:17:28, Sys 0 00:00:12  -  Run Remote Usage
		Usr 0 00:00:00, Sys 0 00:00:00  -  Run Local Usage
		Usr 0 00:17:28, Sys 0 00:00:12  -  Total Remote Usage
		Usr 0 00:00:00, Sys 0 00:00:00  -  Total Local Usage
	0  -  Run Bytes Sent By Job
	0  -  Run Bytes Received By Job
	0  -  Total Bytes Sent By Job
	0  -  Total Bytes Received By Job
	Partitionable Resources :    Usage  Request Allocated 
	   admin_mutex_1         :                           0 
	   admin_mutex_2         :                           0 
	   admin_mutex_3         :                           0 
	   Cpus                  :     0.91        1         1 
	   Disk (KB)             :    10        2048      5480 
	   GPUs                  :                           0 
	   machine_token         :                           0 
	   Memory (MB)           :   273        6000      6016 
	   TimeExecute (s)       :  1115                       
	   TimeSlotBusy (s)      :  1116                       

	Job terminated of its own accord at 2026-06-02T21:28:56Z with exit-code 0.
...
