000 (19535768.000.000) 2026-06-02 15:55:03 Job submitted from host: <10.128.10.103:9618?addrs=10.128.10.103-9618&alias=npx-submitter.icecube.wisc.edu&noUDP&sock=schedd_2449_6386>
    DAG Node: Drootprod_20160820_41649
...
001 (19535768.000.000) 2026-06-02 16:59:26 Job executing on host: <10.128.10.115:33587?addrs=10.128.10.115-33587&alias=n-gibyte-00.icecube.wisc.edu>
	SlotName: slot1_6@n-gibyte-00.icecube.wisc.edu
	admin_mutex_1 = 0
	admin_mutex_2 = 0
	admin_mutex_3 = 0
	CondorScratchDir = "/scratch/condor/dir_2280984"
	Cpus = 1
	Disk = 5480
	GPUs = 0
	machine_token = 0
	Memory = 6016
...
006 (19535768.000.000) 2026-06-02 16:59:40 Image size of job updated: 121488
	119  -  MemoryUsage of job (MB)
	121488  -  ResidentSetSize of job (KB)
...
006 (19535768.000.000) 2026-06-02 17:04:41 Image size of job updated: 150232
	147  -  MemoryUsage of job (MB)
	150232  -  ResidentSetSize of job (KB)
...
006 (19535768.000.000) 2026-06-02 17:09:41 Image size of job updated: 169204
	166  -  MemoryUsage of job (MB)
	169204  -  ResidentSetSize of job (KB)
...
006 (19535768.000.000) 2026-06-02 17:14:42 Image size of job updated: 299616
	293  -  MemoryUsage of job (MB)
	299616  -  ResidentSetSize of job (KB)
...
006 (19535768.000.000) 2026-06-02 17:19:42 Image size of job updated: 454476
	444  -  MemoryUsage of job (MB)
	454476  -  ResidentSetSize of job (KB)
...
006 (19535768.000.000) 2026-06-02 17:24:43 Image size of job updated: 647848
	633  -  MemoryUsage of job (MB)
	647848  -  ResidentSetSize of job (KB)
...
006 (19535768.000.000) 2026-06-02 17:26:39 Image size of job updated: 811436
	633  -  MemoryUsage of job (MB)
	647848  -  ResidentSetSize of job (KB)
...
005 (19535768.000.000) 2026-06-02 17:26:40 Job terminated.
	(1) Normal termination (return value 0)
		Usr 0 00:25:54, Sys 0 00:00:17  -  Run Remote Usage
		Usr 0 00:00:00, Sys 0 00:00:00  -  Run Local Usage
		Usr 0 00:25:54, Sys 0 00:00:17  -  Total Remote Usage
		Usr 0 00:00:00, Sys 0 00:00:00  -  Total Local Usage
	0  -  Run Bytes Sent By Job
	0  -  Run Bytes Received By Job
	0  -  Total Bytes Sent By Job
	0  -  Total Bytes Received By Job
	Partitionable Resources :    Usage  Request Allocated 
	   admin_mutex_1         :                           0 
	   admin_mutex_2         :                           0 
	   admin_mutex_3         :                           0 
	   Cpus                  :     0.98        1         1 
	   Disk (KB)             :    10        2048      5480 
	   GPUs                  :                           0 
	   machine_token         :                           0 
	   Memory (MB)           :   633        6000      6016 
	   TimeExecute (s)       :  1633                       
	   TimeSlotBusy (s)      :  1633                       

	Job terminated of its own accord at 2026-06-02T22:26:39Z with exit-code 0.
...
