000 (19535360.000.000) 2026-06-02 15:54:10 Job submitted from host: <10.128.10.103:9618?addrs=10.128.10.103-9618&alias=npx-submitter.icecube.wisc.edu&noUDP&sock=schedd_2449_6386>
    DAG Node: Drootprod_20160723_86205
...
001 (19535360.000.000) 2026-06-02 16:51:58 Job executing on host: <10.128.10.117:43719?addrs=10.128.10.117-43719&alias=n-gibyte-02.icecube.wisc.edu>
	SlotName: slot1_7@n-gibyte-02.icecube.wisc.edu
	admin_mutex_1 = 0
	admin_mutex_2 = 0
	admin_mutex_3 = 0
	CondorScratchDir = "/scratch/condor/dir_3543928"
	Cpus = 1
	Disk = 5480
	GPUs = 0
	machine_token = 0
	Memory = 6016
...
006 (19535360.000.000) 2026-06-02 16:52:11 Image size of job updated: 119112
	117  -  MemoryUsage of job (MB)
	119112  -  ResidentSetSize of job (KB)
...
006 (19535360.000.000) 2026-06-02 16:57:11 Image size of job updated: 141804
	139  -  MemoryUsage of job (MB)
	141804  -  ResidentSetSize of job (KB)
...
006 (19535360.000.000) 2026-06-02 17:02:12 Image size of job updated: 160396
	157  -  MemoryUsage of job (MB)
	160396  -  ResidentSetSize of job (KB)
...
006 (19535360.000.000) 2026-06-02 17:07:12 Image size of job updated: 180148
	176  -  MemoryUsage of job (MB)
	180148  -  ResidentSetSize of job (KB)
...
006 (19535360.000.000) 2026-06-02 17:12:13 Image size of job updated: 309108
	302  -  MemoryUsage of job (MB)
	309108  -  ResidentSetSize of job (KB)
...
006 (19535360.000.000) 2026-06-02 17:17:13 Image size of job updated: 462796
	452  -  MemoryUsage of job (MB)
	462796  -  ResidentSetSize of job (KB)
...
006 (19535360.000.000) 2026-06-02 17:22:14 Image size of job updated: 811112
	793  -  MemoryUsage of job (MB)
	811112  -  ResidentSetSize of job (KB)
...
006 (19535360.000.000) 2026-06-02 17:25:07 Image size of job updated: 829692
	793  -  MemoryUsage of job (MB)
	811112  -  ResidentSetSize of job (KB)
...
005 (19535360.000.000) 2026-06-02 17:25:07 Job terminated.
	(1) Normal termination (return value 0)
		Usr 0 00:31:42, Sys 0 00:00:20  -  Run Remote Usage
		Usr 0 00:00:00, Sys 0 00:00:00  -  Run Local Usage
		Usr 0 00:31:42, Sys 0 00:00:20  -  Total Remote Usage
		Usr 0 00:00:00, Sys 0 00:00:00  -  Total Local Usage
	0  -  Run Bytes Sent By Job
	0  -  Run Bytes Received By Job
	0  -  Total Bytes Sent By Job
	0  -  Total Bytes Received By Job
	Partitionable Resources :    Usage  Request Allocated 
	   admin_mutex_1         :                           0 
	   admin_mutex_2         :                           0 
	   admin_mutex_3         :                           0 
	   Cpus                  :     0.96        1         1 
	   Disk (KB)             :    10        2048      5480 
	   GPUs                  :                           0 
	   machine_token         :                           0 
	   Memory (MB)           :   793        6000      6016 
	   TimeExecute (s)       :  1989                       
	   TimeSlotBusy (s)      :  1990                       

	Job terminated of its own accord at 2026-06-02T22:25:07Z with exit-code 0.
...
