000 (19532927.000.000) 2026-06-02 15:49:10 Job submitted from host: <10.128.10.103:9618?addrs=10.128.10.103-9618&alias=npx-submitter.icecube.wisc.edu&noUDP&sock=schedd_2449_6386>
    DAG Node: Drootprod_20160214_56814
...
001 (19532927.000.000) 2026-06-02 15:58:02 Job executing on host: <10.128.10.238:43797?addrs=10.128.10.238-43797&alias=n-gpu-42.icecube.wisc.edu>
	SlotName: slot1_16@n-gpu-42.icecube.wisc.edu
	admin_mutex_1 = 0
	admin_mutex_2 = 0
	admin_mutex_3 = 0
	AvailableGPUs = {  }
	CondorScratchDir = "/scratch/condor/dir_1916587"
	Cpus = 1
	Disk = 3072
	GPUs = 0
	machine_token = 0
	Memory = 6016
...
006 (19532927.000.000) 2026-06-02 15:58:16 Image size of job updated: 120048
	118  -  MemoryUsage of job (MB)
	120048  -  ResidentSetSize of job (KB)
...
006 (19532927.000.000) 2026-06-02 16:03:17 Image size of job updated: 152132
	149  -  MemoryUsage of job (MB)
	152132  -  ResidentSetSize of job (KB)
...
006 (19532927.000.000) 2026-06-02 16:08:18 Image size of job updated: 275656
	270  -  MemoryUsage of job (MB)
	275656  -  ResidentSetSize of job (KB)
...
006 (19532927.000.000) 2026-06-02 16:12:25 Image size of job updated: 435104
	270  -  MemoryUsage of job (MB)
	275656  -  ResidentSetSize of job (KB)
...
005 (19532927.000.000) 2026-06-02 16:12:25 Job terminated.
	(1) Normal termination (return value 0)
		Usr 0 00:12:46, Sys 0 00:00:12  -  Run Remote Usage
		Usr 0 00:00:00, Sys 0 00:00:00  -  Run Local Usage
		Usr 0 00:12:46, Sys 0 00:00:12  -  Total Remote Usage
		Usr 0 00:00:00, Sys 0 00:00:00  -  Total Local Usage
	0  -  Run Bytes Sent By Job
	0  -  Run Bytes Received By Job
	0  -  Total Bytes Sent By Job
	0  -  Total Bytes Received By Job
	Partitionable Resources :    Usage  Request Allocated 
	   admin_mutex_1         :                           0 
	   admin_mutex_2         :                           0 
	   admin_mutex_3         :                           0 
	   Cpus                  :     0.95        1         1 
	   Disk (KB)             :    12        2048      3072 
	   GPUs                  :                           0 
	   machine_token         :                           0 
	   Memory (MB)           :   270        6000      6016 
	   TimeExecute (s)       :   863                       
	   TimeSlotBusy (s)      :   863                       

	Job terminated of its own accord at 2026-06-02T21:12:25Z with exit-code 0.
...
