000 (19535828.000.000) 2026-06-02 15:55:11 Job submitted from host: <10.128.10.103:9618?addrs=10.128.10.103-9618&alias=npx-submitter.icecube.wisc.edu&noUDP&sock=schedd_2449_6386>
    DAG Node: Drootprod_20160823_98442
...
001 (19535828.000.000) 2026-06-02 17:00:08 Job executing on host: <10.128.10.187:34023?addrs=10.128.10.187-34023&alias=n-smepyc-00.icecube.wisc.edu>
	SlotName: slot1_38@n-smepyc-00.icecube.wisc.edu
	admin_mutex_1 = 0
	admin_mutex_2 = 0
	admin_mutex_3 = 0
	CondorScratchDir = "/scratch/condor/dir_1889677"
	Cpus = 1
	Disk = 3072
	GPUs = 0
	machine_token = 0
	Memory = 6016
...
006 (19535828.000.000) 2026-06-02 17:00:21 Image size of job updated: 123364
	121  -  MemoryUsage of job (MB)
	123364  -  ResidentSetSize of job (KB)
...
006 (19535828.000.000) 2026-06-02 17:05:21 Image size of job updated: 165780
	162  -  MemoryUsage of job (MB)
	165780  -  ResidentSetSize of job (KB)
...
006 (19535828.000.000) 2026-06-02 17:10:22 Image size of job updated: 458328
	448  -  MemoryUsage of job (MB)
	458328  -  ResidentSetSize of job (KB)
...
006 (19535828.000.000) 2026-06-02 17:13:01 Image size of job updated: 827684
	448  -  MemoryUsage of job (MB)
	458328  -  ResidentSetSize of job (KB)
...
005 (19535828.000.000) 2026-06-02 17:13:01 Job terminated.
	(1) Normal termination (return value 0)
		Usr 0 00:11:54, Sys 0 00:00:11  -  Run Remote Usage
		Usr 0 00:00:00, Sys 0 00:00:00  -  Run Local Usage
		Usr 0 00:11:54, Sys 0 00:00:11  -  Total Remote Usage
		Usr 0 00:00:00, Sys 0 00:00:00  -  Total Local Usage
	0  -  Run Bytes Sent By Job
	0  -  Run Bytes Received By Job
	0  -  Total Bytes Sent By Job
	0  -  Total Bytes Received By Job
	Partitionable Resources :    Usage  Request Allocated 
	   admin_mutex_1         :                           0 
	   admin_mutex_2         :                           0 
	   admin_mutex_3         :                           0 
	   Cpus                  :     0.99        1         1 
	   Disk (KB)             :    10        2048      3072 
	   GPUs                  :                           0 
	   machine_token         :                           0 
	   Memory (MB)           :   448        6000      6016 
	   TimeExecute (s)       :   773                       
	   TimeSlotBusy (s)      :   774                       

	Job terminated of its own accord at 2026-06-02T22:13:01Z with exit-code 0.
...
