000 (19532839.000.000) 2026-06-02 15:48:56 Job submitted from host: <10.128.10.103:9618?addrs=10.128.10.103-9618&alias=npx-submitter.icecube.wisc.edu&noUDP&sock=schedd_2449_6386>
    DAG Node: Drootprod_20160205_34633
...
001 (19532839.000.000) 2026-06-02 15:54:03 Job executing on host: <10.128.10.198:33367?addrs=10.128.10.198-33367&alias=n-r710-19.icecube.wisc.edu>
	SlotName: slot1_11@n-r710-19.icecube.wisc.edu
	admin_mutex_1 = 0
	admin_mutex_2 = 0
	admin_mutex_3 = 0
	CondorScratchDir = "/scratch/condor/dir_2469563"
	Cpus = 1
	Disk = 3781
	GPUs = 0
	machine_token = 0
	Memory = 6016
...
006 (19532839.000.000) 2026-06-02 15:54:17 Image size of job updated: 118992
	117  -  MemoryUsage of job (MB)
	118992  -  ResidentSetSize of job (KB)
...
006 (19532839.000.000) 2026-06-02 15:59:18 Image size of job updated: 142680
	140  -  MemoryUsage of job (MB)
	142680  -  ResidentSetSize of job (KB)
...
006 (19532839.000.000) 2026-06-02 16:04:18 Image size of job updated: 157268
	154  -  MemoryUsage of job (MB)
	157268  -  ResidentSetSize of job (KB)
...
006 (19532839.000.000) 2026-06-02 16:09:18 Image size of job updated: 272988
	267  -  MemoryUsage of job (MB)
	272988  -  ResidentSetSize of job (KB)
...
006 (19532839.000.000) 2026-06-02 16:14:19 Image size of job updated: 291148
	285  -  MemoryUsage of job (MB)
	291148  -  ResidentSetSize of job (KB)
...
006 (19532839.000.000) 2026-06-02 16:16:53 Image size of job updated: 430212
	285  -  MemoryUsage of job (MB)
	291148  -  ResidentSetSize of job (KB)
...
005 (19532839.000.000) 2026-06-02 16:16:53 Job terminated.
	(1) Normal termination (return value 0)
		Usr 0 00:21:33, Sys 0 00:00:15  -  Run Remote Usage
		Usr 0 00:00:00, Sys 0 00:00:00  -  Run Local Usage
		Usr 0 00:21:33, Sys 0 00:00:15  -  Total Remote Usage
		Usr 0 00:00:00, Sys 0 00:00:00  -  Total Local Usage
	0  -  Run Bytes Sent By Job
	0  -  Run Bytes Received By Job
	0  -  Total Bytes Sent By Job
	0  -  Total Bytes Received By Job
	Partitionable Resources :    Usage  Request Allocated 
	   admin_mutex_1         :                           0 
	   admin_mutex_2         :                           0 
	   admin_mutex_3         :                           0 
	   Cpus                  :     0.96        1         1 
	   Disk (KB)             :    12        2048      3781 
	   GPUs                  :                           0 
	   machine_token         :                           0 
	   Memory (MB)           :   285        6000      6016 
	   TimeExecute (s)       :  1370                       
	   TimeSlotBusy (s)      :  1370                       

	Job terminated of its own accord at 2026-06-02T21:16:53Z with exit-code 0.
...
