000 (19533195.000.000) 2026-06-02 15:49:52 Job submitted from host: <10.128.10.103:9618?addrs=10.128.10.103-9618&alias=npx-submitter.icecube.wisc.edu&noUDP&sock=schedd_2449_6386>
    DAG Node: Drootprod_20160306_91007
...
001 (19533195.000.000) 2026-06-02 16:08:04 Job executing on host: <10.128.10.188:45333?addrs=10.128.10.188-45333&alias=n-smepyc-01.icecube.wisc.edu>
	SlotName: slot1_70@n-smepyc-01.icecube.wisc.edu
	admin_mutex_1 = 0
	admin_mutex_2 = 0
	admin_mutex_3 = 0
	CondorScratchDir = "/scratch/condor/dir_3889153"
	Cpus = 1
	Disk = 3072
	GPUs = 0
	machine_token = 0
	Memory = 6016
...
006 (19533195.000.000) 2026-06-02 16:08:18 Image size of job updated: 123088
	121  -  MemoryUsage of job (MB)
	123088  -  ResidentSetSize of job (KB)
...
006 (19533195.000.000) 2026-06-02 16:13:19 Image size of job updated: 164288
	161  -  MemoryUsage of job (MB)
	164288  -  ResidentSetSize of job (KB)
...
006 (19533195.000.000) 2026-06-02 16:18:19 Image size of job updated: 426900
	417  -  MemoryUsage of job (MB)
	426900  -  ResidentSetSize of job (KB)
...
006 (19533195.000.000) 2026-06-02 16:19:45 Image size of job updated: 437184
	417  -  MemoryUsage of job (MB)
	426900  -  ResidentSetSize of job (KB)
...
005 (19533195.000.000) 2026-06-02 16:19:45 Job terminated.
	(1) Normal termination (return value 0)
		Usr 0 00:10:42, Sys 0 00:00:10  -  Run Remote Usage
		Usr 0 00:00:00, Sys 0 00:00:00  -  Run Local Usage
		Usr 0 00:10:42, Sys 0 00:00:10  -  Total Remote Usage
		Usr 0 00:00:00, Sys 0 00:00:00  -  Total Local Usage
	0  -  Run Bytes Sent By Job
	0  -  Run Bytes Received By Job
	0  -  Total Bytes Sent By Job
	0  -  Total Bytes Received By Job
	Partitionable Resources :    Usage  Request Allocated 
	   admin_mutex_1         :                           0 
	   admin_mutex_2         :                           0 
	   admin_mutex_3         :                           0 
	   Cpus                  :     0.99        1         1 
	   Disk (KB)             :    10        2048      3072 
	   GPUs                  :                           0 
	   machine_token         :                           0 
	   Memory (MB)           :   417        6000      6016 
	   TimeExecute (s)       :   701                       
	   TimeSlotBusy (s)      :   701                       

	Job terminated of its own accord at 2026-06-02T21:19:45Z with exit-code 0.
...
