000 (19534858.000.000) 2026-06-02 15:53:11 Job submitted from host: <10.128.10.103:9618?addrs=10.128.10.103-9618&alias=npx-submitter.icecube.wisc.edu&noUDP&sock=schedd_2449_6386>
    DAG Node: Drootprod_20160621_42320
...
001 (19534858.000.000) 2026-06-02 16:42:28 Job executing on host: <10.128.11.112:41791?addrs=10.128.11.112-41791&alias=n-r720-53.icecube.wisc.edu>
	SlotName: slot1_14@n-r720-53.icecube.wisc.edu
	admin_mutex_1 = 0
	admin_mutex_2 = 0
	admin_mutex_3 = 0
	CondorScratchDir = "/scratch/condor/dir_1108781"
	Cpus = 1
	Disk = 3717
	GPUs = 0
	machine_token = 0
	Memory = 6016
...
006 (19534858.000.000) 2026-06-02 16:42:41 Image size of job updated: 119660
	117  -  MemoryUsage of job (MB)
	119660  -  ResidentSetSize of job (KB)
...
006 (19534858.000.000) 2026-06-02 16:47:41 Image size of job updated: 144788
	142  -  MemoryUsage of job (MB)
	144788  -  ResidentSetSize of job (KB)
...
006 (19534858.000.000) 2026-06-02 16:52:42 Image size of job updated: 166228
	163  -  MemoryUsage of job (MB)
	166228  -  ResidentSetSize of job (KB)
...
006 (19534858.000.000) 2026-06-02 16:57:43 Image size of job updated: 297764
	291  -  MemoryUsage of job (MB)
	297764  -  ResidentSetSize of job (KB)
...
006 (19534858.000.000) 2026-06-02 17:02:43 Image size of job updated: 452452
	442  -  MemoryUsage of job (MB)
	452452  -  ResidentSetSize of job (KB)
...
006 (19534858.000.000) 2026-06-02 17:07:44 Image size of job updated: 650408
	636  -  MemoryUsage of job (MB)
	650408  -  ResidentSetSize of job (KB)
...
006 (19534858.000.000) 2026-06-02 17:11:01 Image size of job updated: 840016
	636  -  MemoryUsage of job (MB)
	650408  -  ResidentSetSize of job (KB)
...
005 (19534858.000.000) 2026-06-02 17:11:01 Job terminated.
	(1) Normal termination (return value 0)
		Usr 0 00:27:15, Sys 0 00:00:20  -  Run Remote Usage
		Usr 0 00:00:00, Sys 0 00:00:00  -  Run Local Usage
		Usr 0 00:27:15, Sys 0 00:00:20  -  Total Remote Usage
		Usr 0 00:00:00, Sys 0 00:00:00  -  Total Local Usage
	0  -  Run Bytes Sent By Job
	0  -  Run Bytes Received By Job
	0  -  Total Bytes Sent By Job
	0  -  Total Bytes Received By Job
	Partitionable Resources :    Usage  Request Allocated 
	   admin_mutex_1         :                           0 
	   admin_mutex_2         :                           0 
	   admin_mutex_3         :                           0 
	   Cpus                  :     0.98        1         1 
	   Disk (KB)             :    10        2048      3717 
	   GPUs                  :                           0 
	   machine_token         :                           0 
	   Memory (MB)           :   636        6000      6016 
	   TimeExecute (s)       :  1713                       
	   TimeSlotBusy (s)      :  1713                       

	Job terminated of its own accord at 2026-06-02T22:11:01Z with exit-code 0.
...
