000 (19534356.000.000) 2026-06-02 15:52:16 Job submitted from host: <10.128.10.103:9618?addrs=10.128.10.103-9618&alias=npx-submitter.icecube.wisc.edu&noUDP&sock=schedd_2449_6386>
    DAG Node: Drootprod_20160523_66574
...
001 (19534356.000.000) 2026-06-02 16:32:49 Job executing on host: <10.128.11.29:39259?addrs=10.128.11.29-39259&alias=n-smbc-10.icecube.wisc.edu>
	SlotName: slot1_5@n-smbc-10.icecube.wisc.edu
	admin_mutex_1 = 0
	admin_mutex_2 = 0
	admin_mutex_3 = 0
	CondorScratchDir = "/scratch/condor/dir_3993491"
	Cpus = 1
	Disk = 3072
	GPUs = 0
	machine_token = 0
	Memory = 6016
...
006 (19534356.000.000) 2026-06-02 16:33:02 Image size of job updated: 119660
	117  -  MemoryUsage of job (MB)
	119660  -  ResidentSetSize of job (KB)
...
006 (19534356.000.000) 2026-06-02 16:38:02 Image size of job updated: 143832
	141  -  MemoryUsage of job (MB)
	143832  -  ResidentSetSize of job (KB)
...
006 (19534356.000.000) 2026-06-02 16:43:03 Image size of job updated: 164608
	161  -  MemoryUsage of job (MB)
	164608  -  ResidentSetSize of job (KB)
...
006 (19534356.000.000) 2026-06-02 16:48:04 Image size of job updated: 294956
	289  -  MemoryUsage of job (MB)
	294956  -  ResidentSetSize of job (KB)
...
006 (19534356.000.000) 2026-06-02 16:53:04 Image size of job updated: 315812
	309  -  MemoryUsage of job (MB)
	315812  -  ResidentSetSize of job (KB)
...
006 (19534356.000.000) 2026-06-02 16:58:04 Image size of job updated: 475688
	465  -  MemoryUsage of job (MB)
	475688  -  ResidentSetSize of job (KB)
...
006 (19534356.000.000) 2026-06-02 17:02:31 Image size of job updated: 843640
	465  -  MemoryUsage of job (MB)
	475688  -  ResidentSetSize of job (KB)
...
005 (19534356.000.000) 2026-06-02 17:02:31 Job terminated.
	(1) Normal termination (return value 0)
		Usr 0 00:28:35, Sys 0 00:00:15  -  Run Remote Usage
		Usr 0 00:00:00, Sys 0 00:00:00  -  Run Local Usage
		Usr 0 00:28:35, Sys 0 00:00:15  -  Total Remote Usage
		Usr 0 00:00:00, Sys 0 00:00:00  -  Total Local Usage
	0  -  Run Bytes Sent By Job
	0  -  Run Bytes Received By Job
	0  -  Total Bytes Sent By Job
	0  -  Total Bytes Received By Job
	Partitionable Resources :    Usage  Request Allocated 
	   admin_mutex_1         :                           0 
	   admin_mutex_2         :                           0 
	   admin_mutex_3         :                           0 
	   Cpus                  :     0.99        1         1 
	   Disk (KB)             :    10        2048      3072 
	   GPUs                  :                           0 
	   machine_token         :                           0 
	   Memory (MB)           :   465        6000      6016 
	   TimeExecute (s)       :  1782                       
	   TimeSlotBusy (s)      :  1782                       

	Job terminated of its own accord at 2026-06-02T22:02:31Z with exit-code 0.
...
