000 (19534729.000.000) 2026-06-02 15:52:58 Job submitted from host: <10.128.10.103:9618?addrs=10.128.10.103-9618&alias=npx-submitter.icecube.wisc.edu&noUDP&sock=schedd_2449_6386>
    DAG Node: Drootprod_20160613_7959
...
001 (19534729.000.000) 2026-06-02 16:39:54 Job executing on host: <10.128.11.28:42045?addrs=10.128.11.28-42045&alias=n-smbc-09.icecube.wisc.edu>
	SlotName: slot1_16@n-smbc-09.icecube.wisc.edu
	admin_mutex_1 = 0
	admin_mutex_2 = 0
	admin_mutex_3 = 0
	CondorScratchDir = "/scratch/condor/dir_3982370"
	Cpus = 1
	Disk = 3072
	GPUs = 0
	machine_token = 0
	Memory = 6016
...
006 (19534729.000.000) 2026-06-02 16:40:08 Image size of job updated: 122964
	121  -  MemoryUsage of job (MB)
	122964  -  ResidentSetSize of job (KB)
...
006 (19534729.000.000) 2026-06-02 16:45:09 Image size of job updated: 157780
	155  -  MemoryUsage of job (MB)
	157780  -  ResidentSetSize of job (KB)
...
006 (19534729.000.000) 2026-06-02 16:50:10 Image size of job updated: 301832
	295  -  MemoryUsage of job (MB)
	301832  -  ResidentSetSize of job (KB)
...
006 (19534729.000.000) 2026-06-02 16:55:10 Image size of job updated: 474372
	464  -  MemoryUsage of job (MB)
	474372  -  ResidentSetSize of job (KB)
...
006 (19534729.000.000) 2026-06-02 16:56:44 Image size of job updated: 811112
	464  -  MemoryUsage of job (MB)
	474372  -  ResidentSetSize of job (KB)
...
005 (19534729.000.000) 2026-06-02 16:56:44 Job terminated.
	(1) Normal termination (return value 0)
		Usr 0 00:16:15, Sys 0 00:00:10  -  Run Remote Usage
		Usr 0 00:00:00, Sys 0 00:00:00  -  Run Local Usage
		Usr 0 00:16:15, Sys 0 00:00:10  -  Total Remote Usage
		Usr 0 00:00:00, Sys 0 00:00:00  -  Total Local Usage
	0  -  Run Bytes Sent By Job
	0  -  Run Bytes Received By Job
	0  -  Total Bytes Sent By Job
	0  -  Total Bytes Received By Job
	Partitionable Resources :    Usage  Request Allocated 
	   admin_mutex_1         :                           0 
	   admin_mutex_2         :                           0 
	   admin_mutex_3         :                           0 
	   Cpus                  :     0.97        1         1 
	   Disk (KB)             :    10        2048      3072 
	   GPUs                  :                           0 
	   machine_token         :                           0 
	   Memory (MB)           :   464        6000      6016 
	   TimeExecute (s)       :  1010                       
	   TimeSlotBusy (s)      :  1010                       

	Job terminated of its own accord at 2026-06-02T21:56:44Z with exit-code 0.
...
