000 (19534084.000.000) 2026-06-02 15:51:45 Job submitted from host: <10.128.10.103:9618?addrs=10.128.10.103-9618&alias=npx-submitter.icecube.wisc.edu&noUDP&sock=schedd_2449_6386>
    DAG Node: Drootprod_20160508_45526
...
001 (19534084.000.000) 2026-06-02 16:27:28 Job executing on host: <10.128.10.189:44027?addrs=10.128.10.189-44027&alias=n-smepyc-02.icecube.wisc.edu>
	SlotName: slot1_55@n-smepyc-02.icecube.wisc.edu
	admin_mutex_1 = 0
	admin_mutex_2 = 0
	admin_mutex_3 = 0
	CondorScratchDir = "/scratch/condor/dir_365784"
	Cpus = 1
	Disk = 3072
	GPUs = 0
	machine_token = 0
	Memory = 6016
...
006 (19534084.000.000) 2026-06-02 16:27:41 Image size of job updated: 122136
	120  -  MemoryUsage of job (MB)
	122136  -  ResidentSetSize of job (KB)
...
006 (19534084.000.000) 2026-06-02 16:32:41 Image size of job updated: 160792
	158  -  MemoryUsage of job (MB)
	160792  -  ResidentSetSize of job (KB)
...
006 (19534084.000.000) 2026-06-02 16:37:42 Image size of job updated: 425504
	416  -  MemoryUsage of job (MB)
	425504  -  ResidentSetSize of job (KB)
...
006 (19534084.000.000) 2026-06-02 16:38:13 Image size of job updated: 428492
	416  -  MemoryUsage of job (MB)
	425504  -  ResidentSetSize of job (KB)
...
005 (19534084.000.000) 2026-06-02 16:38:13 Job terminated.
	(1) Normal termination (return value 0)
		Usr 0 00:09:54, Sys 0 00:00:09  -  Run Remote Usage
		Usr 0 00:00:00, Sys 0 00:00:00  -  Run Local Usage
		Usr 0 00:09:54, Sys 0 00:00:09  -  Total Remote Usage
		Usr 0 00:00:00, Sys 0 00:00:00  -  Total Local Usage
	0  -  Run Bytes Sent By Job
	0  -  Run Bytes Received By Job
	0  -  Total Bytes Sent By Job
	0  -  Total Bytes Received By Job
	Partitionable Resources :    Usage  Request Allocated 
	   admin_mutex_1         :                           0 
	   admin_mutex_2         :                           0 
	   admin_mutex_3         :                           0 
	   Cpus                  :     0.97        1         1 
	   Disk (KB)             :    10        2048      3072 
	   GPUs                  :                           0 
	   machine_token         :                           0 
	   Memory (MB)           :   416        6000      6016 
	   TimeExecute (s)       :   645                       
	   TimeSlotBusy (s)      :   646                       

	Job terminated of its own accord at 2026-06-02T21:38:13Z with exit-code 0.
...
