000 (19537340.000.000) 2026-06-02 15:58:34 Job submitted from host: <10.128.10.103:9618?addrs=10.128.10.103-9618&alias=npx-submitter.icecube.wisc.edu&noUDP&sock=schedd_2449_6386>
    DAG Node: Drootprod_20161212_94909
...
001 (19537340.000.000) 2026-06-02 17:36:30 Job executing on host: <10.128.10.191:42321?addrs=10.128.10.191-42321&alias=n-smepyc-04.icecube.wisc.edu>
	SlotName: slot1_37@n-smepyc-04.icecube.wisc.edu
	admin_mutex_1 = 0
	admin_mutex_2 = 0
	admin_mutex_3 = 0
	CondorScratchDir = "/scratch/condor/dir_403828"
	Cpus = 1
	Disk = 3072
	GPUs = 0
	machine_token = 0
	Memory = 6016
...
006 (19537340.000.000) 2026-06-02 17:36:44 Image size of job updated: 124192
	122  -  MemoryUsage of job (MB)
	124192  -  ResidentSetSize of job (KB)
...
006 (19537340.000.000) 2026-06-02 17:41:44 Image size of job updated: 173384
	170  -  MemoryUsage of job (MB)
	173384  -  ResidentSetSize of job (KB)
...
006 (19537340.000.000) 2026-06-02 17:46:44 Image size of job updated: 461816
	451  -  MemoryUsage of job (MB)
	461816  -  ResidentSetSize of job (KB)
...
006 (19537340.000.000) 2026-06-02 17:48:12 Image size of job updated: 485072
	451  -  MemoryUsage of job (MB)
	461816  -  ResidentSetSize of job (KB)
...
005 (19537340.000.000) 2026-06-02 17:48:12 Job terminated.
	(1) Normal termination (return value 0)
		Usr 0 00:11:09, Sys 0 00:00:10  -  Run Remote Usage
		Usr 0 00:00:00, Sys 0 00:00:00  -  Run Local Usage
		Usr 0 00:11:09, Sys 0 00:00:10  -  Total Remote Usage
		Usr 0 00:00:00, Sys 0 00:00:00  -  Total Local Usage
	0  -  Run Bytes Sent By Job
	0  -  Run Bytes Received By Job
	0  -  Total Bytes Sent By Job
	0  -  Total Bytes Received By Job
	Partitionable Resources :    Usage  Request Allocated 
	   admin_mutex_1         :                           0 
	   admin_mutex_2         :                           0 
	   admin_mutex_3         :                           0 
	   Cpus                  :     0.98        1         1 
	   Disk (KB)             :    12        2048      3072 
	   GPUs                  :                           0 
	   machine_token         :                           0 
	   Memory (MB)           :   451        6000      6016 
	   TimeExecute (s)       :   702                       
	   TimeSlotBusy (s)      :   702                       

	Job terminated of its own accord at 2026-06-02T22:48:12Z with exit-code 0.
...
