000 (19537855.000.000) 2026-06-02 16:00:17 Job submitted from host: <10.128.10.103:9618?addrs=10.128.10.103-9618&alias=npx-submitter.icecube.wisc.edu&noUDP&sock=schedd_2449_6386>
    DAG Node: Drootprod_20221116_30651
...
001 (19537855.000.000) 2026-06-02 17:42:30 Job executing on host: <10.128.11.110:33229?addrs=10.128.11.110-33229&alias=n-r720-51.icecube.wisc.edu>
	SlotName: slot1_24@n-r720-51.icecube.wisc.edu
	admin_mutex_1 = 0
	admin_mutex_2 = 0
	admin_mutex_3 = 0
	CondorScratchDir = "/scratch/condor/dir_1692127"
	Cpus = 1
	Disk = 3717
	GPUs = 0
	machine_token = 0
	Memory = 6016
...
006 (19537855.000.000) 2026-06-02 17:42:44 Image size of job updated: 119196
	117  -  MemoryUsage of job (MB)
	119196  -  ResidentSetSize of job (KB)
...
006 (19537855.000.000) 2026-06-02 17:47:44 Image size of job updated: 149832
	147  -  MemoryUsage of job (MB)
	149832  -  ResidentSetSize of job (KB)
...
006 (19537855.000.000) 2026-06-02 17:52:44 Image size of job updated: 168788
	165  -  MemoryUsage of job (MB)
	168788  -  ResidentSetSize of job (KB)
...
006 (19537855.000.000) 2026-06-02 17:54:46 Image size of job updated: 177980
	165  -  MemoryUsage of job (MB)
	168788  -  ResidentSetSize of job (KB)
...
005 (19537855.000.000) 2026-06-02 17:54:46 Job terminated.
	(1) Normal termination (return value 0)
		Usr 0 00:11:30, Sys 0 00:00:10  -  Run Remote Usage
		Usr 0 00:00:00, Sys 0 00:00:00  -  Run Local Usage
		Usr 0 00:11:30, Sys 0 00:00:10  -  Total Remote Usage
		Usr 0 00:00:00, Sys 0 00:00:00  -  Total Local Usage
	0  -  Run Bytes Sent By Job
	0  -  Run Bytes Received By Job
	0  -  Total Bytes Sent By Job
	0  -  Total Bytes Received By Job
	Partitionable Resources :    Usage  Request Allocated 
	   admin_mutex_1         :                           0 
	   admin_mutex_2         :                           0 
	   admin_mutex_3         :                           0 
	   Cpus                  :     0.97        1         1 
	   Disk (KB)             :    12        2048      3717 
	   GPUs                  :                           0 
	   machine_token         :                           0 
	   Memory (MB)           :   165        6000      6016 
	   TimeExecute (s)       :   736                       
	   TimeSlotBusy (s)      :   736                       

	Job terminated of its own accord at 2026-06-02T22:54:46Z with exit-code 0.
...
