000 (19537945.000.000) 2026-06-02 16:00:42 Job submitted from host: <10.128.10.103:9618?addrs=10.128.10.103-9618&alias=npx-submitter.icecube.wisc.edu&noUDP&sock=schedd_2449_6386>
    DAG Node: Drootprod_20221130_42726
...
001 (19537945.000.000) 2026-06-02 17:43:36 Job executing on host: <10.128.10.117:43719?addrs=10.128.10.117-43719&alias=n-gibyte-02.icecube.wisc.edu>
	SlotName: slot1_5@n-gibyte-02.icecube.wisc.edu
	admin_mutex_1 = 0
	admin_mutex_2 = 0
	admin_mutex_3 = 0
	CondorScratchDir = "/scratch/condor/dir_3762620"
	Cpus = 1
	Disk = 5480
	GPUs = 0
	machine_token = 0
	Memory = 6016
...
006 (19537945.000.000) 2026-06-02 17:43:50 Image size of job updated: 119224
	117  -  MemoryUsage of job (MB)
	119224  -  ResidentSetSize of job (KB)
...
006 (19537945.000.000) 2026-06-02 17:48:51 Image size of job updated: 140904
	138  -  MemoryUsage of job (MB)
	140904  -  ResidentSetSize of job (KB)
...
006 (19537945.000.000) 2026-06-02 17:53:51 Image size of job updated: 156676
	154  -  MemoryUsage of job (MB)
	156676  -  ResidentSetSize of job (KB)
...
006 (19537945.000.000) 2026-06-02 17:58:51 Image size of job updated: 172348
	169  -  MemoryUsage of job (MB)
	172348  -  ResidentSetSize of job (KB)
...
006 (19537945.000.000) 2026-06-02 18:00:10 Image size of job updated: 176084
	169  -  MemoryUsage of job (MB)
	172348  -  ResidentSetSize of job (KB)
...
005 (19537945.000.000) 2026-06-02 18:00:10 Job terminated.
	(1) Normal termination (return value 0)
		Usr 0 00:15:49, Sys 0 00:00:09  -  Run Remote Usage
		Usr 0 00:00:00, Sys 0 00:00:00  -  Run Local Usage
		Usr 0 00:15:49, Sys 0 00:00:09  -  Total Remote Usage
		Usr 0 00:00:00, Sys 0 00:00:00  -  Total Local Usage
	0  -  Run Bytes Sent By Job
	0  -  Run Bytes Received By Job
	0  -  Total Bytes Sent By Job
	0  -  Total Bytes Received By Job
	Partitionable Resources :    Usage  Request Allocated 
	   admin_mutex_1         :                           0 
	   admin_mutex_2         :                           0 
	   admin_mutex_3         :                           0 
	   Cpus                  :     0.92        1         1 
	   Disk (KB)             :    15        2048      5480 
	   GPUs                  :                           0 
	   machine_token         :                           0 
	   Memory (MB)           :   169        6000      6016 
	   TimeExecute (s)       :   994                       
	   TimeSlotBusy (s)      :   995                       

	Job terminated of its own accord at 2026-06-02T23:00:10Z with exit-code 0.
...
