000 (19538021.000.000) 2026-06-02 16:01:04 Job submitted from host: <10.128.10.103:9618?addrs=10.128.10.103-9618&alias=npx-submitter.icecube.wisc.edu&noUDP&sock=schedd_2449_6386>
    DAG Node: Drootprod_20221212_91100
...
001 (19538021.000.000) 2026-06-02 17:43:50 Job executing on host: <10.128.10.117:43719?addrs=10.128.10.117-43719&alias=n-gibyte-02.icecube.wisc.edu>
	SlotName: slot1_316@n-gibyte-02.icecube.wisc.edu
	admin_mutex_1 = 0
	admin_mutex_2 = 0
	admin_mutex_3 = 0
	CondorScratchDir = "/scratch/condor/dir_3765756"
	Cpus = 1
	Disk = 5480
	GPUs = 0
	machine_token = 0
	Memory = 6016
...
006 (19538021.000.000) 2026-06-02 17:44:03 Image size of job updated: 118484
	116  -  MemoryUsage of job (MB)
	118484  -  ResidentSetSize of job (KB)
...
006 (19538021.000.000) 2026-06-02 17:49:03 Image size of job updated: 140472
	138  -  MemoryUsage of job (MB)
	140472  -  ResidentSetSize of job (KB)
...
006 (19538021.000.000) 2026-06-02 17:54:04 Image size of job updated: 154112
	151  -  MemoryUsage of job (MB)
	154112  -  ResidentSetSize of job (KB)
...
006 (19538021.000.000) 2026-06-02 17:59:04 Image size of job updated: 166440
	163  -  MemoryUsage of job (MB)
	166440  -  ResidentSetSize of job (KB)
...
006 (19538021.000.000) 2026-06-02 18:03:00 Image size of job updated: 175036
	163  -  MemoryUsage of job (MB)
	166440  -  ResidentSetSize of job (KB)
...
005 (19538021.000.000) 2026-06-02 18:03:00 Job terminated.
	(1) Normal termination (return value 0)
		Usr 0 00:18:16, Sys 0 00:00:09  -  Run Remote Usage
		Usr 0 00:00:00, Sys 0 00:00:00  -  Run Local Usage
		Usr 0 00:18:16, Sys 0 00:00:09  -  Total Remote Usage
		Usr 0 00:00:00, Sys 0 00:00:00  -  Total Local Usage
	0  -  Run Bytes Sent By Job
	0  -  Run Bytes Received By Job
	0  -  Total Bytes Sent By Job
	0  -  Total Bytes Received By Job
	Partitionable Resources :    Usage  Request Allocated 
	   admin_mutex_1         :                           0 
	   admin_mutex_2         :                           0 
	   admin_mutex_3         :                           0 
	   Cpus                  :     0.99        1         1 
	   Disk (KB)             :    15        2048      5480 
	   GPUs                  :                           0 
	   machine_token         :                           0 
	   Memory (MB)           :   163        6000      6016 
	   TimeExecute (s)       :  1150                       
	   TimeSlotBusy (s)      :  1151                       

	Job terminated of its own accord at 2026-06-02T23:03:00Z with exit-code 0.
...
