000 (19537365.000.000) 2026-06-02 15:58:38 Job submitted from host: <10.128.10.103:9618?addrs=10.128.10.103-9618&alias=npx-submitter.icecube.wisc.edu&noUDP&sock=schedd_2449_6386>
    DAG Node: Drootprod_20220924_34125
...
001 (19537365.000.000) 2026-06-02 17:36:39 Job executing on host: <10.128.10.117:43719?addrs=10.128.10.117-43719&alias=n-gibyte-02.icecube.wisc.edu>
	SlotName: slot1_456@n-gibyte-02.icecube.wisc.edu
	admin_mutex_1 = 0
	admin_mutex_2 = 0
	admin_mutex_3 = 0
	CondorScratchDir = "/scratch/condor/dir_3733569"
	Cpus = 1
	Disk = 5480
	GPUs = 0
	machine_token = 0
	Memory = 6016
...
006 (19537365.000.000) 2026-06-02 17:36:52 Image size of job updated: 118328
	116  -  MemoryUsage of job (MB)
	118328  -  ResidentSetSize of job (KB)
...
006 (19537365.000.000) 2026-06-02 17:41:52 Image size of job updated: 144792
	142  -  MemoryUsage of job (MB)
	144792  -  ResidentSetSize of job (KB)
...
006 (19537365.000.000) 2026-06-02 17:46:53 Image size of job updated: 166560
	163  -  MemoryUsage of job (MB)
	166560  -  ResidentSetSize of job (KB)
...
006 (19537365.000.000) 2026-06-02 17:50:03 Image size of job updated: 176516
	163  -  MemoryUsage of job (MB)
	166560  -  ResidentSetSize of job (KB)
...
005 (19537365.000.000) 2026-06-02 17:50:03 Job terminated.
	(1) Normal termination (return value 0)
		Usr 0 00:12:42, Sys 0 00:00:08  -  Run Remote Usage
		Usr 0 00:00:00, Sys 0 00:00:00  -  Run Local Usage
		Usr 0 00:12:42, Sys 0 00:00:08  -  Total Remote Usage
		Usr 0 00:00:00, Sys 0 00:00:00  -  Total Local Usage
	0  -  Run Bytes Sent By Job
	0  -  Run Bytes Received By Job
	0  -  Total Bytes Sent By Job
	0  -  Total Bytes Received By Job
	Partitionable Resources :    Usage  Request Allocated 
	   admin_mutex_1         :                           0 
	   admin_mutex_2         :                           0 
	   admin_mutex_3         :                           0 
	   Cpus                  :     0.92        1         1 
	   Disk (KB)             :    10        2048      5480 
	   GPUs                  :                           0 
	   machine_token         :                           0 
	   Memory (MB)           :   163        6000      6016 
	   TimeExecute (s)       :   804                       
	   TimeSlotBusy (s)      :   805                       

	Job terminated of its own accord at 2026-06-02T22:50:03Z with exit-code 0.
...
