000 (19536770.000.000) 2026-06-02 15:57:11 Job submitted from host: <10.128.10.103:9618?addrs=10.128.10.103-9618&alias=npx-submitter.icecube.wisc.edu&noUDP&sock=schedd_2449_6386>
    DAG Node: Drootprod_20220809_20396
...
001 (19536770.000.000) 2026-06-02 17:26:40 Job executing on host: <10.128.10.115:33587?addrs=10.128.10.115-33587&alias=n-gibyte-00.icecube.wisc.edu>
	SlotName: slot1_384@n-gibyte-00.icecube.wisc.edu
	admin_mutex_1 = 0
	admin_mutex_2 = 0
	admin_mutex_3 = 0
	CondorScratchDir = "/scratch/condor/dir_2392580"
	Cpus = 1
	Disk = 5480
	GPUs = 0
	machine_token = 0
	Memory = 6016
...
006 (19536770.000.000) 2026-06-02 17:26:53 Image size of job updated: 119728
	117  -  MemoryUsage of job (MB)
	119728  -  ResidentSetSize of job (KB)
...
006 (19536770.000.000) 2026-06-02 17:31:53 Image size of job updated: 149776
	147  -  MemoryUsage of job (MB)
	149776  -  ResidentSetSize of job (KB)
...
006 (19536770.000.000) 2026-06-02 17:36:54 Image size of job updated: 171768
	168  -  MemoryUsage of job (MB)
	171768  -  ResidentSetSize of job (KB)
...
006 (19536770.000.000) 2026-06-02 17:38:02 Image size of job updated: 193464
	168  -  MemoryUsage of job (MB)
	171768  -  ResidentSetSize of job (KB)
...
005 (19536770.000.000) 2026-06-02 17:38:02 Job terminated.
	(1) Normal termination (return value 0)
		Usr 0 00:10:38, Sys 0 00:00:08  -  Run Remote Usage
		Usr 0 00:00:00, Sys 0 00:00:00  -  Run Local Usage
		Usr 0 00:10:38, Sys 0 00:00:08  -  Total Remote Usage
		Usr 0 00:00:00, Sys 0 00:00:00  -  Total Local Usage
	0  -  Run Bytes Sent By Job
	0  -  Run Bytes Received By Job
	0  -  Total Bytes Sent By Job
	0  -  Total Bytes Received By Job
	Partitionable Resources :    Usage  Request Allocated 
	   admin_mutex_1         :                           0 
	   admin_mutex_2         :                           0 
	   admin_mutex_3         :                           0 
	   Cpus                  :     0.98        1         1 
	   Disk (KB)             :    15        2048      5480 
	   GPUs                  :                           0 
	   machine_token         :                           0 
	   Memory (MB)           :   168        6000      6016 
	   TimeExecute (s)       :   682                       
	   TimeSlotBusy (s)      :   683                       

	Job terminated of its own accord at 2026-06-02T22:38:02Z with exit-code 0.
...
