000 (19536509.000.000) 2026-06-02 15:56:38 Job submitted from host: <10.128.10.103:9618?addrs=10.128.10.103-9618&alias=npx-submitter.icecube.wisc.edu&noUDP&sock=schedd_2449_6386>
    DAG Node: Drootprod_20220722_93992
...
001 (19536509.000.000) 2026-06-02 17:21:54 Job executing on host: <10.128.10.115:33587?addrs=10.128.10.115-33587&alias=n-gibyte-00.icecube.wisc.edu>
	SlotName: slot1_97@n-gibyte-00.icecube.wisc.edu
	admin_mutex_1 = 0
	admin_mutex_2 = 0
	admin_mutex_3 = 0
	CondorScratchDir = "/scratch/condor/dir_2371546"
	Cpus = 1
	Disk = 5480
	GPUs = 0
	machine_token = 0
	Memory = 6016
...
006 (19536509.000.000) 2026-06-02 17:22:07 Image size of job updated: 118716
	116  -  MemoryUsage of job (MB)
	118716  -  ResidentSetSize of job (KB)
...
006 (19536509.000.000) 2026-06-02 17:27:07 Image size of job updated: 142952
	140  -  MemoryUsage of job (MB)
	142952  -  ResidentSetSize of job (KB)
...
006 (19536509.000.000) 2026-06-02 17:32:08 Image size of job updated: 167192
	164  -  MemoryUsage of job (MB)
	167192  -  ResidentSetSize of job (KB)
...
006 (19536509.000.000) 2026-06-02 17:34:39 Image size of job updated: 179344
	164  -  MemoryUsage of job (MB)
	167192  -  ResidentSetSize of job (KB)
...
005 (19536509.000.000) 2026-06-02 17:34:39 Job terminated.
	(1) Normal termination (return value 0)
		Usr 0 00:12:05, Sys 0 00:00:08  -  Run Remote Usage
		Usr 0 00:00:00, Sys 0 00:00:00  -  Run Local Usage
		Usr 0 00:12:05, Sys 0 00:00:08  -  Total Remote Usage
		Usr 0 00:00:00, Sys 0 00:00:00  -  Total Local Usage
	0  -  Run Bytes Sent By Job
	0  -  Run Bytes Received By Job
	0  -  Total Bytes Sent By Job
	0  -  Total Bytes Received By Job
	Partitionable Resources :    Usage  Request Allocated 
	   admin_mutex_1         :                           0 
	   admin_mutex_2         :                           0 
	   admin_mutex_3         :                           0 
	   Cpus                  :     0.98        1         1 
	   Disk (KB)             :    10        2048      5480 
	   GPUs                  :                           0 
	   machine_token         :                           0 
	   Memory (MB)           :   164        6000      6016 
	   TimeExecute (s)       :   765                       
	   TimeSlotBusy (s)      :   766                       

	Job terminated of its own accord at 2026-06-02T22:34:39Z with exit-code 0.
...
