000 (19535536.000.000) 2026-06-02 15:54:33 Job submitted from host: <10.128.10.103:9618?addrs=10.128.10.103-9618&alias=npx-submitter.icecube.wisc.edu&noUDP&sock=schedd_2449_6386>
    DAG Node: Drootprod_20220515_70759
...
001 (19535536.000.000) 2026-06-02 16:55:28 Job executing on host: <10.128.10.198:33367?addrs=10.128.10.198-33367&alias=n-r710-19.icecube.wisc.edu>
	SlotName: slot1_12@n-r710-19.icecube.wisc.edu
	admin_mutex_1 = 0
	admin_mutex_2 = 0
	admin_mutex_3 = 0
	CondorScratchDir = "/scratch/condor/dir_2686543"
	Cpus = 1
	Disk = 3781
	GPUs = 0
	machine_token = 0
	Memory = 6016
...
006 (19535536.000.000) 2026-06-02 16:55:41 Image size of job updated: 120120
	118  -  MemoryUsage of job (MB)
	120120  -  ResidentSetSize of job (KB)
...
006 (19535536.000.000) 2026-06-02 17:00:41 Image size of job updated: 149604
	147  -  MemoryUsage of job (MB)
	149604  -  ResidentSetSize of job (KB)
...
006 (19535536.000.000) 2026-06-02 17:05:38 Image size of job updated: 174896
	147  -  MemoryUsage of job (MB)
	149604  -  ResidentSetSize of job (KB)
...
005 (19535536.000.000) 2026-06-02 17:05:38 Job terminated.
	(1) Normal termination (return value 0)
		Usr 0 00:09:21, Sys 0 00:00:07  -  Run Remote Usage
		Usr 0 00:00:00, Sys 0 00:00:00  -  Run Local Usage
		Usr 0 00:09:21, Sys 0 00:00:07  -  Total Remote Usage
		Usr 0 00:00:00, Sys 0 00:00:00  -  Total Local Usage
	0  -  Run Bytes Sent By Job
	0  -  Run Bytes Received By Job
	0  -  Total Bytes Sent By Job
	0  -  Total Bytes Received By Job
	Partitionable Resources :    Usage  Request Allocated 
	   admin_mutex_1         :                           0 
	   admin_mutex_2         :                           0 
	   admin_mutex_3         :                           0 
	   Cpus                  :     0.98        1         1 
	   Disk (KB)             :    10        2048      3781 
	   GPUs                  :                           0 
	   machine_token         :                           0 
	   Memory (MB)           :   147        6000      6016 
	   TimeExecute (s)       :   610                       
	   TimeSlotBusy (s)      :   610                       

	Job terminated of its own accord at 2026-06-02T22:05:38Z with exit-code 0.
...
