000 (19535709.000.000) 2026-06-02 15:54:55 Job submitted from host: <10.128.10.103:9618?addrs=10.128.10.103-9618&alias=npx-submitter.icecube.wisc.edu&noUDP&sock=schedd_2449_6386>
    DAG Node: Drootprod_20220527_93210
...
001 (19535709.000.000) 2026-06-02 16:58:22 Job executing on host: <10.128.10.187:34023?addrs=10.128.10.187-34023&alias=n-smepyc-00.icecube.wisc.edu>
	SlotName: slot1_44@n-smepyc-00.icecube.wisc.edu
	admin_mutex_1 = 0
	admin_mutex_2 = 0
	admin_mutex_3 = 0
	CondorScratchDir = "/scratch/condor/dir_1882275"
	Cpus = 1
	Disk = 3072
	GPUs = 0
	machine_token = 0
	Memory = 6016
...
006 (19535709.000.000) 2026-06-02 16:58:35 Image size of job updated: 121588
	119  -  MemoryUsage of job (MB)
	121588  -  ResidentSetSize of job (KB)
...
006 (19535709.000.000) 2026-06-02 17:03:35 Image size of job updated: 165124
	162  -  MemoryUsage of job (MB)
	165124  -  ResidentSetSize of job (KB)
...
006 (19535709.000.000) 2026-06-02 17:05:06 Image size of job updated: 178316
	162  -  MemoryUsage of job (MB)
	165124  -  ResidentSetSize of job (KB)
...
005 (19535709.000.000) 2026-06-02 17:05:06 Job terminated.
	(1) Normal termination (return value 0)
		Usr 0 00:05:55, Sys 0 00:00:05  -  Run Remote Usage
		Usr 0 00:00:00, Sys 0 00:00:00  -  Run Local Usage
		Usr 0 00:05:55, Sys 0 00:00:05  -  Total Remote Usage
		Usr 0 00:00:00, Sys 0 00:00:00  -  Total Local Usage
	0  -  Run Bytes Sent By Job
	0  -  Run Bytes Received By Job
	0  -  Total Bytes Sent By Job
	0  -  Total Bytes Received By Job
	Partitionable Resources :    Usage  Request Allocated 
	   admin_mutex_1         :                           0 
	   admin_mutex_2         :                           0 
	   admin_mutex_3         :                           0 
	   Cpus                  :     0.96        1         1 
	   Disk (KB)             :    10        2048      3072 
	   GPUs                  :                           0 
	   machine_token         :                           0 
	   Memory (MB)           :   162        6000      6016 
	   TimeExecute (s)       :   405                       
	   TimeSlotBusy (s)      :   405                       

	Job terminated of its own accord at 2026-06-02T22:05:06Z with exit-code 0.
...
