000 (19537675.000.000) 2026-06-02 15:59:36 Job submitted from host: <10.128.10.103:9618?addrs=10.128.10.103-9618&alias=npx-submitter.icecube.wisc.edu&noUDP&sock=schedd_2449_6386>
    DAG Node: Drootprod_20221026_92796
...
001 (19537675.000.000) 2026-06-02 17:40:44 Job executing on host: <10.128.10.41:32869?addrs=10.128.10.41-32869&alias=n-m610-31.icecube.wisc.edu>
	SlotName: slot1_6@n-m610-31.icecube.wisc.edu
	admin_mutex_1 = 0
	admin_mutex_2 = 0
	admin_mutex_3 = 0
	CondorScratchDir = "/scratch/condor/dir_1221592"
	Cpus = 1
	Disk = 3072
	GPUs = 0
	machine_token = 0
	Memory = 6016
...
006 (19537675.000.000) 2026-06-02 17:40:58 Image size of job updated: 122244
	120  -  MemoryUsage of job (MB)
	122244  -  ResidentSetSize of job (KB)
...
006 (19537675.000.000) 2026-06-02 17:46:00 Image size of job updated: 159168
	156  -  MemoryUsage of job (MB)
	159168  -  ResidentSetSize of job (KB)
...
006 (19537675.000.000) 2026-06-02 17:47:47 Image size of job updated: 171260
	156  -  MemoryUsage of job (MB)
	159168  -  ResidentSetSize of job (KB)
...
005 (19537675.000.000) 2026-06-02 17:47:47 Job terminated.
	(1) Normal termination (return value 0)
		Usr 0 00:06:33, Sys 0 00:00:05  -  Run Remote Usage
		Usr 0 00:00:00, Sys 0 00:00:00  -  Run Local Usage
		Usr 0 00:06:33, Sys 0 00:00:05  -  Total Remote Usage
		Usr 0 00:00:00, Sys 0 00:00:00  -  Total Local Usage
	0  -  Run Bytes Sent By Job
	0  -  Run Bytes Received By Job
	0  -  Total Bytes Sent By Job
	0  -  Total Bytes Received By Job
	Partitionable Resources :    Usage  Request Allocated 
	   admin_mutex_1         :                           0 
	   admin_mutex_2         :                           0 
	   admin_mutex_3         :                           0 
	   Cpus                  :     0.96        1         1 
	   Disk (KB)             :    12        2048      3072 
	   GPUs                  :                           0 
	   machine_token         :                           0 
	   Memory (MB)           :   156        6000      6016 
	   TimeExecute (s)       :   423                       
	   TimeSlotBusy (s)      :   423                       

	Job terminated of its own accord at 2026-06-02T22:47:47Z with exit-code 0.
...
