000 (19535206.000.000) 2026-06-02 15:53:50 Job submitted from host: <10.128.10.103:9618?addrs=10.128.10.103-9618&alias=npx-submitter.icecube.wisc.edu&noUDP&sock=schedd_2449_6386>
    DAG Node: Drootprod_20220422_38341
...
001 (19535206.000.000) 2026-06-02 16:48:09 Job executing on host: <10.128.10.115:33587?addrs=10.128.10.115-33587&alias=n-gibyte-00.icecube.wisc.edu>
	SlotName: slot1_330@n-gibyte-00.icecube.wisc.edu
	admin_mutex_1 = 0
	admin_mutex_2 = 0
	admin_mutex_3 = 0
	CondorScratchDir = "/scratch/condor/dir_2237908"
	Cpus = 1
	Disk = 5480
	GPUs = 0
	machine_token = 0
	Memory = 6016
...
006 (19535206.000.000) 2026-06-02 16:48:22 Image size of job updated: 119592
	117  -  MemoryUsage of job (MB)
	119592  -  ResidentSetSize of job (KB)
...
006 (19535206.000.000) 2026-06-02 16:53:22 Image size of job updated: 145380
	142  -  MemoryUsage of job (MB)
	145380  -  ResidentSetSize of job (KB)
...
006 (19535206.000.000) 2026-06-02 16:58:23 Image size of job updated: 167424
	164  -  MemoryUsage of job (MB)
	167424  -  ResidentSetSize of job (KB)
...
006 (19535206.000.000) 2026-06-02 17:01:34 Image size of job updated: 183208
	164  -  MemoryUsage of job (MB)
	167424  -  ResidentSetSize of job (KB)
...
005 (19535206.000.000) 2026-06-02 17:01:34 Job terminated.
	(1) Normal termination (return value 0)
		Usr 0 00:12:32, Sys 0 00:00:09  -  Run Remote Usage
		Usr 0 00:00:00, Sys 0 00:00:00  -  Run Local Usage
		Usr 0 00:12:32, Sys 0 00:00:09  -  Total Remote Usage
		Usr 0 00:00:00, Sys 0 00:00:00  -  Total Local Usage
	0  -  Run Bytes Sent By Job
	0  -  Run Bytes Received By Job
	0  -  Total Bytes Sent By Job
	0  -  Total Bytes Received By Job
	Partitionable Resources :    Usage  Request Allocated 
	   admin_mutex_1         :                           0 
	   admin_mutex_2         :                           0 
	   admin_mutex_3         :                           0 
	   Cpus                  :     0.93        1         1 
	   Disk (KB)             :    15        2048      5480 
	   GPUs                  :                           0 
	   machine_token         :                           0 
	   Memory (MB)           :   164        6000      6016 
	   TimeExecute (s)       :   805                       
	   TimeSlotBusy (s)      :   805                       

	Job terminated of its own accord at 2026-06-02T22:01:34Z with exit-code 0.
...
