000 (19537438.000.000) 2026-06-02 15:58:51 Job submitted from host: <10.128.10.103:9618?addrs=10.128.10.103-9618&alias=npx-submitter.icecube.wisc.edu&noUDP&sock=schedd_2449_6386>
    DAG Node: Drootprod_20221002_7729
...
001 (19537438.000.000) 2026-06-02 17:37:41 Job executing on host: <10.128.10.197:38115?addrs=10.128.10.197-38115&alias=n-18.icecube.wisc.edu>
	SlotName: slot1_4@n-18.icecube.wisc.edu
	admin_mutex_1 = 0
	admin_mutex_2 = 0
	admin_mutex_3 = 0
	CondorScratchDir = "/scratch/condor/dir_754165"
	Cpus = 1
	Disk = 3815
	GPUs = 0
	machine_token = 0
	Memory = 6016
...
006 (19537438.000.000) 2026-06-02 17:37:55 Image size of job updated: 122468
	120  -  MemoryUsage of job (MB)
	122468  -  ResidentSetSize of job (KB)
...
006 (19537438.000.000) 2026-06-02 17:42:56 Image size of job updated: 158144
	155  -  MemoryUsage of job (MB)
	158144  -  ResidentSetSize of job (KB)
...
006 (19537438.000.000) 2026-06-02 17:45:30 Image size of job updated: 175264
	155  -  MemoryUsage of job (MB)
	158144  -  ResidentSetSize of job (KB)
...
005 (19537438.000.000) 2026-06-02 17:45:30 Job terminated.
	(1) Normal termination (return value 0)
		Usr 0 00:07:15, Sys 0 00:00:05  -  Run Remote Usage
		Usr 0 00:00:00, Sys 0 00:00:00  -  Run Local Usage
		Usr 0 00:07:15, Sys 0 00:00:05  -  Total Remote Usage
		Usr 0 00:00:00, Sys 0 00:00:00  -  Total Local Usage
	0  -  Run Bytes Sent By Job
	0  -  Run Bytes Received By Job
	0  -  Total Bytes Sent By Job
	0  -  Total Bytes Received By Job
	Partitionable Resources :    Usage  Request Allocated 
	   admin_mutex_1         :                           0 
	   admin_mutex_2         :                           0 
	   admin_mutex_3         :                           0 
	   Cpus                  :     0.97        1         1 
	   Disk (KB)             :    15        2048      3815 
	   GPUs                  :                           0 
	   machine_token         :                           0 
	   Memory (MB)           :   155        6000      6016 
	   TimeExecute (s)       :   469                       
	   TimeSlotBusy (s)      :   469                       

	Job terminated of its own accord at 2026-06-02T22:45:30Z with exit-code 0.
...
