000 (19534110.000.000) 2026-06-02 15:51:49 Job submitted from host: <10.128.10.103:9618?addrs=10.128.10.103-9618&alias=npx-submitter.icecube.wisc.edu&noUDP&sock=schedd_2449_6386>
    DAG Node: Drootprod_20220219_65224
...
001 (19534110.000.000) 2026-06-02 16:28:25 Job executing on host: <10.128.11.115:42327?addrs=10.128.11.115-42327&alias=n-r720-55.icecube.wisc.edu>
	SlotName: slot1_14@n-r720-55.icecube.wisc.edu
	admin_mutex_1 = 0
	admin_mutex_2 = 0
	admin_mutex_3 = 0
	CondorScratchDir = "/scratch/condor/dir_5396"
	Cpus = 1
	Disk = 3072
	GPUs = 0
	machine_token = 0
	Memory = 6016
...
006 (19534110.000.000) 2026-06-02 16:28:39 Image size of job updated: 121220
	119  -  MemoryUsage of job (MB)
	121220  -  ResidentSetSize of job (KB)
...
006 (19534110.000.000) 2026-06-02 16:33:40 Image size of job updated: 149816
	147  -  MemoryUsage of job (MB)
	149816  -  ResidentSetSize of job (KB)
...
006 (19534110.000.000) 2026-06-02 16:38:40 Image size of job updated: 174300
	171  -  MemoryUsage of job (MB)
	174300  -  ResidentSetSize of job (KB)
...
006 (19534110.000.000) 2026-06-02 16:40:25 Image size of job updated: 183768
	171  -  MemoryUsage of job (MB)
	174300  -  ResidentSetSize of job (KB)
...
005 (19534110.000.000) 2026-06-02 16:40:25 Job terminated.
	(1) Normal termination (return value 0)
		Usr 0 00:11:00, Sys 0 00:00:09  -  Run Remote Usage
		Usr 0 00:00:00, Sys 0 00:00:00  -  Run Local Usage
		Usr 0 00:11:00, Sys 0 00:00:09  -  Total Remote Usage
		Usr 0 00:00:00, Sys 0 00:00:00  -  Total Local Usage
	0  -  Run Bytes Sent By Job
	0  -  Run Bytes Received By Job
	0  -  Total Bytes Sent By Job
	0  -  Total Bytes Received By Job
	Partitionable Resources :    Usage  Request Allocated 
	   admin_mutex_1         :                           0 
	   admin_mutex_2         :                           0 
	   admin_mutex_3         :                           0 
	   Cpus                  :     0.95        1         1 
	   Disk (KB)             :    12        2048      3072 
	   GPUs                  :                           0 
	   machine_token         :                           0 
	   Memory (MB)           :   171        6000      6016 
	   TimeExecute (s)       :   720                       
	   TimeSlotBusy (s)      :   720                       

	Job terminated of its own accord at 2026-06-02T21:40:25Z with exit-code 0.
...
