000 (19533691.000.000) 2026-06-02 15:50:56 Job submitted from host: <10.128.10.103:9618?addrs=10.128.10.103-9618&alias=npx-submitter.icecube.wisc.edu&noUDP&sock=schedd_2449_6386>
    DAG Node: Drootprod_20220123_34000
...
001 (19533691.000.000) 2026-06-02 16:19:29 Job executing on host: <10.128.10.166:41035?addrs=10.128.10.166-41035&alias=n-gpu-30.icecube.wisc.edu>
	SlotName: slot1_6@n-gpu-30.icecube.wisc.edu
	admin_mutex_1 = 0
	admin_mutex_2 = 0
	admin_mutex_3 = 0
	AvailableGPUs = {  }
	CondorScratchDir = "/scratch/condor/dir_2178632"
	Cpus = 1
	Disk = 3072
	GPUs = 0
	machine_token = 0
	Memory = 6016
...
006 (19533691.000.000) 2026-06-02 16:19:42 Image size of job updated: 122108
	120  -  MemoryUsage of job (MB)
	122108  -  ResidentSetSize of job (KB)
...
006 (19533691.000.000) 2026-06-02 16:24:42 Image size of job updated: 160296
	157  -  MemoryUsage of job (MB)
	160296  -  ResidentSetSize of job (KB)
...
006 (19533691.000.000) 2026-06-02 16:26:49 Image size of job updated: 175180
	157  -  MemoryUsage of job (MB)
	160296  -  ResidentSetSize of job (KB)
...
005 (19533691.000.000) 2026-06-02 16:26:49 Job terminated.
	(1) Normal termination (return value 0)
		Usr 0 00:06:19, Sys 0 00:00:05  -  Run Remote Usage
		Usr 0 00:00:00, Sys 0 00:00:00  -  Run Local Usage
		Usr 0 00:06:19, Sys 0 00:00:05  -  Total Remote Usage
		Usr 0 00:00:00, Sys 0 00:00:00  -  Total Local Usage
	0  -  Run Bytes Sent By Job
	0  -  Run Bytes Received By Job
	0  -  Total Bytes Sent By Job
	0  -  Total Bytes Received By Job
	Partitionable Resources :    Usage  Request Allocated 
	   admin_mutex_1         :                           0 
	   admin_mutex_2         :                           0 
	   admin_mutex_3         :                           0 
	   Cpus                  :     0.85        1         1 
	   Disk (KB)             :    15        2048      3072 
	   GPUs                  :                           0 
	   machine_token         :                           0 
	   Memory (MB)           :   157        6000      6016 
	   TimeExecute (s)       :   440                       
	   TimeSlotBusy (s)      :   440                       

	Job terminated of its own accord at 2026-06-02T21:26:49Z with exit-code 0.
...
