000 (19538015.000.000) 2026-06-02 16:01:02 Job submitted from host: <10.128.10.103:9618?addrs=10.128.10.103-9618&alias=npx-submitter.icecube.wisc.edu&noUDP&sock=schedd_2449_6386>
    DAG Node: Drootprod_20221210_23140
...
001 (19538015.000.000) 2026-06-02 17:43:47 Job executing on host: <10.128.10.117:43719?addrs=10.128.10.117-43719&alias=n-gibyte-02.icecube.wisc.edu>
	SlotName: slot1_481@n-gibyte-02.icecube.wisc.edu
	admin_mutex_1 = 0
	admin_mutex_2 = 0
	admin_mutex_3 = 0
	CondorScratchDir = "/scratch/condor/dir_3765027"
	Cpus = 1
	Disk = 5480
	GPUs = 0
	machine_token = 0
	Memory = 6016
...
006 (19538015.000.000) 2026-06-02 17:44:01 Image size of job updated: 119228
	117  -  MemoryUsage of job (MB)
	119228  -  ResidentSetSize of job (KB)
...
006 (19538015.000.000) 2026-06-02 17:49:02 Image size of job updated: 141788
	139  -  MemoryUsage of job (MB)
	141788  -  ResidentSetSize of job (KB)
...
006 (19538015.000.000) 2026-06-02 17:54:03 Image size of job updated: 155516
	152  -  MemoryUsage of job (MB)
	155516  -  ResidentSetSize of job (KB)
...
006 (19538015.000.000) 2026-06-02 17:59:03 Image size of job updated: 167580
	164  -  MemoryUsage of job (MB)
	167580  -  ResidentSetSize of job (KB)
...
006 (19538015.000.000) 2026-06-02 18:02:26 Image size of job updated: 194164
	164  -  MemoryUsage of job (MB)
	167580  -  ResidentSetSize of job (KB)
...
005 (19538015.000.000) 2026-06-02 18:02:26 Job terminated.
	(1) Normal termination (return value 0)
		Usr 0 00:17:51, Sys 0 00:00:09  -  Run Remote Usage
		Usr 0 00:00:00, Sys 0 00:00:00  -  Run Local Usage
		Usr 0 00:17:51, Sys 0 00:00:09  -  Total Remote Usage
		Usr 0 00:00:00, Sys 0 00:00:00  -  Total Local Usage
	0  -  Run Bytes Sent By Job
	0  -  Run Bytes Received By Job
	0  -  Total Bytes Sent By Job
	0  -  Total Bytes Received By Job
	Partitionable Resources :    Usage  Request Allocated 
	   admin_mutex_1         :                           0 
	   admin_mutex_2         :                           0 
	   admin_mutex_3         :                           0 
	   Cpus                  :     0.86        1         1 
	   Disk (KB)             :    15        2048      5480 
	   GPUs                  :                           0 
	   machine_token         :                           0 
	   Memory (MB)           :   164        6000      6016 
	   TimeExecute (s)       :  1119                       
	   TimeSlotBusy (s)      :  1119                       

	Job terminated of its own accord at 2026-06-02T23:02:26Z with exit-code 0.
...
