000 (19533753.000.000) 2026-06-02 15:51:03 Job submitted from host: <10.128.10.103:9618?addrs=10.128.10.103-9618&alias=npx-submitter.icecube.wisc.edu&noUDP&sock=schedd_2449_6386>
    DAG Node: Drootprod_20220125_86204
...
001 (19533753.000.000) 2026-06-02 16:20:13 Job executing on host: <10.128.10.191:42321?addrs=10.128.10.191-42321&alias=n-smepyc-04.icecube.wisc.edu>
	SlotName: slot1_43@n-smepyc-04.icecube.wisc.edu
	admin_mutex_1 = 0
	admin_mutex_2 = 0
	admin_mutex_3 = 0
	CondorScratchDir = "/scratch/condor/dir_109372"
	Cpus = 1
	Disk = 3072
	GPUs = 0
	machine_token = 0
	Memory = 6016
...
006 (19533753.000.000) 2026-06-02 16:20:27 Image size of job updated: 121700
	119  -  MemoryUsage of job (MB)
	121700  -  ResidentSetSize of job (KB)
...
006 (19533753.000.000) 2026-06-02 16:25:29 Image size of job updated: 168372
	165  -  MemoryUsage of job (MB)
	168372  -  ResidentSetSize of job (KB)
...
006 (19533753.000.000) 2026-06-02 16:26:24 Image size of job updated: 176688
	165  -  MemoryUsage of job (MB)
	168372  -  ResidentSetSize of job (KB)
...
005 (19533753.000.000) 2026-06-02 16:26:24 Job terminated.
	(1) Normal termination (return value 0)
		Usr 0 00:05:13, Sys 0 00:00:05  -  Run Remote Usage
		Usr 0 00:00:00, Sys 0 00:00:00  -  Run Local Usage
		Usr 0 00:05:13, Sys 0 00:00:05  -  Total Remote Usage
		Usr 0 00:00:00, Sys 0 00:00:00  -  Total Local Usage
	0  -  Run Bytes Sent By Job
	0  -  Run Bytes Received By Job
	0  -  Total Bytes Sent By Job
	0  -  Total Bytes Received By Job
	Partitionable Resources :    Usage  Request Allocated 
	   admin_mutex_1         :                           0 
	   admin_mutex_2         :                           0 
	   admin_mutex_3         :                           0 
	   Cpus                  :     0.99        1         1 
	   Disk (KB)             :    15        2048      3072 
	   GPUs                  :                           0 
	   machine_token         :                           0 
	   Memory (MB)           :   165        6000      6016 
	   TimeExecute (s)       :   371                       
	   TimeSlotBusy (s)      :   371                       

	Job terminated of its own accord at 2026-06-02T21:26:24Z with exit-code 0.
...
