000 (19538050.000.000) 2026-06-02 16:01:14 Job submitted from host: <10.128.10.103:9618?addrs=10.128.10.103-9618&alias=npx-submitter.icecube.wisc.edu&noUDP&sock=schedd_2449_6386>
    DAG Node: Drootprod_20221217_54849
...
001 (19538050.000.000) 2026-06-02 17:43:57 Job executing on host: <10.128.10.190:46289?addrs=10.128.10.190-46289&alias=n-smepyc-03.icecube.wisc.edu>
	SlotName: slot1_16@n-smepyc-03.icecube.wisc.edu
	admin_mutex_1 = 0
	admin_mutex_2 = 0
	admin_mutex_3 = 0
	CondorScratchDir = "/scratch/condor/dir_3905316"
	Cpus = 1
	Disk = 3072
	GPUs = 0
	machine_token = 0
	Memory = 6016
...
006 (19538050.000.000) 2026-06-02 17:44:10 Image size of job updated: 121300
	119  -  MemoryUsage of job (MB)
	121300  -  ResidentSetSize of job (KB)
...
006 (19538050.000.000) 2026-06-02 17:49:10 Image size of job updated: 165600
	162  -  MemoryUsage of job (MB)
	165600  -  ResidentSetSize of job (KB)
...
006 (19538050.000.000) 2026-06-02 17:50:37 Image size of job updated: 188460
	162  -  MemoryUsage of job (MB)
	165600  -  ResidentSetSize of job (KB)
...
005 (19538050.000.000) 2026-06-02 17:50:37 Job terminated.
	(1) Normal termination (return value 0)
		Usr 0 00:06:09, Sys 0 00:00:06  -  Run Remote Usage
		Usr 0 00:00:00, Sys 0 00:00:00  -  Run Local Usage
		Usr 0 00:06:09, Sys 0 00:00:06  -  Total Remote Usage
		Usr 0 00:00:00, Sys 0 00:00:00  -  Total Local Usage
	0  -  Run Bytes Sent By Job
	0  -  Run Bytes Received By Job
	0  -  Total Bytes Sent By Job
	0  -  Total Bytes Received By Job
	Partitionable Resources :    Usage  Request Allocated 
	   admin_mutex_1         :                           0 
	   admin_mutex_2         :                           0 
	   admin_mutex_3         :                           0 
	   Cpus                  :     0.93        1         1 
	   Disk (KB)             :    15        2048      3072 
	   GPUs                  :                           0 
	   machine_token         :                           0 
	   Memory (MB)           :   162        6000      6016 
	   TimeExecute (s)       :   400                       
	   TimeSlotBusy (s)      :   401                       

	Job terminated of its own accord at 2026-06-02T22:50:37Z with exit-code 0.
...
