000 (19537938.000.000) 2026-06-02 16:00:39 Job submitted from host: <10.128.10.103:9618?addrs=10.128.10.103-9618&alias=npx-submitter.icecube.wisc.edu&noUDP&sock=schedd_2449_6386>
    DAG Node: Drootprod_20221127_92142
...
001 (19537938.000.000) 2026-06-02 17:43:13 Job executing on host: <10.128.10.188:45333?addrs=10.128.10.188-45333&alias=n-smepyc-01.icecube.wisc.edu>
	SlotName: slot1_89@n-smepyc-01.icecube.wisc.edu
	admin_mutex_1 = 0
	admin_mutex_2 = 0
	admin_mutex_3 = 0
	CondorScratchDir = "/scratch/condor/dir_60738"
	Cpus = 1
	Disk = 3072
	GPUs = 0
	machine_token = 0
	Memory = 6016
...
006 (19537938.000.000) 2026-06-02 17:43:27 Image size of job updated: 122652
	120  -  MemoryUsage of job (MB)
	122652  -  ResidentSetSize of job (KB)
...
006 (19537938.000.000) 2026-06-02 17:48:27 Image size of job updated: 168952
	165  -  MemoryUsage of job (MB)
	168952  -  ResidentSetSize of job (KB)
...
006 (19537938.000.000) 2026-06-02 17:49:31 Image size of job updated: 178492
	165  -  MemoryUsage of job (MB)
	168952  -  ResidentSetSize of job (KB)
...
005 (19537938.000.000) 2026-06-02 17:49:31 Job terminated.
	(1) Normal termination (return value 0)
		Usr 0 00:05:48, Sys 0 00:00:05  -  Run Remote Usage
		Usr 0 00:00:00, Sys 0 00:00:00  -  Run Local Usage
		Usr 0 00:05:48, Sys 0 00:00:05  -  Total Remote Usage
		Usr 0 00:00:00, Sys 0 00:00:00  -  Total Local Usage
	0  -  Run Bytes Sent By Job
	0  -  Run Bytes Received By Job
	0  -  Total Bytes Sent By Job
	0  -  Total Bytes Received By Job
	Partitionable Resources :    Usage  Request Allocated 
	   admin_mutex_1         :                           0 
	   admin_mutex_2         :                           0 
	   admin_mutex_3         :                           0 
	   Cpus                  :     0.94        1         1 
	   Disk (KB)             :    15        2048      3072 
	   GPUs                  :                           0 
	   machine_token         :                           0 
	   Memory (MB)           :   165        6000      6016 
	   TimeExecute (s)       :   378                       
	   TimeSlotBusy (s)      :   378                       

	Job terminated of its own accord at 2026-06-02T22:49:31Z with exit-code 0.
...
