000 (19537101.000.000) 2026-06-02 15:57:57 Job submitted from host: <10.128.10.103:9618?addrs=10.128.10.103-9618&alias=npx-submitter.icecube.wisc.edu&noUDP&sock=schedd_2449_6386>
    DAG Node: Drootprod_20220903_80450
...
001 (19537101.000.000) 2026-06-02 17:31:47 Job executing on host: <10.128.10.117:43719?addrs=10.128.10.117-43719&alias=n-gibyte-02.icecube.wisc.edu>
	SlotName: slot1_457@n-gibyte-02.icecube.wisc.edu
	admin_mutex_1 = 0
	admin_mutex_2 = 0
	admin_mutex_3 = 0
	CondorScratchDir = "/scratch/condor/dir_3714118"
	Cpus = 1
	Disk = 5480
	GPUs = 0
	machine_token = 0
	Memory = 6016
...
006 (19537101.000.000) 2026-06-02 17:32:01 Image size of job updated: 118640
	116  -  MemoryUsage of job (MB)
	118640  -  ResidentSetSize of job (KB)
...
006 (19537101.000.000) 2026-06-02 17:37:01 Image size of job updated: 140272
	137  -  MemoryUsage of job (MB)
	140272  -  ResidentSetSize of job (KB)
...
006 (19537101.000.000) 2026-06-02 17:42:02 Image size of job updated: 159348
	156  -  MemoryUsage of job (MB)
	159348  -  ResidentSetSize of job (KB)
...
006 (19537101.000.000) 2026-06-02 17:47:02 Image size of job updated: 177600
	174  -  MemoryUsage of job (MB)
	177600  -  ResidentSetSize of job (KB)
...
006 (19537101.000.000) 2026-06-02 17:47:32 Image size of job updated: 179108
	174  -  MemoryUsage of job (MB)
	177600  -  ResidentSetSize of job (KB)
...
005 (19537101.000.000) 2026-06-02 17:47:32 Job terminated.
	(1) Normal termination (return value 0)
		Usr 0 00:14:54, Sys 0 00:00:08  -  Run Remote Usage
		Usr 0 00:00:00, Sys 0 00:00:00  -  Run Local Usage
		Usr 0 00:14:54, Sys 0 00:00:08  -  Total Remote Usage
		Usr 0 00:00:00, Sys 0 00:00:00  -  Total Local Usage
	0  -  Run Bytes Sent By Job
	0  -  Run Bytes Received By Job
	0  -  Total Bytes Sent By Job
	0  -  Total Bytes Received By Job
	Partitionable Resources :    Usage  Request Allocated 
	   admin_mutex_1         :                           0 
	   admin_mutex_2         :                           0 
	   admin_mutex_3         :                           0 
	   Cpus                  :     0.98        1         1 
	   Disk (KB)             :    15        2048      5480 
	   GPUs                  :                           0 
	   machine_token         :                           0 
	   Memory (MB)           :   174        6000      6016 
	   TimeExecute (s)       :   945                       
	   TimeSlotBusy (s)      :   946                       

	Job terminated of its own accord at 2026-06-02T22:47:32Z with exit-code 0.
...
