000 (19535908.000.000) 2026-06-02 15:55:22 Job submitted from host: <10.128.10.103:9618?addrs=10.128.10.103-9618&alias=npx-submitter.icecube.wisc.edu&noUDP&sock=schedd_2449_6386>
    DAG Node: Drootprod_20220612_50425
...
001 (19535908.000.000) 2026-06-02 17:02:07 Job executing on host: <10.128.10.197:38115?addrs=10.128.10.197-38115&alias=n-18.icecube.wisc.edu>
	SlotName: slot1_7@n-18.icecube.wisc.edu
	admin_mutex_1 = 0
	admin_mutex_2 = 0
	admin_mutex_3 = 0
	CondorScratchDir = "/scratch/condor/dir_637168"
	Cpus = 1
	Disk = 3815
	GPUs = 0
	machine_token = 0
	Memory = 6016
...
006 (19535908.000.000) 2026-06-02 17:02:20 Image size of job updated: 121460
	119  -  MemoryUsage of job (MB)
	121460  -  ResidentSetSize of job (KB)
...
006 (19535908.000.000) 2026-06-02 17:07:20 Image size of job updated: 157884
	155  -  MemoryUsage of job (MB)
	157884  -  ResidentSetSize of job (KB)
...
006 (19535908.000.000) 2026-06-02 17:09:30 Image size of job updated: 173176
	155  -  MemoryUsage of job (MB)
	157884  -  ResidentSetSize of job (KB)
...
005 (19535908.000.000) 2026-06-02 17:09:30 Job terminated.
	(1) Normal termination (return value 0)
		Usr 0 00:06:33, Sys 0 00:00:05  -  Run Remote Usage
		Usr 0 00:00:00, Sys 0 00:00:00  -  Run Local Usage
		Usr 0 00:06:33, Sys 0 00:00:05  -  Total Remote Usage
		Usr 0 00:00:00, Sys 0 00:00:00  -  Total Local Usage
	0  -  Run Bytes Sent By Job
	0  -  Run Bytes Received By Job
	0  -  Total Bytes Sent By Job
	0  -  Total Bytes Received By Job
	Partitionable Resources :    Usage  Request Allocated 
	   admin_mutex_1         :                           0 
	   admin_mutex_2         :                           0 
	   admin_mutex_3         :                           0 
	   Cpus                  :     0.93        1         1 
	   Disk (KB)             :    12        2048      3815 
	   GPUs                  :                           0 
	   machine_token         :                           0 
	   Memory (MB)           :   155        6000      6016 
	   TimeExecute (s)       :   443                       
	   TimeSlotBusy (s)      :   443                       

	Job terminated of its own accord at 2026-06-02T22:09:30Z with exit-code 0.
...
