000 (19534212.000.000) 2026-06-02 15:52:01 Job submitted from host: <10.128.10.103:9618?addrs=10.128.10.103-9618&alias=npx-submitter.icecube.wisc.edu&noUDP&sock=schedd_2449_6386>
    DAG Node: Drootprod_20220225_19622
...
001 (19534212.000.000) 2026-06-02 16:30:00 Job executing on host: <10.128.10.187:34023?addrs=10.128.10.187-34023&alias=n-smepyc-00.icecube.wisc.edu>
	SlotName: slot1_27@n-smepyc-00.icecube.wisc.edu
	admin_mutex_1 = 0
	admin_mutex_2 = 0
	admin_mutex_3 = 0
	CondorScratchDir = "/scratch/condor/dir_1773590"
	Cpus = 1
	Disk = 3072
	GPUs = 0
	machine_token = 0
	Memory = 6016
...
006 (19534212.000.000) 2026-06-02 16:30:14 Image size of job updated: 123044
	121  -  MemoryUsage of job (MB)
	123044  -  ResidentSetSize of job (KB)
...
006 (19534212.000.000) 2026-06-02 16:35:15 Image size of job updated: 163892
	161  -  MemoryUsage of job (MB)
	163892  -  ResidentSetSize of job (KB)
...
006 (19534212.000.000) 2026-06-02 16:37:06 Image size of job updated: 179448
	161  -  MemoryUsage of job (MB)
	163892  -  ResidentSetSize of job (KB)
...
005 (19534212.000.000) 2026-06-02 16:37:06 Job terminated.
	(1) Normal termination (return value 0)
		Usr 0 00:06:04, Sys 0 00:00:06  -  Run Remote Usage
		Usr 0 00:00:00, Sys 0 00:00:00  -  Run Local Usage
		Usr 0 00:06:04, Sys 0 00:00:06  -  Total Remote Usage
		Usr 0 00:00:00, Sys 0 00:00:00  -  Total Local Usage
	0  -  Run Bytes Sent By Job
	0  -  Run Bytes Received By Job
	0  -  Total Bytes Sent By Job
	0  -  Total Bytes Received By Job
	Partitionable Resources :    Usage  Request Allocated 
	   admin_mutex_1         :                           0 
	   admin_mutex_2         :                           0 
	   admin_mutex_3         :                           0 
	   Cpus                  :     0.91        1         1 
	   Disk (KB)             :    15        2048      3072 
	   GPUs                  :                           0 
	   machine_token         :                           0 
	   Memory (MB)           :   161        6000      6016 
	   TimeExecute (s)       :   426                       
	   TimeSlotBusy (s)      :   426                       

	Job terminated of its own accord at 2026-06-02T21:37:06Z with exit-code 0.
...
