000 (19537617.000.000) 2026-06-02 15:59:24 Job submitted from host: <10.128.10.103:9618?addrs=10.128.10.103-9618&alias=npx-submitter.icecube.wisc.edu&noUDP&sock=schedd_2449_6386>
    DAG Node: Drootprod_20221019_26881
...
001 (19537617.000.000) 2026-06-02 17:40:14 Job executing on host: <10.128.11.109:32957?addrs=10.128.11.109-32957&alias=n-r720-50.icecube.wisc.edu>
	SlotName: slot1_9@n-r720-50.icecube.wisc.edu
	admin_mutex_1 = 0
	admin_mutex_2 = 0
	admin_mutex_3 = 0
	CondorScratchDir = "/scratch/condor/dir_33043"
	Cpus = 1
	Disk = 3717
	GPUs = 0
	machine_token = 0
	Memory = 6016
...
006 (19537617.000.000) 2026-06-02 17:40:28 Image size of job updated: 119664
	117  -  MemoryUsage of job (MB)
	119664  -  ResidentSetSize of job (KB)
...
006 (19537617.000.000) 2026-06-02 17:45:29 Image size of job updated: 149676
	147  -  MemoryUsage of job (MB)
	149676  -  ResidentSetSize of job (KB)
...
006 (19537617.000.000) 2026-06-02 17:50:30 Image size of job updated: 173324
	170  -  MemoryUsage of job (MB)
	173324  -  ResidentSetSize of job (KB)
...
006 (19537617.000.000) 2026-06-02 17:51:49 Image size of job updated: 178876
	170  -  MemoryUsage of job (MB)
	173324  -  ResidentSetSize of job (KB)
...
005 (19537617.000.000) 2026-06-02 17:51:49 Job terminated.
	(1) Normal termination (return value 0)
		Usr 0 00:10:59, Sys 0 00:00:08  -  Run Remote Usage
		Usr 0 00:00:00, Sys 0 00:00:00  -  Run Local Usage
		Usr 0 00:10:59, Sys 0 00:00:08  -  Total Remote Usage
		Usr 0 00:00:00, Sys 0 00:00:00  -  Total Local Usage
	0  -  Run Bytes Sent By Job
	0  -  Run Bytes Received By Job
	0  -  Total Bytes Sent By Job
	0  -  Total Bytes Received By Job
	Partitionable Resources :    Usage  Request Allocated 
	   admin_mutex_1         :                           0 
	   admin_mutex_2         :                           0 
	   admin_mutex_3         :                           0 
	   Cpus                  :     0.99        1         1 
	   Disk (KB)             :    10        2048      3717 
	   GPUs                  :                           0 
	   machine_token         :                           0 
	   Memory (MB)           :   170        6000      6016 
	   TimeExecute (s)       :   695                       
	   TimeSlotBusy (s)      :   695                       

	Job terminated of its own accord at 2026-06-02T22:51:49Z with exit-code 0.
...
