000 (19534812.000.000) 2026-06-02 15:53:05 Job submitted from host: <10.128.10.103:9618?addrs=10.128.10.103-9618&alias=npx-submitter.icecube.wisc.edu&noUDP&sock=schedd_2449_6386>
    DAG Node: Drootprod_20220330_60785
...
001 (19534812.000.000) 2026-06-02 16:41:23 Job executing on host: <10.128.10.49:33425?addrs=10.128.10.49-33425&alias=n-m610-39.icecube.wisc.edu>
	SlotName: slot1_1@n-m610-39.icecube.wisc.edu
	admin_mutex_1 = 0
	admin_mutex_2 = 0
	admin_mutex_3 = 0
	CondorScratchDir = "/scratch/condor/dir_1238569"
	Cpus = 1
	Disk = 3072
	GPUs = 0
	machine_token = 0
	Memory = 6016
...
006 (19534812.000.000) 2026-06-02 16:41:36 Image size of job updated: 94336
	93  -  MemoryUsage of job (MB)
	94336  -  ResidentSetSize of job (KB)
...
006 (19534812.000.000) 2026-06-02 16:46:36 Image size of job updated: 159352
	156  -  MemoryUsage of job (MB)
	159352  -  ResidentSetSize of job (KB)
...
006 (19534812.000.000) 2026-06-02 16:48:47 Image size of job updated: 174788
	156  -  MemoryUsage of job (MB)
	159352  -  ResidentSetSize of job (KB)
...
005 (19534812.000.000) 2026-06-02 16:48:48 Job terminated.
	(1) Normal termination (return value 0)
		Usr 0 00:06:42, Sys 0 00:00:06  -  Run Remote Usage
		Usr 0 00:00:00, Sys 0 00:00:00  -  Run Local Usage
		Usr 0 00:06:42, Sys 0 00:00:06  -  Total Remote Usage
		Usr 0 00:00:00, Sys 0 00:00:00  -  Total Local Usage
	0  -  Run Bytes Sent By Job
	0  -  Run Bytes Received By Job
	0  -  Total Bytes Sent By Job
	0  -  Total Bytes Received By Job
	Partitionable Resources :    Usage  Request Allocated 
	   admin_mutex_1         :                           0 
	   admin_mutex_2         :                           0 
	   admin_mutex_3         :                           0 
	   Cpus                  :     0.97        1         1 
	   Disk (KB)             :    10        2048      3072 
	   GPUs                  :                           0 
	   machine_token         :                           0 
	   Memory (MB)           :   156        6000      6016 
	   TimeExecute (s)       :   445                       
	   TimeSlotBusy (s)      :   445                       

	Job terminated of its own accord at 2026-06-02T21:48:47Z with exit-code 0.
...
