000 (19537819.000.000) 2026-06-02 16:00:08 Job submitted from host: <10.128.10.103:9618?addrs=10.128.10.103-9618&alias=npx-submitter.icecube.wisc.edu&noUDP&sock=schedd_2449_6386>
    DAG Node: Drootprod_20221112_10839
...
001 (19537819.000.000) 2026-06-02 17:41:51 Job executing on host: <10.128.11.110:33229?addrs=10.128.11.110-33229&alias=n-r720-51.icecube.wisc.edu>
	SlotName: slot1_12@n-r720-51.icecube.wisc.edu
	admin_mutex_1 = 0
	admin_mutex_2 = 0
	admin_mutex_3 = 0
	CondorScratchDir = "/scratch/condor/dir_1690157"
	Cpus = 1
	Disk = 3717
	GPUs = 0
	machine_token = 0
	Memory = 6016
...
006 (19537819.000.000) 2026-06-02 17:42:04 Image size of job updated: 119860
	118  -  MemoryUsage of job (MB)
	119860  -  ResidentSetSize of job (KB)
...
006 (19537819.000.000) 2026-06-02 17:47:04 Image size of job updated: 149700
	147  -  MemoryUsage of job (MB)
	149700  -  ResidentSetSize of job (KB)
...
006 (19537819.000.000) 2026-06-02 17:52:04 Image size of job updated: 171072
	168  -  MemoryUsage of job (MB)
	171072  -  ResidentSetSize of job (KB)
...
006 (19537819.000.000) 2026-06-02 17:53:50 Image size of job updated: 178080
	168  -  MemoryUsage of job (MB)
	171072  -  ResidentSetSize of job (KB)
...
005 (19537819.000.000) 2026-06-02 17:53:50 Job terminated.
	(1) Normal termination (return value 0)
		Usr 0 00:11:17, Sys 0 00:00:09  -  Run Remote Usage
		Usr 0 00:00:00, Sys 0 00:00:00  -  Run Local Usage
		Usr 0 00:11:17, Sys 0 00:00:09  -  Total Remote Usage
		Usr 0 00:00:00, Sys 0 00:00:00  -  Total Local Usage
	0  -  Run Bytes Sent By Job
	0  -  Run Bytes Received By Job
	0  -  Total Bytes Sent By Job
	0  -  Total Bytes Received By Job
	Partitionable Resources :    Usage  Request Allocated 
	   admin_mutex_1         :                           0 
	   admin_mutex_2         :                           0 
	   admin_mutex_3         :                           0 
	   Cpus                  :     0.98        1         1 
	   Disk (KB)             :    12        2048      3717 
	   GPUs                  :                           0 
	   machine_token         :                           0 
	   Memory (MB)           :   168        6000      6016 
	   TimeExecute (s)       :   719                       
	   TimeSlotBusy (s)      :   719                       

	Job terminated of its own accord at 2026-06-02T22:53:50Z with exit-code 0.
...
