000 (19537448.000.000) 2026-06-02 15:58:52 Job submitted from host: <10.128.10.103:9618?addrs=10.128.10.103-9618&alias=npx-submitter.icecube.wisc.edu&noUDP&sock=schedd_2449_6386>
    DAG Node: Drootprod_20221003_10626
...
001 (19537448.000.000) 2026-06-02 17:37:53 Job executing on host: <10.128.11.109:32957?addrs=10.128.11.109-32957&alias=n-r720-50.icecube.wisc.edu>
	SlotName: slot1_12@n-r720-50.icecube.wisc.edu
	admin_mutex_1 = 0
	admin_mutex_2 = 0
	admin_mutex_3 = 0
	CondorScratchDir = "/scratch/condor/dir_24988"
	Cpus = 1
	Disk = 3717
	GPUs = 0
	machine_token = 0
	Memory = 6016
...
006 (19537448.000.000) 2026-06-02 17:38:07 Image size of job updated: 118488
	116  -  MemoryUsage of job (MB)
	118488  -  ResidentSetSize of job (KB)
...
006 (19537448.000.000) 2026-06-02 17:43:08 Image size of job updated: 150228
	147  -  MemoryUsage of job (MB)
	150228  -  ResidentSetSize of job (KB)
...
006 (19537448.000.000) 2026-06-02 17:47:36 Image size of job updated: 171708
	147  -  MemoryUsage of job (MB)
	150228  -  ResidentSetSize of job (KB)
...
005 (19537448.000.000) 2026-06-02 17:47:36 Job terminated.
	(1) Normal termination (return value 0)
		Usr 0 00:09:06, Sys 0 00:00:07  -  Run Remote Usage
		Usr 0 00:00:00, Sys 0 00:00:00  -  Run Local Usage
		Usr 0 00:09:06, Sys 0 00:00:07  -  Total Remote Usage
		Usr 0 00:00:00, Sys 0 00:00:00  -  Total Local Usage
	0  -  Run Bytes Sent By Job
	0  -  Run Bytes Received By Job
	0  -  Total Bytes Sent By Job
	0  -  Total Bytes Received By Job
	Partitionable Resources :    Usage  Request Allocated 
	   admin_mutex_1         :                           0 
	   admin_mutex_2         :                           0 
	   admin_mutex_3         :                           0 
	   Cpus                  :     0.96        1         1 
	   Disk (KB)             :    15        2048      3717 
	   GPUs                  :                           0 
	   machine_token         :                           0 
	   Memory (MB)           :   147        6000      6016 
	   TimeExecute (s)       :   583                       
	   TimeSlotBusy (s)      :   583                       

	Job terminated of its own accord at 2026-06-02T22:47:36Z with exit-code 0.
...
