000 (19533602.000.000) 2026-06-02 15:50:45 Job submitted from host: <10.128.10.103:9618?addrs=10.128.10.103-9618&alias=npx-submitter.icecube.wisc.edu&noUDP&sock=schedd_2449_6386>
    DAG Node: Drootprod_20220117_34094
...
001 (19533602.000.000) 2026-06-02 16:17:35 Job executing on host: <10.128.10.191:42321?addrs=10.128.10.191-42321&alias=n-smepyc-04.icecube.wisc.edu>
	SlotName: slot1_27@n-smepyc-04.icecube.wisc.edu
	admin_mutex_1 = 0
	admin_mutex_2 = 0
	admin_mutex_3 = 0
	CondorScratchDir = "/scratch/condor/dir_98448"
	Cpus = 1
	Disk = 3072
	GPUs = 0
	machine_token = 0
	Memory = 6016
...
006 (19533602.000.000) 2026-06-02 16:17:48 Image size of job updated: 121472
	119  -  MemoryUsage of job (MB)
	121472  -  ResidentSetSize of job (KB)
...
006 (19533602.000.000) 2026-06-02 16:22:48 Image size of job updated: 158488
	155  -  MemoryUsage of job (MB)
	158488  -  ResidentSetSize of job (KB)
...
006 (19533602.000.000) 2026-06-02 16:24:17 Image size of job updated: 170276
	155  -  MemoryUsage of job (MB)
	158488  -  ResidentSetSize of job (KB)
...
005 (19533602.000.000) 2026-06-02 16:24:17 Job terminated.
	(1) Normal termination (return value 0)
		Usr 0 00:05:50, Sys 0 00:00:04  -  Run Remote Usage
		Usr 0 00:00:00, Sys 0 00:00:00  -  Run Local Usage
		Usr 0 00:05:50, Sys 0 00:00:04  -  Total Remote Usage
		Usr 0 00:00:00, Sys 0 00:00:00  -  Total Local Usage
	0  -  Run Bytes Sent By Job
	0  -  Run Bytes Received By Job
	0  -  Total Bytes Sent By Job
	0  -  Total Bytes Received By Job
	Partitionable Resources :    Usage  Request Allocated 
	   admin_mutex_1         :                           0 
	   admin_mutex_2         :                           0 
	   admin_mutex_3         :                           0 
	   Cpus                  :     0.89        1         1 
	   Disk (KB)             :    12        2048      3072 
	   GPUs                  :                           0 
	   machine_token         :                           0 
	   Memory (MB)           :   155        6000      6016 
	   TimeExecute (s)       :   402                       
	   TimeSlotBusy (s)      :   402                       

	Job terminated of its own accord at 2026-06-02T21:24:17Z with exit-code 0.
...
