000 (19536764.000.000) 2026-06-02 15:57:10 Job submitted from host: <10.128.10.103:9618?addrs=10.128.10.103-9618&alias=npx-submitter.icecube.wisc.edu&noUDP&sock=schedd_2449_6386>
    DAG Node: Drootprod_20220808_8384
...
001 (19536764.000.000) 2026-06-02 17:26:31 Job executing on host: <10.128.10.191:42321?addrs=10.128.10.191-42321&alias=n-smepyc-04.icecube.wisc.edu>
	SlotName: slot1_3@n-smepyc-04.icecube.wisc.edu
	admin_mutex_1 = 0
	admin_mutex_2 = 0
	admin_mutex_3 = 0
	CondorScratchDir = "/scratch/condor/dir_365562"
	Cpus = 1
	Disk = 3072
	GPUs = 0
	machine_token = 0
	Memory = 6016
...
006 (19536764.000.000) 2026-06-02 17:26:44 Image size of job updated: 122100
	120  -  MemoryUsage of job (MB)
	122100  -  ResidentSetSize of job (KB)
...
006 (19536764.000.000) 2026-06-02 17:31:44 Image size of job updated: 171028
	168  -  MemoryUsage of job (MB)
	171028  -  ResidentSetSize of job (KB)
...
006 (19536764.000.000) 2026-06-02 17:32:51 Image size of job updated: 179872
	168  -  MemoryUsage of job (MB)
	171028  -  ResidentSetSize of job (KB)
...
005 (19536764.000.000) 2026-06-02 17:32:51 Job terminated.
	(1) Normal termination (return value 0)
		Usr 0 00:05:48, Sys 0 00:00:07  -  Run Remote Usage
		Usr 0 00:00:00, Sys 0 00:00:00  -  Run Local Usage
		Usr 0 00:05:48, Sys 0 00:00:07  -  Total Remote Usage
		Usr 0 00:00:00, Sys 0 00:00:00  -  Total Local Usage
	0  -  Run Bytes Sent By Job
	0  -  Run Bytes Received By Job
	0  -  Total Bytes Sent By Job
	0  -  Total Bytes Received By Job
	Partitionable Resources :    Usage  Request Allocated 
	   admin_mutex_1         :                           0 
	   admin_mutex_2         :                           0 
	   admin_mutex_3         :                           0 
	   Cpus                  :     0.93        1         1 
	   Disk (KB)             :    15        2048      3072 
	   GPUs                  :                           0 
	   machine_token         :                           0 
	   Memory (MB)           :   168        6000      6016 
	   TimeExecute (s)       :   380                       
	   TimeSlotBusy (s)      :   380                       

	Job terminated of its own accord at 2026-06-02T22:32:51Z with exit-code 0.
...
