000 (19536069.000.000) 2026-06-02 15:55:41 Job submitted from host: <10.128.10.103:9618?addrs=10.128.10.103-9618&alias=npx-submitter.icecube.wisc.edu&noUDP&sock=schedd_2449_6386>
    DAG Node: Drootprod_20220621_29624
...
001 (19536069.000.000) 2026-06-02 17:13:41 Job executing on host: <10.128.10.56:33421?addrs=10.128.10.56-33421&alias=n-m610-46.icecube.wisc.edu>
	SlotName: slot1_6@n-m610-46.icecube.wisc.edu
	admin_mutex_1 = 0
	admin_mutex_2 = 0
	admin_mutex_3 = 0
	CondorScratchDir = "/scratch/condor/dir_982586"
	Cpus = 1
	Disk = 3072
	GPUs = 0
	machine_token = 0
	Memory = 6016
...
006 (19536069.000.000) 2026-06-02 17:13:56 Image size of job updated: 121976
	120  -  MemoryUsage of job (MB)
	121976  -  ResidentSetSize of job (KB)
...
006 (19536069.000.000) 2026-06-02 17:18:56 Image size of job updated: 164404
	161  -  MemoryUsage of job (MB)
	164404  -  ResidentSetSize of job (KB)
...
006 (19536069.000.000) 2026-06-02 17:22:37 Image size of job updated: 304676
	161  -  MemoryUsage of job (MB)
	164404  -  ResidentSetSize of job (KB)
...
005 (19536069.000.000) 2026-06-02 17:22:37 Job terminated.
	(1) Normal termination (return value 0)
		Usr 0 00:08:19, Sys 0 00:00:07  -  Run Remote Usage
		Usr 0 00:00:00, Sys 0 00:00:00  -  Run Local Usage
		Usr 0 00:08:19, Sys 0 00:00:07  -  Total Remote Usage
		Usr 0 00:00:00, Sys 0 00:00:00  -  Total Local Usage
	0  -  Run Bytes Sent By Job
	0  -  Run Bytes Received By Job
	0  -  Total Bytes Sent By Job
	0  -  Total Bytes Received By Job
	Partitionable Resources :    Usage  Request Allocated 
	   admin_mutex_1         :                           0 
	   admin_mutex_2         :                           0 
	   admin_mutex_3         :                           0 
	   Cpus                  :     0.95        1         1 
	   Disk (KB)             :    12        2048      3072 
	   GPUs                  :                           0 
	   machine_token         :                           0 
	   Memory (MB)           :   161        6000      6016 
	   TimeExecute (s)       :   536                       
	   TimeSlotBusy (s)      :   536                       

	Job terminated of its own accord at 2026-06-02T22:22:37Z with exit-code 0.
...
