000 (19537178.000.000) 2026-06-02 15:58:08 Job submitted from host: <10.128.10.103:9618?addrs=10.128.10.103-9618&alias=npx-submitter.icecube.wisc.edu&noUDP&sock=schedd_2449_6386>
    DAG Node: Drootprod_20220909_70293
...
001 (19537178.000.000) 2026-06-02 17:33:20 Job executing on host: <10.128.10.115:33587?addrs=10.128.10.115-33587&alias=n-gibyte-00.icecube.wisc.edu>
	SlotName: slot1_208@n-gibyte-00.icecube.wisc.edu
	admin_mutex_1 = 0
	admin_mutex_2 = 0
	admin_mutex_3 = 0
	CondorScratchDir = "/scratch/condor/dir_2421393"
	Cpus = 1
	Disk = 5480
	GPUs = 0
	machine_token = 0
	Memory = 6016
...
006 (19537178.000.000) 2026-06-02 17:33:33 Image size of job updated: 118508
	116  -  MemoryUsage of job (MB)
	118508  -  ResidentSetSize of job (KB)
...
006 (19537178.000.000) 2026-06-02 17:38:33 Image size of job updated: 142348
	140  -  MemoryUsage of job (MB)
	142348  -  ResidentSetSize of job (KB)
...
006 (19537178.000.000) 2026-06-02 17:43:34 Image size of job updated: 164244
	161  -  MemoryUsage of job (MB)
	164244  -  ResidentSetSize of job (KB)
...
006 (19537178.000.000) 2026-06-02 17:48:21 Image size of job updated: 201064
	161  -  MemoryUsage of job (MB)
	164244  -  ResidentSetSize of job (KB)
...
005 (19537178.000.000) 2026-06-02 17:48:21 Job terminated.
	(1) Normal termination (return value 0)
		Usr 0 00:14:12, Sys 0 00:00:09  -  Run Remote Usage
		Usr 0 00:00:00, Sys 0 00:00:00  -  Run Local Usage
		Usr 0 00:14:12, Sys 0 00:00:09  -  Total Remote Usage
		Usr 0 00:00:00, Sys 0 00:00:00  -  Total Local Usage
	0  -  Run Bytes Sent By Job
	0  -  Run Bytes Received By Job
	0  -  Total Bytes Sent By Job
	0  -  Total Bytes Received By Job
	Partitionable Resources :    Usage  Request Allocated 
	   admin_mutex_1         :                           0 
	   admin_mutex_2         :                           0 
	   admin_mutex_3         :                           0 
	   Cpus                  :     0.95        1         1 
	   Disk (KB)             :    15        2048      5480 
	   GPUs                  :                           0 
	   machine_token         :                           0 
	   Memory (MB)           :   161        6000      6016 
	   TimeExecute (s)       :   901                       
	   TimeSlotBusy (s)      :   902                       

	Job terminated of its own accord at 2026-06-02T22:48:21Z with exit-code 0.
...
