000 (19535451.000.000) 2026-06-02 15:54:22 Job submitted from host: <10.128.10.103:9618?addrs=10.128.10.103-9618&alias=npx-submitter.icecube.wisc.edu&noUDP&sock=schedd_2449_6386>
    DAG Node: Drootprod_20220509_97111
...
001 (19535451.000.000) 2026-06-02 16:53:43 Job executing on host: <10.128.10.238:43797?addrs=10.128.10.238-43797&alias=n-gpu-42.icecube.wisc.edu>
	SlotName: slot1_16@n-gpu-42.icecube.wisc.edu
	admin_mutex_1 = 0
	admin_mutex_2 = 0
	admin_mutex_3 = 0
	AvailableGPUs = {  }
	CondorScratchDir = "/scratch/condor/dir_2153433"
	Cpus = 1
	Disk = 3072
	GPUs = 0
	machine_token = 0
	Memory = 6016
...
006 (19535451.000.000) 2026-06-02 16:53:57 Image size of job updated: 121160
	119  -  MemoryUsage of job (MB)
	121160  -  ResidentSetSize of job (KB)
...
006 (19535451.000.000) 2026-06-02 16:58:58 Image size of job updated: 158728
	156  -  MemoryUsage of job (MB)
	158728  -  ResidentSetSize of job (KB)
...
006 (19535451.000.000) 2026-06-02 17:01:41 Image size of job updated: 175276
	156  -  MemoryUsage of job (MB)
	158728  -  ResidentSetSize of job (KB)
...
005 (19535451.000.000) 2026-06-02 17:01:41 Job terminated.
	(1) Normal termination (return value 0)
		Usr 0 00:07:11, Sys 0 00:00:07  -  Run Remote Usage
		Usr 0 00:00:00, Sys 0 00:00:00  -  Run Local Usage
		Usr 0 00:07:11, Sys 0 00:00:07  -  Total Remote Usage
		Usr 0 00:00:00, Sys 0 00:00:00  -  Total Local Usage
	0  -  Run Bytes Sent By Job
	0  -  Run Bytes Received By Job
	0  -  Total Bytes Sent By Job
	0  -  Total Bytes Received By Job
	Partitionable Resources :    Usage  Request Allocated 
	   admin_mutex_1         :                           0 
	   admin_mutex_2         :                           0 
	   admin_mutex_3         :                           0 
	   Cpus                  :     0.46        1         1 
	   Disk (KB)             :    10        2048      3072 
	   GPUs                  :                           0 
	   machine_token         :                           0 
	   Memory (MB)           :   156        6000      6016 
	   TimeExecute (s)       :   478                       
	   TimeSlotBusy (s)      :   478                       

	Job terminated of its own accord at 2026-06-02T22:01:41Z with exit-code 0.
...
