000 (19536238.000.000) 2026-06-02 15:56:02 Job submitted from host: <10.128.10.103:9618?addrs=10.128.10.103-9618&alias=npx-submitter.icecube.wisc.edu&noUDP&sock=schedd_2449_6386>
    DAG Node: Drootprod_20220702_86634
...
001 (19536238.000.000) 2026-06-02 17:16:48 Job executing on host: <10.128.10.192:35633?addrs=10.128.10.192-35633&alias=n-smepyc-05.icecube.wisc.edu>
	SlotName: slot1_1@n-smepyc-05.icecube.wisc.edu
	admin_mutex_1 = 0
	admin_mutex_2 = 0
	admin_mutex_3 = 0
	CondorScratchDir = "/scratch/condor/dir_356167"
	Cpus = 1
	Disk = 3072
	GPUs = 0
	machine_token = 0
	Memory = 6016
...
006 (19536238.000.000) 2026-06-02 17:17:01 Image size of job updated: 122116
	120  -  MemoryUsage of job (MB)
	122116  -  ResidentSetSize of job (KB)
...
006 (19536238.000.000) 2026-06-02 17:22:01 Image size of job updated: 173656
	170  -  MemoryUsage of job (MB)
	173656  -  ResidentSetSize of job (KB)
...
006 (19536238.000.000) 2026-06-02 17:23:04 Image size of job updated: 182608
	170  -  MemoryUsage of job (MB)
	173656  -  ResidentSetSize of job (KB)
...
005 (19536238.000.000) 2026-06-02 17:23:04 Job terminated.
	(1) Normal termination (return value 0)
		Usr 0 00:05:49, Sys 0 00:00:06  -  Run Remote Usage
		Usr 0 00:00:00, Sys 0 00:00:00  -  Run Local Usage
		Usr 0 00:05:49, Sys 0 00:00:06  -  Total Remote Usage
		Usr 0 00:00:00, Sys 0 00:00:00  -  Total Local Usage
	0  -  Run Bytes Sent By Job
	0  -  Run Bytes Received By Job
	0  -  Total Bytes Sent By Job
	0  -  Total Bytes Received By Job
	Partitionable Resources :    Usage  Request Allocated 
	   admin_mutex_1         :                           0 
	   admin_mutex_2         :                           0 
	   admin_mutex_3         :                           0 
	   Cpus                  :     0.97        1         1 
	   Disk (KB)             :    10        2048      3072 
	   GPUs                  :                           0 
	   machine_token         :                           0 
	   Memory (MB)           :   170        6000      6016 
	   TimeExecute (s)       :   376                       
	   TimeSlotBusy (s)      :   376                       

	Job terminated of its own accord at 2026-06-02T22:23:04Z with exit-code 0.
...
