000 (19537943.000.000) 2026-06-02 16:00:41 Job submitted from host: <10.128.10.103:9618?addrs=10.128.10.103-9618&alias=npx-submitter.icecube.wisc.edu&noUDP&sock=schedd_2449_6386>
    DAG Node: Drootprod_20221129_4432
...
001 (19537943.000.000) 2026-06-02 17:43:35 Job executing on host: <10.128.10.55:34077?addrs=10.128.10.55-34077&alias=n-m610-45.icecube.wisc.edu>
	SlotName: slot1_8@n-m610-45.icecube.wisc.edu
	admin_mutex_1 = 0
	admin_mutex_2 = 0
	admin_mutex_3 = 0
	CondorScratchDir = "/scratch/condor/dir_2327077"
	Cpus = 1
	Disk = 3072
	GPUs = 0
	machine_token = 0
	Memory = 6016
...
006 (19537943.000.000) 2026-06-02 17:43:49 Image size of job updated: 122144
	120  -  MemoryUsage of job (MB)
	122144  -  ResidentSetSize of job (KB)
...
006 (19537943.000.000) 2026-06-02 17:48:50 Image size of job updated: 163080
	160  -  MemoryUsage of job (MB)
	163080  -  ResidentSetSize of job (KB)
...
006 (19537943.000.000) 2026-06-02 17:50:29 Image size of job updated: 175648
	160  -  MemoryUsage of job (MB)
	163080  -  ResidentSetSize of job (KB)
...
005 (19537943.000.000) 2026-06-02 17:50:29 Job terminated.
	(1) Normal termination (return value 0)
		Usr 0 00:06:20, Sys 0 00:00:05  -  Run Remote Usage
		Usr 0 00:00:00, Sys 0 00:00:00  -  Run Local Usage
		Usr 0 00:06:20, Sys 0 00:00:05  -  Total Remote Usage
		Usr 0 00:00:00, Sys 0 00:00:00  -  Total Local Usage
	0  -  Run Bytes Sent By Job
	0  -  Run Bytes Received By Job
	0  -  Total Bytes Sent By Job
	0  -  Total Bytes Received By Job
	Partitionable Resources :    Usage  Request Allocated 
	   admin_mutex_1         :                           0 
	   admin_mutex_2         :                           0 
	   admin_mutex_3         :                           0 
	   Cpus                  :     0.95        1         1 
	   Disk (KB)             :    15        2048      3072 
	   GPUs                  :                           0 
	   machine_token         :                           0 
	   Memory (MB)           :   160        6000      6016 
	   TimeExecute (s)       :   414                       
	   TimeSlotBusy (s)      :   414                       

	Job terminated of its own accord at 2026-06-02T22:50:29Z with exit-code 0.
...
