000 (19536945.000.000) 2026-06-02 15:57:35 Job submitted from host: <10.128.10.103:9618?addrs=10.128.10.103-9618&alias=npx-submitter.icecube.wisc.edu&noUDP&sock=schedd_2449_6386>
    DAG Node: Drootprod_20220822_74811
...
001 (19536945.000.000) 2026-06-02 17:29:30 Job executing on host: <10.128.10.202:35183?addrs=10.128.10.202-35183&alias=n-r710-22.icecube.wisc.edu>
	SlotName: slot1_12@n-r710-22.icecube.wisc.edu
	admin_mutex_1 = 0
	admin_mutex_2 = 0
	admin_mutex_3 = 0
	CondorScratchDir = "/scratch/condor/dir_1558463"
	Cpus = 1
	Disk = 3072
	GPUs = 0
	machine_token = 0
	Memory = 6016
...
006 (19536945.000.000) 2026-06-02 17:29:44 Image size of job updated: 119468
	117  -  MemoryUsage of job (MB)
	119468  -  ResidentSetSize of job (KB)
...
006 (19536945.000.000) 2026-06-02 17:34:45 Image size of job updated: 142728
	140  -  MemoryUsage of job (MB)
	142728  -  ResidentSetSize of job (KB)
...
006 (19536945.000.000) 2026-06-02 17:39:45 Image size of job updated: 166580
	163  -  MemoryUsage of job (MB)
	166580  -  ResidentSetSize of job (KB)
...
006 (19536945.000.000) 2026-06-02 17:42:29 Image size of job updated: 180432
	163  -  MemoryUsage of job (MB)
	166580  -  ResidentSetSize of job (KB)
...
005 (19536945.000.000) 2026-06-02 17:42:29 Job terminated.
	(1) Normal termination (return value 0)
		Usr 0 00:12:15, Sys 0 00:00:10  -  Run Remote Usage
		Usr 0 00:00:00, Sys 0 00:00:00  -  Run Local Usage
		Usr 0 00:12:15, Sys 0 00:00:10  -  Total Remote Usage
		Usr 0 00:00:00, Sys 0 00:00:00  -  Total Local Usage
	0  -  Run Bytes Sent By Job
	0  -  Run Bytes Received By Job
	0  -  Total Bytes Sent By Job
	0  -  Total Bytes Received By Job
	Partitionable Resources :    Usage  Request Allocated 
	   admin_mutex_1         :                           0 
	   admin_mutex_2         :                           0 
	   admin_mutex_3         :                           0 
	   Cpus                  :     0.96        1         1 
	   Disk (KB)             :    12        2048      3072 
	   GPUs                  :                           0 
	   machine_token         :                           0 
	   Memory (MB)           :   163        6000      6016 
	   TimeExecute (s)       :   779                       
	   TimeSlotBusy (s)      :   779                       

	Job terminated of its own accord at 2026-06-02T22:42:29Z with exit-code 0.
...
