000 (19536695.000.000) 2026-06-02 15:57:01 Job submitted from host: <10.128.10.103:9618?addrs=10.128.10.103-9618&alias=npx-submitter.icecube.wisc.edu&noUDP&sock=schedd_2449_6386>
    DAG Node: Drootprod_20220804_63526
...
001 (19536695.000.000) 2026-06-02 17:25:05 Job executing on host: <10.128.10.115:33587?addrs=10.128.10.115-33587&alias=n-gibyte-00.icecube.wisc.edu>
	SlotName: slot1_121@n-gibyte-00.icecube.wisc.edu
	admin_mutex_1 = 0
	admin_mutex_2 = 0
	admin_mutex_3 = 0
	CondorScratchDir = "/scratch/condor/dir_2384751"
	Cpus = 1
	Disk = 5480
	GPUs = 0
	machine_token = 0
	Memory = 6016
...
006 (19536695.000.000) 2026-06-02 17:25:19 Image size of job updated: 119920
	118  -  MemoryUsage of job (MB)
	119920  -  ResidentSetSize of job (KB)
...
006 (19536695.000.000) 2026-06-02 17:30:19 Image size of job updated: 145196
	142  -  MemoryUsage of job (MB)
	145196  -  ResidentSetSize of job (KB)
...
006 (19536695.000.000) 2026-06-02 17:35:20 Image size of job updated: 165536
	162  -  MemoryUsage of job (MB)
	165536  -  ResidentSetSize of job (KB)
...
006 (19536695.000.000) 2026-06-02 17:37:56 Image size of job updated: 176576
	162  -  MemoryUsage of job (MB)
	165536  -  ResidentSetSize of job (KB)
...
005 (19536695.000.000) 2026-06-02 17:37:56 Job terminated.
	(1) Normal termination (return value 0)
		Usr 0 00:12:07, Sys 0 00:00:08  -  Run Remote Usage
		Usr 0 00:00:00, Sys 0 00:00:00  -  Run Local Usage
		Usr 0 00:12:07, Sys 0 00:00:08  -  Total Remote Usage
		Usr 0 00:00:00, Sys 0 00:00:00  -  Total Local Usage
	0  -  Run Bytes Sent By Job
	0  -  Run Bytes Received By Job
	0  -  Total Bytes Sent By Job
	0  -  Total Bytes Received By Job
	Partitionable Resources :    Usage  Request Allocated 
	   admin_mutex_1         :                           0 
	   admin_mutex_2         :                           0 
	   admin_mutex_3         :                           0 
	   Cpus                  :     0.99        1         1 
	   Disk (KB)             :    12        2048      5480 
	   GPUs                  :                           0 
	   machine_token         :                           0 
	   Memory (MB)           :   162        6000      6016 
	   TimeExecute (s)       :   771                       
	   TimeSlotBusy (s)      :   771                       

	Job terminated of its own accord at 2026-06-02T22:37:56Z with exit-code 0.
...
