000 (19536350.000.000) 2026-06-02 15:56:18 Job submitted from host: <10.128.10.103:9618?addrs=10.128.10.103-9618&alias=npx-submitter.icecube.wisc.edu&noUDP&sock=schedd_2449_6386>
    DAG Node: Drootprod_20220712_16711
...
001 (19536350.000.000) 2026-06-02 17:19:03 Job executing on host: <10.128.10.115:33587?addrs=10.128.10.115-33587&alias=n-gibyte-00.icecube.wisc.edu>
	SlotName: slot1_313@n-gibyte-00.icecube.wisc.edu
	admin_mutex_1 = 0
	admin_mutex_2 = 0
	admin_mutex_3 = 0
	CondorScratchDir = "/scratch/condor/dir_2360570"
	Cpus = 1
	Disk = 5480
	GPUs = 0
	machine_token = 0
	Memory = 6016
...
006 (19536350.000.000) 2026-06-02 17:19:17 Image size of job updated: 119244
	117  -  MemoryUsage of job (MB)
	119244  -  ResidentSetSize of job (KB)
...
006 (19536350.000.000) 2026-06-02 17:24:18 Image size of job updated: 149504
	146  -  MemoryUsage of job (MB)
	149504  -  ResidentSetSize of job (KB)
...
006 (19536350.000.000) 2026-06-02 17:28:02 Image size of job updated: 163220
	146  -  MemoryUsage of job (MB)
	149504  -  ResidentSetSize of job (KB)
...
005 (19536350.000.000) 2026-06-02 17:28:02 Job terminated.
	(1) Normal termination (return value 0)
		Usr 0 00:08:24, Sys 0 00:00:06  -  Run Remote Usage
		Usr 0 00:00:00, Sys 0 00:00:00  -  Run Local Usage
		Usr 0 00:08:24, Sys 0 00:00:06  -  Total Remote Usage
		Usr 0 00:00:00, Sys 0 00:00:00  -  Total Local Usage
	0  -  Run Bytes Sent By Job
	0  -  Run Bytes Received By Job
	0  -  Total Bytes Sent By Job
	0  -  Total Bytes Received By Job
	Partitionable Resources :    Usage  Request Allocated 
	   admin_mutex_1         :                           0 
	   admin_mutex_2         :                           0 
	   admin_mutex_3         :                           0 
	   Cpus                  :     0.97        1         1 
	   Disk (KB)             :    10        2048      5480 
	   GPUs                  :                           0 
	   machine_token         :                           0 
	   Memory (MB)           :   146        6000      6016 
	   TimeExecute (s)       :   539                       
	   TimeSlotBusy (s)      :   539                       

	Job terminated of its own accord at 2026-06-02T22:28:02Z with exit-code 0.
...
