000 (19535386.000.000) 2026-06-02 15:54:14 Job submitted from host: <10.128.10.103:9618?addrs=10.128.10.103-9618&alias=npx-submitter.icecube.wisc.edu&noUDP&sock=schedd_2449_6386>
    DAG Node: Drootprod_20220506_78583
...
001 (19535386.000.000) 2026-06-02 16:52:32 Job executing on host: <10.128.10.191:42321?addrs=10.128.10.191-42321&alias=n-smepyc-04.icecube.wisc.edu>
	SlotName: slot1_8@n-smepyc-04.icecube.wisc.edu
	admin_mutex_1 = 0
	admin_mutex_2 = 0
	admin_mutex_3 = 0
	CondorScratchDir = "/scratch/condor/dir_233707"
	Cpus = 1
	Disk = 3072
	GPUs = 0
	machine_token = 0
	Memory = 6016
...
006 (19535386.000.000) 2026-06-02 16:52:46 Image size of job updated: 123416
	121  -  MemoryUsage of job (MB)
	123416  -  ResidentSetSize of job (KB)
...
006 (19535386.000.000) 2026-06-02 16:57:47 Image size of job updated: 177600
	174  -  MemoryUsage of job (MB)
	177600  -  ResidentSetSize of job (KB)
...
006 (19535386.000.000) 2026-06-02 16:57:55 Image size of job updated: 178220
	174  -  MemoryUsage of job (MB)
	177816  -  ResidentSetSize of job (KB)
...
005 (19535386.000.000) 2026-06-02 16:57:55 Job terminated.
	(1) Normal termination (return value 0)
		Usr 0 00:04:59, Sys 0 00:00:05  -  Run Remote Usage
		Usr 0 00:00:00, Sys 0 00:00:00  -  Run Local Usage
		Usr 0 00:04:59, Sys 0 00:00:05  -  Total Remote Usage
		Usr 0 00:00:00, Sys 0 00:00:00  -  Total Local Usage
	0  -  Run Bytes Sent By Job
	0  -  Run Bytes Received By Job
	0  -  Total Bytes Sent By Job
	0  -  Total Bytes Received By Job
	Partitionable Resources :    Usage  Request Allocated 
	   admin_mutex_1         :                           0 
	   admin_mutex_2         :                           0 
	   admin_mutex_3         :                           0 
	   Cpus                  :     0.98        1         1 
	   Disk (KB)             :    10        2048      3072 
	   GPUs                  :                           0 
	   machine_token         :                           0 
	   Memory (MB)           :   174        6000      6016 
	   TimeExecute (s)       :   323                       
	   TimeSlotBusy (s)      :   323                       

	Job terminated of its own accord at 2026-06-02T21:57:55Z with exit-code 0.
...
