000 (19534314.000.000) 2026-06-02 15:52:12 Job submitted from host: <10.128.10.103:9618?addrs=10.128.10.103-9618&alias=npx-submitter.icecube.wisc.edu&noUDP&sock=schedd_2449_6386>
    DAG Node: Drootprod_20220303_11981
...
001 (19534314.000.000) 2026-06-02 16:31:56 Job executing on host: <10.128.10.30:37847?addrs=10.128.10.30-37847&alias=n-m610-20.icecube.wisc.edu>
	SlotName: slot1_6@n-m610-20.icecube.wisc.edu
	admin_mutex_1 = 0
	admin_mutex_2 = 0
	admin_mutex_3 = 0
	CondorScratchDir = "/scratch/condor/dir_1552888"
	Cpus = 1
	Disk = 3072
	GPUs = 0
	machine_token = 0
	Memory = 6016
...
006 (19534314.000.000) 2026-06-02 16:32:09 Image size of job updated: 121616
	119  -  MemoryUsage of job (MB)
	121616  -  ResidentSetSize of job (KB)
...
006 (19534314.000.000) 2026-06-02 16:37:09 Image size of job updated: 158984
	156  -  MemoryUsage of job (MB)
	158984  -  ResidentSetSize of job (KB)
...
006 (19534314.000.000) 2026-06-02 16:39:40 Image size of job updated: 177516
	156  -  MemoryUsage of job (MB)
	158984  -  ResidentSetSize of job (KB)
...
005 (19534314.000.000) 2026-06-02 16:39:40 Job terminated.
	(1) Normal termination (return value 0)
		Usr 0 00:06:52, Sys 0 00:00:06  -  Run Remote Usage
		Usr 0 00:00:00, Sys 0 00:00:00  -  Run Local Usage
		Usr 0 00:06:52, Sys 0 00:00:06  -  Total Remote Usage
		Usr 0 00:00:00, Sys 0 00:00:00  -  Total Local Usage
	0  -  Run Bytes Sent By Job
	0  -  Run Bytes Received By Job
	0  -  Total Bytes Sent By Job
	0  -  Total Bytes Received By Job
	Partitionable Resources :    Usage  Request Allocated 
	   admin_mutex_1         :                           0 
	   admin_mutex_2         :                           0 
	   admin_mutex_3         :                           0 
	   Cpus                  :     0.97        1         1 
	   Disk (KB)             :    12        2048      3072 
	   GPUs                  :                           0 
	   machine_token         :                           0 
	   Memory (MB)           :   156        6000      6016 
	   TimeExecute (s)       :   464                       
	   TimeSlotBusy (s)      :   465                       

	Job terminated of its own accord at 2026-06-02T21:39:40Z with exit-code 0.
...
