000 (19534126.000.000) 2026-06-02 15:51:51 Job submitted from host: <10.128.10.103:9618?addrs=10.128.10.103-9618&alias=npx-submitter.icecube.wisc.edu&noUDP&sock=schedd_2449_6386>
    DAG Node: Drootprod_20220221_72180
...
001 (19534126.000.000) 2026-06-02 16:28:38 Job executing on host: <10.128.10.190:46289?addrs=10.128.10.190-46289&alias=n-smepyc-03.icecube.wisc.edu>
	SlotName: slot1_42@n-smepyc-03.icecube.wisc.edu
	admin_mutex_1 = 0
	admin_mutex_2 = 0
	admin_mutex_3 = 0
	CondorScratchDir = "/scratch/condor/dir_3613860"
	Cpus = 1
	Disk = 3072
	GPUs = 0
	machine_token = 0
	Memory = 6016
...
006 (19534126.000.000) 2026-06-02 16:28:52 Image size of job updated: 122144
	120  -  MemoryUsage of job (MB)
	122144  -  ResidentSetSize of job (KB)
...
006 (19534126.000.000) 2026-06-02 16:33:53 Image size of job updated: 173040
	169  -  MemoryUsage of job (MB)
	173040  -  ResidentSetSize of job (KB)
...
006 (19534126.000.000) 2026-06-02 16:34:55 Image size of job updated: 183652
	169  -  MemoryUsage of job (MB)
	173040  -  ResidentSetSize of job (KB)
...
005 (19534126.000.000) 2026-06-02 16:34:55 Job terminated.
	(1) Normal termination (return value 0)
		Usr 0 00:05:28, Sys 0 00:00:05  -  Run Remote Usage
		Usr 0 00:00:00, Sys 0 00:00:00  -  Run Local Usage
		Usr 0 00:05:28, Sys 0 00:00:05  -  Total Remote Usage
		Usr 0 00:00:00, Sys 0 00:00:00  -  Total Local Usage
	0  -  Run Bytes Sent By Job
	0  -  Run Bytes Received By Job
	0  -  Total Bytes Sent By Job
	0  -  Total Bytes Received By Job
	Partitionable Resources :    Usage  Request Allocated 
	   admin_mutex_1         :                           0 
	   admin_mutex_2         :                           0 
	   admin_mutex_3         :                           0 
	   Cpus                  :     0.86        1         1 
	   Disk (KB)             :    12        2048      3072 
	   GPUs                  :                           0 
	   machine_token         :                           0 
	   Memory (MB)           :   169        6000      6016 
	   TimeExecute (s)       :   377                       
	   TimeSlotBusy (s)      :   377                       

	Job terminated of its own accord at 2026-06-02T21:34:55Z with exit-code 0.
...
