000 (19534117.000.000) 2026-06-02 15:51:50 Job submitted from host: <10.128.10.103:9618?addrs=10.128.10.103-9618&alias=npx-submitter.icecube.wisc.edu&noUDP&sock=schedd_2449_6386>
    DAG Node: Drootprod_20220220_39305
...
001 (19534117.000.000) 2026-06-02 16:28:18 Job executing on host: <10.128.10.18:40229?addrs=10.128.10.18-40229&alias=n-m610-08.icecube.wisc.edu>
	SlotName: slot1_1@n-m610-08.icecube.wisc.edu
	admin_mutex_1 = 0
	admin_mutex_2 = 0
	admin_mutex_3 = 0
	CondorScratchDir = "/scratch/condor/dir_497920"
	Cpus = 1
	Disk = 3072
	GPUs = 0
	machine_token = 0
	Memory = 6016
...
006 (19534117.000.000) 2026-06-02 16:28:32 Image size of job updated: 121680
	119  -  MemoryUsage of job (MB)
	121680  -  ResidentSetSize of job (KB)
...
006 (19534117.000.000) 2026-06-02 16:33:33 Image size of job updated: 160488
	157  -  MemoryUsage of job (MB)
	160488  -  ResidentSetSize of job (KB)
...
006 (19534117.000.000) 2026-06-02 16:36:32 Image size of job updated: 183444
	157  -  MemoryUsage of job (MB)
	160488  -  ResidentSetSize of job (KB)
...
005 (19534117.000.000) 2026-06-02 16:36:32 Job terminated.
	(1) Normal termination (return value 0)
		Usr 0 00:07:12, Sys 0 00:00:06  -  Run Remote Usage
		Usr 0 00:00:00, Sys 0 00:00:00  -  Run Local Usage
		Usr 0 00:07:12, Sys 0 00:00:06  -  Total Remote Usage
		Usr 0 00:00:00, Sys 0 00:00:00  -  Total Local Usage
	0  -  Run Bytes Sent By Job
	0  -  Run Bytes Received By Job
	0  -  Total Bytes Sent By Job
	0  -  Total Bytes Received By Job
	Partitionable Resources :    Usage  Request Allocated 
	   admin_mutex_1         :                           0 
	   admin_mutex_2         :                           0 
	   admin_mutex_3         :                           0 
	   Cpus                  :     0.92        1         1 
	   Disk (KB)             :    12        2048      3072 
	   GPUs                  :                           0 
	   machine_token         :                           0 
	   Memory (MB)           :   157        6000      6016 
	   TimeExecute (s)       :   494                       
	   TimeSlotBusy (s)      :   494                       

	Job terminated of its own accord at 2026-06-02T21:36:32Z with exit-code 0.
...
