000 (19537234.000.000) 2026-06-02 15:58:17 Job submitted from host: <10.128.10.103:9618?addrs=10.128.10.103-9618&alias=npx-submitter.icecube.wisc.edu&noUDP&sock=schedd_2449_6386>
    DAG Node: Drootprod_20220913_84914
...
001 (19537234.000.000) 2026-06-02 17:34:37 Job executing on host: <10.128.10.115:33587?addrs=10.128.10.115-33587&alias=n-gibyte-00.icecube.wisc.edu>
	SlotName: slot1_357@n-gibyte-00.icecube.wisc.edu
	admin_mutex_1 = 0
	admin_mutex_2 = 0
	admin_mutex_3 = 0
	CondorScratchDir = "/scratch/condor/dir_2427930"
	Cpus = 1
	Disk = 5480
	GPUs = 0
	machine_token = 0
	Memory = 6016
...
006 (19537234.000.000) 2026-06-02 17:34:50 Image size of job updated: 119000
	117  -  MemoryUsage of job (MB)
	119000  -  ResidentSetSize of job (KB)
...
006 (19537234.000.000) 2026-06-02 17:39:50 Image size of job updated: 150288
	147  -  MemoryUsage of job (MB)
	150288  -  ResidentSetSize of job (KB)
...
006 (19537234.000.000) 2026-06-02 17:44:51 Image size of job updated: 172240
	169  -  MemoryUsage of job (MB)
	172240  -  ResidentSetSize of job (KB)
...
006 (19537234.000.000) 2026-06-02 17:45:52 Image size of job updated: 176424
	169  -  MemoryUsage of job (MB)
	172240  -  ResidentSetSize of job (KB)
...
005 (19537234.000.000) 2026-06-02 17:45:52 Job terminated.
	(1) Normal termination (return value 0)
		Usr 0 00:10:34, Sys 0 00:00:08  -  Run Remote Usage
		Usr 0 00:00:00, Sys 0 00:00:00  -  Run Local Usage
		Usr 0 00:10:34, Sys 0 00:00:08  -  Total Remote Usage
		Usr 0 00:00:00, Sys 0 00:00:00  -  Total Local Usage
	0  -  Run Bytes Sent By Job
	0  -  Run Bytes Received By Job
	0  -  Total Bytes Sent By Job
	0  -  Total Bytes Received By Job
	Partitionable Resources :    Usage  Request Allocated 
	   admin_mutex_1         :                           0 
	   admin_mutex_2         :                           0 
	   admin_mutex_3         :                           0 
	   Cpus                  :     0.95        1         1 
	   Disk (KB)             :    15        2048      5480 
	   GPUs                  :                           0 
	   machine_token         :                           0 
	   Memory (MB)           :   169        6000      6016 
	   TimeExecute (s)       :   675                       
	   TimeSlotBusy (s)      :   676                       

	Job terminated of its own accord at 2026-06-02T22:45:52Z with exit-code 0.
...
