000 (19538105.000.000) 2026-06-02 16:01:36 Job submitted from host: <10.128.10.103:9618?addrs=10.128.10.103-9618&alias=npx-submitter.icecube.wisc.edu&noUDP&sock=schedd_2449_6386>
    DAG Node: Drootprod_20221227_48700
...
001 (19538105.000.000) 2026-06-02 17:44:18 Job executing on host: <10.128.11.115:42327?addrs=10.128.11.115-42327&alias=n-r720-55.icecube.wisc.edu>
	SlotName: slot1_22@n-r720-55.icecube.wisc.edu
	admin_mutex_1 = 0
	admin_mutex_2 = 0
	admin_mutex_3 = 0
	CondorScratchDir = "/scratch/condor/dir_289164"
	Cpus = 1
	Disk = 3072
	GPUs = 0
	machine_token = 0
	Memory = 6016
...
006 (19538105.000.000) 2026-06-02 17:44:31 Image size of job updated: 120460
	118  -  MemoryUsage of job (MB)
	120460  -  ResidentSetSize of job (KB)
...
006 (19538105.000.000) 2026-06-02 17:49:31 Image size of job updated: 149652
	147  -  MemoryUsage of job (MB)
	149652  -  ResidentSetSize of job (KB)
...
006 (19538105.000.000) 2026-06-02 17:54:31 Image size of job updated: 173780
	170  -  MemoryUsage of job (MB)
	173780  -  ResidentSetSize of job (KB)
...
006 (19538105.000.000) 2026-06-02 17:55:20 Image size of job updated: 177900
	170  -  MemoryUsage of job (MB)
	173780  -  ResidentSetSize of job (KB)
...
005 (19538105.000.000) 2026-06-02 17:55:21 Job terminated.
	(1) Normal termination (return value 0)
		Usr 0 00:10:17, Sys 0 00:00:10  -  Run Remote Usage
		Usr 0 00:00:00, Sys 0 00:00:00  -  Run Local Usage
		Usr 0 00:10:17, Sys 0 00:00:10  -  Total Remote Usage
		Usr 0 00:00:00, Sys 0 00:00:00  -  Total Local Usage
	0  -  Run Bytes Sent By Job
	0  -  Run Bytes Received By Job
	0  -  Total Bytes Sent By Job
	0  -  Total Bytes Received By Job
	Partitionable Resources :    Usage  Request Allocated 
	   admin_mutex_1         :                           0 
	   admin_mutex_2         :                           0 
	   admin_mutex_3         :                           0 
	   Cpus                  :     0.95        1         1 
	   Disk (KB)             :    15        2048      3072 
	   GPUs                  :                           0 
	   machine_token         :                           0 
	   Memory (MB)           :   170        6000      6016 
	   TimeExecute (s)       :   662                       
	   TimeSlotBusy (s)      :   663                       

	Job terminated of its own accord at 2026-06-02T22:55:20Z with exit-code 0.
...
