000 (19535310.000.000) 2026-06-02 15:54:04 Job submitted from host: <10.128.10.103:9618?addrs=10.128.10.103-9618&alias=npx-submitter.icecube.wisc.edu&noUDP&sock=schedd_2449_6386>
    DAG Node: Drootprod_20220501_87060
...
001 (19535310.000.000) 2026-06-02 16:50:29 Job executing on host: <10.128.10.190:46289?addrs=10.128.10.190-46289&alias=n-smepyc-03.icecube.wisc.edu>
	SlotName: slot1_16@n-smepyc-03.icecube.wisc.edu
	admin_mutex_1 = 0
	admin_mutex_2 = 0
	admin_mutex_3 = 0
	CondorScratchDir = "/scratch/condor/dir_3698226"
	Cpus = 1
	Disk = 3072
	GPUs = 0
	machine_token = 0
	Memory = 6016
...
006 (19535310.000.000) 2026-06-02 16:50:42 Image size of job updated: 122608
	120  -  MemoryUsage of job (MB)
	122608  -  ResidentSetSize of job (KB)
...
006 (19535310.000.000) 2026-06-02 16:55:42 Image size of job updated: 175220
	172  -  MemoryUsage of job (MB)
	175220  -  ResidentSetSize of job (KB)
...
006 (19535310.000.000) 2026-06-02 16:56:02 Image size of job updated: 177664
	172  -  MemoryUsage of job (MB)
	175220  -  ResidentSetSize of job (KB)
...
005 (19535310.000.000) 2026-06-02 16:56:02 Job terminated.
	(1) Normal termination (return value 0)
		Usr 0 00:05:07, Sys 0 00:00:05  -  Run Remote Usage
		Usr 0 00:00:00, Sys 0 00:00:00  -  Run Local Usage
		Usr 0 00:05:07, Sys 0 00:00:05  -  Total Remote Usage
		Usr 0 00:00:00, Sys 0 00:00:00  -  Total Local Usage
	0  -  Run Bytes Sent By Job
	0  -  Run Bytes Received By Job
	0  -  Total Bytes Sent By Job
	0  -  Total Bytes Received By Job
	Partitionable Resources :    Usage  Request Allocated 
	   admin_mutex_1         :                           0 
	   admin_mutex_2         :                           0 
	   admin_mutex_3         :                           0 
	   Cpus                  :     0.93        1         1 
	   Disk (KB)             :    10        2048      3072 
	   GPUs                  :                           0 
	   machine_token         :                           0 
	   Memory (MB)           :   172        6000      6016 
	   TimeExecute (s)       :   333                       
	   TimeSlotBusy (s)      :   333                       

	Job terminated of its own accord at 2026-06-02T21:56:02Z with exit-code 0.
...
