000 (19534743.000.000) 2026-06-02 15:52:59 Job submitted from host: <10.128.10.103:9618?addrs=10.128.10.103-9618&alias=npx-submitter.icecube.wisc.edu&noUDP&sock=schedd_2449_6386>
    DAG Node: Drootprod_20220329_60507
...
001 (19534743.000.000) 2026-06-02 16:40:18 Job executing on host: <10.128.10.21:35497?addrs=10.128.10.21-35497&alias=n-m610-11.icecube.wisc.edu>
	SlotName: slot1_3@n-m610-11.icecube.wisc.edu
	admin_mutex_1 = 0
	admin_mutex_2 = 0
	admin_mutex_3 = 0
	CondorScratchDir = "/scratch/condor/dir_2486886"
	Cpus = 1
	Disk = 3072
	GPUs = 0
	machine_token = 0
	Memory = 6016
...
006 (19534743.000.000) 2026-06-02 16:40:32 Image size of job updated: 122048
	120  -  MemoryUsage of job (MB)
	122048  -  ResidentSetSize of job (KB)
...
006 (19534743.000.000) 2026-06-02 16:45:33 Image size of job updated: 161148
	158  -  MemoryUsage of job (MB)
	161148  -  ResidentSetSize of job (KB)
...
006 (19534743.000.000) 2026-06-02 16:47:25 Image size of job updated: 174880
	158  -  MemoryUsage of job (MB)
	161148  -  ResidentSetSize of job (KB)
...
005 (19534743.000.000) 2026-06-02 16:47:25 Job terminated.
	(1) Normal termination (return value 0)
		Usr 0 00:06:37, Sys 0 00:00:05  -  Run Remote Usage
		Usr 0 00:00:00, Sys 0 00:00:00  -  Run Local Usage
		Usr 0 00:06:37, Sys 0 00:00:05  -  Total Remote Usage
		Usr 0 00:00:00, Sys 0 00:00:00  -  Total Local Usage
	0  -  Run Bytes Sent By Job
	0  -  Run Bytes Received By Job
	0  -  Total Bytes Sent By Job
	0  -  Total Bytes Received By Job
	Partitionable Resources :    Usage  Request Allocated 
	   admin_mutex_1         :                           0 
	   admin_mutex_2         :                           0 
	   admin_mutex_3         :                           0 
	   Cpus                  :     0.93        1         1 
	   Disk (KB)             :    12        2048      3072 
	   GPUs                  :                           0 
	   machine_token         :                           0 
	   Memory (MB)           :   158        6000      6016 
	   TimeExecute (s)       :   427                       
	   TimeSlotBusy (s)      :   427                       

	Job terminated of its own accord at 2026-06-02T21:47:25Z with exit-code 0.
...
