000 (19535819.000.000) 2026-06-02 15:55:10 Job submitted from host: <10.128.10.103:9618?addrs=10.128.10.103-9618&alias=npx-submitter.icecube.wisc.edu&noUDP&sock=schedd_2449_6386>
    DAG Node: Drootprod_20220605_99870
...
001 (19535819.000.000) 2026-06-02 17:00:02 Job executing on host: <10.128.10.190:46289?addrs=10.128.10.190-46289&alias=n-smepyc-03.icecube.wisc.edu>
	SlotName: slot1_59@n-smepyc-03.icecube.wisc.edu
	admin_mutex_1 = 0
	admin_mutex_2 = 0
	admin_mutex_3 = 0
	CondorScratchDir = "/scratch/condor/dir_3734892"
	Cpus = 1
	Disk = 3072
	GPUs = 0
	machine_token = 0
	Memory = 6016
...
006 (19535819.000.000) 2026-06-02 17:00:16 Image size of job updated: 122552
	120  -  MemoryUsage of job (MB)
	122552  -  ResidentSetSize of job (KB)
...
006 (19535819.000.000) 2026-06-02 17:05:17 Image size of job updated: 173768
	170  -  MemoryUsage of job (MB)
	173768  -  ResidentSetSize of job (KB)
...
006 (19535819.000.000) 2026-06-02 17:05:45 Image size of job updated: 177864
	170  -  MemoryUsage of job (MB)
	173768  -  ResidentSetSize of job (KB)
...
005 (19535819.000.000) 2026-06-02 17:05:45 Job terminated.
	(1) Normal termination (return value 0)
		Usr 0 00:04:52, Sys 0 00:00:05  -  Run Remote Usage
		Usr 0 00:00:00, Sys 0 00:00:00  -  Run Local Usage
		Usr 0 00:04:52, Sys 0 00:00:05  -  Total Remote Usage
		Usr 0 00:00:00, Sys 0 00:00:00  -  Total Local Usage
	0  -  Run Bytes Sent By Job
	0  -  Run Bytes Received By Job
	0  -  Total Bytes Sent By Job
	0  -  Total Bytes Received By Job
	Partitionable Resources :    Usage  Request Allocated 
	   admin_mutex_1         :                           0 
	   admin_mutex_2         :                           0 
	   admin_mutex_3         :                           0 
	   Cpus                  :     0.97        1         1 
	   Disk (KB)             :    10        2048      3072 
	   GPUs                  :                           0 
	   machine_token         :                           0 
	   Memory (MB)           :   170        6000      6016 
	   TimeExecute (s)       :   343                       
	   TimeSlotBusy (s)      :   343                       

	Job terminated of its own accord at 2026-06-02T22:05:45Z with exit-code 0.
...
