000 (19533940.000.000) 2026-06-02 15:51:28 Job submitted from host: <10.128.10.103:9618?addrs=10.128.10.103-9618&alias=npx-submitter.icecube.wisc.edu&noUDP&sock=schedd_2449_6386>
    DAG Node: Drootprod_20220208_15592
...
001 (19533940.000.000) 2026-06-02 16:23:25 Job executing on host: <10.128.10.187:34023?addrs=10.128.10.187-34023&alias=n-smepyc-00.icecube.wisc.edu>
	SlotName: slot1_32@n-smepyc-00.icecube.wisc.edu
	admin_mutex_1 = 0
	admin_mutex_2 = 0
	admin_mutex_3 = 0
	CondorScratchDir = "/scratch/condor/dir_1748165"
	Cpus = 1
	Disk = 3072
	GPUs = 0
	machine_token = 0
	Memory = 6016
...
006 (19533940.000.000) 2026-06-02 16:23:38 Image size of job updated: 118708
	116  -  MemoryUsage of job (MB)
	118708  -  ResidentSetSize of job (KB)
...
006 (19533940.000.000) 2026-06-02 16:28:25 Image size of job updated: 174656
	116  -  MemoryUsage of job (MB)
	118708  -  ResidentSetSize of job (KB)
...
005 (19533940.000.000) 2026-06-02 16:28:25 Job terminated.
	(1) Normal termination (return value 0)
		Usr 0 00:04:22, Sys 0 00:00:04  -  Run Remote Usage
		Usr 0 00:00:00, Sys 0 00:00:00  -  Run Local Usage
		Usr 0 00:04:22, Sys 0 00:00:04  -  Total Remote Usage
		Usr 0 00:00:00, Sys 0 00:00:00  -  Total Local Usage
	0  -  Run Bytes Sent By Job
	0  -  Run Bytes Received By Job
	0  -  Total Bytes Sent By Job
	0  -  Total Bytes Received By Job
	Partitionable Resources :    Usage  Request Allocated 
	   admin_mutex_1         :                           0 
	   admin_mutex_2         :                           0 
	   admin_mutex_3         :                           0 
	   Cpus                  :     0.86        1         1 
	   Disk (KB)             :    10        2048      3072 
	   GPUs                  :                           0 
	   machine_token         :                           0 
	   Memory (MB)           :   116        6000      6016 
	   TimeExecute (s)       :   300                       
	   TimeSlotBusy (s)      :   301                       

	Job terminated of its own accord at 2026-06-02T21:28:25Z with exit-code 0.
...
