000 (19533935.000.000) 2026-06-02 15:51:27 Job submitted from host: <10.128.10.103:9618?addrs=10.128.10.103-9618&alias=npx-submitter.icecube.wisc.edu&noUDP&sock=schedd_2449_6386>
    DAG Node: Drootprod_20220207_72745
...
001 (19533935.000.000) 2026-06-02 16:23:09 Job executing on host: <10.128.10.187:34023?addrs=10.128.10.187-34023&alias=n-smepyc-00.icecube.wisc.edu>
	SlotName: slot1_57@n-smepyc-00.icecube.wisc.edu
	admin_mutex_1 = 0
	admin_mutex_2 = 0
	admin_mutex_3 = 0
	CondorScratchDir = "/scratch/condor/dir_1747730"
	Cpus = 1
	Disk = 3072
	GPUs = 0
	machine_token = 0
	Memory = 6016
...
006 (19533935.000.000) 2026-06-02 16:23:23 Image size of job updated: 122636
	120  -  MemoryUsage of job (MB)
	122636  -  ResidentSetSize of job (KB)
...
006 (19533935.000.000) 2026-06-02 16:28:24 Image size of job updated: 156560
	153  -  MemoryUsage of job (MB)
	156560  -  ResidentSetSize of job (KB)
...
006 (19533935.000.000) 2026-06-02 16:29:59 Image size of job updated: 169400
	153  -  MemoryUsage of job (MB)
	156560  -  ResidentSetSize of job (KB)
...
005 (19533935.000.000) 2026-06-02 16:29:59 Job terminated.
	(1) Normal termination (return value 0)
		Usr 0 00:05:58, Sys 0 00:00:05  -  Run Remote Usage
		Usr 0 00:00:00, Sys 0 00:00:00  -  Run Local Usage
		Usr 0 00:05:58, Sys 0 00:00:05  -  Total Remote Usage
		Usr 0 00:00:00, Sys 0 00:00:00  -  Total Local Usage
	0  -  Run Bytes Sent By Job
	0  -  Run Bytes Received By Job
	0  -  Total Bytes Sent By Job
	0  -  Total Bytes Received By Job
	Partitionable Resources :    Usage  Request Allocated 
	   admin_mutex_1         :                           0 
	   admin_mutex_2         :                           0 
	   admin_mutex_3         :                           0 
	   Cpus                  :     0.90        1         1 
	   Disk (KB)             :    12        2048      3072 
	   GPUs                  :                           0 
	   machine_token         :                           0 
	   Memory (MB)           :   153        6000      6016 
	   TimeExecute (s)       :   410                       
	   TimeSlotBusy (s)      :   410                       

	Job terminated of its own accord at 2026-06-02T21:29:59Z with exit-code 0.
...
