000 (19536075.000.000) 2026-06-02 15:55:42 Job submitted from host: <10.128.10.103:9618?addrs=10.128.10.103-9618&alias=npx-submitter.icecube.wisc.edu&noUDP&sock=schedd_2449_6386>
    DAG Node: Drootprod_20220622_35395
...
001 (19536075.000.000) 2026-06-02 17:13:42 Job executing on host: <10.128.11.104:41225?addrs=10.128.11.104-41225&alias=n-r720-45.icecube.wisc.edu>
	SlotName: slot1_30@n-r720-45.icecube.wisc.edu
	admin_mutex_1 = 0
	admin_mutex_2 = 0
	admin_mutex_3 = 0
	CondorScratchDir = "/scratch/condor/dir_1229000"
	Cpus = 1
	Disk = 3717
	GPUs = 0
	machine_token = 0
	Memory = 6016
...
006 (19536075.000.000) 2026-06-02 17:13:55 Image size of job updated: 119648
	117  -  MemoryUsage of job (MB)
	119648  -  ResidentSetSize of job (KB)
...
006 (19536075.000.000) 2026-06-02 17:18:55 Image size of job updated: 149492
	146  -  MemoryUsage of job (MB)
	149492  -  ResidentSetSize of job (KB)
...
006 (19536075.000.000) 2026-06-02 17:23:56 Image size of job updated: 173600
	170  -  MemoryUsage of job (MB)
	173600  -  ResidentSetSize of job (KB)
...
006 (19536075.000.000) 2026-06-02 17:25:39 Image size of job updated: 182840
	170  -  MemoryUsage of job (MB)
	173600  -  ResidentSetSize of job (KB)
...
005 (19536075.000.000) 2026-06-02 17:25:39 Job terminated.
	(1) Normal termination (return value 0)
		Usr 0 00:11:19, Sys 0 00:00:07  -  Run Remote Usage
		Usr 0 00:00:00, Sys 0 00:00:00  -  Run Local Usage
		Usr 0 00:11:19, Sys 0 00:00:07  -  Total Remote Usage
		Usr 0 00:00:00, Sys 0 00:00:00  -  Total Local Usage
	0  -  Run Bytes Sent By Job
	0  -  Run Bytes Received By Job
	0  -  Total Bytes Sent By Job
	0  -  Total Bytes Received By Job
	Partitionable Resources :    Usage  Request Allocated 
	   admin_mutex_1         :                           0 
	   admin_mutex_2         :                           0 
	   admin_mutex_3         :                           0 
	   Cpus                  :     0.97        1         1 
	   Disk (KB)             :    10        2048      3717 
	   GPUs                  :                           0 
	   machine_token         :                           0 
	   Memory (MB)           :   170        6000      6016 
	   TimeExecute (s)       :   717                       
	   TimeSlotBusy (s)      :   717                       

	Job terminated of its own accord at 2026-06-02T22:25:39Z with exit-code 0.
...
