000 (19536849.000.000) 2026-06-02 15:57:21 Job submitted from host: <10.128.10.103:9618?addrs=10.128.10.103-9618&alias=npx-submitter.icecube.wisc.edu&noUDP&sock=schedd_2449_6386>
    DAG Node: Drootprod_20220814_63385
...
001 (19536849.000.000) 2026-06-02 17:27:52 Job executing on host: <10.128.11.109:32957?addrs=10.128.11.109-32957&alias=n-r720-50.icecube.wisc.edu>
	SlotName: slot1_13@n-r720-50.icecube.wisc.edu
	admin_mutex_1 = 0
	admin_mutex_2 = 0
	admin_mutex_3 = 0
	CondorScratchDir = "/scratch/condor/dir_4183278"
	Cpus = 1
	Disk = 3717
	GPUs = 0
	machine_token = 0
	Memory = 6016
...
006 (19536849.000.000) 2026-06-02 17:28:05 Image size of job updated: 119876
	118  -  MemoryUsage of job (MB)
	119876  -  ResidentSetSize of job (KB)
...
006 (19536849.000.000) 2026-06-02 17:33:05 Image size of job updated: 149772
	147  -  MemoryUsage of job (MB)
	149772  -  ResidentSetSize of job (KB)
...
006 (19536849.000.000) 2026-06-02 17:37:32 Image size of job updated: 171056
	147  -  MemoryUsage of job (MB)
	149772  -  ResidentSetSize of job (KB)
...
005 (19536849.000.000) 2026-06-02 17:37:32 Job terminated.
	(1) Normal termination (return value 0)
		Usr 0 00:09:05, Sys 0 00:00:08  -  Run Remote Usage
		Usr 0 00:00:00, Sys 0 00:00:00  -  Run Local Usage
		Usr 0 00:09:05, Sys 0 00:00:08  -  Total Remote Usage
		Usr 0 00:00:00, Sys 0 00:00:00  -  Total Local Usage
	0  -  Run Bytes Sent By Job
	0  -  Run Bytes Received By Job
	0  -  Total Bytes Sent By Job
	0  -  Total Bytes Received By Job
	Partitionable Resources :    Usage  Request Allocated 
	   admin_mutex_1         :                           0 
	   admin_mutex_2         :                           0 
	   admin_mutex_3         :                           0 
	   Cpus                  :     0.95        1         1 
	   Disk (KB)             :    10        2048      3717 
	   GPUs                  :                           0 
	   machine_token         :                           0 
	   Memory (MB)           :   147        6000      6016 
	   TimeExecute (s)       :   580                       
	   TimeSlotBusy (s)      :   580                       

	Job terminated of its own accord at 2026-06-02T22:37:32Z with exit-code 0.
...
