000 (19538043.000.000) 2026-06-02 16:01:11 Job submitted from host: <10.128.10.103:9618?addrs=10.128.10.103-9618&alias=npx-submitter.icecube.wisc.edu&noUDP&sock=schedd_2449_6386>
    DAG Node: Drootprod_20221214_98534
...
001 (19538043.000.000) 2026-06-02 17:43:57 Job executing on host: <10.128.11.49:40319?addrs=10.128.11.49-40319&alias=n-smbc-30.icecube.wisc.edu>
	SlotName: slot1_20@n-smbc-30.icecube.wisc.edu
	admin_mutex_1 = 0
	admin_mutex_2 = 0
	admin_mutex_3 = 0
	CondorScratchDir = "/scratch/condor/dir_2451968"
	Cpus = 1
	Disk = 3072
	GPUs = 0
	machine_token = 0
	Memory = 6016
...
006 (19538043.000.000) 2026-06-02 17:44:10 Image size of job updated: 26040
	26  -  MemoryUsage of job (MB)
	26040  -  ResidentSetSize of job (KB)
...
006 (19538043.000.000) 2026-06-02 17:49:10 Image size of job updated: 123204
	121  -  MemoryUsage of job (MB)
	123204  -  ResidentSetSize of job (KB)
...
006 (19538043.000.000) 2026-06-02 17:54:10 Image size of job updated: 125324
	123  -  MemoryUsage of job (MB)
	125324  -  ResidentSetSize of job (KB)
...
006 (19538043.000.000) 2026-06-02 17:59:11 Image size of job updated: 126836
	124  -  MemoryUsage of job (MB)
	126836  -  ResidentSetSize of job (KB)
...
006 (19538043.000.000) 2026-06-02 18:04:11 Image size of job updated: 128472
	126  -  MemoryUsage of job (MB)
	128472  -  ResidentSetSize of job (KB)
...
006 (19538043.000.000) 2026-06-02 18:09:11 Image size of job updated: 129824
	127  -  MemoryUsage of job (MB)
	129824  -  ResidentSetSize of job (KB)
...
006 (19538043.000.000) 2026-06-02 18:14:12 Image size of job updated: 131380
	129  -  MemoryUsage of job (MB)
	131380  -  ResidentSetSize of job (KB)
...
006 (19538043.000.000) 2026-06-02 18:19:12 Image size of job updated: 134260
	132  -  MemoryUsage of job (MB)
	134260  -  ResidentSetSize of job (KB)
...
006 (19538043.000.000) 2026-06-02 18:24:12 Image size of job updated: 138896
	136  -  MemoryUsage of job (MB)
	138896  -  ResidentSetSize of job (KB)
...
006 (19538043.000.000) 2026-06-02 18:29:13 Image size of job updated: 140176
	137  -  MemoryUsage of job (MB)
	140176  -  ResidentSetSize of job (KB)
...
006 (19538043.000.000) 2026-06-02 18:34:13 Image size of job updated: 143776
	141  -  MemoryUsage of job (MB)
	143776  -  ResidentSetSize of job (KB)
...
006 (19538043.000.000) 2026-06-02 18:39:13 Image size of job updated: 151000
	148  -  MemoryUsage of job (MB)
	151000  -  ResidentSetSize of job (KB)
...
006 (19538043.000.000) 2026-06-02 18:44:14 Image size of job updated: 154608
	151  -  MemoryUsage of job (MB)
	154608  -  ResidentSetSize of job (KB)
...
006 (19538043.000.000) 2026-06-02 18:49:14 Image size of job updated: 157752
	155  -  MemoryUsage of job (MB)
	157752  -  ResidentSetSize of job (KB)
...
006 (19538043.000.000) 2026-06-02 18:50:58 Image size of job updated: 176488
	155  -  MemoryUsage of job (MB)
	157752  -  ResidentSetSize of job (KB)
...
005 (19538043.000.000) 2026-06-02 18:50:58 Job terminated.
	(1) Normal termination (return value 0)
		Usr 0 01:05:12, Sys 0 00:00:29  -  Run Remote Usage
		Usr 0 00:00:00, Sys 0 00:00:00  -  Run Local Usage
		Usr 0 01:05:12, Sys 0 00:00:29  -  Total Remote Usage
		Usr 0 00:00:00, Sys 0 00:00:00  -  Total Local Usage
	0  -  Run Bytes Sent By Job
	0  -  Run Bytes Received By Job
	0  -  Total Bytes Sent By Job
	0  -  Total Bytes Received By Job
	Partitionable Resources :    Usage  Request Allocated 
	   admin_mutex_1         :                           0 
	   admin_mutex_2         :                           0 
	   admin_mutex_3         :                           0 
	   Cpus                  :     0.98        1         1 
	   Disk (KB)             :    10        2048      3072 
	   GPUs                  :                           0 
	   machine_token         :                           0 
	   Memory (MB)           :   155        6000      6016 
	   TimeExecute (s)       :  4021                       
	   TimeSlotBusy (s)      :  4022                       

	Job terminated of its own accord at 2026-06-02T23:50:58Z with exit-code 0.
...
