000 (19534197.000.000) 2026-06-02 15:51:59 Job submitted from host: <10.128.10.103:9618?addrs=10.128.10.103-9618&alias=npx-submitter.icecube.wisc.edu&noUDP&sock=schedd_2449_6386>
    DAG Node: Drootprod_20220223_69061
...
001 (19534197.000.000) 2026-06-02 16:29:31 Job executing on host: <10.128.10.238:43797?addrs=10.128.10.238-43797&alias=n-gpu-42.icecube.wisc.edu>
	SlotName: slot1_68@n-gpu-42.icecube.wisc.edu
	admin_mutex_1 = 0
	admin_mutex_2 = 0
	admin_mutex_3 = 0
	AvailableGPUs = {  }
	CondorScratchDir = "/scratch/condor/dir_2064463"
	Cpus = 1
	Disk = 3072
	GPUs = 0
	machine_token = 0
	Memory = 6016
...
006 (19534197.000.000) 2026-06-02 16:29:45 Image size of job updated: 121148
	119  -  MemoryUsage of job (MB)
	121148  -  ResidentSetSize of job (KB)
...
006 (19534197.000.000) 2026-06-02 16:34:46 Image size of job updated: 152992
	150  -  MemoryUsage of job (MB)
	152992  -  ResidentSetSize of job (KB)
...
006 (19534197.000.000) 2026-06-02 16:39:29 Image size of job updated: 180620
	150  -  MemoryUsage of job (MB)
	152992  -  ResidentSetSize of job (KB)
...
005 (19534197.000.000) 2026-06-02 16:39:29 Job terminated.
	(1) Normal termination (return value 0)
		Usr 0 00:08:53, Sys 0 00:00:08  -  Run Remote Usage
		Usr 0 00:00:00, Sys 0 00:00:00  -  Run Local Usage
		Usr 0 00:08:53, Sys 0 00:00:08  -  Total Remote Usage
		Usr 0 00:00:00, Sys 0 00:00:00  -  Total Local Usage
	0  -  Run Bytes Sent By Job
	0  -  Run Bytes Received By Job
	0  -  Total Bytes Sent By Job
	0  -  Total Bytes Received By Job
	Partitionable Resources :    Usage  Request Allocated 
	   admin_mutex_1         :                           0 
	   admin_mutex_2         :                           0 
	   admin_mutex_3         :                           0 
	   Cpus                  :     0.86        1         1 
	   Disk (KB)             :    15        2048      3072 
	   GPUs                  :                           0 
	   machine_token         :                           0 
	   Memory (MB)           :   150        6000      6016 
	   TimeExecute (s)       :   598                       
	   TimeSlotBusy (s)      :   598                       

	Job terminated of its own accord at 2026-06-02T21:39:29Z with exit-code 0.
...
