000 (19537306.000.000) 2026-06-02 15:58:29 Job submitted from host: <10.128.10.103:9618?addrs=10.128.10.103-9618&alias=npx-submitter.icecube.wisc.edu&noUDP&sock=schedd_2449_6386>
    DAG Node: Drootprod_20220920_70803
...
001 (19537306.000.000) 2026-06-02 17:35:52 Job executing on host: <10.128.10.115:33587?addrs=10.128.10.115-33587&alias=n-gibyte-00.icecube.wisc.edu>
	SlotName: slot1_359@n-gibyte-00.icecube.wisc.edu
	admin_mutex_1 = 0
	admin_mutex_2 = 0
	admin_mutex_3 = 0
	CondorScratchDir = "/scratch/condor/dir_2433904"
	Cpus = 1
	Disk = 5480
	GPUs = 0
	machine_token = 0
	Memory = 6016
...
006 (19537306.000.000) 2026-06-02 17:36:06 Image size of job updated: 120224
	118  -  MemoryUsage of job (MB)
	120224  -  ResidentSetSize of job (KB)
...
006 (19537306.000.000) 2026-06-02 17:41:07 Image size of job updated: 141588
	139  -  MemoryUsage of job (MB)
	141588  -  ResidentSetSize of job (KB)
...
006 (19537306.000.000) 2026-06-02 17:46:08 Image size of job updated: 162208
	159  -  MemoryUsage of job (MB)
	162208  -  ResidentSetSize of job (KB)
...
006 (19537306.000.000) 2026-06-02 17:51:08 Image size of job updated: 177448
	174  -  MemoryUsage of job (MB)
	177448  -  ResidentSetSize of job (KB)
...
006 (19537306.000.000) 2026-06-02 17:54:03 Image size of job updated: 298096
	174  -  MemoryUsage of job (MB)
	177448  -  ResidentSetSize of job (KB)
...
005 (19537306.000.000) 2026-06-02 17:54:03 Job terminated.
	(1) Normal termination (return value 0)
		Usr 0 00:17:16, Sys 0 00:00:10  -  Run Remote Usage
		Usr 0 00:00:00, Sys 0 00:00:00  -  Run Local Usage
		Usr 0 00:17:16, Sys 0 00:00:10  -  Total Remote Usage
		Usr 0 00:00:00, Sys 0 00:00:00  -  Total Local Usage
	0  -  Run Bytes Sent By Job
	0  -  Run Bytes Received By Job
	0  -  Total Bytes Sent By Job
	0  -  Total Bytes Received By Job
	Partitionable Resources :    Usage  Request Allocated 
	   admin_mutex_1         :                           0 
	   admin_mutex_2         :                           0 
	   admin_mutex_3         :                           0 
	   Cpus                  :     0.99        1         1 
	   Disk (KB)             :    15        2048      5480 
	   GPUs                  :                           0 
	   machine_token         :                           0 
	   Memory (MB)           :   174        6000      6016 
	   TimeExecute (s)       :  1091                       
	   TimeSlotBusy (s)      :  1091                       

	Job terminated of its own accord at 2026-06-02T22:54:03Z with exit-code 0.
...
