000 (19537858.000.000) 2026-06-02 16:00:18 Job submitted from host: <10.128.10.103:9618?addrs=10.128.10.103-9618&alias=npx-submitter.icecube.wisc.edu&noUDP&sock=schedd_2449_6386>
    DAG Node: Drootprod_20221117_37615
...
001 (19537858.000.000) 2026-06-02 17:42:31 Job executing on host: <10.128.11.40:34561?addrs=10.128.11.40-34561&alias=n-smbc-21.icecube.wisc.edu>
	SlotName: slot1_1@n-smbc-21.icecube.wisc.edu
	admin_mutex_1 = 0
	admin_mutex_2 = 0
	admin_mutex_3 = 0
	CondorScratchDir = "/scratch/condor/dir_825707"
	Cpus = 1
	Disk = 3072
	GPUs = 0
	machine_token = 0
	Memory = 6016
...
006 (19537858.000.000) 2026-06-02 17:42:44 Image size of job updated: 116244
	114  -  MemoryUsage of job (MB)
	116244  -  ResidentSetSize of job (KB)
...
006 (19537858.000.000) 2026-06-02 17:47:44 Image size of job updated: 131564
	129  -  MemoryUsage of job (MB)
	131564  -  ResidentSetSize of job (KB)
...
006 (19537858.000.000) 2026-06-02 17:52:45 Image size of job updated: 138700
	136  -  MemoryUsage of job (MB)
	138700  -  ResidentSetSize of job (KB)
...
006 (19537858.000.000) 2026-06-02 17:57:45 Image size of job updated: 149760
	147  -  MemoryUsage of job (MB)
	149760  -  ResidentSetSize of job (KB)
...
006 (19537858.000.000) 2026-06-02 18:02:46 Image size of job updated: 155504
	152  -  MemoryUsage of job (MB)
	155504  -  ResidentSetSize of job (KB)
...
006 (19537858.000.000) 2026-06-02 18:07:46 Image size of job updated: 161520
	158  -  MemoryUsage of job (MB)
	161520  -  ResidentSetSize of job (KB)
...
006 (19537858.000.000) 2026-06-02 18:12:47 Image size of job updated: 167576
	164  -  MemoryUsage of job (MB)
	167576  -  ResidentSetSize of job (KB)
...
006 (19537858.000.000) 2026-06-02 18:17:47 Image size of job updated: 174576
	171  -  MemoryUsage of job (MB)
	174576  -  ResidentSetSize of job (KB)
...
006 (19537858.000.000) 2026-06-02 18:19:45 Image size of job updated: 195116
	171  -  MemoryUsage of job (MB)
	174576  -  ResidentSetSize of job (KB)
...
005 (19537858.000.000) 2026-06-02 18:19:45 Job terminated.
	(1) Normal termination (return value 0)
		Usr 0 00:35:50, Sys 0 00:00:19  -  Run Remote Usage
		Usr 0 00:00:00, Sys 0 00:00:00  -  Run Local Usage
		Usr 0 00:35:50, Sys 0 00:00:19  -  Total Remote Usage
		Usr 0 00:00:00, Sys 0 00:00:00  -  Total Local Usage
	0  -  Run Bytes Sent By Job
	0  -  Run Bytes Received By Job
	0  -  Total Bytes Sent By Job
	0  -  Total Bytes Received By Job
	Partitionable Resources :    Usage  Request Allocated 
	   admin_mutex_1         :                           0 
	   admin_mutex_2         :                           0 
	   admin_mutex_3         :                           0 
	   Cpus                  :     0.98        1         1 
	   Disk (KB)             :    12        2048      3072 
	   GPUs                  :                           0 
	   machine_token         :                           0 
	   Memory (MB)           :   171        6000      6016 
	   TimeExecute (s)       :  2234                       
	   TimeSlotBusy (s)      :  2235                       

	Job terminated of its own accord at 2026-06-02T23:19:45Z with exit-code 0.
...
