000 (19534921.000.000) 2026-06-02 15:53:19 Job submitted from host: <10.128.10.103:9618?addrs=10.128.10.103-9618&alias=npx-submitter.icecube.wisc.edu&noUDP&sock=schedd_2449_6386>
    DAG Node: Drootprod_20220407_66613
...
001 (19534921.000.000) 2026-06-02 16:43:34 Job executing on host: <10.128.10.64:34449?addrs=10.128.10.64-34449&alias=n-m620-54.icecube.wisc.edu>
	SlotName: slot1_19@n-m620-54.icecube.wisc.edu
	admin_mutex_1 = 0
	admin_mutex_2 = 0
	admin_mutex_3 = 0
	CondorScratchDir = "/scratch/condor/dir_291590"
	Cpus = 1
	Disk = 3072
	GPUs = 0
	machine_token = 0
	Memory = 6016
...
006 (19534921.000.000) 2026-06-02 16:43:47 Image size of job updated: 119680
	117  -  MemoryUsage of job (MB)
	119680  -  ResidentSetSize of job (KB)
...
006 (19534921.000.000) 2026-06-02 16:48:47 Image size of job updated: 149908
	147  -  MemoryUsage of job (MB)
	149908  -  ResidentSetSize of job (KB)
...
006 (19534921.000.000) 2026-06-02 16:52:34 Image size of job updated: 166216
	147  -  MemoryUsage of job (MB)
	149908  -  ResidentSetSize of job (KB)
...
005 (19534921.000.000) 2026-06-02 16:52:34 Job terminated.
	(1) Normal termination (return value 0)
		Usr 0 00:08:33, Sys 0 00:00:06  -  Run Remote Usage
		Usr 0 00:00:00, Sys 0 00:00:00  -  Run Local Usage
		Usr 0 00:08:33, Sys 0 00:00:06  -  Total Remote Usage
		Usr 0 00:00:00, Sys 0 00:00:00  -  Total Local Usage
	0  -  Run Bytes Sent By Job
	0  -  Run Bytes Received By Job
	0  -  Total Bytes Sent By Job
	0  -  Total Bytes Received By Job
	Partitionable Resources :    Usage  Request Allocated 
	   admin_mutex_1         :                           0 
	   admin_mutex_2         :                           0 
	   admin_mutex_3         :                           0 
	   Cpus                  :     0.99        1         1 
	   Disk (KB)             :    10        2048      3072 
	   GPUs                  :                           0 
	   machine_token         :                           0 
	   Memory (MB)           :   147        6000      6016 
	   TimeExecute (s)       :   540                       
	   TimeSlotBusy (s)      :   540                       

	Job terminated of its own accord at 2026-06-02T21:52:34Z with exit-code 0.
...
