000 (19536593.000.000) 2026-06-02 15:56:49 Job submitted from host: <10.128.10.103:9618?addrs=10.128.10.103-9618&alias=npx-submitter.icecube.wisc.edu&noUDP&sock=schedd_2449_6386>
    DAG Node: Drootprod_20220728_7892
...
001 (19536593.000.000) 2026-06-02 17:23:40 Job executing on host: <10.128.10.189:44027?addrs=10.128.10.189-44027&alias=n-smepyc-02.icecube.wisc.edu>
	SlotName: slot1_58@n-smepyc-02.icecube.wisc.edu
	admin_mutex_1 = 0
	admin_mutex_2 = 0
	admin_mutex_3 = 0
	CondorScratchDir = "/scratch/condor/dir_582114"
	Cpus = 1
	Disk = 3072
	GPUs = 0
	machine_token = 0
	Memory = 6016
...
006 (19536593.000.000) 2026-06-02 17:23:53 Image size of job updated: 121952
	120  -  MemoryUsage of job (MB)
	121952  -  ResidentSetSize of job (KB)
...
006 (19536593.000.000) 2026-06-02 17:27:16 Image size of job updated: 177004
	120  -  MemoryUsage of job (MB)
	121952  -  ResidentSetSize of job (KB)
...
005 (19536593.000.000) 2026-06-02 17:27:16 Job terminated.
	(1) Normal termination (return value 0)
		Usr 0 00:03:18, Sys 0 00:00:03  -  Run Remote Usage
		Usr 0 00:00:00, Sys 0 00:00:00  -  Run Local Usage
		Usr 0 00:03:18, Sys 0 00:00:03  -  Total Remote Usage
		Usr 0 00:00:00, Sys 0 00:00:00  -  Total Local Usage
	0  -  Run Bytes Sent By Job
	0  -  Run Bytes Received By Job
	0  -  Total Bytes Sent By Job
	0  -  Total Bytes Received By Job
	Partitionable Resources :    Usage  Request Allocated 
	   admin_mutex_1         :                           0 
	   admin_mutex_2         :                           0 
	   admin_mutex_3         :                           0 
	   Cpus                  :     0.99        1         1 
	   Disk (KB)             :     7        2048      3072 
	   GPUs                  :                           0 
	   machine_token         :                           0 
	   Memory (MB)           :   120        6000      6016 
	   TimeExecute (s)       :   216                       
	   TimeSlotBusy (s)      :   216                       

	Job terminated of its own accord at 2026-06-02T22:27:16Z with exit-code 0.
...
