000 (19537511.000.000) 2026-06-02 15:59:04 Job submitted from host: <10.128.10.103:9618?addrs=10.128.10.103-9618&alias=npx-submitter.icecube.wisc.edu&noUDP&sock=schedd_2449_6386>
    DAG Node: Drootprod_20221009_83659
...
001 (19537511.000.000) 2026-06-02 17:38:58 Job executing on host: <10.128.10.187:34023?addrs=10.128.10.187-34023&alias=n-smepyc-00.icecube.wisc.edu>
	SlotName: slot1_12@n-smepyc-00.icecube.wisc.edu
	admin_mutex_1 = 0
	admin_mutex_2 = 0
	admin_mutex_3 = 0
	CondorScratchDir = "/scratch/condor/dir_2039586"
	Cpus = 1
	Disk = 3072
	GPUs = 0
	machine_token = 0
	Memory = 6016
...
006 (19537511.000.000) 2026-06-02 17:39:11 Image size of job updated: 121936
	120  -  MemoryUsage of job (MB)
	121936  -  ResidentSetSize of job (KB)
...
006 (19537511.000.000) 2026-06-02 17:44:11 Image size of job updated: 170572
	167  -  MemoryUsage of job (MB)
	170572  -  ResidentSetSize of job (KB)
...
006 (19537511.000.000) 2026-06-02 17:45:35 Image size of job updated: 181436
	167  -  MemoryUsage of job (MB)
	170572  -  ResidentSetSize of job (KB)
...
005 (19537511.000.000) 2026-06-02 17:45:35 Job terminated.
	(1) Normal termination (return value 0)
		Usr 0 00:06:14, Sys 0 00:00:06  -  Run Remote Usage
		Usr 0 00:00:00, Sys 0 00:00:00  -  Run Local Usage
		Usr 0 00:06:14, Sys 0 00:00:06  -  Total Remote Usage
		Usr 0 00:00:00, Sys 0 00:00:00  -  Total Local Usage
	0  -  Run Bytes Sent By Job
	0  -  Run Bytes Received By Job
	0  -  Total Bytes Sent By Job
	0  -  Total Bytes Received By Job
	Partitionable Resources :    Usage  Request Allocated 
	   admin_mutex_1         :                           0 
	   admin_mutex_2         :                           0 
	   admin_mutex_3         :                           0 
	   Cpus                  :     0.99        1         1 
	   Disk (KB)             :    10        2048      3072 
	   GPUs                  :                           0 
	   machine_token         :                           0 
	   Memory (MB)           :   167        6000      6016 
	   TimeExecute (s)       :   397                       
	   TimeSlotBusy (s)      :   398                       

	Job terminated of its own accord at 2026-06-02T22:45:35Z with exit-code 0.
...
