000 (19536918.000.000) 2026-06-02 15:57:30 Job submitted from host: <10.128.10.103:9618?addrs=10.128.10.103-9618&alias=npx-submitter.icecube.wisc.edu&noUDP&sock=schedd_2449_6386>
    DAG Node: Drootprod_20220818_33798
...
001 (19536918.000.000) 2026-06-02 17:29:02 Job executing on host: <10.128.10.115:33587?addrs=10.128.10.115-33587&alias=n-gibyte-00.icecube.wisc.edu>
	SlotName: slot1_219@n-gibyte-00.icecube.wisc.edu
	admin_mutex_1 = 0
	admin_mutex_2 = 0
	admin_mutex_3 = 0
	CondorScratchDir = "/scratch/condor/dir_2402531"
	Cpus = 1
	Disk = 5480
	GPUs = 0
	machine_token = 0
	Memory = 6016
...
006 (19536918.000.000) 2026-06-02 17:29:16 Image size of job updated: 119384
	117  -  MemoryUsage of job (MB)
	119384  -  ResidentSetSize of job (KB)
...
006 (19536918.000.000) 2026-06-02 17:34:17 Image size of job updated: 149804
	147  -  MemoryUsage of job (MB)
	149804  -  ResidentSetSize of job (KB)
...
006 (19536918.000.000) 2026-06-02 17:39:17 Image size of job updated: 173260
	170  -  MemoryUsage of job (MB)
	173260  -  ResidentSetSize of job (KB)
...
006 (19536918.000.000) 2026-06-02 17:41:17 Image size of job updated: 183660
	170  -  MemoryUsage of job (MB)
	173260  -  ResidentSetSize of job (KB)
...
005 (19536918.000.000) 2026-06-02 17:41:17 Job terminated.
	(1) Normal termination (return value 0)
		Usr 0 00:11:31, Sys 0 00:00:08  -  Run Remote Usage
		Usr 0 00:00:00, Sys 0 00:00:00  -  Run Local Usage
		Usr 0 00:11:31, Sys 0 00:00:08  -  Total Remote Usage
		Usr 0 00:00:00, Sys 0 00:00:00  -  Total Local Usage
	0  -  Run Bytes Sent By Job
	0  -  Run Bytes Received By Job
	0  -  Total Bytes Sent By Job
	0  -  Total Bytes Received By Job
	Partitionable Resources :    Usage  Request Allocated 
	   admin_mutex_1         :                           0 
	   admin_mutex_2         :                           0 
	   admin_mutex_3         :                           0 
	   Cpus                  :     0.98        1         1 
	   Disk (KB)             :    12        2048      5480 
	   GPUs                  :                           0 
	   machine_token         :                           0 
	   Memory (MB)           :   170        6000      6016 
	   TimeExecute (s)       :   735                       
	   TimeSlotBusy (s)      :   735                       

	Job terminated of its own accord at 2026-06-02T22:41:17Z with exit-code 0.
...
