000 (19536781.000.000) 2026-06-02 15:57:12 Job submitted from host: <10.128.10.103:9618?addrs=10.128.10.103-9618&alias=npx-submitter.icecube.wisc.edu&noUDP&sock=schedd_2449_6386>
    DAG Node: Drootprod_20220810_30976
...
001 (19536781.000.000) 2026-06-02 17:26:53 Job executing on host: <10.128.10.187:34023?addrs=10.128.10.187-34023&alias=n-smepyc-00.icecube.wisc.edu>
	SlotName: slot1_82@n-smepyc-00.icecube.wisc.edu
	admin_mutex_1 = 0
	admin_mutex_2 = 0
	admin_mutex_3 = 0
	CondorScratchDir = "/scratch/condor/dir_1991692"
	Cpus = 1
	Disk = 3072
	GPUs = 0
	machine_token = 0
	Memory = 6016
...
006 (19536781.000.000) 2026-06-02 17:27:06 Image size of job updated: 122124
	120  -  MemoryUsage of job (MB)
	122124  -  ResidentSetSize of job (KB)
...
006 (19536781.000.000) 2026-06-02 17:32:06 Image size of job updated: 165768
	162  -  MemoryUsage of job (MB)
	165768  -  ResidentSetSize of job (KB)
...
006 (19536781.000.000) 2026-06-02 17:33:13 Image size of job updated: 173824
	162  -  MemoryUsage of job (MB)
	165768  -  ResidentSetSize of job (KB)
...
005 (19536781.000.000) 2026-06-02 17:33:13 Job terminated.
	(1) Normal termination (return value 0)
		Usr 0 00:05:50, Sys 0 00:00:05  -  Run Remote Usage
		Usr 0 00:00:00, Sys 0 00:00:00  -  Run Local Usage
		Usr 0 00:05:50, Sys 0 00:00:05  -  Total Remote Usage
		Usr 0 00:00:00, Sys 0 00:00:00  -  Total Local Usage
	0  -  Run Bytes Sent By Job
	0  -  Run Bytes Received By Job
	0  -  Total Bytes Sent By Job
	0  -  Total Bytes Received By Job
	Partitionable Resources :    Usage  Request Allocated 
	   admin_mutex_1         :                           0 
	   admin_mutex_2         :                           0 
	   admin_mutex_3         :                           0 
	   Cpus                  :     0.98        1         1 
	   Disk (KB)             :    15        2048      3072 
	   GPUs                  :                           0 
	   machine_token         :                           0 
	   Memory (MB)           :   162        6000      6016 
	   TimeExecute (s)       :   381                       
	   TimeSlotBusy (s)      :   381                       

	Job terminated of its own accord at 2026-06-02T22:33:13Z with exit-code 0.
...
