000 (19535126.000.000) 2026-06-02 15:53:42 Job submitted from host: <10.128.10.103:9618?addrs=10.128.10.103-9618&alias=npx-submitter.icecube.wisc.edu&noUDP&sock=schedd_2449_6386>
    DAG Node: Drootprod_20220419_64898
...
001 (19535126.000.000) 2026-06-02 16:46:51 Job executing on host: <10.128.10.187:34023?addrs=10.128.10.187-34023&alias=n-smepyc-00.icecube.wisc.edu>
	SlotName: slot1_49@n-smepyc-00.icecube.wisc.edu
	admin_mutex_1 = 0
	admin_mutex_2 = 0
	admin_mutex_3 = 0
	CondorScratchDir = "/scratch/condor/dir_1838157"
	Cpus = 1
	Disk = 3072
	GPUs = 0
	machine_token = 0
	Memory = 6016
...
006 (19535126.000.000) 2026-06-02 16:47:05 Image size of job updated: 122944
	121  -  MemoryUsage of job (MB)
	122944  -  ResidentSetSize of job (KB)
...
006 (19535126.000.000) 2026-06-02 16:52:06 Image size of job updated: 165888
	162  -  MemoryUsage of job (MB)
	165888  -  ResidentSetSize of job (KB)
...
006 (19535126.000.000) 2026-06-02 16:54:00 Image size of job updated: 183768
	162  -  MemoryUsage of job (MB)
	165888  -  ResidentSetSize of job (KB)
...
005 (19535126.000.000) 2026-06-02 16:54:00 Job terminated.
	(1) Normal termination (return value 0)
		Usr 0 00:06:38, Sys 0 00:00:06  -  Run Remote Usage
		Usr 0 00:00:00, Sys 0 00:00:00  -  Run Local Usage
		Usr 0 00:06:38, Sys 0 00:00:06  -  Total Remote Usage
		Usr 0 00:00:00, Sys 0 00:00:00  -  Total Local Usage
	0  -  Run Bytes Sent By Job
	0  -  Run Bytes Received By Job
	0  -  Total Bytes Sent By Job
	0  -  Total Bytes Received By Job
	Partitionable Resources :    Usage  Request Allocated 
	   admin_mutex_1         :                           0 
	   admin_mutex_2         :                           0 
	   admin_mutex_3         :                           0 
	   Cpus                  :     0.98        1         1 
	   Disk (KB)             :    12        2048      3072 
	   GPUs                  :                           0 
	   machine_token         :                           0 
	   Memory (MB)           :   162        6000      6016 
	   TimeExecute (s)       :   429                       
	   TimeSlotBusy (s)      :   429                       

	Job terminated of its own accord at 2026-06-02T21:54:00Z with exit-code 0.
...
