000 (19535627.000.000) 2026-06-02 15:54:45 Job submitted from host: <10.128.10.103:9618?addrs=10.128.10.103-9618&alias=npx-submitter.icecube.wisc.edu&noUDP&sock=schedd_2449_6386>
    DAG Node: Drootprod_20220522_36540
...
001 (19535627.000.000) 2026-06-02 16:56:47 Job executing on host: <10.128.10.85:45047?addrs=10.128.10.85-45047&alias=n-r710-24.icecube.wisc.edu>
	SlotName: slot1_9@n-r710-24.icecube.wisc.edu
	admin_mutex_1 = 0
	admin_mutex_2 = 0
	admin_mutex_3 = 0
	CondorScratchDir = "/scratch/condor/dir_921387"
	Cpus = 1
	Disk = 3072
	GPUs = 0
	machine_token = 0
	Memory = 6016
...
006 (19535627.000.000) 2026-06-02 16:57:00 Image size of job updated: 117476
	115  -  MemoryUsage of job (MB)
	117476  -  ResidentSetSize of job (KB)
...
006 (19535627.000.000) 2026-06-02 17:02:00 Image size of job updated: 150028
	147  -  MemoryUsage of job (MB)
	150028  -  ResidentSetSize of job (KB)
...
006 (19535627.000.000) 2026-06-02 17:07:01 Image size of job updated: 173144
	170  -  MemoryUsage of job (MB)
	173144  -  ResidentSetSize of job (KB)
...
006 (19535627.000.000) 2026-06-02 17:08:50 Image size of job updated: 183084
	170  -  MemoryUsage of job (MB)
	173144  -  ResidentSetSize of job (KB)
...
005 (19535627.000.000) 2026-06-02 17:08:50 Job terminated.
	(1) Normal termination (return value 0)
		Usr 0 00:11:05, Sys 0 00:00:09  -  Run Remote Usage
		Usr 0 00:00:00, Sys 0 00:00:00  -  Run Local Usage
		Usr 0 00:11:05, Sys 0 00:00:09  -  Total Remote Usage
		Usr 0 00:00:00, Sys 0 00:00:00  -  Total Local Usage
	0  -  Run Bytes Sent By Job
	0  -  Run Bytes Received By Job
	0  -  Total Bytes Sent By Job
	0  -  Total Bytes Received By Job
	Partitionable Resources :    Usage  Request Allocated 
	   admin_mutex_1         :                           0 
	   admin_mutex_2         :                           0 
	   admin_mutex_3         :                           0 
	   Cpus                  :     0.99        1         1 
	   Disk (KB)             :    12        2048      3072 
	   GPUs                  :                           0 
	   machine_token         :                           0 
	   Memory (MB)           :   170        6000      6016 
	   TimeExecute (s)       :   723                       
	   TimeSlotBusy (s)      :   723                       

	Job terminated of its own accord at 2026-06-02T22:08:50Z with exit-code 0.
...
