000 (19536671.000.000) 2026-06-02 15:56:58 Job submitted from host: <10.128.10.103:9618?addrs=10.128.10.103-9618&alias=npx-submitter.icecube.wisc.edu&noUDP&sock=schedd_2449_6386>
    DAG Node: Drootprod_20220801_72051
...
001 (19536671.000.000) 2026-06-02 17:24:43 Job executing on host: <10.128.10.187:34023?addrs=10.128.10.187-34023&alias=n-smepyc-00.icecube.wisc.edu>
	SlotName: slot1_44@n-smepyc-00.icecube.wisc.edu
	admin_mutex_1 = 0
	admin_mutex_2 = 0
	admin_mutex_3 = 0
	CondorScratchDir = "/scratch/condor/dir_1984117"
	Cpus = 1
	Disk = 3072
	GPUs = 0
	machine_token = 0
	Memory = 6016
...
006 (19536671.000.000) 2026-06-02 17:24:56 Image size of job updated: 122928
	121  -  MemoryUsage of job (MB)
	122928  -  ResidentSetSize of job (KB)
...
006 (19536671.000.000) 2026-06-02 17:29:56 Image size of job updated: 173136
	170  -  MemoryUsage of job (MB)
	173136  -  ResidentSetSize of job (KB)
...
006 (19536671.000.000) 2026-06-02 17:31:47 Image size of job updated: 302232
	170  -  MemoryUsage of job (MB)
	173136  -  ResidentSetSize of job (KB)
...
005 (19536671.000.000) 2026-06-02 17:31:47 Job terminated.
	(1) Normal termination (return value 0)
		Usr 0 00:06:35, Sys 0 00:00:06  -  Run Remote Usage
		Usr 0 00:00:00, Sys 0 00:00:00  -  Run Local Usage
		Usr 0 00:06:35, Sys 0 00:00:06  -  Total Remote Usage
		Usr 0 00:00:00, Sys 0 00:00:00  -  Total Local Usage
	0  -  Run Bytes Sent By Job
	0  -  Run Bytes Received By Job
	0  -  Total Bytes Sent By Job
	0  -  Total Bytes Received By Job
	Partitionable Resources :    Usage  Request Allocated 
	   admin_mutex_1         :                           0 
	   admin_mutex_2         :                           0 
	   admin_mutex_3         :                           0 
	   Cpus                  :     0.98        1         1 
	   Disk (KB)             :    12        2048      3072 
	   GPUs                  :                           0 
	   machine_token         :                           0 
	   Memory (MB)           :   170        6000      6016 
	   TimeExecute (s)       :   424                       
	   TimeSlotBusy (s)      :   424                       

	Job terminated of its own accord at 2026-06-02T22:31:47Z with exit-code 0.
...
