000 (19537708.000.000) 2026-06-02 15:59:43 Job submitted from host: <10.128.10.103:9618?addrs=10.128.10.103-9618&alias=npx-submitter.icecube.wisc.edu&noUDP&sock=schedd_2449_6386>
    DAG Node: Drootprod_20221028_84105
...
001 (19537708.000.000) 2026-06-02 17:40:50 Job executing on host: <10.128.10.115:33587?addrs=10.128.10.115-33587&alias=n-gibyte-00.icecube.wisc.edu>
	SlotName: slot1_374@n-gibyte-00.icecube.wisc.edu
	admin_mutex_1 = 0
	admin_mutex_2 = 0
	admin_mutex_3 = 0
	CondorScratchDir = "/scratch/condor/dir_2454455"
	Cpus = 1
	Disk = 5480
	GPUs = 0
	machine_token = 0
	Memory = 6016
...
006 (19537708.000.000) 2026-06-02 17:41:04 Image size of job updated: 119992
	118  -  MemoryUsage of job (MB)
	119992  -  ResidentSetSize of job (KB)
...
006 (19537708.000.000) 2026-06-02 17:46:05 Image size of job updated: 150092
	147  -  MemoryUsage of job (MB)
	150092  -  ResidentSetSize of job (KB)
...
006 (19537708.000.000) 2026-06-02 17:51:05 Image size of job updated: 167024
	164  -  MemoryUsage of job (MB)
	167024  -  ResidentSetSize of job (KB)
...
006 (19537708.000.000) 2026-06-02 17:52:39 Image size of job updated: 173316
	164  -  MemoryUsage of job (MB)
	167024  -  ResidentSetSize of job (KB)
...
005 (19537708.000.000) 2026-06-02 17:52:39 Job terminated.
	(1) Normal termination (return value 0)
		Usr 0 00:11:05, Sys 0 00:00:08  -  Run Remote Usage
		Usr 0 00:00:00, Sys 0 00:00:00  -  Run Local Usage
		Usr 0 00:11:05, Sys 0 00:00:08  -  Total Remote Usage
		Usr 0 00:00:00, Sys 0 00:00:00  -  Total Local Usage
	0  -  Run Bytes Sent By Job
	0  -  Run Bytes Received By Job
	0  -  Total Bytes Sent By Job
	0  -  Total Bytes Received By Job
	Partitionable Resources :    Usage  Request Allocated 
	   admin_mutex_1         :                           0 
	   admin_mutex_2         :                           0 
	   admin_mutex_3         :                           0 
	   Cpus                  :     0.78        1         1 
	   Disk (KB)             :    15        2048      5480 
	   GPUs                  :                           0 
	   machine_token         :                           0 
	   Memory (MB)           :   164        6000      6016 
	   TimeExecute (s)       :   709                       
	   TimeSlotBusy (s)      :   709                       

	Job terminated of its own accord at 2026-06-02T22:52:39Z with exit-code 0.
...
