000 (19533761.000.000) 2026-06-02 15:51:04 Job submitted from host: <10.128.10.103:9618?addrs=10.128.10.103-9618&alias=npx-submitter.icecube.wisc.edu&noUDP&sock=schedd_2449_6386>
    DAG Node: Drootprod_20220126_82094
...
001 (19533761.000.000) 2026-06-02 16:20:14 Job executing on host: <10.128.10.238:43797?addrs=10.128.10.238-43797&alias=n-gpu-42.icecube.wisc.edu>
	SlotName: slot1_29@n-gpu-42.icecube.wisc.edu
	admin_mutex_1 = 0
	admin_mutex_2 = 0
	admin_mutex_3 = 0
	AvailableGPUs = {  }
	CondorScratchDir = "/scratch/condor/dir_1992516"
	Cpus = 1
	Disk = 3072
	GPUs = 0
	machine_token = 0
	Memory = 6016
...
006 (19533761.000.000) 2026-06-02 16:20:27 Image size of job updated: 120976
	119  -  MemoryUsage of job (MB)
	120976  -  ResidentSetSize of job (KB)
...
006 (19533761.000.000) 2026-06-02 16:25:27 Image size of job updated: 153112
	150  -  MemoryUsage of job (MB)
	153112  -  ResidentSetSize of job (KB)
...
006 (19533761.000.000) 2026-06-02 16:29:39 Image size of job updated: 178400
	150  -  MemoryUsage of job (MB)
	153112  -  ResidentSetSize of job (KB)
...
005 (19533761.000.000) 2026-06-02 16:29:39 Job terminated.
	(1) Normal termination (return value 0)
		Usr 0 00:08:18, Sys 0 00:00:08  -  Run Remote Usage
		Usr 0 00:00:00, Sys 0 00:00:00  -  Run Local Usage
		Usr 0 00:08:18, Sys 0 00:00:08  -  Total Remote Usage
		Usr 0 00:00:00, Sys 0 00:00:00  -  Total Local Usage
	0  -  Run Bytes Sent By Job
	0  -  Run Bytes Received By Job
	0  -  Total Bytes Sent By Job
	0  -  Total Bytes Received By Job
	Partitionable Resources :    Usage  Request Allocated 
	   admin_mutex_1         :                           0 
	   admin_mutex_2         :                           0 
	   admin_mutex_3         :                           0 
	   Cpus                  :     0.91        1         1 
	   Disk (KB)             :    15        2048      3072 
	   GPUs                  :                           0 
	   machine_token         :                           0 
	   Memory (MB)           :   150        6000      6016 
	   TimeExecute (s)       :   565                       
	   TimeSlotBusy (s)      :   565                       

	Job terminated of its own accord at 2026-06-02T21:29:39Z with exit-code 0.
...
