000 (19538053.000.000) 2026-06-02 16:01:15 Job submitted from host: <10.128.10.103:9618?addrs=10.128.10.103-9618&alias=npx-submitter.icecube.wisc.edu&noUDP&sock=schedd_2449_6386>
    DAG Node: Drootprod_20221218_68395
...
001 (19538053.000.000) 2026-06-02 17:44:15 Job executing on host: <10.128.10.21:35497?addrs=10.128.10.21-35497&alias=n-m610-11.icecube.wisc.edu>
	SlotName: slot1_3@n-m610-11.icecube.wisc.edu
	admin_mutex_1 = 0
	admin_mutex_2 = 0
	admin_mutex_3 = 0
	CondorScratchDir = "/scratch/condor/dir_2687166"
	Cpus = 1
	Disk = 3072
	GPUs = 0
	machine_token = 0
	Memory = 6016
...
006 (19538053.000.000) 2026-06-02 17:44:28 Image size of job updated: 121176
	119  -  MemoryUsage of job (MB)
	121176  -  ResidentSetSize of job (KB)
...
006 (19538053.000.000) 2026-06-02 17:49:28 Image size of job updated: 160784
	158  -  MemoryUsage of job (MB)
	160784  -  ResidentSetSize of job (KB)
...
006 (19538053.000.000) 2026-06-02 17:50:35 Image size of job updated: 187188
	158  -  MemoryUsage of job (MB)
	160784  -  ResidentSetSize of job (KB)
...
005 (19538053.000.000) 2026-06-02 17:50:35 Job terminated.
	(1) Normal termination (return value 0)
		Usr 0 00:05:49, Sys 0 00:00:05  -  Run Remote Usage
		Usr 0 00:00:00, Sys 0 00:00:00  -  Run Local Usage
		Usr 0 00:05:49, Sys 0 00:00:05  -  Total Remote Usage
		Usr 0 00:00:00, Sys 0 00:00:00  -  Total Local Usage
	0  -  Run Bytes Sent By Job
	0  -  Run Bytes Received By Job
	0  -  Total Bytes Sent By Job
	0  -  Total Bytes Received By Job
	Partitionable Resources :    Usage  Request Allocated 
	   admin_mutex_1         :                           0 
	   admin_mutex_2         :                           0 
	   admin_mutex_3         :                           0 
	   Cpus                  :     0.94        1         1 
	   Disk (KB)             :    15        2048      3072 
	   GPUs                  :                           0 
	   machine_token         :                           0 
	   Memory (MB)           :   158        6000      6016 
	   TimeExecute (s)       :   380                       
	   TimeSlotBusy (s)      :   380                       

	Job terminated of its own accord at 2026-06-02T22:50:35Z with exit-code 0.
...
