000 (19532341.000.000) 2026-06-02 15:47:09 Job submitted from host: <10.128.10.103:9618?addrs=10.128.10.103-9618&alias=npx-submitter.icecube.wisc.edu&noUDP&sock=schedd_2449_6386>
    DAG Node: Drootprod_20120126_16715
...
001 (19532341.000.000) 2026-06-02 15:47:16 Job executing on host: <10.128.10.116:38163?addrs=10.128.10.116-38163&alias=n-gibyte-01.icecube.wisc.edu>
	SlotName: slot1_262@n-gibyte-01.icecube.wisc.edu
	admin_mutex_1 = 0
	admin_mutex_2 = 0
	admin_mutex_3 = 0
	CondorScratchDir = "/scratch/condor/dir_2331457"
	Cpus = 1
	Disk = 5480
	GPUs = 0
	machine_token = 0
	Memory = 6016
...
006 (19532341.000.000) 2026-06-02 15:47:24 Image size of job updated: 121424
	119  -  MemoryUsage of job (MB)
	121424  -  ResidentSetSize of job (KB)
...
006 (19532341.000.000) 2026-06-02 15:52:25 Image size of job updated: 142668
	140  -  MemoryUsage of job (MB)
	142668  -  ResidentSetSize of job (KB)
...
006 (19532341.000.000) 2026-06-02 15:57:25 Image size of job updated: 160984
	158  -  MemoryUsage of job (MB)
	160984  -  ResidentSetSize of job (KB)
...
006 (19532341.000.000) 2026-06-02 16:02:26 Image size of job updated: 273364
	267  -  MemoryUsage of job (MB)
	273364  -  ResidentSetSize of job (KB)
...
006 (19532341.000.000) 2026-06-02 16:07:26 Image size of job updated: 292096
	286  -  MemoryUsage of job (MB)
	292096  -  ResidentSetSize of job (KB)
...
006 (19532341.000.000) 2026-06-02 16:12:27 Image size of job updated: 420904
	412  -  MemoryUsage of job (MB)
	420904  -  ResidentSetSize of job (KB)
...
006 (19532341.000.000) 2026-06-02 16:17:27 Image size of job updated: 727152
	711  -  MemoryUsage of job (MB)
	727152  -  ResidentSetSize of job (KB)
...
006 (19532341.000.000) 2026-06-02 16:18:44 Image size of job updated: 732048
	711  -  MemoryUsage of job (MB)
	727152  -  ResidentSetSize of job (KB)
...
005 (19532341.000.000) 2026-06-02 16:18:44 Job terminated.
	(1) Normal termination (return value 0)
		Usr 0 00:30:12, Sys 0 00:00:17  -  Run Remote Usage
		Usr 0 00:00:00, Sys 0 00:00:00  -  Run Local Usage
		Usr 0 00:30:12, Sys 0 00:00:17  -  Total Remote Usage
		Usr 0 00:00:00, Sys 0 00:00:00  -  Total Local Usage
	0  -  Run Bytes Sent By Job
	0  -  Run Bytes Received By Job
	0  -  Total Bytes Sent By Job
	0  -  Total Bytes Received By Job
	Partitionable Resources :    Usage  Request Allocated 
	   admin_mutex_1         :                           0 
	   admin_mutex_2         :                           0 
	   admin_mutex_3         :                           0 
	   Cpus                  :     0.99        1         1 
	   Disk (KB)             :    10        2048      5480 
	   GPUs                  :                           0 
	   machine_token         :                           0 
	   Memory (MB)           :   711        6000      6016 
	   TimeExecute (s)       :  1888                       
	   TimeSlotBusy (s)      :  1888                       

	Job terminated of its own accord at 2026-06-02T21:18:44Z with exit-code 0.
...
