000 (19533923.000.000) 2026-06-02 15:51:25 Job submitted from host: <10.128.10.103:9618?addrs=10.128.10.103-9618&alias=npx-submitter.icecube.wisc.edu&noUDP&sock=schedd_2449_6386>
    DAG Node: Drootprod_20120612_51875
...
001 (19533923.000.000) 2026-06-02 16:22:53 Job executing on host: <10.128.10.190:46289?addrs=10.128.10.190-46289&alias=n-smepyc-03.icecube.wisc.edu>
	SlotName: slot1_37@n-smepyc-03.icecube.wisc.edu
	admin_mutex_1 = 0
	admin_mutex_2 = 0
	admin_mutex_3 = 0
	CondorScratchDir = "/scratch/condor/dir_3592131"
	Cpus = 1
	Disk = 3072
	GPUs = 0
	machine_token = 0
	Memory = 6016
...
006 (19533923.000.000) 2026-06-02 16:23:07 Image size of job updated: 122928
	121  -  MemoryUsage of job (MB)
	122928  -  ResidentSetSize of job (KB)
...
006 (19533923.000.000) 2026-06-02 16:28:08 Image size of job updated: 167524
	164  -  MemoryUsage of job (MB)
	167524  -  ResidentSetSize of job (KB)
...
006 (19533923.000.000) 2026-06-02 16:33:08 Image size of job updated: 422264
	413  -  MemoryUsage of job (MB)
	422264  -  ResidentSetSize of job (KB)
...
006 (19533923.000.000) 2026-06-02 16:38:08 Image size of job updated: 762568
	745  -  MemoryUsage of job (MB)
	762568  -  ResidentSetSize of job (KB)
...
006 (19533923.000.000) 2026-06-02 16:40:32 Image size of job updated: 809160
	745  -  MemoryUsage of job (MB)
	762568  -  ResidentSetSize of job (KB)
...
005 (19533923.000.000) 2026-06-02 16:40:32 Job terminated.
	(1) Normal termination (return value 0)
		Usr 0 00:16:33, Sys 0 00:00:16  -  Run Remote Usage
		Usr 0 00:00:00, Sys 0 00:00:00  -  Run Local Usage
		Usr 0 00:16:33, Sys 0 00:00:16  -  Total Remote Usage
		Usr 0 00:00:00, Sys 0 00:00:00  -  Total Local Usage
	0  -  Run Bytes Sent By Job
	0  -  Run Bytes Received By Job
	0  -  Total Bytes Sent By Job
	0  -  Total Bytes Received By Job
	Partitionable Resources :    Usage  Request Allocated 
	   admin_mutex_1         :                           0 
	   admin_mutex_2         :                           0 
	   admin_mutex_3         :                           0 
	   Cpus                  :     0.99        1         1 
	   Disk (KB)             :    10        2048      3072 
	   GPUs                  :                           0 
	   machine_token         :                           0 
	   Memory (MB)           :   745        6000      6016 
	   TimeExecute (s)       :  1059                       
	   TimeSlotBusy (s)      :  1059                       

	Job terminated of its own accord at 2026-06-02T21:40:32Z with exit-code 0.
...
