000 (19536540.000.000) 2026-06-02 15:56:41 Job submitted from host: <10.128.10.103:9618?addrs=10.128.10.103-9618&alias=npx-submitter.icecube.wisc.edu&noUDP&sock=schedd_2449_6386>
    DAG Node: Drootprod_20121126_28820
...
001 (19536540.000.000) 2026-06-02 17:22:37 Job executing on host: <10.128.10.115:33587?addrs=10.128.10.115-33587&alias=n-gibyte-00.icecube.wisc.edu>
	SlotName: slot1_126@n-gibyte-00.icecube.wisc.edu
	admin_mutex_1 = 0
	admin_mutex_2 = 0
	admin_mutex_3 = 0
	CondorScratchDir = "/scratch/condor/dir_2375186"
	Cpus = 1
	Disk = 5480
	GPUs = 0
	machine_token = 0
	Memory = 6016
...
006 (19536540.000.000) 2026-06-02 17:22:51 Image size of job updated: 119344
	117  -  MemoryUsage of job (MB)
	119344  -  ResidentSetSize of job (KB)
...
006 (19536540.000.000) 2026-06-02 17:27:52 Image size of job updated: 142604
	140  -  MemoryUsage of job (MB)
	142604  -  ResidentSetSize of job (KB)
...
006 (19536540.000.000) 2026-06-02 17:32:52 Image size of job updated: 157360
	154  -  MemoryUsage of job (MB)
	157360  -  ResidentSetSize of job (KB)
...
006 (19536540.000.000) 2026-06-02 17:37:52 Image size of job updated: 270080
	264  -  MemoryUsage of job (MB)
	270080  -  ResidentSetSize of job (KB)
...
006 (19536540.000.000) 2026-06-02 17:42:53 Image size of job updated: 286164
	280  -  MemoryUsage of job (MB)
	286164  -  ResidentSetSize of job (KB)
...
006 (19536540.000.000) 2026-06-02 17:47:53 Image size of job updated: 410656
	402  -  MemoryUsage of job (MB)
	410656  -  ResidentSetSize of job (KB)
...
006 (19536540.000.000) 2026-06-02 17:52:54 Image size of job updated: 422004
	413  -  MemoryUsage of job (MB)
	422004  -  ResidentSetSize of job (KB)
...
006 (19536540.000.000) 2026-06-02 17:53:49 Image size of job updated: 563776
	413  -  MemoryUsage of job (MB)
	422004  -  ResidentSetSize of job (KB)
...
005 (19536540.000.000) 2026-06-02 17:53:50 Job terminated.
	(1) Normal termination (return value 0)
		Usr 0 00:30:03, Sys 0 00:00:17  -  Run Remote Usage
		Usr 0 00:00:00, Sys 0 00:00:00  -  Run Local Usage
		Usr 0 00:30:03, Sys 0 00:00:17  -  Total Remote Usage
		Usr 0 00:00:00, Sys 0 00:00:00  -  Total Local Usage
	0  -  Run Bytes Sent By Job
	0  -  Run Bytes Received By Job
	0  -  Total Bytes Sent By Job
	0  -  Total Bytes Received By Job
	Partitionable Resources :    Usage  Request Allocated 
	   admin_mutex_1         :                           0 
	   admin_mutex_2         :                           0 
	   admin_mutex_3         :                           0 
	   Cpus                  :     0.99        1         1 
	   Disk (KB)             :     7        2048      5480 
	   GPUs                  :                           0 
	   machine_token         :                           0 
	   Memory (MB)           :   413        6000      6016 
	   TimeExecute (s)       :  1872                       
	   TimeSlotBusy (s)      :  1872                       

	Job terminated of its own accord at 2026-06-02T22:53:49Z with exit-code 0.
...
