000 (19533993.000.000) 2026-06-02 15:51:34 Job submitted from host: <10.128.10.103:9618?addrs=10.128.10.103-9618&alias=npx-submitter.icecube.wisc.edu&noUDP&sock=schedd_2449_6386>
    DAG Node: Drootprod_20120616_91802
...
001 (19533993.000.000) 2026-06-02 16:24:38 Job executing on host: <10.128.10.115:33587?addrs=10.128.10.115-33587&alias=n-gibyte-00.icecube.wisc.edu>
	SlotName: slot1_452@n-gibyte-00.icecube.wisc.edu
	admin_mutex_1 = 0
	admin_mutex_2 = 0
	admin_mutex_3 = 0
	CondorScratchDir = "/scratch/condor/dir_2145485"
	Cpus = 1
	Disk = 5480
	GPUs = 0
	machine_token = 0
	Memory = 6016
...
006 (19533993.000.000) 2026-06-02 16:24:51 Image size of job updated: 118060
	116  -  MemoryUsage of job (MB)
	118060  -  ResidentSetSize of job (KB)
...
006 (19533993.000.000) 2026-06-02 16:29:51 Image size of job updated: 142480
	140  -  MemoryUsage of job (MB)
	142480  -  ResidentSetSize of job (KB)
...
006 (19533993.000.000) 2026-06-02 16:34:52 Image size of job updated: 163644
	160  -  MemoryUsage of job (MB)
	163644  -  ResidentSetSize of job (KB)
...
006 (19533993.000.000) 2026-06-02 16:39:52 Image size of job updated: 280084
	274  -  MemoryUsage of job (MB)
	280084  -  ResidentSetSize of job (KB)
...
006 (19533993.000.000) 2026-06-02 16:44:53 Image size of job updated: 410392
	401  -  MemoryUsage of job (MB)
	410392  -  ResidentSetSize of job (KB)
...
006 (19533993.000.000) 2026-06-02 16:49:53 Image size of job updated: 717364
	701  -  MemoryUsage of job (MB)
	717364  -  ResidentSetSize of job (KB)
...
006 (19533993.000.000) 2026-06-02 16:54:54 Image size of job updated: 743708
	727  -  MemoryUsage of job (MB)
	743708  -  ResidentSetSize of job (KB)
...
006 (19533993.000.000) 2026-06-02 16:59:54 Image size of job updated: 771868
	754  -  MemoryUsage of job (MB)
	771868  -  ResidentSetSize of job (KB)
...
006 (19533993.000.000) 2026-06-02 17:01:35 Image size of job updated: 814552
	754  -  MemoryUsage of job (MB)
	771868  -  ResidentSetSize of job (KB)
...
005 (19533993.000.000) 2026-06-02 17:01:37 Job terminated.
	(1) Normal termination (return value 0)
		Usr 0 00:35:09, Sys 0 00:00:25  -  Run Remote Usage
		Usr 0 00:00:00, Sys 0 00:00:00  -  Run Local Usage
		Usr 0 00:35:09, Sys 0 00:00:25  -  Total Remote Usage
		Usr 0 00:00:00, Sys 0 00:00:00  -  Total Local Usage
	0  -  Run Bytes Sent By Job
	0  -  Run Bytes Received By Job
	0  -  Total Bytes Sent By Job
	0  -  Total Bytes Received By Job
	Partitionable Resources :    Usage  Request Allocated 
	   admin_mutex_1         :                           0 
	   admin_mutex_2         :                           0 
	   admin_mutex_3         :                           0 
	   Cpus                  :     0.99        1         1 
	   Disk (KB)             :    10        2048      5480 
	   GPUs                  :                           0 
	   machine_token         :                           0 
	   Memory (MB)           :   754        6000      6016 
	   TimeExecute (s)       :  2217                       
	   TimeSlotBusy (s)      :  2220                       

	Job terminated of its own accord at 2026-06-02T22:01:35Z with exit-code 0.
...
