000 (19536723.000.000) 2026-06-02 15:57:04 Job submitted from host: <10.128.10.103:9618?addrs=10.128.10.103-9618&alias=npx-submitter.icecube.wisc.edu&noUDP&sock=schedd_2449_6386>
    DAG Node: Drootprod_20121209_96471
...
001 (19536723.000.000) 2026-06-02 17:25:28 Job executing on host: <10.128.10.115:33587?addrs=10.128.10.115-33587&alias=n-gibyte-00.icecube.wisc.edu>
	SlotName: slot1_209@n-gibyte-00.icecube.wisc.edu
	admin_mutex_1 = 0
	admin_mutex_2 = 0
	admin_mutex_3 = 0
	CondorScratchDir = "/scratch/condor/dir_2387041"
	Cpus = 1
	Disk = 5480
	GPUs = 0
	machine_token = 0
	Memory = 6016
...
006 (19536723.000.000) 2026-06-02 17:25:41 Image size of job updated: 119140
	117  -  MemoryUsage of job (MB)
	119140  -  ResidentSetSize of job (KB)
...
006 (19536723.000.000) 2026-06-02 17:30:41 Image size of job updated: 141156
	138  -  MemoryUsage of job (MB)
	141156  -  ResidentSetSize of job (KB)
...
006 (19536723.000.000) 2026-06-02 17:35:42 Image size of job updated: 161276
	158  -  MemoryUsage of job (MB)
	161276  -  ResidentSetSize of job (KB)
...
006 (19536723.000.000) 2026-06-02 17:40:43 Image size of job updated: 274688
	269  -  MemoryUsage of job (MB)
	274688  -  ResidentSetSize of job (KB)
...
006 (19536723.000.000) 2026-06-02 17:45:43 Image size of job updated: 406860
	398  -  MemoryUsage of job (MB)
	406860  -  ResidentSetSize of job (KB)
...
006 (19536723.000.000) 2026-06-02 17:47:37 Image size of job updated: 415876
	398  -  MemoryUsage of job (MB)
	406860  -  ResidentSetSize of job (KB)
...
005 (19536723.000.000) 2026-06-02 17:47:37 Job terminated.
	(1) Normal termination (return value 0)
		Usr 0 00:21:12, Sys 0 00:00:14  -  Run Remote Usage
		Usr 0 00:00:00, Sys 0 00:00:00  -  Run Local Usage
		Usr 0 00:21:12, Sys 0 00:00:14  -  Total Remote Usage
		Usr 0 00:00:00, Sys 0 00:00:00  -  Total Local Usage
	0  -  Run Bytes Sent By Job
	0  -  Run Bytes Received By Job
	0  -  Total Bytes Sent By Job
	0  -  Total Bytes Received By Job
	Partitionable Resources :    Usage  Request Allocated 
	   admin_mutex_1         :                           0 
	   admin_mutex_2         :                           0 
	   admin_mutex_3         :                           0 
	   Cpus                  :     0.96        1         1 
	   Disk (KB)             :     7        2048      5480 
	   GPUs                  :                           0 
	   machine_token         :                           0 
	   Memory (MB)           :   398        6000      6016 
	   TimeExecute (s)       :  1329                       
	   TimeSlotBusy (s)      :  1330                       

	Job terminated of its own accord at 2026-06-02T22:47:37Z with exit-code 0.
...
