000 (19532303.000.000) 2026-06-02 15:46:59 Job submitted from host: <10.128.10.103:9618?addrs=10.128.10.103-9618&alias=npx-submitter.icecube.wisc.edu&noUDP&sock=schedd_2449_6386>
    DAG Node: Drootprod_20120121_536
...
001 (19532303.000.000) 2026-06-02 15:47:12 Job executing on host: <10.128.10.192:35633?addrs=10.128.10.192-35633&alias=n-smepyc-05.icecube.wisc.edu>
	SlotName: slot1_68@n-smepyc-05.icecube.wisc.edu
	admin_mutex_1 = 0
	admin_mutex_2 = 0
	admin_mutex_3 = 0
	CondorScratchDir = "/scratch/condor/dir_17999"
	Cpus = 1
	Disk = 3072
	GPUs = 0
	machine_token = 0
	Memory = 6016
...
006 (19532303.000.000) 2026-06-02 15:47:25 Image size of job updated: 122604
	120  -  MemoryUsage of job (MB)
	122604  -  ResidentSetSize of job (KB)
...
006 (19532303.000.000) 2026-06-02 15:52:25 Image size of job updated: 157632
	154  -  MemoryUsage of job (MB)
	157632  -  ResidentSetSize of job (KB)
...
006 (19532303.000.000) 2026-06-02 15:57:25 Image size of job updated: 288140
	282  -  MemoryUsage of job (MB)
	288140  -  ResidentSetSize of job (KB)
...
006 (19532303.000.000) 2026-06-02 16:02:26 Image size of job updated: 720396
	704  -  MemoryUsage of job (MB)
	720396  -  ResidentSetSize of job (KB)
...
006 (19532303.000.000) 2026-06-02 16:03:09 Image size of job updated: 736432
	704  -  MemoryUsage of job (MB)
	720396  -  ResidentSetSize of job (KB)
...
005 (19532303.000.000) 2026-06-02 16:03:09 Job terminated.
	(1) Normal termination (return value 0)
		Usr 0 00:15:06, Sys 0 00:00:12  -  Run Remote Usage
		Usr 0 00:00:00, Sys 0 00:00:00  -  Run Local Usage
		Usr 0 00:15:06, Sys 0 00:00:12  -  Total Remote Usage
		Usr 0 00:00:00, Sys 0 00:00:00  -  Total Local Usage
	0  -  Run Bytes Sent By Job
	0  -  Run Bytes Received By Job
	0  -  Total Bytes Sent By Job
	0  -  Total Bytes Received By Job
	Partitionable Resources :    Usage  Request Allocated 
	   admin_mutex_1         :                           0 
	   admin_mutex_2         :                           0 
	   admin_mutex_3         :                           0 
	   Cpus                  :     0.93        1         1 
	   Disk (KB)             :     7        2048      3072 
	   GPUs                  :                           0 
	   machine_token         :                           0 
	   Memory (MB)           :   704        6000      6016 
	   TimeExecute (s)       :   957                       
	   TimeSlotBusy (s)      :   958                       

	Job terminated of its own accord at 2026-06-02T21:03:09Z with exit-code 0.
...
