000 (19533369.000.000) 2026-06-02 15:50:15 Job submitted from host: <10.128.10.103:9618?addrs=10.128.10.103-9618&alias=npx-submitter.icecube.wisc.edu&noUDP&sock=schedd_2449_6386>
    DAG Node: Drootprod_20120504_11160
...
001 (19533369.000.000) 2026-06-02 16:13:10 Job executing on host: <10.128.10.188:45333?addrs=10.128.10.188-45333&alias=n-smepyc-01.icecube.wisc.edu>
	SlotName: slot1_4@n-smepyc-01.icecube.wisc.edu
	admin_mutex_1 = 0
	admin_mutex_2 = 0
	admin_mutex_3 = 0
	CondorScratchDir = "/scratch/condor/dir_3911836"
	Cpus = 1
	Disk = 3072
	GPUs = 0
	machine_token = 0
	Memory = 6016
...
006 (19533369.000.000) 2026-06-02 16:13:23 Image size of job updated: 122924
	121  -  MemoryUsage of job (MB)
	122924  -  ResidentSetSize of job (KB)
...
006 (19533369.000.000) 2026-06-02 16:18:23 Image size of job updated: 173908
	170  -  MemoryUsage of job (MB)
	173908  -  ResidentSetSize of job (KB)
...
006 (19533369.000.000) 2026-06-02 16:23:24 Image size of job updated: 709304
	693  -  MemoryUsage of job (MB)
	709304  -  ResidentSetSize of job (KB)
...
006 (19533369.000.000) 2026-06-02 16:24:16 Image size of job updated: 737132
	693  -  MemoryUsage of job (MB)
	709304  -  ResidentSetSize of job (KB)
...
005 (19533369.000.000) 2026-06-02 16:24:16 Job terminated.
	(1) Normal termination (return value 0)
		Usr 0 00:10:22, Sys 0 00:00:11  -  Run Remote Usage
		Usr 0 00:00:00, Sys 0 00:00:00  -  Run Local Usage
		Usr 0 00:10:22, Sys 0 00:00:11  -  Total Remote Usage
		Usr 0 00:00:00, Sys 0 00:00:00  -  Total Local Usage
	0  -  Run Bytes Sent By Job
	0  -  Run Bytes Received By Job
	0  -  Total Bytes Sent By Job
	0  -  Total Bytes Received By Job
	Partitionable Resources :    Usage  Request Allocated 
	   admin_mutex_1         :                           0 
	   admin_mutex_2         :                           0 
	   admin_mutex_3         :                           0 
	   Cpus                  :     1.00        1         1 
	   Disk (KB)             :     7        2048      3072 
	   GPUs                  :                           0 
	   machine_token         :                           0 
	   Memory (MB)           :   693        6000      6016 
	   TimeExecute (s)       :   666                       
	   TimeSlotBusy (s)      :   666                       

	Job terminated of its own accord at 2026-06-02T21:24:16Z with exit-code 0.
...
