000 (19534087.000.000) 2026-06-02 15:51:46 Job submitted from host: <10.128.10.103:9618?addrs=10.128.10.103-9618&alias=npx-submitter.icecube.wisc.edu&noUDP&sock=schedd_2449_6386>
    DAG Node: Drootprod_20120623_79178
...
001 (19534087.000.000) 2026-06-02 16:27:33 Job executing on host: <10.128.10.115:33587?addrs=10.128.10.115-33587&alias=n-gibyte-00.icecube.wisc.edu>
	SlotName: slot1_296@n-gibyte-00.icecube.wisc.edu
	admin_mutex_1 = 0
	admin_mutex_2 = 0
	admin_mutex_3 = 0
	CondorScratchDir = "/scratch/condor/dir_2157441"
	Cpus = 1
	Disk = 5480
	GPUs = 0
	machine_token = 0
	Memory = 6016
...
006 (19534087.000.000) 2026-06-02 16:27:46 Image size of job updated: 120288
	118  -  MemoryUsage of job (MB)
	120288  -  ResidentSetSize of job (KB)
...
006 (19534087.000.000) 2026-06-02 16:32:46 Image size of job updated: 141824
	139  -  MemoryUsage of job (MB)
	141824  -  ResidentSetSize of job (KB)
...
006 (19534087.000.000) 2026-06-02 16:37:47 Image size of job updated: 160512
	157  -  MemoryUsage of job (MB)
	160512  -  ResidentSetSize of job (KB)
...
006 (19534087.000.000) 2026-06-02 16:42:47 Image size of job updated: 280072
	274  -  MemoryUsage of job (MB)
	280072  -  ResidentSetSize of job (KB)
...
006 (19534087.000.000) 2026-06-02 16:47:48 Image size of job updated: 412144
	403  -  MemoryUsage of job (MB)
	412144  -  ResidentSetSize of job (KB)
...
006 (19534087.000.000) 2026-06-02 16:52:48 Image size of job updated: 708868
	693  -  MemoryUsage of job (MB)
	708868  -  ResidentSetSize of job (KB)
...
006 (19534087.000.000) 2026-06-02 16:57:49 Image size of job updated: 740468
	724  -  MemoryUsage of job (MB)
	740468  -  ResidentSetSize of job (KB)
...
006 (19534087.000.000) 2026-06-02 17:02:50 Image size of job updated: 765184
	748  -  MemoryUsage of job (MB)
	765184  -  ResidentSetSize of job (KB)
...
006 (19534087.000.000) 2026-06-02 17:07:10 Image size of job updated: 797040
	748  -  MemoryUsage of job (MB)
	765184  -  ResidentSetSize of job (KB)
...
005 (19534087.000.000) 2026-06-02 17:07:10 Job terminated.
	(1) Normal termination (return value 0)
		Usr 0 00:37:49, Sys 0 00:00:27  -  Run Remote Usage
		Usr 0 00:00:00, Sys 0 00:00:00  -  Run Local Usage
		Usr 0 00:37:49, Sys 0 00:00:27  -  Total Remote Usage
		Usr 0 00:00:00, Sys 0 00:00:00  -  Total Local Usage
	0  -  Run Bytes Sent By Job
	0  -  Run Bytes Received By Job
	0  -  Total Bytes Sent By Job
	0  -  Total Bytes Received By Job
	Partitionable Resources :    Usage  Request Allocated 
	   admin_mutex_1         :                           0 
	   admin_mutex_2         :                           0 
	   admin_mutex_3         :                           0 
	   Cpus                  :     0.98        1         1 
	   Disk (KB)             :    10        2048      5480 
	   GPUs                  :                           0 
	   machine_token         :                           0 
	   Memory (MB)           :   748        6000      6016 
	   TimeExecute (s)       :  2377                       
	   TimeSlotBusy (s)      :  2378                       

	Job terminated of its own accord at 2026-06-02T22:07:10Z with exit-code 0.
...
