000 (19533907.000.000) 2026-06-02 15:51:23 Job submitted from host: <10.128.10.103:9618?addrs=10.128.10.103-9618&alias=npx-submitter.icecube.wisc.edu&noUDP&sock=schedd_2449_6386>
    DAG Node: Drootprod_20120610_39173
...
001 (19533907.000.000) 2026-06-02 16:22:29 Job executing on host: <10.128.10.188:45333?addrs=10.128.10.188-45333&alias=n-smepyc-01.icecube.wisc.edu>
	SlotName: slot1_54@n-smepyc-01.icecube.wisc.edu
	admin_mutex_1 = 0
	admin_mutex_2 = 0
	admin_mutex_3 = 0
	CondorScratchDir = "/scratch/condor/dir_3946793"
	Cpus = 1
	Disk = 3072
	GPUs = 0
	machine_token = 0
	Memory = 6016
...
006 (19533907.000.000) 2026-06-02 16:22:42 Image size of job updated: 121112
	119  -  MemoryUsage of job (MB)
	121112  -  ResidentSetSize of job (KB)
...
006 (19533907.000.000) 2026-06-02 16:27:42 Image size of job updated: 167608
	164  -  MemoryUsage of job (MB)
	167608  -  ResidentSetSize of job (KB)
...
006 (19533907.000.000) 2026-06-02 16:32:43 Image size of job updated: 419104
	410  -  MemoryUsage of job (MB)
	419104  -  ResidentSetSize of job (KB)
...
006 (19533907.000.000) 2026-06-02 16:37:44 Image size of job updated: 758652
	741  -  MemoryUsage of job (MB)
	758652  -  ResidentSetSize of job (KB)
...
006 (19533907.000.000) 2026-06-02 16:40:19 Image size of job updated: 796880
	741  -  MemoryUsage of job (MB)
	758652  -  ResidentSetSize of job (KB)
...
005 (19533907.000.000) 2026-06-02 16:40:19 Job terminated.
	(1) Normal termination (return value 0)
		Usr 0 00:16:43, Sys 0 00:00:16  -  Run Remote Usage
		Usr 0 00:00:00, Sys 0 00:00:00  -  Run Local Usage
		Usr 0 00:16:43, Sys 0 00:00:16  -  Total Remote Usage
		Usr 0 00:00:00, Sys 0 00:00:00  -  Total Local Usage
	0  -  Run Bytes Sent By Job
	0  -  Run Bytes Received By Job
	0  -  Total Bytes Sent By Job
	0  -  Total Bytes Received By Job
	Partitionable Resources :    Usage  Request Allocated 
	   admin_mutex_1         :                           0 
	   admin_mutex_2         :                           0 
	   admin_mutex_3         :                           0 
	   Cpus                  :     0.99        1         1 
	   Disk (KB)             :    10        2048      3072 
	   GPUs                  :                           0 
	   machine_token         :                           0 
	   Memory (MB)           :   741        6000      6016 
	   TimeExecute (s)       :  1070                       
	   TimeSlotBusy (s)      :  1070                       

	Job terminated of its own accord at 2026-06-02T21:40:19Z with exit-code 0.
...
