000 (19534479.000.000) 2026-06-02 15:52:28 Job submitted from host: <10.128.10.103:9618?addrs=10.128.10.103-9618&alias=npx-submitter.icecube.wisc.edu&noUDP&sock=schedd_2449_6386>
    DAG Node: Drootprod_20120715_49697
...
001 (19534479.000.000) 2026-06-02 16:34:51 Job executing on host: <10.128.11.36:45179?addrs=10.128.11.36-45179&alias=n-smbc-17.icecube.wisc.edu>
	SlotName: slot1_9@n-smbc-17.icecube.wisc.edu
	admin_mutex_1 = 0
	admin_mutex_2 = 0
	admin_mutex_3 = 0
	CondorScratchDir = "/scratch/condor/dir_86186"
	Cpus = 1
	Disk = 3072
	GPUs = 0
	machine_token = 0
	Memory = 6016
...
006 (19534479.000.000) 2026-06-02 16:35:04 Image size of job updated: 121004
	119  -  MemoryUsage of job (MB)
	121004  -  ResidentSetSize of job (KB)
...
006 (19534479.000.000) 2026-06-02 16:40:04 Image size of job updated: 159704
	156  -  MemoryUsage of job (MB)
	159704  -  ResidentSetSize of job (KB)
...
006 (19534479.000.000) 2026-06-02 16:45:05 Image size of job updated: 291000
	285  -  MemoryUsage of job (MB)
	291000  -  ResidentSetSize of job (KB)
...
006 (19534479.000.000) 2026-06-02 16:50:06 Image size of job updated: 725432
	709  -  MemoryUsage of job (MB)
	725432  -  ResidentSetSize of job (KB)
...
006 (19534479.000.000) 2026-06-02 16:55:06 Image size of job updated: 777664
	760  -  MemoryUsage of job (MB)
	777664  -  ResidentSetSize of job (KB)
...
006 (19534479.000.000) 2026-06-02 16:59:00 Image size of job updated: 906556
	760  -  MemoryUsage of job (MB)
	777664  -  ResidentSetSize of job (KB)
...
005 (19534479.000.000) 2026-06-02 16:59:00 Job terminated.
	(1) Normal termination (return value 0)
		Usr 0 00:23:14, Sys 0 00:00:16  -  Run Remote Usage
		Usr 0 00:00:00, Sys 0 00:00:00  -  Run Local Usage
		Usr 0 00:23:14, Sys 0 00:00:16  -  Total Remote Usage
		Usr 0 00:00:00, Sys 0 00:00:00  -  Total Local Usage
	0  -  Run Bytes Sent By Job
	0  -  Run Bytes Received By Job
	0  -  Total Bytes Sent By Job
	0  -  Total Bytes Received By Job
	Partitionable Resources :    Usage  Request Allocated 
	   admin_mutex_1         :                           0 
	   admin_mutex_2         :                           0 
	   admin_mutex_3         :                           0 
	   Cpus                  :     0.98        1         1 
	   Disk (KB)             :    10        2048      3072 
	   GPUs                  :                           0 
	   machine_token         :                           0 
	   Memory (MB)           :   760        6000      6016 
	   TimeExecute (s)       :  1449                       
	   TimeSlotBusy (s)      :  1449                       

	Job terminated of its own accord at 2026-06-02T21:59:00Z with exit-code 0.
...
