000 (19534591.000.000) 2026-06-02 15:52:41 Job submitted from host: <10.128.10.103:9618?addrs=10.128.10.103-9618&alias=npx-submitter.icecube.wisc.edu&noUDP&sock=schedd_2449_6386>
    DAG Node: Drootprod_20120722_47884
...
001 (19534591.000.000) 2026-06-02 16:37:25 Job executing on host: <10.128.10.187:34023?addrs=10.128.10.187-34023&alias=n-smepyc-00.icecube.wisc.edu>
	SlotName: slot1_27@n-smepyc-00.icecube.wisc.edu
	admin_mutex_1 = 0
	admin_mutex_2 = 0
	admin_mutex_3 = 0
	CondorScratchDir = "/scratch/condor/dir_1803346"
	Cpus = 1
	Disk = 3072
	GPUs = 0
	machine_token = 0
	Memory = 6016
...
006 (19534591.000.000) 2026-06-02 16:37:38 Image size of job updated: 120700
	118  -  MemoryUsage of job (MB)
	120700  -  ResidentSetSize of job (KB)
...
006 (19534591.000.000) 2026-06-02 16:42:38 Image size of job updated: 161936
	159  -  MemoryUsage of job (MB)
	161936  -  ResidentSetSize of job (KB)
...
006 (19534591.000.000) 2026-06-02 16:47:39 Image size of job updated: 413144
	404  -  MemoryUsage of job (MB)
	413144  -  ResidentSetSize of job (KB)
...
006 (19534591.000.000) 2026-06-02 16:52:39 Image size of job updated: 745304
	728  -  MemoryUsage of job (MB)
	745304  -  ResidentSetSize of job (KB)
...
006 (19534591.000.000) 2026-06-02 16:57:39 Image size of job updated: 804936
	787  -  MemoryUsage of job (MB)
	804936  -  ResidentSetSize of job (KB)
...
006 (19534591.000.000) 2026-06-02 16:58:50 Image size of job updated: 907640
	787  -  MemoryUsage of job (MB)
	804936  -  ResidentSetSize of job (KB)
...
005 (19534591.000.000) 2026-06-02 16:58:50 Job terminated.
	(1) Normal termination (return value 0)
		Usr 0 00:20:32, Sys 0 00:00:19  -  Run Remote Usage
		Usr 0 00:00:00, Sys 0 00:00:00  -  Run Local Usage
		Usr 0 00:20:32, Sys 0 00:00:19  -  Total Remote Usage
		Usr 0 00:00:00, Sys 0 00:00:00  -  Total Local Usage
	0  -  Run Bytes Sent By Job
	0  -  Run Bytes Received By Job
	0  -  Total Bytes Sent By Job
	0  -  Total Bytes Received By Job
	Partitionable Resources :    Usage  Request Allocated 
	   admin_mutex_1         :                           0 
	   admin_mutex_2         :                           0 
	   admin_mutex_3         :                           0 
	   Cpus                  :     0.99        1         1 
	   Disk (KB)             :    10        2048      3072 
	   GPUs                  :                           0 
	   machine_token         :                           0 
	   Memory (MB)           :   787        6000      6016 
	   TimeExecute (s)       :  1285                       
	   TimeSlotBusy (s)      :  1285                       

	Job terminated of its own accord at 2026-06-02T21:58:50Z with exit-code 0.
...
