000 (19533878.000.000) 2026-06-02 15:51:20 Job submitted from host: <10.128.10.103:9618?addrs=10.128.10.103-9618&alias=npx-submitter.icecube.wisc.edu&noUDP&sock=schedd_2449_6386>
    DAG Node: Drootprod_20120607_63007
...
001 (19533878.000.000) 2026-06-02 16:21:57 Job executing on host: <10.128.10.56:33421?addrs=10.128.10.56-33421&alias=n-m610-46.icecube.wisc.edu>
	SlotName: slot1_6@n-m610-46.icecube.wisc.edu
	admin_mutex_1 = 0
	admin_mutex_2 = 0
	admin_mutex_3 = 0
	CondorScratchDir = "/scratch/condor/dir_803727"
	Cpus = 1
	Disk = 3072
	GPUs = 0
	machine_token = 0
	Memory = 6016
...
006 (19533878.000.000) 2026-06-02 16:22:10 Image size of job updated: 121860
	120  -  MemoryUsage of job (MB)
	121860  -  ResidentSetSize of job (KB)
...
006 (19533878.000.000) 2026-06-02 16:27:10 Image size of job updated: 157244
	154  -  MemoryUsage of job (MB)
	157244  -  ResidentSetSize of job (KB)
...
006 (19533878.000.000) 2026-06-02 16:32:11 Image size of job updated: 285868
	280  -  MemoryUsage of job (MB)
	285868  -  ResidentSetSize of job (KB)
...
006 (19533878.000.000) 2026-06-02 16:37:12 Image size of job updated: 708968
	693  -  MemoryUsage of job (MB)
	708968  -  ResidentSetSize of job (KB)
...
006 (19533878.000.000) 2026-06-02 16:42:12 Image size of job updated: 760076
	743  -  MemoryUsage of job (MB)
	760076  -  ResidentSetSize of job (KB)
...
006 (19533878.000.000) 2026-06-02 16:46:47 Image size of job updated: 894932
	743  -  MemoryUsage of job (MB)
	760076  -  ResidentSetSize of job (KB)
...
005 (19533878.000.000) 2026-06-02 16:46:47 Job terminated.
	(1) Normal termination (return value 0)
		Usr 0 00:23:43, Sys 0 00:00:21  -  Run Remote Usage
		Usr 0 00:00:00, Sys 0 00:00:00  -  Run Local Usage
		Usr 0 00:23:43, Sys 0 00:00:21  -  Total Remote Usage
		Usr 0 00:00:00, Sys 0 00:00:00  -  Total Local Usage
	0  -  Run Bytes Sent By Job
	0  -  Run Bytes Received By Job
	0  -  Total Bytes Sent By Job
	0  -  Total Bytes Received By Job
	Partitionable Resources :    Usage  Request Allocated 
	   admin_mutex_1         :                           0 
	   admin_mutex_2         :                           0 
	   admin_mutex_3         :                           0 
	   Cpus                  :     0.99        1         1 
	   Disk (KB)             :    10        2048      3072 
	   GPUs                  :                           0 
	   machine_token         :                           0 
	   Memory (MB)           :   743        6000      6016 
	   TimeExecute (s)       :  1490                       
	   TimeSlotBusy (s)      :  1490                       

	Job terminated of its own accord at 2026-06-02T21:46:47Z with exit-code 0.
...
