000 (19534871.000.000) 2026-06-02 15:53:13 Job submitted from host: <10.128.10.103:9618?addrs=10.128.10.103-9618&alias=npx-submitter.icecube.wisc.edu&noUDP&sock=schedd_2449_6386>
    DAG Node: Drootprod_20120807_74475
...
001 (19534871.000.000) 2026-06-02 16:42:29 Job executing on host: <10.128.11.36:45179?addrs=10.128.11.36-45179&alias=n-smbc-17.icecube.wisc.edu>
	SlotName: slot1_15@n-smbc-17.icecube.wisc.edu
	admin_mutex_1 = 0
	admin_mutex_2 = 0
	admin_mutex_3 = 0
	CondorScratchDir = "/scratch/condor/dir_112557"
	Cpus = 1
	Disk = 3072
	GPUs = 0
	machine_token = 0
	Memory = 6016
...
006 (19534871.000.000) 2026-06-02 16:42:42 Image size of job updated: 122808
	120  -  MemoryUsage of job (MB)
	122808  -  ResidentSetSize of job (KB)
...
006 (19534871.000.000) 2026-06-02 16:47:42 Image size of job updated: 160704
	157  -  MemoryUsage of job (MB)
	160704  -  ResidentSetSize of job (KB)
...
006 (19534871.000.000) 2026-06-02 16:52:43 Image size of job updated: 291832
	285  -  MemoryUsage of job (MB)
	291832  -  ResidentSetSize of job (KB)
...
006 (19534871.000.000) 2026-06-02 16:57:43 Image size of job updated: 728292
	712  -  MemoryUsage of job (MB)
	728292  -  ResidentSetSize of job (KB)
...
006 (19534871.000.000) 2026-06-02 17:02:43 Image size of job updated: 778492
	761  -  MemoryUsage of job (MB)
	778492  -  ResidentSetSize of job (KB)
...
006 (19534871.000.000) 2026-06-02 17:05:19 Image size of job updated: 883676
	761  -  MemoryUsage of job (MB)
	778492  -  ResidentSetSize of job (KB)
...
005 (19534871.000.000) 2026-06-02 17:05:19 Job terminated.
	(1) Normal termination (return value 0)
		Usr 0 00:21:57, Sys 0 00:00:13  -  Run Remote Usage
		Usr 0 00:00:00, Sys 0 00:00:00  -  Run Local Usage
		Usr 0 00:21:57, Sys 0 00:00:13  -  Total Remote Usage
		Usr 0 00:00:00, Sys 0 00:00:00  -  Total Local Usage
	0  -  Run Bytes Sent By Job
	0  -  Run Bytes Received By Job
	0  -  Total Bytes Sent By Job
	0  -  Total Bytes Received By Job
	Partitionable Resources :    Usage  Request Allocated 
	   admin_mutex_1         :                           0 
	   admin_mutex_2         :                           0 
	   admin_mutex_3         :                           0 
	   Cpus                  :     1.00        1         1 
	   Disk (KB)             :    10        2048      3072 
	   GPUs                  :                           0 
	   machine_token         :                           0 
	   Memory (MB)           :   761        6000      6016 
	   TimeExecute (s)       :  1370                       
	   TimeSlotBusy (s)      :  1370                       

	Job terminated of its own accord at 2026-06-02T22:05:19Z with exit-code 0.
...
