000 (19535191.000.000) 2026-06-02 15:53:48 Job submitted from host: <10.128.10.103:9618?addrs=10.128.10.103-9618&alias=npx-submitter.icecube.wisc.edu&noUDP&sock=schedd_2449_6386>
    DAG Node: Drootprod_20120827_78775
...
001 (19535191.000.000) 2026-06-02 16:47:56 Job executing on host: <10.128.11.110:33229?addrs=10.128.11.110-33229&alias=n-r720-51.icecube.wisc.edu>
	SlotName: slot1_2@n-r720-51.icecube.wisc.edu
	admin_mutex_1 = 0
	admin_mutex_2 = 0
	admin_mutex_3 = 0
	CondorScratchDir = "/scratch/condor/dir_1502772"
	Cpus = 1
	Disk = 3717
	GPUs = 0
	machine_token = 0
	Memory = 6016
...
006 (19535191.000.000) 2026-06-02 16:48:09 Image size of job updated: 118760
	116  -  MemoryUsage of job (MB)
	118760  -  ResidentSetSize of job (KB)
...
006 (19535191.000.000) 2026-06-02 16:53:09 Image size of job updated: 143116
	140  -  MemoryUsage of job (MB)
	143116  -  ResidentSetSize of job (KB)
...
006 (19535191.000.000) 2026-06-02 16:58:10 Image size of job updated: 163180
	160  -  MemoryUsage of job (MB)
	163180  -  ResidentSetSize of job (KB)
...
006 (19535191.000.000) 2026-06-02 17:03:11 Image size of job updated: 279468
	273  -  MemoryUsage of job (MB)
	279468  -  ResidentSetSize of job (KB)
...
006 (19535191.000.000) 2026-06-02 17:08:11 Image size of job updated: 408628
	400  -  MemoryUsage of job (MB)
	408628  -  ResidentSetSize of job (KB)
...
006 (19535191.000.000) 2026-06-02 17:13:12 Image size of job updated: 569532
	557  -  MemoryUsage of job (MB)
	569532  -  ResidentSetSize of job (KB)
...
006 (19535191.000.000) 2026-06-02 17:18:13 Image size of job updated: 738776
	722  -  MemoryUsage of job (MB)
	738776  -  ResidentSetSize of job (KB)
...
006 (19535191.000.000) 2026-06-02 17:23:13 Image size of job updated: 764048
	747  -  MemoryUsage of job (MB)
	764048  -  ResidentSetSize of job (KB)
...
006 (19535191.000.000) 2026-06-02 17:27:48 Image size of job updated: 795672
	747  -  MemoryUsage of job (MB)
	764048  -  ResidentSetSize of job (KB)
...
005 (19535191.000.000) 2026-06-02 17:27:48 Job terminated.
	(1) Normal termination (return value 0)
		Usr 0 00:38:21, Sys 0 00:00:25  -  Run Remote Usage
		Usr 0 00:00:00, Sys 0 00:00:00  -  Run Local Usage
		Usr 0 00:38:21, Sys 0 00:00:25  -  Total Remote Usage
		Usr 0 00:00:00, Sys 0 00:00:00  -  Total Local Usage
	0  -  Run Bytes Sent By Job
	0  -  Run Bytes Received By Job
	0  -  Total Bytes Sent By Job
	0  -  Total Bytes Received By Job
	Partitionable Resources :    Usage  Request Allocated 
	   admin_mutex_1         :                           0 
	   admin_mutex_2         :                           0 
	   admin_mutex_3         :                           0 
	   Cpus                  :     0.97        1         1 
	   Disk (KB)             :    10        2048      3717 
	   GPUs                  :                           0 
	   machine_token         :                           0 
	   Memory (MB)           :   747        6000      6016 
	   TimeExecute (s)       :  2392                       
	   TimeSlotBusy (s)      :  2392                       

	Job terminated of its own accord at 2026-06-02T22:27:48Z with exit-code 0.
...
