000 (19532582.000.000) 2026-06-02 15:48:06 Job submitted from host: <10.128.10.103:9618?addrs=10.128.10.103-9618&alias=npx-submitter.icecube.wisc.edu&noUDP&sock=schedd_2449_6386>
    DAG Node: Drootprod_20120227_79597
...
001 (19532582.000.000) 2026-06-02 15:48:14 Job executing on host: <10.128.10.116:38163?addrs=10.128.10.116-38163&alias=n-gibyte-01.icecube.wisc.edu>
	SlotName: slot1_409@n-gibyte-01.icecube.wisc.edu
	admin_mutex_1 = 0
	admin_mutex_2 = 0
	admin_mutex_3 = 0
	CondorScratchDir = "/scratch/condor/dir_2356738"
	Cpus = 1
	Disk = 5480
	GPUs = 0
	machine_token = 0
	Memory = 6016
...
006 (19532582.000.000) 2026-06-02 15:48:23 Image size of job updated: 120476
	118  -  MemoryUsage of job (MB)
	120476  -  ResidentSetSize of job (KB)
...
006 (19532582.000.000) 2026-06-02 15:53:24 Image size of job updated: 142620
	140  -  MemoryUsage of job (MB)
	142620  -  ResidentSetSize of job (KB)
...
006 (19532582.000.000) 2026-06-02 15:58:24 Image size of job updated: 161892
	159  -  MemoryUsage of job (MB)
	161892  -  ResidentSetSize of job (KB)
...
006 (19532582.000.000) 2026-06-02 16:03:25 Image size of job updated: 275988
	270  -  MemoryUsage of job (MB)
	275988  -  ResidentSetSize of job (KB)
...
006 (19532582.000.000) 2026-06-02 16:08:25 Image size of job updated: 407208
	398  -  MemoryUsage of job (MB)
	407208  -  ResidentSetSize of job (KB)
...
006 (19532582.000.000) 2026-06-02 16:13:26 Image size of job updated: 424360
	415  -  MemoryUsage of job (MB)
	424360  -  ResidentSetSize of job (KB)
...
006 (19532582.000.000) 2026-06-02 16:18:26 Image size of job updated: 730140
	714  -  MemoryUsage of job (MB)
	730140  -  ResidentSetSize of job (KB)
...
022 (19532582.000.000) 2026-06-02 16:23:27 Job disconnected, attempting to reconnect
    Socket between submit and execute hosts closed unexpectedly
    Trying to reconnect to slot1_409@n-gibyte-01.icecube.wisc.edu <10.128.10.116:38163?addrs=10.128.10.116-38163&alias=n-gibyte-01.icecube.wisc.edu>
...
024 (19532582.000.000) 2026-06-02 17:03:27 Job reconnection failed
    Job disconnected too long: JobLeaseDuration (2400 seconds) expired
    Can not reconnect to slot1_409@n-gibyte-01.icecube.wisc.edu, rescheduling job
...
004 (19532582.000.000) 2026-06-02 17:03:37 Job was evicted.
	(0) CPU times
		Usr 0 00:29:00, Sys 0 00:00:16  -  Run Remote Usage
		Usr 0 00:00:00, Sys 0 00:00:00  -  Run Local Usage
	0  -  Run Bytes Sent By Job
	0  -  Run Bytes Received By Job
	Job disconnected too long: JobLeaseDuration (2400 seconds) expired
	Partitionable Resources :    Usage  Request Allocated 
	   admin_mutex_1         :                           0 
	   admin_mutex_2         :                           0 
	   admin_mutex_3         :                           0 
	   Cpus                  :     0.99        1         1 
	   Disk (KB)             :    10        2048      5480 
	   GPUs                  :                           0 
	   machine_token         :                           0 
	   Memory (MB)           :   714        6000      6016 
...
001 (19532582.000.000) 2026-06-02 17:05:29 Job executing on host: <10.128.10.115:33587?addrs=10.128.10.115-33587&alias=n-gibyte-00.icecube.wisc.edu>
	SlotName: slot1_100@n-gibyte-00.icecube.wisc.edu
	admin_mutex_1 = 0
	admin_mutex_2 = 0
	admin_mutex_3 = 0
	CondorScratchDir = "/scratch/condor/dir_2305817"
	Cpus = 1
	Disk = 5480
	GPUs = 0
	machine_token = 0
	Memory = 6016
...
006 (19532582.000.000) 2026-06-02 17:40:45 Image size of job updated: 773032
	755  -  MemoryUsage of job (MB)
	773032  -  ResidentSetSize of job (KB)
...
006 (19532582.000.000) 2026-06-02 17:43:38 Image size of job updated: 799024
	755  -  MemoryUsage of job (MB)
	773032  -  ResidentSetSize of job (KB)
...
005 (19532582.000.000) 2026-06-02 17:43:38 Job terminated.
	(1) Normal termination (return value 0)
		Usr 0 00:36:36, Sys 0 00:00:25  -  Run Remote Usage
		Usr 0 00:00:00, Sys 0 00:00:00  -  Run Local Usage
		Usr 0 01:05:36, Sys 0 00:00:41  -  Total Remote Usage
		Usr 0 00:00:00, Sys 0 00:00:00  -  Total Local Usage
	0  -  Run Bytes Sent By Job
	0  -  Run Bytes Received By Job
	0  -  Total Bytes Sent By Job
	0  -  Total Bytes Received By Job
	Partitionable Resources :    Usage  Request Allocated 
	   admin_mutex_1         :                           0 
	   admin_mutex_2         :                           0 
	   admin_mutex_3         :                           0 
	   Cpus                  :     0.98        1         1 
	   Disk (KB)             :    10        2048      5480 
	   GPUs                  :                           0 
	   machine_token         :                           0 
	   Memory (MB)           :   755        6000      6016 
	   TimeExecute (s)       :  2289                       
	   TimeSlotBusy (s)      :  2290                       

	Job terminated of its own accord at 2026-06-02T22:43:38Z with exit-code 0.
...
