000 (19535365.000.000) 2026-06-02 15:54:10 Job submitted from host: <10.128.10.103:9618?addrs=10.128.10.103-9618&alias=npx-submitter.icecube.wisc.edu&noUDP&sock=schedd_2449_6386>
    DAG Node: Drootprod_20120907_24211
...
001 (19535365.000.000) 2026-06-02 16:52:00 Job executing on host: <10.128.10.117:43719?addrs=10.128.10.117-43719&alias=n-gibyte-02.icecube.wisc.edu>
	SlotName: slot1_187@n-gibyte-02.icecube.wisc.edu
	admin_mutex_1 = 0
	admin_mutex_2 = 0
	admin_mutex_3 = 0
	CondorScratchDir = "/scratch/condor/dir_3544023"
	Cpus = 1
	Disk = 5480
	GPUs = 0
	machine_token = 0
	Memory = 6016
...
006 (19535365.000.000) 2026-06-02 16:52:14 Image size of job updated: 119704
	117  -  MemoryUsage of job (MB)
	119704  -  ResidentSetSize of job (KB)
...
006 (19535365.000.000) 2026-06-02 16:57:15 Image size of job updated: 139516
	137  -  MemoryUsage of job (MB)
	139516  -  ResidentSetSize of job (KB)
...
006 (19535365.000.000) 2026-06-02 17:02:15 Image size of job updated: 155944
	153  -  MemoryUsage of job (MB)
	155944  -  ResidentSetSize of job (KB)
...
006 (19535365.000.000) 2026-06-02 17:07:16 Image size of job updated: 171908
	168  -  MemoryUsage of job (MB)
	171908  -  ResidentSetSize of job (KB)
...
006 (19535365.000.000) 2026-06-02 17:12:16 Image size of job updated: 285196
	279  -  MemoryUsage of job (MB)
	285196  -  ResidentSetSize of job (KB)
...
006 (19535365.000.000) 2026-06-02 17:17:17 Image size of job updated: 412820
	404  -  MemoryUsage of job (MB)
	412820  -  ResidentSetSize of job (KB)
...
006 (19535365.000.000) 2026-06-02 17:22:17 Image size of job updated: 708244
	692  -  MemoryUsage of job (MB)
	708244  -  ResidentSetSize of job (KB)
...
006 (19535365.000.000) 2026-06-02 17:27:18 Image size of job updated: 736056
	719  -  MemoryUsage of job (MB)
	736056  -  ResidentSetSize of job (KB)
...
006 (19535365.000.000) 2026-06-02 17:32:18 Image size of job updated: 761076
	744  -  MemoryUsage of job (MB)
	761076  -  ResidentSetSize of job (KB)
...
006 (19535365.000.000) 2026-06-02 17:37:19 Image size of job updated: 782248
	764  -  MemoryUsage of job (MB)
	782248  -  ResidentSetSize of job (KB)
...
006 (19535365.000.000) 2026-06-02 17:41:06 Image size of job updated: 836896
	764  -  MemoryUsage of job (MB)
	782248  -  ResidentSetSize of job (KB)
...
005 (19535365.000.000) 2026-06-02 17:41:06 Job terminated.
	(1) Normal termination (return value 0)
		Usr 0 00:47:20, Sys 0 00:00:27  -  Run Remote Usage
		Usr 0 00:00:00, Sys 0 00:00:00  -  Run Local Usage
		Usr 0 00:47:20, Sys 0 00:00:27  -  Total Remote Usage
		Usr 0 00:00:00, Sys 0 00:00:00  -  Total Local Usage
	0  -  Run Bytes Sent By Job
	0  -  Run Bytes Received By Job
	0  -  Total Bytes Sent By Job
	0  -  Total Bytes Received By Job
	Partitionable Resources :    Usage  Request Allocated 
	   admin_mutex_1         :                           0 
	   admin_mutex_2         :                           0 
	   admin_mutex_3         :                           0 
	   Cpus                  :     0.98        1         1 
	   Disk (KB)             :    10        2048      5480 
	   GPUs                  :                           0 
	   machine_token         :                           0 
	   Memory (MB)           :   764        6000      6016 
	   TimeExecute (s)       :  2946                       
	   TimeSlotBusy (s)      :  2947                       

	Job terminated of its own accord at 2026-06-02T22:41:06Z with exit-code 0.
...
