000 (19532261.000.000) 2026-06-02 15:46:46 Job submitted from host: <10.128.10.103:9618?addrs=10.128.10.103-9618&alias=npx-submitter.icecube.wisc.edu&noUDP&sock=schedd_2449_6386>
    DAG Node: Drootprod_20120114_27404
...
001 (19532261.000.000) 2026-06-02 15:46:55 Job executing on host: <10.128.10.117:43719?addrs=10.128.10.117-43719&alias=n-gibyte-02.icecube.wisc.edu>
	SlotName: slot1_477@n-gibyte-02.icecube.wisc.edu
	admin_mutex_1 = 0
	admin_mutex_2 = 0
	admin_mutex_3 = 0
	CondorScratchDir = "/scratch/condor/dir_3290776"
	Cpus = 1
	Disk = 5480
	GPUs = 0
	machine_token = 0
	Memory = 6016
...
006 (19532261.000.000) 2026-06-02 15:47:08 Image size of job updated: 119036
	117  -  MemoryUsage of job (MB)
	119036  -  ResidentSetSize of job (KB)
...
006 (19532261.000.000) 2026-06-02 15:52:08 Image size of job updated: 141300
	138  -  MemoryUsage of job (MB)
	141300  -  ResidentSetSize of job (KB)
...
006 (19532261.000.000) 2026-06-02 15:57:09 Image size of job updated: 160532
	157  -  MemoryUsage of job (MB)
	160532  -  ResidentSetSize of job (KB)
...
006 (19532261.000.000) 2026-06-02 16:02:09 Image size of job updated: 272376
	266  -  MemoryUsage of job (MB)
	272376  -  ResidentSetSize of job (KB)
...
006 (19532261.000.000) 2026-06-02 16:07:09 Image size of job updated: 290520
	284  -  MemoryUsage of job (MB)
	290520  -  ResidentSetSize of job (KB)
...
006 (19532261.000.000) 2026-06-02 16:12:10 Image size of job updated: 420488
	411  -  MemoryUsage of job (MB)
	420488  -  ResidentSetSize of job (KB)
...
006 (19532261.000.000) 2026-06-02 16:15:04 Image size of job updated: 718052
	411  -  MemoryUsage of job (MB)
	420488  -  ResidentSetSize of job (KB)
...
005 (19532261.000.000) 2026-06-02 16:15:04 Job terminated.
	(1) Normal termination (return value 0)
		Usr 0 00:26:52, Sys 0 00:00:18  -  Run Remote Usage
		Usr 0 00:00:00, Sys 0 00:00:00  -  Run Local Usage
		Usr 0 00:26:52, Sys 0 00:00:18  -  Total Remote Usage
		Usr 0 00:00:00, Sys 0 00:00:00  -  Total Local Usage
	0  -  Run Bytes Sent By Job
	0  -  Run Bytes Received By Job
	0  -  Total Bytes Sent By Job
	0  -  Total Bytes Received By Job
	Partitionable Resources :    Usage  Request Allocated 
	   admin_mutex_1         :                           0 
	   admin_mutex_2         :                           0 
	   admin_mutex_3         :                           0 
	   Cpus                  :     0.98        1         1 
	   Disk (KB)             :     7        2048      5480 
	   GPUs                  :                           0 
	   machine_token         :                           0 
	   Memory (MB)           :   411        6000      6016 
	   TimeExecute (s)       :  1689                       
	   TimeSlotBusy (s)      :  1690                       

	Job terminated of its own accord at 2026-06-02T21:15:04Z with exit-code 0.
...
