000 (19532563.000.000) 2026-06-02 15:48:03 Job submitted from host: <10.128.10.103:9618?addrs=10.128.10.103-9618&alias=npx-submitter.icecube.wisc.edu&noUDP&sock=schedd_2449_6386>
    DAG Node: Drootprod_20120224_74614
...
001 (19532563.000.000) 2026-06-02 15:48:09 Job executing on host: <10.128.10.116:38163?addrs=10.128.10.116-38163&alias=n-gibyte-01.icecube.wisc.edu>
	SlotName: slot1_394@n-gibyte-01.icecube.wisc.edu
	admin_mutex_1 = 0
	admin_mutex_2 = 0
	admin_mutex_3 = 0
	CondorScratchDir = "/scratch/condor/dir_2354489"
	Cpus = 1
	Disk = 5480
	GPUs = 0
	machine_token = 0
	Memory = 6016
...
006 (19532563.000.000) 2026-06-02 15:48:17 Image size of job updated: 119396
	117  -  MemoryUsage of job (MB)
	119396  -  ResidentSetSize of job (KB)
...
006 (19532563.000.000) 2026-06-02 15:53:17 Image size of job updated: 141516
	139  -  MemoryUsage of job (MB)
	141516  -  ResidentSetSize of job (KB)
...
006 (19532563.000.000) 2026-06-02 15:58:18 Image size of job updated: 160648
	157  -  MemoryUsage of job (MB)
	160648  -  ResidentSetSize of job (KB)
...
006 (19532563.000.000) 2026-06-02 16:03:19 Image size of job updated: 272820
	267  -  MemoryUsage of job (MB)
	272820  -  ResidentSetSize of job (KB)
...
006 (19532563.000.000) 2026-06-02 16:08:19 Image size of job updated: 292372
	286  -  MemoryUsage of job (MB)
	292372  -  ResidentSetSize of job (KB)
...
006 (19532563.000.000) 2026-06-02 16:13:20 Image size of job updated: 420864
	411  -  MemoryUsage of job (MB)
	420864  -  ResidentSetSize of job (KB)
...
006 (19532563.000.000) 2026-06-02 16:18:20 Image size of job updated: 725728
	709  -  MemoryUsage of job (MB)
	725728  -  ResidentSetSize of job (KB)
...
006 (19532563.000.000) 2026-06-02 16:23:21 Image size of job updated: 748556
	732  -  MemoryUsage of job (MB)
	748556  -  ResidentSetSize of job (KB)
...
022 (19532563.000.000) 2026-06-02 16:23:27 Job disconnected, attempting to reconnect
    Socket between submit and execute hosts closed unexpectedly
    Trying to reconnect to slot1_394@n-gibyte-01.icecube.wisc.edu <10.128.10.116:38163?addrs=10.128.10.116-38163&alias=n-gibyte-01.icecube.wisc.edu>
...
024 (19532563.000.000) 2026-06-02 17:03:27 Job reconnection failed
    Job disconnected too long: JobLeaseDuration (2400 seconds) expired
    Can not reconnect to slot1_394@n-gibyte-01.icecube.wisc.edu, rescheduling job
...
004 (19532563.000.000) 2026-06-02 17:03:37 Job was evicted.
	(0) CPU times
		Usr 0 00:33:39, Sys 0 00:00:19  -  Run Remote Usage
		Usr 0 00:00:00, Sys 0 00:00:00  -  Run Local Usage
	0  -  Run Bytes Sent By Job
	0  -  Run Bytes Received By Job
	Job disconnected too long: JobLeaseDuration (2400 seconds) expired
	Partitionable Resources :    Usage  Request Allocated 
	   admin_mutex_1         :                           0 
	   admin_mutex_2         :                           0 
	   admin_mutex_3         :                           0 
	   Cpus                  :     0.99        1         1 
	   Disk (KB)             :    10        2048      5480 
	   GPUs                  :                           0 
	   machine_token         :                           0 
	   Memory (MB)           :   732        6000      6016 
...
001 (19532563.000.000) 2026-06-02 17:05:06 Job executing on host: <10.128.10.187:34023?addrs=10.128.10.187-34023&alias=n-smepyc-00.icecube.wisc.edu>
	SlotName: slot1_44@n-smepyc-00.icecube.wisc.edu
	admin_mutex_1 = 0
	admin_mutex_2 = 0
	admin_mutex_3 = 0
	CondorScratchDir = "/scratch/condor/dir_1908691"
	Cpus = 1
	Disk = 3072
	GPUs = 0
	machine_token = 0
	Memory = 6016
...
006 (19532563.000.000) 2026-06-02 17:20:22 Image size of job updated: 754248
	737  -  MemoryUsage of job (MB)
	754248  -  ResidentSetSize of job (KB)
...
006 (19532563.000.000) 2026-06-02 17:24:34 Image size of job updated: 833360
	737  -  MemoryUsage of job (MB)
	754248  -  ResidentSetSize of job (KB)
...
005 (19532563.000.000) 2026-06-02 17:24:34 Job terminated.
	(1) Normal termination (return value 0)
		Usr 0 00:18:36, Sys 0 00:00:17  -  Run Remote Usage
		Usr 0 00:00:00, Sys 0 00:00:00  -  Run Local Usage
		Usr 0 00:52:15, Sys 0 00:00:36  -  Total Remote Usage
		Usr 0 00:00:00, Sys 0 00:00:00  -  Total Local Usage
	0  -  Run Bytes Sent By Job
	0  -  Run Bytes Received By Job
	0  -  Total Bytes Sent By Job
	0  -  Total Bytes Received By Job
	Partitionable Resources :    Usage  Request Allocated 
	   admin_mutex_1         :                           0 
	   admin_mutex_2         :                           0 
	   admin_mutex_3         :                           0 
	   Cpus                  :     0.98        1         1 
	   Disk (KB)             :    10        2048      3072 
	   GPUs                  :                           0 
	   machine_token         :                           0 
	   Memory (MB)           :   737        6000      6016 
	   TimeExecute (s)       :  1168                       
	   TimeSlotBusy (s)      :  1168                       

	Job terminated of its own accord at 2026-06-02T22:24:34Z with exit-code 0.
...
