000 (19532856.000.000) 2026-06-02 15:48:58 Job submitted from host: <10.128.10.103:9618?addrs=10.128.10.103-9618&alias=npx-submitter.icecube.wisc.edu&noUDP&sock=schedd_2449_6386>
    DAG Node: Drootprod_20120324_41553
...
001 (19532856.000.000) 2026-06-02 15:55:09 Job executing on host: <10.128.10.115:33587?addrs=10.128.10.115-33587&alias=n-gibyte-00.icecube.wisc.edu>
	SlotName: slot1_142@n-gibyte-00.icecube.wisc.edu
	admin_mutex_1 = 0
	admin_mutex_2 = 0
	admin_mutex_3 = 0
	CondorScratchDir = "/scratch/condor/dir_2040101"
	Cpus = 1
	Disk = 5480
	GPUs = 0
	machine_token = 0
	Memory = 6016
...
006 (19532856.000.000) 2026-06-02 15:55:23 Image size of job updated: 120896
	119  -  MemoryUsage of job (MB)
	120896  -  ResidentSetSize of job (KB)
...
006 (19532856.000.000) 2026-06-02 16:00:24 Image size of job updated: 145524
	143  -  MemoryUsage of job (MB)
	145524  -  ResidentSetSize of job (KB)
...
006 (19532856.000.000) 2026-06-02 16:05:24 Image size of job updated: 165992
	163  -  MemoryUsage of job (MB)
	165992  -  ResidentSetSize of job (KB)
...
006 (19532856.000.000) 2026-06-02 16:10:25 Image size of job updated: 284092
	278  -  MemoryUsage of job (MB)
	284092  -  ResidentSetSize of job (KB)
...
006 (19532856.000.000) 2026-06-02 16:15:26 Image size of job updated: 413852
	405  -  MemoryUsage of job (MB)
	413852  -  ResidentSetSize of job (KB)
...
006 (19532856.000.000) 2026-06-02 16:20:26 Image size of job updated: 717456
	701  -  MemoryUsage of job (MB)
	717456  -  ResidentSetSize of job (KB)
...
006 (19532856.000.000) 2026-06-02 16:25:27 Image size of job updated: 743824
	727  -  MemoryUsage of job (MB)
	743824  -  ResidentSetSize of job (KB)
...
006 (19532856.000.000) 2026-06-02 16:30:27 Image size of job updated: 768940
	751  -  MemoryUsage of job (MB)
	768940  -  ResidentSetSize of job (KB)
...
006 (19532856.000.000) 2026-06-02 16:35:28 Image size of job updated: 802192
	784  -  MemoryUsage of job (MB)
	802192  -  ResidentSetSize of job (KB)
...
006 (19532856.000.000) 2026-06-02 16:39:38 Image size of job updated: 884092
	784  -  MemoryUsage of job (MB)
	802192  -  ResidentSetSize of job (KB)
...
005 (19532856.000.000) 2026-06-02 16:39:38 Job terminated.
	(1) Normal termination (return value 0)
		Usr 0 00:42:11, Sys 0 00:00:30  -  Run Remote Usage
		Usr 0 00:00:00, Sys 0 00:00:00  -  Run Local Usage
		Usr 0 00:42:11, Sys 0 00:00:30  -  Total Remote Usage
		Usr 0 00:00:00, Sys 0 00:00:00  -  Total Local Usage
	0  -  Run Bytes Sent By Job
	0  -  Run Bytes Received By Job
	0  -  Total Bytes Sent By Job
	0  -  Total Bytes Received By Job
	Partitionable Resources :    Usage  Request Allocated 
	   admin_mutex_1         :                           0 
	   admin_mutex_2         :                           0 
	   admin_mutex_3         :                           0 
	   Cpus                  :     0.99        1         1 
	   Disk (KB)             :    12        2048      5480 
	   GPUs                  :                           0 
	   machine_token         :                           0 
	   Memory (MB)           :   784        6000      6016 
	   TimeExecute (s)       :  2669                       
	   TimeSlotBusy (s)      :  2669                       

	Job terminated of its own accord at 2026-06-02T21:39:38Z with exit-code 0.
...
