000 (19536972.000.000) 2026-06-02 15:57:38 Job submitted from host: <10.128.10.103:9618?addrs=10.128.10.103-9618&alias=npx-submitter.icecube.wisc.edu&noUDP&sock=schedd_2449_6386>
    DAG Node: Drootprod_20121227_58069
...
001 (19536972.000.000) 2026-06-02 17:30:06 Job executing on host: <10.128.10.189:44027?addrs=10.128.10.189-44027&alias=n-smepyc-02.icecube.wisc.edu>
	SlotName: slot1_68@n-smepyc-02.icecube.wisc.edu
	admin_mutex_1 = 0
	admin_mutex_2 = 0
	admin_mutex_3 = 0
	CondorScratchDir = "/scratch/condor/dir_608474"
	Cpus = 1
	Disk = 3072
	GPUs = 0
	machine_token = 0
	Memory = 6016
...
006 (19536972.000.000) 2026-06-02 17:30:19 Image size of job updated: 123288
	121  -  MemoryUsage of job (MB)
	123288  -  ResidentSetSize of job (KB)
...
006 (19536972.000.000) 2026-06-02 17:35:19 Image size of job updated: 171636
	168  -  MemoryUsage of job (MB)
	171636  -  ResidentSetSize of job (KB)
...
006 (19536972.000.000) 2026-06-02 17:40:20 Image size of job updated: 423788
	414  -  MemoryUsage of job (MB)
	423788  -  ResidentSetSize of job (KB)
...
006 (19536972.000.000) 2026-06-02 17:44:17 Image size of job updated: 752840
	414  -  MemoryUsage of job (MB)
	423788  -  ResidentSetSize of job (KB)
...
005 (19536972.000.000) 2026-06-02 17:44:17 Job terminated.
	(1) Normal termination (return value 0)
		Usr 0 00:13:32, Sys 0 00:00:13  -  Run Remote Usage
		Usr 0 00:00:00, Sys 0 00:00:00  -  Run Local Usage
		Usr 0 00:13:32, Sys 0 00:00:13  -  Total Remote Usage
		Usr 0 00:00:00, Sys 0 00:00:00  -  Total Local Usage
	0  -  Run Bytes Sent By Job
	0  -  Run Bytes Received By Job
	0  -  Total Bytes Sent By Job
	0  -  Total Bytes Received By Job
	Partitionable Resources :    Usage  Request Allocated 
	   admin_mutex_1         :                           0 
	   admin_mutex_2         :                           0 
	   admin_mutex_3         :                           0 
	   Cpus                  :     0.98        1         1 
	   Disk (KB)             :    12        2048      3072 
	   GPUs                  :                           0 
	   machine_token         :                           0 
	   Memory (MB)           :   414        6000      6016 
	   TimeExecute (s)       :   851                       
	   TimeSlotBusy (s)      :   851                       

	Job terminated of its own accord at 2026-06-02T22:44:17Z with exit-code 0.
...
