000 (19535853.000.000) 2026-06-02 15:55:13 Job submitted from host: <10.128.10.103:9618?addrs=10.128.10.103-9618&alias=npx-submitter.icecube.wisc.edu&noUDP&sock=schedd_2449_6386>
    DAG Node: Drootprod_20121010_37927
...
001 (19535853.000.000) 2026-06-02 17:00:49 Job executing on host: <10.128.10.115:33587?addrs=10.128.10.115-33587&alias=n-gibyte-00.icecube.wisc.edu>
	SlotName: slot1_61@n-gibyte-00.icecube.wisc.edu
	admin_mutex_1 = 0
	admin_mutex_2 = 0
	admin_mutex_3 = 0
	CondorScratchDir = "/scratch/condor/dir_2286230"
	Cpus = 1
	Disk = 5480
	GPUs = 0
	machine_token = 0
	Memory = 6016
...
006 (19535853.000.000) 2026-06-02 17:01:02 Image size of job updated: 103976
	102  -  MemoryUsage of job (MB)
	103976  -  ResidentSetSize of job (KB)
...
006 (19535853.000.000) 2026-06-02 17:06:02 Image size of job updated: 140696
	138  -  MemoryUsage of job (MB)
	140696  -  ResidentSetSize of job (KB)
...
006 (19535853.000.000) 2026-06-02 17:11:03 Image size of job updated: 159532
	156  -  MemoryUsage of job (MB)
	159532  -  ResidentSetSize of job (KB)
...
006 (19535853.000.000) 2026-06-02 17:16:03 Image size of job updated: 272896
	267  -  MemoryUsage of job (MB)
	272896  -  ResidentSetSize of job (KB)
...
006 (19535853.000.000) 2026-06-02 17:21:04 Image size of job updated: 289516
	283  -  MemoryUsage of job (MB)
	289516  -  ResidentSetSize of job (KB)
...
006 (19535853.000.000) 2026-06-02 17:26:04 Image size of job updated: 419420
	410  -  MemoryUsage of job (MB)
	419420  -  ResidentSetSize of job (KB)
...
006 (19535853.000.000) 2026-06-02 17:31:05 Image size of job updated: 711572
	695  -  MemoryUsage of job (MB)
	711572  -  ResidentSetSize of job (KB)
...
006 (19535853.000.000) 2026-06-02 17:34:44 Image size of job updated: 747988
	695  -  MemoryUsage of job (MB)
	711572  -  ResidentSetSize of job (KB)
...
005 (19535853.000.000) 2026-06-02 17:34:44 Job terminated.
	(1) Normal termination (return value 0)
		Usr 0 00:32:31, Sys 0 00:00:20  -  Run Remote Usage
		Usr 0 00:00:00, Sys 0 00:00:00  -  Run Local Usage
		Usr 0 00:32:31, Sys 0 00:00:20  -  Total Remote Usage
		Usr 0 00:00:00, Sys 0 00:00:00  -  Total Local Usage
	0  -  Run Bytes Sent By Job
	0  -  Run Bytes Received By Job
	0  -  Total Bytes Sent By Job
	0  -  Total Bytes Received By Job
	Partitionable Resources :    Usage  Request Allocated 
	   admin_mutex_1         :                           0 
	   admin_mutex_2         :                           0 
	   admin_mutex_3         :                           0 
	   Cpus                  :     0.99        1         1 
	   Disk (KB)             :     7        2048      5480 
	   GPUs                  :                           0 
	   machine_token         :                           0 
	   Memory (MB)           :   695        6000      6016 
	   TimeExecute (s)       :  2035                       
	   TimeSlotBusy (s)      :  2036                       

	Job terminated of its own accord at 2026-06-02T22:34:44Z with exit-code 0.
...
