000 (19535181.000.000) 2026-06-02 15:53:47 Job submitted from host: <10.128.10.103:9618?addrs=10.128.10.103-9618&alias=npx-submitter.icecube.wisc.edu&noUDP&sock=schedd_2449_6386>
    DAG Node: Drootprod_20120826_23377
...
001 (19535181.000.000) 2026-06-02 16:47:41 Job executing on host: <10.128.10.117:43719?addrs=10.128.10.117-43719&alias=n-gibyte-02.icecube.wisc.edu>
	SlotName: slot1_462@n-gibyte-02.icecube.wisc.edu
	admin_mutex_1 = 0
	admin_mutex_2 = 0
	admin_mutex_3 = 0
	CondorScratchDir = "/scratch/condor/dir_3526335"
	Cpus = 1
	Disk = 5480
	GPUs = 0
	machine_token = 0
	Memory = 6016
...
006 (19535181.000.000) 2026-06-02 16:47:55 Image size of job updated: 119680
	117  -  MemoryUsage of job (MB)
	119680  -  ResidentSetSize of job (KB)
...
006 (19535181.000.000) 2026-06-02 16:52:56 Image size of job updated: 142036
	139  -  MemoryUsage of job (MB)
	142036  -  ResidentSetSize of job (KB)
...
006 (19535181.000.000) 2026-06-02 16:57:56 Image size of job updated: 161760
	158  -  MemoryUsage of job (MB)
	161760  -  ResidentSetSize of job (KB)
...
006 (19535181.000.000) 2026-06-02 17:02:57 Image size of job updated: 273768
	268  -  MemoryUsage of job (MB)
	273768  -  ResidentSetSize of job (KB)
...
006 (19535181.000.000) 2026-06-02 17:07:57 Image size of job updated: 291532
	285  -  MemoryUsage of job (MB)
	291532  -  ResidentSetSize of job (KB)
...
006 (19535181.000.000) 2026-06-02 17:12:58 Image size of job updated: 420940
	412  -  MemoryUsage of job (MB)
	420940  -  ResidentSetSize of job (KB)
...
006 (19535181.000.000) 2026-06-02 17:17:58 Image size of job updated: 724624
	708  -  MemoryUsage of job (MB)
	724624  -  ResidentSetSize of job (KB)
...
006 (19535181.000.000) 2026-06-02 17:22:59 Image size of job updated: 747488
	730  -  MemoryUsage of job (MB)
	747488  -  ResidentSetSize of job (KB)
...
006 (19535181.000.000) 2026-06-02 17:27:59 Image size of job updated: 770256
	753  -  MemoryUsage of job (MB)
	770256  -  ResidentSetSize of job (KB)
...
006 (19535181.000.000) 2026-06-02 17:32:39 Image size of job updated: 808380
	753  -  MemoryUsage of job (MB)
	770256  -  ResidentSetSize of job (KB)
...
005 (19535181.000.000) 2026-06-02 17:32:39 Job terminated.
	(1) Normal termination (return value 0)
		Usr 0 00:43:13, Sys 0 00:00:27  -  Run Remote Usage
		Usr 0 00:00:00, Sys 0 00:00:00  -  Run Local Usage
		Usr 0 00:43:13, Sys 0 00:00:27  -  Total Remote Usage
		Usr 0 00:00:00, Sys 0 00:00:00  -  Total Local Usage
	0  -  Run Bytes Sent By Job
	0  -  Run Bytes Received By Job
	0  -  Total Bytes Sent By Job
	0  -  Total Bytes Received By Job
	Partitionable Resources :    Usage  Request Allocated 
	   admin_mutex_1         :                           0 
	   admin_mutex_2         :                           0 
	   admin_mutex_3         :                           0 
	   Cpus                  :     0.97        1         1 
	   Disk (KB)             :    10        2048      5480 
	   GPUs                  :                           0 
	   machine_token         :                           0 
	   Memory (MB)           :   753        6000      6016 
	   TimeExecute (s)       :  2698                       
	   TimeSlotBusy (s)      :  2699                       

	Job terminated of its own accord at 2026-06-02T22:32:39Z with exit-code 0.
...
