000 (19532521.000.000) 2026-06-02 15:47:53 Job submitted from host: <10.128.10.103:9618?addrs=10.128.10.103-9618&alias=npx-submitter.icecube.wisc.edu&noUDP&sock=schedd_2449_6386>
    DAG Node: Drootprod_20120219_42908
...
001 (19532521.000.000) 2026-06-02 15:47:58 Job executing on host: <10.128.10.116:38163?addrs=10.128.10.116-38163&alias=n-gibyte-01.icecube.wisc.edu>
	SlotName: slot1_363@n-gibyte-01.icecube.wisc.edu
	admin_mutex_1 = 0
	admin_mutex_2 = 0
	admin_mutex_3 = 0
	CondorScratchDir = "/scratch/condor/dir_2349793"
	Cpus = 1
	Disk = 5480
	GPUs = 0
	machine_token = 0
	Memory = 6016
...
006 (19532521.000.000) 2026-06-02 15:48:06 Image size of job updated: 119800
	117  -  MemoryUsage of job (MB)
	119800  -  ResidentSetSize of job (KB)
...
006 (19532521.000.000) 2026-06-02 15:53:06 Image size of job updated: 141740
	139  -  MemoryUsage of job (MB)
	141740  -  ResidentSetSize of job (KB)
...
006 (19532521.000.000) 2026-06-02 15:58:07 Image size of job updated: 159764
	157  -  MemoryUsage of job (MB)
	159764  -  ResidentSetSize of job (KB)
...
006 (19532521.000.000) 2026-06-02 16:03:07 Image size of job updated: 271520
	266  -  MemoryUsage of job (MB)
	271520  -  ResidentSetSize of job (KB)
...
006 (19532521.000.000) 2026-06-02 16:08:08 Image size of job updated: 290328
	284  -  MemoryUsage of job (MB)
	290328  -  ResidentSetSize of job (KB)
...
006 (19532521.000.000) 2026-06-02 16:13:08 Image size of job updated: 418632
	409  -  MemoryUsage of job (MB)
	418632  -  ResidentSetSize of job (KB)
...
006 (19532521.000.000) 2026-06-02 16:18:09 Image size of job updated: 721408
	705  -  MemoryUsage of job (MB)
	721408  -  ResidentSetSize of job (KB)
...
006 (19532521.000.000) 2026-06-02 16:23:09 Image size of job updated: 743824
	727  -  MemoryUsage of job (MB)
	743824  -  ResidentSetSize of job (KB)
...
022 (19532521.000.000) 2026-06-02 16:23:27 Job disconnected, attempting to reconnect
    Socket between submit and execute hosts closed unexpectedly
    Trying to reconnect to slot1_363@n-gibyte-01.icecube.wisc.edu <10.128.10.116:38163?addrs=10.128.10.116-38163&alias=n-gibyte-01.icecube.wisc.edu>
...
024 (19532521.000.000) 2026-06-02 17:03:27 Job reconnection failed
    Job disconnected too long: JobLeaseDuration (2400 seconds) expired
    Can not reconnect to slot1_363@n-gibyte-01.icecube.wisc.edu, rescheduling job
...
004 (19532521.000.000) 2026-06-02 17:03:37 Job was evicted.
	(0) CPU times
		Usr 0 00:33:37, Sys 0 00:00:19  -  Run Remote Usage
		Usr 0 00:00:00, Sys 0 00:00:00  -  Run Local Usage
	0  -  Run Bytes Sent By Job
	0  -  Run Bytes Received By Job
	Job disconnected too long: JobLeaseDuration (2400 seconds) expired
	Partitionable Resources :    Usage  Request Allocated 
	   admin_mutex_1         :                           0 
	   admin_mutex_2         :                           0 
	   admin_mutex_3         :                           0 
	   Cpus                  :     0.91        1         1 
	   Disk (KB)             :    10        2048      5480 
	   GPUs                  :                           0 
	   machine_token         :                           0 
	   Memory (MB)           :   727        6000      6016 
...
001 (19532521.000.000) 2026-06-02 17:04:46 Job executing on host: <10.128.10.187:34023?addrs=10.128.10.187-34023&alias=n-smepyc-00.icecube.wisc.edu>
	SlotName: slot1_42@n-smepyc-00.icecube.wisc.edu
	admin_mutex_1 = 0
	admin_mutex_2 = 0
	admin_mutex_3 = 0
	CondorScratchDir = "/scratch/condor/dir_1906746"
	Cpus = 1
	Disk = 3072
	GPUs = 0
	machine_token = 0
	Memory = 6016
...
006 (19532521.000.000) 2026-06-02 17:22:00 Image size of job updated: 807236
	733  -  MemoryUsage of job (MB)
	750000  -  ResidentSetSize of job (KB)
...
005 (19532521.000.000) 2026-06-02 17:22:00 Job terminated.
	(1) Normal termination (return value 0)
		Usr 0 00:16:15, Sys 0 00:00:15  -  Run Remote Usage
		Usr 0 00:00:00, Sys 0 00:00:00  -  Run Local Usage
		Usr 0 00:49:52, Sys 0 00:00:34  -  Total Remote Usage
		Usr 0 00:00:00, Sys 0 00:00:00  -  Total Local Usage
	0  -  Run Bytes Sent By Job
	0  -  Run Bytes Received By Job
	0  -  Total Bytes Sent By Job
	0  -  Total Bytes Received By Job
	Partitionable Resources :    Usage  Request Allocated 
	   admin_mutex_1         :                           0 
	   admin_mutex_2         :                           0 
	   admin_mutex_3         :                           0 
	   Cpus                  :     0.98        1         1 
	   Disk (KB)             :    10        2048      3072 
	   GPUs                  :                           0 
	   machine_token         :                           0 
	   Memory (MB)           :   733        6000      6016 
	   TimeExecute (s)       :  1034                       
	   TimeSlotBusy (s)      :  1034                       

	Job terminated of its own accord at 2026-06-02T22:22:00Z with exit-code 0.
...
