000 (19532693.000.000) 2026-06-02 15:48:28 Job submitted from host: <10.128.10.103:9618?addrs=10.128.10.103-9618&alias=npx-submitter.icecube.wisc.edu&noUDP&sock=schedd_2449_6386>
    DAG Node: Drootprod_20120309_98286
...
001 (19532693.000.000) 2026-06-02 15:48:44 Job executing on host: <10.128.10.116:38163?addrs=10.128.10.116-38163&alias=n-gibyte-01.icecube.wisc.edu>
	SlotName: slot1_482@n-gibyte-01.icecube.wisc.edu
	admin_mutex_1 = 0
	admin_mutex_2 = 0
	admin_mutex_3 = 0
	CondorScratchDir = "/scratch/condor/dir_2369295"
	Cpus = 1
	Disk = 5480
	GPUs = 0
	machine_token = 0
	Memory = 6016
...
006 (19532693.000.000) 2026-06-02 15:48:52 Image size of job updated: 119188
	117  -  MemoryUsage of job (MB)
	119188  -  ResidentSetSize of job (KB)
...
006 (19532693.000.000) 2026-06-02 15:53:52 Image size of job updated: 141564
	139  -  MemoryUsage of job (MB)
	141564  -  ResidentSetSize of job (KB)
...
006 (19532693.000.000) 2026-06-02 15:58:53 Image size of job updated: 159812
	157  -  MemoryUsage of job (MB)
	159812  -  ResidentSetSize of job (KB)
...
006 (19532693.000.000) 2026-06-02 16:03:53 Image size of job updated: 272304
	266  -  MemoryUsage of job (MB)
	272304  -  ResidentSetSize of job (KB)
...
006 (19532693.000.000) 2026-06-02 16:08:54 Image size of job updated: 290568
	284  -  MemoryUsage of job (MB)
	290568  -  ResidentSetSize of job (KB)
...
006 (19532693.000.000) 2026-06-02 16:13:54 Image size of job updated: 418488
	409  -  MemoryUsage of job (MB)
	418488  -  ResidentSetSize of job (KB)
...
006 (19532693.000.000) 2026-06-02 16:16:44 Image size of job updated: 716092
	409  -  MemoryUsage of job (MB)
	418488  -  ResidentSetSize of job (KB)
...
005 (19532693.000.000) 2026-06-02 16:16:45 Job terminated.
	(1) Normal termination (return value 0)
		Usr 0 00:26:59, Sys 0 00:00:15  -  Run Remote Usage
		Usr 0 00:00:00, Sys 0 00:00:00  -  Run Local Usage
		Usr 0 00:26:59, Sys 0 00:00:15  -  Total Remote Usage
		Usr 0 00:00:00, Sys 0 00:00:00  -  Total Local Usage
	0  -  Run Bytes Sent By Job
	0  -  Run Bytes Received By Job
	0  -  Total Bytes Sent By Job
	0  -  Total Bytes Received By Job
	Partitionable Resources :    Usage  Request Allocated 
	   admin_mutex_1         :                           0 
	   admin_mutex_2         :                           0 
	   admin_mutex_3         :                           0 
	   Cpus                  :     0.90        1         1 
	   Disk (KB)             :     7        2048      5480 
	   GPUs                  :                           0 
	   machine_token         :                           0 
	   Memory (MB)           :   409        6000      6016 
	   TimeExecute (s)       :  1680                       
	   TimeSlotBusy (s)      :  1682                       

	Job terminated of its own accord at 2026-06-02T21:16:44Z with exit-code 0.
...
