000 (19533324.000.000) 2026-06-02 15:50:08 Job submitted from host: <10.128.10.103:9618?addrs=10.128.10.103-9618&alias=npx-submitter.icecube.wisc.edu&noUDP&sock=schedd_2449_6386>
    DAG Node: Drootprod_20120502_65057
...
001 (19533324.000.000) 2026-06-02 16:11:48 Job executing on host: <10.128.10.188:45333?addrs=10.128.10.188-45333&alias=n-smepyc-01.icecube.wisc.edu>
	SlotName: slot1_25@n-smepyc-01.icecube.wisc.edu
	admin_mutex_1 = 0
	admin_mutex_2 = 0
	admin_mutex_3 = 0
	CondorScratchDir = "/scratch/condor/dir_3904420"
	Cpus = 1
	Disk = 3072
	GPUs = 0
	machine_token = 0
	Memory = 6016
...
006 (19533324.000.000) 2026-06-02 16:12:01 Image size of job updated: 122208
	120  -  MemoryUsage of job (MB)
	122208  -  ResidentSetSize of job (KB)
...
006 (19533324.000.000) 2026-06-02 16:17:01 Image size of job updated: 169124
	166  -  MemoryUsage of job (MB)
	169124  -  ResidentSetSize of job (KB)
...
006 (19533324.000.000) 2026-06-02 16:22:02 Image size of job updated: 427364
	418  -  MemoryUsage of job (MB)
	427364  -  ResidentSetSize of job (KB)
...
006 (19533324.000.000) 2026-06-02 16:25:05 Image size of job updated: 767792
	418  -  MemoryUsage of job (MB)
	427364  -  ResidentSetSize of job (KB)
...
005 (19533324.000.000) 2026-06-02 16:25:05 Job terminated.
	(1) Normal termination (return value 0)
		Usr 0 00:12:26, Sys 0 00:00:13  -  Run Remote Usage
		Usr 0 00:00:00, Sys 0 00:00:00  -  Run Local Usage
		Usr 0 00:12:26, Sys 0 00:00:13  -  Total Remote Usage
		Usr 0 00:00:00, Sys 0 00:00:00  -  Total Local Usage
	0  -  Run Bytes Sent By Job
	0  -  Run Bytes Received By Job
	0  -  Total Bytes Sent By Job
	0  -  Total Bytes Received By Job
	Partitionable Resources :    Usage  Request Allocated 
	   admin_mutex_1         :                           0 
	   admin_mutex_2         :                           0 
	   admin_mutex_3         :                           0 
	   Cpus                  :     0.96        1         1 
	   Disk (KB)             :     7        2048      3072 
	   GPUs                  :                           0 
	   machine_token         :                           0 
	   Memory (MB)           :   418        6000      6016 
	   TimeExecute (s)       :   797                       
	   TimeSlotBusy (s)      :   797                       

	Job terminated of its own accord at 2026-06-02T21:25:05Z with exit-code 0.
...
