000 (19535673.000.000) 2026-06-02 15:54:51 Job submitted from host: <10.128.10.103:9618?addrs=10.128.10.103-9618&alias=npx-submitter.icecube.wisc.edu&noUDP&sock=schedd_2449_6386>
    DAG Node: Drootprod_20120928_91831
...
001 (19535673.000.000) 2026-06-02 16:57:31 Job executing on host: <10.128.10.192:35633?addrs=10.128.10.192-35633&alias=n-smepyc-05.icecube.wisc.edu>
	SlotName: slot1_31@n-smepyc-05.icecube.wisc.edu
	admin_mutex_1 = 0
	admin_mutex_2 = 0
	admin_mutex_3 = 0
	CondorScratchDir = "/scratch/condor/dir_282881"
	Cpus = 1
	Disk = 3072
	GPUs = 0
	machine_token = 0
	Memory = 6016
...
006 (19535673.000.000) 2026-06-02 16:57:45 Image size of job updated: 122860
	120  -  MemoryUsage of job (MB)
	122860  -  ResidentSetSize of job (KB)
...
006 (19535673.000.000) 2026-06-02 17:02:46 Image size of job updated: 162384
	159  -  MemoryUsage of job (MB)
	162384  -  ResidentSetSize of job (KB)
...
006 (19535673.000.000) 2026-06-02 17:07:47 Image size of job updated: 292016
	286  -  MemoryUsage of job (MB)
	292016  -  ResidentSetSize of job (KB)
...
006 (19535673.000.000) 2026-06-02 17:12:47 Image size of job updated: 729384
	713  -  MemoryUsage of job (MB)
	729384  -  ResidentSetSize of job (KB)
...
006 (19535673.000.000) 2026-06-02 17:17:48 Image size of job updated: 779424
	762  -  MemoryUsage of job (MB)
	779424  -  ResidentSetSize of job (KB)
...
006 (19535673.000.000) 2026-06-02 17:20:09 Image size of job updated: 902580
	762  -  MemoryUsage of job (MB)
	779424  -  ResidentSetSize of job (KB)
...
005 (19535673.000.000) 2026-06-02 17:20:09 Job terminated.
	(1) Normal termination (return value 0)
		Usr 0 00:21:36, Sys 0 00:00:18  -  Run Remote Usage
		Usr 0 00:00:00, Sys 0 00:00:00  -  Run Local Usage
		Usr 0 00:21:36, Sys 0 00:00:18  -  Total Remote Usage
		Usr 0 00:00:00, Sys 0 00:00:00  -  Total Local Usage
	0  -  Run Bytes Sent By Job
	0  -  Run Bytes Received By Job
	0  -  Total Bytes Sent By Job
	0  -  Total Bytes Received By Job
	Partitionable Resources :    Usage  Request Allocated 
	   admin_mutex_1         :                           0 
	   admin_mutex_2         :                           0 
	   admin_mutex_3         :                           0 
	   Cpus                  :     0.97        1         1 
	   Disk (KB)             :    10        2048      3072 
	   GPUs                  :                           0 
	   machine_token         :                           0 
	   Memory (MB)           :   762        6000      6016 
	   TimeExecute (s)       :  1358                       
	   TimeSlotBusy (s)      :  1358                       

	Job terminated of its own accord at 2026-06-02T22:20:09Z with exit-code 0.
...
