000 (19534504.000.000) 2026-06-02 15:52:31 Job submitted from host: <10.128.10.103:9618?addrs=10.128.10.103-9618&alias=npx-submitter.icecube.wisc.edu&noUDP&sock=schedd_2449_6386>
    DAG Node: Drootprod_20120718_17707
...
001 (19534504.000.000) 2026-06-02 16:35:35 Job executing on host: <10.128.10.191:42321?addrs=10.128.10.191-42321&alias=n-smepyc-04.icecube.wisc.edu>
	SlotName: slot1_27@n-smepyc-04.icecube.wisc.edu
	admin_mutex_1 = 0
	admin_mutex_2 = 0
	admin_mutex_3 = 0
	CondorScratchDir = "/scratch/condor/dir_168377"
	Cpus = 1
	Disk = 3072
	GPUs = 0
	machine_token = 0
	Memory = 6016
...
006 (19534504.000.000) 2026-06-02 16:35:49 Image size of job updated: 123380
	121  -  MemoryUsage of job (MB)
	123380  -  ResidentSetSize of job (KB)
...
006 (19534504.000.000) 2026-06-02 16:40:50 Image size of job updated: 165336
	162  -  MemoryUsage of job (MB)
	165336  -  ResidentSetSize of job (KB)
...
006 (19534504.000.000) 2026-06-02 16:45:50 Image size of job updated: 421616
	412  -  MemoryUsage of job (MB)
	421616  -  ResidentSetSize of job (KB)
...
006 (19534504.000.000) 2026-06-02 16:50:50 Image size of job updated: 765428
	748  -  MemoryUsage of job (MB)
	765428  -  ResidentSetSize of job (KB)
...
006 (19534504.000.000) 2026-06-02 16:55:41 Image size of job updated: 895440
	748  -  MemoryUsage of job (MB)
	765428  -  ResidentSetSize of job (KB)
...
005 (19534504.000.000) 2026-06-02 16:55:41 Job terminated.
	(1) Normal termination (return value 0)
		Usr 0 00:19:17, Sys 0 00:00:18  -  Run Remote Usage
		Usr 0 00:00:00, Sys 0 00:00:00  -  Run Local Usage
		Usr 0 00:19:17, Sys 0 00:00:18  -  Total Remote Usage
		Usr 0 00:00:00, Sys 0 00:00:00  -  Total Local Usage
	0  -  Run Bytes Sent By Job
	0  -  Run Bytes Received By Job
	0  -  Total Bytes Sent By Job
	0  -  Total Bytes Received By Job
	Partitionable Resources :    Usage  Request Allocated 
	   admin_mutex_1         :                           0 
	   admin_mutex_2         :                           0 
	   admin_mutex_3         :                           0 
	   Cpus                  :     0.99        1         1 
	   Disk (KB)             :    10        2048      3072 
	   GPUs                  :                           0 
	   machine_token         :                           0 
	   Memory (MB)           :   748        6000      6016 
	   TimeExecute (s)       :  1206                       
	   TimeSlotBusy (s)      :  1206                       

	Job terminated of its own accord at 2026-06-02T21:55:41Z with exit-code 0.
...
