000 (19535254.000.000) 2026-06-02 15:53:56 Job submitted from host: <10.128.10.103:9618?addrs=10.128.10.103-9618&alias=npx-submitter.icecube.wisc.edu&noUDP&sock=schedd_2449_6386>
    DAG Node: Drootprod_20120829_29088
...
001 (19535254.000.000) 2026-06-02 16:49:16 Job executing on host: <10.128.11.30:45417?addrs=10.128.11.30-45417&alias=n-smbc-11.icecube.wisc.edu>
	SlotName: slot1_9@n-smbc-11.icecube.wisc.edu
	admin_mutex_1 = 0
	admin_mutex_2 = 0
	admin_mutex_3 = 0
	CondorScratchDir = "/scratch/condor/dir_83549"
	Cpus = 1
	Disk = 3072
	GPUs = 0
	machine_token = 0
	Memory = 6016
...
006 (19535254.000.000) 2026-06-02 16:49:30 Image size of job updated: 121952
	120  -  MemoryUsage of job (MB)
	121952  -  ResidentSetSize of job (KB)
...
006 (19535254.000.000) 2026-06-02 16:54:31 Image size of job updated: 156064
	153  -  MemoryUsage of job (MB)
	156064  -  ResidentSetSize of job (KB)
...
006 (19535254.000.000) 2026-06-02 16:59:31 Image size of job updated: 286252
	280  -  MemoryUsage of job (MB)
	286252  -  ResidentSetSize of job (KB)
...
006 (19535254.000.000) 2026-06-02 17:04:31 Image size of job updated: 708532
	692  -  MemoryUsage of job (MB)
	708532  -  ResidentSetSize of job (KB)
...
006 (19535254.000.000) 2026-06-02 17:09:32 Image size of job updated: 759120
	742  -  MemoryUsage of job (MB)
	759120  -  ResidentSetSize of job (KB)
...
006 (19535254.000.000) 2026-06-02 17:13:13 Image size of job updated: 827152
	742  -  MemoryUsage of job (MB)
	759120  -  ResidentSetSize of job (KB)
...
005 (19535254.000.000) 2026-06-02 17:13:13 Job terminated.
	(1) Normal termination (return value 0)
		Usr 0 00:22:57, Sys 0 00:00:14  -  Run Remote Usage
		Usr 0 00:00:00, Sys 0 00:00:00  -  Run Local Usage
		Usr 0 00:22:57, Sys 0 00:00:14  -  Total Remote Usage
		Usr 0 00:00:00, Sys 0 00:00:00  -  Total Local Usage
	0  -  Run Bytes Sent By Job
	0  -  Run Bytes Received By Job
	0  -  Total Bytes Sent By Job
	0  -  Total Bytes Received By Job
	Partitionable Resources :    Usage  Request Allocated 
	   admin_mutex_1         :                           0 
	   admin_mutex_2         :                           0 
	   admin_mutex_3         :                           0 
	   Cpus                  :     0.95        1         1 
	   Disk (KB)             :    10        2048      3072 
	   GPUs                  :                           0 
	   machine_token         :                           0 
	   Memory (MB)           :   742        6000      6016 
	   TimeExecute (s)       :  1437                       
	   TimeSlotBusy (s)      :  1437                       

	Job terminated of its own accord at 2026-06-02T22:13:13Z with exit-code 0.
...
