000 (19535691.000.000) 2026-06-02 15:54:53 Job submitted from host: <10.128.10.103:9618?addrs=10.128.10.103-9618&alias=npx-submitter.icecube.wisc.edu&noUDP&sock=schedd_2449_6386>
    DAG Node: Drootprod_20120930_87802
...
001 (19535691.000.000) 2026-06-02 16:58:08 Job executing on host: <10.128.10.115:33587?addrs=10.128.10.115-33587&alias=n-gibyte-00.icecube.wisc.edu>
	SlotName: slot1_463@n-gibyte-00.icecube.wisc.edu
	admin_mutex_1 = 0
	admin_mutex_2 = 0
	admin_mutex_3 = 0
	CondorScratchDir = "/scratch/condor/dir_2275698"
	Cpus = 1
	Disk = 5480
	GPUs = 0
	machine_token = 0
	Memory = 6016
...
006 (19535691.000.000) 2026-06-02 16:58:22 Image size of job updated: 119988
	118  -  MemoryUsage of job (MB)
	119988  -  ResidentSetSize of job (KB)
...
006 (19535691.000.000) 2026-06-02 17:03:23 Image size of job updated: 139980
	137  -  MemoryUsage of job (MB)
	139980  -  ResidentSetSize of job (KB)
...
006 (19535691.000.000) 2026-06-02 17:08:23 Image size of job updated: 156712
	154  -  MemoryUsage of job (MB)
	156712  -  ResidentSetSize of job (KB)
...
006 (19535691.000.000) 2026-06-02 17:13:24 Image size of job updated: 271060
	265  -  MemoryUsage of job (MB)
	271060  -  ResidentSetSize of job (KB)
...
006 (19535691.000.000) 2026-06-02 17:18:24 Image size of job updated: 291932
	286  -  MemoryUsage of job (MB)
	291932  -  ResidentSetSize of job (KB)
...
006 (19535691.000.000) 2026-06-02 17:23:24 Image size of job updated: 420092
	411  -  MemoryUsage of job (MB)
	420092  -  ResidentSetSize of job (KB)
...
006 (19535691.000.000) 2026-06-02 17:28:25 Image size of job updated: 724484
	708  -  MemoryUsage of job (MB)
	724484  -  ResidentSetSize of job (KB)
...
006 (19535691.000.000) 2026-06-02 17:33:25 Image size of job updated: 749516
	732  -  MemoryUsage of job (MB)
	749516  -  ResidentSetSize of job (KB)
...
006 (19535691.000.000) 2026-06-02 17:38:26 Image size of job updated: 778740
	761  -  MemoryUsage of job (MB)
	778740  -  ResidentSetSize of job (KB)
...
006 (19535691.000.000) 2026-06-02 17:42:42 Image size of job updated: 824260
	761  -  MemoryUsage of job (MB)
	778740  -  ResidentSetSize of job (KB)
...
005 (19535691.000.000) 2026-06-02 17:42:42 Job terminated.
	(1) Normal termination (return value 0)
		Usr 0 00:42:38, Sys 0 00:00:27  -  Run Remote Usage
		Usr 0 00:00:00, Sys 0 00:00:00  -  Run Local Usage
		Usr 0 00:42:38, Sys 0 00:00:27  -  Total Remote Usage
		Usr 0 00:00:00, Sys 0 00:00:00  -  Total Local Usage
	0  -  Run Bytes Sent By Job
	0  -  Run Bytes Received By Job
	0  -  Total Bytes Sent By Job
	0  -  Total Bytes Received By Job
	Partitionable Resources :    Usage  Request Allocated 
	   admin_mutex_1         :                           0 
	   admin_mutex_2         :                           0 
	   admin_mutex_3         :                           0 
	   Cpus                  :     0.99        1         1 
	   Disk (KB)             :    10        2048      5480 
	   GPUs                  :                           0 
	   machine_token         :                           0 
	   Memory (MB)           :   761        6000      6016 
	   TimeExecute (s)       :  2674                       
	   TimeSlotBusy (s)      :  2674                       

	Job terminated of its own accord at 2026-06-02T22:42:42Z with exit-code 0.
...
