000 (19532807.000.000) 2026-06-02 15:48:49 Job submitted from host: <10.128.10.103:9618?addrs=10.128.10.103-9618&alias=npx-submitter.icecube.wisc.edu&noUDP&sock=schedd_2449_6386>
    DAG Node: Drootprod_20120320_47928
...
001 (19532807.000.000) 2026-06-02 15:52:41 Job executing on host: <10.128.10.117:43719?addrs=10.128.10.117-43719&alias=n-gibyte-02.icecube.wisc.edu>
	SlotName: slot1_416@n-gibyte-02.icecube.wisc.edu
	admin_mutex_1 = 0
	admin_mutex_2 = 0
	admin_mutex_3 = 0
	CondorScratchDir = "/scratch/condor/dir_3312822"
	Cpus = 1
	Disk = 5480
	GPUs = 0
	machine_token = 0
	Memory = 6016
...
006 (19532807.000.000) 2026-06-02 15:52:55 Image size of job updated: 116996
	115  -  MemoryUsage of job (MB)
	116996  -  ResidentSetSize of job (KB)
...
006 (19532807.000.000) 2026-06-02 15:57:56 Image size of job updated: 140456
	138  -  MemoryUsage of job (MB)
	140456  -  ResidentSetSize of job (KB)
...
006 (19532807.000.000) 2026-06-02 16:02:57 Image size of job updated: 157720
	155  -  MemoryUsage of job (MB)
	157720  -  ResidentSetSize of job (KB)
...
006 (19532807.000.000) 2026-06-02 16:07:57 Image size of job updated: 174208
	171  -  MemoryUsage of job (MB)
	174208  -  ResidentSetSize of job (KB)
...
006 (19532807.000.000) 2026-06-02 16:12:57 Image size of job updated: 287204
	281  -  MemoryUsage of job (MB)
	287204  -  ResidentSetSize of job (KB)
...
006 (19532807.000.000) 2026-06-02 16:17:58 Image size of job updated: 415032
	406  -  MemoryUsage of job (MB)
	415032  -  ResidentSetSize of job (KB)
...
006 (19532807.000.000) 2026-06-02 16:22:58 Image size of job updated: 717820
	701  -  MemoryUsage of job (MB)
	717820  -  ResidentSetSize of job (KB)
...
006 (19532807.000.000) 2026-06-02 16:27:59 Image size of job updated: 742688
	726  -  MemoryUsage of job (MB)
	742688  -  ResidentSetSize of job (KB)
...
006 (19532807.000.000) 2026-06-02 16:33:00 Image size of job updated: 762516
	745  -  MemoryUsage of job (MB)
	762516  -  ResidentSetSize of job (KB)
...
006 (19532807.000.000) 2026-06-02 16:38:00 Image size of job updated: 797560
	779  -  MemoryUsage of job (MB)
	797560  -  ResidentSetSize of job (KB)
...
006 (19532807.000.000) 2026-06-02 16:38:50 Image size of job updated: 799504
	779  -  MemoryUsage of job (MB)
	797560  -  ResidentSetSize of job (KB)
...
005 (19532807.000.000) 2026-06-02 16:38:50 Job terminated.
	(1) Normal termination (return value 0)
		Usr 0 00:44:09, Sys 0 00:00:27  -  Run Remote Usage
		Usr 0 00:00:00, Sys 0 00:00:00  -  Run Local Usage
		Usr 0 00:44:09, Sys 0 00:00:27  -  Total Remote Usage
		Usr 0 00:00:00, Sys 0 00:00:00  -  Total Local Usage
	0  -  Run Bytes Sent By Job
	0  -  Run Bytes Received By Job
	0  -  Total Bytes Sent By Job
	0  -  Total Bytes Received By Job
	Partitionable Resources :    Usage  Request Allocated 
	   admin_mutex_1         :                           0 
	   admin_mutex_2         :                           0 
	   admin_mutex_3         :                           0 
	   Cpus                  :     0.98        1         1 
	   Disk (KB)             :    10        2048      5480 
	   GPUs                  :                           0 
	   machine_token         :                           0 
	   Memory (MB)           :   779        6000      6016 
	   TimeExecute (s)       :  2769                       
	   TimeSlotBusy (s)      :  2769                       

	Job terminated of its own accord at 2026-06-02T21:38:50Z with exit-code 0.
...
