000 (19537034.000.000) 2026-06-02 15:57:47 Job submitted from host: <10.128.10.103:9618?addrs=10.128.10.103-9618&alias=npx-submitter.icecube.wisc.edu&noUDP&sock=schedd_2449_6386>
    DAG Node: Drootprod_20121231_66245
...
001 (19537034.000.000) 2026-06-02 17:31:10 Job executing on host: <10.128.10.57:38685?addrs=10.128.10.57-38685&alias=n-m610-47.icecube.wisc.edu>
	SlotName: slot1_4@n-m610-47.icecube.wisc.edu
	admin_mutex_1 = 0
	admin_mutex_2 = 0
	admin_mutex_3 = 0
	CondorScratchDir = "/scratch/condor/dir_668099"
	Cpus = 1
	Disk = 3072
	GPUs = 0
	machine_token = 0
	Memory = 6016
...
006 (19537034.000.000) 2026-06-02 17:31:23 Image size of job updated: 121964
	120  -  MemoryUsage of job (MB)
	121964  -  ResidentSetSize of job (KB)
...
006 (19537034.000.000) 2026-06-02 17:36:23 Image size of job updated: 156116
	153  -  MemoryUsage of job (MB)
	156116  -  ResidentSetSize of job (KB)
...
006 (19537034.000.000) 2026-06-02 17:41:23 Image size of job updated: 281940
	276  -  MemoryUsage of job (MB)
	281940  -  ResidentSetSize of job (KB)
...
006 (19537034.000.000) 2026-06-02 17:46:24 Image size of job updated: 424124
	415  -  MemoryUsage of job (MB)
	424124  -  ResidentSetSize of job (KB)
...
006 (19537034.000.000) 2026-06-02 17:47:39 Image size of job updated: 715736
	415  -  MemoryUsage of job (MB)
	424124  -  ResidentSetSize of job (KB)
...
005 (19537034.000.000) 2026-06-02 17:47:39 Job terminated.
	(1) Normal termination (return value 0)
		Usr 0 00:15:49, Sys 0 00:00:13  -  Run Remote Usage
		Usr 0 00:00:00, Sys 0 00:00:00  -  Run Local Usage
		Usr 0 00:15:49, Sys 0 00:00:13  -  Total Remote Usage
		Usr 0 00:00:00, Sys 0 00:00:00  -  Total Local Usage
	0  -  Run Bytes Sent By Job
	0  -  Run Bytes Received By Job
	0  -  Total Bytes Sent By Job
	0  -  Total Bytes Received By Job
	Partitionable Resources :    Usage  Request Allocated 
	   admin_mutex_1         :                           0 
	   admin_mutex_2         :                           0 
	   admin_mutex_3         :                           0 
	   Cpus                  :     0.99        1         1 
	   Disk (KB)             :    10        2048      3072 
	   GPUs                  :                           0 
	   machine_token         :                           0 
	   Memory (MB)           :   415        6000      6016 
	   TimeExecute (s)       :   989                       
	   TimeSlotBusy (s)      :   990                       

	Job terminated of its own accord at 2026-06-02T22:47:39Z with exit-code 0.
...
