000 (19533241.000.000) 2026-06-02 15:49:57 Job submitted from host: <10.128.10.103:9618?addrs=10.128.10.103-9618&alias=npx-submitter.icecube.wisc.edu&noUDP&sock=schedd_2449_6386>
    DAG Node: Drootprod_20120426_52856
...
001 (19533241.000.000) 2026-06-02 16:09:36 Job executing on host: <10.128.10.53:39595?addrs=10.128.10.53-39595&alias=n-m610-43.icecube.wisc.edu>
	SlotName: slot1_5@n-m610-43.icecube.wisc.edu
	admin_mutex_1 = 0
	admin_mutex_2 = 0
	admin_mutex_3 = 0
	CondorScratchDir = "/scratch/condor/dir_1360839"
	Cpus = 1
	Disk = 3072
	GPUs = 0
	machine_token = 0
	Memory = 6016
...
006 (19533241.000.000) 2026-06-02 16:09:49 Image size of job updated: 121736
	119  -  MemoryUsage of job (MB)
	121736  -  ResidentSetSize of job (KB)
...
006 (19533241.000.000) 2026-06-02 16:14:49 Image size of job updated: 159056
	156  -  MemoryUsage of job (MB)
	159056  -  ResidentSetSize of job (KB)
...
006 (19533241.000.000) 2026-06-02 16:19:50 Image size of job updated: 288340
	282  -  MemoryUsage of job (MB)
	288340  -  ResidentSetSize of job (KB)
...
006 (19533241.000.000) 2026-06-02 16:24:50 Image size of job updated: 710168
	694  -  MemoryUsage of job (MB)
	710168  -  ResidentSetSize of job (KB)
...
006 (19533241.000.000) 2026-06-02 16:29:50 Image size of job updated: 756996
	740  -  MemoryUsage of job (MB)
	756996  -  ResidentSetSize of job (KB)
...
006 (19533241.000.000) 2026-06-02 16:34:51 Image size of job updated: 865412
	846  -  MemoryUsage of job (MB)
	865412  -  ResidentSetSize of job (KB)
...
006 (19533241.000.000) 2026-06-02 16:35:08 Image size of job updated: 904892
	846  -  MemoryUsage of job (MB)
	865412  -  ResidentSetSize of job (KB)
...
005 (19533241.000.000) 2026-06-02 16:35:08 Job terminated.
	(1) Normal termination (return value 0)
		Usr 0 00:24:09, Sys 0 00:00:20  -  Run Remote Usage
		Usr 0 00:00:00, Sys 0 00:00:00  -  Run Local Usage
		Usr 0 00:24:09, Sys 0 00:00:20  -  Total Remote Usage
		Usr 0 00:00:00, Sys 0 00:00:00  -  Total Local Usage
	0  -  Run Bytes Sent By Job
	0  -  Run Bytes Received By Job
	0  -  Total Bytes Sent By Job
	0  -  Total Bytes Received By Job
	Partitionable Resources :    Usage  Request Allocated 
	   admin_mutex_1         :                           0 
	   admin_mutex_2         :                           0 
	   admin_mutex_3         :                           0 
	   Cpus                  :     0.93        1         1 
	   Disk (KB)             :    10        2048      3072 
	   GPUs                  :                           0 
	   machine_token         :                           0 
	   Memory (MB)           :   846        6000      6016 
	   TimeExecute (s)       :  1532                       
	   TimeSlotBusy (s)      :  1532                       

	Job terminated of its own accord at 2026-06-02T21:35:08Z with exit-code 0.
...
