000 (19532267.000.000) 2026-06-02 15:46:48 Job submitted from host: <10.128.10.103:9618?addrs=10.128.10.103-9618&alias=npx-submitter.icecube.wisc.edu&noUDP&sock=schedd_2449_6386>
    DAG Node: Drootprod_20120116_45990
...
001 (19532267.000.000) 2026-06-02 15:46:57 Job executing on host: <10.128.10.117:43719?addrs=10.128.10.117-43719&alias=n-gibyte-02.icecube.wisc.edu>
	SlotName: slot1_491@n-gibyte-02.icecube.wisc.edu
	admin_mutex_1 = 0
	admin_mutex_2 = 0
	admin_mutex_3 = 0
	CondorScratchDir = "/scratch/condor/dir_3290970"
	Cpus = 1
	Disk = 5480
	GPUs = 0
	machine_token = 0
	Memory = 6016
...
006 (19532267.000.000) 2026-06-02 15:47:10 Image size of job updated: 117636
	115  -  MemoryUsage of job (MB)
	117636  -  ResidentSetSize of job (KB)
...
006 (19532267.000.000) 2026-06-02 15:52:10 Image size of job updated: 141344
	139  -  MemoryUsage of job (MB)
	141344  -  ResidentSetSize of job (KB)
...
006 (19532267.000.000) 2026-06-02 15:53:13 Image size of job updated: 160244
	139  -  MemoryUsage of job (MB)
	141344  -  ResidentSetSize of job (KB)
...
005 (19532267.000.000) 2026-06-02 15:53:13 Job terminated.
	(1) Normal termination (return value 0)
		Usr 0 00:05:57, Sys 0 00:00:04  -  Run Remote Usage
		Usr 0 00:00:00, Sys 0 00:00:00  -  Run Local Usage
		Usr 0 00:05:57, Sys 0 00:00:04  -  Total Remote Usage
		Usr 0 00:00:00, Sys 0 00:00:00  -  Total Local Usage
	0  -  Run Bytes Sent By Job
	0  -  Run Bytes Received By Job
	0  -  Total Bytes Sent By Job
	0  -  Total Bytes Received By Job
	Partitionable Resources :    Usage  Request Allocated 
	   admin_mutex_1         :                           0 
	   admin_mutex_2         :                           0 
	   admin_mutex_3         :                           0 
	   Cpus                  :     0.99        1         1 
	   Disk (KB)             :     2        2048      5480 
	   GPUs                  :                           0 
	   machine_token         :                           0 
	   Memory (MB)           :   139        6000      6016 
	   TimeExecute (s)       :   376                       
	   TimeSlotBusy (s)      :   377                       

	Job terminated of its own accord at 2026-06-02T20:53:13Z with exit-code 0.
...
