000 (19533650.000.000) 2026-06-02 15:50:51 Job submitted from host: <10.128.10.103:9618?addrs=10.128.10.103-9618&alias=npx-submitter.icecube.wisc.edu&noUDP&sock=schedd_2449_6386>
    DAG Node: Drootprod_20120524_29833
...
001 (19533650.000.000) 2026-06-02 16:18:24 Job executing on host: <10.128.10.116:38163?addrs=10.128.10.116-38163&alias=n-gibyte-01.icecube.wisc.edu>
	SlotName: slot1_66@n-gibyte-01.icecube.wisc.edu
	admin_mutex_1 = 0
	admin_mutex_2 = 0
	admin_mutex_3 = 0
	CondorScratchDir = "/scratch/condor/dir_2494997"
	Cpus = 1
	Disk = 5480
	GPUs = 0
	machine_token = 0
	Memory = 6016
...
006 (19533650.000.000) 2026-06-02 16:18:38 Image size of job updated: 118468
	116  -  MemoryUsage of job (MB)
	118468  -  ResidentSetSize of job (KB)
...
022 (19533650.000.000) 2026-06-02 16:23:27 Job disconnected, attempting to reconnect
    Socket between submit and execute hosts closed unexpectedly
    Trying to reconnect to slot1_66@n-gibyte-01.icecube.wisc.edu <10.128.10.116:38163?addrs=10.128.10.116-38163&alias=n-gibyte-01.icecube.wisc.edu>
...
024 (19533650.000.000) 2026-06-02 17:03:27 Job reconnection failed
    Job disconnected too long: JobLeaseDuration (2400 seconds) expired
    Can not reconnect to slot1_66@n-gibyte-01.icecube.wisc.edu, rescheduling job
...
004 (19533650.000.000) 2026-06-02 17:03:37 Job was evicted.
	(0) CPU times
		Usr 0 00:00:05, Sys 0 00:00:00  -  Run Remote Usage
		Usr 0 00:00:00, Sys 0 00:00:00  -  Run Local Usage
	0  -  Run Bytes Sent By Job
	0  -  Run Bytes Received By Job
	Job disconnected too long: JobLeaseDuration (2400 seconds) expired
	Partitionable Resources :    Usage  Request Allocated 
	   admin_mutex_1         :                           0 
	   admin_mutex_2         :                           0 
	   admin_mutex_3         :                           0 
	   Cpus                  :                 1         1 
	   Disk (KB)             :        7     2048      5480 
	   GPUs                  :                           0 
	   machine_token         :                           0 
	   Memory (MB)           :      116     6000      6016 
...
001 (19533650.000.000) 2026-06-02 17:09:35 Job executing on host: <10.128.10.54:45483?addrs=10.128.10.54-45483&alias=n-m610-44.icecube.wisc.edu>
	SlotName: slot1_6@n-m610-44.icecube.wisc.edu
	admin_mutex_1 = 0
	admin_mutex_2 = 0
	admin_mutex_3 = 0
	CondorScratchDir = "/scratch/condor/dir_1037050"
	Cpus = 1
	Disk = 3072
	GPUs = 0
	machine_token = 0
	Memory = 6016
...
006 (19533650.000.000) 2026-06-02 17:14:48 Image size of job updated: 157164
	154  -  MemoryUsage of job (MB)
	157164  -  ResidentSetSize of job (KB)
...
006 (19533650.000.000) 2026-06-02 17:19:48 Image size of job updated: 284400
	278  -  MemoryUsage of job (MB)
	284400  -  ResidentSetSize of job (KB)
...
006 (19533650.000.000) 2026-06-02 17:24:49 Image size of job updated: 707768
	692  -  MemoryUsage of job (MB)
	707768  -  ResidentSetSize of job (KB)
...
006 (19533650.000.000) 2026-06-02 17:27:58 Image size of job updated: 752868
	692  -  MemoryUsage of job (MB)
	707768  -  ResidentSetSize of job (KB)
...
005 (19533650.000.000) 2026-06-02 17:27:58 Job terminated.
	(1) Normal termination (return value 0)
		Usr 0 00:17:41, Sys 0 00:00:14  -  Run Remote Usage
		Usr 0 00:00:00, Sys 0 00:00:00  -  Run Local Usage
		Usr 0 00:17:46, Sys 0 00:00:14  -  Total Remote Usage
		Usr 0 00:00:00, Sys 0 00:00:00  -  Total Local Usage
	0  -  Run Bytes Sent By Job
	0  -  Run Bytes Received By Job
	0  -  Total Bytes Sent By Job
	0  -  Total Bytes Received By Job
	Partitionable Resources :    Usage  Request Allocated 
	   admin_mutex_1         :                           0 
	   admin_mutex_2         :                           0 
	   admin_mutex_3         :                           0 
	   Cpus                  :     0.98        1         1 
	   Disk (KB)             :     7        2048      3072 
	   GPUs                  :                           0 
	   machine_token         :                           0 
	   Memory (MB)           :   692        6000      6016 
	   TimeExecute (s)       :  1103                       
	   TimeSlotBusy (s)      :  1103                       

	Job terminated of its own accord at 2026-06-02T22:27:58Z with exit-code 0.
...
