000 (19534051.000.000) 2026-06-02 15:51:42 Job submitted from host: <10.128.10.103:9618?addrs=10.128.10.103-9618&alias=npx-submitter.icecube.wisc.edu&noUDP&sock=schedd_2449_6386>
    DAG Node: Drootprod_20120619_83203
...
001 (19534051.000.000) 2026-06-02 16:26:26 Job executing on host: <10.128.10.188:45333?addrs=10.128.10.188-45333&alias=n-smepyc-01.icecube.wisc.edu>
	SlotName: slot1_47@n-smepyc-01.icecube.wisc.edu
	admin_mutex_1 = 0
	admin_mutex_2 = 0
	admin_mutex_3 = 0
	CondorScratchDir = "/scratch/condor/dir_3961966"
	Cpus = 1
	Disk = 3072
	GPUs = 0
	machine_token = 0
	Memory = 6016
...
006 (19534051.000.000) 2026-06-02 16:26:40 Image size of job updated: 122232
	120  -  MemoryUsage of job (MB)
	122232  -  ResidentSetSize of job (KB)
...
006 (19534051.000.000) 2026-06-02 16:31:41 Image size of job updated: 168464
	165  -  MemoryUsage of job (MB)
	168464  -  ResidentSetSize of job (KB)
...
006 (19534051.000.000) 2026-06-02 16:36:42 Image size of job updated: 421592
	412  -  MemoryUsage of job (MB)
	421592  -  ResidentSetSize of job (KB)
...
006 (19534051.000.000) 2026-06-02 16:41:42 Image size of job updated: 760152
	743  -  MemoryUsage of job (MB)
	760152  -  ResidentSetSize of job (KB)
...
006 (19534051.000.000) 2026-06-02 16:45:50 Image size of job updated: 897876
	743  -  MemoryUsage of job (MB)
	760152  -  ResidentSetSize of job (KB)
...
005 (19534051.000.000) 2026-06-02 16:45:50 Job terminated.
	(1) Normal termination (return value 0)
		Usr 0 00:18:19, Sys 0 00:00:18  -  Run Remote Usage
		Usr 0 00:00:00, Sys 0 00:00:00  -  Run Local Usage
		Usr 0 00:18:19, Sys 0 00:00:18  -  Total Remote Usage
		Usr 0 00:00:00, Sys 0 00:00:00  -  Total Local Usage
	0  -  Run Bytes Sent By Job
	0  -  Run Bytes Received By Job
	0  -  Total Bytes Sent By Job
	0  -  Total Bytes Received By Job
	Partitionable Resources :    Usage  Request Allocated 
	   admin_mutex_1         :                           0 
	   admin_mutex_2         :                           0 
	   admin_mutex_3         :                           0 
	   Cpus                  :     0.99        1         1 
	   Disk (KB)             :    10        2048      3072 
	   GPUs                  :                           0 
	   machine_token         :                           0 
	   Memory (MB)           :   743        6000      6016 
	   TimeExecute (s)       :  1164                       
	   TimeSlotBusy (s)      :  1164                       

	Job terminated of its own accord at 2026-06-02T21:45:50Z with exit-code 0.
...
