000 (19536443.000.000) 2026-06-02 15:56:29 Job submitted from host: <10.128.10.103:9618?addrs=10.128.10.103-9618&alias=npx-submitter.icecube.wisc.edu&noUDP&sock=schedd_2449_6386>
    DAG Node: Drootprod_20121119_80600
...
001 (19536443.000.000) 2026-06-02 17:20:31 Job executing on host: <10.128.10.117:43719?addrs=10.128.10.117-43719&alias=n-gibyte-02.icecube.wisc.edu>
	SlotName: slot1_261@n-gibyte-02.icecube.wisc.edu
	admin_mutex_1 = 0
	admin_mutex_2 = 0
	admin_mutex_3 = 0
	CondorScratchDir = "/scratch/condor/dir_3665385"
	Cpus = 1
	Disk = 5480
	GPUs = 0
	machine_token = 0
	Memory = 6016
...
006 (19536443.000.000) 2026-06-02 17:20:45 Image size of job updated: 119144
	117  -  MemoryUsage of job (MB)
	119144  -  ResidentSetSize of job (KB)
...
006 (19536443.000.000) 2026-06-02 17:25:46 Image size of job updated: 137776
	135  -  MemoryUsage of job (MB)
	137776  -  ResidentSetSize of job (KB)
...
006 (19536443.000.000) 2026-06-02 17:30:46 Image size of job updated: 153760
	151  -  MemoryUsage of job (MB)
	153760  -  ResidentSetSize of job (KB)
...
006 (19536443.000.000) 2026-06-02 17:35:47 Image size of job updated: 169488
	166  -  MemoryUsage of job (MB)
	169488  -  ResidentSetSize of job (KB)
...
006 (19536443.000.000) 2026-06-02 17:40:48 Image size of job updated: 281804
	276  -  MemoryUsage of job (MB)
	281804  -  ResidentSetSize of job (KB)
...
006 (19536443.000.000) 2026-06-02 17:45:48 Image size of job updated: 408764
	400  -  MemoryUsage of job (MB)
	408764  -  ResidentSetSize of job (KB)
...
006 (19536443.000.000) 2026-06-02 17:50:49 Image size of job updated: 423384
	414  -  MemoryUsage of job (MB)
	423384  -  ResidentSetSize of job (KB)
...
006 (19536443.000.000) 2026-06-02 17:55:49 Image size of job updated: 722292
	706  -  MemoryUsage of job (MB)
	722292  -  ResidentSetSize of job (KB)
...
006 (19536443.000.000) 2026-06-02 18:00:50 Image size of job updated: 736524
	720  -  MemoryUsage of job (MB)
	736524  -  ResidentSetSize of job (KB)
...
006 (19536443.000.000) 2026-06-02 18:01:44 Image size of job updated: 753156
	720  -  MemoryUsage of job (MB)
	736524  -  ResidentSetSize of job (KB)
...
005 (19536443.000.000) 2026-06-02 18:01:44 Job terminated.
	(1) Normal termination (return value 0)
		Usr 0 00:39:47, Sys 0 00:00:22  -  Run Remote Usage
		Usr 0 00:00:00, Sys 0 00:00:00  -  Run Local Usage
		Usr 0 00:39:47, Sys 0 00:00:22  -  Total Remote Usage
		Usr 0 00:00:00, Sys 0 00:00:00  -  Total Local Usage
	0  -  Run Bytes Sent By Job
	0  -  Run Bytes Received By Job
	0  -  Total Bytes Sent By Job
	0  -  Total Bytes Received By Job
	Partitionable Resources :    Usage  Request Allocated 
	   admin_mutex_1         :                           0 
	   admin_mutex_2         :                           0 
	   admin_mutex_3         :                           0 
	   Cpus                  :     0.97        1         1 
	   Disk (KB)             :    10        2048      5480 
	   GPUs                  :                           0 
	   machine_token         :                           0 
	   Memory (MB)           :   720        6000      6016 
	   TimeExecute (s)       :  2473                       
	   TimeSlotBusy (s)      :  2473                       

	Job terminated of its own accord at 2026-06-02T23:01:44Z with exit-code 0.
...
