000 (19535434.000.000) 2026-06-02 15:54:20 Job submitted from host: <10.128.10.103:9618?addrs=10.128.10.103-9618&alias=npx-submitter.icecube.wisc.edu&noUDP&sock=schedd_2449_6386>
    DAG Node: Drootprod_20120912_78500
...
001 (19535434.000.000) 2026-06-02 16:53:25 Job executing on host: <10.128.10.190:46289?addrs=10.128.10.190-46289&alias=n-smepyc-03.icecube.wisc.edu>
	SlotName: slot1_33@n-smepyc-03.icecube.wisc.edu
	admin_mutex_1 = 0
	admin_mutex_2 = 0
	admin_mutex_3 = 0
	CondorScratchDir = "/scratch/condor/dir_3709315"
	Cpus = 1
	Disk = 3072
	GPUs = 0
	machine_token = 0
	Memory = 6016
...
006 (19535434.000.000) 2026-06-02 16:53:38 Image size of job updated: 122944
	121  -  MemoryUsage of job (MB)
	122944  -  ResidentSetSize of job (KB)
...
006 (19535434.000.000) 2026-06-02 16:58:38 Image size of job updated: 172408
	169  -  MemoryUsage of job (MB)
	172408  -  ResidentSetSize of job (KB)
...
006 (19535434.000.000) 2026-06-02 17:03:39 Image size of job updated: 423356
	414  -  MemoryUsage of job (MB)
	423356  -  ResidentSetSize of job (KB)
...
006 (19535434.000.000) 2026-06-02 17:08:39 Image size of job updated: 765088
	748  -  MemoryUsage of job (MB)
	765088  -  ResidentSetSize of job (KB)
...
006 (19535434.000.000) 2026-06-02 17:11:33 Image size of job updated: 902500
	748  -  MemoryUsage of job (MB)
	765088  -  ResidentSetSize of job (KB)
...
005 (19535434.000.000) 2026-06-02 17:11:33 Job terminated.
	(1) Normal termination (return value 0)
		Usr 0 00:17:02, Sys 0 00:00:17  -  Run Remote Usage
		Usr 0 00:00:00, Sys 0 00:00:00  -  Run Local Usage
		Usr 0 00:17:02, Sys 0 00:00:17  -  Total Remote Usage
		Usr 0 00:00:00, Sys 0 00:00:00  -  Total Local Usage
	0  -  Run Bytes Sent By Job
	0  -  Run Bytes Received By Job
	0  -  Total Bytes Sent By Job
	0  -  Total Bytes Received By Job
	Partitionable Resources :    Usage  Request Allocated 
	   admin_mutex_1         :                           0 
	   admin_mutex_2         :                           0 
	   admin_mutex_3         :                           0 
	   Cpus                  :     0.92        1         1 
	   Disk (KB)             :    10        2048      3072 
	   GPUs                  :                           0 
	   machine_token         :                           0 
	   Memory (MB)           :   748        6000      6016 
	   TimeExecute (s)       :  1088                       
	   TimeSlotBusy (s)      :  1088                       

	Job terminated of its own accord at 2026-06-02T22:11:33Z with exit-code 0.
...
