000 (19534583.000.000) 2026-06-02 15:52:40 Job submitted from host: <10.128.10.103:9618?addrs=10.128.10.103-9618&alias=npx-submitter.icecube.wisc.edu&noUDP&sock=schedd_2449_6386>
    DAG Node: Drootprod_20120721_27052
...
001 (19534583.000.000) 2026-06-02 16:37:03 Job executing on host: <10.128.10.187:34023?addrs=10.128.10.187-34023&alias=n-smepyc-00.icecube.wisc.edu>
	SlotName: slot1_69@n-smepyc-00.icecube.wisc.edu
	admin_mutex_1 = 0
	admin_mutex_2 = 0
	admin_mutex_3 = 0
	CondorScratchDir = "/scratch/condor/dir_1800852"
	Cpus = 1
	Disk = 3072
	GPUs = 0
	machine_token = 0
	Memory = 6016
...
006 (19534583.000.000) 2026-06-02 16:37:17 Image size of job updated: 121984
	120  -  MemoryUsage of job (MB)
	121984  -  ResidentSetSize of job (KB)
...
006 (19534583.000.000) 2026-06-02 16:42:18 Image size of job updated: 155028
	152  -  MemoryUsage of job (MB)
	155028  -  ResidentSetSize of job (KB)
...
006 (19534583.000.000) 2026-06-02 16:47:18 Image size of job updated: 407596
	399  -  MemoryUsage of job (MB)
	407596  -  ResidentSetSize of job (KB)
...
006 (19534583.000.000) 2026-06-02 16:52:18 Image size of job updated: 736628
	720  -  MemoryUsage of job (MB)
	736628  -  ResidentSetSize of job (KB)
...
006 (19534583.000.000) 2026-06-02 16:57:19 Image size of job updated: 797428
	779  -  MemoryUsage of job (MB)
	797428  -  ResidentSetSize of job (KB)
...
006 (19534583.000.000) 2026-06-02 16:59:58 Image size of job updated: 896204
	779  -  MemoryUsage of job (MB)
	797428  -  ResidentSetSize of job (KB)
...
005 (19534583.000.000) 2026-06-02 16:59:58 Job terminated.
	(1) Normal termination (return value 0)
		Usr 0 00:22:04, Sys 0 00:00:19  -  Run Remote Usage
		Usr 0 00:00:00, Sys 0 00:00:00  -  Run Local Usage
		Usr 0 00:22:04, Sys 0 00:00:19  -  Total Remote Usage
		Usr 0 00:00:00, Sys 0 00:00:00  -  Total Local Usage
	0  -  Run Bytes Sent By Job
	0  -  Run Bytes Received By Job
	0  -  Total Bytes Sent By Job
	0  -  Total Bytes Received By Job
	Partitionable Resources :    Usage  Request Allocated 
	   admin_mutex_1         :                           0 
	   admin_mutex_2         :                           0 
	   admin_mutex_3         :                           0 
	   Cpus                  :     0.99        1         1 
	   Disk (KB)             :    10        2048      3072 
	   GPUs                  :                           0 
	   machine_token         :                           0 
	   Memory (MB)           :   779        6000      6016 
	   TimeExecute (s)       :  1375                       
	   TimeSlotBusy (s)      :  1375                       

	Job terminated of its own accord at 2026-06-02T21:59:58Z with exit-code 0.
...
