000 (19534980.000.000) 2026-06-02 15:53:24 Job submitted from host: <10.128.10.103:9618?addrs=10.128.10.103-9618&alias=npx-submitter.icecube.wisc.edu&noUDP&sock=schedd_2449_6386>
    DAG Node: Drootprod_20120813_30433
...
001 (19534980.000.000) 2026-06-02 16:44:19 Job executing on host: <10.128.10.115:33587?addrs=10.128.10.115-33587&alias=n-gibyte-00.icecube.wisc.edu>
	SlotName: slot1_402@n-gibyte-00.icecube.wisc.edu
	admin_mutex_1 = 0
	admin_mutex_2 = 0
	admin_mutex_3 = 0
	CondorScratchDir = "/scratch/condor/dir_2221992"
	Cpus = 1
	Disk = 5480
	GPUs = 0
	machine_token = 0
	Memory = 6016
...
006 (19534980.000.000) 2026-06-02 16:44:32 Image size of job updated: 119704
	117  -  MemoryUsage of job (MB)
	119704  -  ResidentSetSize of job (KB)
...
006 (19534980.000.000) 2026-06-02 16:49:32 Image size of job updated: 142532
	140  -  MemoryUsage of job (MB)
	142532  -  ResidentSetSize of job (KB)
...
006 (19534980.000.000) 2026-06-02 16:54:33 Image size of job updated: 161432
	158  -  MemoryUsage of job (MB)
	161432  -  ResidentSetSize of job (KB)
...
006 (19534980.000.000) 2026-06-02 16:59:33 Image size of job updated: 275492
	270  -  MemoryUsage of job (MB)
	275492  -  ResidentSetSize of job (KB)
...
006 (19534980.000.000) 2026-06-02 17:04:33 Image size of job updated: 294680
	288  -  MemoryUsage of job (MB)
	294680  -  ResidentSetSize of job (KB)
...
006 (19534980.000.000) 2026-06-02 17:09:34 Image size of job updated: 427564
	418  -  MemoryUsage of job (MB)
	427564  -  ResidentSetSize of job (KB)
...
006 (19534980.000.000) 2026-06-02 17:14:34 Image size of job updated: 731168
	715  -  MemoryUsage of job (MB)
	731168  -  ResidentSetSize of job (KB)
...
006 (19534980.000.000) 2026-06-02 17:19:35 Image size of job updated: 756048
	739  -  MemoryUsage of job (MB)
	756048  -  ResidentSetSize of job (KB)
...
006 (19534980.000.000) 2026-06-02 17:24:35 Image size of job updated: 793424
	775  -  MemoryUsage of job (MB)
	793424  -  ResidentSetSize of job (KB)
...
006 (19534980.000.000) 2026-06-02 17:29:36 Image size of job updated: 869856
	850  -  MemoryUsage of job (MB)
	869856  -  ResidentSetSize of job (KB)
...
006 (19534980.000.000) 2026-06-02 17:31:57 Image size of job updated: 903272
	850  -  MemoryUsage of job (MB)
	869856  -  ResidentSetSize of job (KB)
...
005 (19534980.000.000) 2026-06-02 17:31:57 Job terminated.
	(1) Normal termination (return value 0)
		Usr 0 00:45:35, Sys 0 00:00:30  -  Run Remote Usage
		Usr 0 00:00:00, Sys 0 00:00:00  -  Run Local Usage
		Usr 0 00:45:35, Sys 0 00:00:30  -  Total Remote Usage
		Usr 0 00:00:00, Sys 0 00:00:00  -  Total Local Usage
	0  -  Run Bytes Sent By Job
	0  -  Run Bytes Received By Job
	0  -  Total Bytes Sent By Job
	0  -  Total Bytes Received By Job
	Partitionable Resources :    Usage  Request Allocated 
	   admin_mutex_1         :                           0 
	   admin_mutex_2         :                           0 
	   admin_mutex_3         :                           0 
	   Cpus                  :     0.92        1         1 
	   Disk (KB)             :    10        2048      5480 
	   GPUs                  :                           0 
	   machine_token         :                           0 
	   Memory (MB)           :   850        6000      6016 
	   TimeExecute (s)       :  2858                       
	   TimeSlotBusy (s)      :  2859                       

	Job terminated of its own accord at 2026-06-02T22:31:57Z with exit-code 0.
...
