000 (19535791.000.000) 2026-06-02 15:55:05 Job submitted from host: <10.128.10.103:9618?addrs=10.128.10.103-9618&alias=npx-submitter.icecube.wisc.edu&noUDP&sock=schedd_2449_6386>
    DAG Node: Drootprod_20121007_85260
...
001 (19535791.000.000) 2026-06-02 16:59:47 Job executing on host: <10.128.10.238:43797?addrs=10.128.10.238-43797&alias=n-gpu-42.icecube.wisc.edu>
	SlotName: slot1_10@n-gpu-42.icecube.wisc.edu
	admin_mutex_1 = 0
	admin_mutex_2 = 0
	admin_mutex_3 = 0
	AvailableGPUs = {  }
	CondorScratchDir = "/scratch/condor/dir_2176590"
	Cpus = 1
	Disk = 3072
	GPUs = 0
	machine_token = 0
	Memory = 6016
...
006 (19535791.000.000) 2026-06-02 17:00:00 Image size of job updated: 120712
	118  -  MemoryUsage of job (MB)
	120712  -  ResidentSetSize of job (KB)
...
006 (19535791.000.000) 2026-06-02 17:05:00 Image size of job updated: 155164
	152  -  MemoryUsage of job (MB)
	155164  -  ResidentSetSize of job (KB)
...
006 (19535791.000.000) 2026-06-02 17:10:00 Image size of job updated: 280976
	275  -  MemoryUsage of job (MB)
	280976  -  ResidentSetSize of job (KB)
...
006 (19535791.000.000) 2026-06-02 17:15:01 Image size of job updated: 423820
	414  -  MemoryUsage of job (MB)
	423820  -  ResidentSetSize of job (KB)
...
006 (19535791.000.000) 2026-06-02 17:16:24 Image size of job updated: 721648
	414  -  MemoryUsage of job (MB)
	423820  -  ResidentSetSize of job (KB)
...
005 (19535791.000.000) 2026-06-02 17:16:24 Job terminated.
	(1) Normal termination (return value 0)
		Usr 0 00:15:35, Sys 0 00:00:16  -  Run Remote Usage
		Usr 0 00:00:00, Sys 0 00:00:00  -  Run Local Usage
		Usr 0 00:15:35, Sys 0 00:00:16  -  Total Remote Usage
		Usr 0 00:00:00, Sys 0 00:00:00  -  Total Local Usage
	0  -  Run Bytes Sent By Job
	0  -  Run Bytes Received By Job
	0  -  Total Bytes Sent By Job
	0  -  Total Bytes Received By Job
	Partitionable Resources :    Usage  Request Allocated 
	   admin_mutex_1         :                           0 
	   admin_mutex_2         :                           0 
	   admin_mutex_3         :                           0 
	   Cpus                  :     0.97        1         1 
	   Disk (KB)             :     7        2048      3072 
	   GPUs                  :                           0 
	   machine_token         :                           0 
	   Memory (MB)           :   414        6000      6016 
	   TimeExecute (s)       :   997                       
	   TimeSlotBusy (s)      :   998                       

	Job terminated of its own accord at 2026-06-02T22:16:24Z with exit-code 0.
...
