000 (19532300.000.000) 2026-06-02 15:46:58 Job submitted from host: <10.128.10.103:9618?addrs=10.128.10.103-9618&alias=npx-submitter.icecube.wisc.edu&noUDP&sock=schedd_2449_6386>
    DAG Node: Drootprod_20120120_9597
...
001 (19532300.000.000) 2026-06-02 15:47:12 Job executing on host: <10.128.10.117:43719?addrs=10.128.10.117-43719&alias=n-gibyte-02.icecube.wisc.edu>
	SlotName: slot1_389@n-gibyte-02.icecube.wisc.edu
	admin_mutex_1 = 0
	admin_mutex_2 = 0
	admin_mutex_3 = 0
	CondorScratchDir = "/scratch/condor/dir_3294422"
	Cpus = 1
	Disk = 5480
	GPUs = 0
	machine_token = 0
	Memory = 6016
...
006 (19532300.000.000) 2026-06-02 15:47:26 Image size of job updated: 119680
	117  -  MemoryUsage of job (MB)
	119680  -  ResidentSetSize of job (KB)
...
006 (19532300.000.000) 2026-06-02 15:52:26 Image size of job updated: 140364
	138  -  MemoryUsage of job (MB)
	140364  -  ResidentSetSize of job (KB)
...
006 (19532300.000.000) 2026-06-02 15:57:27 Image size of job updated: 159300
	156  -  MemoryUsage of job (MB)
	159300  -  ResidentSetSize of job (KB)
...
006 (19532300.000.000) 2026-06-02 16:02:27 Image size of job updated: 270164
	264  -  MemoryUsage of job (MB)
	270164  -  ResidentSetSize of job (KB)
...
006 (19532300.000.000) 2026-06-02 16:07:28 Image size of job updated: 286828
	281  -  MemoryUsage of job (MB)
	286828  -  ResidentSetSize of job (KB)
...
006 (19532300.000.000) 2026-06-02 16:12:28 Image size of job updated: 412768
	404  -  MemoryUsage of job (MB)
	412768  -  ResidentSetSize of job (KB)
...
006 (19532300.000.000) 2026-06-02 16:17:29 Image size of job updated: 705636
	690  -  MemoryUsage of job (MB)
	705636  -  ResidentSetSize of job (KB)
...
006 (19532300.000.000) 2026-06-02 16:22:29 Image size of job updated: 731776
	715  -  MemoryUsage of job (MB)
	731776  -  ResidentSetSize of job (KB)
...
006 (19532300.000.000) 2026-06-02 16:27:30 Image size of job updated: 756612
	739  -  MemoryUsage of job (MB)
	756612  -  ResidentSetSize of job (KB)
...
006 (19532300.000.000) 2026-06-02 16:32:30 Image size of job updated: 788004
	770  -  MemoryUsage of job (MB)
	788004  -  ResidentSetSize of job (KB)
...
006 (19532300.000.000) 2026-06-02 16:36:45 Image size of job updated: 827056
	770  -  MemoryUsage of job (MB)
	788004  -  ResidentSetSize of job (KB)
...
005 (19532300.000.000) 2026-06-02 16:36:45 Job terminated.
	(1) Normal termination (return value 0)
		Usr 0 00:47:26, Sys 0 00:00:28  -  Run Remote Usage
		Usr 0 00:00:00, Sys 0 00:00:00  -  Run Local Usage
		Usr 0 00:47:26, Sys 0 00:00:28  -  Total Remote Usage
		Usr 0 00:00:00, Sys 0 00:00:00  -  Total Local Usage
	0  -  Run Bytes Sent By Job
	0  -  Run Bytes Received By Job
	0  -  Total Bytes Sent By Job
	0  -  Total Bytes Received By Job
	Partitionable Resources :    Usage  Request Allocated 
	   admin_mutex_1         :                           0 
	   admin_mutex_2         :                           0 
	   admin_mutex_3         :                           0 
	   Cpus                  :     0.92        1         1 
	   Disk (KB)             :    10        2048      5480 
	   GPUs                  :                           0 
	   machine_token         :                           0 
	   Memory (MB)           :   770        6000      6016 
	   TimeExecute (s)       :  2973                       
	   TimeSlotBusy (s)      :  2973                       

	Job terminated of its own accord at 2026-06-02T21:36:45Z with exit-code 0.
...
