000 (19533017.000.000) 2026-06-02 15:49:24 Job submitted from host: <10.128.10.103:9618?addrs=10.128.10.103-9618&alias=npx-submitter.icecube.wisc.edu&noUDP&sock=schedd_2449_6386>
    DAG Node: Drootprod_20120409_1325
...
001 (19533017.000.000) 2026-06-02 15:59:49 Job executing on host: <10.128.11.110:33229?addrs=10.128.11.110-33229&alias=n-r720-51.icecube.wisc.edu>
	SlotName: slot1_15@n-r720-51.icecube.wisc.edu
	admin_mutex_1 = 0
	admin_mutex_2 = 0
	admin_mutex_3 = 0
	CondorScratchDir = "/scratch/condor/dir_1337622"
	Cpus = 1
	Disk = 3717
	GPUs = 0
	machine_token = 0
	Memory = 6016
...
006 (19533017.000.000) 2026-06-02 16:00:02 Image size of job updated: 118116
	116  -  MemoryUsage of job (MB)
	118116  -  ResidentSetSize of job (KB)
...
006 (19533017.000.000) 2026-06-02 16:05:02 Image size of job updated: 144188
	141  -  MemoryUsage of job (MB)
	144188  -  ResidentSetSize of job (KB)
...
006 (19533017.000.000) 2026-06-02 16:10:02 Image size of job updated: 165656
	162  -  MemoryUsage of job (MB)
	165656  -  ResidentSetSize of job (KB)
...
006 (19533017.000.000) 2026-06-02 16:15:03 Image size of job updated: 283316
	277  -  MemoryUsage of job (MB)
	283316  -  ResidentSetSize of job (KB)
...
006 (19533017.000.000) 2026-06-02 16:20:03 Image size of job updated: 416160
	407  -  MemoryUsage of job (MB)
	416160  -  ResidentSetSize of job (KB)
...
006 (19533017.000.000) 2026-06-02 16:25:03 Image size of job updated: 725492
	709  -  MemoryUsage of job (MB)
	725492  -  ResidentSetSize of job (KB)
...
006 (19533017.000.000) 2026-06-02 16:30:04 Image size of job updated: 750788
	734  -  MemoryUsage of job (MB)
	750788  -  ResidentSetSize of job (KB)
...
006 (19533017.000.000) 2026-06-02 16:35:05 Image size of job updated: 790228
	772  -  MemoryUsage of job (MB)
	790228  -  ResidentSetSize of job (KB)
...
006 (19533017.000.000) 2026-06-02 16:37:52 Image size of job updated: 834580
	772  -  MemoryUsage of job (MB)
	790228  -  ResidentSetSize of job (KB)
...
005 (19533017.000.000) 2026-06-02 16:37:52 Job terminated.
	(1) Normal termination (return value 0)
		Usr 0 00:36:00, Sys 0 00:00:26  -  Run Remote Usage
		Usr 0 00:00:00, Sys 0 00:00:00  -  Run Local Usage
		Usr 0 00:36:00, Sys 0 00:00:26  -  Total Remote Usage
		Usr 0 00:00:00, Sys 0 00:00:00  -  Total Local Usage
	0  -  Run Bytes Sent By Job
	0  -  Run Bytes Received By Job
	0  -  Total Bytes Sent By Job
	0  -  Total Bytes Received By Job
	Partitionable Resources :    Usage  Request Allocated 
	   admin_mutex_1         :                           0 
	   admin_mutex_2         :                           0 
	   admin_mutex_3         :                           0 
	   Cpus                  :     0.98        1         1 
	   Disk (KB)             :    10        2048      3717 
	   GPUs                  :                           0 
	   machine_token         :                           0 
	   Memory (MB)           :   772        6000      6016 
	   TimeExecute (s)       :  2283                       
	   TimeSlotBusy (s)      :  2284                       

	Job terminated of its own accord at 2026-06-02T21:37:52Z with exit-code 0.
...
