000 (19535752.000.000) 2026-06-02 15:55:01 Job submitted from host: <10.128.10.103:9618?addrs=10.128.10.103-9618&alias=npx-submitter.icecube.wisc.edu&noUDP&sock=schedd_2449_6386>
    DAG Node: Drootprod_20121003_73646
...
001 (19535752.000.000) 2026-06-02 16:59:14 Job executing on host: <10.128.10.117:43719?addrs=10.128.10.117-43719&alias=n-gibyte-02.icecube.wisc.edu>
	SlotName: slot1_455@n-gibyte-02.icecube.wisc.edu
	admin_mutex_1 = 0
	admin_mutex_2 = 0
	admin_mutex_3 = 0
	CondorScratchDir = "/scratch/condor/dir_3574056"
	Cpus = 1
	Disk = 5480
	GPUs = 0
	machine_token = 0
	Memory = 6016
...
006 (19535752.000.000) 2026-06-02 16:59:27 Image size of job updated: 118400
	116  -  MemoryUsage of job (MB)
	118400  -  ResidentSetSize of job (KB)
...
006 (19535752.000.000) 2026-06-02 17:04:27 Image size of job updated: 140712
	138  -  MemoryUsage of job (MB)
	140712  -  ResidentSetSize of job (KB)
...
006 (19535752.000.000) 2026-06-02 17:09:28 Image size of job updated: 161568
	158  -  MemoryUsage of job (MB)
	161568  -  ResidentSetSize of job (KB)
...
006 (19535752.000.000) 2026-06-02 17:14:28 Image size of job updated: 275260
	269  -  MemoryUsage of job (MB)
	275260  -  ResidentSetSize of job (KB)
...
006 (19535752.000.000) 2026-06-02 17:19:29 Image size of job updated: 407008
	398  -  MemoryUsage of job (MB)
	407008  -  ResidentSetSize of job (KB)
...
006 (19535752.000.000) 2026-06-02 17:24:29 Image size of job updated: 565388
	553  -  MemoryUsage of job (MB)
	565388  -  ResidentSetSize of job (KB)
...
006 (19535752.000.000) 2026-06-02 17:29:30 Image size of job updated: 731552
	715  -  MemoryUsage of job (MB)
	731552  -  ResidentSetSize of job (KB)
...
006 (19535752.000.000) 2026-06-02 17:34:30 Image size of job updated: 757488
	740  -  MemoryUsage of job (MB)
	757488  -  ResidentSetSize of job (KB)
...
006 (19535752.000.000) 2026-06-02 17:39:31 Image size of job updated: 789088
	771  -  MemoryUsage of job (MB)
	789088  -  ResidentSetSize of job (KB)
...
006 (19535752.000.000) 2026-06-02 17:43:09 Image size of job updated: 841100
	771  -  MemoryUsage of job (MB)
	789088  -  ResidentSetSize of job (KB)
...
005 (19535752.000.000) 2026-06-02 17:43:09 Job terminated.
	(1) Normal termination (return value 0)
		Usr 0 00:42:10, Sys 0 00:00:27  -  Run Remote Usage
		Usr 0 00:00:00, Sys 0 00:00:00  -  Run Local Usage
		Usr 0 00:42:10, Sys 0 00:00:27  -  Total Remote Usage
		Usr 0 00:00:00, Sys 0 00:00:00  -  Total Local Usage
	0  -  Run Bytes Sent By Job
	0  -  Run Bytes Received By Job
	0  -  Total Bytes Sent By Job
	0  -  Total Bytes Received By Job
	Partitionable Resources :    Usage  Request Allocated 
	   admin_mutex_1         :                           0 
	   admin_mutex_2         :                           0 
	   admin_mutex_3         :                           0 
	   Cpus                  :     0.98        1         1 
	   Disk (KB)             :    10        2048      5480 
	   GPUs                  :                           0 
	   machine_token         :                           0 
	   Memory (MB)           :   771        6000      6016 
	   TimeExecute (s)       :  2635                       
	   TimeSlotBusy (s)      :  2636                       

	Job terminated of its own accord at 2026-06-02T22:43:09Z with exit-code 0.
...
