000 (19532747.000.000) 2026-06-02 15:48:39 Job submitted from host: <10.128.10.103:9618?addrs=10.128.10.103-9618&alias=npx-submitter.icecube.wisc.edu&noUDP&sock=schedd_2449_6386>
    DAG Node: Drootprod_20120315_53155
...
001 (19532747.000.000) 2026-06-02 15:49:43 Job executing on host: <10.128.11.30:45417?addrs=10.128.11.30-45417&alias=n-smbc-11.icecube.wisc.edu>
	SlotName: slot1_5@n-smbc-11.icecube.wisc.edu
	admin_mutex_1 = 0
	admin_mutex_2 = 0
	admin_mutex_3 = 0
	CondorScratchDir = "/scratch/condor/dir_4069489"
	Cpus = 1
	Disk = 3072
	GPUs = 0
	machine_token = 0
	Memory = 6016
...
006 (19532747.000.000) 2026-06-02 15:49:57 Image size of job updated: 108260
	106  -  MemoryUsage of job (MB)
	108260  -  ResidentSetSize of job (KB)
...
006 (19532747.000.000) 2026-06-02 15:54:58 Image size of job updated: 159376
	156  -  MemoryUsage of job (MB)
	159376  -  ResidentSetSize of job (KB)
...
006 (19532747.000.000) 2026-06-02 15:59:58 Image size of job updated: 290576
	284  -  MemoryUsage of job (MB)
	290576  -  ResidentSetSize of job (KB)
...
006 (19532747.000.000) 2026-06-02 16:04:59 Image size of job updated: 725348
	709  -  MemoryUsage of job (MB)
	725348  -  ResidentSetSize of job (KB)
...
006 (19532747.000.000) 2026-06-02 16:10:00 Image size of job updated: 776696
	759  -  MemoryUsage of job (MB)
	776696  -  ResidentSetSize of job (KB)
...
006 (19532747.000.000) 2026-06-02 16:12:40 Image size of job updated: 863700
	759  -  MemoryUsage of job (MB)
	776696  -  ResidentSetSize of job (KB)
...
005 (19532747.000.000) 2026-06-02 16:12:40 Job terminated.
	(1) Normal termination (return value 0)
		Usr 0 00:21:40, Sys 0 00:00:14  -  Run Remote Usage
		Usr 0 00:00:00, Sys 0 00:00:00  -  Run Local Usage
		Usr 0 00:21:40, Sys 0 00:00:14  -  Total Remote Usage
		Usr 0 00:00:00, Sys 0 00:00:00  -  Total Local Usage
	0  -  Run Bytes Sent By Job
	0  -  Run Bytes Received By Job
	0  -  Total Bytes Sent By Job
	0  -  Total Bytes Received By Job
	Partitionable Resources :    Usage  Request Allocated 
	   admin_mutex_1         :                           0 
	   admin_mutex_2         :                           0 
	   admin_mutex_3         :                           0 
	   Cpus                  :     0.95        1         1 
	   Disk (KB)             :    10        2048      3072 
	   GPUs                  :                           0 
	   machine_token         :                           0 
	   Memory (MB)           :   759        6000      6016 
	   TimeExecute (s)       :  1377                       
	   TimeSlotBusy (s)      :  1377                       

	Job terminated of its own accord at 2026-06-02T21:12:40Z with exit-code 0.
...
