000 (19533126.000.000) 2026-06-02 15:49:42 Job submitted from host: <10.128.10.103:9618?addrs=10.128.10.103-9618&alias=npx-submitter.icecube.wisc.edu&noUDP&sock=schedd_2449_6386>
    DAG Node: Drootprod_20120416_38579
...
001 (19533126.000.000) 2026-06-02 16:05:37 Job executing on host: <10.128.10.117:43719?addrs=10.128.10.117-43719&alias=n-gibyte-02.icecube.wisc.edu>
	SlotName: slot1_29@n-gibyte-02.icecube.wisc.edu
	admin_mutex_1 = 0
	admin_mutex_2 = 0
	admin_mutex_3 = 0
	CondorScratchDir = "/scratch/condor/dir_3360251"
	Cpus = 1
	Disk = 5480
	GPUs = 0
	machine_token = 0
	Memory = 6016
...
006 (19533126.000.000) 2026-06-02 16:05:50 Image size of job updated: 119264
	117  -  MemoryUsage of job (MB)
	119264  -  ResidentSetSize of job (KB)
...
006 (19533126.000.000) 2026-06-02 16:10:51 Image size of job updated: 142044
	139  -  MemoryUsage of job (MB)
	142044  -  ResidentSetSize of job (KB)
...
006 (19533126.000.000) 2026-06-02 16:15:51 Image size of job updated: 160532
	157  -  MemoryUsage of job (MB)
	160532  -  ResidentSetSize of job (KB)
...
006 (19533126.000.000) 2026-06-02 16:20:52 Image size of job updated: 272688
	267  -  MemoryUsage of job (MB)
	272688  -  ResidentSetSize of job (KB)
...
006 (19533126.000.000) 2026-06-02 16:25:52 Image size of job updated: 291448
	285  -  MemoryUsage of job (MB)
	291448  -  ResidentSetSize of job (KB)
...
006 (19533126.000.000) 2026-06-02 16:30:53 Image size of job updated: 421204
	412  -  MemoryUsage of job (MB)
	421204  -  ResidentSetSize of job (KB)
...
006 (19533126.000.000) 2026-06-02 16:35:53 Image size of job updated: 725144
	709  -  MemoryUsage of job (MB)
	725144  -  ResidentSetSize of job (KB)
...
006 (19533126.000.000) 2026-06-02 16:36:36 Image size of job updated: 738476
	709  -  MemoryUsage of job (MB)
	725144  -  ResidentSetSize of job (KB)
...
005 (19533126.000.000) 2026-06-02 16:36:36 Job terminated.
	(1) Normal termination (return value 0)
		Usr 0 00:29:33, Sys 0 00:00:19  -  Run Remote Usage
		Usr 0 00:00:00, Sys 0 00:00:00  -  Run Local Usage
		Usr 0 00:29:33, Sys 0 00:00:19  -  Total Remote Usage
		Usr 0 00:00:00, Sys 0 00:00:00  -  Total Local Usage
	0  -  Run Bytes Sent By Job
	0  -  Run Bytes Received By Job
	0  -  Total Bytes Sent By Job
	0  -  Total Bytes Received By Job
	Partitionable Resources :    Usage  Request Allocated 
	   admin_mutex_1         :                           0 
	   admin_mutex_2         :                           0 
	   admin_mutex_3         :                           0 
	   Cpus                  :     0.99        1         1 
	   Disk (KB)             :     7        2048      5480 
	   GPUs                  :                           0 
	   machine_token         :                           0 
	   Memory (MB)           :   709        6000      6016 
	   TimeExecute (s)       :  1859                       
	   TimeSlotBusy (s)      :  1860                       

	Job terminated of its own accord at 2026-06-02T21:36:36Z with exit-code 0.
...
