000 (19532468.000.000) 2026-06-02 15:47:42 Job submitted from host: <10.128.10.103:9618?addrs=10.128.10.103-9618&alias=npx-submitter.icecube.wisc.edu&noUDP&sock=schedd_2449_6386>
    DAG Node: Drootprod_20120213_3716
...
001 (19532468.000.000) 2026-06-02 15:47:47 Job executing on host: <10.128.10.116:38163?addrs=10.128.10.116-38163&alias=n-gibyte-01.icecube.wisc.edu>
	SlotName: slot1_27@n-gibyte-01.icecube.wisc.edu
	admin_mutex_1 = 0
	admin_mutex_2 = 0
	admin_mutex_3 = 0
	CondorScratchDir = "/scratch/condor/dir_2344929"
	Cpus = 1
	Disk = 5480
	GPUs = 0
	machine_token = 0
	Memory = 6016
...
006 (19532468.000.000) 2026-06-02 15:48:01 Image size of job updated: 120640
	118  -  MemoryUsage of job (MB)
	120640  -  ResidentSetSize of job (KB)
...
006 (19532468.000.000) 2026-06-02 15:53:02 Image size of job updated: 141228
	138  -  MemoryUsage of job (MB)
	141228  -  ResidentSetSize of job (KB)
...
006 (19532468.000.000) 2026-06-02 15:58:02 Image size of job updated: 158888
	156  -  MemoryUsage of job (MB)
	158888  -  ResidentSetSize of job (KB)
...
006 (19532468.000.000) 2026-06-02 16:03:03 Image size of job updated: 270672
	265  -  MemoryUsage of job (MB)
	270672  -  ResidentSetSize of job (KB)
...
006 (19532468.000.000) 2026-06-02 16:08:03 Image size of job updated: 288960
	283  -  MemoryUsage of job (MB)
	288960  -  ResidentSetSize of job (KB)
...
006 (19532468.000.000) 2026-06-02 16:13:04 Image size of job updated: 416780
	408  -  MemoryUsage of job (MB)
	416780  -  ResidentSetSize of job (KB)
...
006 (19532468.000.000) 2026-06-02 16:18:04 Image size of job updated: 720708
	704  -  MemoryUsage of job (MB)
	720708  -  ResidentSetSize of job (KB)
...
006 (19532468.000.000) 2026-06-02 16:23:05 Image size of job updated: 743592
	727  -  MemoryUsage of job (MB)
	743592  -  ResidentSetSize of job (KB)
...
022 (19532468.000.000) 2026-06-02 16:23:27 Job disconnected, attempting to reconnect
    Socket between submit and execute hosts closed unexpectedly
    Trying to reconnect to slot1_27@n-gibyte-01.icecube.wisc.edu <10.128.10.116:38163?addrs=10.128.10.116-38163&alias=n-gibyte-01.icecube.wisc.edu>
...
024 (19532468.000.000) 2026-06-02 17:03:27 Job reconnection failed
    Job disconnected too long: JobLeaseDuration (2400 seconds) expired
    Can not reconnect to slot1_27@n-gibyte-01.icecube.wisc.edu, rescheduling job
...
004 (19532468.000.000) 2026-06-02 17:03:37 Job was evicted.
	(0) CPU times
		Usr 0 00:33:46, Sys 0 00:00:18  -  Run Remote Usage
		Usr 0 00:00:00, Sys 0 00:00:00  -  Run Local Usage
	0  -  Run Bytes Sent By Job
	0  -  Run Bytes Received By Job
	Job disconnected too long: JobLeaseDuration (2400 seconds) expired
	Partitionable Resources :    Usage  Request Allocated 
	   admin_mutex_1         :                           0 
	   admin_mutex_2         :                           0 
	   admin_mutex_3         :                           0 
	   Cpus                  :     0.98        1         1 
	   Disk (KB)             :    10        2048      5480 
	   GPUs                  :                           0 
	   machine_token         :                           0 
	   Memory (MB)           :   727        6000      6016 
...
001 (19532468.000.000) 2026-06-02 17:04:32 Job executing on host: <10.128.10.115:33587?addrs=10.128.10.115-33587&alias=n-gibyte-00.icecube.wisc.edu>
	SlotName: slot1_304@n-gibyte-00.icecube.wisc.edu
	admin_mutex_1 = 0
	admin_mutex_2 = 0
	admin_mutex_3 = 0
	CondorScratchDir = "/scratch/condor/dir_2301755"
	Cpus = 1
	Disk = 5480
	GPUs = 0
	machine_token = 0
	Memory = 6016
...
006 (19532468.000.000) 2026-06-02 17:44:50 Image size of job updated: 764280
	747  -  MemoryUsage of job (MB)
	764280  -  ResidentSetSize of job (KB)
...
006 (19532468.000.000) 2026-06-02 17:46:07 Image size of job updated: 797552
	747  -  MemoryUsage of job (MB)
	764280  -  ResidentSetSize of job (KB)
...
005 (19532468.000.000) 2026-06-02 17:46:07 Job terminated.
	(1) Normal termination (return value 0)
		Usr 0 00:39:56, Sys 0 00:00:24  -  Run Remote Usage
		Usr 0 00:00:00, Sys 0 00:00:00  -  Run Local Usage
		Usr 0 01:13:42, Sys 0 00:00:42  -  Total Remote Usage
		Usr 0 00:00:00, Sys 0 00:00:00  -  Total Local Usage
	0  -  Run Bytes Sent By Job
	0  -  Run Bytes Received By Job
	0  -  Total Bytes Sent By Job
	0  -  Total Bytes Received By Job
	Partitionable Resources :    Usage  Request Allocated 
	   admin_mutex_1         :                           0 
	   admin_mutex_2         :                           0 
	   admin_mutex_3         :                           0 
	   Cpus                  :     0.98        1         1 
	   Disk (KB)             :    10        2048      5480 
	   GPUs                  :                           0 
	   machine_token         :                           0 
	   Memory (MB)           :   747        6000      6016 
	   TimeExecute (s)       :  2495                       
	   TimeSlotBusy (s)      :  2495                       

	Job terminated of its own accord at 2026-06-02T22:46:07Z with exit-code 0.
...
