000 (19534143.000.000) 2026-06-02 15:51:53 Job submitted from host: <10.128.10.103:9618?addrs=10.128.10.103-9618&alias=npx-submitter.icecube.wisc.edu&noUDP&sock=schedd_2449_6386>
    DAG Node: Drootprod_20120625_36555
...
001 (19534143.000.000) 2026-06-02 16:28:45 Job executing on host: <10.128.10.117:43719?addrs=10.128.10.117-43719&alias=n-gibyte-02.icecube.wisc.edu>
	SlotName: slot1_221@n-gibyte-02.icecube.wisc.edu
	admin_mutex_1 = 0
	admin_mutex_2 = 0
	admin_mutex_3 = 0
	CondorScratchDir = "/scratch/condor/dir_3448544"
	Cpus = 1
	Disk = 5480
	GPUs = 0
	machine_token = 0
	Memory = 6016
...
006 (19534143.000.000) 2026-06-02 16:28:58 Image size of job updated: 118156
	116  -  MemoryUsage of job (MB)
	118156  -  ResidentSetSize of job (KB)
...
006 (19534143.000.000) 2026-06-02 16:33:58 Image size of job updated: 139456
	137  -  MemoryUsage of job (MB)
	139456  -  ResidentSetSize of job (KB)
...
006 (19534143.000.000) 2026-06-02 16:38:59 Image size of job updated: 154944
	152  -  MemoryUsage of job (MB)
	154944  -  ResidentSetSize of job (KB)
...
006 (19534143.000.000) 2026-06-02 16:43:59 Image size of job updated: 171560
	168  -  MemoryUsage of job (MB)
	171560  -  ResidentSetSize of job (KB)
...
006 (19534143.000.000) 2026-06-02 16:49:00 Image size of job updated: 283308
	277  -  MemoryUsage of job (MB)
	283308  -  ResidentSetSize of job (KB)
...
006 (19534143.000.000) 2026-06-02 16:54:00 Image size of job updated: 407880
	399  -  MemoryUsage of job (MB)
	407880  -  ResidentSetSize of job (KB)
...
006 (19534143.000.000) 2026-06-02 16:59:01 Image size of job updated: 421756
	412  -  MemoryUsage of job (MB)
	421756  -  ResidentSetSize of job (KB)
...
006 (19534143.000.000) 2026-06-02 17:04:01 Image size of job updated: 723500
	707  -  MemoryUsage of job (MB)
	723500  -  ResidentSetSize of job (KB)
...
006 (19534143.000.000) 2026-06-02 17:08:58 Image size of job updated: 743636
	707  -  MemoryUsage of job (MB)
	723500  -  ResidentSetSize of job (KB)
...
005 (19534143.000.000) 2026-06-02 17:08:58 Job terminated.
	(1) Normal termination (return value 0)
		Usr 0 00:38:37, Sys 0 00:00:23  -  Run Remote Usage
		Usr 0 00:00:00, Sys 0 00:00:00  -  Run Local Usage
		Usr 0 00:38:37, Sys 0 00:00:23  -  Total Remote Usage
		Usr 0 00:00:00, Sys 0 00:00:00  -  Total Local Usage
	0  -  Run Bytes Sent By Job
	0  -  Run Bytes Received By Job
	0  -  Total Bytes Sent By Job
	0  -  Total Bytes Received By Job
	Partitionable Resources :    Usage  Request Allocated 
	   admin_mutex_1         :                           0 
	   admin_mutex_2         :                           0 
	   admin_mutex_3         :                           0 
	   Cpus                  :     0.98        1         1 
	   Disk (KB)             :    10        2048      5480 
	   GPUs                  :                           0 
	   machine_token         :                           0 
	   Memory (MB)           :   707        6000      6016 
	   TimeExecute (s)       :  2413                       
	   TimeSlotBusy (s)      :  2415                       

	Job terminated of its own accord at 2026-06-02T22:08:58Z with exit-code 0.
...
