000 (19536942.000.000) 2026-06-02 15:57:35 Job submitted from host: <10.128.10.103:9618?addrs=10.128.10.103-9618&alias=npx-submitter.icecube.wisc.edu&noUDP&sock=schedd_2449_6386>
    DAG Node: Drootprod_20121224_74593
...
001 (19536942.000.000) 2026-06-02 17:29:23 Job executing on host: <10.128.10.115:33587?addrs=10.128.10.115-33587&alias=n-gibyte-00.icecube.wisc.edu>
	SlotName: slot1_125@n-gibyte-00.icecube.wisc.edu
	admin_mutex_1 = 0
	admin_mutex_2 = 0
	admin_mutex_3 = 0
	CondorScratchDir = "/scratch/condor/dir_2403697"
	Cpus = 1
	Disk = 5480
	GPUs = 0
	machine_token = 0
	Memory = 6016
...
006 (19536942.000.000) 2026-06-02 17:29:37 Image size of job updated: 119240
	117  -  MemoryUsage of job (MB)
	119240  -  ResidentSetSize of job (KB)
...
006 (19536942.000.000) 2026-06-02 17:34:38 Image size of job updated: 142384
	140  -  MemoryUsage of job (MB)
	142384  -  ResidentSetSize of job (KB)
...
006 (19536942.000.000) 2026-06-02 17:39:38 Image size of job updated: 161672
	158  -  MemoryUsage of job (MB)
	161672  -  ResidentSetSize of job (KB)
...
006 (19536942.000.000) 2026-06-02 17:44:39 Image size of job updated: 275920
	270  -  MemoryUsage of job (MB)
	275920  -  ResidentSetSize of job (KB)
...
006 (19536942.000.000) 2026-06-02 17:49:39 Image size of job updated: 291380
	285  -  MemoryUsage of job (MB)
	291380  -  ResidentSetSize of job (KB)
...
006 (19536942.000.000) 2026-06-02 17:53:01 Image size of job updated: 410988
	285  -  MemoryUsage of job (MB)
	291380  -  ResidentSetSize of job (KB)
...
005 (19536942.000.000) 2026-06-02 17:53:01 Job terminated.
	(1) Normal termination (return value 0)
		Usr 0 00:22:26, Sys 0 00:00:15  -  Run Remote Usage
		Usr 0 00:00:00, Sys 0 00:00:00  -  Run Local Usage
		Usr 0 00:22:26, Sys 0 00:00:15  -  Total Remote Usage
		Usr 0 00:00:00, Sys 0 00:00:00  -  Total Local Usage
	0  -  Run Bytes Sent By Job
	0  -  Run Bytes Received By Job
	0  -  Total Bytes Sent By Job
	0  -  Total Bytes Received By Job
	Partitionable Resources :    Usage  Request Allocated 
	   admin_mutex_1         :                           0 
	   admin_mutex_2         :                           0 
	   admin_mutex_3         :                           0 
	   Cpus                  :     0.99        1         1 
	   Disk (KB)             :    12        2048      5480 
	   GPUs                  :                           0 
	   machine_token         :                           0 
	   Memory (MB)           :   285        6000      6016 
	   TimeExecute (s)       :  1418                       
	   TimeSlotBusy (s)      :  1418                       

	Job terminated of its own accord at 2026-06-02T22:53:01Z with exit-code 0.
...
