000 (19536300.000.000) 2026-06-02 15:56:10 Job submitted from host: <10.128.10.103:9618?addrs=10.128.10.103-9618&alias=npx-submitter.icecube.wisc.edu&noUDP&sock=schedd_2449_6386>
    DAG Node: Drootprod_20121110_92783
...
001 (19536300.000.000) 2026-06-02 17:18:03 Job executing on host: <10.128.10.117:43719?addrs=10.128.10.117-43719&alias=n-gibyte-02.icecube.wisc.edu>
	SlotName: slot1_191@n-gibyte-02.icecube.wisc.edu
	admin_mutex_1 = 0
	admin_mutex_2 = 0
	admin_mutex_3 = 0
	CondorScratchDir = "/scratch/condor/dir_3652188"
	Cpus = 1
	Disk = 5480
	GPUs = 0
	machine_token = 0
	Memory = 6016
...
006 (19536300.000.000) 2026-06-02 17:18:16 Image size of job updated: 119480
	117  -  MemoryUsage of job (MB)
	119480  -  ResidentSetSize of job (KB)
...
006 (19536300.000.000) 2026-06-02 17:23:16 Image size of job updated: 140324
	138  -  MemoryUsage of job (MB)
	140324  -  ResidentSetSize of job (KB)
...
006 (19536300.000.000) 2026-06-02 17:28:16 Image size of job updated: 159236
	156  -  MemoryUsage of job (MB)
	159236  -  ResidentSetSize of job (KB)
...
006 (19536300.000.000) 2026-06-02 17:33:16 Image size of job updated: 271396
	266  -  MemoryUsage of job (MB)
	271396  -  ResidentSetSize of job (KB)
...
006 (19536300.000.000) 2026-06-02 17:38:16 Image size of job updated: 289176
	283  -  MemoryUsage of job (MB)
	289176  -  ResidentSetSize of job (KB)
...
006 (19536300.000.000) 2026-06-02 17:43:17 Image size of job updated: 418368
	409  -  MemoryUsage of job (MB)
	418368  -  ResidentSetSize of job (KB)
...
006 (19536300.000.000) 2026-06-02 17:48:17 Image size of job updated: 719440
	703  -  MemoryUsage of job (MB)
	719440  -  ResidentSetSize of job (KB)
...
006 (19536300.000.000) 2026-06-02 17:53:18 Image size of job updated: 733228
	717  -  MemoryUsage of job (MB)
	733228  -  ResidentSetSize of job (KB)
...
006 (19536300.000.000) 2026-06-02 17:58:18 Image size of job updated: 749560
	732  -  MemoryUsage of job (MB)
	749560  -  ResidentSetSize of job (KB)
...
006 (19536300.000.000) 2026-06-02 18:03:18 Image size of job updated: 764844
	747  -  MemoryUsage of job (MB)
	764844  -  ResidentSetSize of job (KB)
...
006 (19536300.000.000) 2026-06-02 18:04:56 Image size of job updated: 803372
	747  -  MemoryUsage of job (MB)
	764844  -  ResidentSetSize of job (KB)
...
005 (19536300.000.000) 2026-06-02 18:04:56 Job terminated.
	(1) Normal termination (return value 0)
		Usr 0 00:45:15, Sys 0 00:00:25  -  Run Remote Usage
		Usr 0 00:00:00, Sys 0 00:00:00  -  Run Local Usage
		Usr 0 00:45:15, Sys 0 00:00:25  -  Total Remote Usage
		Usr 0 00:00:00, Sys 0 00:00:00  -  Total Local Usage
	0  -  Run Bytes Sent By Job
	0  -  Run Bytes Received By Job
	0  -  Total Bytes Sent By Job
	0  -  Total Bytes Received By Job
	Partitionable Resources :    Usage  Request Allocated 
	   admin_mutex_1         :                           0 
	   admin_mutex_2         :                           0 
	   admin_mutex_3         :                           0 
	   Cpus                  :     0.99        1         1 
	   Disk (KB)             :    12        2048      5480 
	   GPUs                  :                           0 
	   machine_token         :                           0 
	   Memory (MB)           :   747        6000      6016 
	   TimeExecute (s)       :  2813                       
	   TimeSlotBusy (s)      :  2814                       

	Job terminated of its own accord at 2026-06-02T23:04:56Z with exit-code 0.
...
