000 (19533483.000.000) 2026-06-02 15:50:29 Job submitted from host: <10.128.10.103:9618?addrs=10.128.10.103-9618&alias=npx-submitter.icecube.wisc.edu&noUDP&sock=schedd_2449_6386>
    DAG Node: Drootprod_20120513_32279
...
001 (19533483.000.000) 2026-06-02 16:14:43 Job executing on host: <10.128.10.115:33587?addrs=10.128.10.115-33587&alias=n-gibyte-00.icecube.wisc.edu>
	SlotName: slot1_330@n-gibyte-00.icecube.wisc.edu
	admin_mutex_1 = 0
	admin_mutex_2 = 0
	admin_mutex_3 = 0
	CondorScratchDir = "/scratch/condor/dir_2109886"
	Cpus = 1
	Disk = 5480
	GPUs = 0
	machine_token = 0
	Memory = 6016
...
006 (19533483.000.000) 2026-06-02 16:14:56 Image size of job updated: 117920
	116  -  MemoryUsage of job (MB)
	117920  -  ResidentSetSize of job (KB)
...
006 (19533483.000.000) 2026-06-02 16:19:57 Image size of job updated: 150208
	147  -  MemoryUsage of job (MB)
	150208  -  ResidentSetSize of job (KB)
...
006 (19533483.000.000) 2026-06-02 16:24:57 Image size of job updated: 171820
	168  -  MemoryUsage of job (MB)
	171820  -  ResidentSetSize of job (KB)
...
006 (19533483.000.000) 2026-06-02 16:29:58 Image size of job updated: 290428
	284  -  MemoryUsage of job (MB)
	290428  -  ResidentSetSize of job (KB)
...
006 (19533483.000.000) 2026-06-02 16:34:58 Image size of job updated: 423720
	414  -  MemoryUsage of job (MB)
	423720  -  ResidentSetSize of job (KB)
...
006 (19533483.000.000) 2026-06-02 16:35:24 Image size of job updated: 432280
	414  -  MemoryUsage of job (MB)
	423720  -  ResidentSetSize of job (KB)
...
005 (19533483.000.000) 2026-06-02 16:35:24 Job terminated.
	(1) Normal termination (return value 0)
		Usr 0 00:19:31, Sys 0 00:00:15  -  Run Remote Usage
		Usr 0 00:00:00, Sys 0 00:00:00  -  Run Local Usage
		Usr 0 00:19:31, Sys 0 00:00:15  -  Total Remote Usage
		Usr 0 00:00:00, Sys 0 00:00:00  -  Total Local Usage
	0  -  Run Bytes Sent By Job
	0  -  Run Bytes Received By Job
	0  -  Total Bytes Sent By Job
	0  -  Total Bytes Received By Job
	Partitionable Resources :    Usage  Request Allocated 
	   admin_mutex_1         :                           0 
	   admin_mutex_2         :                           0 
	   admin_mutex_3         :                           0 
	   Cpus                  :     0.98        1         1 
	   Disk (KB)             :     7        2048      5480 
	   GPUs                  :                           0 
	   machine_token         :                           0 
	   Memory (MB)           :   414        6000      6016 
	   TimeExecute (s)       :  1241                       
	   TimeSlotBusy (s)      :  1241                       

	Job terminated of its own accord at 2026-06-02T21:35:24Z with exit-code 0.
...
