000 (19532741.000.000) 2026-06-02 15:48:38 Job submitted from host: <10.128.10.103:9618?addrs=10.128.10.103-9618&alias=npx-submitter.icecube.wisc.edu&noUDP&sock=schedd_2449_6386>
    DAG Node: Drootprod_20120314_91047
...
001 (19532741.000.000) 2026-06-02 15:49:00 Job executing on host: <10.128.10.115:33587?addrs=10.128.10.115-33587&alias=n-gibyte-00.icecube.wisc.edu>
	SlotName: slot1_151@n-gibyte-00.icecube.wisc.edu
	admin_mutex_1 = 0
	admin_mutex_2 = 0
	admin_mutex_3 = 0
	CondorScratchDir = "/scratch/condor/dir_2018691"
	Cpus = 1
	Disk = 5480
	GPUs = 0
	machine_token = 0
	Memory = 6016
...
006 (19532741.000.000) 2026-06-02 15:49:14 Image size of job updated: 120332
	118  -  MemoryUsage of job (MB)
	120332  -  ResidentSetSize of job (KB)
...
006 (19532741.000.000) 2026-06-02 15:54:15 Image size of job updated: 150416
	147  -  MemoryUsage of job (MB)
	150416  -  ResidentSetSize of job (KB)
...
006 (19532741.000.000) 2026-06-02 15:59:15 Image size of job updated: 172236
	169  -  MemoryUsage of job (MB)
	172236  -  ResidentSetSize of job (KB)
...
006 (19532741.000.000) 2026-06-02 16:04:16 Image size of job updated: 290880
	285  -  MemoryUsage of job (MB)
	290880  -  ResidentSetSize of job (KB)
...
006 (19532741.000.000) 2026-06-02 16:09:16 Image size of job updated: 423568
	414  -  MemoryUsage of job (MB)
	423568  -  ResidentSetSize of job (KB)
...
006 (19532741.000.000) 2026-06-02 16:14:17 Image size of job updated: 731664
	715  -  MemoryUsage of job (MB)
	731664  -  ResidentSetSize of job (KB)
...
006 (19532741.000.000) 2026-06-02 16:19:18 Image size of job updated: 758568
	741  -  MemoryUsage of job (MB)
	758568  -  ResidentSetSize of job (KB)
...
006 (19532741.000.000) 2026-06-02 16:24:18 Image size of job updated: 798792
	781  -  MemoryUsage of job (MB)
	798792  -  ResidentSetSize of job (KB)
...
006 (19532741.000.000) 2026-06-02 16:25:50 Image size of job updated: 804028
	781  -  MemoryUsage of job (MB)
	798792  -  ResidentSetSize of job (KB)
...
005 (19532741.000.000) 2026-06-02 16:25:50 Job terminated.
	(1) Normal termination (return value 0)
		Usr 0 00:34:51, Sys 0 00:00:25  -  Run Remote Usage
		Usr 0 00:00:00, Sys 0 00:00:00  -  Run Local Usage
		Usr 0 00:34:51, Sys 0 00:00:25  -  Total Remote Usage
		Usr 0 00:00:00, Sys 0 00:00:00  -  Total Local Usage
	0  -  Run Bytes Sent By Job
	0  -  Run Bytes Received By Job
	0  -  Total Bytes Sent By Job
	0  -  Total Bytes Received By Job
	Partitionable Resources :    Usage  Request Allocated 
	   admin_mutex_1         :                           0 
	   admin_mutex_2         :                           0 
	   admin_mutex_3         :                           0 
	   Cpus                  :     0.93        1         1 
	   Disk (KB)             :    10        2048      5480 
	   GPUs                  :                           0 
	   machine_token         :                           0 
	   Memory (MB)           :   781        6000      6016 
	   TimeExecute (s)       :  2210                       
	   TimeSlotBusy (s)      :  2211                       

	Job terminated of its own accord at 2026-06-02T21:25:50Z with exit-code 0.
...
