000 (19532536.000.000) 2026-06-02 15:47:56 Job submitted from host: <10.128.10.103:9618?addrs=10.128.10.103-9618&alias=npx-submitter.icecube.wisc.edu&noUDP&sock=schedd_2449_6386>
    DAG Node: Drootprod_20120222_51554
...
001 (19532536.000.000) 2026-06-02 15:48:02 Job executing on host: <10.128.10.116:38163?addrs=10.128.10.116-38163&alias=n-gibyte-01.icecube.wisc.edu>
	SlotName: slot1_376@n-gibyte-01.icecube.wisc.edu
	admin_mutex_1 = 0
	admin_mutex_2 = 0
	admin_mutex_3 = 0
	CondorScratchDir = "/scratch/condor/dir_2351750"
	Cpus = 1
	Disk = 5480
	GPUs = 0
	machine_token = 0
	Memory = 6016
...
006 (19532536.000.000) 2026-06-02 15:48:11 Image size of job updated: 120384
	118  -  MemoryUsage of job (MB)
	120384  -  ResidentSetSize of job (KB)
...
006 (19532536.000.000) 2026-06-02 15:53:12 Image size of job updated: 141516
	139  -  MemoryUsage of job (MB)
	141516  -  ResidentSetSize of job (KB)
...
006 (19532536.000.000) 2026-06-02 15:58:12 Image size of job updated: 160180
	157  -  MemoryUsage of job (MB)
	160180  -  ResidentSetSize of job (KB)
...
006 (19532536.000.000) 2026-06-02 16:03:13 Image size of job updated: 273184
	267  -  MemoryUsage of job (MB)
	273184  -  ResidentSetSize of job (KB)
...
006 (19532536.000.000) 2026-06-02 16:08:14 Image size of job updated: 292128
	286  -  MemoryUsage of job (MB)
	292128  -  ResidentSetSize of job (KB)
...
006 (19532536.000.000) 2026-06-02 16:13:14 Image size of job updated: 420688
	411  -  MemoryUsage of job (MB)
	420688  -  ResidentSetSize of job (KB)
...
006 (19532536.000.000) 2026-06-02 16:18:15 Image size of job updated: 725324
	709  -  MemoryUsage of job (MB)
	725324  -  ResidentSetSize of job (KB)
...
006 (19532536.000.000) 2026-06-02 16:23:15 Image size of job updated: 748708
	732  -  MemoryUsage of job (MB)
	748708  -  ResidentSetSize of job (KB)
...
022 (19532536.000.000) 2026-06-02 16:23:27 Job disconnected, attempting to reconnect
    Socket between submit and execute hosts closed unexpectedly
    Trying to reconnect to slot1_376@n-gibyte-01.icecube.wisc.edu <10.128.10.116:38163?addrs=10.128.10.116-38163&alias=n-gibyte-01.icecube.wisc.edu>
...
024 (19532536.000.000) 2026-06-02 17:03:27 Job reconnection failed
    Job disconnected too long: JobLeaseDuration (2400 seconds) expired
    Can not reconnect to slot1_376@n-gibyte-01.icecube.wisc.edu, rescheduling job
...
004 (19532536.000.000) 2026-06-02 17:03:37 Job was evicted.
	(0) CPU times
		Usr 0 00:33:53, Sys 0 00:00:19  -  Run Remote Usage
		Usr 0 00:00:00, Sys 0 00:00:00  -  Run Local Usage
	0  -  Run Bytes Sent By Job
	0  -  Run Bytes Received By Job
	Job disconnected too long: JobLeaseDuration (2400 seconds) expired
	Partitionable Resources :    Usage  Request Allocated 
	   admin_mutex_1         :                           0 
	   admin_mutex_2         :                           0 
	   admin_mutex_3         :                           0 
	   Cpus                  :     0.97        1         1 
	   Disk (KB)             :    10        2048      5480 
	   GPUs                  :                           0 
	   machine_token         :                           0 
	   Memory (MB)           :   732        6000      6016 
...
001 (19532536.000.000) 2026-06-02 17:04:47 Job executing on host: <10.128.10.115:33587?addrs=10.128.10.115-33587&alias=n-gibyte-00.icecube.wisc.edu>
	SlotName: slot1_421@n-gibyte-00.icecube.wisc.edu
	admin_mutex_1 = 0
	admin_mutex_2 = 0
	admin_mutex_3 = 0
	CondorScratchDir = "/scratch/condor/dir_2302347"
	Cpus = 1
	Disk = 5480
	GPUs = 0
	machine_token = 0
	Memory = 6016
...
006 (19532536.000.000) 2026-06-02 17:45:05 Image size of job updated: 762060
	745  -  MemoryUsage of job (MB)
	762060  -  ResidentSetSize of job (KB)
...
006 (19532536.000.000) 2026-06-02 17:50:05 Image size of job updated: 792716
	775  -  MemoryUsage of job (MB)
	792716  -  ResidentSetSize of job (KB)
...
006 (19532536.000.000) 2026-06-02 17:52:29 Image size of job updated: 804556
	775  -  MemoryUsage of job (MB)
	792716  -  ResidentSetSize of job (KB)
...
005 (19532536.000.000) 2026-06-02 17:52:29 Job terminated.
	(1) Normal termination (return value 0)
		Usr 0 00:45:59, Sys 0 00:00:27  -  Run Remote Usage
		Usr 0 00:00:00, Sys 0 00:00:00  -  Run Local Usage
		Usr 0 01:19:52, Sys 0 00:00:46  -  Total Remote Usage
		Usr 0 00:00:00, Sys 0 00:00:00  -  Total Local Usage
	0  -  Run Bytes Sent By Job
	0  -  Run Bytes Received By Job
	0  -  Total Bytes Sent By Job
	0  -  Total Bytes Received By Job
	Partitionable Resources :    Usage  Request Allocated 
	   admin_mutex_1         :                           0 
	   admin_mutex_2         :                           0 
	   admin_mutex_3         :                           0 
	   Cpus                  :     1.00        1         1 
	   Disk (KB)             :    10        2048      5480 
	   GPUs                  :                           0 
	   machine_token         :                           0 
	   Memory (MB)           :   775        6000      6016 
	   TimeExecute (s)       :  2862                       
	   TimeSlotBusy (s)      :  2862                       

	Job terminated of its own accord at 2026-06-02T22:52:29Z with exit-code 0.
...
