000 (19532296.000.000) 2026-06-02 15:46:57 Job submitted from host: <10.128.10.103:9618?addrs=10.128.10.103-9618&alias=npx-submitter.icecube.wisc.edu&noUDP&sock=schedd_2449_6386>
    DAG Node: Drootprod_20120119_84971
...
001 (19532296.000.000) 2026-06-02 15:47:11 Job executing on host: <10.128.10.191:42321?addrs=10.128.10.191-42321&alias=n-smepyc-04.icecube.wisc.edu>
	SlotName: slot1_28@n-smepyc-04.icecube.wisc.edu
	admin_mutex_1 = 0
	admin_mutex_2 = 0
	admin_mutex_3 = 0
	CondorScratchDir = "/scratch/condor/dir_4168130"
	Cpus = 1
	Disk = 3072
	GPUs = 0
	machine_token = 0
	Memory = 6016
...
006 (19532296.000.000) 2026-06-02 15:47:25 Image size of job updated: 122164
	120  -  MemoryUsage of job (MB)
	122164  -  ResidentSetSize of job (KB)
...
006 (19532296.000.000) 2026-06-02 15:52:25 Image size of job updated: 172344
	169  -  MemoryUsage of job (MB)
	172344  -  ResidentSetSize of job (KB)
...
006 (19532296.000.000) 2026-06-02 15:57:25 Image size of job updated: 706364
	690  -  MemoryUsage of job (MB)
	706364  -  ResidentSetSize of job (KB)
...
006 (19532296.000.000) 2026-06-02 16:02:26 Image size of job updated: 788032
	770  -  MemoryUsage of job (MB)
	788032  -  ResidentSetSize of job (KB)
...
006 (19532296.000.000) 2026-06-02 16:03:21 Image size of job updated: 803800
	770  -  MemoryUsage of job (MB)
	788032  -  ResidentSetSize of job (KB)
...
005 (19532296.000.000) 2026-06-02 16:03:21 Job terminated.
	(1) Normal termination (return value 0)
		Usr 0 00:14:56, Sys 0 00:00:15  -  Run Remote Usage
		Usr 0 00:00:00, Sys 0 00:00:00  -  Run Local Usage
		Usr 0 00:14:56, Sys 0 00:00:15  -  Total Remote Usage
		Usr 0 00:00:00, Sys 0 00:00:00  -  Total Local Usage
	0  -  Run Bytes Sent By Job
	0  -  Run Bytes Received By Job
	0  -  Total Bytes Sent By Job
	0  -  Total Bytes Received By Job
	Partitionable Resources :    Usage  Request Allocated 
	   admin_mutex_1         :                           0 
	   admin_mutex_2         :                           0 
	   admin_mutex_3         :                           0 
	   Cpus                  :     0.99        1         1 
	   Disk (KB)             :    10        2048      3072 
	   GPUs                  :                           0 
	   machine_token         :                           0 
	   Memory (MB)           :   770        6000      6016 
	   TimeExecute (s)       :   970                       
	   TimeSlotBusy (s)      :   970                       

	Job terminated of its own accord at 2026-06-02T21:03:21Z with exit-code 0.
...
