000 (19533791.000.000) 2026-06-02 15:51:09 Job submitted from host: <10.128.10.103:9618?addrs=10.128.10.103-9618&alias=npx-submitter.icecube.wisc.edu&noUDP&sock=schedd_2449_6386>
    DAG Node: Drootprod_20120601_84482
...
001 (19533791.000.000) 2026-06-02 16:20:17 Job executing on host: <10.128.10.238:43797?addrs=10.128.10.238-43797&alias=n-gpu-42.icecube.wisc.edu>
	SlotName: slot1_73@n-gpu-42.icecube.wisc.edu
	admin_mutex_1 = 0
	admin_mutex_2 = 0
	admin_mutex_3 = 0
	AvailableGPUs = {  }
	CondorScratchDir = "/scratch/condor/dir_1992560"
	Cpus = 1
	Disk = 3072
	GPUs = 0
	machine_token = 0
	Memory = 6016
...
006 (19533791.000.000) 2026-06-02 16:20:30 Image size of job updated: 118224
	116  -  MemoryUsage of job (MB)
	118224  -  ResidentSetSize of job (KB)
...
006 (19533791.000.000) 2026-06-02 16:25:30 Image size of job updated: 150956
	148  -  MemoryUsage of job (MB)
	150956  -  ResidentSetSize of job (KB)
...
006 (19533791.000.000) 2026-06-02 16:30:31 Image size of job updated: 275460
	270  -  MemoryUsage of job (MB)
	275460  -  ResidentSetSize of job (KB)
...
006 (19533791.000.000) 2026-06-02 16:35:32 Image size of job updated: 417412
	408  -  MemoryUsage of job (MB)
	417412  -  ResidentSetSize of job (KB)
...
006 (19533791.000.000) 2026-06-02 16:40:32 Image size of job updated: 733500
	717  -  MemoryUsage of job (MB)
	733500  -  ResidentSetSize of job (KB)
...
006 (19533791.000.000) 2026-06-02 16:45:33 Image size of job updated: 771876
	754  -  MemoryUsage of job (MB)
	771876  -  ResidentSetSize of job (KB)
...
006 (19533791.000.000) 2026-06-02 16:50:34 Image size of job updated: 877980
	858  -  MemoryUsage of job (MB)
	877980  -  ResidentSetSize of job (KB)
...
006 (19533791.000.000) 2026-06-02 16:53:38 Image size of job updated: 930604
	858  -  MemoryUsage of job (MB)
	877980  -  ResidentSetSize of job (KB)
...
005 (19533791.000.000) 2026-06-02 16:53:38 Job terminated.
	(1) Normal termination (return value 0)
		Usr 0 00:31:23, Sys 0 00:00:30  -  Run Remote Usage
		Usr 0 00:00:00, Sys 0 00:00:00  -  Run Local Usage
		Usr 0 00:31:23, Sys 0 00:00:30  -  Total Remote Usage
		Usr 0 00:00:00, Sys 0 00:00:00  -  Total Local Usage
	0  -  Run Bytes Sent By Job
	0  -  Run Bytes Received By Job
	0  -  Total Bytes Sent By Job
	0  -  Total Bytes Received By Job
	Partitionable Resources :    Usage  Request Allocated 
	   admin_mutex_1         :                           0 
	   admin_mutex_2         :                           0 
	   admin_mutex_3         :                           0 
	   Cpus                  :     0.97        1         1 
	   Disk (KB)             :    10        2048      3072 
	   GPUs                  :                           0 
	   machine_token         :                           0 
	   Memory (MB)           :   858        6000      6016 
	   TimeExecute (s)       :  2001                       
	   TimeSlotBusy (s)      :  2002                       

	Job terminated of its own accord at 2026-06-02T21:53:38Z with exit-code 0.
...
