000 (19535443.000.000) 2026-06-02 15:54:21 Job submitted from host: <10.128.10.103:9618?addrs=10.128.10.103-9618&alias=npx-submitter.icecube.wisc.edu&noUDP&sock=schedd_2449_6386>
    DAG Node: Drootprod_20120913_16111
...
001 (19535443.000.000) 2026-06-02 16:53:22 Job executing on host: <10.128.10.191:42321?addrs=10.128.10.191-42321&alias=n-smepyc-04.icecube.wisc.edu>
	SlotName: slot1_60@n-smepyc-04.icecube.wisc.edu
	admin_mutex_1 = 0
	admin_mutex_2 = 0
	admin_mutex_3 = 0
	CondorScratchDir = "/scratch/condor/dir_237693"
	Cpus = 1
	Disk = 3072
	GPUs = 0
	machine_token = 0
	Memory = 6016
...
006 (19535443.000.000) 2026-06-02 16:53:36 Image size of job updated: 123244
	121  -  MemoryUsage of job (MB)
	123244  -  ResidentSetSize of job (KB)
...
006 (19535443.000.000) 2026-06-02 16:58:37 Image size of job updated: 173292
	170  -  MemoryUsage of job (MB)
	173292  -  ResidentSetSize of job (KB)
...
006 (19535443.000.000) 2026-06-02 17:03:37 Image size of job updated: 413816
	405  -  MemoryUsage of job (MB)
	413816  -  ResidentSetSize of job (KB)
...
006 (19535443.000.000) 2026-06-02 17:08:38 Image size of job updated: 742772
	726  -  MemoryUsage of job (MB)
	742772  -  ResidentSetSize of job (KB)
...
006 (19535443.000.000) 2026-06-02 17:13:39 Image size of job updated: 803324
	785  -  MemoryUsage of job (MB)
	803324  -  ResidentSetSize of job (KB)
...
006 (19535443.000.000) 2026-06-02 17:14:04 Image size of job updated: 896936
	785  -  MemoryUsage of job (MB)
	803324  -  ResidentSetSize of job (KB)
...
005 (19535443.000.000) 2026-06-02 17:14:04 Job terminated.
	(1) Normal termination (return value 0)
		Usr 0 00:19:40, Sys 0 00:00:20  -  Run Remote Usage
		Usr 0 00:00:00, Sys 0 00:00:00  -  Run Local Usage
		Usr 0 00:19:40, Sys 0 00:00:20  -  Total Remote Usage
		Usr 0 00:00:00, Sys 0 00:00:00  -  Total Local Usage
	0  -  Run Bytes Sent By Job
	0  -  Run Bytes Received By Job
	0  -  Total Bytes Sent By Job
	0  -  Total Bytes Received By Job
	Partitionable Resources :    Usage  Request Allocated 
	   admin_mutex_1         :                           0 
	   admin_mutex_2         :                           0 
	   admin_mutex_3         :                           0 
	   Cpus                  :     0.99        1         1 
	   Disk (KB)             :    10        2048      3072 
	   GPUs                  :                           0 
	   machine_token         :                           0 
	   Memory (MB)           :   785        6000      6016 
	   TimeExecute (s)       :  1242                       
	   TimeSlotBusy (s)      :  1242                       

	Job terminated of its own accord at 2026-06-02T22:14:04Z with exit-code 0.
...
