000 (19535316.000.000) 2026-06-02 15:54:05 Job submitted from host: <10.128.10.103:9618?addrs=10.128.10.103-9618&alias=npx-submitter.icecube.wisc.edu&noUDP&sock=schedd_2449_6386>
    DAG Node: Drootprod_20120902_36129
...
001 (19535316.000.000) 2026-06-02 16:50:51 Job executing on host: <10.128.10.115:33587?addrs=10.128.10.115-33587&alias=n-gibyte-00.icecube.wisc.edu>
	SlotName: slot1_199@n-gibyte-00.icecube.wisc.edu
	admin_mutex_1 = 0
	admin_mutex_2 = 0
	admin_mutex_3 = 0
	CondorScratchDir = "/scratch/condor/dir_2247274"
	Cpus = 1
	Disk = 5480
	GPUs = 0
	machine_token = 0
	Memory = 6016
...
006 (19535316.000.000) 2026-06-02 16:51:05 Image size of job updated: 120416
	118  -  MemoryUsage of job (MB)
	120416  -  ResidentSetSize of job (KB)
...
006 (19535316.000.000) 2026-06-02 16:56:06 Image size of job updated: 142428
	140  -  MemoryUsage of job (MB)
	142428  -  ResidentSetSize of job (KB)
...
006 (19535316.000.000) 2026-06-02 17:01:06 Image size of job updated: 161108
	158  -  MemoryUsage of job (MB)
	161108  -  ResidentSetSize of job (KB)
...
006 (19535316.000.000) 2026-06-02 17:06:06 Image size of job updated: 274704
	269  -  MemoryUsage of job (MB)
	274704  -  ResidentSetSize of job (KB)
...
006 (19535316.000.000) 2026-06-02 17:11:07 Image size of job updated: 406980
	398  -  MemoryUsage of job (MB)
	406980  -  ResidentSetSize of job (KB)
...
006 (19535316.000.000) 2026-06-02 17:16:07 Image size of job updated: 565468
	553  -  MemoryUsage of job (MB)
	565468  -  ResidentSetSize of job (KB)
...
006 (19535316.000.000) 2026-06-02 17:18:45 Image size of job updated: 725820
	553  -  MemoryUsage of job (MB)
	565468  -  ResidentSetSize of job (KB)
...
005 (19535316.000.000) 2026-06-02 17:18:45 Job terminated.
	(1) Normal termination (return value 0)
		Usr 0 00:26:40, Sys 0 00:00:18  -  Run Remote Usage
		Usr 0 00:00:00, Sys 0 00:00:00  -  Run Local Usage
		Usr 0 00:26:40, Sys 0 00:00:18  -  Total Remote Usage
		Usr 0 00:00:00, Sys 0 00:00:00  -  Total Local Usage
	0  -  Run Bytes Sent By Job
	0  -  Run Bytes Received By Job
	0  -  Total Bytes Sent By Job
	0  -  Total Bytes Received By Job
	Partitionable Resources :    Usage  Request Allocated 
	   admin_mutex_1         :                           0 
	   admin_mutex_2         :                           0 
	   admin_mutex_3         :                           0 
	   Cpus                  :     0.98        1         1 
	   Disk (KB)             :     7        2048      5480 
	   GPUs                  :                           0 
	   machine_token         :                           0 
	   Memory (MB)           :   553        6000      6016 
	   TimeExecute (s)       :  1674                       
	   TimeSlotBusy (s)      :  1674                       

	Job terminated of its own accord at 2026-06-02T22:18:45Z with exit-code 0.
...
