000 (19532611.000.000) 2026-06-02 15:48:13 Job submitted from host: <10.128.10.103:9618?addrs=10.128.10.103-9618&alias=npx-submitter.icecube.wisc.edu&noUDP&sock=schedd_2449_6386>
    DAG Node: Drootprod_20120229_27422
...
001 (19532611.000.000) 2026-06-02 15:48:21 Job executing on host: <10.128.10.116:38163?addrs=10.128.10.116-38163&alias=n-gibyte-01.icecube.wisc.edu>
	SlotName: slot1_427@n-gibyte-01.icecube.wisc.edu
	admin_mutex_1 = 0
	admin_mutex_2 = 0
	admin_mutex_3 = 0
	CondorScratchDir = "/scratch/condor/dir_2359481"
	Cpus = 1
	Disk = 5480
	GPUs = 0
	machine_token = 0
	Memory = 6016
...
006 (19532611.000.000) 2026-06-02 15:48:30 Image size of job updated: 121232
	119  -  MemoryUsage of job (MB)
	121232  -  ResidentSetSize of job (KB)
...
006 (19532611.000.000) 2026-06-02 15:53:31 Image size of job updated: 141108
	138  -  MemoryUsage of job (MB)
	141108  -  ResidentSetSize of job (KB)
...
006 (19532611.000.000) 2026-06-02 15:58:31 Image size of job updated: 159908
	157  -  MemoryUsage of job (MB)
	159908  -  ResidentSetSize of job (KB)
...
006 (19532611.000.000) 2026-06-02 16:03:32 Image size of job updated: 272692
	267  -  MemoryUsage of job (MB)
	272692  -  ResidentSetSize of job (KB)
...
006 (19532611.000.000) 2026-06-02 16:08:32 Image size of job updated: 291236
	285  -  MemoryUsage of job (MB)
	291236  -  ResidentSetSize of job (KB)
...
006 (19532611.000.000) 2026-06-02 16:13:33 Image size of job updated: 420960
	412  -  MemoryUsage of job (MB)
	420960  -  ResidentSetSize of job (KB)
...
006 (19532611.000.000) 2026-06-02 16:18:33 Image size of job updated: 725700
	709  -  MemoryUsage of job (MB)
	725700  -  ResidentSetSize of job (KB)
...
022 (19532611.000.000) 2026-06-02 16:23:27 Job disconnected, attempting to reconnect
    Socket between submit and execute hosts closed unexpectedly
    Trying to reconnect to slot1_427@n-gibyte-01.icecube.wisc.edu <10.128.10.116:38163?addrs=10.128.10.116-38163&alias=n-gibyte-01.icecube.wisc.edu>
...
024 (19532611.000.000) 2026-06-02 17:03:27 Job reconnection failed
    Job disconnected too long: JobLeaseDuration (2400 seconds) expired
    Can not reconnect to slot1_427@n-gibyte-01.icecube.wisc.edu, rescheduling job
...
004 (19532611.000.000) 2026-06-02 17:03:37 Job was evicted.
	(0) CPU times
		Usr 0 00:29:04, Sys 0 00:00:16  -  Run Remote Usage
		Usr 0 00:00:00, Sys 0 00:00:00  -  Run Local Usage
	0  -  Run Bytes Sent By Job
	0  -  Run Bytes Received By Job
	Job disconnected too long: JobLeaseDuration (2400 seconds) expired
	Partitionable Resources :    Usage  Request Allocated 
	   admin_mutex_1         :                           0 
	   admin_mutex_2         :                           0 
	   admin_mutex_3         :                           0 
	   Cpus                  :     0.98        1         1 
	   Disk (KB)             :    10        2048      5480 
	   GPUs                  :                           0 
	   machine_token         :                           0 
	   Memory (MB)           :   709        6000      6016 
...
001 (19532611.000.000) 2026-06-02 17:05:38 Job executing on host: <10.128.10.192:35633?addrs=10.128.10.192-35633&alias=n-smepyc-05.icecube.wisc.edu>
	SlotName: slot1_78@n-smepyc-05.icecube.wisc.edu
	admin_mutex_1 = 0
	admin_mutex_2 = 0
	admin_mutex_3 = 0
	CondorScratchDir = "/scratch/condor/dir_312389"
	Cpus = 1
	Disk = 3072
	GPUs = 0
	machine_token = 0
	Memory = 6016
...
006 (19532611.000.000) 2026-06-02 17:20:11 Image size of job updated: 789040
	733  -  MemoryUsage of job (MB)
	750000  -  ResidentSetSize of job (KB)
...
005 (19532611.000.000) 2026-06-02 17:20:11 Job terminated.
	(1) Normal termination (return value 0)
		Usr 0 00:13:49, Sys 0 00:00:15  -  Run Remote Usage
		Usr 0 00:00:00, Sys 0 00:00:00  -  Run Local Usage
		Usr 0 00:42:53, Sys 0 00:00:31  -  Total Remote Usage
		Usr 0 00:00:00, Sys 0 00:00:00  -  Total Local Usage
	0  -  Run Bytes Sent By Job
	0  -  Run Bytes Received By Job
	0  -  Total Bytes Sent By Job
	0  -  Total Bytes Received By Job
	Partitionable Resources :    Usage  Request Allocated 
	   admin_mutex_1         :                           0 
	   admin_mutex_2         :                           0 
	   admin_mutex_3         :                           0 
	   Cpus                  :     0.97        1         1 
	   Disk (KB)             :    10        2048      3072 
	   GPUs                  :                           0 
	   machine_token         :                           0 
	   Memory (MB)           :   733        6000      6016 
	   TimeExecute (s)       :   873                       
	   TimeSlotBusy (s)      :   874                       

	Job terminated of its own accord at 2026-06-02T22:20:11Z with exit-code 0.
...
