000 (19532234.000.000) 2026-06-02 15:46:37 Job submitted from host: <10.128.10.103:9618?addrs=10.128.10.103-9618&alias=npx-submitter.icecube.wisc.edu&noUDP&sock=schedd_2449_6386>
    DAG Node: Drootprod_20120110_70576
...
001 (19532234.000.000) 2026-06-02 15:46:50 Job executing on host: <10.128.10.192:35633?addrs=10.128.10.192-35633&alias=n-smepyc-05.icecube.wisc.edu>
	SlotName: slot1_62@n-smepyc-05.icecube.wisc.edu
	admin_mutex_1 = 0
	admin_mutex_2 = 0
	admin_mutex_3 = 0
	CondorScratchDir = "/scratch/condor/dir_15847"
	Cpus = 1
	Disk = 3072
	GPUs = 0
	machine_token = 0
	Memory = 6016
...
006 (19532234.000.000) 2026-06-02 15:47:03 Image size of job updated: 119340
	117  -  MemoryUsage of job (MB)
	119340  -  ResidentSetSize of job (KB)
...
006 (19532234.000.000) 2026-06-02 15:52:03 Image size of job updated: 157684
	154  -  MemoryUsage of job (MB)
	157684  -  ResidentSetSize of job (KB)
...
006 (19532234.000.000) 2026-06-02 15:57:04 Image size of job updated: 405588
	397  -  MemoryUsage of job (MB)
	405588  -  ResidentSetSize of job (KB)
...
006 (19532234.000.000) 2026-06-02 16:00:51 Image size of job updated: 728988
	397  -  MemoryUsage of job (MB)
	405588  -  ResidentSetSize of job (KB)
...
005 (19532234.000.000) 2026-06-02 16:00:52 Job terminated.
	(1) Normal termination (return value 0)
		Usr 0 00:13:09, Sys 0 00:00:13  -  Run Remote Usage
		Usr 0 00:00:00, Sys 0 00:00:00  -  Run Local Usage
		Usr 0 00:13:09, Sys 0 00:00:13  -  Total Remote Usage
		Usr 0 00:00:00, Sys 0 00:00:00  -  Total Local Usage
	0  -  Run Bytes Sent By Job
	0  -  Run Bytes Received By Job
	0  -  Total Bytes Sent By Job
	0  -  Total Bytes Received By Job
	Partitionable Resources :    Usage  Request Allocated 
	   admin_mutex_1         :                           0 
	   admin_mutex_2         :                           0 
	   admin_mutex_3         :                           0 
	   Cpus                  :     0.85        1         1 
	   Disk (KB)             :    10        2048      3072 
	   GPUs                  :                           0 
	   machine_token         :                           0 
	   Memory (MB)           :   397        6000      6016 
	   TimeExecute (s)       :   841                       
	   TimeSlotBusy (s)      :   841                       

	Job terminated of its own accord at 2026-06-02T21:00:51Z with exit-code 0.
...
