000 (19533215.000.000) 2026-06-02 15:49:54 Job submitted from host: <10.128.10.103:9618?addrs=10.128.10.103-9618&alias=npx-submitter.icecube.wisc.edu&noUDP&sock=schedd_2449_6386>
    DAG Node: Drootprod_20120423_87134
...
001 (19533215.000.000) 2026-06-02 16:08:32 Job executing on host: <10.128.10.37:35217?addrs=10.128.10.37-35217&alias=n-m610-27.icecube.wisc.edu>
	SlotName: slot1_1@n-m610-27.icecube.wisc.edu
	admin_mutex_1 = 0
	admin_mutex_2 = 0
	admin_mutex_3 = 0
	CondorScratchDir = "/scratch/condor/dir_1615779"
	Cpus = 1
	Disk = 3072
	GPUs = 0
	machine_token = 0
	Memory = 6016
...
006 (19533215.000.000) 2026-06-02 16:08:45 Image size of job updated: 121688
	119  -  MemoryUsage of job (MB)
	121688  -  ResidentSetSize of job (KB)
...
006 (19533215.000.000) 2026-06-02 16:13:45 Image size of job updated: 158020
	155  -  MemoryUsage of job (MB)
	158020  -  ResidentSetSize of job (KB)
...
006 (19533215.000.000) 2026-06-02 16:18:46 Image size of job updated: 288612
	282  -  MemoryUsage of job (MB)
	288612  -  ResidentSetSize of job (KB)
...
006 (19533215.000.000) 2026-06-02 16:23:47 Image size of job updated: 722748
	706  -  MemoryUsage of job (MB)
	722748  -  ResidentSetSize of job (KB)
...
006 (19533215.000.000) 2026-06-02 16:28:47 Image size of job updated: 765676
	748  -  MemoryUsage of job (MB)
	765676  -  ResidentSetSize of job (KB)
...
006 (19533215.000.000) 2026-06-02 16:31:46 Image size of job updated: 824220
	748  -  MemoryUsage of job (MB)
	765676  -  ResidentSetSize of job (KB)
...
005 (19533215.000.000) 2026-06-02 16:31:46 Job terminated.
	(1) Normal termination (return value 0)
		Usr 0 00:21:44, Sys 0 00:00:20  -  Run Remote Usage
		Usr 0 00:00:00, Sys 0 00:00:00  -  Run Local Usage
		Usr 0 00:21:44, Sys 0 00:00:20  -  Total Remote Usage
		Usr 0 00:00:00, Sys 0 00:00:00  -  Total Local Usage
	0  -  Run Bytes Sent By Job
	0  -  Run Bytes Received By Job
	0  -  Total Bytes Sent By Job
	0  -  Total Bytes Received By Job
	Partitionable Resources :    Usage  Request Allocated 
	   admin_mutex_1         :                           0 
	   admin_mutex_2         :                           0 
	   admin_mutex_3         :                           0 
	   Cpus                  :     0.96        1         1 
	   Disk (KB)             :    10        2048      3072 
	   GPUs                  :                           0 
	   machine_token         :                           0 
	   Memory (MB)           :   748        6000      6016 
	   TimeExecute (s)       :  1394                       
	   TimeSlotBusy (s)      :  1394                       

	Job terminated of its own accord at 2026-06-02T21:31:46Z with exit-code 0.
...
