000 (19532847.000.000) 2026-06-02 15:48:57 Job submitted from host: <10.128.10.103:9618?addrs=10.128.10.103-9618&alias=npx-submitter.icecube.wisc.edu&noUDP&sock=schedd_2449_6386>
    DAG Node: Drootprod_20120323_6908
...
001 (19532847.000.000) 2026-06-02 15:54:25 Job executing on host: <10.128.10.192:35633?addrs=10.128.10.192-35633&alias=n-smepyc-05.icecube.wisc.edu>
	SlotName: slot1_72@n-smepyc-05.icecube.wisc.edu
	admin_mutex_1 = 0
	admin_mutex_2 = 0
	admin_mutex_3 = 0
	CondorScratchDir = "/scratch/condor/dir_43913"
	Cpus = 1
	Disk = 3072
	GPUs = 0
	machine_token = 0
	Memory = 6016
...
006 (19532847.000.000) 2026-06-02 15:54:38 Image size of job updated: 123104
	121  -  MemoryUsage of job (MB)
	123104  -  ResidentSetSize of job (KB)
...
006 (19532847.000.000) 2026-06-02 15:59:38 Image size of job updated: 172180
	169  -  MemoryUsage of job (MB)
	172180  -  ResidentSetSize of job (KB)
...
006 (19532847.000.000) 2026-06-02 16:04:39 Image size of job updated: 706728
	691  -  MemoryUsage of job (MB)
	706728  -  ResidentSetSize of job (KB)
...
006 (19532847.000.000) 2026-06-02 16:04:43 Image size of job updated: 707068
	691  -  MemoryUsage of job (MB)
	706728  -  ResidentSetSize of job (KB)
...
005 (19532847.000.000) 2026-06-02 16:04:43 Job terminated.
	(1) Normal termination (return value 0)
		Usr 0 00:09:34, Sys 0 00:00:11  -  Run Remote Usage
		Usr 0 00:00:00, Sys 0 00:00:00  -  Run Local Usage
		Usr 0 00:09:34, Sys 0 00:00:11  -  Total Remote Usage
		Usr 0 00:00:00, Sys 0 00:00:00  -  Total Local Usage
	0  -  Run Bytes Sent By Job
	0  -  Run Bytes Received By Job
	0  -  Total Bytes Sent By Job
	0  -  Total Bytes Received By Job
	Partitionable Resources :    Usage  Request Allocated 
	   admin_mutex_1         :                           0 
	   admin_mutex_2         :                           0 
	   admin_mutex_3         :                           0 
	   Cpus                  :     0.99        1         1 
	   Disk (KB)             :     7        2048      3072 
	   GPUs                  :                           0 
	   machine_token         :                           0 
	   Memory (MB)           :   691        6000      6016 
	   TimeExecute (s)       :   618                       
	   TimeSlotBusy (s)      :   618                       

	Job terminated of its own accord at 2026-06-02T21:04:43Z with exit-code 0.
...
