000 (19532586.000.000) 2026-06-02 15:48:07 Job submitted from host: <10.128.10.103:9618?addrs=10.128.10.103-9618&alias=npx-submitter.icecube.wisc.edu&noUDP&sock=schedd_2449_6386>
    DAG Node: Drootprod_20120228_48687
...
001 (19532586.000.000) 2026-06-02 15:48:15 Job executing on host: <10.128.10.116:38163?addrs=10.128.10.116-38163&alias=n-gibyte-01.icecube.wisc.edu>
	SlotName: slot1_412@n-gibyte-01.icecube.wisc.edu
	admin_mutex_1 = 0
	admin_mutex_2 = 0
	admin_mutex_3 = 0
	CondorScratchDir = "/scratch/condor/dir_2357178"
	Cpus = 1
	Disk = 5480
	GPUs = 0
	machine_token = 0
	Memory = 6016
...
006 (19532586.000.000) 2026-06-02 15:48:24 Image size of job updated: 120384
	118  -  MemoryUsage of job (MB)
	120384  -  ResidentSetSize of job (KB)
...
006 (19532586.000.000) 2026-06-02 15:53:25 Image size of job updated: 142148
	139  -  MemoryUsage of job (MB)
	142148  -  ResidentSetSize of job (KB)
...
006 (19532586.000.000) 2026-06-02 15:58:25 Image size of job updated: 160056
	157  -  MemoryUsage of job (MB)
	160056  -  ResidentSetSize of job (KB)
...
006 (19532586.000.000) 2026-06-02 16:03:26 Image size of job updated: 272680
	267  -  MemoryUsage of job (MB)
	272680  -  ResidentSetSize of job (KB)
...
006 (19532586.000.000) 2026-06-02 16:08:26 Image size of job updated: 291248
	285  -  MemoryUsage of job (MB)
	291248  -  ResidentSetSize of job (KB)
...
006 (19532586.000.000) 2026-06-02 16:13:27 Image size of job updated: 421324
	412  -  MemoryUsage of job (MB)
	421324  -  ResidentSetSize of job (KB)
...
006 (19532586.000.000) 2026-06-02 16:18:28 Image size of job updated: 725456
	709  -  MemoryUsage of job (MB)
	725456  -  ResidentSetSize of job (KB)
...
022 (19532586.000.000) 2026-06-02 16:23:27 Job disconnected, attempting to reconnect
    Socket between submit and execute hosts closed unexpectedly
    Trying to reconnect to slot1_412@n-gibyte-01.icecube.wisc.edu <10.128.10.116:38163?addrs=10.128.10.116-38163&alias=n-gibyte-01.icecube.wisc.edu>
...
024 (19532586.000.000) 2026-06-02 17:03:27 Job reconnection failed
    Job disconnected too long: JobLeaseDuration (2400 seconds) expired
    Can not reconnect to slot1_412@n-gibyte-01.icecube.wisc.edu, rescheduling job
...
004 (19532586.000.000) 2026-06-02 17:03:37 Job was evicted.
	(0) CPU times
		Usr 0 00:29:02, Sys 0 00:00:17  -  Run Remote Usage
		Usr 0 00:00:00, Sys 0 00:00:00  -  Run Local Usage
	0  -  Run Bytes Sent By Job
	0  -  Run Bytes Received By Job
	Job disconnected too long: JobLeaseDuration (2400 seconds) expired
	Partitionable Resources :    Usage  Request Allocated 
	   admin_mutex_1         :                           0 
	   admin_mutex_2         :                           0 
	   admin_mutex_3         :                           0 
	   Cpus                  :     0.98        1         1 
	   Disk (KB)             :    10        2048      5480 
	   GPUs                  :                           0 
	   machine_token         :                           0 
	   Memory (MB)           :   709        6000      6016 
...
001 (19532586.000.000) 2026-06-02 17:05:28 Job executing on host: <10.128.10.206:37305?addrs=10.128.10.206-37305&alias=sm-storage-1.icecube.wisc.edu>
	SlotName: slot1_31@sm-storage-1.icecube.wisc.edu
	admin_mutex_1 = 0
	admin_mutex_2 = 0
	admin_mutex_3 = 0
	CondorScratchDir = "/scratch/condor/dir_3919701"
	Cpus = 1
	Disk = 3072
	GPUs = 0
	machine_token = 0
	Memory = 6016
...
006 (19532586.000.000) 2026-06-02 17:45:46 Image size of job updated: 773016
	755  -  MemoryUsage of job (MB)
	773016  -  ResidentSetSize of job (KB)
...
006 (19532586.000.000) 2026-06-02 17:50:01 Image size of job updated: 800044
	755  -  MemoryUsage of job (MB)
	773016  -  ResidentSetSize of job (KB)
...
005 (19532586.000.000) 2026-06-02 17:50:01 Job terminated.
	(1) Normal termination (return value 0)
		Usr 0 00:43:27, Sys 0 00:00:16  -  Run Remote Usage
		Usr 0 00:00:00, Sys 0 00:00:00  -  Run Local Usage
		Usr 0 01:12:29, Sys 0 00:00:33  -  Total Remote Usage
		Usr 0 00:00:00, Sys 0 00:00:00  -  Total Local Usage
	0  -  Run Bytes Sent By Job
	0  -  Run Bytes Received By Job
	0  -  Total Bytes Sent By Job
	0  -  Total Bytes Received By Job
	Partitionable Resources :    Usage  Request Allocated 
	   admin_mutex_1         :                           0 
	   admin_mutex_2         :                           0 
	   admin_mutex_3         :                           0 
	   Cpus                  :     0.98        1         1 
	   Disk (KB)             :    10        2048      3072 
	   GPUs                  :                           0 
	   machine_token         :                           0 
	   Memory (MB)           :   755        6000      6016 
	   TimeExecute (s)       :  2673                       
	   TimeSlotBusy (s)      :  2673                       

	Job terminated of its own accord at 2026-06-02T22:50:01Z with exit-code 0.
...
