000 (19533145.000.000) 2026-06-02 15:49:44 Job submitted from host: <10.128.10.103:9618?addrs=10.128.10.103-9618&alias=npx-submitter.icecube.wisc.edu&noUDP&sock=schedd_2449_6386>
    DAG Node: Drootprod_20120418_39564
...
001 (19533145.000.000) 2026-06-02 16:05:43 Job executing on host: <10.128.10.117:43719?addrs=10.128.10.117-43719&alias=n-gibyte-02.icecube.wisc.edu>
	SlotName: slot1_483@n-gibyte-02.icecube.wisc.edu
	admin_mutex_1 = 0
	admin_mutex_2 = 0
	admin_mutex_3 = 0
	CondorScratchDir = "/scratch/condor/dir_3360700"
	Cpus = 1
	Disk = 5480
	GPUs = 0
	machine_token = 0
	Memory = 6016
...
006 (19533145.000.000) 2026-06-02 16:05:56 Image size of job updated: 116940
	115  -  MemoryUsage of job (MB)
	116940  -  ResidentSetSize of job (KB)
...
006 (19533145.000.000) 2026-06-02 16:10:56 Image size of job updated: 138216
	135  -  MemoryUsage of job (MB)
	138216  -  ResidentSetSize of job (KB)
...
006 (19533145.000.000) 2026-06-02 16:15:57 Image size of job updated: 156844
	154  -  MemoryUsage of job (MB)
	156844  -  ResidentSetSize of job (KB)
...
006 (19533145.000.000) 2026-06-02 16:20:57 Image size of job updated: 270596
	265  -  MemoryUsage of job (MB)
	270596  -  ResidentSetSize of job (KB)
...
006 (19533145.000.000) 2026-06-02 16:25:58 Image size of job updated: 287568
	281  -  MemoryUsage of job (MB)
	287568  -  ResidentSetSize of job (KB)
...
006 (19533145.000.000) 2026-06-02 16:30:58 Image size of job updated: 415832
	407  -  MemoryUsage of job (MB)
	415832  -  ResidentSetSize of job (KB)
...
006 (19533145.000.000) 2026-06-02 16:35:59 Image size of job updated: 711564
	695  -  MemoryUsage of job (MB)
	711564  -  ResidentSetSize of job (KB)
...
006 (19533145.000.000) 2026-06-02 16:40:59 Image size of job updated: 738916
	722  -  MemoryUsage of job (MB)
	738916  -  ResidentSetSize of job (KB)
...
006 (19533145.000.000) 2026-06-02 16:46:00 Image size of job updated: 760856
	744  -  MemoryUsage of job (MB)
	760856  -  ResidentSetSize of job (KB)
...
006 (19533145.000.000) 2026-06-02 16:51:00 Image size of job updated: 790180
	772  -  MemoryUsage of job (MB)
	790180  -  ResidentSetSize of job (KB)
...
006 (19533145.000.000) 2026-06-02 16:54:13 Image size of job updated: 803556
	772  -  MemoryUsage of job (MB)
	790180  -  ResidentSetSize of job (KB)
...
005 (19533145.000.000) 2026-06-02 16:54:13 Job terminated.
	(1) Normal termination (return value 0)
		Usr 0 00:46:35, Sys 0 00:00:27  -  Run Remote Usage
		Usr 0 00:00:00, Sys 0 00:00:00  -  Run Local Usage
		Usr 0 00:46:35, Sys 0 00:00:27  -  Total Remote Usage
		Usr 0 00:00:00, Sys 0 00:00:00  -  Total Local Usage
	0  -  Run Bytes Sent By Job
	0  -  Run Bytes Received By Job
	0  -  Total Bytes Sent By Job
	0  -  Total Bytes Received By Job
	Partitionable Resources :    Usage  Request Allocated 
	   admin_mutex_1         :                           0 
	   admin_mutex_2         :                           0 
	   admin_mutex_3         :                           0 
	   Cpus                  :     0.98        1         1 
	   Disk (KB)             :    10        2048      5480 
	   GPUs                  :                           0 
	   machine_token         :                           0 
	   Memory (MB)           :   772        6000      6016 
	   TimeExecute (s)       :  2910                       
	   TimeSlotBusy (s)      :  2911                       

	Job terminated of its own accord at 2026-06-02T21:54:13Z with exit-code 0.
...
