000 (19532473.000.000) 2026-06-02 15:47:43 Job submitted from host: <10.128.10.103:9618?addrs=10.128.10.103-9618&alias=npx-submitter.icecube.wisc.edu&noUDP&sock=schedd_2449_6386>
    DAG Node: Drootprod_20120214_10885
...
001 (19532473.000.000) 2026-06-02 15:47:49 Job executing on host: <10.128.10.116:38163?addrs=10.128.10.116-38163&alias=n-gibyte-01.icecube.wisc.edu>
	SlotName: slot1_335@n-gibyte-01.icecube.wisc.edu
	admin_mutex_1 = 0
	admin_mutex_2 = 0
	admin_mutex_3 = 0
	CondorScratchDir = "/scratch/condor/dir_2345510"
	Cpus = 1
	Disk = 5480
	GPUs = 0
	machine_token = 0
	Memory = 6016
...
006 (19532473.000.000) 2026-06-02 15:47:57 Image size of job updated: 119720
	117  -  MemoryUsage of job (MB)
	119720  -  ResidentSetSize of job (KB)
...
006 (19532473.000.000) 2026-06-02 15:52:57 Image size of job updated: 141148
	138  -  MemoryUsage of job (MB)
	141148  -  ResidentSetSize of job (KB)
...
006 (19532473.000.000) 2026-06-02 15:57:58 Image size of job updated: 158864
	156  -  MemoryUsage of job (MB)
	158864  -  ResidentSetSize of job (KB)
...
006 (19532473.000.000) 2026-06-02 16:02:15 Image size of job updated: 173788
	156  -  MemoryUsage of job (MB)
	158864  -  ResidentSetSize of job (KB)
...
005 (19532473.000.000) 2026-06-02 16:02:15 Job terminated.
	(1) Normal termination (return value 0)
		Usr 0 00:13:49, Sys 0 00:00:08  -  Run Remote Usage
		Usr 0 00:00:00, Sys 0 00:00:00  -  Run Local Usage
		Usr 0 00:13:49, Sys 0 00:00:08  -  Total Remote Usage
		Usr 0 00:00:00, Sys 0 00:00:00  -  Total Local Usage
	0  -  Run Bytes Sent By Job
	0  -  Run Bytes Received By Job
	0  -  Total Bytes Sent By Job
	0  -  Total Bytes Received By Job
	Partitionable Resources :    Usage  Request Allocated 
	   admin_mutex_1         :                           0 
	   admin_mutex_2         :                           0 
	   admin_mutex_3         :                           0 
	   Cpus                  :     0.99        1         1 
	   Disk (KB)             :     4        2048      5480 
	   GPUs                  :                           0 
	   machine_token         :                           0 
	   Memory (MB)           :   156        6000      6016 
	   TimeExecute (s)       :   866                       
	   TimeSlotBusy (s)      :   867                       

	Job terminated of its own accord at 2026-06-02T21:02:15Z with exit-code 0.
...
