000 (19532678.000.000) 2026-06-02 15:48:26 Job submitted from host: <10.128.10.103:9618?addrs=10.128.10.103-9618&alias=npx-submitter.icecube.wisc.edu&noUDP&sock=schedd_2449_6386>
    DAG Node: Drootprod_20120307_76319
...
001 (19532678.000.000) 2026-06-02 15:48:38 Job executing on host: <10.128.10.187:34023?addrs=10.128.10.187-34023&alias=n-smepyc-00.icecube.wisc.edu>
	SlotName: slot1_39@n-smepyc-00.icecube.wisc.edu
	admin_mutex_1 = 0
	admin_mutex_2 = 0
	admin_mutex_3 = 0
	CondorScratchDir = "/scratch/condor/dir_1614463"
	Cpus = 1
	Disk = 3072
	GPUs = 0
	machine_token = 0
	Memory = 6016
...
006 (19532678.000.000) 2026-06-02 15:48:51 Image size of job updated: 120624
	118  -  MemoryUsage of job (MB)
	120624  -  ResidentSetSize of job (KB)
...
006 (19532678.000.000) 2026-06-02 15:53:51 Image size of job updated: 159800
	157  -  MemoryUsage of job (MB)
	159800  -  ResidentSetSize of job (KB)
...
006 (19532678.000.000) 2026-06-02 15:58:52 Image size of job updated: 409256
	400  -  MemoryUsage of job (MB)
	409256  -  ResidentSetSize of job (KB)
...
006 (19532678.000.000) 2026-06-02 16:03:52 Image size of job updated: 742952
	726  -  MemoryUsage of job (MB)
	742952  -  ResidentSetSize of job (KB)
...
006 (19532678.000.000) 2026-06-02 16:08:08 Image size of job updated: 802512
	726  -  MemoryUsage of job (MB)
	742952  -  ResidentSetSize of job (KB)
...
005 (19532678.000.000) 2026-06-02 16:08:08 Job terminated.
	(1) Normal termination (return value 0)
		Usr 0 00:18:29, Sys 0 00:00:16  -  Run Remote Usage
		Usr 0 00:00:00, Sys 0 00:00:00  -  Run Local Usage
		Usr 0 00:18:29, Sys 0 00:00:16  -  Total Remote Usage
		Usr 0 00:00:00, Sys 0 00:00:00  -  Total Local Usage
	0  -  Run Bytes Sent By Job
	0  -  Run Bytes Received By Job
	0  -  Total Bytes Sent By Job
	0  -  Total Bytes Received By Job
	Partitionable Resources :    Usage  Request Allocated 
	   admin_mutex_1         :                           0 
	   admin_mutex_2         :                           0 
	   admin_mutex_3         :                           0 
	   Cpus                  :     0.99        1         1 
	   Disk (KB)             :    10        2048      3072 
	   GPUs                  :                           0 
	   machine_token         :                           0 
	   Memory (MB)           :   726        6000      6016 
	   TimeExecute (s)       :  1171                       
	   TimeSlotBusy (s)      :  1171                       

	Job terminated of its own accord at 2026-06-02T21:08:08Z with exit-code 0.
...
