000 (19534457.000.000) 2026-06-02 15:52:26 Job submitted from host: <10.128.10.103:9618?addrs=10.128.10.103-9618&alias=npx-submitter.icecube.wisc.edu&noUDP&sock=schedd_2449_6386>
    DAG Node: Drootprod_20120713_49950
...
001 (19534457.000.000) 2026-06-02 16:34:34 Job executing on host: <10.128.10.117:43719?addrs=10.128.10.117-43719&alias=n-gibyte-02.icecube.wisc.edu>
	SlotName: slot1_176@n-gibyte-02.icecube.wisc.edu
	admin_mutex_1 = 0
	admin_mutex_2 = 0
	admin_mutex_3 = 0
	CondorScratchDir = "/scratch/condor/dir_3472176"
	Cpus = 1
	Disk = 5480
	GPUs = 0
	machine_token = 0
	Memory = 6016
...
006 (19534457.000.000) 2026-06-02 16:34:47 Image size of job updated: 117684
	115  -  MemoryUsage of job (MB)
	117684  -  ResidentSetSize of job (KB)
...
006 (19534457.000.000) 2026-06-02 16:39:47 Image size of job updated: 142396
	140  -  MemoryUsage of job (MB)
	142396  -  ResidentSetSize of job (KB)
...
006 (19534457.000.000) 2026-06-02 16:44:47 Image size of job updated: 160280
	157  -  MemoryUsage of job (MB)
	160280  -  ResidentSetSize of job (KB)
...
006 (19534457.000.000) 2026-06-02 16:49:48 Image size of job updated: 272628
	267  -  MemoryUsage of job (MB)
	272628  -  ResidentSetSize of job (KB)
...
006 (19534457.000.000) 2026-06-02 16:54:48 Image size of job updated: 292500
	286  -  MemoryUsage of job (MB)
	292500  -  ResidentSetSize of job (KB)
...
006 (19534457.000.000) 2026-06-02 16:59:49 Image size of job updated: 424060
	415  -  MemoryUsage of job (MB)
	424060  -  ResidentSetSize of job (KB)
...
006 (19534457.000.000) 2026-06-02 17:04:50 Image size of job updated: 730432
	714  -  MemoryUsage of job (MB)
	730432  -  ResidentSetSize of job (KB)
...
006 (19534457.000.000) 2026-06-02 17:09:50 Image size of job updated: 751404
	734  -  MemoryUsage of job (MB)
	751404  -  ResidentSetSize of job (KB)
...
006 (19534457.000.000) 2026-06-02 17:14:51 Image size of job updated: 780408
	763  -  MemoryUsage of job (MB)
	780408  -  ResidentSetSize of job (KB)
...
006 (19534457.000.000) 2026-06-02 17:19:52 Image size of job updated: 806660
	788  -  MemoryUsage of job (MB)
	806660  -  ResidentSetSize of job (KB)
...
006 (19534457.000.000) 2026-06-02 17:24:52 Image size of job updated: 891008
	871  -  MemoryUsage of job (MB)
	891008  -  ResidentSetSize of job (KB)
...
006 (19534457.000.000) 2026-06-02 17:25:01 Image size of job updated: 930972
	871  -  MemoryUsage of job (MB)
	891008  -  ResidentSetSize of job (KB)
...
005 (19534457.000.000) 2026-06-02 17:25:01 Job terminated.
	(1) Normal termination (return value 0)
		Usr 0 00:48:37, Sys 0 00:00:31  -  Run Remote Usage
		Usr 0 00:00:00, Sys 0 00:00:00  -  Run Local Usage
		Usr 0 00:48:37, Sys 0 00:00:31  -  Total Remote Usage
		Usr 0 00:00:00, Sys 0 00:00:00  -  Total Local Usage
	0  -  Run Bytes Sent By Job
	0  -  Run Bytes Received By Job
	0  -  Total Bytes Sent By Job
	0  -  Total Bytes Received By Job
	Partitionable Resources :    Usage  Request Allocated 
	   admin_mutex_1         :                           0 
	   admin_mutex_2         :                           0 
	   admin_mutex_3         :                           0 
	   Cpus                  :     0.98        1         1 
	   Disk (KB)             :    10        2048      5480 
	   GPUs                  :                           0 
	   machine_token         :                           0 
	   Memory (MB)           :   871        6000      6016 
	   TimeExecute (s)       :  3027                       
	   TimeSlotBusy (s)      :  3028                       

	Job terminated of its own accord at 2026-06-02T22:25:01Z with exit-code 0.
...
