000 (19536830.000.000) 2026-06-02 15:57:17 Job submitted from host: <10.128.10.103:9618?addrs=10.128.10.103-9618&alias=npx-submitter.icecube.wisc.edu&noUDP&sock=schedd_2449_6386>
    DAG Node: Drootprod_20121217_14071
...
001 (19536830.000.000) 2026-06-02 17:27:26 Job executing on host: <10.128.10.192:35633?addrs=10.128.10.192-35633&alias=n-smepyc-05.icecube.wisc.edu>
	SlotName: slot1_50@n-smepyc-05.icecube.wisc.edu
	admin_mutex_1 = 0
	admin_mutex_2 = 0
	admin_mutex_3 = 0
	CondorScratchDir = "/scratch/condor/dir_398009"
	Cpus = 1
	Disk = 3072
	GPUs = 0
	machine_token = 0
	Memory = 6016
...
006 (19536830.000.000) 2026-06-02 17:27:39 Image size of job updated: 123068
	121  -  MemoryUsage of job (MB)
	123068  -  ResidentSetSize of job (KB)
...
006 (19536830.000.000) 2026-06-02 17:32:39 Image size of job updated: 160688
	157  -  MemoryUsage of job (MB)
	160688  -  ResidentSetSize of job (KB)
...
006 (19536830.000.000) 2026-06-02 17:37:39 Image size of job updated: 290364
	284  -  MemoryUsage of job (MB)
	290364  -  ResidentSetSize of job (KB)
...
006 (19536830.000.000) 2026-06-02 17:38:46 Image size of job updated: 409352
	284  -  MemoryUsage of job (MB)
	290364  -  ResidentSetSize of job (KB)
...
005 (19536830.000.000) 2026-06-02 17:38:46 Job terminated.
	(1) Normal termination (return value 0)
		Usr 0 00:10:47, Sys 0 00:00:09  -  Run Remote Usage
		Usr 0 00:00:00, Sys 0 00:00:00  -  Run Local Usage
		Usr 0 00:10:47, Sys 0 00:00:09  -  Total Remote Usage
		Usr 0 00:00:00, Sys 0 00:00:00  -  Total Local Usage
	0  -  Run Bytes Sent By Job
	0  -  Run Bytes Received By Job
	0  -  Total Bytes Sent By Job
	0  -  Total Bytes Received By Job
	Partitionable Resources :    Usage  Request Allocated 
	   admin_mutex_1         :                           0 
	   admin_mutex_2         :                           0 
	   admin_mutex_3         :                           0 
	   Cpus                  :     0.98        1         1 
	   Disk (KB)             :    12        2048      3072 
	   GPUs                  :                           0 
	   machine_token         :                           0 
	   Memory (MB)           :   284        6000      6016 
	   TimeExecute (s)       :   680                       
	   TimeSlotBusy (s)      :   681                       

	Job terminated of its own accord at 2026-06-02T22:38:46Z with exit-code 0.
...
