000 (19532438.000.000) 2026-06-02 15:47:34 Job submitted from host: <10.128.10.103:9618?addrs=10.128.10.103-9618&alias=npx-submitter.icecube.wisc.edu&noUDP&sock=schedd_2449_6386>
    DAG Node: Drootprod_20120210_59143
...
001 (19532438.000.000) 2026-06-02 15:47:40 Job executing on host: <10.128.10.116:38163?addrs=10.128.10.116-38163&alias=n-gibyte-01.icecube.wisc.edu>
	SlotName: slot1_314@n-gibyte-01.icecube.wisc.edu
	admin_mutex_1 = 0
	admin_mutex_2 = 0
	admin_mutex_3 = 0
	CondorScratchDir = "/scratch/condor/dir_2341423"
	Cpus = 1
	Disk = 5480
	GPUs = 0
	machine_token = 0
	Memory = 6016
...
006 (19532438.000.000) 2026-06-02 15:47:49 Image size of job updated: 121956
	120  -  MemoryUsage of job (MB)
	121956  -  ResidentSetSize of job (KB)
...
006 (19532438.000.000) 2026-06-02 15:52:50 Image size of job updated: 145248
	142  -  MemoryUsage of job (MB)
	145248  -  ResidentSetSize of job (KB)
...
006 (19532438.000.000) 2026-06-02 15:57:50 Image size of job updated: 163472
	160  -  MemoryUsage of job (MB)
	163472  -  ResidentSetSize of job (KB)
...
006 (19532438.000.000) 2026-06-02 16:02:51 Image size of job updated: 276484
	271  -  MemoryUsage of job (MB)
	276484  -  ResidentSetSize of job (KB)
...
006 (19532438.000.000) 2026-06-02 16:07:51 Image size of job updated: 406140
	397  -  MemoryUsage of job (MB)
	406140  -  ResidentSetSize of job (KB)
...
006 (19532438.000.000) 2026-06-02 16:12:52 Image size of job updated: 424024
	415  -  MemoryUsage of job (MB)
	424024  -  ResidentSetSize of job (KB)
...
006 (19532438.000.000) 2026-06-02 16:17:52 Image size of job updated: 730240
	714  -  MemoryUsage of job (MB)
	730240  -  ResidentSetSize of job (KB)
...
006 (19532438.000.000) 2026-06-02 16:22:53 Image size of job updated: 754280
	737  -  MemoryUsage of job (MB)
	754280  -  ResidentSetSize of job (KB)
...
022 (19532438.000.000) 2026-06-02 16:23:27 Job disconnected, attempting to reconnect
    Socket between submit and execute hosts closed unexpectedly
    Trying to reconnect to slot1_314@n-gibyte-01.icecube.wisc.edu <10.128.10.116:38163?addrs=10.128.10.116-38163&alias=n-gibyte-01.icecube.wisc.edu>
...
024 (19532438.000.000) 2026-06-02 17:03:27 Job reconnection failed
    Job disconnected too long: JobLeaseDuration (2400 seconds) expired
    Can not reconnect to slot1_314@n-gibyte-01.icecube.wisc.edu, rescheduling job
...
004 (19532438.000.000) 2026-06-02 17:03:37 Job was evicted.
	(0) CPU times
		Usr 0 00:33:43, Sys 0 00:00:20  -  Run Remote Usage
		Usr 0 00:00:00, Sys 0 00:00:00  -  Run Local Usage
	0  -  Run Bytes Sent By Job
	0  -  Run Bytes Received By Job
	Job disconnected too long: JobLeaseDuration (2400 seconds) expired
	Partitionable Resources :    Usage  Request Allocated 
	   admin_mutex_1         :                           0 
	   admin_mutex_2         :                           0 
	   admin_mutex_3         :                           0 
	   Cpus                  :     0.99        1         1 
	   Disk (KB)             :    10        2048      5480 
	   GPUs                  :                           0 
	   machine_token         :                           0 
	   Memory (MB)           :   737        6000      6016 
...
001 (19532438.000.000) 2026-06-02 17:04:03 Job executing on host: <10.128.11.30:45417?addrs=10.128.11.30-45417&alias=n-smbc-11.icecube.wisc.edu>
	SlotName: slot1_19@n-smbc-11.icecube.wisc.edu
	admin_mutex_1 = 0
	admin_mutex_2 = 0
	admin_mutex_3 = 0
	CondorScratchDir = "/scratch/condor/dir_134652"
	Cpus = 1
	Disk = 3072
	GPUs = 0
	machine_token = 0
	Memory = 6016
...
005 (19532438.000.000) 2026-06-02 17:27:57 Job terminated.
	(1) Normal termination (return value 0)
		Usr 0 00:22:50, Sys 0 00:00:15  -  Run Remote Usage
		Usr 0 00:00:00, Sys 0 00:00:00  -  Run Local Usage
		Usr 0 00:56:33, Sys 0 00:00:35  -  Total Remote Usage
		Usr 0 00:00:00, Sys 0 00:00:00  -  Total Local Usage
	0  -  Run Bytes Sent By Job
	0  -  Run Bytes Received By Job
	0  -  Total Bytes Sent By Job
	0  -  Total Bytes Received By Job
	Partitionable Resources :    Usage  Request Allocated 
	   admin_mutex_1         :                           0 
	   admin_mutex_2         :                           0 
	   admin_mutex_3         :                           0 
	   Cpus                  :     1.00        1         1 
	   Disk (KB)             :    10        2048      3072 
	   GPUs                  :                           0 
	   machine_token         :                           0 
	   Memory (MB)           :   977        6000      6016 
	   TimeExecute (s)       :  1434                       
	   TimeSlotBusy (s)      :  1435                       

	Job terminated of its own accord at 2026-06-02T22:27:57Z with exit-code 0.
...
