000 (19535928.000.000) 2026-06-02 15:55:23 Job submitted from host: <10.128.10.103:9618?addrs=10.128.10.103-9618&alias=npx-submitter.icecube.wisc.edu&noUDP&sock=schedd_2449_6386>
    DAG Node: Drootprod_20121015_29853
...
001 (19535928.000.000) 2026-06-02 17:02:52 Job executing on host: <10.128.10.188:45333?addrs=10.128.10.188-45333&alias=n-smepyc-01.icecube.wisc.edu>
	SlotName: slot1_73@n-smepyc-01.icecube.wisc.edu
	admin_mutex_1 = 0
	admin_mutex_2 = 0
	admin_mutex_3 = 0
	CondorScratchDir = "/scratch/condor/dir_4100830"
	Cpus = 1
	Disk = 3072
	GPUs = 0
	machine_token = 0
	Memory = 6016
...
006 (19535928.000.000) 2026-06-02 17:03:05 Image size of job updated: 121980
	120  -  MemoryUsage of job (MB)
	121980  -  ResidentSetSize of job (KB)
...
006 (19535928.000.000) 2026-06-02 17:08:05 Image size of job updated: 171076
	168  -  MemoryUsage of job (MB)
	171076  -  ResidentSetSize of job (KB)
...
006 (19535928.000.000) 2026-06-02 17:13:06 Image size of job updated: 569600
	557  -  MemoryUsage of job (MB)
	569600  -  ResidentSetSize of job (KB)
...
006 (19535928.000.000) 2026-06-02 17:18:06 Image size of job updated: 770744
	753  -  MemoryUsage of job (MB)
	770744  -  ResidentSetSize of job (KB)
...
006 (19535928.000.000) 2026-06-02 17:20:22 Image size of job updated: 874392
	753  -  MemoryUsage of job (MB)
	770744  -  ResidentSetSize of job (KB)
...
005 (19535928.000.000) 2026-06-02 17:20:22 Job terminated.
	(1) Normal termination (return value 0)
		Usr 0 00:16:38, Sys 0 00:00:18  -  Run Remote Usage
		Usr 0 00:00:00, Sys 0 00:00:00  -  Run Local Usage
		Usr 0 00:16:38, Sys 0 00:00:18  -  Total Remote Usage
		Usr 0 00:00:00, Sys 0 00:00:00  -  Total Local Usage
	0  -  Run Bytes Sent By Job
	0  -  Run Bytes Received By Job
	0  -  Total Bytes Sent By Job
	0  -  Total Bytes Received By Job
	Partitionable Resources :    Usage  Request Allocated 
	   admin_mutex_1         :                           0 
	   admin_mutex_2         :                           0 
	   admin_mutex_3         :                           0 
	   Cpus                  :     0.99        1         1 
	   Disk (KB)             :    10        2048      3072 
	   GPUs                  :                           0 
	   machine_token         :                           0 
	   Memory (MB)           :   753        6000      6016 
	   TimeExecute (s)       :  1050                       
	   TimeSlotBusy (s)      :  1050                       

	Job terminated of its own accord at 2026-06-02T22:20:22Z with exit-code 0.
...
