000 (19536480.000.000) 2026-06-02 15:56:33 Job submitted from host: <10.128.10.103:9618?addrs=10.128.10.103-9618&alias=npx-submitter.icecube.wisc.edu&noUDP&sock=schedd_2449_6386>
    DAG Node: Drootprod_20121123_86523
...
001 (19536480.000.000) 2026-06-02 17:21:10 Job executing on host: <10.128.11.115:42327?addrs=10.128.11.115-42327&alias=n-r720-55.icecube.wisc.edu>
	SlotName: slot1_1@n-r720-55.icecube.wisc.edu
	admin_mutex_1 = 0
	admin_mutex_2 = 0
	admin_mutex_3 = 0
	CondorScratchDir = "/scratch/condor/dir_203034"
	Cpus = 1
	Disk = 3072
	GPUs = 0
	machine_token = 0
	Memory = 6016
...
006 (19536480.000.000) 2026-06-02 17:21:23 Image size of job updated: 120068
	118  -  MemoryUsage of job (MB)
	120068  -  ResidentSetSize of job (KB)
...
006 (19536480.000.000) 2026-06-02 17:26:23 Image size of job updated: 144180
	141  -  MemoryUsage of job (MB)
	144180  -  ResidentSetSize of job (KB)
...
006 (19536480.000.000) 2026-06-02 17:31:23 Image size of job updated: 164156
	161  -  MemoryUsage of job (MB)
	164156  -  ResidentSetSize of job (KB)
...
006 (19536480.000.000) 2026-06-02 17:36:24 Image size of job updated: 281840
	276  -  MemoryUsage of job (MB)
	281840  -  ResidentSetSize of job (KB)
...
006 (19536480.000.000) 2026-06-02 17:41:25 Image size of job updated: 413656
	404  -  MemoryUsage of job (MB)
	413656  -  ResidentSetSize of job (KB)
...
006 (19536480.000.000) 2026-06-02 17:46:25 Image size of job updated: 719616
	703  -  MemoryUsage of job (MB)
	719616  -  ResidentSetSize of job (KB)
...
006 (19536480.000.000) 2026-06-02 17:51:26 Image size of job updated: 747612
	731  -  MemoryUsage of job (MB)
	747612  -  ResidentSetSize of job (KB)
...
006 (19536480.000.000) 2026-06-02 17:56:27 Image size of job updated: 777164
	759  -  MemoryUsage of job (MB)
	777164  -  ResidentSetSize of job (KB)
...
006 (19536480.000.000) 2026-06-02 18:01:27 Image size of job updated: 802796
	784  -  MemoryUsage of job (MB)
	802796  -  ResidentSetSize of job (KB)
...
006 (19536480.000.000) 2026-06-02 18:01:51 Image size of job updated: 817068
	784  -  MemoryUsage of job (MB)
	802796  -  ResidentSetSize of job (KB)
...
005 (19536480.000.000) 2026-06-02 18:01:51 Job terminated.
	(1) Normal termination (return value 0)
		Usr 0 00:39:09, Sys 0 00:00:27  -  Run Remote Usage
		Usr 0 00:00:00, Sys 0 00:00:00  -  Run Local Usage
		Usr 0 00:39:09, Sys 0 00:00:27  -  Total Remote Usage
		Usr 0 00:00:00, Sys 0 00:00:00  -  Total Local Usage
	0  -  Run Bytes Sent By Job
	0  -  Run Bytes Received By Job
	0  -  Total Bytes Sent By Job
	0  -  Total Bytes Received By Job
	Partitionable Resources :    Usage  Request Allocated 
	   admin_mutex_1         :                           0 
	   admin_mutex_2         :                           0 
	   admin_mutex_3         :                           0 
	   Cpus                  :     1.00        1         1 
	   Disk (KB)             :    12        2048      3072 
	   GPUs                  :                           0 
	   machine_token         :                           0 
	   Memory (MB)           :   784        6000      6016 
	   TimeExecute (s)       :  2441                       
	   TimeSlotBusy (s)      :  2442                       

	Job terminated of its own accord at 2026-06-02T23:01:51Z with exit-code 0.
...
