000 (19536259.000.000) 2026-06-02 15:56:06 Job submitted from host: <10.128.10.103:9618?addrs=10.128.10.103-9618&alias=npx-submitter.icecube.wisc.edu&noUDP&sock=schedd_2449_6386>
    DAG Node: Drootprod_20121106_59994
...
001 (19536259.000.000) 2026-06-02 17:17:20 Job executing on host: <10.128.10.115:33587?addrs=10.128.10.115-33587&alias=n-gibyte-00.icecube.wisc.edu>
	SlotName: slot1_378@n-gibyte-00.icecube.wisc.edu
	admin_mutex_1 = 0
	admin_mutex_2 = 0
	admin_mutex_3 = 0
	CondorScratchDir = "/scratch/condor/dir_2353040"
	Cpus = 1
	Disk = 5480
	GPUs = 0
	machine_token = 0
	Memory = 6016
...
006 (19536259.000.000) 2026-06-02 17:17:34 Image size of job updated: 119512
	117  -  MemoryUsage of job (MB)
	119512  -  ResidentSetSize of job (KB)
...
006 (19536259.000.000) 2026-06-02 17:22:35 Image size of job updated: 138232
	135  -  MemoryUsage of job (MB)
	138232  -  ResidentSetSize of job (KB)
...
006 (19536259.000.000) 2026-06-02 17:27:35 Image size of job updated: 155512
	152  -  MemoryUsage of job (MB)
	155512  -  ResidentSetSize of job (KB)
...
006 (19536259.000.000) 2026-06-02 17:32:36 Image size of job updated: 173500
	170  -  MemoryUsage of job (MB)
	173500  -  ResidentSetSize of job (KB)
...
006 (19536259.000.000) 2026-06-02 17:37:36 Image size of job updated: 289592
	283  -  MemoryUsage of job (MB)
	289592  -  ResidentSetSize of job (KB)
...
006 (19536259.000.000) 2026-06-02 17:42:37 Image size of job updated: 422836
	413  -  MemoryUsage of job (MB)
	422836  -  ResidentSetSize of job (KB)
...
006 (19536259.000.000) 2026-06-02 17:47:37 Image size of job updated: 729248
	713  -  MemoryUsage of job (MB)
	729248  -  ResidentSetSize of job (KB)
...
006 (19536259.000.000) 2026-06-02 17:52:37 Image size of job updated: 749264
	732  -  MemoryUsage of job (MB)
	749264  -  ResidentSetSize of job (KB)
...
006 (19536259.000.000) 2026-06-02 17:57:38 Image size of job updated: 765924
	748  -  MemoryUsage of job (MB)
	765924  -  ResidentSetSize of job (KB)
...
006 (19536259.000.000) 2026-06-02 18:02:20 Image size of job updated: 801880
	748  -  MemoryUsage of job (MB)
	765924  -  ResidentSetSize of job (KB)
...
005 (19536259.000.000) 2026-06-02 18:02:21 Job terminated.
	(1) Normal termination (return value 0)
		Usr 0 00:43:17, Sys 0 00:00:28  -  Run Remote Usage
		Usr 0 00:00:00, Sys 0 00:00:00  -  Run Local Usage
		Usr 0 00:43:17, Sys 0 00:00:28  -  Total Remote Usage
		Usr 0 00:00:00, Sys 0 00:00:00  -  Total Local Usage
	0  -  Run Bytes Sent By Job
	0  -  Run Bytes Received By Job
	0  -  Total Bytes Sent By Job
	0  -  Total Bytes Received By Job
	Partitionable Resources :    Usage  Request Allocated 
	   admin_mutex_1         :                           0 
	   admin_mutex_2         :                           0 
	   admin_mutex_3         :                           0 
	   Cpus                  :     0.99        1         1 
	   Disk (KB)             :    10        2048      5480 
	   GPUs                  :                           0 
	   machine_token         :                           0 
	   Memory (MB)           :   748        6000      6016 
	   TimeExecute (s)       :  2700                       
	   TimeSlotBusy (s)      :  2700                       

	Job terminated of its own accord at 2026-06-02T23:02:20Z with exit-code 0.
...
