000 (19535338.000.000) 2026-06-02 15:54:07 Job submitted from host: <10.128.10.103:9618?addrs=10.128.10.103-9618&alias=npx-submitter.icecube.wisc.edu&noUDP&sock=schedd_2449_6386>
    DAG Node: Drootprod_20120904_46038
...
001 (19535338.000.000) 2026-06-02 16:51:35 Job executing on host: <10.128.10.115:33587?addrs=10.128.10.115-33587&alias=n-gibyte-00.icecube.wisc.edu>
	SlotName: slot1_427@n-gibyte-00.icecube.wisc.edu
	admin_mutex_1 = 0
	admin_mutex_2 = 0
	admin_mutex_3 = 0
	CondorScratchDir = "/scratch/condor/dir_2250602"
	Cpus = 1
	Disk = 5480
	GPUs = 0
	machine_token = 0
	Memory = 6016
...
006 (19535338.000.000) 2026-06-02 16:51:49 Image size of job updated: 119312
	117  -  MemoryUsage of job (MB)
	119312  -  ResidentSetSize of job (KB)
...
006 (19535338.000.000) 2026-06-02 16:56:50 Image size of job updated: 140820
	138  -  MemoryUsage of job (MB)
	140820  -  ResidentSetSize of job (KB)
...
006 (19535338.000.000) 2026-06-02 17:01:50 Image size of job updated: 158052
	155  -  MemoryUsage of job (MB)
	158052  -  ResidentSetSize of job (KB)
...
006 (19535338.000.000) 2026-06-02 17:06:51 Image size of job updated: 270132
	264  -  MemoryUsage of job (MB)
	270132  -  ResidentSetSize of job (KB)
...
006 (19535338.000.000) 2026-06-02 17:11:51 Image size of job updated: 289148
	283  -  MemoryUsage of job (MB)
	289148  -  ResidentSetSize of job (KB)
...
006 (19535338.000.000) 2026-06-02 17:16:52 Image size of job updated: 418772
	409  -  MemoryUsage of job (MB)
	418772  -  ResidentSetSize of job (KB)
...
006 (19535338.000.000) 2026-06-02 17:21:52 Image size of job updated: 722040
	706  -  MemoryUsage of job (MB)
	722040  -  ResidentSetSize of job (KB)
...
006 (19535338.000.000) 2026-06-02 17:26:53 Image size of job updated: 743496
	727  -  MemoryUsage of job (MB)
	743496  -  ResidentSetSize of job (KB)
...
006 (19535338.000.000) 2026-06-02 17:31:53 Image size of job updated: 762484
	745  -  MemoryUsage of job (MB)
	762484  -  ResidentSetSize of job (KB)
...
006 (19535338.000.000) 2026-06-02 17:36:53 Image size of job updated: 790908
	773  -  MemoryUsage of job (MB)
	790908  -  ResidentSetSize of job (KB)
...
006 (19535338.000.000) 2026-06-02 17:40:06 Image size of job updated: 835384
	773  -  MemoryUsage of job (MB)
	790908  -  ResidentSetSize of job (KB)
...
005 (19535338.000.000) 2026-06-02 17:40:06 Job terminated.
	(1) Normal termination (return value 0)
		Usr 0 00:46:41, Sys 0 00:00:28  -  Run Remote Usage
		Usr 0 00:00:00, Sys 0 00:00:00  -  Run Local Usage
		Usr 0 00:46:41, Sys 0 00:00:28  -  Total Remote Usage
		Usr 0 00:00:00, Sys 0 00:00:00  -  Total Local Usage
	0  -  Run Bytes Sent By Job
	0  -  Run Bytes Received By Job
	0  -  Total Bytes Sent By Job
	0  -  Total Bytes Received By Job
	Partitionable Resources :    Usage  Request Allocated 
	   admin_mutex_1         :                           0 
	   admin_mutex_2         :                           0 
	   admin_mutex_3         :                           0 
	   Cpus                  :     0.97        1         1 
	   Disk (KB)             :    10        2048      5480 
	   GPUs                  :                           0 
	   machine_token         :                           0 
	   Memory (MB)           :   773        6000      6016 
	   TimeExecute (s)       :  2911                       
	   TimeSlotBusy (s)      :  2911                       

	Job terminated of its own accord at 2026-06-02T22:40:06Z with exit-code 0.
...
