000 (19533005.000.000) 2026-06-02 15:49:22 Job submitted from host: <10.128.10.103:9618?addrs=10.128.10.103-9618&alias=npx-submitter.icecube.wisc.edu&noUDP&sock=schedd_2449_6386>
    DAG Node: Drootprod_20120407_82920
...
001 (19533005.000.000) 2026-06-02 15:59:07 Job executing on host: <10.128.10.115:33587?addrs=10.128.10.115-33587&alias=n-gibyte-00.icecube.wisc.edu>
	SlotName: slot1_198@n-gibyte-00.icecube.wisc.edu
	admin_mutex_1 = 0
	admin_mutex_2 = 0
	admin_mutex_3 = 0
	CondorScratchDir = "/scratch/condor/dir_2054406"
	Cpus = 1
	Disk = 5480
	GPUs = 0
	machine_token = 0
	Memory = 6016
...
006 (19533005.000.000) 2026-06-02 15:59:20 Image size of job updated: 119384
	117  -  MemoryUsage of job (MB)
	119384  -  ResidentSetSize of job (KB)
...
006 (19533005.000.000) 2026-06-02 16:04:20 Image size of job updated: 150300
	147  -  MemoryUsage of job (MB)
	150300  -  ResidentSetSize of job (KB)
...
006 (19533005.000.000) 2026-06-02 16:09:21 Image size of job updated: 171296
	168  -  MemoryUsage of job (MB)
	171296  -  ResidentSetSize of job (KB)
...
006 (19533005.000.000) 2026-06-02 16:14:21 Image size of job updated: 289372
	283  -  MemoryUsage of job (MB)
	289372  -  ResidentSetSize of job (KB)
...
006 (19533005.000.000) 2026-06-02 16:19:21 Image size of job updated: 423580
	414  -  MemoryUsage of job (MB)
	423580  -  ResidentSetSize of job (KB)
...
006 (19533005.000.000) 2026-06-02 16:24:22 Image size of job updated: 732692
	716  -  MemoryUsage of job (MB)
	732692  -  ResidentSetSize of job (KB)
...
006 (19533005.000.000) 2026-06-02 16:29:22 Image size of job updated: 760252
	743  -  MemoryUsage of job (MB)
	760252  -  ResidentSetSize of job (KB)
...
006 (19533005.000.000) 2026-06-02 16:33:56 Image size of job updated: 795156
	743  -  MemoryUsage of job (MB)
	760252  -  ResidentSetSize of job (KB)
...
005 (19533005.000.000) 2026-06-02 16:33:56 Job terminated.
	(1) Normal termination (return value 0)
		Usr 0 00:32:58, Sys 0 00:00:24  -  Run Remote Usage
		Usr 0 00:00:00, Sys 0 00:00:00  -  Run Local Usage
		Usr 0 00:32:58, Sys 0 00:00:24  -  Total Remote Usage
		Usr 0 00:00:00, Sys 0 00:00:00  -  Total Local Usage
	0  -  Run Bytes Sent By Job
	0  -  Run Bytes Received By Job
	0  -  Total Bytes Sent By Job
	0  -  Total Bytes Received By Job
	Partitionable Resources :    Usage  Request Allocated 
	   admin_mutex_1         :                           0 
	   admin_mutex_2         :                           0 
	   admin_mutex_3         :                           0 
	   Cpus                  :     0.98        1         1 
	   Disk (KB)             :    10        2048      5480 
	   GPUs                  :                           0 
	   machine_token         :                           0 
	   Memory (MB)           :   743        6000      6016 
	   TimeExecute (s)       :  2089                       
	   TimeSlotBusy (s)      :  2090                       

	Job terminated of its own accord at 2026-06-02T21:33:56Z with exit-code 0.
...
