000 (19532349.000.000) 2026-06-02 15:47:11 Job submitted from host: <10.128.10.103:9618?addrs=10.128.10.103-9618&alias=npx-submitter.icecube.wisc.edu&noUDP&sock=schedd_2449_6386>
    DAG Node: Drootprod_20120128_47519
...
001 (19532349.000.000) 2026-06-02 15:47:18 Job executing on host: <10.128.10.116:38163?addrs=10.128.10.116-38163&alias=n-gibyte-01.icecube.wisc.edu>
	SlotName: slot1_268@n-gibyte-01.icecube.wisc.edu
	admin_mutex_1 = 0
	admin_mutex_2 = 0
	admin_mutex_3 = 0
	CondorScratchDir = "/scratch/condor/dir_2332630"
	Cpus = 1
	Disk = 5480
	GPUs = 0
	machine_token = 0
	Memory = 6016
...
006 (19532349.000.000) 2026-06-02 15:47:26 Image size of job updated: 121932
	120  -  MemoryUsage of job (MB)
	121932  -  ResidentSetSize of job (KB)
...
006 (19532349.000.000) 2026-06-02 15:52:26 Image size of job updated: 146180
	143  -  MemoryUsage of job (MB)
	146180  -  ResidentSetSize of job (KB)
...
006 (19532349.000.000) 2026-06-02 15:57:27 Image size of job updated: 166960
	164  -  MemoryUsage of job (MB)
	166960  -  ResidentSetSize of job (KB)
...
006 (19532349.000.000) 2026-06-02 16:02:27 Image size of job updated: 284096
	278  -  MemoryUsage of job (MB)
	284096  -  ResidentSetSize of job (KB)
...
006 (19532349.000.000) 2026-06-02 16:07:28 Image size of job updated: 413084
	404  -  MemoryUsage of job (MB)
	413084  -  ResidentSetSize of job (KB)
...
006 (19532349.000.000) 2026-06-02 16:12:29 Image size of job updated: 710056
	694  -  MemoryUsage of job (MB)
	710056  -  ResidentSetSize of job (KB)
...
006 (19532349.000.000) 2026-06-02 16:17:29 Image size of job updated: 743160
	726  -  MemoryUsage of job (MB)
	743160  -  ResidentSetSize of job (KB)
...
006 (19532349.000.000) 2026-06-02 16:22:29 Image size of job updated: 761524
	744  -  MemoryUsage of job (MB)
	761524  -  ResidentSetSize of job (KB)
...
022 (19532349.000.000) 2026-06-02 16:23:27 Job disconnected, attempting to reconnect
    Socket between submit and execute hosts closed unexpectedly
    Trying to reconnect to slot1_268@n-gibyte-01.icecube.wisc.edu <10.128.10.116:38163?addrs=10.128.10.116-38163&alias=n-gibyte-01.icecube.wisc.edu>
...
024 (19532349.000.000) 2026-06-02 17:03:27 Job reconnection failed
    Job disconnected too long: JobLeaseDuration (2400 seconds) expired
    Can not reconnect to slot1_268@n-gibyte-01.icecube.wisc.edu, rescheduling job
...
004 (19532349.000.000) 2026-06-02 17:03:37 Job was evicted.
	(0) CPU times
		Usr 0 00:33:49, Sys 0 00:00:20  -  Run Remote Usage
		Usr 0 00:00:00, Sys 0 00:00:00  -  Run Local Usage
	0  -  Run Bytes Sent By Job
	0  -  Run Bytes Received By Job
	Job disconnected too long: JobLeaseDuration (2400 seconds) expired
	Partitionable Resources :    Usage  Request Allocated 
	   admin_mutex_1         :                           0 
	   admin_mutex_2         :                           0 
	   admin_mutex_3         :                           0 
	   Cpus                  :     0.99        1         1 
	   Disk (KB)             :    10        2048      5480 
	   GPUs                  :                           0 
	   machine_token         :                           0 
	   Memory (MB)           :   744        6000      6016 
...
001 (19532349.000.000) 2026-06-02 17:03:44 Job executing on host: <10.128.10.117:43719?addrs=10.128.10.117-43719&alias=n-gibyte-02.icecube.wisc.edu>
	SlotName: slot1_108@n-gibyte-02.icecube.wisc.edu
	admin_mutex_1 = 0
	admin_mutex_2 = 0
	admin_mutex_3 = 0
	CondorScratchDir = "/scratch/condor/dir_3589781"
	Cpus = 1
	Disk = 5480
	GPUs = 0
	machine_token = 0
	Memory = 6016
...
005 (19532349.000.000) 2026-06-02 17:56:06 Job terminated.
	(1) Normal termination (return value 0)
		Usr 0 00:50:29, Sys 0 00:00:27  -  Run Remote Usage
		Usr 0 00:00:00, Sys 0 00:00:00  -  Run Local Usage
		Usr 0 01:24:18, Sys 0 00:00:47  -  Total Remote Usage
		Usr 0 00:00:00, Sys 0 00:00:00  -  Total Local Usage
	0  -  Run Bytes Sent By Job
	0  -  Run Bytes Received By Job
	0  -  Total Bytes Sent By Job
	0  -  Total Bytes Received By Job
	Partitionable Resources :    Usage  Request Allocated 
	   admin_mutex_1         :                           0 
	   admin_mutex_2         :                           0 
	   admin_mutex_3         :                           0 
	   Cpus                  :     0.99        1         1 
	   Disk (KB)             :    10        2048      5480 
	   GPUs                  :                           0 
	   machine_token         :                           0 
	   Memory (MB)           :   977        6000      6016 
	   TimeExecute (s)       :  3142                       
	   TimeSlotBusy (s)      :  3143                       

	Job terminated of its own accord at 2026-06-02T22:56:06Z with exit-code 0.
...
