000 (19534372.000.000) 2026-06-02 15:52:17 Job submitted from host: <10.128.10.103:9618?addrs=10.128.10.103-9618&alias=npx-submitter.icecube.wisc.edu&noUDP&sock=schedd_2449_6386>
    DAG Node: Drootprod_20120709_97495
...
001 (19534372.000.000) 2026-06-02 16:33:03 Job executing on host: <10.128.10.115:33587?addrs=10.128.10.115-33587&alias=n-gibyte-00.icecube.wisc.edu>
	SlotName: slot1_283@n-gibyte-00.icecube.wisc.edu
	admin_mutex_1 = 0
	admin_mutex_2 = 0
	admin_mutex_3 = 0
	CondorScratchDir = "/scratch/condor/dir_2178001"
	Cpus = 1
	Disk = 5480
	GPUs = 0
	machine_token = 0
	Memory = 6016
...
006 (19534372.000.000) 2026-06-02 16:33:17 Image size of job updated: 118248
	116  -  MemoryUsage of job (MB)
	118248  -  ResidentSetSize of job (KB)
...
006 (19534372.000.000) 2026-06-02 16:38:18 Image size of job updated: 142276
	139  -  MemoryUsage of job (MB)
	142276  -  ResidentSetSize of job (KB)
...
006 (19534372.000.000) 2026-06-02 16:43:18 Image size of job updated: 162472
	159  -  MemoryUsage of job (MB)
	162472  -  ResidentSetSize of job (KB)
...
006 (19534372.000.000) 2026-06-02 16:48:19 Image size of job updated: 279296
	273  -  MemoryUsage of job (MB)
	279296  -  ResidentSetSize of job (KB)
...
006 (19534372.000.000) 2026-06-02 16:53:19 Image size of job updated: 410080
	401  -  MemoryUsage of job (MB)
	410080  -  ResidentSetSize of job (KB)
...
006 (19534372.000.000) 2026-06-02 16:58:20 Image size of job updated: 569620
	557  -  MemoryUsage of job (MB)
	569620  -  ResidentSetSize of job (KB)
...
006 (19534372.000.000) 2026-06-02 17:03:20 Image size of job updated: 733044
	716  -  MemoryUsage of job (MB)
	733044  -  ResidentSetSize of job (KB)
...
006 (19534372.000.000) 2026-06-02 17:08:21 Image size of job updated: 759824
	743  -  MemoryUsage of job (MB)
	759824  -  ResidentSetSize of job (KB)
...
006 (19534372.000.000) 2026-06-02 17:13:21 Image size of job updated: 794748
	777  -  MemoryUsage of job (MB)
	794748  -  ResidentSetSize of job (KB)
...
006 (19534372.000.000) 2026-06-02 17:15:40 Image size of job updated: 830140
	777  -  MemoryUsage of job (MB)
	794748  -  ResidentSetSize of job (KB)
...
005 (19534372.000.000) 2026-06-02 17:15:40 Job terminated.
	(1) Normal termination (return value 0)
		Usr 0 00:40:40, Sys 0 00:00:28  -  Run Remote Usage
		Usr 0 00:00:00, Sys 0 00:00:00  -  Run Local Usage
		Usr 0 00:40:40, Sys 0 00:00:28  -  Total Remote Usage
		Usr 0 00:00:00, Sys 0 00:00:00  -  Total Local Usage
	0  -  Run Bytes Sent By Job
	0  -  Run Bytes Received By Job
	0  -  Total Bytes Sent By Job
	0  -  Total Bytes Received By Job
	Partitionable Resources :    Usage  Request Allocated 
	   admin_mutex_1         :                           0 
	   admin_mutex_2         :                           0 
	   admin_mutex_3         :                           0 
	   Cpus                  :     0.98        1         1 
	   Disk (KB)             :    10        2048      5480 
	   GPUs                  :                           0 
	   machine_token         :                           0 
	   Memory (MB)           :   777        6000      6016 
	   TimeExecute (s)       :  2557                       
	   TimeSlotBusy (s)      :  2557                       

	Job terminated of its own accord at 2026-06-02T22:15:40Z with exit-code 0.
...
