000 (19536182.000.000) 2026-06-02 15:55:55 Job submitted from host: <10.128.10.103:9618?addrs=10.128.10.103-9618&alias=npx-submitter.icecube.wisc.edu&noUDP&sock=schedd_2449_6386>
    DAG Node: Drootprod_20121101_54071
...
001 (19536182.000.000) 2026-06-02 17:15:44 Job executing on host: <10.128.10.189:44027?addrs=10.128.10.189-44027&alias=n-smepyc-02.icecube.wisc.edu>
	SlotName: slot1_75@n-smepyc-02.icecube.wisc.edu
	admin_mutex_1 = 0
	admin_mutex_2 = 0
	admin_mutex_3 = 0
	CondorScratchDir = "/scratch/condor/dir_552103"
	Cpus = 1
	Disk = 3072
	GPUs = 0
	machine_token = 0
	Memory = 6016
...
006 (19536182.000.000) 2026-06-02 17:15:58 Image size of job updated: 122948
	121  -  MemoryUsage of job (MB)
	122948  -  ResidentSetSize of job (KB)
...
006 (19536182.000.000) 2026-06-02 17:20:59 Image size of job updated: 163788
	160  -  MemoryUsage of job (MB)
	163788  -  ResidentSetSize of job (KB)
...
006 (19536182.000.000) 2026-06-02 17:26:00 Image size of job updated: 409664
	401  -  MemoryUsage of job (MB)
	409664  -  ResidentSetSize of job (KB)
...
006 (19536182.000.000) 2026-06-02 17:28:18 Image size of job updated: 707360
	401  -  MemoryUsage of job (MB)
	409664  -  ResidentSetSize of job (KB)
...
005 (19536182.000.000) 2026-06-02 17:28:18 Job terminated.
	(1) Normal termination (return value 0)
		Usr 0 00:12:03, Sys 0 00:00:10  -  Run Remote Usage
		Usr 0 00:00:00, Sys 0 00:00:00  -  Run Local Usage
		Usr 0 00:12:03, Sys 0 00:00:10  -  Total Remote Usage
		Usr 0 00:00:00, Sys 0 00:00:00  -  Total Local Usage
	0  -  Run Bytes Sent By Job
	0  -  Run Bytes Received By Job
	0  -  Total Bytes Sent By Job
	0  -  Total Bytes Received By Job
	Partitionable Resources :    Usage  Request Allocated 
	   admin_mutex_1         :                           0 
	   admin_mutex_2         :                           0 
	   admin_mutex_3         :                           0 
	   Cpus                  :     0.99        1         1 
	   Disk (KB)             :     7        2048      3072 
	   GPUs                  :                           0 
	   machine_token         :                           0 
	   Memory (MB)           :   401        6000      6016 
	   TimeExecute (s)       :   754                       
	   TimeSlotBusy (s)      :   754                       

	Job terminated of its own accord at 2026-06-02T22:28:18Z with exit-code 0.
...
