000 (19532202.000.000) 2026-06-02 15:46:24 Job submitted from host: <10.128.10.103:9618?addrs=10.128.10.103-9618&alias=npx-submitter.icecube.wisc.edu&noUDP&sock=schedd_2449_6386>
    DAG Node: Drootprod_20120103_97368
...
001 (19532202.000.000) 2026-06-02 15:46:28 Job executing on host: <10.128.10.53:39595?addrs=10.128.10.53-39595&alias=n-m610-43.icecube.wisc.edu>
	SlotName: slot1_5@n-m610-43.icecube.wisc.edu
	admin_mutex_1 = 0
	admin_mutex_2 = 0
	admin_mutex_3 = 0
	CondorScratchDir = "/scratch/condor/dir_1281867"
	Cpus = 1
	Disk = 3072
	GPUs = 0
	machine_token = 0
	Memory = 6016
...
006 (19532202.000.000) 2026-06-02 15:46:42 Image size of job updated: 95448
	94  -  MemoryUsage of job (MB)
	95448  -  ResidentSetSize of job (KB)
...
006 (19532202.000.000) 2026-06-02 15:51:43 Image size of job updated: 158624
	155  -  MemoryUsage of job (MB)
	158624  -  ResidentSetSize of job (KB)
...
006 (19532202.000.000) 2026-06-02 15:56:44 Image size of job updated: 289428
	283  -  MemoryUsage of job (MB)
	289428  -  ResidentSetSize of job (KB)
...
006 (19532202.000.000) 2026-06-02 16:01:44 Image size of job updated: 721756
	705  -  MemoryUsage of job (MB)
	721756  -  ResidentSetSize of job (KB)
...
006 (19532202.000.000) 2026-06-02 16:06:45 Image size of job updated: 768724
	751  -  MemoryUsage of job (MB)
	768724  -  ResidentSetSize of job (KB)
...
006 (19532202.000.000) 2026-06-02 16:09:29 Image size of job updated: 801000
	751  -  MemoryUsage of job (MB)
	768724  -  ResidentSetSize of job (KB)
...
005 (19532202.000.000) 2026-06-02 16:09:29 Job terminated.
	(1) Normal termination (return value 0)
		Usr 0 00:21:33, Sys 0 00:00:18  -  Run Remote Usage
		Usr 0 00:00:00, Sys 0 00:00:00  -  Run Local Usage
		Usr 0 00:21:33, Sys 0 00:00:18  -  Total Remote Usage
		Usr 0 00:00:00, Sys 0 00:00:00  -  Total Local Usage
	0  -  Run Bytes Sent By Job
	0  -  Run Bytes Received By Job
	0  -  Total Bytes Sent By Job
	0  -  Total Bytes Received By Job
	Partitionable Resources :    Usage  Request Allocated 
	   admin_mutex_1         :                           0 
	   admin_mutex_2         :                           0 
	   admin_mutex_3         :                           0 
	   Cpus                  :     0.99        1         1 
	   Disk (KB)             :    10        2048      3072 
	   GPUs                  :                           0 
	   machine_token         :                           0 
	   Memory (MB)           :   751        6000      6016 
	   TimeExecute (s)       :  1381                       
	   TimeSlotBusy (s)      :  1381                       

	Job terminated of its own accord at 2026-06-02T21:09:29Z with exit-code 0.
...
