000 (19534597.000.000) 2026-06-02 15:52:42 Job submitted from host: <10.128.10.103:9618?addrs=10.128.10.103-9618&alias=npx-submitter.icecube.wisc.edu&noUDP&sock=schedd_2449_6386>
    DAG Node: Drootprod_20120723_50390
...
001 (19534597.000.000) 2026-06-02 16:37:40 Job executing on host: <10.128.10.115:33587?addrs=10.128.10.115-33587&alias=n-gibyte-00.icecube.wisc.edu>
	SlotName: slot1_82@n-gibyte-00.icecube.wisc.edu
	admin_mutex_1 = 0
	admin_mutex_2 = 0
	admin_mutex_3 = 0
	CondorScratchDir = "/scratch/condor/dir_2194774"
	Cpus = 1
	Disk = 5480
	GPUs = 0
	machine_token = 0
	Memory = 6016
...
006 (19534597.000.000) 2026-06-02 16:37:54 Image size of job updated: 120560
	118  -  MemoryUsage of job (MB)
	120560  -  ResidentSetSize of job (KB)
...
006 (19534597.000.000) 2026-06-02 16:42:55 Image size of job updated: 142152
	139  -  MemoryUsage of job (MB)
	142152  -  ResidentSetSize of job (KB)
...
006 (19534597.000.000) 2026-06-02 16:47:56 Image size of job updated: 160496
	157  -  MemoryUsage of job (MB)
	160496  -  ResidentSetSize of job (KB)
...
006 (19534597.000.000) 2026-06-02 16:52:56 Image size of job updated: 274116
	268  -  MemoryUsage of job (MB)
	274116  -  ResidentSetSize of job (KB)
...
006 (19534597.000.000) 2026-06-02 16:57:57 Image size of job updated: 406988
	398  -  MemoryUsage of job (MB)
	406988  -  ResidentSetSize of job (KB)
...
006 (19534597.000.000) 2026-06-02 17:02:57 Image size of job updated: 423956
	415  -  MemoryUsage of job (MB)
	423956  -  ResidentSetSize of job (KB)
...
006 (19534597.000.000) 2026-06-02 17:07:58 Image size of job updated: 730892
	714  -  MemoryUsage of job (MB)
	730892  -  ResidentSetSize of job (KB)
...
006 (19534597.000.000) 2026-06-02 17:12:58 Image size of job updated: 757668
	740  -  MemoryUsage of job (MB)
	757668  -  ResidentSetSize of job (KB)
...
006 (19534597.000.000) 2026-06-02 17:17:59 Image size of job updated: 777892
	760  -  MemoryUsage of job (MB)
	777892  -  ResidentSetSize of job (KB)
...
006 (19534597.000.000) 2026-06-02 17:22:11 Image size of job updated: 828472
	760  -  MemoryUsage of job (MB)
	777892  -  ResidentSetSize of job (KB)
...
005 (19534597.000.000) 2026-06-02 17:22:11 Job terminated.
	(1) Normal termination (return value 0)
		Usr 0 00:42:30, Sys 0 00:00:28  -  Run Remote Usage
		Usr 0 00:00:00, Sys 0 00:00:00  -  Run Local Usage
		Usr 0 00:42:30, Sys 0 00:00:28  -  Total Remote Usage
		Usr 0 00:00:00, Sys 0 00:00:00  -  Total Local Usage
	0  -  Run Bytes Sent By Job
	0  -  Run Bytes Received By Job
	0  -  Total Bytes Sent By Job
	0  -  Total Bytes Received By Job
	Partitionable Resources :    Usage  Request Allocated 
	   admin_mutex_1         :                           0 
	   admin_mutex_2         :                           0 
	   admin_mutex_3         :                           0 
	   Cpus                  :     0.98        1         1 
	   Disk (KB)             :    10        2048      5480 
	   GPUs                  :                           0 
	   machine_token         :                           0 
	   Memory (MB)           :   760        6000      6016 
	   TimeExecute (s)       :  2671                       
	   TimeSlotBusy (s)      :  2671                       

	Job terminated of its own accord at 2026-06-02T22:22:11Z with exit-code 0.
...
