000 (19533359.000.000) 2026-06-02 15:50:14 Job submitted from host: <10.128.10.103:9618?addrs=10.128.10.103-9618&alias=npx-submitter.icecube.wisc.edu&noUDP&sock=schedd_2449_6386>
    DAG Node: Drootprod_20120503_49686
...
001 (19533359.000.000) 2026-06-02 16:12:53 Job executing on host: <10.128.10.116:38163?addrs=10.128.10.116-38163&alias=n-gibyte-01.icecube.wisc.edu>
	SlotName: slot1_277@n-gibyte-01.icecube.wisc.edu
	admin_mutex_1 = 0
	admin_mutex_2 = 0
	admin_mutex_3 = 0
	CondorScratchDir = "/scratch/condor/dir_2465837"
	Cpus = 1
	Disk = 5480
	GPUs = 0
	machine_token = 0
	Memory = 6016
...
006 (19533359.000.000) 2026-06-02 16:13:07 Image size of job updated: 119828
	118  -  MemoryUsage of job (MB)
	119828  -  ResidentSetSize of job (KB)
...
006 (19533359.000.000) 2026-06-02 16:18:08 Image size of job updated: 143300
	140  -  MemoryUsage of job (MB)
	143300  -  ResidentSetSize of job (KB)
...
006 (19533359.000.000) 2026-06-02 16:23:08 Image size of job updated: 163376
	160  -  MemoryUsage of job (MB)
	163376  -  ResidentSetSize of job (KB)
...
022 (19533359.000.000) 2026-06-02 16:23:27 Job disconnected, attempting to reconnect
    Socket between submit and execute hosts closed unexpectedly
    Trying to reconnect to slot1_277@n-gibyte-01.icecube.wisc.edu <10.128.10.116:38163?addrs=10.128.10.116-38163&alias=n-gibyte-01.icecube.wisc.edu>
...
024 (19533359.000.000) 2026-06-02 17:03:27 Job reconnection failed
    Job disconnected too long: JobLeaseDuration (2400 seconds) expired
    Can not reconnect to slot1_277@n-gibyte-01.icecube.wisc.edu, rescheduling job
...
004 (19533359.000.000) 2026-06-02 17:03:37 Job was evicted.
	(0) CPU times
		Usr 0 00:09:41, Sys 0 00:00:06  -  Run Remote Usage
		Usr 0 00:00:00, Sys 0 00:00:00  -  Run Local Usage
	0  -  Run Bytes Sent By Job
	0  -  Run Bytes Received By Job
	Job disconnected too long: JobLeaseDuration (2400 seconds) expired
	Partitionable Resources :    Usage  Request Allocated 
	   admin_mutex_1         :                           0 
	   admin_mutex_2         :                           0 
	   admin_mutex_3         :                           0 
	   Cpus                  :     0.99        1         1 
	   Disk (KB)             :    10        2048      5480 
	   GPUs                  :                           0 
	   machine_token         :                           0 
	   Memory (MB)           :   160        6000      6016 
...
001 (19533359.000.000) 2026-06-02 17:08:19 Job executing on host: <10.128.10.188:45333?addrs=10.128.10.188-45333&alias=n-smepyc-01.icecube.wisc.edu>
	SlotName: slot1_8@n-smepyc-01.icecube.wisc.edu
	admin_mutex_1 = 0
	admin_mutex_2 = 0
	admin_mutex_3 = 0
	CondorScratchDir = "/scratch/condor/dir_4120629"
	Cpus = 1
	Disk = 3072
	GPUs = 0
	machine_token = 0
	Memory = 6016
...
006 (19533359.000.000) 2026-06-02 17:18:34 Image size of job updated: 415396
	406  -  MemoryUsage of job (MB)
	415396  -  ResidentSetSize of job (KB)
...
006 (19533359.000.000) 2026-06-02 17:23:34 Image size of job updated: 760264
	743  -  MemoryUsage of job (MB)
	760264  -  ResidentSetSize of job (KB)
...
006 (19533359.000.000) 2026-06-02 17:26:36 Image size of job updated: 898836
	743  -  MemoryUsage of job (MB)
	760264  -  ResidentSetSize of job (KB)
...
005 (19533359.000.000) 2026-06-02 17:26:36 Job terminated.
	(1) Normal termination (return value 0)
		Usr 0 00:17:28, Sys 0 00:00:17  -  Run Remote Usage
		Usr 0 00:00:00, Sys 0 00:00:00  -  Run Local Usage
		Usr 0 00:27:09, Sys 0 00:00:23  -  Total Remote Usage
		Usr 0 00:00:00, Sys 0 00:00:00  -  Total Local Usage
	0  -  Run Bytes Sent By Job
	0  -  Run Bytes Received By Job
	0  -  Total Bytes Sent By Job
	0  -  Total Bytes Received By Job
	Partitionable Resources :    Usage  Request Allocated 
	   admin_mutex_1         :                           0 
	   admin_mutex_2         :                           0 
	   admin_mutex_3         :                           0 
	   Cpus                  :     0.96        1         1 
	   Disk (KB)             :    10        2048      3072 
	   GPUs                  :                           0 
	   machine_token         :                           0 
	   Memory (MB)           :   743        6000      6016 
	   TimeExecute (s)       :  1097                       
	   TimeSlotBusy (s)      :  1097                       

	Job terminated of its own accord at 2026-06-02T22:26:36Z with exit-code 0.
...
