000 (19533161.000.000) 2026-06-02 15:49:46 Job submitted from host: <10.128.10.103:9618?addrs=10.128.10.103-9618&alias=npx-submitter.icecube.wisc.edu&noUDP&sock=schedd_2449_6386>
    DAG Node: Drootprod_20120420_89735
...
001 (19533161.000.000) 2026-06-02 16:06:20 Job executing on host: <10.128.10.115:33587?addrs=10.128.10.115-33587&alias=n-gibyte-00.icecube.wisc.edu>
	SlotName: slot1_155@n-gibyte-00.icecube.wisc.edu
	admin_mutex_1 = 0
	admin_mutex_2 = 0
	admin_mutex_3 = 0
	CondorScratchDir = "/scratch/condor/dir_2079061"
	Cpus = 1
	Disk = 5480
	GPUs = 0
	machine_token = 0
	Memory = 6016
...
006 (19533161.000.000) 2026-06-02 16:06:34 Image size of job updated: 120036
	118  -  MemoryUsage of job (MB)
	120036  -  ResidentSetSize of job (KB)
...
006 (19533161.000.000) 2026-06-02 16:11:35 Image size of job updated: 150400
	147  -  MemoryUsage of job (MB)
	150400  -  ResidentSetSize of job (KB)
...
006 (19533161.000.000) 2026-06-02 16:16:35 Image size of job updated: 171928
	168  -  MemoryUsage of job (MB)
	171928  -  ResidentSetSize of job (KB)
...
006 (19533161.000.000) 2026-06-02 16:21:36 Image size of job updated: 288712
	282  -  MemoryUsage of job (MB)
	288712  -  ResidentSetSize of job (KB)
...
006 (19533161.000.000) 2026-06-02 16:26:36 Image size of job updated: 424920
	415  -  MemoryUsage of job (MB)
	424920  -  ResidentSetSize of job (KB)
...
006 (19533161.000.000) 2026-06-02 16:31:36 Image size of job updated: 733448
	717  -  MemoryUsage of job (MB)
	733448  -  ResidentSetSize of job (KB)
...
006 (19533161.000.000) 2026-06-02 16:36:37 Image size of job updated: 759212
	742  -  MemoryUsage of job (MB)
	759212  -  ResidentSetSize of job (KB)
...
006 (19533161.000.000) 2026-06-02 16:41:21 Image size of job updated: 815960
	742  -  MemoryUsage of job (MB)
	759212  -  ResidentSetSize of job (KB)
...
005 (19533161.000.000) 2026-06-02 16:41:21 Job terminated.
	(1) Normal termination (return value 0)
		Usr 0 00:33:07, Sys 0 00:00:24  -  Run Remote Usage
		Usr 0 00:00:00, Sys 0 00:00:00  -  Run Local Usage
		Usr 0 00:33:07, Sys 0 00:00:24  -  Total Remote Usage
		Usr 0 00:00:00, Sys 0 00:00:00  -  Total Local Usage
	0  -  Run Bytes Sent By Job
	0  -  Run Bytes Received By Job
	0  -  Total Bytes Sent By Job
	0  -  Total Bytes Received By Job
	Partitionable Resources :    Usage  Request Allocated 
	   admin_mutex_1         :                           0 
	   admin_mutex_2         :                           0 
	   admin_mutex_3         :                           0 
	   Cpus                  :     0.98        1         1 
	   Disk (KB)             :    10        2048      5480 
	   GPUs                  :                           0 
	   machine_token         :                           0 
	   Memory (MB)           :   742        6000      6016 
	   TimeExecute (s)       :  2101                       
	   TimeSlotBusy (s)      :  2102                       

	Job terminated of its own accord at 2026-06-02T21:41:21Z with exit-code 0.
...
