000 (19533897.000.000) 2026-06-02 15:51:22 Job submitted from host: <10.128.10.103:9618?addrs=10.128.10.103-9618&alias=npx-submitter.icecube.wisc.edu&noUDP&sock=schedd_2449_6386>
    DAG Node: Drootprod_20120609_37631
...
001 (19533897.000.000) 2026-06-02 16:22:25 Job executing on host: <10.128.10.189:44027?addrs=10.128.10.189-44027&alias=n-smepyc-02.icecube.wisc.edu>
	SlotName: slot1_4@n-smepyc-02.icecube.wisc.edu
	admin_mutex_1 = 0
	admin_mutex_2 = 0
	admin_mutex_3 = 0
	CondorScratchDir = "/scratch/condor/dir_347270"
	Cpus = 1
	Disk = 3072
	GPUs = 0
	machine_token = 0
	Memory = 6016
...
006 (19533897.000.000) 2026-06-02 16:22:38 Image size of job updated: 122832
	120  -  MemoryUsage of job (MB)
	122832  -  ResidentSetSize of job (KB)
...
006 (19533897.000.000) 2026-06-02 16:27:38 Image size of job updated: 169220
	166  -  MemoryUsage of job (MB)
	169220  -  ResidentSetSize of job (KB)
...
006 (19533897.000.000) 2026-06-02 16:32:39 Image size of job updated: 424572
	415  -  MemoryUsage of job (MB)
	424572  -  ResidentSetSize of job (KB)
...
006 (19533897.000.000) 2026-06-02 16:33:53 Image size of job updated: 721796
	415  -  MemoryUsage of job (MB)
	424572  -  ResidentSetSize of job (KB)
...
005 (19533897.000.000) 2026-06-02 16:33:53 Job terminated.
	(1) Normal termination (return value 0)
		Usr 0 00:10:42, Sys 0 00:00:11  -  Run Remote Usage
		Usr 0 00:00:00, Sys 0 00:00:00  -  Run Local Usage
		Usr 0 00:10:42, Sys 0 00:00:11  -  Total Remote Usage
		Usr 0 00:00:00, Sys 0 00:00:00  -  Total Local Usage
	0  -  Run Bytes Sent By Job
	0  -  Run Bytes Received By Job
	0  -  Total Bytes Sent By Job
	0  -  Total Bytes Received By Job
	Partitionable Resources :    Usage  Request Allocated 
	   admin_mutex_1         :                           0 
	   admin_mutex_2         :                           0 
	   admin_mutex_3         :                           0 
	   Cpus                  :     0.94        1         1 
	   Disk (KB)             :     7        2048      3072 
	   GPUs                  :                           0 
	   machine_token         :                           0 
	   Memory (MB)           :   415        6000      6016 
	   TimeExecute (s)       :   688                       
	   TimeSlotBusy (s)      :   688                       

	Job terminated of its own accord at 2026-06-02T21:33:53Z with exit-code 0.
...
