000 (19534803.000.000) 2026-06-02 15:53:04 Job submitted from host: <10.128.10.103:9618?addrs=10.128.10.103-9618&alias=npx-submitter.icecube.wisc.edu&noUDP&sock=schedd_2449_6386>
    DAG Node: Drootprod_20120804_46905
...
001 (19534803.000.000) 2026-06-02 16:41:03 Job executing on host: <10.128.10.187:34023?addrs=10.128.10.187-34023&alias=n-smepyc-00.icecube.wisc.edu>
	SlotName: slot1_75@n-smepyc-00.icecube.wisc.edu
	admin_mutex_1 = 0
	admin_mutex_2 = 0
	admin_mutex_3 = 0
	CondorScratchDir = "/scratch/condor/dir_1816244"
	Cpus = 1
	Disk = 3072
	GPUs = 0
	machine_token = 0
	Memory = 6016
...
006 (19534803.000.000) 2026-06-02 16:41:17 Image size of job updated: 121912
	120  -  MemoryUsage of job (MB)
	121912  -  ResidentSetSize of job (KB)
...
006 (19534803.000.000) 2026-06-02 16:46:18 Image size of job updated: 157244
	154  -  MemoryUsage of job (MB)
	157244  -  ResidentSetSize of job (KB)
...
006 (19534803.000.000) 2026-06-02 16:51:18 Image size of job updated: 293520
	287  -  MemoryUsage of job (MB)
	293520  -  ResidentSetSize of job (KB)
...
006 (19534803.000.000) 2026-06-02 16:56:18 Image size of job updated: 738124
	721  -  MemoryUsage of job (MB)
	738124  -  ResidentSetSize of job (KB)
...
006 (19534803.000.000) 2026-06-02 17:01:19 Image size of job updated: 798924
	781  -  MemoryUsage of job (MB)
	798924  -  ResidentSetSize of job (KB)
...
006 (19534803.000.000) 2026-06-02 17:03:55 Image size of job updated: 920928
	781  -  MemoryUsage of job (MB)
	798924  -  ResidentSetSize of job (KB)
...
005 (19534803.000.000) 2026-06-02 17:03:55 Job terminated.
	(1) Normal termination (return value 0)
		Usr 0 00:21:58, Sys 0 00:00:19  -  Run Remote Usage
		Usr 0 00:00:00, Sys 0 00:00:00  -  Run Local Usage
		Usr 0 00:21:58, Sys 0 00:00:19  -  Total Remote Usage
		Usr 0 00:00:00, Sys 0 00:00:00  -  Total Local Usage
	0  -  Run Bytes Sent By Job
	0  -  Run Bytes Received By Job
	0  -  Total Bytes Sent By Job
	0  -  Total Bytes Received By Job
	Partitionable Resources :    Usage  Request Allocated 
	   admin_mutex_1         :                           0 
	   admin_mutex_2         :                           0 
	   admin_mutex_3         :                           0 
	   Cpus                  :     0.99        1         1 
	   Disk (KB)             :    10        2048      3072 
	   GPUs                  :                           0 
	   machine_token         :                           0 
	   Memory (MB)           :   781        6000      6016 
	   TimeExecute (s)       :  1372                       
	   TimeSlotBusy (s)      :  1372                       

	Job terminated of its own accord at 2026-06-02T22:03:55Z with exit-code 0.
...
