000 (19532198.000.000) 2026-06-02 15:46:23 Job submitted from host: <10.128.10.103:9618?addrs=10.128.10.103-9618&alias=npx-submitter.icecube.wisc.edu&noUDP&sock=schedd_2449_6386>
    DAG Node: Drootprod_20120102_23792
...
001 (19532198.000.000) 2026-06-02 15:46:28 Job executing on host: <10.128.10.47:33717?addrs=10.128.10.47-33717&alias=n-m610-37.icecube.wisc.edu>
	SlotName: slot1_5@n-m610-37.icecube.wisc.edu
	admin_mutex_1 = 0
	admin_mutex_2 = 0
	admin_mutex_3 = 0
	CondorScratchDir = "/scratch/condor/dir_1738224"
	Cpus = 1
	Disk = 3072
	GPUs = 0
	machine_token = 0
	Memory = 6016
...
006 (19532198.000.000) 2026-06-02 15:46:42 Image size of job updated: 86448
	85  -  MemoryUsage of job (MB)
	86448  -  ResidentSetSize of job (KB)
...
006 (19532198.000.000) 2026-06-02 15:51:43 Image size of job updated: 152940
	150  -  MemoryUsage of job (MB)
	152940  -  ResidentSetSize of job (KB)
...
006 (19532198.000.000) 2026-06-02 15:56:44 Image size of job updated: 276164
	270  -  MemoryUsage of job (MB)
	276164  -  ResidentSetSize of job (KB)
...
006 (19532198.000.000) 2026-06-02 16:01:44 Image size of job updated: 417448
	408  -  MemoryUsage of job (MB)
	417448  -  ResidentSetSize of job (KB)
...
006 (19532198.000.000) 2026-06-02 16:06:44 Image size of job updated: 734344
	718  -  MemoryUsage of job (MB)
	734344  -  ResidentSetSize of job (KB)
...
006 (19532198.000.000) 2026-06-02 16:10:20 Image size of job updated: 792896
	718  -  MemoryUsage of job (MB)
	734344  -  ResidentSetSize of job (KB)
...
005 (19532198.000.000) 2026-06-02 16:10:20 Job terminated.
	(1) Normal termination (return value 0)
		Usr 0 00:22:29, Sys 0 00:00:17  -  Run Remote Usage
		Usr 0 00:00:00, Sys 0 00:00:00  -  Run Local Usage
		Usr 0 00:22:29, Sys 0 00:00:17  -  Total Remote Usage
		Usr 0 00:00:00, Sys 0 00:00:00  -  Total Local Usage
	0  -  Run Bytes Sent By Job
	0  -  Run Bytes Received By Job
	0  -  Total Bytes Sent By Job
	0  -  Total Bytes Received By Job
	Partitionable Resources :    Usage  Request Allocated 
	   admin_mutex_1         :                           0 
	   admin_mutex_2         :                           0 
	   admin_mutex_3         :                           0 
	   Cpus                  :     0.97        1         1 
	   Disk (KB)             :    10        2048      3072 
	   GPUs                  :                           0 
	   machine_token         :                           0 
	   Memory (MB)           :   718        6000      6016 
	   TimeExecute (s)       :  1432                       
	   TimeSlotBusy (s)      :  1432                       

	Job terminated of its own accord at 2026-06-02T21:10:20Z with exit-code 0.
...
