000 (19534257.000.000) 2026-06-02 15:52:05 Job submitted from host: <10.128.10.103:9618?addrs=10.128.10.103-9618&alias=npx-submitter.icecube.wisc.edu&noUDP&sock=schedd_2449_6386>
    DAG Node: Drootprod_20120702_87908
...
001 (19534257.000.000) 2026-06-02 16:30:29 Job executing on host: <10.128.10.238:43797?addrs=10.128.10.238-43797&alias=n-gpu-42.icecube.wisc.edu>
	SlotName: slot1_38@n-gpu-42.icecube.wisc.edu
	admin_mutex_1 = 0
	admin_mutex_2 = 0
	admin_mutex_3 = 0
	AvailableGPUs = {  }
	CondorScratchDir = "/scratch/condor/dir_2068845"
	Cpus = 1
	Disk = 3072
	GPUs = 0
	machine_token = 0
	Memory = 6016
...
006 (19534257.000.000) 2026-06-02 16:30:42 Image size of job updated: 120240
	118  -  MemoryUsage of job (MB)
	120240  -  ResidentSetSize of job (KB)
...
006 (19534257.000.000) 2026-06-02 16:35:42 Image size of job updated: 149960
	147  -  MemoryUsage of job (MB)
	149960  -  ResidentSetSize of job (KB)
...
006 (19534257.000.000) 2026-06-02 16:40:43 Image size of job updated: 272088
	266  -  MemoryUsage of job (MB)
	272088  -  ResidentSetSize of job (KB)
...
006 (19534257.000.000) 2026-06-02 16:45:44 Image size of job updated: 412660
	403  -  MemoryUsage of job (MB)
	412660  -  ResidentSetSize of job (KB)
...
006 (19534257.000.000) 2026-06-02 16:50:44 Image size of job updated: 727704
	711  -  MemoryUsage of job (MB)
	727704  -  ResidentSetSize of job (KB)
...
006 (19534257.000.000) 2026-06-02 16:55:45 Image size of job updated: 762576
	745  -  MemoryUsage of job (MB)
	762576  -  ResidentSetSize of job (KB)
...
006 (19534257.000.000) 2026-06-02 16:58:42 Image size of job updated: 810556
	745  -  MemoryUsage of job (MB)
	762576  -  ResidentSetSize of job (KB)
...
005 (19534257.000.000) 2026-06-02 16:58:42 Job terminated.
	(1) Normal termination (return value 0)
		Usr 0 00:26:36, Sys 0 00:00:24  -  Run Remote Usage
		Usr 0 00:00:00, Sys 0 00:00:00  -  Run Local Usage
		Usr 0 00:26:36, Sys 0 00:00:24  -  Total Remote Usage
		Usr 0 00:00:00, Sys 0 00:00:00  -  Total Local Usage
	0  -  Run Bytes Sent By Job
	0  -  Run Bytes Received By Job
	0  -  Total Bytes Sent By Job
	0  -  Total Bytes Received By Job
	Partitionable Resources :    Usage  Request Allocated 
	   admin_mutex_1         :                           0 
	   admin_mutex_2         :                           0 
	   admin_mutex_3         :                           0 
	   Cpus                  :     0.98        1         1 
	   Disk (KB)             :    10        2048      3072 
	   GPUs                  :                           0 
	   machine_token         :                           0 
	   Memory (MB)           :   745        6000      6016 
	   TimeExecute (s)       :  1693                       
	   TimeSlotBusy (s)      :  1694                       

	Job terminated of its own accord at 2026-06-02T21:58:42Z with exit-code 0.
...
